c This is CryptoMiniSat 2.7.1
c WARNING: for repeatability, setting FPU to use double precision
c Reading file 'p04.cnf'
c -- header says num vars:          69971
c -- header says num clauses:      207892
c -- clauses added:            0 learnts,       207892 normals,            0 xors
c -- vars added      69971
c Parsing time:  0.08 s
c Ouptutting solution to console
c asymm  cl-useful: 26/18158/19710 lits-rem:26 time: 0.79
c Time to fill non-learnt binary watchlists: 0.01 s
c subs with bin:        0  lits-rem:         0  v-fix:    0  time:  0.01 s
c Subs w/ non-existent bins:      2 l-rem:      0 v-fix:    50 done:  34072 time:  0.88 s
c lits-rem:         0  cl-subs:    25373  v-elim:  21200  v-fix:    0  time:  0.11 s
c Finding binary XORs:         0.01 s (found:      10, avg size: 2.0)
c Replacing       10 vars Replaced      166 lits Time:     0.00 s 
c Finding non-binary XORs:     0.00 s (found:       0, avg size: -nan)
c watched sorting time: 0.00
c Calc default polars -  time:   0.00 s pos:    2908 undec:   62258 neg:    4805
c =========================================================================================
c types(t): F = full restart, N = normal restart
c types(t): S = simplification begin/end, E = solution found
c restart types(rt): st = static, dy = dynamic
c  t rt  Rest     Confl      Vars   NormCls    BinCls   Learnts    ClLits    LtLits
c  B st     0         0     12850     18024     42294         0    146484         0  no matrixes
c Finding binary XORs:         0.00 s (found:       0, avg size: -nan)
c  N dy    10      4261     12850     18024     42362      4144    146484    272074  no matrixes
c  N dy    18      8658     12850     18024     42436      8408    146484    493831  no matrixes
c  N dy    31     12967     12850     18024     42508     12606    146484    710912  no matrixes
c  N dy    47     17103     12850     18024     42557     16653    146484    928260  no matrixes
c  N dy    63     21398     12850     18024     42641     11080    146484    247152  no matrixes
c  F st    82     25000     12850     18024     42669     14634    146484    453761  no matrixes
c  N st    84     25627     12850     18024     42678     15249    146484    487896  no matrixes
c  N dy    88     30196     12850     18024     42727     19735    146484    785211  no matrixes
c  S st    88     30196     12850     18024     42727     19735    146484    785211  no matrixes
c  S st    88     30696     12850     18024     42776     20183    146484    798416  no matrixes
c x-sub:     0 x-cut:      0 vfix:      0 v-elim:      0 locsubst:     0 time:   0.00
c binary deg approx. time:  0.07 s num checked:   9878 i:   12417 props: 3000k
c Flit:     9 Blit:      1 bXBeca:    0 bXProp:    0 Bins:   4292 P: 122.5M T:  4.91
c Time to fill non-learnt binary watchlists: 0.01 s
c subs with bin:        9  lits-rem:         0  v-fix:    0  time:  0.01 s
c Subs w/ non-existent bins:     17 l-rem:      0 v-fix:     0 done:  12838 time:  0.17 s
c Removed useless bin:    4156  fixed:     0  props:   5.15M  time:  0.23 s
c lits-rem:         0  cl-subs:        4  v-elim:     14  v-fix:    0  time:  0.07 s
c lits-rem:      1133  cl-subs:     1024  v-elim:      0  v-fix:    0  time:  0.34 s
c asymm  cl-useful: 38/18013/18013 lits-rem:38 time: 0.40
c watched sorting time: 0.00
c  N dy    88     30696     12824     18013     42756     19108    137852    782931  no matrixes
c  N dy   108     34705     12824     18013     42791     23073    137852   1019555  no matrixes
c  N dy   125     38716     12824     18013     42813     27023    137852   1241389  no matrixes
c  N dy   143     42954     12824     18013     42844     16061    137852    340407  no matrixes
c  S st   165     46073     12824     18013     42884     19124    137852    501146  no matrixes
c  S st   165     46573     12824     18013     42907     19600    137852    513979  no matrixes
c x-sub:     0 x-cut:      0 vfix:      0 v-elim:      0 locsubst:     0 time:   0.00
c binary deg approx. time:  0.07 s num checked:   9813 i:   12333 props: 3001k
c Flit:     0 Blit:      0 bXBeca:    0 bXProp:    0 Bins:   3513 P: 123.2M T:  4.98
c Time to fill non-learnt binary watchlists: 0.01 s
c subs with bin:        3  lits-rem:         1  v-fix:    0  time:  0.01 s
c Subs w/ non-existent bins:      1 l-rem:      1 v-fix:     0 done:  12824 time:  0.16 s
c Removed useless bin:      18  fixed:     0  props:   4.95M  time:  0.21 s
c lits-rem:         0  cl-subs:        0  v-elim:      4  v-fix:    0  time:  0.05 s
c Blocked clauses removed:        0    Time: 0.00 s
c lits-rem:       732  cl-subs:      515  v-elim:      0  v-fix:    0  time:  0.22 s
c asymm  cl-useful: 4/17981/17981 lits-rem:4 time: 0.44
c watched sorting time: 0.00
c  N dy   165     46573     12820     17981     46375     19084    137802    513487  no matrixes
c  N dy   195     50633     12820     17981     46422     23078    137802    754927  no matrixes
c  N dy   219     54740     12820     17981     46457     27136    137802    987072  no matrixes
c  N dy   243     59839     12820     17981     46501     32164    137802   1281099  no matrixes
c  N dy   264     64132     12820     17981     46539     36403    137802   1513129  no matrixes
c  N dy   284     68234     12820     17981     46572     22067    137802    525695  no matrixes
c  S st   288     69888     12820     17981     46592     23692    137802    579749  no matrixes
c  S st   288     70391     12820     17981     46634     24149    137802    592227  no matrixes
c x-sub:     0 x-cut:      0 vfix:      0 v-elim:      0 locsubst:     0 time:   0.01
c binary deg approx. time:  0.07 s num checked:   9209 i:   11411 props: 3000k
c Flit:     0 Blit:      0 bXBeca:    0 bXProp:    0 Bins:   3180 P: 123.1M T:  5.21
c Time to fill non-learnt binary watchlists: 0.00 s
c subs with bin:        0  lits-rem:         0  v-fix:    0  time:  0.02 s
c Subs w/ non-existent bins:      0 l-rem:      0 v-fix:     0 done:  12820 time:  0.18 s
c Removed useless bin:       0  fixed:     0  props:   4.94M  time:  0.22 s
c lits-rem:         0  cl-subs:        0  v-elim:      0  v-fix:    0  time:  0.05 s
c lits-rem:       768  cl-subs:      853  v-elim:      0  v-fix:    0  time:  0.28 s
c asymm  cl-useful: 0/17977/17977 lits-rem:0 time: 0.48
c watched sorting time: 0.00
c  N dy   288     70391     12820     17977     49820     23294    137802    588658  no matrixes
c  N dy   316     74897     12820     17977     49854     27752    137802    863273  no matrixes
c  N dy   342     79687     12820     17977     49894     32472    137802   1149091  no matrixes
c  N dy   371     84806     12820     17977     49923     37546    137802   1446824  no matrixes
c  F st   393     87500     12820     17977     49947     40210    137802   1607851  no matrixes
c  N st   398     90797     12820     17977     49962     22949    137802    535588  no matrixes
c  N dy   422     96818     12820     17977     49996     28907    137802    913005  no matrixes
c  N dy   455    103010     12820     17977     50025     35053    137802   1250278  no matrixes
c  S st   475    105635     12820     17977     50043     37654    137802   1414187  no matrixes
c  S st   475    106136     12820     17977     50070     38127    137802   1428767  no matrixes
c x-sub:     0 x-cut:      0 vfix:      0 v-elim:      0 locsubst:     0 time:   0.01
c binary deg approx. time:  0.06 s num checked:   8140 i:    9776 props: 3000k
c Flit:     0 Blit:      0 bXBeca:    0 bXProp:    0 Bins:   3289 P: 124.2M T:  5.48
c Time to fill non-learnt binary watchlists: 0.01 s
c subs with bin:        0  lits-rem:         0  v-fix:    0  time:  0.02 s
c Subs w/ non-existent bins:      0 l-rem:      0 v-fix:     0 done:  12820 time:  0.18 s
c Removed useless bin:       0  fixed:     0  props:   4.94M  time:  0.21 s
c lits-rem:         0  cl-subs:        0  v-elim:      0  v-fix:    0  time:  0.07 s
c lits-rem:       639  cl-subs:     1324  v-elim:      0  v-fix:    0  time:  0.76 s
c asymm  cl-useful: 0/17977/17977 lits-rem:0 time: 0.54
c watched sorting time: 0.00
c  N dy   475    106136     12820     17977     53363     36799    137802   1410234  no matrixes
c  N dy   508    113107     12820     17977     53399     43698    137802   1833341  no matrixes
c  N dy   546    120389     12820     17977     53428     28789    137802    759068  no matrixes
c  N dy   598    128150     12820     17977     53472     36481    137802   1242670  no matrixes
c  N dy   648    136455     12820     17977     53521     44703    137802   1784051  no matrixes
c  N dy   702    145206     12820     17977     53577     29907    137802    718638  no matrixes
c  N dy   761    156549     12820     17977     53622     41160    137802   1393146  no matrixes
c  S st   787    159252     12820     17977     53637     43843    137802   1592975  no matrixes
c  S st   787    159756     12820     17977     53663     44320    137802   1610528  no matrixes
c x-sub:     0 x-cut:      0 vfix:      0 v-elim:      0 locsubst:     0 time:   0.01
c binary deg approx. time:  0.06 s num checked:   7653 i:    9059 props: 3000k
c Flit:     2 Blit:      0 bXBeca:    0 bXProp:    0 Bins:   3443 P: 124.7M T:  5.84
c Time to fill non-learnt binary watchlists: 0.01 s
c subs with bin:        2  lits-rem:         0  v-fix:    0  time:  0.02 s
c Subs w/ non-existent bins:      0 l-rem:      0 v-fix:     0 done:  12818 time:  0.19 s
c Removed useless bin:       0  fixed:     0  props:   4.94M  time:  0.22 s
c lits-rem:         0  cl-subs:        1  v-elim:      2  v-fix:    0  time:  0.08 s
c Blocked clauses removed:        0    Time: 0.01 s
c lits-rem:       713  cl-subs:     1625  v-elim:      0  v-fix:    0  time:  0.97 s
c asymm  cl-useful: 2/17975/17975 lits-rem:2 time: 0.58
c watched sorting time: 0.00
c  N dy   787    159756     12816     17975     57079     42656    137774   1594174  no matrixes
c  N dy   838    171342     12816     17975     57112     29543    137774    624708  no matrixes
c  N dy   915    182375     12816     17975     57166     40468    137774   1279116  no matrixes
c  N dy   960    194028     12816     17975     57218     26333    137774    390639  no matrixes
c  N dy  1034    206495     12816     17975     57248     38720    137774   1105311  no matrixes
c  N dy  1112    219941     12816     17975     57290     52078    137774   1914265  no matrixes
c  N dy  1189    234005     12816     17975     57340     39328    137774   1129200  no matrixes
c  S st  1219    239765     12816     17975     57363     45029    137774   1455270  no matrixes
c  S st  1219    240268     12816     17975     57386     45509    137774   1473383  no matrixes
c x-sub:     0 x-cut:      0 vfix:      0 v-elim:      0 locsubst:     0 time:   0.01
c binary deg approx. time:  0.07 s num checked:   7665 i:    9072 props: 3000k
c Flit:     0 Blit:      0 bXBeca:    0 bXProp:    0 Bins:   2980 P: 125.5M T:  5.86
c Time to fill non-learnt binary watchlists: 0.01 s
c subs with bin:        0  lits-rem:         0  v-fix:    0  time:  0.02 s
c Subs w/ non-existent bins:      0 l-rem:      0 v-fix:     0 done:  12816 time:  0.18 s
c Removed useless bin:       0  fixed:     0  props:   4.94M  time:  0.21 s
c lits-rem:         0  cl-subs:        0  v-elim:      0  v-fix:    0  time:  0.07 s
c lits-rem:       921  cl-subs:     2049  v-elim:      0  v-fix:    0  time:  0.94 s
c asymm  cl-useful: 0/17973/17973 lits-rem:0 time: 0.60
c watched sorting time: 0.00
c  N dy  1219    240268     12816     17973     60369     43459    137774   1451285  no matrixes
c  N dy  1311    255606     12816     17973     60423     30953    137774    546341  no matrixes
c  N dy  1389    271956     12816     17973     60451     47205    137774   1497210  no matrixes
c  N dy  1476    289322     12816     17973     60509     35675    137774    797973  no matrixes
c  F st  1565    306251     12816     17973     60542     52476    137774   1773502  no matrixes
c  N st  1569    308283     12816     17973     60544     54496    137774   1902112  no matrixes
c  N dy  1655    328031     12816     17973     60575     44390    137774   1222759  no matrixes
c  N dy  1765    349238     12816     17973     60633     34645    137774    572422  no matrixes
c  S st  1814    360422     12816     17973     60652     45773    137774   1228459  no matrixes
c  S st  1814    360922     12816     17973     60679     46246    137774   1240494  no matrixes
c x-sub:     0 x-cut:      0 vfix:      0 v-elim:      0 locsubst:     0 time:   0.01
c binary deg approx. time:  0.07 s num checked:   7401 i:    8688 props: 3000k
c Flit:     0 Blit:      0 bXBeca:    0 bXProp:    0 Bins:   2418 P: 126.0M T:  5.65
c Time to fill non-learnt binary watchlists: 0.01 s
c subs with bin:        0  lits-rem:         0  v-fix:    0  time:  0.02 s
c Subs w/ non-existent bins:      0 l-rem:      0 v-fix:     0 done:  12816 time:  0.18 s
c Removed useless bin:       0  fixed:     0  props:   4.94M  time:  0.21 s
c lits-rem:         0  cl-subs:        0  v-elim:      0  v-fix:    0  time:  0.07 s
c lits-rem:       878  cl-subs:     1654  v-elim:      0  v-fix:    0  time:  0.74 s
c asymm  cl-useful: 0/17973/17973 lits-rem:0 time: 0.58
c watched sorting time: 0.00
c  N dy  1814    360922     12816     17973     63098     44591    137774   1224797  no matrixes
c  N dy  1938    384101     12816     17973     63128     35837    137774    570488  no matrixes
c  N dy  2070    408746     12816     17973     63154     60375    137774   2133573  no matrixes
c  N dy  2164    435817     12816     17973     63174     54470    137774   1461028  no matrixes
c  N dy  2313    463714     12816     17973     63207     48433    137774   1319167  no matrixes
c  N dy  2435    495940     12816     17973     63244     45652    137774    991008  no matrixes
c  N dy  2575    527968     12816     17973     63270     41681    137774    698772  no matrixes
c  S st  2619    541745     12816     17973     63276     55376    137774   1590745  no matrixes
c  S st  2619    542247     12816     17973     63290     55863    137774   1604626  no matrixes
c x-sub:     0 x-cut:      0 vfix:      0 v-elim:      0 locsubst:     0 time:   0.01
c binary deg approx. time:  0.07 s num checked:   7062 i:    8273 props: 3000k
c Flit:     0 Blit:      0 bXBeca:    0 bXProp:    0 Bins:   2604 P: 126.5M T:  5.87
c Time to fill non-learnt binary watchlists: 0.01 s
c subs with bin:        0  lits-rem:         0  v-fix:    0  time:  0.02 s
c Subs w/ non-existent bins:      0 l-rem:      0 v-fix:     0 done:  12816 time:  0.18 s
c Removed useless bin:       0  fixed:     0  props:   4.94M  time:  0.21 s
c lits-rem:         0  cl-subs:        0  v-elim:      0  v-fix:    0  time:  0.08 s
c Blocked clauses removed:        0    Time: 0.00 s
c lits-rem:       491  cl-subs:     1573  v-elim:      0  v-fix:    0  time:  0.87 s
c asymm  cl-useful: 5/17973/17973 lits-rem:5 time: 0.62
c watched sorting time: 0.00
c  N dy  2619    542247     12816     17973     65895     54289    137769   1582252  no matrixes
c  N dy  2767    576952     12816     17973     65928     52022    137769   1303866  no matrixes
c  N dy  2906    613834     12816     17973     65962     50928    137769   1139249  no matrixes
c  N dy  3057    653178     12816     17973     65994     51311    137769   1162797  no matrixes
c  N dy  3252    694914     12816     17973     66022     53023    137769   1200262  no matrixes
c  N dy  3431    739283     12816     17973     66051     56387    137769   1284435  no matrixes
c  N dy  3618    786578     12816     17973     66081     61632    137769   1560749  no matrixes
c  S st  3725    813428     12816     17973     66096     45597    137769    677512  no matrixes
c  S st  3725    813931     12816     17973     66110     46086    137769    694168  no matrixes
c x-sub:     0 x-cut:      0 vfix:      0 v-elim:      0 locsubst:     0 time:   0.01
c binary deg approx. time:  0.07 s num checked:   7245 i:    8537 props: 3000k
c Flit:     1 Blit:      0 bXBeca:    0 bXProp:    0 Bins:   2329 P: 126.3M T:  5.75
c Time to fill non-learnt binary watchlists: 0.01 s
c subs with bin:        2  lits-rem:         0  v-fix:    0  time:  0.02 s
c Subs w/ non-existent bins:      0 l-rem:      0 v-fix:     0 done:  12815 time:  0.18 s
c Removed useless bin:       0  fixed:     0  props:   4.94M  time:  0.21 s
c lits-rem:         0  cl-subs:        4  v-elim:      4  v-fix:    0  time:  0.07 s
c lits-rem:       601  cl-subs:     1379  v-elim:      0  v-fix:    0  time:  0.38 s
c asymm  cl-useful: 2/17974/17974 lits-rem:2 time: 0.60
c watched sorting time: 0.00
c  N dy  3725    813931     12811     17974     68325     44693    137747    684857  no matrixes
c  N dy  3961    865887     12811     17974     68347     52625    137747    945679  no matrixes
c  N dy  4233    921191     12811     17974     68372     62921    137747   1517941  no matrixes
c  N dy  4465    980124     12811     17974     68394     75783    137747   2233822  no matrixes
c  N dy  4694   1043726     12811     17974     68414     92309    137747   2624046  no matrixes
c  F st  4797   1071876     12811     17974     68426     72556    137747   1737707  no matrixes
c  N dy  4934   1110669     12811     17974     68440     62383    137747   1118560  no matrixes
c  N dy  5206   1181691     12811     17974     68457     83311    137747   2143146  no matrixes
c  S st  5343   1221070     12811     17974     68470     71754    137747   1513043  no matrixes
c  S st  5343   1221570     12811     17974     68485     72239    137747   1526521  no matrixes
c x-sub:     0 x-cut:      0 vfix:      0 v-elim:      0 locsubst:     0 time:   0.01
c binary deg approx. time:  0.06 s num checked:   6182 i:    7020 props: 3000k
c Flit:     0 Blit:      0 bXBeca:    0 bXProp:    0 Bins:   1999 P: 128.6M T:  5.90
c Time to fill non-learnt binary watchlists: 0.01 s
c subs with bin:        0  lits-rem:         0  v-fix:    0  time:  0.02 s
c Subs w/ non-existent bins:      0 l-rem:      0 v-fix:     0 done:  12811 time:  0.18 s
c Removed useless bin:       0  fixed:     0  props:   4.93M  time:  0.21 s
c lits-rem:         0  cl-subs:        0  v-elim:      0  v-fix:    0  time:  0.08 s
c lits-rem:       404  cl-subs:     1995  v-elim:      0  v-fix:    0  time:  0.87 s
c asymm  cl-useful: 5/17972/17972 lits-rem:5 time: 0.66
c watched sorting time: 0.01
c  N dy  5343   1221570     12811     17972     70486     70244    137742   1505899  no matrixes
c  N dy  5675   1299584     12811     17972     70517     96140    137742   2580235  no matrixes
c  N dy  6029   1382544     12811     17972     70544     72252    137742   1464640  no matrixes
c  N dy  6383   1470866     12811     17972     70570    105402    137742   3156623  no matrixes
c  N dy  6720   1565070     12811     17972     70589     86642    137742   1935197  no matrixes
c  N dy  7108   1665430     12811     17972     70605     70133    137742   1048578  no matrixes
c  N dy  7478   1771814     12811     17972     70619    116286    137742   3072129  no matrixes
c  S st  7668   1832939     12811     17972     70628    116385    137742   3231166  no matrixes
c  S st  7668   1833442     12811     17972     70634    116882    137742   3247732  no matrixes
c x-sub:     0 x-cut:      0 vfix:      0 v-elim:      0 locsubst:     0 time:   0.01
c binary deg approx. time:  0.06 s num checked:   5121 i:    5710 props: 3000k
c Flit:     0 Blit:      0 bXBeca:    0 bXProp:    0 Bins:   1839 P: 132.1M T:  6.49
c Time to fill non-learnt binary watchlists: 0.01 s
c subs with bin:        0  lits-rem:         0  v-fix:    0  time:  0.02 s
c Subs w/ non-existent bins:      0 l-rem:      0 v-fix:     0 done:  12811 time:  0.20 s
c Removed useless bin:       0  fixed:     0  props:   4.93M  time:  0.21 s
c lits-rem:         0  cl-subs:        3  v-elim:      1  v-fix:    0  time:  0.10 s
c Blocked clauses removed:        0    Time: 0.00 s
c lits-rem:       634  cl-subs:     2629  v-elim:      0  v-fix:    0  time:  2.48 s
c asymm  cl-useful: 0/17970/17970 lits-rem:0 time: 0.75
c watched sorting time: 0.00
c  N dy  7668   1833442     12810     17970     72462    114132    137737   3194044  no matrixes
c  N dy  8062   1950754     12810     17970     72485    106681    137737   2785385  no matrixes
c  N dy  8444   2075511     12810     17970     72508    102340    137737   2148206  no matrixes
c  N dy  8840   2217865     12810     17970     72520    111652    137737   2478510  no matrixes
c  N dy  9322   2359626     12810     17970     72535    116479    137737   2788305  no matrixes
c  N dy  9890   2510496     12810     17970     72559    126294    137737   3158950  no matrixes
c  N dy 10543   2670759     12810     17970     72573    141526    137737   3762970  no matrixes
c  S st 10833   2750737     12810     17970     72586    147482    137737   4018417  no matrixes
c  S st 10833   2751238     12810     17970     72601    147968    137737   4027334  no matrixes
c x-sub:     0 x-cut:      0 vfix:      0 v-elim:      0 locsubst:     0 time:   0.02
c binary deg approx. time:  0.05 s num checked:   4086 i:    4453 props: 3001k
c Flit:     1 Blit:      0 bXBeca:    0 bXProp:    0 Bins:   1858 P: 135.1M T:  6.92
c Time to fill non-learnt binary watchlists: 0.01 s
c subs with bin:        2  lits-rem:         1  v-fix:    0  time:  0.02 s
c Subs w/ non-existent bins:      0 l-rem:      0 v-fix:     0 done:  12809 time:  0.22 s
c Removed useless bin:       0  fixed:     0  props:   4.93M  time:  0.21 s
c lits-rem:         0  cl-subs:        0  v-elim:      2  v-fix:    0  time:  0.12 s
c lits-rem:        90  cl-subs:     3268  v-elim:      0  v-fix:    0  time:  3.50 s
c asymm  cl-useful: 2/17969/17969 lits-rem:2 time: 0.82
c watched sorting time: 0.01
c  N dy 10833   2751238     12807     17969     74343    144667    137718   3974401  no matrixes
c  N dy 11511   2927710     12807     17969     74364     93455    137718   1333868  no matrixes
c  N dy 12167   3114581     12807     17969     74390    123196    137718   2664733  no matrixes
c  N dy 12912   3313466     12807     17969     74407    160969    137718   4107079  no matrixes
c  N dy 13715   3525440     12807     17969     74433    124077    137718   2505822  no matrixes
c  N dy 14557   3750718     12807     17969     74455     91477    137718    959863  no matrixes
c  F st 14562   3751565     12807     17969     74455     92318    137718    996041  no matrixes
c  N dy 15324   3990887     12807     17969     74476    154249    137718   3400767  no matrixes
c  S st 15872   4126866     12807     17969     74494    109523    137718   1610972  no matrixes
c  S st 15872   4127370     12807     17969     74502    110016    137718   1633245  no matrixes
c x-sub:     0 x-cut:      0 vfix:      0 v-elim:      0 locsubst:     0 time:   0.01
c binary deg approx. time:  0.06 s num checked:   4571 i:    5041 props: 3000k
c Flit:     0 Blit:      0 bXBeca:    0 bXProp:    0 Bins:   1786 P: 132.8M T:  6.41
c Time to fill non-learnt binary watchlists: 0.01 s
c subs with bin:        0  lits-rem:         0  v-fix:    0  time:  0.02 s
c Subs w/ non-existent bins:      0 l-rem:      0 v-fix:     0 done:  12807 time:  0.20 s
c Removed useless bin:       1  fixed:     0  props:   4.93M  time:  0.21 s
c lits-rem:         0  cl-subs:        0  v-elim:      1  v-fix:    0  time:  0.09 s
c lits-rem:       258  cl-subs:     3023  v-elim:      0  v-fix:    0  time:  1.13 s
c asymm  cl-useful: 0/17966/17966 lits-rem:0 time: 0.74
c watched sorting time: 0.01
c  N dy 15872   4127370     12806     17966     76277    106930    137714   1613125  no matrixes
c  N dy 16709   4391306     12806     17966     76295    185471    137714   4560405  no matrixes
c  N dy 17683   4674917     12806     17966     76318    184164    137714   4775400  no matrixes
c  N dy 18783   4973392     12806     17966     76341    188640    137714   4851874  no matrixes
c  N dy 19890   5290889     12806     17966     76366    204048    137714   5190047  no matrixes
c  N dy 21058   5628622     12806     17966     76401    125238    137714   1673982  no matrixes
c  N dy 22367   5987926     12806     17966     76429    161825    137714   2998692  no matrixes
c  S st 23056   6191079     12806     17966     76439    144772    137714   2329406  no matrixes
c  S st 23056   6191583     12806     17966     76444    145270    137714   2342109  no matrixes
c x-sub:     0 x-cut:      0 vfix:      0 v-elim:      0 locsubst:     0 time:   0.01
c binary deg approx. time:  0.05 s num checked:   4058 i:    4421 props: 3000k
c Flit:     2 Blit:      0 bXBeca:    0 bXProp:    0 Bins:   1852 P: 136.6M T:  6.64
c Time to fill non-learnt binary watchlists: 0.01 s
c subs with bin:        5  lits-rem:         0  v-fix:    0  time:  0.02 s
c Subs w/ non-existent bins:      0 l-rem:      0 v-fix:     0 done:  12804 time:  0.21 s
c Removed useless bin:       2  fixed:     0  props:   4.92M  time:  0.21 s
c lits-rem:         0  cl-subs:        2  v-elim:      4  v-fix:    0  time:  0.11 s
c Blocked clauses removed:        0    Time: 0.00 s
c lits-rem:       312  cl-subs:     3611  v-elim:      0  v-fix:    0  time:  1.69 s
c asymm  cl-useful: 5/17967/17967 lits-rem:5 time: 0.84
c watched sorting time: 0.01
c  N dy 23056   6191583     12800     17967     78231    141659    137664   2318060  no matrixes
c  N dy 24349   6586791     12800     17967     78256    195810    137664   4445296  no matrixes
c  N dy 25861   7007241     12800     17967     78280    152192    137664   2434261  no matrixes
c  N dy 27405   7454606     12800     17967     78305    240478    137664   5744105  no matrixes
c  N dy 29308   7930858     12800     17967     78338    224850    137664   5140851  no matrixes
c  N dy 31176   8437158     12800     17967     78366    222866    137664   5007341  no matrixes
c  N dy 33215   8978433     12800     17967     78397    239937    137664   5292380  no matrixes
c  S st 34477   9289093     12800     17967     78415    282910    137664   7088882  no matrixes
c  S st 34477   9289596     12800     17967     78420    148710    137664   1359902  no matrixes
c x-sub:     0 x-cut:      0 vfix:      0 v-elim:      0 locsubst:     0 time:   0.02
c binary deg approx. time:  0.05 s num checked:   4313 i:    4743 props: 3000k
c Flit:     0 Blit:      0 bXBeca:    0 bXProp:    0 Bins:   1523 P: 137.6M T:  6.58
c Time to fill non-learnt binary watchlists: 0.01 s
c subs with bin:        1  lits-rem:         0  v-fix:    0  time:  0.02 s
c Subs w/ non-existent bins:      0 l-rem:      0 v-fix:     0 done:  12800 time:  0.20 s
c Removed useless bin:       0  fixed:     0  props:   4.89M  time:  0.21 s
c lits-rem:         0  cl-subs:        3  v-elim:      2  v-fix:    0  time:  0.10 s
c lits-rem:       348  cl-subs:     3833  v-elim:      0  v-fix:    0  time:  0.78 s
c asymm  cl-useful: 3/17967/17967 lits-rem:3 time: 0.83
c watched sorting time: 0.01
c  N dy 34477   9289596     12798     17967     79834    144851    137656   1352899  no matrixes
c  N dy 36794   9889374     12798     17967     79853    188362    137656   2938420  no matrixes
c  N dy 39246  10521094     12798     17967     79882    251888    137656   5736451  no matrixes
c  N dy 41918  11192733     12798     17967     79920    191211    137656   2720998  no matrixes
c  N dy 44760  11907190     12798     17967     79948    301210    137656   7353553  no matrixes
c  N dy 47806  12667591     12798     17967     79987    284797    137656   6582359  no matrixes
c  F st 49759  13130467     12798     17967     80007    269350    137656   5603664  no matrixes
c  N dy 51145  13476166     12798     17967     80016    290764    137656   6323234  no matrixes
c  S st 52996  13935009     12798     17967     80041    256801    137656   4601945  no matrixes
c  S st 52996  13935511     12798     17967     80052    257292    137656   4622689  no matrixes
c x-sub:     0 x-cut:      0 vfix:      0 v-elim:      0 locsubst:     0 time:   0.02
c binary deg approx. time:  0.04 s num checked:   2727 i:    2890 props: 3001k
c Flit:     0 Blit:      0 bXBeca:    0 bXProp:    0 Bins:   1712 P: 146.4M T:  8.15
c Time to fill non-learnt binary watchlists: 0.01 s
c subs with bin:        5  lits-rem:         0  v-fix:    0  time:  0.02 s
c Subs w/ non-existent bins:      0 l-rem:      0 v-fix:     0 done:  12798 time:  0.22 s
c Removed useless bin:       1  fixed:     0  props:   4.89M  time:  0.20 s
c lits-rem:         0  cl-subs:        1  v-elim:      3  v-fix:    0  time:  0.14 s
c lits-rem:       470  cl-subs:     5788  v-elim:      0  v-fix:    0  time:  5.46 s
c asymm  cl-useful: 4/17969/17969 lits-rem:4 time: 0.97
c watched sorting time: 0.02
c  N dy 52996  13935511     12795     17969     81738    251502    137639   4576091  no matrixes
c  N dy 56527  14825098     12795     17969     81769    294490    137639   6117568  no matrixes
c  N dy 60480  15776560     12795     17969     81795    378011    137639   9427775  no matrixes
c  N dy 64824  16784270     12795     17969     81826    312811    137639   6313921  no matrixes
c  N dy 69431  17856129     12795     17969     81866    276383    137639   4429317  no matrixes
c  N dy 74416  18996185     12795     17969     81898    272057    137639   3964583  no matrixes
c  N dy 79997  20208779     12795     17969     81927    303156    137639   5037849  no matrixes
c  S st 83122  20903659     12795     17969     81940    393797    137639   8821293  no matrixes
c  S st 83122  20904166     12795     17969     81944    394299    137639   8843074  no matrixes
c x-sub:     0 x-cut:      0 vfix:      0 v-elim:      0 locsubst:     0 time:   0.04
c binary deg approx. time:  0.03 s num checked:   2110 i:    2203 props: 3001k
c Flit:     0 Blit:      0 bXBeca:    0 bXProp:    0 Bins:   1549 P: 156.3M T:  9.75
c Time to fill non-learnt binary watchlists: 0.01 s
c subs with bin:        0  lits-rem:         0  v-fix:    0  time:  0.03 s
c Subs w/ non-existent bins:      0 l-rem:      0 v-fix:     0 done:  12795 time:  0.28 s
c Removed useless bin:       2  fixed:     0  props:   4.89M  time:  0.20 s
c lits-rem:         0  cl-subs:        2  v-elim:      1  v-fix:    0  time:  0.21 s
c Blocked clauses removed:        0    Time: 0.00 s
c lits-rem:       634  cl-subs:     7792  v-elim:      0  v-fix:    0  time: 17.53 s
c asymm  cl-useful: 0/17968/17968 lits-rem:0 time: 1.23
c watched sorting time: 0.02
c  N dy 83122  20904166     12794     17968     83423    386489    137632   8757794  no matrixes
c  N dy 89236  22238570     12794     17968     83456    271319    137632   3362100  no matrixes
c  N dy 95728  23658099     12794     17968     83477    413040    137632   9205476  no matrixes
c  N dy102426  25168855     12794     17968     83503    388848    137632   7593132  no matrixes
c  N dy109975  26775490     12794     17968     83529    411702    137632   8487923  no matrixes
c  N dy118127  28485433     12794     17968     83552    488695    137632  11380961  no matrixes
c  N dy127027  30303691     12794     17968     83566    382023    137632   6205736  no matrixes
c  S st132074  31358003     12794     17968     83583    448730    137632   8673442  no matrixes
c  S st132074  31358506     12794     17968     83594    449221    137632   8688801  no matrixes
c x-sub:     0 x-cut:      0 vfix:      0 v-elim:      0 locsubst:     0 time:   0.04
c binary deg approx. time:  0.03 s num checked:   1884 i:    1964 props: 3011k
c Flit:     0 Blit:      0 bXBeca:    0 bXProp:    0 Bins:   1333 P: 162.6M T: 10.54
c Time to fill non-learnt binary watchlists: 0.01 s
c subs with bin:        0  lits-rem:         0  v-fix:    0  time:  0.02 s
c Subs w/ non-existent bins:      0 l-rem:      0 v-fix:     0 done:  12794 time:  0.29 s
c Removed useless bin:       0  fixed:     0  props:   4.89M  time:  0.20 s
c lits-rem:         0  cl-subs:        0  v-elim:      0  v-fix:    0  time:  0.22 s
c lits-rem:       546  cl-subs:    12962  v-elim:      0  v-fix:    0  time: 18.95 s
c asymm  cl-useful: 0/17968/17968 lits-rem:0 time: 1.37
c watched sorting time: 0.02
c  N dy132074  31358506     12794     17968     84931    436255    137632   8552588  no matrixes
c  N dy142162  33360189     12794     17968     84953    409554    137632   6971996  no matrixes
c  N dy152474  35489615     12794     17968     84972    453034    137632   8241891  no matrixes
c  N dy163651  37754987     12794     17968     84985    569341    137632  12951078  no matrixes
c  N dy176209  40165024     12794     17968     85009    485018    137632   8853408  no matrixes
c  N dy189671  42728958     12794     17968     85033    474359    137632   7721090  no matrixes
c  N dy204316  45456398     12794     17968     85053    545561    137632  10105275  no matrixes
c  F st206824  45956634     12794     17968     85057    445707    137632   5839079  no matrixes
c  S st212514  47037917     12794     17968     85066    616911    137632  13124250  no matrixes
c  S st212514  47038421     12794     17968     85072    617409    137632  13143095  no matrixes
c x-sub:     0 x-cut:      0 vfix:      0 v-elim:      0 locsubst:     0 time:   0.06
c binary deg approx. time:  0.03 s num checked:   1572 i:    1614 props: 3004k
c Flit:     0 Blit:      0 bXBeca:    0 bXProp:    0 Bins:   1287 P: 176.0M T: 13.07
c Time to fill non-learnt binary watchlists: 0.01 s
c subs with bin:        1  lits-rem:         0  v-fix:    0  time:  0.03 s
c Subs w/ non-existent bins:      0 l-rem:      0 v-fix:     0 done:  12794 time:  0.35 s
c Removed useless bin:       0  fixed:     0  props:   4.89M  time:  0.20 s
c lits-rem:         0  cl-subs:        0  v-elim:      0  v-fix:    0  time:  0.30 s
c lits-rem:       548  cl-subs:    11738  v-elim:      0  v-fix:    0  time: 40.66 s
c asymm  cl-useful: 0/17967/17967 lits-rem:0 time: 1.56
c watched sorting time: 0.03
c  N dy212514  47038421     12794     17967     86359    605671    137631  13054414  no matrixes
c  N dy227172  50041381     12794     17967     86385    503982    137631   7781328  no matrixes
c  N dy240604  53235587     12794     17967     86408    501822    137631   7262080  no matrixes
c  N dy255052  56633665     12794     17967     86435    602879    137631  10914442  no matrixes
c  N dy270323  60249542     12794     17967     86453    821477    137631  19420327  no matrixes
c  N dy287007  64097275     12794     17967     86469    819070    137631  19322577  no matrixes
c  N dy305421  68188935     12794     17967     86488    573460    137631   7510002  no matrixes
c  S st316003  70557697     12794     17967     86500    718033    137631  13304780  no matrixes
c  S st316003  70558201     12794     17967     86517    718518    137631  13319362  no matrixes
c x-sub:     0 x-cut:      0 vfix:      0 v-elim:      0 locsubst:     0 time:   0.07
c binary deg approx. time:  0.03 s num checked:   1268 i:    1295 props: 3006k
c Flit:     0 Blit:      0 bXBeca:    0 bXProp:    0 Bins:   1190 P: 182.8M T: 13.73
c Time to fill non-learnt binary watchlists: 0.01 s
c subs with bin:        0  lits-rem:         0  v-fix:    0  time:  0.03 s
c Subs w/ non-existent bins:      0 l-rem:      0 v-fix:     0 done:  12794 time:  0.36 s
c Removed useless bin:       1  fixed:     0  props:   4.89M  time:  0.20 s
c lits-rem:         0  cl-subs:        0  v-elim:      0  v-fix:    0  time:  0.33 s
c Blocked clauses removed:        0    Time: 0.01 s
c lits-rem:      1133  cl-subs:    14802  v-elim:      0  v-fix:    0  time: 45.49 s
c asymm  cl-useful: 0/17967/17967 lits-rem:0 time: 1.78
c watched sorting time: 0.03
c  N dy316003  70558201     12794     17967     87706    703716    137629  13287244  no matrixes
c  N dy335876  75068706     12794     17967     87728    651220    137629  10110519  no matrixes
c  N dy357336  79864754     12794     17967     87753    749251    137629  13330450  no matrixes
c  N dy380409  84962700     12794     17967     87771   1004186    137629  23597978  no matrixes
c  N dy405684  90385974     12794     17967     87788   1019183    137629  22990154  no matrixes
c  N dy432512  96156019     12794     17967     87811    779975    137629  12248510  no matrixes
c  N dy461867 102298757     12794     17967     87825    715171    137629   8223890  no matrixes
c  S st478949 105837318     12794     17967     87840   1073741    137629  22774206  no matrixes
c  S st478949 105837819     12794     17967     87849   1074231    137629  22790686  no matrixes
c x-sub:     0 x-cut:      0 vfix:      0 v-elim:      0 locsubst:     0 time:   0.11
c binary deg approx. time:  0.02 s num checked:   1214 i:    1243 props: 3000k
c Flit:     0 Blit:      0 bXBeca:    0 bXProp:    0 Bins:    928 P: 209.6M T: 19.33
c Time to fill non-learnt binary watchlists: 0.01 s
c subs with bin:        0  lits-rem:         0  v-fix:    0  time:  0.03 s
c Subs w/ non-existent bins:      0 l-rem:      0 v-fix:     0 done:  12794 time:  0.48 s
c Removed useless bin:       0  fixed:     0  props:   4.89M  time:  0.20 s
c lits-rem:         0  cl-subs:        0  v-elim:      0  v-fix:    0  time:  0.48 s
c lits-rem:       949  cl-subs:    25140  v-elim:      0  v-fix:    0  time: 125.84 s
c asymm  cl-useful: 0/15469/17967 lits-rem:0 time: 2.05
c watched sorting time: 0.05
c  N dy478949 105837819     12794     17967     88777   1049091    137629  22676143  no matrixes
c  N dy511989 112593442     12794     17967     88796    821613    137629  12217135  no matrixes
c  N dy547009 119780662     12794     17967     88811    811380    137629  10809291  no matrixes
c  N dy584030 127426326     12794     17967     88830   1032871    137629  18773158  no matrixes
c  N dy624057 135559940     12794     17967     88848   1003019    137629  16455509  no matrixes
c  N dy667258 144212926     12794     17967     88862   1233795    137629  24783241  no matrixes
c  N dy713349 153418294     12794     17967     88880   1212269    137629  22136278  no matrixes
c  S st740283 158756906     12794     17967     88893    992177    137629  12878560  no matrixes
c  S st740283 158757408     12794     17967     88898    992674    137629  12905837  no matrixes
c x-sub:     0 x-cut:      0 vfix:      0 v-elim:      0 locsubst:     0 time:   0.11
c binary deg approx. time:  0.03 s num checked:   1056 i:    1074 props: 3000k
c Flit:     0 Blit:      0 bXBeca:    0 bXProp:    0 Bins:    920 P: 198.7M T: 16.24
c Time to fill non-learnt binary watchlists: 0.00 s
c subs with bin:        0  lits-rem:         0  v-fix:    0  time:  0.03 s
c Subs w/ non-existent bins:      0 l-rem:      0 v-fix:     0 done:  12794 time:  0.44 s
c Removed useless bin:       0  fixed:     0  props:   4.89M  time:  0.21 s
c lits-rem:         0  cl-subs:        0  v-elim:      0  v-fix:    0  time:  0.43 s
c lits-rem:      1277  cl-subs:    20606  v-elim:      0  v-fix:    0  time: 53.16 s
c asymm  cl-useful: 0/2498/17967 lits-rem:0 time: 0.62
c watched sorting time: 0.04
c  N dy740283 158757408     12794     17967     89820    972066    137629  13302225  no matrixes
c  F st750367 160848221     12794     17967     89824   1352319    137629  28486059  no matrixes
c  N dy789717 168891090     12794     17967     89840   1398179    137629  28568286  no matrixes
c  N dy841747 179671543     12773     17967     89858   1019689    137629  12307559  no matrixes
c  N dy895047 191140228     12773     17967     89885   1573409    137629  32310138  no matrixes
