WARNING: for repeatability, setting FPU to use double precision
============================[ Problem Statistics ]=============================
|                                                                             |
|  Number of variables:         71542                                         |
|  Number of clauses:          135663                                         |
|  Parse time:                   0.09 s                                       |
|                                                                             |
============================[ Search Statistics ]==============================
| Conflicts |          ORIGINAL         |          LEARNT          | Progress |
|           |    Vars  Clauses Literals |    Limit  Clauses Lit/Cl |          |
===============================================================================
|       100 |   34247   124013   282416 |    45471       99     83 | 52.130 % |
|       250 |   34240   123959   282302 |    50018      248     80 | 52.140 % |
|       475 |   34240   123935   282249 |    55020      473     92 | 52.140 % |
|       812 |   34240   123935   282249 |    60522      810     83 | 52.140 % |
|      1318 |   34240   123935   282249 |    66574     1316     79 | 52.140 % |
|      2077 |   34240   123935   282249 |    73232     2075     82 | 52.140 % |
|      3216 |   34240   123935   282249 |    80555     3214     80 | 52.140 % |
|      4924 |   34240   123935   282249 |    88610     4922     84 | 52.140 % |
|      7486 |   34240   123935   282249 |    97472     7484     81 | 52.140 % |
|     11330 |   34240   123935   282249 |   107219    11328     78 | 52.140 % |
|     17096 |   34240   123935   282249 |   117941    17094     74 | 52.140 % |
|     25745 |   34240   123935   282249 |   129735    25743     72 | 52.140 % |
|     38719 |   31667   114595   260933 |   142708    13582     59 | 55.736 % |
===============================================================================
restarts              : 127
conflicts             : 41927          (2503 /sec)
decisions             : 74015          (0.00 % random) (4419 /sec)
propagations          : 96984123       (5790427 /sec)
conflict literals     : 2810823        (57.97 % deleted)
Memory used           : 43.00 MB
CPU time              : 16.749 s

UNSATISFIABLE
