c This is CryptoMiniSat 2.7.1
c WARNING: for repeatability, setting FPU to use double precision
c Reading file 'p17.cnf'
c -- header says num vars:         194278
c -- header says num clauses:      604065
c -- clauses added:            0 learnts,       604065 normals,            0 xors
c -- vars added     194278
c Parsing time:  0.24 s
c Ouptutting solution to console
c asymm  cl-useful: 4/4785/84098 lits-rem:4 time: 0.90
c Time to fill non-learnt binary watchlists: 0.02 s
c subs with bin:        0  lits-rem:         0  v-fix:    0  time:  0.05 s
c Subs w/ non-existent bins:      0 l-rem:      0 v-fix:     0 done:   7179 time:  1.82 s
c lits-rem:         0  cl-subs:    93910  v-elim:  61014  v-fix:    0  time:  0.41 s
c Finding binary XORs:         0.04 s (found:       6, avg size: 2.0)
c Replacing        6 vars Replaced      102 lits Time:     0.00 s 
c Finding non-binary XORs:     0.02 s (found:       0, avg size: -nan)
c watched sorting time: 0.00
c Calc default polars -  time:   0.01 s pos:    4942 undec:  181797 neg:    7539
c =========================================================================================
c types(t): F = full restart, N = normal restart
c types(t): S = simplification begin/end, E = solution found
c restart types(rt): st = static, dy = dynamic
c  t rt  Rest     Confl      Vars   NormCls    BinCls   Learnts    ClLits    LtLits
c  B st     0         0     47078     81017    146526         0    548098         0  no matrixes
c Finding binary XORs:         0.01 s (found:       0, avg size: -nan)
c  N dy    12      4065     47078     81017    146610      3891    548098    150458  no matrixes
c  E dy    19      5592         0     81017    146646      5372    548098    193885  no matrixes
c Verified 81017 clauses.
c Solution needs extension. Extending.
c Verified 81017 clauses.
c        1 solution(s) found
c restarts              : 19         
c dynamic restarts      : 13         
c static restarts       : 6          
c full restarts         : 0          
c learnts DL2           : 0          
c learnts size 2        : 120        
c learnts size 1        : 86180       (44.36     % of vars)
c v-elim SatELite       : 61014       (31.41     % vars)
c SatELite time         : 2.28        (49.83     % time)
c v-elim xor            : 0           (0.00      % vars)
c xor elim time         : 0.00        (0.00      % time)
c num binary xor trees  : 6          
c binxor trees' crown   : 6           (1.00      leafs/tree)
c OTF clause improved   : 100         (0.02      clauses/conflict)
c OTF impr. size diff   : 106         (1.06       lits/clause)
c OTF cl watch-shrink   : 1839        (0.33      clauses/conflict)
c OTF cl watch-sh-lit   : 5202        (2.83       lits/clause)
c tried to recurMin cls : 1054        (18.85      % of conflicts)
c stopped recurMin      : 1050        (99.62      %)
c lits visited recurmin:: 1.18       
c conflicts             : 5592        (1221.95   / sec)
c decisions             : 60250       (0.75      % random)
c bogo-props            : 104830212   (22907268.47 / sec)
c conflict literals     : 197202      (8.90      % deleted)
c Memory used           : 126.99      MB
c CPU time              : 4.58        s
c 
s SATISFIABLE
