c Lingeling SAT Solver
c 
c Version ala b02aa1a04343558c4252b5f4a723be021964f652
c 
c Copyright (C) 2010-2012 Armin Biere JKU Linz Austria.
c All rights reserved.
c 
c released Sat Oct 13 14:05:26 CEST 2012
c compiled Sat Feb 16 02:48:12 EST 2013
c 
c gcc (Debian 4.4.5-8) 4.4.5
c -Wall -O3 -DNLGLOG -DNDEBUG -DNCHKSOL -DNLGLPICOSAT 
c Linux greencar2 2.6.32-5-amd64 x86_64
c 
c reading input file p18.cnf
c no embedded options
c found 'p cnf 223324 692285' header
c read 223324 variables, 692285 clauses, 1440284 literals in 0.0 seconds
c
c feature vars 223324
c feature lits.total 1440284
c feature lits.pos 767103
c feature lits.neg 673181
c feature clauses.total 692285
c feature clauses.unit 83276
c feature clauses.bin 487419
c feature clauses.trn 120190
c feature clauses.lrg 1400
c feature cog.val.min 1
c feature cog.val.avg 99537
c feature cog.val.max 214982
c feature cog.var.min 1
c feature cog.var.avg 111663
c feature cog.var.max 223323
c
c
c --abstime=0
c --acts=2
c --actavgmax=120
c --actstdmin=20
c --actstdmax=80
c --agile=23
c --bias=2
c --block=1
c --blkrtc=0
c --blkclslim=2000
c --blkocclim=2000
c --blkmaxeff=2147483647
c --blkmineff=10000000
c --blkreleff=20
c --card=0
c --cce=3
c --ccemaxeff=100000000
c --ccemineff=5000000
c --ccereleff=3
c --check=0
c --cgrclsr=1
c --cgrmaxority=20
c --cgrmaxeff=8000000
c --cgrmineff=200000
c --cgreleff=1
c --cgrexteq=1
c --cgrextand=1
c --cgrextunits=1
c --cgrextite=1
c --cgrextxor=1
c --cliff=1
c --cliffreleff=8
c --cliffmineff=10000000
c --cliffmaxeff=100000000
c --compact=0
c --decompose=1
c --defragint=10000000
c --defragfree=50
c --elim=1
c --elmrtc=0
c --elmblk=1
c --elmclslim=1000
c --elmocclim=1000
c --elmaxeff=100000000
c --elmineff=5000000
c --elmreleff=10
c --sleeponabort=0
c --exitonabort=0
c --flipping=1
c --flipint=2
c --flipdur=50
c --fliptop=1
c --force=0
c --gauss=1
c --gaussextrall=1
c --gaussmaxor=20
c --gaussexptrn=1
c --gaussmaxeff=50000000
c --gaussmineff=2000000
c --gaussreleff=2
c --gluescale=2
c --gluekeep=0
c --inprocessing=1
c --cintinc=10000
c --irrlim=20
c --lift=1
c --lftmaxeff=20000000
c --lftmineff=500000
c --lftreleff=6
c --lhbr=1
c --lkhd=1
c --clim=-1
c --mocint=1000
c --move=2
c --log=-1
c --otfs=1
c --phase=0
c --phaseneginit=0
c --plain=0
c --probe=1
c --prbasicmaxeff=100000000
c --prbasicmineff=1000000
c --prbasicreleff=10
c --prbasic=1
c --prbasicroundlim=9
c --queuemergelim=10000
c --queuefactor=833
c --queueinc=20
c --rmincpen=4
c --seed=0
c --smallirr=90
c --smallve=1
c --smallvevars=12
c --randec=1
c --randecint=1000
c --redfixed=0
c --redlbound=0
c --redlexpfac=10
c --redldoutfac=0
c --redloutinc=10000
c --redlinit=1000
c --redlinc=1000
c --redinoutinc=100
c --redlmininc=10
c --redlmaxinc=200
c --redlminrel=10
c --redlmaxrel=300
c --redlminabs=500
c --redlmaxabs=1000000
c --reduce=1
c --restart=2
c --restartint=5
c --rstinoutinc=110
c --simplify=1
c --simpdelay=100
c --simpen=4
c --sizepen=1000000
c --sizemaxpen=3
c --sortlits=0
c --syncint=111111
c --termint=122222
c --ternres=1
c --ternresrtc=0
c --trnrmineff=4000000
c --trnrmaxeff=40000000
c --trnreleff=10
c --transred=1
c --trdmineff=100000
c --trdmaxeff=2000000
c --trdreleff=10
c --unhide=1
c --unhdextstamp=1
c --unhdhbr=0
c --unhdmaxeff=20000000
c --unhdmineff=1000000
c --unhdreleff=4
c --unhdlnpr=3
c --unhdroundlim=5
c --verbose=1
c --witness=1
c [limits] no conflict limit
c [limits] simplification delayed by 100 to 100 conflicts
c 
c  seconds         irredundant          redundant clauses agility   height
c          variables clauses conflicts large binary ternary    glue         MB
c 
c *    0.0  123390   517743         0       0      0     0  63  0.0   0.0   42
c [cut-width] 171949, max 267460, min4 115684 at 75%, min10 32549 at 90%
c [decision-order] bias 1, old 1
c [queue-schedule-all-variables]
c s    0.0  123390   517743         0       0      0     0  63  0.0   0.0   42
c [simplification-1] limit hit at 100 conflicts
c [simplification-1] simplification penalty of 4
c [ternres-1] limit 4000000 with penalty 0 = 0 + 0
c [ternres-1] all 123390 free variables schedulable
c [ternres-1] 0 ternary resolvents (0 bin, 0 trn)
c [ternres-1] 32442 variables remain 26% (90948 retained)
c [gauss-1] limit 2000000 penalty 0 = 0 + 0
c [gauss-1] extracted 166305 xors of average arity 2.0
c [gauss-1] connected 332615 occurrences of 74181 variables (average 4.5)
c [gauss-1] limit 2000000 penalty 0 = 0 + 0
c [gauss-1] exported 0 unary, 0 binary and 0 ternary equations
c G    0.6  123390   496472       100     100      0     0  71  7.0 362.6   27
c d    0.7   56937   258376       100     100      0     0  71  7.0 362.6   21
c [basicprobe-1] limit 1000000 penalty 0 = 0 + 0
c [basicprobe-1-0] 4035 probes remain 7% after last round
c [basicprobe-1-0] removed 0 variables, found 7336 hbrs
c p    0.7   56937   258376       100     100   7336     0  71  7.0 362.6   25
c [cgrclsr-1] limit 200000 penalty 0 = 0 + 0
c [cgrclsr-1] all 56937 free variables schedulable
c [cgrclsr-1] fully completed congruence closure
c [lift-1] limit 500000 with penalty 0 = 0 + 0
c [lift-1] using 56937 probes 100%
c [lift-1] 56911 variables remain 100% (26 retained)
c [cliff-1] limit of 10000000 steps penalty 0 = 0 + 0
c [cliff-1] failed 0, lifted 1
c K    1.2   56936   258376       100     100  26144     0  71  7.0 362.6   25
c [unhide-1] limit 1000000 with penalty 0 = 0 + 0
c [unhide-1-1] 0 units, 0 failed, 21541 tauts, 0 hbrs, 38 literals
c u    1.4   56936   236830       100     100  26144     0  71  7.0 362.6   26
c [transred-1] limit 100000 with penalty 0 = 0 + 0
c t    1.4   56936   236829       100     100  26135     0  71  7.0 362.6   26
c [block-1] scheduling all variables this time
c [block-1] scheduled 56936 variables 100%
c [block-1] limit of 10000000 steps penalty 0 = 0 + 0
c [block-1] fully completed blocked clause elimination
c [block-1] transition to [ all 0 rem 0 ] state
c [block-1] eliminated 4400 blocked clauses
c k    1.5   56936   232429       100     100  26135  4400  71  7.0 362.6   21
c [cce-1] scheduling all variables this time
c [cce-1] limit of 10000000 steps penalty 0 = 0 + 0
c [cce-1] incomplete covered clause elimination 51189 not tried 90%
c [cce-1] transition to [ all 1 rem 1 ] state
c [cce-1] eliminated 124 covered clauses
c E    1.9   56932   232305       100     100  35929  4399  71  7.0 362.6   21
c [elim-1] scheduling all variables this time
c [elim-1] scheduled 56932 variables 100%
c [elim-1] limit of 5000000 steps penalty 0 = 0 + 0
c [elim-1] incomplete variable elimination 42450 not tried 75%
c [elim-1] transition to [ all 1 rem 1 ] state
c [elim-1] eliminated 6119 = 11% variables out of 56932
c e    2.8   50813   228608       100      60  11246   569  71  7.0 362.6   21
c [phase-1] phase bias: 1963 positive 15%, 11215 negative 85%
c [simplification-1] removed 72577 variables 58%
c [simplification-1] limit increments divided by 30
c [simplification-1] arithmetic increase of conflict limit interval by 333
c [simplification-1] new irredundant limit 2264745
c [simplification-1] new conflict limit 433
c [simplification-1] simplification penalty reduced to 3
c [simplification-2] limit hit at 433 conflicts
c [simplification-2] simplification penalty of 3
c [ternres-2] limit 2000000 with penalty 1 = 1 + 0
c [ternres-2] 13341 schedulable variables 26%
c [ternres-2] 5 ternary resolvents (0 bin, 5 trn)
c [ternres-2] fully completed ternary resolution
c T    2.9   50813   228608       433     388  11248   577  36 15.5 920.0   26
c [gauss-2] limit 1000000 penalty 1 = 1 + 0
c [gauss-2] extracted 448 xors of average arity 3.0
c [gauss-2] connected 1344 occurrences of 885 variables (average 1.5)
c [gauss-2] limit 1000000 penalty 1 = 1 + 0
c [gauss-2] fully completed
c [gauss-2] exported 0 unary, 0 binary and 0 ternary equations
c G    3.0   50813   228608       433     388  11248   577  36 15.5 920.0   21
c [basicprobe-2] limit 500000 penalty 1 = 1 + 0
c [basicprobe-2-0] 4112 probes remain 8% after last round
c [basicprobe-2-0] removed 0 variables, found 763 hbrs
c p    3.1   50813   228608       433     388  12011   576  36 15.5 920.0   25
c [cgrclsr-2] limit 100000 penalty 1 = 1 + 0
c [cgrclsr-2] all 50813 free variables schedulable
c [cgrclsr-2] fully completed congruence closure
c [lift-2] limit 250000 with penalty 1 = 1 + 0
c [lift-2] using 50791 probes 100%
c [lift-2] 50778 variables remain 100% (35 retained)
c [cliff-2] limit of 10000000 steps penalty 0 = 0 + 0
c [cliff-2] failed 0, lifted 0
c [unhide-2] limit 1000000 with penalty 0 = 0 + 0
c [unhide-2-2] 0 units, 0 failed, 1081 tauts, 0 hbrs, 635 literals
c u    3.7   50813   228600       433     388  11760   576  36 15.5 920.0   25
c [transred-3] limit 100000 with penalty 0 = 0 + 0
c t    3.7   50813   228599       433     388  11757   576  36 15.5 920.0   25
c [block-2] scheduling all variables this time
c [block-2] scheduled 50813 variables 100%
c [block-2] limit of 10000000 steps penalty 0 = 0 + 0
c [block-2] fully completed blocked clause elimination
c [block-2] transition to [ all 0 rem 0 ] state
c [block-2] eliminated 0 blocked clauses
c [cce-2] 47929 variables 94% will be scheduled this time
c [cce-2] limit of 10000000 steps penalty 0 = 0 + 0
c [cce-2] 47487 variables 93% remain to be tried next time
c [cce-2] transition to [ all 0 rem 1 ] state
c [cce-2] eliminated 297 covered clauses
c E    4.1   50813   228302       433     388  12057   576  36 15.5 920.0   21
c [elim-2] 42406 variables 83% will be scheduled this time
c [elim-2] scheduled 42406 variables 83%
c [elim-2] limit of 5000000 steps penalty 0 = 0 + 0
c [elim-2] 32309 variables 64% remain to be tried next time
c [elim-2] transition to [ all 0 rem 1 ] state
c [elim-2] eliminated 1049 = 2% variables out of 50813
c e    5.1   49764   227881       433     382   7910   576  36 15.5 920.0   21
c [simplification-2] removed 1049 variables 2%
c [simplification-2] limit increments divided by 2
c [simplification-2] arithmetic increase of conflict limit interval by 5000
c [simplification-2] new irredundant limit 2264745
c [simplification-2] new conflict limit 5766
c [simplification-2] simplification penalty reduced to 2
c R    5.3   49764   227881       974     865   7924   617   6 11.2 527.3   26
c -    5.3   49764   227881      1136     500   7927   638   5 10.3 479.7   25
c 1    5.5   49764   227881      1762    1009   7954   717   6  9.1 358.2   26
c 
c  seconds         irredundant          redundant clauses agility   height
c          variables clauses conflicts large binary ternary    glue         MB
c 
c blkd: 2 bces, 4400 removed, 1353869 resolutions, 3793082 steps
c blkd: 4400 blocking literals 1%, 0 pure
c cces: 2 cces, 382 eliminated, 382 ate 100%, 0 abce 0%
c cces: 12378 probed, 1 lifted, 4 failed
c clff: 2 cliffs, 1 lifted, 0 failed
c clff: 6735 decisions, 20003658 steps
c clls: 1 sat, 0 simp, 0 freeze, 0 melt
c clls: 2132569 add, 0 assume,, 0 deref, 0 failed
c clls: 0 cassume, 0 mosat
c coll: 12 gcs, 0 rescored clauses
c cgrs: 2 count, 300000 esteps, 68147 csteps
c cgrs: 0 eqs, 0 units
c cgrs: 0 matched (0 ands 0%, 0 xors 0%, 0 ites 0%)
c cgrs: 0 simplified (0 ands 0%, 0 xors 0%, 0 ites 0%)
c cgrs: 2005 extracted (1687 ands 84%, 318 xors 16%, 0 ites 0%)
c dcps: 2 decompositions, 66453 equivalent 30%
c decs: 27319 decision, 25 random 0.092%
c decs: 5144 flipped 18.829% (in 12 phases)
c elms: 2 elims, 7168 eliminated 3%
c elms: 7168 small 100%, 0 large 0%
c elms: 24691 tried small, 7168 succeeded 29%, 17523 failed 71%
c elms: 0 subsumed, 0 strengthened, 0 blocked
c elms: 313336 copies, 218438 resolutions, 647468 ipos
c elms: 0 subchks, 0 strchks
c frcs: 0 computed, 29.0 - 71.0 average min-cut range
c gaus: 2 extractions, 166753 extracted, 2.0 size, 3 max
c gaus: exported 0 units, 0 binary and 0 ternary equations
c gaus: 0 gc, 6000066 steps, 3000033 extr 50%, 2249693 elim 37%
c glue: 9.1 avg, 2.9 scaled avg
c glue: 0 maxredglue=15 (0%)
c lift: 2 phases, 234 probed (78 level1 33%, 156 level2 67%)
c lift: 0 units, 0 equivalences, 1 implications
c hbrs: 37447 hbrs = 37447 trn 100% + 0 lrg 0%, 1 sub 0%
c lrnd: 1745 clauses, 1094 uips 63%, 34.8 length, 9.1 glue
c ints: 125 luby (11692 steps), 0 inout (0 steps)
c mins: 60775 learned lits, 4% minimized
c move: moved 4782, 382 binary 8%, 4400 ternary 92%
c otfs: str 47 dyn (32 red, 15 irr) 17 drv 36%, 30 rst 64%
c otfs: sub 0 dyn (0 red, 0 irr)
c phas: 1 computed, 13294 set, 1963 pos (15%), 11331 neg (85%)
c prbs: 2 basic, 1592 probed, 0 failed, 0 lifted
c prps: 9952902 props, 113 props/dec
c prps: 31% srch, 69% simp, 0% lkhd
c psns: 433503 searches, 37609 hits, 9% hit rate
c queu: 7998 new, 2862 del, 118 maximum priority
c queu: 5116 merged, 1589 collected, 2 gcs
c queu: 1792 deprioritized, 26.9 lines on average
c reds: 1 count, 0 reset, 1 acts 100%, 0 exp 0%
c reds: 1 arithmetic 100%, 1 double 100%
c rmbd: 8 removed, 0 red 0%
c rsts: 82 restarts 66%, 42 skipped 34%
c rsts: 7 kept 8.5% average 24.7%
c simp: 2 count (0 ilim 0%, 0 plim 0%, 2 clim 100%)
c trnr: 2 count, 0 bin, 5 trn, 5096767 steps
c tops: 99939 fixed 45%, 0 iterations
c trds: 4 transitive reductions, 14 removed, 0 failed
c trds: 187 nodes, 259 edges, 201162 steps
c unhd: 2 count, 2 rounds, 2425128 steps
c unhd: 0 non-trivial sccs of average size 0.0
c unhd: 0 units, 0 bin, 0 trn, 0 lrg
c unhd: 0 failed, 0 stamp, 0 lits, 0 bin, 0 trn, 0 lrg
c unhd: 22622 tauts, 0 bin 0%, 0 trn 0%, 0 lrg 0%
c unhd: 22622 tauts, 22622 stamp 100%, 1081 red 5%
c unhd: 0 hbrs, 0 trn 0%, 0 lrg 0%, 0 red 0%
c unhd: 673 strd, 0 bin 0%, 0 trn 0%, 673 lrg 100%, 673 red 100%
c vars: 49764 remaining 22% and 173560 removed 78% out of 223324
c vars: 99939 fixed 45%, 7168 eliminated 3%, 66453 equivalent 30%
c vsts: 45938055 visits, 31% srch, 69% simp, 0% lkhd
c vsts: 4.7 search visits per propagation 8206.4 per conflict
c wchs: 7967312 pushed, 3665552 enlarged, 20 defrags
c 
c scaledglue  added       reduced       forcing      resolved     conflicts
c 
c all      1560 100       500 100      5335 100      3085 100       234 100
c 
c  0          0   0         0   0         0   0         0   0         0   0 
c  1         13   1         0   0       105   2        25   1         1   0 
c  2        525  34       172  34      1577  30       841  27        62  26 
c  3        454  29<      163  33<     1273  24<      778  25        65  28 
c  4        248  16        95  19      1047  20       507  16<       37  16<
c  5        220  14        53  11      1172  22       729  24        54  23 
c  6         89   6        15   3       144   3       186   6        15   6 
c  7          6   0         0   0        11   0        12   0         0   0 
c  8          2   0         0   0         3   0         4   0         0   0 
c  9          2   0         1   0         2   0         2   0         0   0 
c 10          1   0         1   0         1   0         1   0         0   0 
c 11          0   0         0   0         0   0         0   0         0   0 
c 12          0   0         0   0         0   0         0   0         0   0 
c 13          0   0         0   0         0   0         0   0         0   0 
c 14          0   0         0   0         0   0         0   0         0   0 
c 15          0   0         0   0         0   0         0   0         0   0 
c 
c avg             3.3           3.2           3.4           3.6           3.5
c std             1.3           1.2           1.3           1.3           1.3
c 
c 27319 decisions, 1762 conflicts, 318.0 conflicts/sec
c 9952902 propagations, 1.8 megaprops/sec
c 5.5 seconds, 48.5 MB
c 
c    0.080   1% analysis
c    0.240   4% block
c    0.008   0% bump
c    0.000   0% card
c    0.716  13% cce
c    0.636  11% cliff
c    0.012   0% cutwidth
c    0.012   0% decide
c    0.000   0% force
c    0.496   9% gc
c    0.180   3% cgrclsr
c    0.212   4% decomp
c    0.136   2% defrag
c    1.860  34% elim
c    0.532  10% gauss
c    0.176   3% lift
c    0.036   1% mincls
c    0.024   0% phase
c    0.088   2% probe
c    0.004   0% reduce
c    0.056   1% restart
c    0.072   1% ternres
c    0.016   0% transred
c    0.204   4% unhide
c ==================================
c    0.016   0% preprocessing     0%
c    5.036  91% inprocessing    100%
c ==================================
c    5.052  91% simplifying
c    0.000   0% lookahead
c    0.476   9% search
c ==================================
c    5.540 100% all
c
s SATISFIABLE
