c
c This is glucose 2.1 --  based on MiniSAT (Many thanks to MiniSAT team)
c
c WARNING: for repeatability, setting FPU to use double precision
c ========================================[ Problem Statistics ]===========================================
c |                                                                                                       |
c |  Number of variables:        223091                                                                   |
c |  Number of clauses:          506421                                                                   |
c |  Parse time:                   0.15 s                                                                 |
c |                                                                                                       |
c ========================================[ MAGIC CONSTANTS ]==============================================
c | Constants are supposed to work well together :-)                                                      |
c | however, if you find better choices, please let us known...                                           |
c |-------------------------------------------------------------------------------------------------------|
c |                                |                                |                                     |
c | - Restarts:                    | - Reduce Clause DB:            | - Minimize Asserting:               |
c |   * LBD Queue    :     50      |   * First     :   4000         |    * size <  30                     |
c |   * Trail  Queue :   5000      |   * Inc       :    300         |    * lbd  <   6                     |
c |   * K            :   0.80      |   * Special   :   1000         |                                     |
c |   * R            :   1.40      |   * Protected :  (lbd)< 30     |                                     |
c |                                |                                |                                     |
c ==================================[ Search Statistics (every  10000 conflicts) ]=========================
c |                                                                                                       |
c |          RESTARTS           |          ORIGINAL         |              LEARNT              | Progress |
c |       NB   Blocked  Avg Cfc |    Vars  Clauses Literals |   Red   Learnts    LBD2  Removed |          |
c =========================================================================================================
c last restart ## conflicts  :  127 700 
c =========================================================================================================
c restarts              : 35 (135 conflicts in avg)
c blocked restarts      : 0 (multiple: 0) 
c last block at restart : 0
c nb ReduceDB           : 1
c nb removed Clauses    : 1995
c nb learnts DL2        : 142
c nb learnts size 2     : 70
c nb learnts size 1     : 0
c conflicts             : 4744           (2539 /sec)
c decisions             : 68841          (0.00 % random) (36850 /sec)
c propagations          : 11405448       (6105321 /sec)
c conflict literals     : 186462         (7.06 % deleted)
c nb reduced Clauses    : 9
c CPU time              : 1.86812 s
s SATISFIABLE
