c This is CryptoMiniSat 2.7.1
c WARNING: for repeatability, setting FPU to use double precision
c Reading file 'p19.cnf'
c -- header says num vars:         223091
c -- header says num clauses:      687910
c -- clauses added:            0 learnts,       687910 normals,            0 xors
c -- vars added     223091
c Parsing time:  0.29 s
c Ouptutting solution to console
c asymm  cl-useful: 1/6167/89206 lits-rem:1 time: 0.95
c Time to fill non-learnt binary watchlists: 0.03 s
c subs with bin:        0  lits-rem:         0  v-fix:    0  time:  0.04 s
c Subs w/ non-existent bins:      4 l-rem:      0 v-fix:     0 done:  29808 time:  2.24 s
c lits-rem:         0  cl-subs:   101818  v-elim:  70715  v-fix:    0  time:  0.44 s
c Finding binary XORs:         0.05 s (found:      14, avg size: 2.0)
c Replacing       14 vars Replaced      273 lits Time:     0.00 s 
c Finding non-binary XORs:     0.02 s (found:       0, avg size: -nan)
c watched sorting time: 0.00
c Calc default polars -  time:   0.01 s pos:    5918 undec:  206863 neg:   10310
c =========================================================================================
c types(t): F = full restart, N = normal restart
c types(t): S = simplification begin/end, E = solution found
c restart types(rt): st = static, dy = dynamic
c  t rt  Rest     Confl      Vars   NormCls    BinCls   Learnts    ClLits    LtLits
c  B st     0         0     50877     84642    162500         0    597449         0  no matrixes
c Finding binary XORs:         0.02 s (found:       0, avg size: -nan)
c  N dy     9      4392     50877     84642    162562      4246    597449    236976  no matrixes
c  N dy    23      8422     50877     84642    162602      8162    597449    392946  no matrixes
c  E dy    30      9358         0     84642    162620      9073    597449    427713  no matrixes
c Verified 84642 clauses.
c Solution needs extension. Extending.
c Verified 84642 clauses.
c        1 solution(s) found
c restarts              : 30         
c dynamic restarts      : 24         
c static restarts       : 6          
c full restarts         : 0          
c learnts DL2           : 0          
c learnts size 2        : 121        
c learnts size 1        : 101485      (45.49     % of vars)
c v-elim SatELite       : 70715       (31.70     % vars)
c SatELite time         : 2.73        (46.05     % time)
c v-elim xor            : 0           (0.00      % vars)
c xor elim time         : 0.00        (0.00      % time)
c num binary xor trees  : 14         
c binxor trees' crown   : 14          (1.00      leafs/tree)
c OTF clause improved   : 165         (0.02      clauses/conflict)
c OTF impr. size diff   : 174         (1.05       lits/clause)
c OTF cl watch-shrink   : 3240        (0.35      clauses/conflict)
c OTF cl watch-sh-lit   : 10916       (3.37       lits/clause)
c tried to recurMin cls : 1581        (16.89      % of conflicts)
c stopped recurMin      : 1575        (99.62      %)
c lits visited recurmin:: 1.24       
c conflicts             : 9358        (1579.58   / sec)
c decisions             : 103666      (0.87      % random)
c bogo-props            : 114518853   (19330131.81 / sec)
c conflict literals     : 435773      (7.03      % deleted)
c Memory used           : 139.17      MB
c CPU time              : 5.92        s
c 
s SATISFIABLE
