c This is CryptoMiniSat 2.7.1
c WARNING: for repeatability, setting FPU to use double precision
c Reading file 'p22.cnf'
c -- header says num vars:         213246
c -- header says num clauses:      663269
c -- clauses added:            0 learnts,       663269 normals,            0 xors
c -- vars added     213246
c Parsing time:  0.28 s
c Ouptutting solution to console
c asymm  cl-useful: 0/7627/92714 lits-rem:0 time: 0.93
c Time to fill non-learnt binary watchlists: 0.03 s
c subs with bin:        0  lits-rem:         0  v-fix:    0  time:  0.05 s
c Subs w/ non-existent bins:      2 l-rem:      0 v-fix:     0 done:  22032 time:  2.01 s
c lits-rem:         0  cl-subs:   103332  v-elim:  67015  v-fix:    0  time:  0.44 s
c Finding binary XORs:         0.05 s (found:       8, avg size: 2.0)
c Replacing        8 vars Replaced      134 lits Time:     0.00 s 
c Finding non-binary XORs:     0.02 s (found:       0, avg size: -nan)
c watched sorting time: 0.00
c Calc default polars -  time:   0.01 s pos:    5549 undec:  199150 neg:    8547
c =========================================================================================
c types(t): F = full restart, N = normal restart
c types(t): S = simplification begin/end, E = solution found
c restart types(rt): st = static, dy = dynamic
c  t rt  Rest     Confl      Vars   NormCls    BinCls   Learnts    ClLits    LtLits
c  B st     0         0     52091     89648    161136         0    604486         0  no matrixes
c Finding binary XORs:         0.02 s (found:       0, avg size: -nan)
c  N dy    20      4151     52091     89648    161205      3995    604486     84719  no matrixes
c  E dy    27      5198         0     89648    161252      4976    604486    104245  no matrixes
c Verified 89648 clauses.
c Solution needs extension. Extending.
c Verified 89648 clauses.
c        1 solution(s) found
c restarts              : 27         
c dynamic restarts      : 21         
c static restarts       : 6          
c full restarts         : 0          
c learnts DL2           : 0          
c learnts size 2        : 118        
c learnts size 1        : 94132       (44.14     % of vars)
c v-elim SatELite       : 67015       (31.43     % vars)
c SatELite time         : 2.50        (50.85     % time)
c v-elim xor            : 0           (0.00      % vars)
c xor elim time         : 0.00        (0.00      % time)
c num binary xor trees  : 8          
c binxor trees' crown   : 8           (1.00      leafs/tree)
c OTF clause improved   : 106         (0.02      clauses/conflict)
c OTF impr. size diff   : 114         (1.08       lits/clause)
c OTF cl watch-shrink   : 1352        (0.26      clauses/conflict)
c OTF cl watch-sh-lit   : 2720        (2.01       lits/clause)
c tried to recurMin cls : 1115        (21.45      % of conflicts)
c stopped recurMin      : 1111        (99.64      %)
c lits visited recurmin:: 1.16       
c conflicts             : 5198        (1057.30   / sec)
c decisions             : 57216       (0.88      % random)
c bogo-props            : 104784621   (21313685.46 / sec)
c conflict literals     : 106236      (13.20     % deleted)
c Memory used           : 147.73      MB
c CPU time              : 4.92        s
c 
s SATISFIABLE
