c This is CryptoMiniSat 2.7.1
c WARNING: for repeatability, setting FPU to use double precision
c Reading file 'p27.cnf'
c -- header says num vars:         215253
c -- header says num clauses:      668930
c -- clauses added:            0 learnts,       668930 normals,            0 xors
c -- vars added     215253
c Parsing time:  0.25 s
c Ouptutting solution to console
c asymm  cl-useful: 0/4791/92030 lits-rem:0 time: 0.89
c Time to fill non-learnt binary watchlists: 0.02 s
c subs with bin:        0  lits-rem:         0  v-fix:    0  time:  0.04 s
c Subs w/ non-existent bins:      4 l-rem:      0 v-fix:     0 done:  23219 time:  2.03 s
c lits-rem:         0  cl-subs:   103238  v-elim:  68055  v-fix:    0  time:  0.42 s
c Finding binary XORs:         0.05 s (found:      10, avg size: 2.0)
c Replacing       10 vars Replaced      157 lits Time:     0.00 s 
c Finding non-binary XORs:     0.02 s (found:       0, avg size: -nan)
c watched sorting time: 0.00
c Calc default polars -  time:   0.01 s pos:    5505 undec:  201047 neg:    8701
c =========================================================================================
c types(t): F = full restart, N = normal restart
c types(t): S = simplification begin/end, E = solution found
c restart types(rt): st = static, dy = dynamic
c  t rt  Rest     Confl      Vars   NormCls    BinCls   Learnts    ClLits    LtLits
c  B st     0         0     51565     89124    161202         0    604834         0  no matrixes
c Finding binary XORs:         0.01 s (found:       0, avg size: -nan)
c  N dy    22      4351     51565     89124    161284      4164    604834    129710  no matrixes
c  N dy    43      8473     51564     89124    161378      8140    604834    235453  no matrixes
c  N dy    64     12475     51564     89124    161470     11983    604834    360236  no matrixes
c  E dy    72     13592         0     89124    161492     13069    604834    392564  no matrixes
c Verified 89124 clauses.
c Solution needs extension. Extending.
c Verified 89124 clauses.
c        1 solution(s) found
c restarts              : 72         
c dynamic restarts      : 66         
c static restarts       : 6          
c full restarts         : 0          
c learnts DL2           : 0          
c learnts size 2        : 294        
c learnts size 1        : 95624       (44.42     % of vars)
c v-elim SatELite       : 68055       (31.62     % vars)
c SatELite time         : 2.50        (38.65     % time)
c v-elim xor            : 0           (0.00      % vars)
c xor elim time         : 0.00        (0.00      % time)
c num binary xor trees  : 10         
c binxor trees' crown   : 10          (1.00      leafs/tree)
c OTF clause improved   : 232         (0.02      clauses/conflict)
c OTF impr. size diff   : 246         (1.06       lits/clause)
c OTF cl watch-shrink   : 4453        (0.33      clauses/conflict)
c OTF cl watch-sh-lit   : 12433       (2.79       lits/clause)
c tried to recurMin cls : 2733        (20.11      % of conflicts)
c stopped recurMin      : 2718        (99.45      %)
c lits visited recurmin:: 1.20       
c conflicts             : 13592       (2101.29   / sec)
c decisions             : 173207      (0.80      % random)
c bogo-props            : 134503901   (20793985.81 / sec)
c conflict literals     : 397820      (9.95      % deleted)
c Memory used           : 138.31      MB
c CPU time              : 6.47        s
c 
s SATISFIABLE
