c This is CryptoMiniSat 2.7.1
c WARNING: for repeatability, setting FPU to use double precision
c Reading file 'p29.cnf'
c -- header says num vars:         232611
c -- header says num clauses:      719692
c -- clauses added:            0 learnts,       719692 normals,            0 xors
c -- vars added     232611
c Parsing time:  0.30 s
c Ouptutting solution to console
c asymm  cl-useful: 0/6687/95542 lits-rem:0 time: 0.96
c Time to fill non-learnt binary watchlists: 0.03 s
c subs with bin:        0  lits-rem:         0  v-fix:    0  time:  0.06 s
c Subs w/ non-existent bins:      4 l-rem:      0 v-fix:     0 done:  31475 time:  2.18 s
c lits-rem:         0  cl-subs:   108154  v-elim:  73619  v-fix:    0  time:  0.48 s
c Finding binary XORs:         0.05 s (found:      14, avg size: 2.0)
c Replacing       14 vars Replaced      273 lits Time:     0.00 s 
c Finding non-binary XORs:     0.02 s (found:       0, avg size: -nan)
c watched sorting time: 0.00
c Calc default polars -  time:   0.01 s pos:    6277 undec:  215663 neg:   10671
c =========================================================================================
c types(t): F = full restart, N = normal restart
c types(t): S = simplification begin/end, E = solution found
c restart types(rt): st = static, dy = dynamic
c  t rt  Rest     Confl      Vars   NormCls    BinCls   Learnts    ClLits    LtLits
c  B st     0         0     54309     91246    171948         0    635890         0  no matrixes
c Finding binary XORs:         0.02 s (found:       0, avg size: -nan)
c  N dy    21      4145     54309     91246    172038      4001    635890    136581  no matrixes
c  N dy    45      8209     54309     91246    172111      7937    635890    262379  no matrixes
c  N dy    71     12544     54309     91246    172213     12117    635890    377344  no matrixes
c  E dy   101     16741         0     91246    172299     16186    635890    497691  no matrixes
c Verified 91246 clauses.
c Solution needs extension. Extending.
c Verified 91246 clauses.
c        1 solution(s) found
c restarts              : 101        
c dynamic restarts      : 95         
c static restarts       : 6          
c full restarts         : 0          
c learnts DL2           : 0          
c learnts size 2        : 352        
c learnts size 1        : 104669      (45.00     % of vars)
c v-elim SatELite       : 73619       (31.65     % vars)
c SatELite time         : 2.71        (33.63     % time)
c v-elim xor            : 0           (0.00      % vars)
c xor elim time         : 0.00        (0.00      % time)
c num binary xor trees  : 14         
c binxor trees' crown   : 14          (1.00      leafs/tree)
c OTF clause improved   : 204         (0.01      clauses/conflict)
c OTF impr. size diff   : 211         (1.03       lits/clause)
c OTF cl watch-shrink   : 5570        (0.33      clauses/conflict)
c OTF cl watch-sh-lit   : 17516       (3.14       lits/clause)
c tried to recurMin cls : 3515        (21.00      % of conflicts)
c stopped recurMin      : 3504        (99.69      %)
c lits visited recurmin:: 1.24       
c conflicts             : 16741       (2075.89   / sec)
c decisions             : 273300      (0.83      % random)
c bogo-props            : 153314849   (19011069.87 / sec)
c conflict literals     : 503670      (9.57      % deleted)
c Memory used           : 154.84      MB
c CPU time              : 8.06        s
c 
s SATISFIABLE
