c This is CryptoMiniSat 2.7.1
c WARNING: for repeatability, setting FPU to use double precision
c Reading file 'p30.cnf'
c -- header says num vars:         219904
c -- header says num clauses:      682296
c -- clauses added:            0 learnts,       682296 normals,            0 xors
c -- vars added     219904
c Parsing time:  0.29 s
c Ouptutting solution to console
c asymm  cl-useful: 1/7000/93122 lits-rem:1 time: 0.93
c Time to fill non-learnt binary watchlists: 0.03 s
c subs with bin:        0  lits-rem:         0  v-fix:    0  time:  0.05 s
c Subs w/ non-existent bins:      3 l-rem:      0 v-fix:     0 done:  27230 time:  2.07 s
c lits-rem:         0  cl-subs:   104544  v-elim:  68960  v-fix:    0  time:  0.44 s
c Finding binary XORs:         0.05 s (found:      11, avg size: 2.0)
c Replacing       11 vars Replaced      176 lits Time:     0.01 s 
c Finding non-binary XORs:     0.02 s (found:       0, avg size: -nan)
c watched sorting time: 0.00
c Calc default polars -  time:   0.01 s pos:    6088 undec:  203930 neg:    9886
c =========================================================================================
c types(t): F = full restart, N = normal restart
c types(t): S = simplification begin/end, E = solution found
c restart types(rt): st = static, dy = dynamic
c  t rt  Rest     Confl      Vars   NormCls    BinCls   Learnts    ClLits    LtLits
c  B st     0         0     52951     89919    164154         0    612681         0  no matrixes
c Finding binary XORs:         0.02 s (found:       0, avg size: -nan)
c  E st     6      1922         0     89919    164173      1871    612681     73229  no matrixes
c Verified 89919 clauses.
c Solution needs extension. Extending.
c Verified 89919 clauses.
c        1 solution(s) found
c restarts              : 6          
c dynamic restarts      : 0          
c static restarts       : 6          
c full restarts         : 0          
c learnts DL2           : 0          
c learnts size 2        : 20         
c learnts size 1        : 97982       (44.56     % of vars)
c v-elim SatELite       : 68960       (31.36     % vars)
c SatELite time         : 2.55        (58.59     % time)
c v-elim xor            : 0           (0.00      % vars)
c xor elim time         : 0.00        (0.00      % time)
c num binary xor trees  : 11         
c binxor trees' crown   : 11          (1.00      leafs/tree)
c OTF clause improved   : 32          (0.02      clauses/conflict)
c OTF impr. size diff   : 40          (1.25       lits/clause)
c OTF cl watch-shrink   : 654         (0.34      clauses/conflict)
c OTF cl watch-sh-lit   : 1814        (2.77       lits/clause)
c tried to recurMin cls : 300         (15.61      % of conflicts)
c stopped recurMin      : 298         (99.33      %)
c lits visited recurmin:: 1.31       
c conflicts             : 1922        (441.20    / sec)
c decisions             : 23203       (0.88      % random)
c bogo-props            : 94037510    (21586693.85 / sec)
c conflict literals     : 74164       (7.13      % deleted)
c Memory used           : 152.02      MB
c CPU time              : 4.36        s
c 
s SATISFIABLE
