c This is CryptoMiniSat 2.7.1
c WARNING: for repeatability, setting FPU to use double precision
c Reading file 'p34.cnf'
c -- header says num vars:         229900
c -- header says num clauses:      712752
c -- clauses added:            0 learnts,       712752 normals,            0 xors
c -- vars added     229900
c Parsing time:  0.28 s
c Ouptutting solution to console
c asymm  cl-useful: 1/5365/95746 lits-rem:1 time: 0.89
c Time to fill non-learnt binary watchlists: 0.03 s
c subs with bin:        0  lits-rem:         0  v-fix:    0  time:  0.04 s
c Subs w/ non-existent bins:      4 l-rem:      0 v-fix:     0 done:  30535 time:  2.12 s
c lits-rem:         0  cl-subs:   108062  v-elim:  72664  v-fix:    0  time:  0.46 s
c Finding binary XORs:         0.05 s (found:      10, avg size: 2.0)
c Replacing       10 vars Replaced      172 lits Time:     0.01 s 
c Finding non-binary XORs:     0.02 s (found:       0, avg size: -nan)
c watched sorting time: 0.00
c Calc default polars -  time:   0.01 s pos:    5949 undec:  214205 neg:    9746
c =========================================================================================
c types(t): F = full restart, N = normal restart
c types(t): S = simplification begin/end, E = solution found
c restart types(rt): st = static, dy = dynamic
c  t rt  Rest     Confl      Vars   NormCls    BinCls   Learnts    ClLits    LtLits
c  B st     0         0     54272     92136    170847         0    635702         0  no matrixes
c Finding binary XORs:         0.02 s (found:       0, avg size: -nan)
c  E st     5       881         0     92136    170862       845    635702     40013  no matrixes
c Verified 92136 clauses.
c Solution needs extension. Extending.
c Verified 92136 clauses.
c        1 solution(s) found
c restarts              : 5          
c dynamic restarts      : 0          
c static restarts       : 5          
c full restarts         : 0          
c learnts DL2           : 0          
c learnts size 2        : 15         
c learnts size 1        : 102954      (44.78     % of vars)
c v-elim SatELite       : 72664       (31.61     % vars)
c SatELite time         : 2.63        (60.95     % time)
c v-elim xor            : 0           (0.00      % vars)
c xor elim time         : 0.00        (0.00      % time)
c num binary xor trees  : 10         
c binxor trees' crown   : 10          (1.00      leafs/tree)
c OTF clause improved   : 21          (0.02      clauses/conflict)
c OTF impr. size diff   : 22          (1.05       lits/clause)
c OTF cl watch-shrink   : 313         (0.36      clauses/conflict)
c OTF cl watch-sh-lit   : 873         (2.79       lits/clause)
c tried to recurMin cls : 106         (12.03      % of conflicts)
c stopped recurMin      : 105         (99.06      %)
c lits visited recurmin:: 1.21       
c conflicts             : 881         (204.30    / sec)
c decisions             : 21016       (0.77      % random)
c bogo-props            : 92126205    (21363742.61 / sec)
c conflict literals     : 41039       (6.19      % deleted)
c Memory used           : 152.28      MB
c CPU time              : 4.31        s
c 
s SATISFIABLE
