c This is CryptoMiniSat 2.7.1
c WARNING: for repeatability, setting FPU to use double precision
c Reading file 'p39.cnf'
c -- header says num vars:         236127
c -- header says num clauses:      731457
c -- clauses added:            0 learnts,       731457 normals,            0 xors
c -- vars added     236127
c Parsing time:  0.53 s
c Ouptutting solution to console
c asymm  cl-useful: 0/7243/97876 lits-rem:0 time: 1.72
c Time to fill non-learnt binary watchlists: 0.07 s
c subs with bin:        0  lits-rem:         0  v-fix:    0  time:  0.11 s
c Subs w/ non-existent bins:      4 l-rem:      0 v-fix:     0 done:  32157 time:  4.41 s
c lits-rem:         0  cl-subs:   110488  v-elim:  74794  v-fix:    0  time:  0.99 s
c Finding binary XORs:         0.11 s (found:      14, avg size: 2.0)
c Replacing       14 vars Replaced      273 lits Time:     0.01 s 
c Finding non-binary XORs:     0.04 s (found:       0, avg size: -nan)
c watched sorting time: 0.01
c Calc default polars -  time:   0.02 s pos:    6246 undec:  219241 neg:   10640
c =========================================================================================
c types(t): F = full restart, N = normal restart
c types(t): S = simplification begin/end, E = solution found
c restart types(rt): st = static, dy = dynamic
c  t rt  Rest     Confl      Vars   NormCls    BinCls   Learnts    ClLits    LtLits
c  B st     0         0     55468     93612    175474         0    650040         0  no matrixes
c Finding binary XORs:         0.04 s (found:       0, avg size: -nan)
c  N dy    12      4072     55468     93612    175555      3930    650040     98994  no matrixes
c  N dy    45      8129     55468     93612    175610      7887    650040    225916  no matrixes
c  N dy    71     12150     55468     93612    175675     11769    650040    334571  no matrixes
c  N dy    93     16290     55466     93612    175740     15789    650040    447734  no matrixes
c  E dy    97     17110         0     93612    175749     16588    650040    465544  no matrixes
c Verified 93612 clauses.
c Solution needs extension. Extending.
c Verified 93612 clauses.
c        1 solution(s) found
c restarts              : 97         
c dynamic restarts      : 91         
c static restarts       : 6          
c full restarts         : 0          
c learnts DL2           : 0          
c learnts size 2        : 277        
c learnts size 1        : 105853      (44.83     % of vars)
c v-elim SatELite       : 74794       (31.68     % vars)
c SatELite time         : 5.52        (35.78     % time)
c v-elim xor            : 0           (0.00      % vars)
c xor elim time         : 0.00        (0.00      % time)
c num binary xor trees  : 14         
c binxor trees' crown   : 14          (1.00      leafs/tree)
c OTF clause improved   : 246         (0.01      clauses/conflict)
c OTF impr. size diff   : 256         (1.04       lits/clause)
c OTF cl watch-shrink   : 5677        (0.33      clauses/conflict)
c OTF cl watch-sh-lit   : 16642       (2.93       lits/clause)
c tried to recurMin cls : 3423        (20.01      % of conflicts)
c stopped recurMin      : 3413        (99.71      %)
c lits visited recurmin:: 1.25       
c conflicts             : 17110       (1109.82   / sec)
c decisions             : 294304      (0.82      % random)
c bogo-props            : 156479466   (10149824.32 / sec)
c conflict literals     : 472386      (9.20      % deleted)
c Memory used           : 151.27      MB
c CPU time              : 15.42       s
c 
s SATISFIABLE
