c This is CryptoMiniSat 2.7.1
c WARNING: for repeatability, setting FPU to use double precision
c Reading file 'p42.cnf'
c -- header says num vars:         225310
c -- header says num clauses:      700515
c -- clauses added:            0 learnts,       700515 normals,            0 xors
c -- vars added     225310
c Parsing time:  0.50 s
c Ouptutting solution to console
c asymm  cl-useful: 0/6816/96704 lits-rem:0 time: 1.64
c Time to fill non-learnt binary watchlists: 0.07 s
c subs with bin:        0  lits-rem:         0  v-fix:    0  time:  0.10 s
c Subs w/ non-existent bins:      4 l-rem:      0 v-fix:     0 done:  29201 time:  4.01 s
c lits-rem:         0  cl-subs:   108214  v-elim:  70933  v-fix:    0  time:  0.93 s
c Finding binary XORs:         0.10 s (found:      11, avg size: 2.0)
c Replacing       11 vars Replaced      177 lits Time:     0.01 s 
c Finding non-binary XORs:     0.04 s (found:       0, avg size: -nan)
c watched sorting time: 0.01
c Calc default polars -  time:   0.01 s pos:    6168 undec:  209178 neg:    9964
c =========================================================================================
c types(t): F = full restart, N = normal restart
c types(t): S = simplification begin/end, E = solution found
c restart types(rt): st = static, dy = dynamic
c  t rt  Rest     Confl      Vars   NormCls    BinCls   Learnts    ClLits    LtLits
c  B st     0         0     54560     93665    169526         0    635042         0  no matrixes
c Finding binary XORs:         0.04 s (found:       0, avg size: -nan)
c  N dy    17      4055     54560     93665    169639      3904    635042    126160  no matrixes
c  N dy    39      8101     54560     93665    169714      7817    635042    234759  no matrixes
c  E dy    48     10083         0     93665    169760      9730    635042    282202  no matrixes
c Verified 93665 clauses.
c Solution needs extension. Extending.
c Verified 93665 clauses.
c        1 solution(s) found
c restarts              : 48         
c dynamic restarts      : 42         
c static restarts       : 6          
c full restarts         : 0          
c learnts DL2           : 0          
c learnts size 2        : 234        
c learnts size 1        : 99806       (44.30     % of vars)
c v-elim SatELite       : 70933       (31.48     % vars)
c SatELite time         : 5.04        (44.03     % time)
c v-elim xor            : 0           (0.00      % vars)
c xor elim time         : 0.00        (0.00      % time)
c num binary xor trees  : 11         
c binxor trees' crown   : 11          (1.00      leafs/tree)
c OTF clause improved   : 119         (0.01      clauses/conflict)
c OTF impr. size diff   : 130         (1.09       lits/clause)
c OTF cl watch-shrink   : 3710        (0.37      clauses/conflict)
c OTF cl watch-sh-lit   : 9941        (2.68       lits/clause)
c tried to recurMin cls : 2047        (20.30      % of conflicts)
c stopped recurMin      : 2042        (99.76      %)
c lits visited recurmin:: 1.26       
c conflicts             : 10083       (880.10    / sec)
c decisions             : 138136      (0.78      % random)
c bogo-props            : 125031521   (10913382.25 / sec)
c conflict literals     : 285615      (9.56      % deleted)
c Memory used           : 143.52      MB
c CPU time              : 11.46       s
c 
s SATISFIABLE
