c Lingeling SAT Solver
c 
c Version ala b02aa1a04343558c4252b5f4a723be021964f652
c 
c Copyright (C) 2010-2012 Armin Biere JKU Linz Austria.
c All rights reserved.
c 
c released Sat Oct 13 14:05:26 CEST 2012
c compiled Sat Feb 16 02:48:12 EST 2013
c 
c gcc (Debian 4.4.5-8) 4.4.5
c -Wall -O3 -DNLGLOG -DNDEBUG -DNCHKSOL -DNLGLPICOSAT 
c Linux greencar2 2.6.32-5-amd64 x86_64
c 
c reading input file p43.cnf
c no embedded options
c found 'p cnf 228255 708871' header
c read 228255 variables, 708871 clauses, 1475049 literals in 0.0 seconds
c
c feature vars 228255
c feature lits.total 1475049
c feature lits.pos 785281
c feature lits.neg 689768
c feature clauses.total 708871
c feature clauses.unit 84945
c feature clauses.bin 499074
c feature clauses.trn 123452
c feature clauses.lrg 1400
c feature cog.val.min 1
c feature cog.val.avg 101724
c feature cog.val.max 219913
c feature cog.var.min 1
c feature cog.var.avg 114128
c feature cog.var.max 228254
c
c
c --abstime=0
c --acts=2
c --actavgmax=120
c --actstdmin=20
c --actstdmax=80
c --agile=23
c --bias=2
c --block=1
c --blkrtc=0
c --blkclslim=2000
c --blkocclim=2000
c --blkmaxeff=2147483647
c --blkmineff=10000000
c --blkreleff=20
c --card=0
c --cce=3
c --ccemaxeff=100000000
c --ccemineff=5000000
c --ccereleff=3
c --check=0
c --cgrclsr=1
c --cgrmaxority=20
c --cgrmaxeff=8000000
c --cgrmineff=200000
c --cgreleff=1
c --cgrexteq=1
c --cgrextand=1
c --cgrextunits=1
c --cgrextite=1
c --cgrextxor=1
c --cliff=1
c --cliffreleff=8
c --cliffmineff=10000000
c --cliffmaxeff=100000000
c --compact=0
c --decompose=1
c --defragint=10000000
c --defragfree=50
c --elim=1
c --elmrtc=0
c --elmblk=1
c --elmclslim=1000
c --elmocclim=1000
c --elmaxeff=100000000
c --elmineff=5000000
c --elmreleff=10
c --sleeponabort=0
c --exitonabort=0
c --flipping=1
c --flipint=2
c --flipdur=50
c --fliptop=1
c --force=0
c --gauss=1
c --gaussextrall=1
c --gaussmaxor=20
c --gaussexptrn=1
c --gaussmaxeff=50000000
c --gaussmineff=2000000
c --gaussreleff=2
c --gluescale=2
c --gluekeep=0
c --inprocessing=1
c --cintinc=10000
c --irrlim=20
c --lift=1
c --lftmaxeff=20000000
c --lftmineff=500000
c --lftreleff=6
c --lhbr=1
c --lkhd=1
c --clim=-1
c --mocint=1000
c --move=2
c --log=-1
c --otfs=1
c --phase=0
c --phaseneginit=0
c --plain=0
c --probe=1
c --prbasicmaxeff=100000000
c --prbasicmineff=1000000
c --prbasicreleff=10
c --prbasic=1
c --prbasicroundlim=9
c --queuemergelim=10000
c --queuefactor=833
c --queueinc=20
c --rmincpen=4
c --seed=0
c --smallirr=90
c --smallve=1
c --smallvevars=12
c --randec=1
c --randecint=1000
c --redfixed=0
c --redlbound=0
c --redlexpfac=10
c --redldoutfac=0
c --redloutinc=10000
c --redlinit=1000
c --redlinc=1000
c --redinoutinc=100
c --redlmininc=10
c --redlmaxinc=200
c --redlminrel=10
c --redlmaxrel=300
c --redlminabs=500
c --redlmaxabs=1000000
c --reduce=1
c --restart=2
c --restartint=5
c --rstinoutinc=110
c --simplify=1
c --simpdelay=100
c --simpen=4
c --sizepen=1000000
c --sizemaxpen=3
c --sortlits=0
c --syncint=111111
c --termint=122222
c --ternres=1
c --ternresrtc=0
c --trnrmineff=4000000
c --trnrmaxeff=40000000
c --trnreleff=10
c --transred=1
c --trdmineff=100000
c --trdmaxeff=2000000
c --trdreleff=10
c --unhide=1
c --unhdextstamp=1
c --unhdhbr=0
c --unhdmaxeff=20000000
c --unhdmineff=1000000
c --unhdreleff=4
c --unhdlnpr=3
c --unhdroundlim=5
c --verbose=1
c --witness=1
c [limits] no conflict limit
c [limits] simplification delayed by 100 to 100 conflicts
c 
c  seconds         irredundant          redundant clauses agility   height
c          variables clauses conflicts large binary ternary    glue         MB
c 
c *    0.0  126652   532464         0       0      0     0  64  0.0   0.0   42
c [cut-width] 177813, max 274111, min4 120612 at 75%, min10 32549 at 90%
c [decision-order] bias 1, old 1
c [queue-schedule-all-variables]
c s    0.0  126652   532464         0       0      0     0  64  0.0   0.0   42
c [simplification-1] limit hit at 100 conflicts
c [simplification-1] simplification penalty of 4
c [ternres-1] limit 4000000 with penalty 0 = 0 + 0
c [ternres-1] all 126652 free variables schedulable
c [ternres-1] 0 ternary resolvents (0 bin, 0 trn)
c [ternres-1] 28186 variables remain 22% (98466 retained)
c [gauss-1] limit 2000000 penalty 0 = 0 + 0
c [gauss-1] extracted 164793 xors of average arity 2.0
c [gauss-1] connected 329588 occurrences of 113513 variables (average 2.9)
c [gauss-1] limit 2000000 penalty 0 = 0 + 0
c d    1.4   58568   266534       100      99      0     0  61  4.9 372.2   21
c [gauss-1] exported 0 unary, 2 binary and 0 ternary equations
c G    1.4   58568   266534       100      99      0     0  61  4.9 372.2   21
c [basicprobe-1] limit 1000000 penalty 0 = 0 + 0
c [basicprobe-1-0] 4004 probes remain 7% after last round
c [basicprobe-1-0] 1 units = 1 failed (100%) + 0 lifted (0%)
c [basicprobe-1-0] removed 1 variables, found 10374 hbrs
c p    1.7   58567   266534       100      99  10374     0  61  4.9 372.2   26
c [cgrclsr-1] limit 200000 penalty 0 = 0 + 0
c [cgrclsr-1] all 58567 free variables schedulable
c [cgrclsr-1] fully completed congruence closure
c [lift-1] limit 500000 with penalty 0 = 0 + 0
c [lift-1] using 58567 probes 100%
c [lift-1] 58533 variables remain 100% (34 retained)
c [cliff-1] limit of 10000000 steps penalty 0 = 0 + 0
c [cliff-1] failed 1, lifted 0
c K    2.7   58565   266529       100      99  25743     0  61  4.9 372.2   26
c [unhide-1] limit 1000000 with penalty 0 = 0 + 0
c [unhide-1-1] 0 units, 0 failed, 22354 tauts, 0 hbrs, 77 literals
c u    3.0   58565   244166       100      99  25743     0  61  4.9 372.2   26
c [transred-1] limit 100000 with penalty 0 = 0 + 0
c t    3.0   58565   244165       100      99  25736     0  61  4.9 372.2   26
c [block-1] scheduling all variables this time
c [block-1] scheduled 58565 variables 100%
c [block-1] limit of 10000000 steps penalty 0 = 0 + 0
c [block-1] fully completed blocked clause elimination
c [block-1] transition to [ all 0 rem 0 ] state
c [block-1] eliminated 4400 blocked clauses
c k    3.2   58565   239765       100      99  25736  4400  61  4.9 372.2   21
c [cce-1] scheduling all variables this time
c [cce-1] limit of 10000000 steps penalty 0 = 0 + 0
c [cce-1] incomplete covered clause elimination 53353 not tried 91%
c [cce-1] transition to [ all 1 rem 1 ] state
c [cce-1] eliminated 170 covered clauses
c E    4.0   58562   239595       100      99  32927  4400  61  4.9 372.2   21
c [elim-1] scheduling all variables this time
c [elim-1] scheduled 58562 variables 100%
c [elim-1] limit of 5000000 steps penalty 0 = 0 + 0
c [elim-1] incomplete variable elimination 44002 not tried 75%
c [elim-1] transition to [ all 1 rem 1 ] state
c [elim-1] eliminated 6226 = 11% variables out of 58562
c e    5.5   52336   235736       100      57  12813   589  61  4.9 372.2   21
c [phase-1] phase bias: 1683 positive 17%, 8484 negative 83%
c [simplification-1] removed 74316 variables 58%
c [simplification-1] limit increments divided by 30
c [simplification-1] arithmetic increase of conflict limit interval by 333
c [simplification-1] new irredundant limit 2325660
c [simplification-1] new conflict limit 433
c [simplification-1] simplification penalty reduced to 3
c [simplification-2] limit hit at 434 conflicts
c [simplification-2] simplification penalty of 3
c [ternres-2] limit 2000000 with penalty 1 = 1 + 0
c [ternres-2] 11615 schedulable variables 22%
c [ternres-2] 3 ternary resolvents (0 bin, 3 trn)
c [ternres-2] fully completed ternary resolution
c T    5.7   52336   235736       434     379  12814   601  26 11.4 734.2   26
c [gauss-2] limit 2000000 penalty 0 = 0 + 0
c [gauss-2] extracted 880 xors of average arity 3.0
c [gauss-2] connected 2640 occurrences of 1486 variables (average 1.8)
c [gauss-2] limit 2000000 penalty 0 = 0 + 0
c [gauss-2] fully completed
c [gauss-2] exported 0 unary, 0 binary and 0 ternary equations
c G    6.0   52336   235736       434     379  12814   601  26 11.4 734.2   21
c [basicprobe-2] limit 1000000 penalty 0 = 0 + 0
c [basicprobe-2-0] 3771 probes remain 7% after last round
c [basicprobe-2-0] removed 0 variables, found 1375 hbrs
c p    6.2   52336   235736       434     379  14189   601  26 11.4 734.2   26
c [cgrclsr-2] limit 100000 penalty 1 = 1 + 0
c [cgrclsr-2] all 52336 free variables schedulable
c [cgrclsr-2] fully completed congruence closure
c [lift-2] limit 250000 with penalty 1 = 1 + 0
c [lift-2] using 52309 probes 100%
c [lift-2] 52295 variables remain 100% (41 retained)
c [cliff-2] limit of 10000000 steps penalty 0 = 0 + 0
c [cliff-2] failed 0, lifted 0
c [unhide-2] limit 1000000 with penalty 0 = 0 + 0
c [unhide-2-2] 0 units, 0 failed, 2192 tauts, 0 hbrs, 438 literals
c u    7.3   52336   235720       434     379  13071   601  26 11.4 734.2   26
c [transred-3] limit 100000 with penalty 0 = 0 + 0
c t    7.3   52336   235720       434     379  13064   601  26 11.4 734.2   26
c [block-2] scheduling all variables this time
c [block-2] scheduled 52336 variables 100%
c [block-2] limit of 10000000 steps penalty 0 = 0 + 0
c [block-2] fully completed blocked clause elimination
c [block-2] transition to [ all 0 rem 0 ] state
c [block-2] eliminated 0 blocked clauses
c [cce-2] 49687 variables 95% will be scheduled this time
c [cce-2] limit of 10000000 steps penalty 0 = 0 + 0
c [cce-2] 49338 variables 94% remain to be tried next time
c [cce-2] transition to [ all 0 rem 1 ] state
c [cce-2] eliminated 297 covered clauses
c E    8.1   52336   235423       434     379  13537   601  26 11.4 734.2   21
c [elim-2] 43940 variables 84% will be scheduled this time
c [elim-2] scheduled 43940 variables 84%
c [elim-2] limit of 5000000 steps penalty 0 = 0 + 0
c [elim-2] 33974 variables 65% remain to be tried next time
c [elim-2] transition to [ all 0 rem 1 ] state
c [elim-2] eliminated 1109 = 2% variables out of 52336
c e    9.7   51227   234970       434     373   9119   600  26 11.4 734.2   21
c [phase-2] phase bias: 0 positive 0%, 0 negative 0%
c [simplification-2] removed 1109 variables 2%
c [simplification-2] limit increments divided by 2
c [simplification-2] arithmetic increase of conflict limit interval by 5000
c [simplification-2] new irredundant limit 2325660
c [simplification-2] new conflict limit 5767
c [simplification-2] simplification penalty reduced to 2
c R   10.2   51227   234970       983     862   9133   642   4  8.3 346.9   26
c -   10.5   51227   234970      1172     500   9146   677   3  7.6 300.8   26
c R   11.2   51227   234970      2274    1473   9185   764   7  8.8 283.8   26
c -   12.8   51227   234970      4222    1568   9270   939   7  7.8 246.2   26
c R   13.0   51227   234970      5182    2509   9272   956   9  9.3 254.4   27
c [simplification-3] limit hit at 5767 conflicts
c [simplification-3] simplification penalty of 2
c [ternres-3] limit 4000000 with penalty 0 = 0 + 0
c [ternres-3] all 51227 free variables schedulable
c [ternres-3] 151 ternary resolvents (0 bin, 151 trn)
c [ternres-3] 3099 variables remain 6% (48128 retained)
c 
c  seconds         irredundant          redundant clauses agility   height
c          variables clauses conflicts large binary ternary    glue         MB
c 
c T   13.6   51227   234970      5767    2977   9299  1187   4  8.9 246.8   27
c [gauss-3] limit 1000000 penalty 1 = 1 + 0
c [gauss-3] extracted 446 xors of average arity 3.0
c [gauss-3] connected 1338 occurrences of 1063 variables (average 1.3)
c [gauss-3] limit 1000000 penalty 1 = 1 + 0
c [gauss-3] fully completed
c [gauss-3] exported 0 unary, 0 binary and 0 ternary equations
c G   13.8   51227   234970      5767    2977   9299  1187   4  8.9 246.8   22
c [basicprobe-3] limit 500000 penalty 1 = 1 + 0
c [basicprobe-3-0] 3443 probes remain 7% after last round
c [basicprobe-3-0] 1 units = 1 failed (100%) + 0 lifted (0%)
c [basicprobe-3-0] removed 1 variables, found 308 hbrs
c p   14.0   51226   234970      5767    2977   9607  1183   4  8.9 246.8   26
c [cgrclsr-3] limit 73512 based on 588099 irredundant literals
c [cgrclsr-3] all 51226 free variables schedulable
c [cgrclsr-3] fully completed congruence closure
c [lift-3] limit 125000 with penalty 2 = 2 + 0
c [lift-3] using 51186 probes 100%
c [lift-3] 51172 variables remain 100% (54 retained)
c [cliff-3] limit of 5000000 steps penalty 1 = 1 + 0
c [cliff-3] failed 0, lifted 0
c [unhide-3] limit 1000000 with penalty 0 = 0 + 0
c [unhide-3-3] 0 units, 0 failed, 1295 tauts, 0 hbrs, 2614 literals
c u   14.9   51226   233693      5767    2958   9735  1162   4  8.9 246.8   26
c [transred-5] limit 633107 with penalty 0 = 0 + 0
c t   15.0   51226   233686      5767    2958   9710  1162   4  8.9 246.8   26
c [block-3] scheduling all variables this time
c [block-3] scheduled 51226 variables 100%
c [block-3] limit of 5000000 steps penalty 1 = 1 + 0
c [block-3] fully completed blocked clause elimination
c [block-3] transition to [ all 0 rem 0 ] state
c [block-3] eliminated 0 blocked clauses
c [cce-3] scheduling all variables this time
c [cce-3] limit of 10000000 steps penalty 0 = 0 + 0
c [cce-3] 48088 variables 94% remain to be tried next time
c [cce-3] transition to [ all 1 rem 1 ] state
c [cce-3] eliminated 194 covered clauses
c E   15.9   51226   233492      5767    2958  10127  1158   4  8.9 246.8   22
c [elim-3] scheduling all variables this time
c [elim-3] scheduled 51226 variables 100%
c [elim-3] limit of 5000000 steps penalty 0 = 0 + 0
c [elim-3] 32460 variables 63% remain to be tried next time
c [elim-3] transition to [ all 1 rem 1 ] state
c [elim-3] eliminated 470 = 1% variables out of 51226
c e   17.5   50756   233135      5767    2925   9195  1153   4  8.9 246.8   22
c [simplification-3] removed 471 variables 0%
c [simplification-3] no reduction of limit increments
c [simplification-3] arithmetic increase of conflict limit interval by 10000
c [simplification-3] new irredundant limit 2325660
c [simplification-3] new conflict limit 21100
c [simplification-3] simplification penalty reduced to 1
c -   19.3   50756   233135      8246    2523   9310  1375   6  8.3 235.4   26
c 1   20.7   50756   233135     11180    5255   9360  1516   4  8.7 253.5   27
c 
c  seconds         irredundant          redundant clauses agility   height
c          variables clauses conflicts large binary ternary    glue         MB
c 
c blkd: 3 bces, 4400 removed, 2087208 resolutions, 5807907 steps
c blkd: 4400 blocking literals 1%, 0 pure
c cces: 3 cces, 648 eliminated, 648 ate 100%, 0 abce 0%
c cces: 16728 probed, 1 lifted, 3 failed
c clff: 3 cliffs, 0 lifted, 1 failed
c clff: 11398 decisions, 25019780 steps
c clls: 1 sat, 0 simp, 0 freeze, 0 melt
c clls: 2183920 add, 0 assume,, 0 deref, 0 failed
c clls: 0 cassume, 0 mosat
c coll: 19 gcs, 0 rescored clauses
c cgrs: 3 count, 373532 esteps, 75081 csteps
c cgrs: 0 eqs, 0 units
c cgrs: 0 matched (0 ands 0%, 0 xors 0%, 0 ites 0%)
c cgrs: 0 simplified (0 ands 0%, 0 xors 0%, 0 ites 0%)
c cgrs: 2002 extracted (1733 ands 87%, 269 xors 13%, 0 ites 0%)
c dcps: 4 decompositions, 68084 equivalent 30%
c decs: 195129 decision, 201 random 0.103%
c decs: 44894 flipped 23.007% (in 64 phases)
c elms: 3 elims, 7805 eliminated 3%
c elms: 7805 small 100%, 0 large 0%
c elms: 35775 tried small, 7805 succeeded 22%, 27970 failed 78%
c elms: 0 subsumed, 0 strengthened, 0 blocked
c elms: 473232 copies, 324986 resolutions, 979532 ipos
c elms: 0 subchks, 0 strchks
c frcs: 0 computed, 21.8 - 78.2 average min-cut range
c gaus: 3 extractions, 166119 extracted, 2.0 size, 3 max
c gaus: exported 0 units, 2 binary and 0 ternary equations
c gaus: 0 gc, 10000178 steps, 5000089 extr 50%, 2336201 elim 23%
c glue: 8.7 avg, 2.8 scaled avg
c glue: 0 maxredglue=15 (0%)
c lift: 3 phases, 372 probed (124 level1 33%, 248 level2 67%)
c lift: 0 units, 0 equivalences, 0 implications
c hbrs: 36065 hbrs = 36065 trn 100% + 0 lrg 0%, 17 sub 0%
c lrnd: 11103 clauses, 6730 uips 61%, 35.0 length, 8.7 glue
c ints: 511 luby (67103 steps), 0 inout (0 steps)
c mins: 388915 learned lits, 5% minimized
c move: moved 5048, 648 binary 13%, 4400 ternary 87%
c otfs: str 438 dyn (384 red, 54 irr) 77 drv 18%, 361 rst 82%
c otfs: sub 2 dyn (2 red, 0 irr)
c phas: 2 computed, 10334 set, 1683 pos (16%), 8651 neg (84%)
c prbs: 3 basic, 3077 probed, 2 failed, 0 lifted
c prps: 31383101 props, 114 props/dec
c prps: 71% srch, 29% simp, 0% lkhd
c psns: 1141687 searches, 235654 hits, 21% hit rate
c queu: 47858 new, 18651 del, 120 maximum priority
c queu: 29170 merged, 25103 collected, 5 gcs
c queu: 11541 deprioritized, 25.4 lines on average
c reds: 3 count, 0 reset, 3 acts 100%, 0 exp 0%
c reds: 3 arithmetic 100%, 3 double 100%
c rmbd: 19 removed, 1 red 5%
c rsts: 452 restarts 89%, 58 skipped 11%
c rsts: 63 kept 13.9% average 36.3%
c simp: 3 count (0 ilim 0%, 0 plim 0%, 3 clim 100%)
c trnr: 3 count, 0 bin, 154 trn, 8940532 steps
c tops: 101610 fixed 45%, 0 iterations
c trds: 6 transitive reductions, 47 removed, 0 failed
c trds: 913 nodes, 1259 edges, 834072 steps
c unhd: 3 count, 3 rounds, 3714067 steps
c unhd: 0 non-trivial sccs of average size 0.0
c unhd: 0 units, 0 bin, 0 trn, 0 lrg
c unhd: 0 failed, 0 stamp, 0 lits, 0 bin, 0 trn, 0 lrg
c unhd: 25841 tauts, 0 bin 0%, 548 trn 2%, 6 lrg 0%
c unhd: 25841 tauts, 25287 stamp 98%, 2220 red 9%
c unhd: 0 hbrs, 0 trn 0%, 0 lrg 0%, 0 red 0%
c unhd: 3129 strd, 0 bin 0%, 5 trn 0%, 3124 lrg 100%, 3127 red 100%
c vars: 50756 remaining 22% and 177499 removed 78% out of 228255
c vars: 101610 fixed 45%, 7805 eliminated 3%, 68084 equivalent 30%
c vsts: 156400355 visits, 74% srch, 26% simp, 0% lkhd
c vsts: 5.2 search visits per propagation 10301.1 per conflict
c wchs: 14039921 pushed, 5612627 enlarged, 32 defrags
c 
c scaledglue  added       reduced       forcing      resolved     conflicts
c 
c all      9968 100      4591 100     72842 100     23232 100      2123 100
c 
c  0          0   0         0   0         0   0         0   0         0   0 
c  1         89   1        29   1      1073   1       212   1         7   0 
c  2       3541  36      1778  39     31155  43      6898  30       608  29 
c  3       3404  34<     1245  27<    30506  42<     9325  40<      904  43<
c  4       1684  17       900  20      7756  11      4241  18       418  20 
c  5        624   6       318   7      1278   2      1290   6        94   4 
c  6        370   4       148   3       616   1       748   3        58   3 
c  7        108   1        75   2       189   0       212   1         9   0 
c  8         68   1        39   1        96   0       134   1        10   0 
c  9         22   0        14   0        56   0        49   0         4   0 
c 10         40   0        29   1        81   0        91   0         9   0 
c 11          9   0         7   0        17   0        17   0         1   0 
c 12          9   0         9   0        19   0        15   0         1   0 
c 13          0   0         0   0         0   0         0   0         0   0 
c 14          0   0         0   0         0   0         0   0         0   0 
c 15          0   0         0   0         0   0         0   0         0   0 
c 
c avg             3.2           3.2           2.7           3.2           3.2
c std             1.4           1.5           0.9           1.3           1.2
c 
c 195129 decisions, 11180 conflicts, 539.3 conflicts/sec
c 31383101 propagations, 1.5 megaprops/sec
c 20.7 seconds, 49.1 MB
c 
c    1.028   5% analysis
c    0.708   3% block
c    0.084   0% bump
c    0.000   0% card
c    1.976  10% cce
c    1.456   7% cliff
c    0.028   0% cutwidth
c    0.332   2% decide
c    0.000   0% force
c    1.468   7% gc
c    0.660   3% cgrclsr
c    0.724   3% decomp
c    0.400   2% defrag
c    4.780  23% elim
c    1.696   8% gauss
c    0.480   2% lift
c    0.156   1% mincls
c    0.084   0% phase
c    0.260   1% probe
c    0.024   0% reduce
c    0.536   3% restart
c    0.236   1% ternres
c    0.092   0% transred
c    0.656   3% unhide
c ==================================
c    0.036   0% preprocessing     0%
c   13.789  67% inprocessing    100%
c ==================================
c   13.825  67% simplifying
c    0.000   0% lookahead
c    6.888  33% search
c ==================================
c   20.729 100% all
c
s SATISFIABLE
