c This is CryptoMiniSat 2.7.1
c WARNING: for repeatability, setting FPU to use double precision
c Reading file 'p44.cnf'
c -- header says num vars:         230442
c -- header says num clauses:      714602
c -- clauses added:            0 learnts,       714602 normals,            0 xors
c -- vars added     230442
c Parsing time:  0.52 s
c Ouptutting solution to console
c asymm  cl-useful: 1/5845/96094 lits-rem:1 time: 1.56
c Time to fill non-learnt binary watchlists: 0.08 s
c subs with bin:        0  lits-rem:         0  v-fix:    0  time:  0.11 s
c Subs w/ non-existent bins:      4 l-rem:      0 v-fix:     0 done:  30891 time:  4.10 s
c lits-rem:         0  cl-subs:   108306  v-elim:  72509  v-fix:    0  time:  0.91 s
c Finding binary XORs:         0.10 s (found:      12, avg size: 2.0)
c Replacing       12 vars Replaced      214 lits Time:     0.01 s 
c Finding non-binary XORs:     0.04 s (found:       0, avg size: -nan)
c watched sorting time: 0.01
c Calc default polars -  time:   0.01 s pos:    6608 undec:  213432 neg:   10402
c =========================================================================================
c types(t): F = full restart, N = normal restart
c types(t): S = simplification begin/end, E = solution found
c restart types(rt): st = static, dy = dynamic
c  t rt  Rest     Confl      Vars   NormCls    BinCls   Learnts    ClLits    LtLits
c  B st     0         0     54773     92434    171673         0    637907         0  no matrixes
c Finding binary XORs:         0.04 s (found:       0, avg size: -nan)
c  E st     6      1788         0     92434    171686      1746    637907    105318  no matrixes
c Verified 92434 clauses.
c Solution needs extension. Extending.
c Verified 92434 clauses.
c        1 solution(s) found
c restarts              : 6          
c dynamic restarts      : 0          
c static restarts       : 6          
c full restarts         : 0          
c learnts DL2           : 0          
c learnts size 2        : 13         
c learnts size 1        : 103148      (44.76     % of vars)
c v-elim SatELite       : 72509       (31.47     % vars)
c SatELite time         : 5.12        (61.32     % time)
c v-elim xor            : 0           (0.00      % vars)
c xor elim time         : 0.00        (0.00      % time)
c num binary xor trees  : 12         
c binxor trees' crown   : 12          (1.00      leafs/tree)
c OTF clause improved   : 29          (0.02      clauses/conflict)
c OTF impr. size diff   : 30          (1.03       lits/clause)
c OTF cl watch-shrink   : 725         (0.41      clauses/conflict)
c OTF cl watch-sh-lit   : 1993        (2.75       lits/clause)
c tried to recurMin cls : 176         (9.84       % of conflicts)
c stopped recurMin      : 176         (100.00     %)
c lits visited recurmin:: 1.20       
c conflicts             : 1788        (213.96    / sec)
c decisions             : 24708       (0.91      % random)
c bogo-props            : 94049463    (11254618.01 / sec)
c conflict literals     : 108198      (7.73      % deleted)
c Memory used           : 152.79      MB
c CPU time              : 8.36        s
c 
s SATISFIABLE
