c This is CryptoMiniSat 2.7.1
c WARNING: for repeatability, setting FPU to use double precision
c Reading file 'p45.cnf'
c -- header says num vars:         229693
c -- header says num clauses:      713638
c -- clauses added:            0 learnts,       713638 normals,            0 xors
c -- vars added     229693
c Parsing time:  0.48 s
c Ouptutting solution to console
c asymm  cl-useful: 0/7137/97614 lits-rem:0 time: 1.69
c Time to fill non-learnt binary watchlists: 0.06 s
c subs with bin:        0  lits-rem:         0  v-fix:    0  time:  0.11 s
c Subs w/ non-existent bins:      4 l-rem:      0 v-fix:     0 done:  30413 time:  3.99 s
c lits-rem:         0  cl-subs:   109426  v-elim:  72000  v-fix:    0  time:  0.92 s
c Finding binary XORs:         0.10 s (found:      12, avg size: 2.0)
c Replacing       12 vars Replaced      204 lits Time:     0.01 s 
c Finding non-binary XORs:     0.04 s (found:       0, avg size: -nan)
c watched sorting time: 0.01
c Calc default polars -  time:   0.01 s pos:    6884 undec:  212330 neg:   10479
c =========================================================================================
c types(t): F = full restart, N = normal restart
c types(t): S = simplification begin/end, E = solution found
c restart types(rt): st = static, dy = dynamic
c  t rt  Rest     Confl      Vars   NormCls    BinCls   Learnts    ClLits    LtLits
c  B st     0         0     55602     94406    172515         0    644444         0  no matrixes
c Finding binary XORs:         0.04 s (found:       0, avg size: -nan)
c  E dy     8      2867         0     94406    172556      2753    644444    111524  no matrixes
c Verified 94406 clauses.
c Solution needs extension. Extending.
c Verified 94406 clauses.
c        1 solution(s) found
c restarts              : 8          
c dynamic restarts      : 2          
c static restarts       : 6          
c full restarts         : 0          
c learnts DL2           : 0          
c learnts size 2        : 41         
c learnts size 1        : 102079      (44.44     % of vars)
c v-elim SatELite       : 72000       (31.35     % vars)
c SatELite time         : 5.02        (57.70     % time)
c v-elim xor            : 0           (0.00      % vars)
c xor elim time         : 0.00        (0.00      % time)
c num binary xor trees  : 12         
c binxor trees' crown   : 12          (1.00      leafs/tree)
c OTF clause improved   : 73          (0.03      clauses/conflict)
c OTF impr. size diff   : 82          (1.12       lits/clause)
c OTF cl watch-shrink   : 887         (0.31      clauses/conflict)
c OTF cl watch-sh-lit   : 2337        (2.63       lits/clause)
c tried to recurMin cls : 378         (13.18      % of conflicts)
c stopped recurMin      : 378         (100.00     %)
c lits visited recurmin:: 1.24       
c conflicts             : 2867        (329.52    / sec)
c decisions             : 33297       (0.93      % random)
c bogo-props            : 97370028    (11191258.75 / sec)
c conflict literals     : 115513      (8.19      % deleted)
c Memory used           : 143.44      MB
c CPU time              : 8.70        s
c 
s SATISFIABLE
