c This is CryptoMiniSat 2.7.1
c WARNING: for repeatability, setting FPU to use double precision
c Reading file 'p47.cnf'
c -- header says num vars:         231144
c -- header says num clauses:      716728
c -- clauses added:            0 learnts,       716728 normals,            0 xors
c -- vars added     231144
c Parsing time:  0.53 s
c Ouptutting solution to console
c asymm  cl-useful: 0/5215/96564 lits-rem:0 time: 1.85
c Time to fill non-learnt binary watchlists: 0.08 s
c subs with bin:        0  lits-rem:         0  v-fix:    0  time:  0.12 s
c Subs w/ non-existent bins:      4 l-rem:      0 v-fix:     0 done:  31021 time:  4.25 s
c lits-rem:         0  cl-subs:   108776  v-elim:  72610  v-fix:    0  time:  1.00 s
c Finding binary XORs:         0.10 s (found:      12, avg size: 2.0)
c Replacing       12 vars Replaced      195 lits Time:     0.01 s 
c Finding non-binary XORs:     0.05 s (found:       0, avg size: -nan)
c watched sorting time: 0.01
c Calc default polars -  time:   0.01 s pos:    6817 undec:  213716 neg:   10611
c =========================================================================================
c types(t): F = full restart, N = normal restart
c types(t): S = simplification begin/end, E = solution found
c restart types(rt): st = static, dy = dynamic
c  t rt  Rest     Confl      Vars   NormCls    BinCls   Learnts    ClLits    LtLits
c  B st     0         0     55142     93028    172110         0    640232         0  no matrixes
c Finding binary XORs:         0.04 s (found:       0, avg size: -nan)
c  E st     5      1316         0     93028    172135      1281    640232     45949  no matrixes
c Verified 93028 clauses.
c Solution needs extension. Extending.
c Verified 93028 clauses.
c        1 solution(s) found
c restarts              : 5          
c dynamic restarts      : 0          
c static restarts       : 5          
c full restarts         : 0          
c learnts DL2           : 0          
c learnts size 2        : 25         
c learnts size 1        : 103380      (44.73     % of vars)
c v-elim SatELite       : 72610       (31.41     % vars)
c SatELite time         : 5.37        (60.31     % time)
c v-elim xor            : 0           (0.00      % vars)
c xor elim time         : 0.00        (0.00      % time)
c num binary xor trees  : 12         
c binxor trees' crown   : 12          (1.00      leafs/tree)
c OTF clause improved   : 10          (0.01      clauses/conflict)
c OTF impr. size diff   : 10          (1.00       lits/clause)
c OTF cl watch-shrink   : 442         (0.34      clauses/conflict)
c OTF cl watch-sh-lit   : 1417        (3.21       lits/clause)
c tried to recurMin cls : 266         (20.21      % of conflicts)
c stopped recurMin      : 266         (100.00     %)
c lits visited recurmin:: 1.22       
c conflicts             : 1316        (147.86    / sec)
c decisions             : 21746       (0.84      % random)
c bogo-props            : 93471524    (10501762.36 / sec)
c conflict literals     : 46217       (7.01      % deleted)
c Memory used           : 146.90      MB
c CPU time              : 8.90        s
c 
s SATISFIABLE
