c This is CryptoMiniSat 2.7.1
c WARNING: for repeatability, setting FPU to use double precision
c Reading file 'p49.cnf'
c -- header says num vars:         234817
c -- header says num clauses:      727139
c -- clauses added:            0 learnts,       727139 normals,            0 xors
c -- vars added     234817
c Parsing time:  0.50 s
c Ouptutting solution to console
c asymm  cl-useful: 0/7466/96992 lits-rem:0 time: 1.60
c Time to fill non-learnt binary watchlists: 0.08 s
c subs with bin:        0  lits-rem:         0  v-fix:    0  time:  0.11 s
c Subs w/ non-existent bins:      4 l-rem:      0 v-fix:     0 done:  32726 time:  4.24 s
c lits-rem:         0  cl-subs:   109604  v-elim:  74094  v-fix:    0  time:  0.96 s
c Finding binary XORs:         0.10 s (found:      14, avg size: 2.0)
c Replacing       14 vars Replaced      273 lits Time:     0.01 s 
c Finding non-binary XORs:     0.04 s (found:       0, avg size: -nan)
c watched sorting time: 0.01
c Calc default polars -  time:   0.01 s pos:    6608 undec:  217207 neg:   11002
c =========================================================================================
c types(t): F = full restart, N = normal restart
c types(t): S = simplification begin/end, E = solution found
c restart types(rt): st = static, dy = dynamic
c  t rt  Rest     Confl      Vars   NormCls    BinCls   Learnts    ClLits    LtLits
c  B st     0         0     55284     93016    174064         0    645168         0  no matrixes
c Finding binary XORs:         0.04 s (found:       0, avg size: -nan)
c  N dy    17      4030     55284     93016    174132      3895    645168    131529  no matrixes
c  E dy    20      4489         0     93016    174144      4338    645168    142341  no matrixes
c Verified 93016 clauses.
c Solution needs extension. Extending.
c Verified 93016 clauses.
c        1 solution(s) found
c restarts              : 20         
c dynamic restarts      : 14         
c static restarts       : 6          
c full restarts         : 0          
c learnts DL2           : 0          
c learnts size 2        : 80         
c learnts size 1        : 105425      (44.90     % of vars)
c v-elim SatELite       : 74094       (31.55     % vars)
c SatELite time         : 5.30        (53.77     % time)
c v-elim xor            : 0           (0.00      % vars)
c xor elim time         : 0.00        (0.00      % time)
c num binary xor trees  : 14         
c binxor trees' crown   : 14          (1.00      leafs/tree)
c OTF clause improved   : 71          (0.02      clauses/conflict)
c OTF impr. size diff   : 77          (1.08       lits/clause)
c OTF cl watch-shrink   : 1612        (0.36      clauses/conflict)
c OTF cl watch-sh-lit   : 5270        (3.27       lits/clause)
c tried to recurMin cls : 781         (17.40      % of conflicts)
c stopped recurMin      : 779         (99.74      %)
c lits visited recurmin:: 1.30       
c conflicts             : 4489        (455.06    / sec)
c decisions             : 95647       (0.79      % random)
c bogo-props            : 108046940   (10952979.82 / sec)
c conflict literals     : 147005      (7.42      % deleted)
c Memory used           : 150.83      MB
c CPU time              : 9.86        s
c 
s SATISFIABLE
