c This is CryptoMiniSat 2.7.1
c WARNING: for repeatability, setting FPU to use double precision
c Reading file 'p56.cnf'
c -- header says num vars:         226788
c -- header says num clauses:      704075
c -- clauses added:            0 learnts,       704075 normals,            0 xors
c -- vars added     226788
c Parsing time:  0.50 s
c Ouptutting solution to console
c asymm  cl-useful: 3/5517/95662 lits-rem:3 time: 1.66
c Time to fill non-learnt binary watchlists: 0.07 s
c subs with bin:        0  lits-rem:         0  v-fix:    0  time:  0.10 s
c Subs w/ non-existent bins:      3 l-rem:      0 v-fix:     0 done:  30543 time:  4.05 s
c lits-rem:         0  cl-subs:   107474  v-elim:  71158  v-fix:    0  time:  0.96 s
c Finding binary XORs:         0.10 s (found:      13, avg size: 2.0)
c Replacing       13 vars Replaced      238 lits Time:     0.01 s 
c Finding non-binary XORs:     0.04 s (found:       0, avg size: -nan)
c watched sorting time: 0.01
c Calc default polars -  time:   0.02 s pos:    6601 undec:  209992 neg:   10195
c =========================================================================================
c types(t): F = full restart, N = normal restart
c types(t): S = simplification begin/end, E = solution found
c restart types(rt): st = static, dy = dynamic
c  t rt  Rest     Confl      Vars   NormCls    BinCls   Learnts    ClLits    LtLits
c  B st     0         0     54491     92326    169794         0    632897         0  no matrixes
c Finding binary XORs:         0.04 s (found:       0, avg size: -nan)
c  E dy    10      2988         0     92326    169868      2879    632897    136331  no matrixes
c Verified 92326 clauses.
c Solution needs extension. Extending.
c Verified 92326 clauses.
c        1 solution(s) found
c restarts              : 10         
c dynamic restarts      : 4          
c static restarts       : 6          
c full restarts         : 0          
c learnts DL2           : 0          
c learnts size 2        : 74         
c learnts size 1        : 101126      (44.59     % of vars)
c v-elim SatELite       : 71158       (31.38     % vars)
c SatELite time         : 5.11        (56.11     % time)
c v-elim xor            : 0           (0.00      % vars)
c xor elim time         : 0.00        (0.00      % time)
c num binary xor trees  : 13         
c binxor trees' crown   : 13          (1.00      leafs/tree)
c OTF clause improved   : 35          (0.01      clauses/conflict)
c OTF impr. size diff   : 35          (1.00       lits/clause)
c OTF cl watch-shrink   : 944         (0.32      clauses/conflict)
c OTF cl watch-sh-lit   : 2905        (3.08       lits/clause)
c tried to recurMin cls : 535         (17.90      % of conflicts)
c stopped recurMin      : 534         (99.81      %)
c lits visited recurmin:: 1.27       
c conflicts             : 2988        (328.19    / sec)
c decisions             : 55527       (0.79      % random)
c bogo-props            : 100263284   (11012414.10 / sec)
c conflict literals     : 138149      (5.38      % deleted)
c Memory used           : 155.20      MB
c CPU time              : 9.10        s
c 
s SATISFIABLE
