c This is CryptoMiniSat 2.7.1
c WARNING: for repeatability, setting FPU to use double precision
c Reading file 'p58.cnf'
c -- header says num vars:         231328
c -- header says num clauses:      717524
c -- clauses added:            0 learnts,       717524 normals,            0 xors
c -- vars added     231328
c Parsing time:  0.50 s
c Ouptutting solution to console
c asymm  cl-useful: 1/6699/96680 lits-rem:1 time: 1.59
c Time to fill non-learnt binary watchlists: 0.06 s
c subs with bin:        0  lits-rem:         0  v-fix:    0  time:  0.10 s
c Subs w/ non-existent bins:      4 l-rem:      0 v-fix:     0 done:  31130 time:  4.20 s
c lits-rem:         0  cl-subs:   108892  v-elim:  72801  v-fix:    0  time:  0.90 s
c Finding binary XORs:         0.10 s (found:      12, avg size: 2.0)
c Replacing       12 vars Replaced      224 lits Time:     0.01 s 
c Finding non-binary XORs:     0.04 s (found:       0, avg size: -nan)
c watched sorting time: 0.01
c Calc default polars -  time:   0.01 s pos:    6658 undec:  214217 neg:   10453
c =========================================================================================
c types(t): F = full restart, N = normal restart
c types(t): S = simplification begin/end, E = solution found
c restart types(rt): st = static, dy = dynamic
c  t rt  Rest     Confl      Vars   NormCls    BinCls   Learnts    ClLits    LtLits
c  B st     0         0     55067     93016    172535         0    641377         0  no matrixes
c Finding binary XORs:         0.04 s (found:       0, avg size: -nan)
c  E dy    11      3650         0     93016    172641      3468    641377     90670  no matrixes
c Verified 93016 clauses.
c Solution needs extension. Extending.
c Verified 93016 clauses.
c        1 solution(s) found
c restarts              : 11         
c dynamic restarts      : 5          
c static restarts       : 6          
c full restarts         : 0          
c learnts DL2           : 0          
c learnts size 2        : 106        
c learnts size 1        : 103448      (44.72     % of vars)
c v-elim SatELite       : 72801       (31.47     % vars)
c SatELite time         : 5.21        (54.96     % time)
c v-elim xor            : 0           (0.00      % vars)
c xor elim time         : 0.00        (0.00      % time)
c num binary xor trees  : 12         
c binxor trees' crown   : 12          (1.00      leafs/tree)
c OTF clause improved   : 76          (0.02      clauses/conflict)
c OTF impr. size diff   : 84          (1.11       lits/clause)
c OTF cl watch-shrink   : 1288        (0.35      clauses/conflict)
c OTF cl watch-sh-lit   : 3641        (2.83       lits/clause)
c tried to recurMin cls : 658         (18.03      % of conflicts)
c stopped recurMin      : 657         (99.85      %)
c lits visited recurmin:: 1.27       
c conflicts             : 3650        (385.16    / sec)
c decisions             : 72573       (0.79      % random)
c bogo-props            : 106411611   (11228890.20 / sec)
c conflict literals     : 92693       (7.54      % deleted)
c Memory used           : 144.28      MB
c CPU time              : 9.48        s
c 
s SATISFIABLE
