c This is CryptoMiniSat 2.7.1
c WARNING: for repeatability, setting FPU to use double precision
c Reading file 'p60.cnf'
c -- header says num vars:         221256
c -- header says num clauses:      683065
c -- clauses added:            0 learnts,       683065 normals,            0 xors
c -- vars added     221256
c Parsing time:  0.48 s
c Ouptutting solution to console
c asymm  cl-useful: 0/7004/89232 lits-rem:0 time: 1.62
c Time to fill non-learnt binary watchlists: 0.08 s
c subs with bin:        0  lits-rem:         0  v-fix:    0  time:  0.11 s
c Subs w/ non-existent bins:      4 l-rem:      0 v-fix:     0 done:  32358 time:  4.10 s
c lits-rem:         0  cl-subs:   101644  v-elim:  69911  v-fix:    0  time:  0.90 s
c Finding binary XORs:         0.10 s (found:      10, avg size: 2.0)
c Replacing       10 vars Replaced      199 lits Time:     0.01 s 
c Finding non-binary XORs:     0.04 s (found:       0, avg size: -nan)
c watched sorting time: 0.01
c Calc default polars -  time:   0.02 s pos:    6661 undec:  203536 neg:   11059
c =========================================================================================
c types(t): F = full restart, N = normal restart
c types(t): S = simplification begin/end, E = solution found
c restart types(rt): st = static, dy = dynamic
c  t rt  Rest     Confl      Vars   NormCls    BinCls   Learnts    ClLits    LtLits
c  B st     0         0     51511     85427    161140         0    595434         0  no matrixes
c Finding binary XORs:         0.04 s (found:       0, avg size: -nan)
c  E st     4       477         0     85427    161163       446    595434      7789  no matrixes
c Verified 85427 clauses.
c Solution needs extension. Extending.
c Verified 85427 clauses.
c        1 solution(s) found
c restarts              : 4          
c dynamic restarts      : 0          
c static restarts       : 4          
c full restarts         : 0          
c learnts DL2           : 0          
c learnts size 2        : 23         
c learnts size 1        : 99824       (45.12     % of vars)
c v-elim SatELite       : 69911       (31.60     % vars)
c SatELite time         : 5.11        (63.74     % time)
c v-elim xor            : 0           (0.00      % vars)
c xor elim time         : 0.00        (0.00      % time)
c num binary xor trees  : 10         
c binxor trees' crown   : 10          (1.00      leafs/tree)
c OTF clause improved   : 8           (0.02      clauses/conflict)
c OTF impr. size diff   : 8           (1.00       lits/clause)
c OTF cl watch-shrink   : 177         (0.37      clauses/conflict)
c OTF cl watch-sh-lit   : 244         (1.38       lits/clause)
c tried to recurMin cls : 71          (14.88      % of conflicts)
c stopped recurMin      : 71          (100.00     %)
c lits visited recurmin:: 1.13       
c conflicts             : 477         (59.47     / sec)
c decisions             : 12079       (0.94      % random)
c bogo-props            : 91083820    (11356375.37 / sec)
c conflict literals     : 7916        (6.97      % deleted)
c Memory used           : 150.43      MB
c CPU time              : 8.02        s
c 
s SATISFIABLE
