c This is CryptoMiniSat 2.7.1
c WARNING: for repeatability, setting FPU to use double precision
c Reading file 'p61.cnf'
c -- header says num vars:         227653
c -- header says num clauses:      702287
c -- clauses added:            0 learnts,       702287 normals,            0 xors
c -- vars added     227653
c Parsing time:  0.52 s
c Ouptutting solution to console
c asymm  cl-useful: 3/7333/91876 lits-rem:3 time: 1.59
c Time to fill non-learnt binary watchlists: 0.07 s
c subs with bin:        0  lits-rem:         0  v-fix:    0  time:  0.10 s
c Subs w/ non-existent bins:      1 l-rem:      0 v-fix:     0 done:  34983 time:  4.50 s
c lits-rem:         0  cl-subs:   104896  v-elim:  76180  v-fix:    0  time:  0.97 s
c Finding binary XORs:         0.11 s (found:      10, avg size: 2.0)
c Replacing       10 vars Replaced      191 lits Time:     0.01 s 
c Finding non-binary XORs:     0.04 s (found:       0, avg size: -nan)
c watched sorting time: 0.01
c Calc default polars -  time:   0.01 s pos:    5468 undec:  212317 neg:    9868
c =========================================================================================
c types(t): F = full restart, N = normal restart
c types(t): S = simplification begin/end, E = solution found
c restart types(rt): st = static, dy = dynamic
c  t rt  Rest     Confl      Vars   NormCls    BinCls   Learnts    ClLits    LtLits
c  B st     0         0     51686     86593    164513         0    607277         0  no matrixes
c Finding binary XORs:         0.04 s (found:       0, avg size: -nan)
c  E dy     7      2303         0     86593    164543      2212    607277    217269  no matrixes
c Verified 86593 clauses.
c Solution needs extension. Extending.
c Verified 86593 clauses.
c        1 solution(s) found
c restarts              : 7          
c dynamic restarts      : 1          
c static restarts       : 6          
c full restarts         : 0          
c learnts DL2           : 0          
c learnts size 2        : 30         
c learnts size 1        : 99777       (43.83     % of vars)
c v-elim SatELite       : 76180       (33.46     % vars)
c SatELite time         : 5.58        (61.52     % time)
c v-elim xor            : 0           (0.00      % vars)
c xor elim time         : 0.00        (0.00      % time)
c num binary xor trees  : 10         
c binxor trees' crown   : 10          (1.00      leafs/tree)
c OTF clause improved   : 61          (0.03      clauses/conflict)
c OTF impr. size diff   : 63          (1.03       lits/clause)
c OTF cl watch-shrink   : 721         (0.31      clauses/conflict)
c OTF cl watch-sh-lit   : 3931        (5.45       lits/clause)
c tried to recurMin cls : 227         (9.86       % of conflicts)
c stopped recurMin      : 227         (100.00     %)
c lits visited recurmin:: 1.12       
c conflicts             : 2303        (254.07    / sec)
c decisions             : 29949       (0.86      % random)
c bogo-props            : 94234671    (10395938.54 / sec)
c conflict literals     : 229754      (5.29      % deleted)
c Memory used           : 154.61      MB
c CPU time              : 9.06        s
c 
s SATISFIABLE
