c This is CryptoMiniSat 2.7.1
c WARNING: for repeatability, setting FPU to use double precision
c Reading file 'p66.cnf'
c -- header says num vars:         231855
c -- header says num clauses:      717702
c -- clauses added:            0 learnts,       717702 normals,            0 xors
c -- vars added     231855
c Parsing time:  0.50 s
c Ouptutting solution to console
c asymm  cl-useful: 1/7388/95010 lits-rem:1 time: 1.76
c Time to fill non-learnt binary watchlists: 0.07 s
c subs with bin:        0  lits-rem:         0  v-fix:    0  time:  0.11 s
c Subs w/ non-existent bins:      3 l-rem:      0 v-fix:     0 done:  32308 time:  4.30 s
c lits-rem:         0  cl-subs:   107626  v-elim:  72850  v-fix:    0  time:  0.96 s
c Finding binary XORs:         0.10 s (found:      12, avg size: 2.0)
c Replacing       12 vars Replaced      219 lits Time:     0.01 s 
c Finding non-binary XORs:     0.04 s (found:       0, avg size: -nan)
c watched sorting time: 0.01
c Calc default polars -  time:   0.02 s pos:    6605 undec:  214248 neg:   11002
c =========================================================================================
c types(t): F = full restart, N = normal restart
c types(t): S = simplification begin/end, E = solution found
c restart types(rt): st = static, dy = dynamic
c  t rt  Rest     Confl      Vars   NormCls    BinCls   Learnts    ClLits    LtLits
c  B st     0         0     54548     91322    171388         0    634680         0  no matrixes
c Finding binary XORs:         0.04 s (found:       0, avg size: -nan)
c  N dy    21      4033     54547     91322    171456      3929    634680    118362  no matrixes
c  N dy    47      8055     54547     91322    171527      7812    634680    222845  no matrixes
c  E dy    67     11034         0     91322    171575     10698    634680    300562  no matrixes
c Verified 91322 clauses.
c Solution needs extension. Extending.
c Verified 91322 clauses.
c        1 solution(s) found
c restarts              : 67         
c dynamic restarts      : 61         
c static restarts       : 6          
c full restarts         : 0          
c learnts DL2           : 0          
c learnts size 2        : 187        
c learnts size 1        : 104446      (45.05     % of vars)
c v-elim SatELite       : 72850       (31.42     % vars)
c SatELite time         : 5.37        (37.36     % time)
c v-elim xor            : 0           (0.00      % vars)
c xor elim time         : 0.00        (0.00      % time)
c num binary xor trees  : 12         
c binxor trees' crown   : 12          (1.00      leafs/tree)
c OTF clause improved   : 148         (0.01      clauses/conflict)
c OTF impr. size diff   : 159         (1.07       lits/clause)
c OTF cl watch-shrink   : 4311        (0.39      clauses/conflict)
c OTF cl watch-sh-lit   : 13370       (3.10       lits/clause)
c tried to recurMin cls : 1889        (17.12      % of conflicts)
c stopped recurMin      : 1884        (99.74      %)
c lits visited recurmin:: 1.29       
c conflicts             : 11034       (767.27    / sec)
c decisions             : 227852      (0.84      % random)
c bogo-props            : 149433181   (10391088.30 / sec)
c conflict literals     : 303393      (8.41      % deleted)
c Memory used           : 155.47      MB
c CPU time              : 14.38       s
c 
s SATISFIABLE
