c This is CryptoMiniSat 2.7.1
c WARNING: for repeatability, setting FPU to use double precision
c Reading file 'p68.cnf'
c -- header says num vars:         233400
c -- header says num clauses:      721762
c -- clauses added:            0 learnts,       721762 normals,            0 xors
c -- vars added     233400
c Parsing time:  0.51 s
c Ouptutting solution to console
c asymm  cl-useful: 2/7594/95310 lits-rem:2 time: 1.62
c Time to fill non-learnt binary watchlists: 0.07 s
c subs with bin:        0  lits-rem:         0  v-fix:    0  time:  0.10 s
c Subs w/ non-existent bins:      4 l-rem:      0 v-fix:     0 done:  33940 time:  4.12 s
c lits-rem:         0  cl-subs:   108123  v-elim:  73886  v-fix:    0  time:  0.91 s
c Finding binary XORs:         0.11 s (found:      12, avg size: 2.0)
c Replacing       12 vars Replaced      251 lits Time:     0.01 s 
c Finding non-binary XORs:     0.04 s (found:       0, avg size: -nan)
c watched sorting time: 0.01
c Calc default polars -  time:   0.01 s pos:    7011 undec:  215182 neg:   11207
c =========================================================================================
c types(t): F = full restart, N = normal restart
c types(t): S = simplification begin/end, E = solution found
c restart types(rt): st = static, dy = dynamic
c  t rt  Rest     Confl      Vars   NormCls    BinCls   Learnts    ClLits    LtLits
c  B st     0         0     54812     91378    171375         0    635071         0  no matrixes
c Finding binary XORs:         0.04 s (found:       0, avg size: -nan)
c  N dy    15      4022     54812     91378    171427      3892    635071    133201  no matrixes
c  N dy    33      8092     54812     91378    171473      7836    635071    235502  no matrixes
c  N dy    55     12350     54812     91378    171507     11969    635071    359029  no matrixes
c  N dy    80     16470     54812     91378    171569     15912    635071    452815  no matrixes
c  N dy   106     20524     54812     91378    171645     10174    635071    105073  no matrixes
c  N dy   132     24546     54812     91378    171725     14040    635071    205659  no matrixes
c  F st   136     25000     54812     91378    171729     14476    635071    218388  no matrixes
c  N dy   142     30191     54812     91378    171788     19500    635071    586906  no matrixes
c  S st   142     30191     54812     91378    171788     19500    635071    586906  no matrixes
c  S st   142     30694     54812     91378    171837     19951    635071    593819  no matrixes
c x-sub:     0 x-cut:      0 vfix:      0 v-elim:      0 locsubst:     0 time:   0.02
c binary deg approx. time:  0.22 s num checked:   2325 i:    2354 props: 3001k
c Flit:     0 Blit:      9 bXBeca:    0 bXProp:    0 Bins:    743 P: 86.4M T:  6.16
c Time to fill non-learnt binary watchlists: 0.04 s
c subs with bin:       17  lits-rem:       649  v-fix:    0  time:  0.10 s
c Subs w/ non-existent bins:     27 l-rem:      1 v-fix:     0 done:  51657 time:  9.66 s
c Removed useless bin:    5468  fixed:     0  props:  19.95M  time:  2.11 s
c lits-rem:         0  cl-subs:        4  v-elim:     14  v-fix:    0  time:  0.53 s
c lits-rem:       688  cl-subs:     1866  v-elim:      0  v-fix:    0  time:  0.80 s
c asymm  cl-useful: 2/12243/91375 lits-rem:2 time: 1.03
c watched sorting time: 0.01
c  N dy   142     30694     54789     91375    166996     18084    623346    570614  no matrixes
c  N dy   167     34726     54789     91375    167061     21989    623346    714270  no matrixes
c  N dy   194     38732     54789     91375    167113     25860    623346    857189  no matrixes
c  N dy   228     42842     54789     91375    167175     29844    623346   1028130  no matrixes
c  E dy   236     45323         0     91375    167233     17310    623346    180895  no matrixes
c Verified 91375 clauses.
c Solution needs extension. Extending.
c Verified 91375 clauses.
c        1 solution(s) found
c restarts              : 236        
c dynamic restarts      : 224        
c static restarts       : 17         
c full restarts         : 1          
c learnts DL2           : 0          
c learnts size 2        : 1445       
c learnts size 1        : 104699      (44.86     % of vars)
c v-elim SatELite       : 73900       (31.66     % vars)
c SatELite time         : 16.23       (34.30     % time)
c v-elim xor            : 0           (0.00      % vars)
c xor elim time         : 0.02        (0.04      % time)
c num binary xor trees  : 12         
c binxor trees' crown   : 12          (1.00      leafs/tree)
c OTF clause improved   : 906         (0.02      clauses/conflict)
c OTF impr. size diff   : 1047        (1.16       lits/clause)
c OTF cl watch-shrink   : 16504       (0.36      clauses/conflict)
c OTF cl watch-sh-lit   : 61532       (3.73       lits/clause)
c tried to recurMin cls : 6236        (13.76      % of conflicts)
c stopped recurMin      : 6223        (99.79      %)
c lits visited recurmin:: 1.22       
c conflicts             : 45323       (957.90    / sec)
c decisions             : 735934      (0.85      % random)
c bogo-props            : 292393826   (6179733.52 / sec)
c conflict literals     : 1613531     (9.18      % deleted)
c Memory used           : 163.79      MB
c CPU time              : 47.31       s
c 
s SATISFIABLE
