c This is CryptoMiniSat 2.7.1
c WARNING: for repeatability, setting FPU to use double precision
c Reading file 'p72.cnf'
c -- header says num vars:         226967
c -- header says num clauses:      696414
c -- clauses added:            0 learnts,       696414 normals,            0 xors
c -- vars added     226967
c Parsing time:  0.27 s
c Ouptutting solution to console
c asymm  cl-useful: 0/7179/87540 lits-rem:0 time: 1.06
c Time to fill non-learnt binary watchlists: 0.04 s
c subs with bin:        0  lits-rem:         0  v-fix:    0  time:  0.06 s
c Subs w/ non-existent bins:      4 l-rem:      0 v-fix:     0 done:  38276 time:  2.61 s
c lits-rem:         0  cl-subs:   101155  v-elim:  73466  v-fix:    0  time:  0.57 s
c Finding binary XORs:         0.07 s (found:      10, avg size: 2.0)
c Replacing       10 vars Replaced      193 lits Time:     0.01 s 
c Finding non-binary XORs:     0.02 s (found:       0, avg size: -nan)
c watched sorting time: 0.01
c Calc default polars -  time:   0.01 s pos:    6436 undec:  209297 neg:   11234
c =========================================================================================
c types(t): F = full restart, N = normal restart
c types(t): S = simplification begin/end, E = solution found
c restart types(rt): st = static, dy = dynamic
c  t rt  Rest     Confl      Vars   NormCls    BinCls   Learnts    ClLits    LtLits
c  B st     0         0     50664     82750    160512         0    588072         0  no matrixes
c Finding binary XORs:         0.02 s (found:       0, avg size: -nan)
c  N dy    16      4141     50664     82750    160581      3965    588072     89209  no matrixes
c  E dy    33      7115         0     82750    160614      6845    588072    148145  no matrixes
c Verified 82750 clauses.
c Solution needs extension. Extending.
c Verified 82750 clauses.
c        1 solution(s) found
c restarts              : 33         
c dynamic restarts      : 27         
c static restarts       : 6          
c full restarts         : 0          
c learnts DL2           : 0          
c learnts size 2        : 102        
c learnts size 1        : 102827      (45.30     % of vars)
c v-elim SatELite       : 73466       (32.37     % vars)
c SatELite time         : 3.24        (44.70     % time)
c v-elim xor            : 0           (0.00      % vars)
c xor elim time         : 0.00        (0.00      % time)
c num binary xor trees  : 10         
c binxor trees' crown   : 10          (1.00      leafs/tree)
c OTF clause improved   : 168         (0.02      clauses/conflict)
c OTF impr. size diff   : 186         (1.11       lits/clause)
c OTF cl watch-shrink   : 2719        (0.38      clauses/conflict)
c OTF cl watch-sh-lit   : 5609        (2.06       lits/clause)
c tried to recurMin cls : 986         (13.86      % of conflicts)
c stopped recurMin      : 983         (99.70      %)
c lits visited recurmin:: 1.29       
c conflicts             : 7115        (981.59    / sec)
c decisions             : 146447      (0.78      % random)
c bogo-props            : 122658055   (16921963.21 / sec)
c conflict literals     : 151828      (7.33      % deleted)
c Memory used           : 140.47      MB
c CPU time              : 7.25        s
c 
s SATISFIABLE
