c This is CryptoMiniSat 2.7.1
c WARNING: for repeatability, setting FPU to use double precision
c Reading file 'p77.cnf'
c -- header says num vars:         220746
c -- header says num clauses:      680539
c -- clauses added:            0 learnts,       680539 normals,            0 xors
c -- vars added     220746
c Parsing time:  0.48 s
c Ouptutting solution to console
c asymm  cl-useful: 0/7130/87410 lits-rem:0 time: 1.58
c Time to fill non-learnt binary watchlists: 0.07 s
c subs with bin:        0  lits-rem:         0  v-fix:    0  time:  0.10 s
c Subs w/ non-existent bins:      0 l-rem:      0 v-fix:     0 done:  32315 time:  4.32 s
c lits-rem:         0  cl-subs:   100233  v-elim:  71128  v-fix:    0  time:  0.89 s
c Finding binary XORs:         0.10 s (found:       8, avg size: 2.0)
c Replacing        8 vars Replaced      142 lits Time:     0.01 s 
c Finding non-binary XORs:     0.04 s (found:       0, avg size: -nan)
c watched sorting time: 0.01
c Calc default polars -  time:   0.02 s pos:    6314 undec:  204116 neg:   10316
c =========================================================================================
c types(t): F = full restart, N = normal restart
c types(t): S = simplification begin/end, E = solution found
c restart types(rt): st = static, dy = dynamic
c  t rt  Rest     Confl      Vars   NormCls    BinCls   Learnts    ClLits    LtLits
c  B st     0         0     50474     83257    159239         0    586581         0  no matrixes
c Finding binary XORs:         0.03 s (found:       0, avg size: -nan)
c  E dy    10      3998         0     83257    159291      3870    586581    167802  no matrixes
c Verified 83257 clauses.
c Solution needs extension. Extending.
c Verified 83257 clauses.
c        1 solution(s) found
c restarts              : 10         
c dynamic restarts      : 4          
c static restarts       : 6          
c full restarts         : 0          
c learnts DL2           : 0          
c learnts size 2        : 52         
c learnts size 1        : 99136       (44.91     % of vars)
c v-elim SatELite       : 71128       (32.22     % vars)
c SatELite time         : 5.32        (55.93     % time)
c v-elim xor            : 0           (0.00      % vars)
c xor elim time         : 0.00        (0.00      % time)
c num binary xor trees  : 8          
c binxor trees' crown   : 8           (1.00      leafs/tree)
c OTF clause improved   : 76          (0.02      clauses/conflict)
c OTF impr. size diff   : 87          (1.14       lits/clause)
c OTF cl watch-shrink   : 1304        (0.33      clauses/conflict)
c OTF cl watch-sh-lit   : 3018        (2.31       lits/clause)
c tried to recurMin cls : 408         (10.21      % of conflicts)
c stopped recurMin      : 408         (100.00     %)
c lits visited recurmin:: 1.23       
c conflicts             : 3998        (420.28    / sec)
c decisions             : 65035       (0.81      % random)
c bogo-props            : 103929295   (10925442.10 / sec)
c conflict literals     : 172568      (5.68      % deleted)
c Memory used           : 151.15      MB
c CPU time              : 9.51        s
c 
s SATISFIABLE
