c This is CryptoMiniSat 2.7.1
c WARNING: for repeatability, setting FPU to use double precision
c Reading file 'pb_200_09.cnf'
c -- header says num vars:         199203
c -- header says num clauses:      613495
c -- clauses added:            0 learnts,       613495 normals,            0 xors
c -- vars added     199203
c Parsing time:  0.25 s
c Ouptutting solution to console
c asymm  cl-useful: 16/2883/77214 lits-rem:16 time: 1.30
c Time to fill non-learnt binary watchlists: 0.04 s
c subs with bin:        0  lits-rem:         0  v-fix:    0  time:  0.05 s
c Subs w/ non-existent bins:      8 l-rem:      0 v-fix:   140 done:  22910 time:  1.95 s
c lits-rem:         0  cl-subs:    88887  v-elim:  61610  v-fix:    0  time:  0.39 s
c Finding binary XORs:         0.05 s (found:     206, avg size: 2.0)
c Replacing      206 vars Replaced     2318 lits Time:     0.00 s 
c Finding non-binary XORs:     0.02 s (found:       0, avg size: -nan)
c watched sorting time: 0.00
c Calc default polars -  time:   0.00 s pos:    6435 undec:  182520 neg:   10248
c =========================================================================================
c types(t): F = full restart, N = normal restart
c types(t): S = simplification begin/end, E = solution found
c restart types(rt): st = static, dy = dynamic
c  t rt  Rest     Confl      Vars   NormCls    BinCls   Learnts    ClLits    LtLits
c  B st     0         0     45258     74020    142881         0    525088         0  no matrixes
c Finding binary XORs:         0.02 s (found:       0, avg size: -nan)
c  N dy     8      5122     45258     74020    142949      5008    525088    261216  no matrixes
c  N dy    15      9206     45258     74020    142987      9030    525088    431059  no matrixes
c  N dy    30     13250     45257     74020    143039     12998    525088    587406  no matrixes
c  N dy    44     17283     45255     74020    143064     16986    525088    747471  no matrixes
c  N dy    55     21360     45255     74020    143088     11188    525088    208133  no matrixes
c  F st    75     25001     45255     74020    143121     14768    525088    330960  no matrixes
c  N st    77     25626     45255     74012    143121     15384    525050    352956  no matrixes
c  N dy    81     30191     45255     74012    143139     19907    525050    546097  no matrixes
c  S st    81     30191     45255     74012    143139     19907    525050    546097  no matrixes
c  S st    81     30697     45238     74012    143200     20345    525050    556966  no matrixes
c x-sub:     0 x-cut:      0 vfix:      0 v-elim:      0 locsubst:     0 time:   0.01
c binary deg approx. time:  0.14 s num checked:   2427 i:    2451 props: 3001k
c Flit:    71 Blit:    798 bXBeca:    0 bXProp:  145 Bins:   1091 P: 237.6M T:  9.85
c Cleaning up after failed var search:     0.01 s 
c Replacing      145 vars Replaced    14117 lits Time:     0.03 s 
c Time to fill non-learnt binary watchlists: 0.05 s
c subs with bin:       25  lits-rem:         0  v-fix:    0  time:  0.04 s
c Subs w/ non-existent bins:     17 l-rem:      2 v-fix:     0 done:  44151 time:  2.86 s
c Removed useless bin:    8635  fixed:     0  props:  19.95M  time:  0.99 s
c lits-rem:         0  cl-subs:      389  v-elim:    241  v-fix:    0  time:  0.24 s
c lits-rem:       135  cl-subs:      892  v-elim:      0  v-fix:    0  time:  0.30 s
c asymm  cl-useful: 0/6693/72663 lits-rem:0 time: 1.06
c watched sorting time: 0.01
c  N dy    81     30697     43910     72663    130244     19318    494146    539705  no matrixes
c  N dy    96     35855     43910     72663    130268     24409    494146    719307  no matrixes
c  N dy   109     40079     43910     72663    130281     28606    494146    871714  no matrixes
c  N dy   136     44266     43910     72663    130306     17559    494146    352094  no matrixes
c  S st   144     46099     43910     72663    130317     19372    494146    411504  no matrixes
c  S st   144     46600     43910     72663    130360     19830    494146    421109  no matrixes
c x-sub:     0 x-cut:      0 vfix:      0 v-elim:      0 locsubst:     0 time:   0.01
c binary deg approx. time:  0.13 s num checked:   2259 i:    2281 props: 3000k
c Flit:    14 Blit:     22 bXBeca:    0 bXProp:    9 Bins:    770 P: 237.8M T:  9.68
c Replacing       13 vars Replaced     1279 lits Time:     0.02 s 
c Time to fill non-learnt binary watchlists: 0.03 s
c subs with bin:       18  lits-rem:         0  v-fix:    0  time:  0.04 s
c Subs w/ non-existent bins:     98 l-rem:      0 v-fix:     0 done:  43861 time:  2.86 s
c Removed useless bin:     708  fixed:     0  props:  19.96M  time:  0.98 s
c lits-rem:         0  cl-subs:       41  v-elim:     28  v-fix:    0  time:  0.18 s
c Blocked clauses removed:        0    Time: 0.01 s
c lits-rem:       133  cl-subs:      343  v-elim:      0  v-fix:    0  time:  0.27 s
c asymm  cl-useful: 5/8372/72448 lits-rem:5 time: 1.17
c watched sorting time: 0.01
c  N dy   144     46600     43833     72448    130087     19485    491628    415956  no matrixes
c  N dy   161     50673     43833     72448    130099     23516    491628    568069  no matrixes
c  N dy   180     55984     43833     72448    130114     28793    491628    751011  no matrixes
c  N dy   203     59989     43833     72448    130129     32756    491628    887061  no matrixes
c  N dy   225     64068     43833     72448    130101     36800    491708   1035932  no matrixes
c  N dy   237     68245     43833     72448    130114     22452    491708    416972  no matrixes
c  S st   247     69918     43833     72448    130122     24109    491708    478621  no matrixes
c  S st   247     70420     43832     72448    130154     24577    491708    487259  no matrixes
c x-sub:     0 x-cut:      0 vfix:      0 v-elim:      0 locsubst:     0 time:   0.01
c binary deg approx. time:  0.13 s num checked:   2173 i:    2196 props: 3000k
c Flit:    11 Blit:     16 bXBeca:    0 bXProp:   41 Bins:    156 P: 237.6M T:  9.29
c Replacing       61 vars Replaced     5687 lits Time:     0.02 s 
c Time to fill non-learnt binary watchlists: 0.04 s
c subs with bin:        6  lits-rem:         0  v-fix:    0  time:  0.04 s
c Subs w/ non-existent bins:    101 l-rem:     11 v-fix:     0 done:  43744 time:  3.08 s
c Removed useless bin:    5728  fixed:     0  props:  19.96M  time:  0.93 s
c lits-rem:         0  cl-subs:      193  v-elim:     25  v-fix:    0  time:  0.18 s
c lits-rem:       201  cl-subs:      438  v-elim:      0  v-fix:    0  time:  0.28 s
c asymm  cl-useful: 2/7622/72300 lits-rem:2 time: 1.20
c watched sorting time: 0.01
c  N dy   247     70420     43719     72300    124134     24117    479064    480382  no matrixes
c  N dy   279     74941     43719     72300    124147     28597    479064    637485  no matrixes
c  N dy   306     79741     43719     72300    124167     33358    479064    789710  no matrixes
c  N dy   326     85048     43719     72300    124175     38630    479064   1118665  no matrixes
c  F st   342     87500     43719     72300    124183     41054    479064   1200916  no matrixes
c  N st   347     90799     43719     72300    124188     23722    479064    458637  no matrixes
c  N dy   362     97250     43719     72300    124211     30082    479064    678317  no matrixes
c  N dy   379    103469     43719     72300    124230     36234    479064    878615  no matrixes
c  S st   399    105681     43719     72300    124237     38428    479064    961336  no matrixes
c  S st   399    106184     43719     72300    124259     38908    479064    974747  no matrixes
c x-sub:     0 x-cut:      0 vfix:      0 v-elim:      0 locsubst:     0 time:   0.02
c binary deg approx. time:  0.12 s num checked:   1939 i:    1965 props: 3000k
c Flit:     1 Blit:      0 bXBeca:    0 bXProp:    6 Bins:     42 P: 237.6M T:  9.64
c Replacing        6 vars Replaced     1152 lits Time:     0.02 s 
c Time to fill non-learnt binary watchlists: 0.04 s
c subs with bin:        3  lits-rem:         0  v-fix:    0  time:  0.04 s
c Subs w/ non-existent bins:     32 l-rem:      4 v-fix:     0 done:  43712 time:  2.92 s
c Removed useless bin:    1478  fixed:     0  props:  19.96M  time:  1.00 s
c lits-rem:         0  cl-subs:       19  v-elim:     10  v-fix:    0  time:  0.17 s
c lits-rem:        44  cl-subs:      721  v-elim:      0  v-fix:    0  time:  0.42 s
c asymm  cl-useful: 9/5919/72277 lits-rem:9 time: 1.24
c watched sorting time: 0.01
c  N dy   399    106184     43702     72277    122755     38180    475933    957071  no matrixes
c  N dy   441    113133     43702     72277    122766     22924    475933    364233  no matrixes
c  N dy   484    120570     43702     72277    122777     30314    475933    620086  no matrixes
c  N dy   525    128529     43702     72277    122796     38218    475933    930157  no matrixes
c  N dy   566    138390     43702     72277    122813     24491    475933    395234  no matrixes
c  N dy   609    148341     43702     72277    122838     34337    475933    709576  no matrixes
c  N dy   671    157813     43702     72277    122857     43743    475933   1033245  no matrixes
c  S st   676    160826     43702     72277    122858     46723    475933   1131688  no matrixes
c  S st   676    161329     43702     72277    122870     47213    475933   1145389  no matrixes
c x-sub:     0 x-cut:      0 vfix:      0 v-elim:      0 locsubst:     0 time:   0.01
c binary deg approx. time:  0.12 s num checked:   1879 i:    1901 props: 3006k
c Flit:     0 Blit:      0 bXBeca:    0 bXProp:    2 Bins:    132 P: 237.6M T:  8.94
c Replacing        2 vars Replaced       20 lits Time:     0.01 s 
c Time to fill non-learnt binary watchlists: 0.03 s
c subs with bin:        1  lits-rem:         0  v-fix:    0  time:  0.04 s
c Subs w/ non-existent bins:      3 l-rem:     11 v-fix:     0 done:  43700 time:  2.97 s
c Removed useless bin:     181  fixed:     0  props:  19.96M  time:  0.97 s
c lits-rem:         0  cl-subs:        4  v-elim:      2  v-fix:    0  time:  0.19 s
c Blocked clauses removed:        0    Time: 0.02 s
c lits-rem:       229  cl-subs:     1908  v-elim:      0  v-fix:    0  time:  0.49 s
c asymm  cl-useful: 3/5338/72259 lits-rem:3 time: 1.20
c watched sorting time: 0.00
c  N dy   676    161329     43698     72259    122824     45305    475537   1107724  no matrixes
c  N dy   740    171673     43698     72259    122851     30957    475537    600218  no matrixes
c  N dy   807    182852     43698     72259    122872     42049    475537   1003574  no matrixes
c  N dy   841    194584     43698     72259    122899     27974    475537    456170  no matrixes
c  N dy   906    207554     43698     72259    122926     40822    475537    897448  no matrixes
c  N dy   949    221709     43698     72259    122947     28120    475537    416839  no matrixes
c  N dy  1017    235938     43693     72259    122970     42224    475537    870301  no matrixes
c  S st  1042    242038     43693     72259    122978     48247    475537   1075755  no matrixes
c  S st  1042    242542     43693     72259    123000     48728    475537   1087868  no matrixes
c x-sub:     0 x-cut:      0 vfix:      0 v-elim:      0 locsubst:     0 time:   0.02
c binary deg approx. time:  0.12 s num checked:   2099 i:    2138 props: 3001k
c Flit:     2 Blit:      0 bXBeca:    0 bXProp:    0 Bins:    351 P: 237.6M T: 10.59
c Time to fill non-learnt binary watchlists: 0.02 s
c subs with bin:       11  lits-rem:         0  v-fix:    0  time:  0.05 s
c Subs w/ non-existent bins:      2 l-rem:      9 v-fix:     0 done:  43691 time:  2.95 s
c Removed useless bin:    4082  fixed:     0  props:  19.96M  time:  1.16 s
c lits-rem:         0  cl-subs:        2  v-elim:      7  v-fix:    0  time:  0.18 s
c lits-rem:       195  cl-subs:     1099  v-elim:      0  v-fix:    0  time:  0.47 s
c asymm  cl-useful: 0/6165/72232 lits-rem:0 time: 1.20
c watched sorting time: 0.01
c  N dy  1042    242542     43684     72232    119115     47478    467262   1063823  no matrixes
c  N dy  1103    258060     43684     72232    119139     35230    467262    663655  no matrixes
c  N dy  1133    275050     43684     72232    119162     52026    467262   1219453  no matrixes
c  N dy  1212    293691     43684     72232    119179     41873    467262    850812  no matrixes
c  F st  1255    306251     43684     72232    119192     54334    467262   1246954  no matrixes
c  N dy  1263    314740     43684     72232    119200     33023    467262    492553  no matrixes
c  N dy  1339    334902     43684     72232    119215     53022    467262   1131453  no matrixes
c  N dy  1423    356692     43684     72232    119226     43919    467262    828767  no matrixes
c  S st  1480    363864     43684     72232    119228     51057    467262   1083818  no matrixes
c  S st  1480    364365     43684     72232    119242     51544    467262   1096932  no matrixes
c x-sub:     0 x-cut:      0 vfix:      0 v-elim:      0 locsubst:     0 time:   0.01
c binary deg approx. time:  0.12 s num checked:   1927 i:    1951 props: 3004k
c Flit:     4 Blit:      0 bXBeca:    0 bXProp:    1 Bins:     69 P: 237.6M T:  8.93
c Replacing        1 vars Replaced       78 lits Time:     0.02 s 
c Time to fill non-learnt binary watchlists: 0.04 s
c subs with bin:        2  lits-rem:         0  v-fix:    0  time:  0.05 s
c Subs w/ non-existent bins:      5 l-rem:      2 v-fix:     0 done:  43679 time:  2.84 s
c Removed useless bin:     447  fixed:     0  props:  19.96M  time:  1.02 s
c lits-rem:         0  cl-subs:        3  v-elim:      3  v-fix:    0  time:  0.18 s
c lits-rem:        57  cl-subs:     1276  v-elim:      0  v-fix:    0  time:  0.48 s
c asymm  cl-useful: 2/10495/72219 lits-rem:2 time: 1.18
c watched sorting time: 0.01
c  N dy  1480    364365     43676     72219    118808     50268    466280   1074453  no matrixes
c  N dy  1554    387692     43662     72219    118821     41667    466280    721858  no matrixes
c  N dy  1671    412454     43662     72219    118839     33535    466280    469005  no matrixes
c  N dy  1748    440284     43617     72219    118860     61146    466280   1296710  no matrixes
c  N dy  1856    468399     43617     72219    118878     55289    466280   1163878  no matrixes
c  N dy  2012    498704     43617     72219    118902     50650    466280    991709  no matrixes
c  N dy  2142    533150     43617     72219    118915     49118    466280    929886  no matrixes
c  S st  2234    548255     43606     72219    118925     64110    466280   1415909  no matrixes
c  S st  2234    548757     43606     72219    118929     64607    466280   1437305  no matrixes
c x-sub:     0 x-cut:      0 vfix:      0 v-elim:      0 locsubst:     0 time:   0.02
c binary deg approx. time:  0.12 s num checked:   1995 i:    2018 props: 3004k
c Flit:     6 Blit:      0 bXBeca:    0 bXProp:    4 Bins:    266 P: 237.6M T: 10.79
c Replacing        4 vars Replaced       25 lits Time:     0.02 s 
c Time to fill non-learnt binary watchlists: 0.04 s
c subs with bin:        7  lits-rem:         0  v-fix:    0  time:  0.04 s
c Subs w/ non-existent bins:      1 l-rem:      0 v-fix:     0 done:  43596 time:  2.81 s
c Removed useless bin:     149  fixed:     0  props:  19.96M  time:  0.78 s
c lits-rem:         0  cl-subs:        3  v-elim:     13  v-fix:    0  time:  0.20 s
c Blocked clauses removed:        0    Time: 0.02 s
c lits-rem:        22  cl-subs:     2091  v-elim:      0  v-fix:    0  time:  0.60 s
c asymm  cl-useful: 11/4589/72072 lits-rem:11 time: 1.24
c watched sorting time: 0.01
c  N dy  2234    548757     43583     72072    118775     60376    465050   1316312  no matrixes
c  N dy  2382    583851     43583     72072    118789     59535    465050   1242011  no matrixes
c  N dy  2579    621660     43583     72072    118804     59859    465050   1245822  no matrixes
c  N dy  2738    668235     43559     72072    118817     67587    465050   1379766  no matrixes
c  N dy  2918    711413     43557     72072    118834     70872    465050   1480813  no matrixes
c  N dy  3067    757096     43557     72072    118851     75499    465050   1542191  no matrixes
c  N dy  3238    805516     43518     72072    118873     81799    465050   1661699  no matrixes
c  S st  3310    824562     43515     72072    118880     58116    465050    954405  no matrixes
c  S st  3310    825062     43515     72072    118883     58613    465050    972593  no matrixes
c x-sub:     0 x-cut:      0 vfix:      0 v-elim:      0 locsubst:     0 time:   0.01
c binary deg approx. time:  0.12 s num checked:   1846 i:    1863 props: 3001k
c Flit:    13 Blit:      1 bXBeca:    0 bXProp:    9 Bins:    201 P: 237.6M T: 10.11
c Replacing        9 vars Replaced      197 lits Time:     0.02 s 
c Time to fill non-learnt binary watchlists: 0.04 s
c subs with bin:       10  lits-rem:         1  v-fix:    0  time:  0.05 s
c Subs w/ non-existent bins:      8 l-rem:     21 v-fix:     0 done:  43486 time:  2.79 s
c Removed useless bin:     148  fixed:     0  props:  19.96M  time:  1.02 s
c lits-rem:         1  cl-subs:       11  v-elim:     25  v-fix:    0  time:  0.18 s
c lits-rem:       529  cl-subs:     3293  v-elim:      0  v-fix:    0  time:  0.51 s
c asymm  cl-useful: 2/4242/71851 lits-rem:2 time: 1.18
c watched sorting time: 0.01
c  N dy  3310    825062     43461     71851    118514     53125    463518    885279  no matrixes
c  N dy  3481    878973     43432     71851    118531     64058    463518   1129682  no matrixes
c  N dy  3640    935773     43432     71851    118539     76258    463518   1442542  no matrixes
c  N dy  3819    995935     43366     71851    118565     90407    463518   1776494  no matrixes
c  N dy  4006   1059587     43264     71851    118596     59691    463518    870256  no matrixes
c  F st  4049   1071875     43264     71851    118598     71809    463518   1185229  no matrixes
c  N dy  4136   1127690     43110     71432    117888     74342    461265   1222741  no matrixes
c Replacing     8172 vars Replaced    62172 lits Time:     0.03 s 
c  E dy  4175   1153215     32456     52925     97482     27822    361310    257784  no matrixes
c restarts              : 4175       
c dynamic restarts      : 4145       
c static restarts       : 75         
c full restarts         : 4          
c learnts DL2           : 0          
c learnts size 2        : 4577       
c learnts size 1        : 97698       (49.04     % of vars)
c v-elim SatELite       : 61964       (31.11     % vars)
c SatELite time         : 34.42       (5.76      % time)
c v-elim xor            : 0           (0.00      % vars)
c xor elim time         : 0.12        (0.02      % time)
c num binary xor trees  : 7896       
c binxor trees' crown   : 8619        (1.09      leafs/tree)
c OTF clause improved   : 10795       (0.01      clauses/conflict)
c OTF impr. size diff   : 12094       (1.12       lits/clause)
c OTF cl watch-shrink   : 374403      (0.32      clauses/conflict)
c OTF cl watch-sh-lit   : 582569      (1.56       lits/clause)
c tried to recurMin cls : 10971       (0.95       % of conflicts)
c stopped recurMin      : 10756       (98.04      %)
c lits visited recurmin:: 1.17       
c conflicts             : 1153215     (1931.36   / sec)
c decisions             : 1740346     (0.89      % random)
c bogo-props            : 6043390650  (10121214.76 / sec)
c conflict literals     : 35345874    (59.26     % deleted)
c Memory used           : 290.53      MB
c CPU time              : 597.10      s
c 
s UNSATISFIABLE
