c This is CryptoMiniSat 2.7.1
c WARNING: for repeatability, setting FPU to use double precision
c Reading file 'pb_200_01.cnf'
c -- header says num vars:         201317
c -- header says num clauses:      618623
c -- clauses added:            0 learnts,       618623 normals,            0 xors
c -- vars added     201317
c Parsing time:  0.43 s
c Ouptutting solution to console
c asymm  cl-useful: 0/6130/76612 lits-rem:0 time: 1.57
c Time to fill non-learnt binary watchlists: 0.05 s
c subs with bin:        0  lits-rem:         0  v-fix:    0  time:  0.09 s
c Subs w/ non-existent bins:      4 l-rem:      0 v-fix:    48 done:  28429 time:  3.60 s
c lits-rem:         0  cl-subs:    88772  v-elim:  62484  v-fix:    0  time:  0.79 s
c Finding binary XORs:         0.08 s (found:      10, avg size: 2.0)
c Replacing       10 vars Replaced      172 lits Time:     0.01 s 
c Finding non-binary XORs:     0.03 s (found:       0, avg size: -nan)
c watched sorting time: 0.00
c Calc default polars -  time:   0.01 s pos:    6850 undec:  183819 neg:   10648
c =========================================================================================
c types(t): F = full restart, N = normal restart
c types(t): S = simplification begin/end, E = solution found
c restart types(rt): st = static, dy = dynamic
c  t rt  Rest     Confl      Vars   NormCls    BinCls   Learnts    ClLits    LtLits
c  B st     0         0     45270     73188    143504         0    524568         0  no matrixes
c Finding binary XORs:         0.03 s (found:       0, avg size: -nan)
c  N dy    15      4443     45270     73188    143601      4296    524568    149710  no matrixes
c  N dy    37      8492     45268     73188    143686      8211    524568    264337  no matrixes
c  N dy    58     12544     45261     73188    143774     12121    524568    382614  no matrixes
c  N dy    81     16571     45259     73188    143901     15964    524568    495811  no matrixes
c  N dy   102     20658     45237     73188    144048     10251    524568    115364  no matrixes
c  F st   127     25002     45235     73188    144147     14438    524568    213615  no matrixes
c  N st   127     25002     45235     73114    143978     13973    523962    207435  no matrixes
c  N dy   133     30193     45235     73114    144009     19090    523962    437686  no matrixes
c  S st   133     30193     45235     73114    144009     19090    523962    437686  no matrixes
c  S st   133     30697     45235     73114    144048     19549    523962    447665  no matrixes
c x-sub:     0 x-cut:      0 vfix:      0 v-elim:      0 locsubst:     0 time:   0.02
c binary deg approx. time:  0.22 s num checked:   2700 i:    2745 props: 3000k
c Flit:    33 Blit:      5 bXBeca:    0 bXProp:   96 Bins:   4403 P: 237.7M T: 16.95
c Replacing       96 vars Replaced     3947 lits Time:     0.03 s 
c Time to fill non-learnt binary watchlists: 0.06 s
c subs with bin:       26  lits-rem:         0  v-fix:    0  time:  0.08 s
c Subs w/ non-existent bins:     30 l-rem:      0 v-fix:     0 done:  45088 time:  5.39 s
c Removed useless bin:    5842  fixed:     0  props:  19.95M  time:  1.64 s
c lits-rem:         0  cl-subs:      215  v-elim:     41  v-fix:    0  time:  0.46 s
c lits-rem:       171  cl-subs:     1727  v-elim:      0  v-fix:    0  time:  0.55 s
c asymm  cl-useful: 0/6292/73015 lits-rem:0 time: 1.37
c watched sorting time: 0.01
c  N dy   133     30697     45047     73015    141878     17111    510858    415972  no matrixes
c  N dy   156     35096     45046     73015    141947     21402    510866    551293  no matrixes
c  N dy   182     39343     45044     73015    142058     25462    510866    673844  no matrixes
c  N dy   197     43421     45044     73015    142105     15072    510866    164401  no matrixes
c  S st   216     46066     45042     73015    142164     17631    510866    261946  no matrixes
c  S st   216     46569     45042     73015    142225     18072    510866    269808  no matrixes
c x-sub:     0 x-cut:      0 vfix:      0 v-elim:      0 locsubst:     0 time:   0.02
c binary deg approx. time:  0.22 s num checked:   2722 i:    2776 props: 3002k
c Flit:     4 Blit:      1 bXBeca:    0 bXProp:   39 Bins:    464 P: 237.6M T: 13.47
c Replacing       41 vars Replaced      712 lits Time:     0.03 s 
c Time to fill non-learnt binary watchlists: 0.06 s
c subs with bin:        0  lits-rem:         0  v-fix:    0  time:  0.09 s
c Subs w/ non-existent bins:      5 l-rem:      0 v-fix:     0 done:  44995 time:  5.87 s
c Removed useless bin:    9735  fixed:     0  props:  19.95M  time:  2.57 s
c lits-rem:         0  cl-subs:       93  v-elim:     30  v-fix:    0  time:  0.35 s
c Blocked clauses removed:        0    Time: 0.02 s
c lits-rem:       218  cl-subs:     1092  v-elim:      0  v-fix:    0  time:  0.48 s
c asymm  cl-useful: 8/12241/72996 lits-rem:8 time: 1.50
c watched sorting time: 0.01
c  N dy   216     46569     44965     72996    132683     16371    490821    254349  no matrixes
c  N dy   240     50630     44963     72996    132799     20259    490821    384947  no matrixes
c  N dy   266     54854     44957     72996    132864     24378    490821    521123  no matrixes
c  N dy   268     59094     44957     72996    132937     28494    490821    583858  no matrixes
c  N dy   286     63141     44956     72966    132916     32221    490647    690352  no matrixes
c  N dy   299     68802     44941     72966    132974     20361    490647    216744  no matrixes
c  S st   306     70898     44939     72966    133031     22370    490647    259208  no matrixes
c  S st   306     71401     44939     72966    133090     22814    490647    268504  no matrixes
c x-sub:     0 x-cut:      0 vfix:      0 v-elim:      0 locsubst:     0 time:   0.02
c binary deg approx. time:  0.23 s num checked:   2779 i:    2822 props: 3000k
c Flit:     7 Blit:      3 bXBeca:    0 bXProp:   35 Bins:    523 P: 237.6M T: 14.62
c Replacing       42 vars Replaced     2166 lits Time:     0.03 s 
c Time to fill non-learnt binary watchlists: 0.06 s
c subs with bin:       11  lits-rem:        10  v-fix:    0  time:  0.08 s
c Subs w/ non-existent bins:      2 l-rem:      1 v-fix:     0 done:  44887 time:  5.89 s
c Removed useless bin:    1536  fixed:     0  props:  19.96M  time:  2.08 s
c lits-rem:         0  cl-subs:       68  v-elim:     36  v-fix:    0  time:  0.33 s
c lits-rem:       180  cl-subs:     1914  v-elim:      0  v-fix:    0  time:  0.50 s
c asymm  cl-useful: 20/13093/72867 lits-rem:20 time: 1.59
c watched sorting time: 0.01
c  N dy   306     71401     44851     72867    131744     19136    486650    235344  no matrixes
c  N dy   325     76385     44832     72867    131854     23954    486650    354407  no matrixes
c  N dy   352     81328     44807     72867    131945     28744    486650    515726  no matrixes
c  N dy   391     86618     44805     72745    131842     31724    485959    709612  no matrixes
c  F st   400     87500     44805     72745    131861     32583    485959    752405  no matrixes
c Replacing       12 vars Replaced      724 lits Time:     0.02 s 
c  N dy   406     92697     44790     72745    131897     19868    485911    338319  no matrixes
c  N dy   451     98622     44770     72745    131985     25649    485911    608461  no matrixes
c  N dy   496    104917     44760     72745    132075     31809    485909    886090  no matrixes
c  S st   516    107173     44759     72745    132097     34032    485909    996349  no matrixes
c  S st   516    107674     44752     72745    132128     34494    485909   1005085  no matrixes
c x-sub:     0 x-cut:      0 vfix:      0 v-elim:      0 locsubst:     0 time:   0.02
c binary deg approx. time:  0.22 s num checked:   2687 i:    2731 props: 3002k
c Flit:    28 Blit:      5 bXBeca:    0 bXProp:   52 Bins:    209 P: 237.6M T: 14.49
c Replacing       52 vars Replaced     3652 lits Time:     0.05 s 
c Time to fill non-learnt binary watchlists: 0.09 s
c subs with bin:       11  lits-rem:         8  v-fix:    0  time:  0.09 s
c Subs w/ non-existent bins:      2 l-rem:      1 v-fix:     0 done:  44663 time:  6.12 s
c Removed useless bin:     472  fixed:     0  props:  19.96M  time:  1.86 s
c lits-rem:         0  cl-subs:       89  v-elim:     53  v-fix:    0  time:  0.35 s
c lits-rem:       499  cl-subs:     1736  v-elim:      0  v-fix:    0  time:  1.16 s
c asymm  cl-useful: 10/13428/72591 lits-rem:10 time: 1.59
c watched sorting time: 0.01
c  N dy   516    107674     44610     72591    130869     27821    482688    889036  no matrixes
c  N dy   574    114648     44608     72591    130961     34664    482688   1252563  no matrixes
c  N dy   640    122102     44607     72577    131045     23744    482626    422533  no matrixes
c  N dy   710    129898     44602     72577    131117     31444    482626    866076  no matrixes
c  N dy   788    138186     44598     72577    131204     39609    482626   1385025  no matrixes
c  N dy   860    147051     44579     72577    131304     26922    482618    483332  no matrixes
c  N dy   942    156509     44558     72577    131404     36228    482618   1022723  no matrixes
c  S st   989    161531     44558     72540    130933     39577    481530   1327819  no matrixes
c  S st   989    162031     44543     72540    130980     40022    481530   1332373  no matrixes
c x-sub:     0 x-cut:      0 vfix:      0 v-elim:      0 locsubst:     0 time:   0.02
c binary deg approx. time:  0.22 s num checked:   2701 i:    2742 props: 3000k
c Flit:    20 Blit:      3 bXBeca:    0 bXProp:   10 Bins:    734 P: 237.6M T: 15.34
c Replacing       15 vars Replaced      979 lits Time:     0.05 s 
c Time to fill non-learnt binary watchlists: 0.08 s
c subs with bin:       23  lits-rem:         0  v-fix:    0  time:  0.09 s
c Subs w/ non-existent bins:      1 l-rem:      0 v-fix:     0 done:  44499 time:  6.36 s
c Removed useless bin:     456  fixed:     0  props:  19.96M  time:  2.15 s
c lits-rem:         0  cl-subs:       31  v-elim:     17  v-fix:    0  time:  0.38 s
c Blocked clauses removed:        0    Time: 0.03 s
c lits-rem:       321  cl-subs:     1713  v-elim:      0  v-fix:    0  time:  1.56 s
c asymm  cl-useful: 9/14268/72497 lits-rem:9 time: 1.66
c watched sorting time: 0.01
c  N dy   989    162031     44482     72497    130716     37044    479621   1299727  no matrixes
c  N dy  1080    172445     44482     72497    130779     25319    479621    395599  no matrixes
c  N dy  1165    183535     44482     72497    130829     36312    479657   1078365  no matrixes
c  N dy  1260    195255     44478     72497    130891     47943    479655   1829465  no matrixes
c  N dy  1369    207905     44478     72497    130978     36061    479655    919849  no matrixes
c  N dy  1485    221256     44478     72497    131037     49329    479655   1811866  no matrixes
c  E dy  1569    231331         0     72497    131093     33238    479655    686317  no matrixes
c Verified 72497 clauses.
c Solution needs extension. Extending.
c Verified 72497 clauses.
c        1 solution(s) found
c restarts              : 1569       
c dynamic restarts      : 1551       
c static restarts       : 43         
c full restarts         : 2          
c learnts DL2           : 0          
c learnts size 2        : 9478       
c learnts size 1        : 93914       (46.65     % of vars)
c v-elim SatELite       : 62661       (31.13     % vars)
c SatELite time         : 40.66       (14.52     % time)
c v-elim xor            : 0           (0.00      % vars)
c xor elim time         : 0.10        (0.04      % time)
c num binary xor trees  : 221        
c binxor trees' crown   : 277         (1.25      leafs/tree)
c OTF clause improved   : 1456        (0.01      clauses/conflict)
c OTF impr. size diff   : 1802        (1.24       lits/clause)
c OTF cl watch-shrink   : 109409      (0.47      clauses/conflict)
c OTF cl watch-sh-lit   : 326058      (2.98       lits/clause)
c tried to recurMin cls : 19738       (8.53       % of conflicts)
c stopped recurMin      : 19428       (98.43      %)
c lits visited recurmin:: 1.12       
c conflicts             : 231331      (826.27    / sec)
c decisions             : 1081875     (1.21      % random)
c bogo-props            : 1337324679  (4776679.94 / sec)
c conflict literals     : 11048343    (21.04     % deleted)
c Memory used           : 134.10      MB
c CPU time              : 279.97      s
c 
s SATISFIABLE
