c This is CryptoMiniSat 2.7.1
c WARNING: for repeatability, setting FPU to use double precision
c Reading file 'pb_200_03.cnf'
c -- header says num vars:         199970
c -- header says num clauses:      613791
c -- clauses added:            0 learnts,       613791 normals,            0 xors
c -- vars added     199970
c Parsing time:  0.26 s
c Ouptutting solution to console
c asymm  cl-useful: 12/4244/75720 lits-rem:12 time: 1.09
c Time to fill non-learnt binary watchlists: 0.02 s
c subs with bin:        0  lits-rem:         0  v-fix:    0  time:  0.04 s
c Subs w/ non-existent bins:      4 l-rem:      0 v-fix:    38 done:  22034 time:  2.35 s
c lits-rem:         0  cl-subs:    87890  v-elim:  61908  v-fix:    0  time:  0.40 s
c Finding binary XORs:         0.04 s (found:     165, avg size: 2.0)
c Replacing      165 vars Replaced     2265 lits Time:     0.00 s 
c Finding non-binary XORs:     0.02 s (found:       0, avg size: -nan)
c watched sorting time: 0.01
c Calc default polars -  time:   0.00 s pos:    6729 undec:  182551 neg:   10690
c =========================================================================================
c types(t): F = full restart, N = normal restart
c types(t): S = simplification begin/end, E = solution found
c restart types(rt): st = static, dy = dynamic
c  t rt  Rest     Confl      Vars   NormCls    BinCls   Learnts    ClLits    LtLits
c  B st     0         0     44809     72408    141485         0    517658         0  no matrixes
c Finding binary XORs:         0.02 s (found:       0, avg size: -nan)
c  N dy    10      4497     44809     72408    141515      4425    517658    418247  no matrixes
c  N dy    25      8553     44809     72408    141551      8418    517658    867021  no matrixes
c  N dy    40     12681     44809     72408    141581     12461    517658   1213850  no matrixes
c  N dy    59     16683     44809     72408    141623     16379    517658   1492478  no matrixes
c  N dy    76     20711     44809     72408    141655     10541    517658    350328  no matrixes
c  N dy    88     24766     44809     72408    141679     14533    517658    611391  no matrixes
c  F st    90     25000     44809     72408    141683     14763    517658    625940  no matrixes
c  N dy    96     30194     44809     72408    141697     19923    517658   1213227  no matrixes
c  S st    96     30194     44809     72408    141697     19923    517658   1213227  no matrixes
c  S st    96     30695     44809     72408    141745     20375    517658   1229046  no matrixes
c x-sub:     0 x-cut:      0 vfix:      0 v-elim:      0 locsubst:     0 time:   0.01
c binary deg approx. time:  0.14 s num checked:   2491 i:    2529 props: 3001k
c Flit:    72 Blit:     23 bXBeca:    0 bXProp:    0 Bins:   1887 P: 237.7M T: 10.85
c Time to fill non-learnt binary watchlists: 0.02 s
c subs with bin:       42  lits-rem:         0  v-fix:    0  time:  0.04 s
c Subs w/ non-existent bins:     30 l-rem:      0 v-fix:     0 done:  44645 time:  2.82 s
c Removed useless bin:    4017  fixed:     0  props:  19.95M  time:  0.93 s
c lits-rem:         0  cl-subs:        7  v-elim:     43  v-fix:    0  time:  0.24 s
c lits-rem:       172  cl-subs:      643  v-elim:      0  v-fix:    0  time:  0.56 s
c asymm  cl-useful: 0/9532/72135 lits-rem:0 time: 0.94
c watched sorting time: 0.00
c  N dy    96     30695     44602     72135    138834     19740    507437   1218143  no matrixes
c  N dy   104     34746     44602     72135    138872     23710    507437   1477339  no matrixes
c  N dy   121     38932     44602     72135    138904     27838    507437   1749956  no matrixes
c  N dy   137     43078     44602     72135    138944     16642    507437    469286  no matrixes
c  S st   145     46316     44602     72135    138967     19832    507437    655796  no matrixes
c  S st   145     46817     44602     72135    139003     20295    507437    677196  no matrixes
c x-sub:     0 x-cut:      0 vfix:      0 v-elim:      0 locsubst:     0 time:   0.01
c binary deg approx. time:  0.13 s num checked:   2568 i:    2603 props: 3001k
c Flit:    32 Blit:      0 bXBeca:    0 bXProp:    0 Bins:   1270 P: 239.9M T: 10.57
c Time to fill non-learnt binary watchlists: 0.02 s
c subs with bin:       20  lits-rem:         0  v-fix:    0  time:  0.05 s
c Subs w/ non-existent bins:      7 l-rem:      0 v-fix:     0 done:  44561 time:  3.01 s
c Removed useless bin:    4884  fixed:     0  props:  19.95M  time:  0.87 s
c lits-rem:         0  cl-subs:        2  v-elim:     14  v-fix:    0  time:  0.18 s
c Blocked clauses removed:        0    Time: 0.01 s
c lits-rem:       153  cl-subs:      578  v-elim:      0  v-fix:    0  time:  0.37 s
c asymm  cl-useful: 20/14283/72054 lits-rem:20 time: 1.10
c watched sorting time: 0.00
c  N dy   145     46817     44547     72054    135197     19725    497068    672449  no matrixes
c  N dy   155     51346     44547     72054    135227     24179    497068    941740  no matrixes
c  N dy   168     55502     44547     72054    135272     28227    497068   1145406  no matrixes
c  N dy   184     59600     44547     72054    135304     32258    497068   1363837  no matrixes
c  N dy   205     63707     44547     72054    135346     36304    497068   1608959  no matrixes
c  N dy   217     68364     44547     72054    135383     22501    497068    617801  no matrixes
c  S st   227     70402     44547     72054    135394     24503    497068    708469  no matrixes
c  S st   227     70904     44547     72054    135425     24974    497068    724501  no matrixes
c x-sub:     0 x-cut:      0 vfix:      0 v-elim:      0 locsubst:     0 time:   0.02
c binary deg approx. time:  0.14 s num checked:   2417 i:    2450 props: 3004k
c Flit:    13 Blit:      0 bXBeca:    0 bXProp:    0 Bins:    576 P: 211.2M T: 10.74
c Time to fill non-learnt binary watchlists: 0.02 s
c subs with bin:        8  lits-rem:         0  v-fix:    0  time:  0.05 s
c Subs w/ non-existent bins:      3 l-rem:      0 v-fix:     0 done:  44515 time:  3.04 s
c Removed useless bin:    5124  fixed:     0  props:  19.96M  time:  1.18 s
c lits-rem:         0  cl-subs:        7  v-elim:     20  v-fix:    0  time:  0.18 s
c lits-rem:       202  cl-subs:     1005  v-elim:      0  v-fix:    0  time:  0.40 s
c asymm  cl-useful: 0/8117/72013 lits-rem:0 time: 0.99
c watched sorting time: 0.01
c  N dy   227     70904     44495     72013    130660     23959    486405    711951  no matrixes
c  N dy   246     75480     44495     72013    130687     28459    486405    922423  no matrixes
c  N dy   263     80462     44495     72013    130712     33377    486405   1158504  no matrixes
c  N dy   279     85629     44495     72013    130734     38488    486405   1385962  no matrixes
c  F st   283     87502     44495     72013    130738     40338    486405   1461698  no matrixes
c  N dy   289     92697     44495     72013    130748     24978    486405    629594  no matrixes
c  N dy   305     98848     44495     72013    130780     31055    486405    913525  no matrixes
c  N dy   314    106555     44495     72013    130803     38686    486405   1250338  no matrixes
c  S st   314    106555     44495     72013    130803     38686    486405   1250338  no matrixes
c  S st   314    107058     44495     72013    130826     39165    486405   1266529  no matrixes
c x-sub:     0 x-cut:      0 vfix:      0 v-elim:      0 locsubst:     0 time:   0.01
c binary deg approx. time:  0.13 s num checked:   2439 i:    2478 props: 3002k
c Flit:     1 Blit:      0 bXBeca:    0 bXProp:    0 Bins:   1530 P: 237.6M T: 12.05
c Time to fill non-learnt binary watchlists: 0.02 s
c subs with bin:        3  lits-rem:         0  v-fix:    0  time:  0.05 s
c Subs w/ non-existent bins:      6 l-rem:      0 v-fix:     0 done:  44493 time:  3.02 s
c Removed useless bin:     615  fixed:     0  props:  19.96M  time:  0.94 s
c lits-rem:         0  cl-subs:        0  v-elim:      3  v-fix:    0  time:  0.18 s
c lits-rem:       174  cl-subs:     1208  v-elim:      0  v-fix:    0  time:  0.56 s
c asymm  cl-useful: 0/10882/72006 lits-rem:0 time: 1.04
c watched sorting time: 0.01
c  N dy   314    107058     44490     72006    131716     37956    485128   1240975  no matrixes
c  N dy   331    115145     44490     72006    131736     23833    485128    452529  no matrixes
c  N dy   353    122674     44490     72006    131759     31279    485128    778639  no matrixes
c  N dy   372    132500     44490     72006    131783     40976    485128   1259774  no matrixes
c  N dy   403    141045     44490     72006    131810     26028    485128    440107  no matrixes
c  N dy   431    150333     44490     72006    131845     35230    485128    789996  no matrixes
c  N dy   477    160117     44490     72006    131866     44926    485128   1184527  no matrixes
c  S st   478    160816     44490     72006    131866     45619    485128   1210994  no matrixes
c  S st   478    161317     44490     72006    131885     46101    485128   1227510  no matrixes
c x-sub:     0 x-cut:      0 vfix:      0 v-elim:      0 locsubst:     0 time:   0.02
c binary deg approx. time:  0.13 s num checked:   2383 i:    2420 props: 3000k
c Flit:    20 Blit:      0 bXBeca:    0 bXProp:   41 Bins:   1283 P: 240.9M T: 11.28
c Replacing       41 vars Replaced      340 lits Time:     0.02 s 
c Time to fill non-learnt binary watchlists: 0.04 s
c subs with bin:        0  lits-rem:         0  v-fix:    0  time:  0.05 s
c Subs w/ non-existent bins:      0 l-rem:      0 v-fix:     0 done:  44429 time:  3.00 s
c Removed useless bin:     488  fixed:     0  props:  19.96M  time:  1.08 s
c lits-rem:         0  cl-subs:       23  v-elim:      3  v-fix:    0  time:  0.20 s
c Blocked clauses removed:        0    Time: 0.02 s
c lits-rem:       168  cl-subs:     1364  v-elim:      0  v-fix:    0  time:  0.60 s
c Blocked clauses removed:        0    Time: 0.00 s
c asymm  cl-useful: 6/10788/71949 lits-rem:6 time: 1.08
c watched sorting time: 0.01
c  N dy   478    161317     44426     71949    132404     44736    483364   1199512  no matrixes
c  N dy   493    172412     44426     71949    132414     31168    483364    550606  no matrixes
c  N dy   506    183498     44425     71949    132420     42139    483364    856576  no matrixes
c  N dy   518    195588     44425     71949    132433     28442    483364    440387  no matrixes
c  N dy   553    208181     44425     71949    132446     40924    483364    836852  no matrixes
c  N dy   583    224523     44425     71949    132465     30375    483364    464114  no matrixes
c  N dy   611    239171     44364     71949    132503     44834    483364    883453  no matrixes
c  S st   616    242071     44364     71949    132505     47705    483364    973439  no matrixes
c  S st   616    242574     44364     71949    132510     48199    483364    987408  no matrixes
c x-sub:     0 x-cut:      0 vfix:      0 v-elim:      0 locsubst:     0 time:   0.01
c binary deg approx. time:  0.13 s num checked:   2537 i:    2571 props: 3000k
c Flit:    27 Blit:      1 bXBeca:    0 bXProp:    5 Bins:    443 P: 237.6M T:  9.59
c Replacing        5 vars Replaced      745 lits Time:     0.02 s 
c Time to fill non-learnt binary watchlists: 0.05 s
c subs with bin:       36  lits-rem:         0  v-fix:    0  time:  0.05 s
c Subs w/ non-existent bins:      4 l-rem:      0 v-fix:     0 done:  44319 time:  2.97 s
c Removed useless bin:    2696  fixed:     0  props:  19.96M  time:  1.13 s
c lits-rem:         0  cl-subs:        6  v-elim:     23  v-fix:    0  time:  0.17 s
c lits-rem:       292  cl-subs:     2598  v-elim:      0  v-fix:    0  time:  0.52 s
c asymm  cl-useful: 0/10951/71728 lits-rem:0 time: 1.08
c watched sorting time: 0.01
c  N dy   616    242574     44296     71728    129635     44627    476712    919739  no matrixes
c  N dy   651    258216     44177     71728    129665     32913    476712    495436  no matrixes
c Replacing     1938 vars Replaced    19593 lits Time:     0.02 s 
c  E dy   683    271848     41531     67855    123865     39920    454000    680081  no matrixes
c restarts              : 683        
c dynamic restarts      : 665        
c static restarts       : 48         
c full restarts         : 2          
c learnts DL2           : 0          
c learnts size 2        : 8158       
c learnts size 1        : 95018       (47.52     % of vars)
c v-elim SatELite       : 62014       (31.01     % vars)
c SatELite time         : 25.11       (11.48     % time)
c v-elim xor            : 0           (0.00      % vars)
c xor elim time         : 0.08        (0.04      % time)
c num binary xor trees  : 2149       
c binxor trees' crown   : 2149        (1.00      leafs/tree)
c OTF clause improved   : 2491        (0.01      clauses/conflict)
c OTF impr. size diff   : 2896        (1.16       lits/clause)
c OTF cl watch-shrink   : 92091       (0.34      clauses/conflict)
c OTF cl watch-sh-lit   : 212863      (2.31       lits/clause)
c tried to recurMin cls : 6108        (2.25       % of conflicts)
c stopped recurMin      : 5988        (98.04      %)
c lits visited recurmin:: 1.26       
c conflicts             : 271848      (1242.62   / sec)
c decisions             : 504203      (2.09      % random)
c bogo-props            : 1650698008  (7545369.49 / sec)
c conflict literals     : 12102146    (44.37     % deleted)
c Memory used           : 270.72      MB
c CPU time              : 218.77      s
c 
s UNSATISFIABLE
