c Lingeling SAT Solver
c 
c Version ala b02aa1a04343558c4252b5f4a723be021964f652
c 
c Copyright (C) 2010-2012 Armin Biere JKU Linz Austria.
c All rights reserved.
c 
c released Sat Oct 13 14:05:26 CEST 2012
c compiled Sat Feb 16 02:48:12 EST 2013
c 
c gcc (Debian 4.4.5-8) 4.4.5
c -Wall -O3 -DNLGLOG -DNDEBUG -DNCHKSOL -DNLGLPICOSAT 
c Linux greencar2 2.6.32-5-amd64 x86_64
c 
c reading input file pb_200_05.cnf
c no embedded options
c found 'p cnf 195146 602572' header
c read 195146 variables, 602572 clauses, 1253686 literals in 0.0 seconds
c
c feature vars 195146
c feature lits.total 1253686
c feature lits.pos 669662
c feature lits.neg 584024
c feature clauses.total 602572
c feature clauses.unit 73774
c feature clauses.bin 425082
c feature clauses.trn 102316
c feature clauses.lrg 1400
c feature cog.val.min 1
c feature cog.val.avg 86874
c feature cog.val.max 187170
c feature cog.var.min 1
c feature cog.var.avg 97574
c feature cog.var.max 195145
c
c
c --abstime=0
c --acts=2
c --actavgmax=120
c --actstdmin=20
c --actstdmax=80
c --agile=23
c --bias=2
c --block=1
c --blkrtc=0
c --blkclslim=2000
c --blkocclim=2000
c --blkmaxeff=2147483647
c --blkmineff=10000000
c --blkreleff=20
c --card=0
c --cce=3
c --ccemaxeff=100000000
c --ccemineff=5000000
c --ccereleff=3
c --check=0
c --cgrclsr=1
c --cgrmaxority=20
c --cgrmaxeff=8000000
c --cgrmineff=200000
c --cgreleff=1
c --cgrexteq=1
c --cgrextand=1
c --cgrextunits=1
c --cgrextite=1
c --cgrextxor=1
c --cliff=1
c --cliffreleff=8
c --cliffmineff=10000000
c --cliffmaxeff=100000000
c --compact=0
c --decompose=1
c --defragint=10000000
c --defragfree=50
c --elim=1
c --elmrtc=0
c --elmblk=1
c --elmclslim=1000
c --elmocclim=1000
c --elmaxeff=100000000
c --elmineff=5000000
c --elmreleff=10
c --sleeponabort=0
c --exitonabort=0
c --flipping=1
c --flipint=2
c --flipdur=50
c --fliptop=1
c --force=0
c --gauss=1
c --gaussextrall=1
c --gaussmaxor=20
c --gaussexptrn=1
c --gaussmaxeff=50000000
c --gaussmineff=2000000
c --gaussreleff=2
c --gluescale=2
c --gluekeep=0
c --inprocessing=1
c --cintinc=10000
c --irrlim=20
c --lift=1
c --lftmaxeff=20000000
c --lftmineff=500000
c --lftreleff=6
c --lhbr=1
c --lkhd=1
c --clim=-1
c --mocint=1000
c --move=2
c --log=-1
c --otfs=1
c --phase=0
c --phaseneginit=0
c --plain=0
c --probe=1
c --prbasicmaxeff=100000000
c --prbasicmineff=1000000
c --prbasicreleff=10
c --prbasic=1
c --prbasicroundlim=9
c --queuemergelim=10000
c --queuefactor=833
c --queueinc=20
c --rmincpen=4
c --seed=0
c --smallirr=90
c --smallve=1
c --smallvevars=12
c --randec=1
c --randecint=1000
c --redfixed=0
c --redlbound=0
c --redlexpfac=10
c --redldoutfac=0
c --redloutinc=10000
c --redlinit=1000
c --redlinc=1000
c --redinoutinc=100
c --redlmininc=10
c --redlmaxinc=200
c --redlminrel=10
c --redlmaxrel=300
c --redlminabs=500
c --redlmaxabs=1000000
c --reduce=1
c --restart=2
c --restartint=5
c --rstinoutinc=110
c --simplify=1
c --simpdelay=100
c --simpen=4
c --sizepen=1000000
c --sizemaxpen=3
c --sortlits=0
c --syncint=111111
c --termint=122222
c --ternres=1
c --ternresrtc=0
c --trnrmineff=4000000
c --trnrmaxeff=40000000
c --trnreleff=10
c --transred=1
c --trdmineff=100000
c --trdmaxeff=2000000
c --trdreleff=10
c --unhide=1
c --unhdextstamp=1
c --unhdhbr=0
c --unhdmaxeff=20000000
c --unhdmineff=1000000
c --unhdreleff=4
c --unhdlnpr=3
c --unhdroundlim=5
c --verbose=1
c --witness=1
c [limits] no conflict limit
c [limits] simplification delayed by 100 to 100 conflicts
c 
c  seconds         irredundant          redundant clauses agility   height
c          variables clauses conflicts large binary ternary    glue         MB
c 
c *    0.0  105316   440554         0       0      0     0  59  0.0   0.0   40
c [cut-width] 146321, max 231049, min4 91712 at 75%, min10 31151 at 89%
c [decision-order] bias 1, old 1
c [queue-schedule-all-variables]
c s    0.0  105316   440554         0       0      0     0  59  0.0   0.0   40
c [simplification-1] limit hit at 101 conflicts
c [simplification-1] simplification penalty of 4
c [ternres-1] limit 4000000 with penalty 0 = 0 + 0
c [ternres-1] all 105316 free variables schedulable
c [ternres-1] 0 ternary resolvents (0 bin, 0 trn)
c [ternres-1] fully completed ternary resolution
c [gauss-1] limit 2000000 penalty 0 = 0 + 0
c [gauss-1] extracted 169681 xors of average arity 2.0
c [gauss-1] connected 339364 occurrences of 102427 variables (average 3.3)
c [gauss-1] limit 2000000 penalty 0 = 0 + 0
c d    0.7   48102   217624       101      97      1     3  22  4.3  88.0   19
c [gauss-1] exported 0 unary, 3 binary and 0 ternary equations
c G    0.7   48102   217624       101      97      1     3  22  4.3  88.0   19
c [basicprobe-1] limit 1000000 penalty 0 = 0 + 0
c [basicprobe-1-0] 3779 probes remain 8% after last round
c [basicprobe-1-0] 3 units = 3 failed (100%) + 0 lifted (0%)
c [basicprobe-1-0] removed 3 variables, found 1331 hbrs
c p    0.9   48099   217624       101      97   1330     1  22  4.3  88.0   23
c [cgrclsr-1] limit 200000 penalty 0 = 0 + 0
c [cgrclsr-1] all 48099 free variables schedulable
c [cgrclsr-1] fully completed congruence closure
c [lift-1] limit 500000 with penalty 0 = 0 + 0
c [lift-1] using 48099 probes 100%
c [lift-1] 48072 variables remain 100% (27 retained)
c [cliff-1] limit of 10000000 steps penalty 0 = 0 + 0
c [cliff-1] failed 11, lifted 7
c K    1.4   48022   217609       101      97   7167     1  22  4.3  88.0   23
c [unhide-1] limit 1000000 with penalty 0 = 0 + 0
c [unhide-1-1] 0 units, 2 failed, 16166 tauts, 0 hbrs, 33 literals
c u    1.5   48019   201035       101      96   7122     1  22  4.3  88.0   19
c [transred-1] limit 100000 with penalty 0 = 0 + 0
c [block-1] scheduling all variables this time
c [block-1] scheduled 48019 variables 100%
c [block-1] limit of 10000000 steps penalty 0 = 0 + 0
c [block-1] fully completed blocked clause elimination
c [block-1] transition to [ all 0 rem 0 ] state
c [block-1] eliminated 4200 blocked clauses
c k    1.6   48019   196820       101      96   7123  4200  22  4.3  88.0   19
c [cce-1] scheduling all variables this time
c [cce-1] limit of 10000000 steps penalty 0 = 0 + 0
c [cce-1] incomplete covered clause elimination 42964 not tried 89%
c [cce-1] transition to [ all 1 rem 1 ] state
c [cce-1] eliminated 207 covered clauses
c E    2.0   47987   196613       101      96  12066  4200  22  4.3  88.0   19
c [elim-1] scheduling all variables this time
c [elim-1] scheduled 47987 variables 100%
c [elim-1] limit of 5000000 steps penalty 0 = 0 + 0
c [elim-1] incomplete variable elimination 33520 not tried 70%
c [elim-1] transition to [ all 1 rem 1 ] state
c [elim-1] eliminated 6168 = 13% variables out of 47987
c e    3.0   41819   192734       101      72   3888   546  22  4.3  88.0   19
c [phase-1] phase bias: 1570 positive 10%, 13647 negative 90%
c [simplification-1] removed 63497 variables 60%
c [simplification-1] limit increments divided by 31
c [simplification-1] arithmetic increase of conflict limit interval by 322
c [simplification-1] new irredundant limit 1942846
c [simplification-1] new conflict limit 423
c [simplification-1] simplification penalty reduced to 3
c R    3.0   41819   192734       166     127   3890   552  20  4.6  80.6   23
c R    3.1   41819   192734       414     327   3902   580  11  4.7  70.2   23
c [simplification-2] limit hit at 423 conflicts
c [simplification-2] simplification penalty of 3
c [ternres-2] limit 2000000 with penalty 1 = 1 + 0
c [ternres-2] all 41819 free variables schedulable
c [ternres-2] 29 ternary resolvents (1 bin, 28 trn)
c [ternres-2] 14375 variables remain 34% (27444 retained)
c T    3.1   41819   192734       423     330   3904   613  11  4.6 114.9   23
c [gauss-2] limit 2000000 penalty 0 = 0 + 0
c [gauss-2] extracted 1071 xors of average arity 3.0
c [gauss-2] connected 3200 occurrences of 1494 variables (average 2.1)
c [gauss-2] limit 2000000 penalty 0 = 0 + 0
c [gauss-2] fully completed
c [gauss-2] exported 0 unary, 0 binary and 0 ternary equations
c G    3.3   41819   192734       423     330   3904   613  11  4.6 114.9   19
c d    3.3   41814   192734       423     330   3894   609  11  4.6 114.9   19
c [basicprobe-2] limit 1000000 penalty 0 = 0 + 0
c [basicprobe-2-0] 3607 probes remain 9% after last round
c [basicprobe-2-0] 2 units = 2 failed (100%) + 0 lifted (0%)
c [basicprobe-2-0] removed 2 variables, found 1012 hbrs
c p    3.4   41812   192734       423     330   4906   608  11  4.6 114.9   23
c [cgrclsr-2] limit 100000 penalty 1 = 1 + 0
c [cgrclsr-2] all 41812 free variables schedulable
c [cgrclsr-2] fully completed congruence closure
c [lift-2] limit 250000 with penalty 1 = 1 + 0
c [lift-2] using 41788 probes 100%
c [lift-2] 41763 variables remain 100% (49 retained)
c [cliff-2] limit of 10000000 steps penalty 0 = 0 + 0
c [cliff-2] failed 3, lifted 0
c K    3.9   41809   192723       423     330   5496   608  11  4.6 114.9   23
c [unhide-2] limit 1000000 with penalty 0 = 0 + 0
c [unhide-2-3] 0 units, 2 failed, 3183 tauts, 0 hbrs, 268 literals
c u    4.1   41808   191187       423     326   3795   610  11  4.6 114.9   23
c [transred-3] limit 59695 based on 477561 irredundant literals
c t    4.1   41808   191185       423     326   3795   610  11  4.6 114.9   23
c [block-2] scheduling all variables this time
c [block-2] scheduled 41808 variables 100%
c [block-2] limit of 10000000 steps penalty 0 = 0 + 0
c [block-2] fully completed blocked clause elimination
c [block-2] transition to [ all 0 rem 0 ] state
c [block-2] eliminated 0 blocked clauses
c [cce-2] 39254 variables 94% will be scheduled this time
c [cce-2] limit of 10000000 steps penalty 0 = 0 + 0
c [cce-2] 38451 variables 92% remain to be tried next time
c [cce-2] transition to [ all 0 rem 1 ] state
c [cce-2] eliminated 541 covered clauses
c E    4.6   41808   190638       423     326   4656   610  11  4.6 114.9   19
c [elim-2] 33446 variables 80% will be scheduled this time
c [elim-2] scheduled 33446 variables 80%
c [elim-2] limit of 5000000 steps penalty 0 = 0 + 0
c [elim-2] 23877 variables 57% remain to be tried next time
c [elim-2] transition to [ all 0 rem 1 ] state
c [elim-2] eliminated 1096 = 3% variables out of 41808
c e    5.5   40712   190293       423     306   2955   608  11  4.6 114.9   19
c [phase-2] phase bias: 206 positive 90%, 23 negative 10%
c [simplification-2] removed 1107 variables 2%
c [simplification-2] limit increments divided by 2
c [simplification-2] arithmetic increase of conflict limit interval by 5000
c [simplification-2] new irredundant limit 1942846
c [simplification-2] new conflict limit 5745
c [simplification-2] simplification penalty reduced to 2
c R    5.8   40712   190293       982     740   2984   689   6  4.9 135.7   23
c -    5.9   40712   190293      1378     574   3009   741   6  4.7 122.6   23
c 
c  seconds         irredundant          redundant clauses agility   height
c          variables clauses conflicts large binary ternary    glue         MB
c 
c R    6.1   40712   190293      2284    1356   3034   826   6  5.3 131.9   23
c -    6.7   40712   190293      4388    1539   3176  1067   9  7.8 123.4   23
c R    6.8   40712   190293      5208    2339   3177  1085   7 14.3 126.4   24
c [simplification-3] limit hit at 5745 conflicts
c [simplification-3] simplification penalty of 2
c [ternres-3] limit 4000000 with penalty 0 = 0 + 0
c [ternres-3] 13998 schedulable variables 34%
c [ternres-3] 326 ternary resolvents (11 bin, 315 trn)
c [ternres-3] fully completed ternary resolution
c T    7.0   40712   190293      5745    2760   3225  1475   6 13.4 121.1   24
c [gauss-3] limit 1000000 penalty 1 = 1 + 0
c [gauss-3] extracted 554 xors of average arity 2.9
c [gauss-3] connected 1629 occurrences of 960 variables (average 1.7)
c [gauss-3] limit 1000000 penalty 1 = 1 + 0
c [gauss-3] fully completed
c [gauss-3] exported 0 unary, 0 binary and 0 ternary equations
c G    7.1   40712   190293      5745    2760   3225  1475   6 13.4 121.1   20
c d    7.1   40688   190293      5745    2753   3177  1463   6 13.4 121.1   20
c [basicprobe-3] limit 1000000 penalty 0 = 0 + 0
c [basicprobe-3-0] 2668 probes remain 7% after last round
c [basicprobe-3-0] 5 units = 5 failed (100%) + 0 lifted (0%)
c [basicprobe-3-0] removed 8 variables, found 907 hbrs
c p    7.2   40680   190293      5745    2753   4084  1420   6 13.4 121.1   24
c [cgrclsr-3] limit 59959 based on 479676 irredundant literals
c [cgrclsr-3] all 40680 free variables schedulable
c [cgrclsr-3] fully completed congruence closure
c [cgrclsr-3] removed 1 variables
c C    7.3   40679   190239      5745    2753   4004  1420   6 13.4 121.1   20
c [lift-3] limit 125000 with penalty 2 = 2 + 0
c [lift-3] using 40633 probes 100%
c [lift-3] 40621 variables remain 100% (58 retained)
c [cliff-3] limit of 10000000 steps penalty 0 = 0 + 0
c [cliff-3] failed 1, lifted 0
c K    7.7   40676   190239      5745    2753   4505  1412   6 13.4 121.1   24
c [unhide-3] limit 1000000 with penalty 0 = 0 + 0
c [unhide-3-5] 0 units, 2 failed, 1554 tauts, 0 hbrs, 2943 literals
c u    8.0   40673   189225      5745    2705   4031  1286   6 13.4 121.1   23
c [transred-5] limit 404904 with penalty 0 = 0 + 0
c t    8.0   40673   189225      5745    2705   4030  1286   6 13.4 121.1   23
c [block-3] scheduling all variables this time
c [block-3] scheduled 40673 variables 100%
c [block-3] limit of 5000000 steps penalty 1 = 1 + 0
c [block-3] fully completed blocked clause elimination
c [block-3] transition to [ all 0 rem 0 ] state
c [block-3] eliminated 0 blocked clauses
c [cce-3] scheduling all variables this time
c [cce-3] limit of 10000000 steps penalty 0 = 0 + 0
c [cce-3] 37072 variables 91% remain to be tried next time
c [cce-3] transition to [ all 1 rem 1 ] state
c [cce-3] eliminated 338 covered clauses
c E    8.5   40673   188887      5745    2705   4551  1276   6 13.4 121.1   20
c [elim-3] scheduling all variables this time
c [elim-3] scheduled 40673 variables 100%
c [elim-3] limit of 5000000 steps penalty 0 = 0 + 0
c [elim-3] 23811 variables 59% remain to be tried next time
c [elim-3] transition to [ all 1 rem 1 ] state
c [elim-3] eliminated 538 = 1% variables out of 40673
c e    9.5   40135   188400      5745    2703   3957  1272   6 13.4 121.1   20
c [phase-3] phase bias: 80 positive 91%, 8 negative 9%
c [simplification-3] removed 577 variables 1%
c [simplification-3] no reduction of limit increments
c [simplification-3] arithmetic increase of conflict limit interval by 10000
c [simplification-3] new irredundant limit 1942846
c [simplification-3] new conflict limit 21067
c [simplification-3] simplification penalty reduced to 1
c -   10.3   40135   188400      8542    2500   4115  1557   6 12.4 122.6   23
c R   10.9   40135   188400     11678    5489   4171  1637   9 12.5 131.5   26
c -   11.6   40135   188400     13556    3526   4268  1848   6 12.1 126.2   24
c -   13.6   40135   188400     19823    4508   4524  2262   6 14.6 125.0   24
c [simplification-4] limit hit at 21067 conflicts
c [simplification-4] simplification penalty of 1
c [ternres-4] limit 4000000 with penalty 0 = 0 + 0
c [ternres-4] all 40135 free variables schedulable
c [ternres-4] 422 ternary resolvents (6 bin, 416 trn)
c [ternres-4] fully completed ternary resolution
c T   14.0   40135   188400     21067    5630   4581  2744   6 14.7 124.9   25
c [gauss-4] limit 500000 penalty 2 = 2 + 0
c [gauss-4] extracted 260 xors of average arity 2.9
c [gauss-4] connected 752 occurrences of 659 variables (average 1.1)
c [gauss-4] limit 500000 penalty 2 = 2 + 0
c [gauss-4] fully completed
c [gauss-4] exported 0 unary, 0 binary and 0 ternary equations
c G   14.1   40135   188400     21067    5630   4581  2744   6 14.7 124.9   20
c d   14.2   40093   188400     21067    5609   4497  2723   6 14.7 124.9   20
c [basicprobe-4] limit 1476623 penalty 0 = 0 + 0
c [basicprobe-4-0] 1490 probes remain 4% after last round
c [basicprobe-4-0] 4 units = 4 failed (100%) + 0 lifted (0%)
c [basicprobe-4-0] removed 5 variables, found 1597 hbrs
c p   14.2   40088   188400     21067    5609   6092  2667   6 14.7 124.9   24
c [cgrclsr-4] limit 119148 based on 476595 irredundant literals
c [cgrclsr-4] all 40088 free variables schedulable
c [cgrclsr-4] fully completed congruence closure
c [cgrclsr-4] removed 1 variables
c C   14.4   40087   188370     21067    5609   6064  2667   6 14.7 124.9   20
c [lift-4] limit 110746 with penalty 3 = 3 + 0
c [lift-4] using 40030 probes 100%
c [lift-4] 40017 variables remain 100% (70 retained)
c [cliff-4] limit of 10000000 steps penalty 0 = 0 + 0
c [cliff-4] failed 3, lifted 0
c K   14.8   40053   188370     21067    5609   6615  2653   6 14.7 124.9   24
c [unhide-4] limit 1000000 with penalty 0 = 0 + 0
c [unhide-4-6] 0 units, 0 failed, 719 tauts, 0 hbrs, 2102 literals
c 
c  seconds         irredundant          redundant clauses agility   height
c          variables clauses conflicts large binary ternary    glue         MB
c 
c u   15.0   40053   188087     21067    5519   6173  2455   6 14.7 124.9   24
c [transred-7] limit 1476623 with penalty 0 = 0 + 0
c t   15.1   40053   188068     21067    5519   6156  2455   6 14.7 124.9   24
c [block-4] scheduling all variables this time
c [block-4] scheduled 40053 variables 100%
c [block-4] limit of 2500000 steps penalty 2 = 2 + 0
c [block-4] fully completed blocked clause elimination
c [block-4] transition to [ all 0 rem 0 ] state
c [block-4] eliminated 0 blocked clauses
c [cce-4] 37017 variables 92% will be scheduled this time
c [cce-4] limit of 10000000 steps penalty 0 = 0 + 0
c [cce-4] 36305 variables 91% remain to be tried next time
c [cce-4] transition to [ all 0 rem 1 ] state
c [cce-4] eliminated 408 covered clauses
c E   15.5   40049   187660     21067    5519   6549  2455   6 14.7 124.9   20
c [elim-4] 23770 variables 59% will be scheduled this time
c [elim-4] scheduled 23770 variables 59%
c [elim-4] limit of 5000000 steps penalty 0 = 0 + 0
c [elim-4] 15489 variables 39% remain to be tried next time
c [elim-4] transition to [ all 0 rem 1 ] state
c [elim-4] eliminated 108 = 0% variables out of 40049
c e   16.4   39941   187606     21067    5481   6208  2432   6 14.7 124.9   20
c [phase-4] phase bias: 7 positive 88%, 1 negative 12%
c [simplification-4] removed 194 variables 0%
c [simplification-4] no reduction of limit increments
c [simplification-4] arithmetic increase of conflict limit interval by 10000
c [simplification-4] new irredundant limit 1942846
c [simplification-4] new conflict limit 46389
c [simplification-4] simplification penalty reduced to 0
c R   17.3   39941   187606     25963   10332   6224  2458  11 15.4 124.2   28
c -   17.7   39941   187606     26779    5544   6268  2519   6 15.3 123.1   25
c -   20.3   39941   187606     34888    6512   6486  2890   6 15.2 120.3   25
c -   23.1   39941   187606     43817    7520   6626  3155   7 16.4 115.4   25
c [simplification-5] limit hit at 46391 conflicts
c [simplification-5] no simplification penalty
c [ternres-5] limit 4000000 with penalty 0 = 0 + 0
c [ternres-5] all 39941 free variables schedulable
c [ternres-5] 189 ternary resolvents (3 bin, 186 trn)
c [ternres-5] fully completed ternary resolution
c T   24.0   39941   187606     46391    9935   6687  3429   8 16.5 114.6   27
c [gauss-5] limit 250000 penalty 3 = 3 + 0
c [gauss-5] extracted 133 xors of average arity 3.0
c [gauss-5] connected 393 occurrences of 365 variables (average 1.1)
c [gauss-5] limit 250000 penalty 3 = 3 + 0
c [gauss-5] fully completed
c [gauss-5] exported 0 unary, 0 binary and 0 ternary equations
c G   24.1   39941   187606     46391    9935   6687  3429   8 16.5 114.6   22
c d   24.2   39923   187606     46391    9925   6650  3419   8 16.5 114.6   22
c [basicprobe-5] limit 3139847 penalty 0 = 0 + 0
c [basicprobe-5-0] 1535 sched 4%, 17 failed, 1 lifted, 2506 hbrs
c [basicprobe-5-1] 4399 probes remain 11% after last round
c [basicprobe-5-1] 18 units = 17 failed (94%) + 1 lifted (6%)
c [basicprobe-5-1] removed 27 variables, found 2842 hbrs
c p   24.5   39896   187408     46391    9925   9051  3369   8 16.5 114.6   26
c [cgrclsr-5] limit 313984 penalty 0 = 0 + 0
c [cgrclsr-5] all 39896 free variables schedulable
c [cgrclsr-5] fully completed congruence closure
c [cgrclsr-5] removed 3 variables
c C   24.6   39893   187408     46391    9925   9045  3366   8 16.5 114.6   22
c [lift-5] limit 118706 based on 474827 irredundant literals
c [lift-5] using 39823 probes 100%
c [lift-5] 39811 variables remain 100% (82 retained)
c [cliff-5] limit of 10000000 steps penalty 0 = 0 + 0
c [cliff-5] failed 3, lifted 0
c K   25.1   39873   187408     46391    9925   9782  3363   8 16.5 114.6   26
c [unhide-5] limit 1255939 with penalty 0 = 0 + 0
c [unhide-5-8] 0 units, 1 failed, 1880 tauts, 0 hbrs, 8900 literals
c u   25.5   39872   186340     46391    9853   8712  3159   8 16.5 114.6   26
c [transred-9] limit 2000000 with penalty 0 = 0 + 0
c t   25.6   39872   186319     46391    9853   8677  3159   8 16.5 114.6   26
c [block-5] scheduling all variables this time
c [block-5] scheduled 39872 variables 100%
c [block-5] limit of 1250000 steps penalty 3 = 3 + 0
c [block-5] incomplete blocked clause elimination 2178 not tried 5%
c [block-5] transition to [ all 1 rem 1 ] state
c [block-5] eliminated 0 blocked clauses
c [cce-5] scheduling all variables this time
c [cce-5] limit of 5000000 steps penalty 0 = 0 + 0
c [cce-5] 36142 variables 91% remain to be tried next time
c [cce-5] transition to [ all 1 rem 1 ] state
c [cce-5] eliminated 21 covered clauses
c E   26.0   39872   186292     46391    9853   8856  3155   8 16.5 114.6   22
c [elim-5] scheduling all variables this time
c [elim-5] scheduled 39872 variables 100%
c [elim-5] limit of 5000000 steps penalty 0 = 0 + 0
c [elim-5] 15445 variables 39% remain to be tried next time
c [elim-5] transition to [ all 1 rem 1 ] state
c [elim-5] eliminated 312 = 1% variables out of 39872
c e   27.0   39560   186007     46391    9849   8463  3148   8 16.5 114.6   22
c [phase-5] phase bias: 6 positive 100%, 0 negative 0%
c [simplification-5] removed 381 variables 0%
c [simplification-5] no reduction of limit increments
c [simplification-5] arithmetic increase of conflict limit interval by 10000
c [simplification-5] new irredundant limit 1942846
c [simplification-5] new conflict limit 81713
c -   28.8   39560   186007     53633    8525   8473  3202  13 19.3 115.1   25
c R   29.5   39560   186007     57166   12048   8476  3208  10 21.0 115.6   30
c -   32.2   39560   186007     64436    9505   8551  3407   5 20.5 113.1   26
c i   32.5   39559   186006     65265   10309   8554  3427   6 20.4 112.8   27
c i   32.5   39555   186005     65267   10310   8554  3427   6 20.4 112.8   27
c 
c  seconds         irredundant          redundant clauses agility   height
c          variables clauses conflicts large binary ternary    glue         MB
c 
c -   36.3   39544   186005     76239   10505   8618  3600   8 20.1 110.0   26
c [simplification-6] limit hit at 81714 conflicts
c [simplification-6] no simplification penalty
c [ternres-6] limit 5339276 with penalty 0 = 0 + 0
c [ternres-6] all 39544 free variables schedulable
c [ternres-6] 64 ternary resolvents (2 bin, 62 trn)
c [ternres-6] fully completed ternary resolution
c T   37.8   39544   186005     81714   15422   8631  3709   7 22.6 110.0   29
c [gauss-6] limit 236138 based on 472276 irredundant literals
c [gauss-6] extracted 100 xors of average arity 3.0
c [gauss-6] connected 300 occurrences of 291 variables (average 1.0)
c [gauss-6] limit 236038 based on 472077 irredundant literals
c [gauss-6] fully completed
c [gauss-6] exported 0 unary, 0 binary and 0 ternary equations
c G   37.9   39544   185924     81714   15422   8631  3709   7 22.6 110.0   23
c d   38.0   39543   185924     81714   15422   8629  3709   7 22.6 110.0   23
c [basicprobe-6] limit 5339276 penalty 0 = 0 + 0
c [basicprobe-6-0] 1092 probes remain 3% after last round
c [basicprobe-6-0] 15 units = 15 failed (100%) + 0 lifted (0%)
c [basicprobe-6-0] removed 18 variables, found 2616 hbrs
c p   38.3   39525   185924     81714   15422  11243  3667   7 22.6 110.0   27
c [cgrclsr-6] limit 533927 penalty 0 = 0 + 0
c [cgrclsr-6] all 39525 free variables schedulable
c [cgrclsr-6] fully completed congruence closure
c [cgrclsr-6] removed 1 variables
c C   38.5   39524   185801     81714   15422  10667  3666   7 22.6 110.0   23
c [lift-6] limit 200222 with penalty 4 = 4 + 0
c [lift-6] using 39443 probes 100%
c [lift-6] 39429 variables remain 100% (95 retained)
c [cliff-6] limit of 10000000 steps penalty 0 = 0 + 0
c [cliff-6] failed 2, lifted 1
c K   39.0   39518   185801     81714   15422  10793  3665   7 22.6 110.0   27
c [unhide-6] limit 2135710 with penalty 0 = 0 + 0
c [unhide-6-10] 0 units, 0 failed, 1426 tauts, 0 hbrs, 24186 literals
c u   39.5   39518   185352     81714   15354   9966  3525   7 22.6 110.0   27
c [transred-11] limit 2000000 with penalty 0 = 0 + 0
c t   39.6   39518   185340     81714   15354   9917  3525   7 22.6 110.0   27
c [block-6] 2178 variables 6% will be scheduled this time
c [block-6] scheduled 2178 variables 6%
c [block-6] limit of 667409 steps penalty 4 = 4 + 0
c [block-6] fully completed blocked clause elimination
c [block-6] transition to [ all 0 rem 0 ] state
c [block-6] eliminated 0 blocked clauses
c [cce-6] 36077 variables 91% will be scheduled this time
c [cce-6] limit of 10000000 steps penalty 0 = 0 + 0
c [cce-6] 35256 variables 89% remain to be tried next time
c [cce-6] transition to [ all 0 rem 1 ] state
c [cce-6] eliminated 231 covered clauses
c E   40.1   39512   185109     81714   15354  10413  3524   7 22.6 110.0   23
c [elim-6] 15434 variables 39% will be scheduled this time
c [elim-6] scheduled 15434 variables 39%
c [elim-6] limit of 5339276 steps penalty 0 = 0 + 0
c [elim-6] 6929 variables 18% remain to be tried next time
c [elim-6] transition to [ all 0 rem 1 ] state
c [elim-6] eliminated 173 = 0% variables out of 39512
c e   41.1   39339   185042     81714   14662   9557  3311   7 22.6 110.0   23
c [phase-6] phase bias: 0 positive 0%, 1 negative 100%
c [simplification-6] removed 205 variables 0%
c [simplification-6] no reduction of limit increments
c [simplification-6] arithmetic increase of conflict limit interval by 10000
c [simplification-6] new irredundant limit 1942846
c [simplification-6] new conflict limit 127036
c -   44.3   39339   185042     90231   11501   9600  3440   7 22.7 107.4   26
c -   49.1   39339   185042    104066   12537   9639  3685   9 22.1 104.0   26
c -   52.4   39339   185042    118616   13543   9646  3725  11 23.4 103.1   26
c R   53.9   39339   185042    124819   19740   9646  3731   9 24.5 102.5   39
c [simplification-7] limit hit at 127036 conflicts
c [simplification-7] no simplification penalty
c [ternres-7] limit 8162657 with penalty 0 = 0 + 0
c [ternres-7] all 39339 free variables schedulable
c [ternres-7] 50 ternary resolvents (0 bin, 50 trn)
c [ternres-7] fully completed ternary resolution
c T   54.9   39339   185042    127036   21913   9650  3821   6 24.3 101.8   39
c [gauss-7] limit 235516 based on 471033 irredundant literals
c [gauss-7] extracted 109 xors of average arity 3.0
c [gauss-7] connected 327 occurrences of 309 variables (average 1.1)
c [gauss-7] limit 235516 based on 471033 irredundant literals
c [gauss-7] fully completed
c [gauss-7] exported 0 unary, 0 binary and 0 ternary equations
c G   54.9   39339   185042    127036   21913   9650  3821   6 24.3 101.8   25
c d   55.0   39338   185042    127036   21913   9648  3818   6 24.3 101.8   25
c [basicprobe-7] limit 8162657 penalty 0 = 0 + 0
c [basicprobe-7-0] 1191 sched 3%, 11 failed, 0 lifted, 960 hbrs
c [basicprobe-7-1] 1228 probes remain 3% after last round
c [basicprobe-7-1] 17 units = 17 failed (100%) + 0 lifted (0%)
c [basicprobe-7-1] removed 23 variables, found 1756 hbrs
c p   55.7   39315   184938    127036   21913  10730  3801   6 24.3 101.8   29
c [cgrclsr-7] limit 816265 penalty 0 = 0 + 0
c [cgrclsr-7] all 39315 free variables schedulable
c [cgrclsr-7] fully completed congruence closure
c [lift-7] limit 306099 with penalty 4 = 4 + 0
c [lift-7] using 39220 probes 100%
c [lift-7] 39193 variables remain 100% (122 retained)
c [cliff-7] limit of 10000000 steps penalty 0 = 0 + 0
c [cliff-7] failed 1, lifted 0
c K   56.4   39314   184880    127036   21913  10605  3801   6 24.3 101.8   29
c [unhide-7] limit 3265062 with penalty 0 = 0 + 0
c [unhide-7-13] 0 units, 0 failed, 1412 tauts, 0 hbrs, 34095 literals
c u   57.4   39314   184355    127036   21865   9822  3718   6 24.3 101.8   29
c [transred-13] limit 2000000 with penalty 0 = 0 + 0
c t   57.5   39314   184346    127036   21865   9784  3718   6 24.3 101.8   29
c [block-7] scheduling all variables this time
c [block-7] scheduled 39314 variables 100%
c [block-7] limit of 1020332 steps penalty 4 = 4 + 0
c [block-7] incomplete blocked clause elimination 5434 not tried 14%
c [block-7] transition to [ all 1 rem 1 ] state
c [block-7] eliminated 0 blocked clauses
c [cce-7] scheduling all variables this time
c [cce-7] limit of 5000000 steps penalty 0 = 0 + 0
c [cce-7] 35058 variables 89% remain to be tried next time
c [cce-7] transition to [ all 1 rem 1 ] state
c [cce-7] eliminated 4 covered clauses
c E   57.9   39314   184342    127036   21865   9797  3717   6 24.3 101.8   25
c [elim-7] scheduling all variables this time
c [elim-7] scheduled 39314 variables 100%
c [elim-7] limit of 8162657 steps penalty 0 = 0 + 0
c [elim-7] 6921 variables 18% remain to be tried next time
c [elim-7] transition to [ all 1 rem 1 ] state
c [elim-7] eliminated 155 = 0% variables out of 39314
c 
c  seconds         irredundant          redundant clauses agility   height
c          variables clauses conflicts large binary ternary    glue         MB
c 
c e   59.4   39159   184234    127036   21805   9137  3695   6 24.3 101.8   25
c [phase-7] phase bias: 0 positive 0%, 0 negative 0%
c [simplification-7] removed 180 variables 0%
c [simplification-7] no reduction of limit increments
c [simplification-7] arithmetic increase of conflict limit interval by 10000
c [simplification-7] new irredundant limit 1942846
c [simplification-7] new conflict limit 182358
c -   62.5   39159   184234    134388   14536   9160  3797   7 23.8  99.9   27
c -   67.9   39159   184234    151033   15519   9181  3932  10 24.5  98.3   27
c -   74.5   39159   184234    168727   16512   9206  4105   7 24.1  96.3   35
c [simplification-8] limit hit at 182358 conflicts
c [simplification-8] no simplification penalty
c [ternres-8] limit 11941419 with penalty 0 = 0 + 0
c [ternres-8] all 39159 free variables schedulable
c [ternres-8] 123 ternary resolvents (2 bin, 121 trn)
c [ternres-8] fully completed ternary resolution
c T   78.0   39159   184234    182358   30065   9218  4292   7 24.3  95.4   43
c [gauss-8] limit 234680 based on 469360 irredundant literals
c [gauss-8] extracted 102 xors of average arity 3.0
c [gauss-8] connected 306 occurrences of 291 variables (average 1.1)
c [gauss-8] limit 234680 based on 469360 irredundant literals
c [gauss-8] fully completed
c [gauss-8] exported 0 unary, 0 binary and 0 ternary equations
c G   78.1   39159   184234    182358   30065   9218  4292   7 24.3  95.4   27
c [basicprobe-8] limit 11941419 penalty 0 = 0 + 0
c [basicprobe-8-0] 1287 sched 3%, 1 failed, 0 lifted, 422 hbrs
c [basicprobe-8-1] 4719 sched 12%, 6 failed, 0 lifted, 245 hbrs
c [basicprobe-8-2] 3433 probes remain 9% after last round
c [basicprobe-8-2] 8 units = 8 failed (100%) + 0 lifted (0%)
c [basicprobe-8-2] removed 14 variables, found 670 hbrs
c p   79.3   39145   184146    182358   30065   9785  4279   7 24.3  95.4   31
c [cgrclsr-8] limit 597070 penalty 1 = 1 + 0
c [cgrclsr-8] all 39145 free variables schedulable
c [cgrclsr-8] fully completed congruence closure
c [lift-8] limit 447803 with penalty 4 = 4 + 0
c [lift-8] using 39024 probes 100%
c [lift-8] 38987 variables remain 100% (158 retained)
c [cliff-8] limit of 10000000 steps penalty 0 = 0 + 0
c [cliff-8] failed 1, lifted 0
c K   80.0   39144   184130    182358   30065   9724  4279   7 24.3  95.4   31
c [unhide-8] limit 4776567 with penalty 0 = 0 + 0
c [unhide-8-17] 0 units, 0 failed, 1066 tauts, 0 hbrs, 96456 literals
c u   81.8   39144   183907    182358   29983   9053  4165   7 24.3  95.4   31
c [transred-15] limit 2000000 with penalty 0 = 0 + 0
c t   82.0   39144   183897    182358   29983   9025  4165   7 24.3  95.4   31
c [block-8] 5433 variables 14% will be scheduled this time
c [block-8] scheduled 5433 variables 14%
c [block-8] limit of 1492677 steps penalty 4 = 4 + 0
c [block-8] fully completed blocked clause elimination
c [block-8] transition to [ all 0 rem 0 ] state
c [block-8] eliminated 0 blocked clauses
c [cce-8] 34975 variables 89% will be scheduled this time
c [cce-8] limit of 10000000 steps penalty 0 = 0 + 0
c [cce-8] 34173 variables 87% remain to be tried next time
c [cce-8] transition to [ all 0 rem 1 ] state
c [cce-8] eliminated 252 covered clauses
c E   82.4   39142   183645    182358   29983   9363  4165   7 24.3  95.4   27
c [elim-8] 6920 variables 18% will be scheduled this time
c [elim-8] scheduled 6920 variables 18%
c [elim-8] limit of 11941419 steps penalty 0 = 0 + 0
c [elim-8] fully completed variable elimination
c [elim-8] transition to [ all 0 rem 0 ] state
c [elim-8] eliminated 33 = 0% variables out of 39142
c e   82.8   39109   183549    182358   29313   9039  4154   7 24.3  95.4   26
c [phase-8] phase bias: 0 positive 0%, 0 negative 0%
c [simplification-8] removed 50 variables 0%
c [simplification-8] no reduction of limit increments
c [simplification-8] arithmetic increase of conflict limit interval by 10000
c [simplification-8] new irredundant limit 1942846
c [simplification-8] new conflict limit 247680
c -   85.5   39109   183549    188108   17500   9047  4206   8 24.1  94.7   29
c -   92.4   39109   183549    207812   18541   9066  4352   6 24.0  93.0   29
c -  100.0   39109   183549    228454   19502   9080  4511   8 23.3  90.8   36
c [simplification-9] limit hit at 247680 conflicts
c [simplification-9] no simplification penalty
c [ternres-9] limit 16493019 with penalty 0 = 0 + 0
c [ternres-9] all 39109 free variables schedulable
c [ternres-9] 31 ternary resolvents (0 bin, 31 trn)
c [ternres-9] fully completed ternary resolution
c T  104.4   39109   183549    247680   38588   9090  4593   6 24.2  90.8   48
c [gauss-9] limit 233897 based on 467794 irredundant literals
c [gauss-9] extracted 102 xors of average arity 3.0
c [gauss-9] connected 306 occurrences of 219 variables (average 1.4)
c [gauss-9] limit 233897 based on 467794 irredundant literals
c [gauss-9] fully completed
c [gauss-9] exported 0 unary, 0 binary and 0 ternary equations
c G  104.5   39109   183549    247680   38588   9090  4593   6 24.2  90.8   29
c d  104.6   39108   183549    247680   38588   9088  4593   6 24.2  90.8   29
c [basicprobe-9] limit 16493019 penalty 0 = 0 + 0
c [basicprobe-9-0] 3453 sched 9%, 2 failed, 0 lifted, 263 hbrs
c [basicprobe-9-1] 4718 sched 12%, 2 failed, 0 lifted, 217 hbrs
c [basicprobe-9-2] 2925 probes remain 7% after last round
c [basicprobe-9-2] 4 units = 4 failed (100%) + 0 lifted (0%)
c [basicprobe-9-2] removed 6 variables, found 481 hbrs
c p  106.0   39102   183517    247680   38588   9342  4582   6 24.2  90.8   33
c [cgrclsr-9] limit 412325 penalty 2 = 2 + 0
c [cgrclsr-9] all 39102 free variables schedulable
c [cgrclsr-9] fully completed congruence closure
c [lift-9] limit 618488 with penalty 4 = 4 + 0
c [lift-9] using 38944 probes 100%
c [lift-9] 38895 variables remain 99% (207 retained)
c [cliff-9] limit of 13194415 steps penalty 0 = 0 + 0
c [cliff-9] failed 0, lifted 0
c [unhide-9] limit 6597207 with penalty 0 = 0 + 0
c [unhide-9-22] 0 units, 0 failed, 571 tauts, 0 hbrs, 170769 literals
c u  109.3   39102   183283    247680   38534   9106  4544   6 24.2  90.8   33
c [transred-17] limit 2000000 with penalty 0 = 0 + 0
c t  109.5   39102   183277    247680   38534   9087  4544   6 24.2  90.8   33
c [block-9] scheduling all variables this time
c [block-9] scheduled 39102 variables 100%
c [block-9] limit of 2061627 steps penalty 4 = 4 + 0
c [block-9] fully completed blocked clause elimination
c [block-9] transition to [ all 0 rem 0 ] state
c [block-9] eliminated 0 blocked clauses
c [cce-9] scheduling all variables this time
c [cce-9] limit of 10000000 steps penalty 0 = 0 + 0
c [cce-9] 33940 variables 87% remain to be tried next time
c [cce-9] transition to [ all 1 rem 1 ] state
c [cce-9] eliminated 165 covered clauses
c E  110.0   39102   183112    247680   38534   9261  4540   6 24.2  90.8   28
c [elim-9] scheduling all variables this time
c [elim-9] scheduled 39102 variables 100%
c [elim-9] limit of 16493019 steps penalty 0 = 0 + 0
c [elim-9] incomplete variable elimination 9002 not tried 23%
c [elim-9] transition to [ all 1 rem 1 ] state
c [elim-9] eliminated 263 = 1% variables out of 39102
c e  113.0   38839   182914    247680   37635   8824  4522   6 24.2  90.8   28
c [phase-9] phase bias: 0 positive 0%, 2 negative 100%
c [simplification-9] removed 270 variables 0%
c [simplification-9] no reduction of limit increments
c [simplification-9] arithmetic increase of conflict limit interval by 10000
c [simplification-9] new irredundant limit 1942846
c [simplification-9] new conflict limit 323002
c 
c  seconds         irredundant          redundant clauses agility   height
c          variables clauses conflicts large binary ternary    glue         MB
c 
c -  113.8   38839   182914    251056   20506   8824  4524   7 24.2  90.6   30
c R  118.4   38839   182914    270662   40093   8827  4540  10 24.5  90.0   40
c -  119.9   38839   182914    273610   21505   8833  4566   6 24.4  89.6   30
c -  127.9   38839   182914    297289   22525   8842  4711   7 23.8  87.2   36
c -  136.7   38839   182914    321993   23558   8862  4865   9 23.2  85.1   37
c [simplification-10] limit hit at 323003 conflicts
c [simplification-10] no simplification penalty
c [ternres-10] limit 21623859 with penalty 0 = 0 + 0
c [ternres-10] all 38839 free variables schedulable
c [ternres-10] 73 ternary resolvents (0 bin, 73 trn)
c [ternres-10] fully completed ternary resolution
c T  136.8   38839   182914    323003   24567   8862  4939   8 23.3  85.1   40
c [gauss-10] limit 270298 penalty 4 = 4 + 0
c [gauss-10] extracted 126 xors of average arity 3.0
c [gauss-10] connected 376 occurrences of 347 variables (average 1.1)
c [gauss-10] limit 270298 penalty 4 = 4 + 0
c [gauss-10] fully completed
c [gauss-10] exported 0 unary, 0 binary and 0 ternary equations
c G  136.9   38839   182914    323003   24567   8862  4939   8 23.3  85.1   23
c [basicprobe-10] limit 21623859 penalty 0 = 0 + 0
c [basicprobe-10-0] 2947 sched 8%, 0 failed, 0 lifted, 154 hbrs
c [basicprobe-10-1] 4725 sched 12%, 0 failed, 0 lifted, 44 hbrs
c [basicprobe-10-2] 4725 sched 12%, 0 failed, 0 lifted, 0 hbrs
c [basicprobe-10-2] fully completed probing
c [basicprobe-10-2] removed 0 variables, found 198 hbrs
c p  138.3   38839   182914    323003   24567   9060  4927   8 23.3  85.1   27
c [cgrclsr-10] limit 270298 penalty 3 = 3 + 0
c [cgrclsr-10] all 38839 free variables schedulable
c [cgrclsr-10] fully completed congruence closure
c [cgrclsr-10] removed 1 variables
c C  138.4   38838   182914    323003   24567   9058  4926   8 23.3  85.1   23
c [lift-10] limit 810894 with penalty 4 = 4 + 0
c [lift-10] using 38631 probes 99%
c [lift-10] 38551 variables remain 99% (287 retained)
c [cliff-10] limit of 8649543 steps penalty 1 = 1 + 0
c [cliff-10] failed 0, lifted 0
c [unhide-10] limit 8649543 with penalty 0 = 0 + 0
c [unhide-10-27] 0 units, 0 failed, 605 tauts, 0 hbrs, 29447 literals
c u  140.0   38838   182763    323003   24475   8752  4879   8 23.3  85.1   27
c [transred-19] limit 2000000 with penalty 0 = 0 + 0
c t  140.1   38838   182757    323003   24475   8727  4879   8 23.3  85.1   27
c [block-10] scheduling all variables this time
c [block-10] scheduled 38838 variables 100%
c [block-10] limit of 2702982 steps penalty 4 = 4 + 0
c [block-10] fully completed blocked clause elimination
c [block-10] transition to [ all 0 rem 0 ] state
c [block-10] eliminated 0 blocked clauses
c [cce-10] 33903 variables 87% will be scheduled this time
c [cce-10] limit of 12974314 steps penalty 0 = 0 + 0
c [cce-10] 33144 variables 85% remain to be tried next time
c [cce-10] transition to [ all 0 rem 1 ] state
c [cce-10] eliminated 420 covered clauses
c E  140.7   38838   182337    323003   24475   9147  4879   8 23.3  85.1   23
c [elim-10] 8985 variables 23% will be scheduled this time
c [elim-10] scheduled 8985 variables 23%
c [elim-10] limit of 21623859 steps penalty 0 = 0 + 0
c [elim-10] fully completed variable elimination
c [elim-10] transition to [ all 0 rem 0 ] state
c [elim-10] eliminated 14 = 0% variables out of 38838
c e  141.4   38824   182317    323003   24475   8946  4879   8 23.3  85.1   23
c [phase-10] phase bias: 0 positive 0%, 0 negative 0%
c [simplification-10] removed 15 variables 0%
c [simplification-10] no reduction of limit increments
c [simplification-10] arithmetic increase of conflict limit interval by 10000
c [simplification-10] new irredundant limit 1942846
c [simplification-10] new conflict limit 408325
c -  150.7   38824   182317    347673   24502   8958  5006  10 22.9  83.4   27
c i  151.2   38823   182316    348921   25731   8963  5019   8 22.8  83.3   31
c i  151.2   38814   182316    348932   25735   8964  5023   8 22.8  83.3   31
c i  151.2   38809   182315    348933   25735   8964  5023   8 22.8  83.3   31
c -  160.6   38809   182315    374379   25501   8988  5175   6 22.5  81.7   35
c -  169.1   38809   182315    401964   26508   9001  5230   7 22.8  80.9   35
c [simplification-11] limit hit at 408325 conflicts
c [simplification-11] no simplification penalty
c [ternres-11] limit 28029283 with penalty 0 = 0 + 0
c [ternres-11] all 38809 free variables schedulable
c [ternres-11] 29 ternary resolvents (0 bin, 29 trn)
c [ternres-11] fully completed ternary resolution
c T  171.2   38809   182315    408325   32830   9007  5292   8 22.7  80.5   41
c [gauss-11] limit 350366 penalty 4 = 4 + 0
c [gauss-11] extracted 171 xors of average arity 3.0
c [gauss-11] connected 513 occurrences of 462 variables (average 1.1)
c [gauss-11] limit 350366 penalty 4 = 4 + 0
c [gauss-11] fully completed
c [gauss-11] exported 0 unary, 0 binary and 0 ternary equations
c G  171.4   38809   182215    408325   32827   8867  5288   8 22.7  80.5   25
c [basicprobe-11] limit 14014641 penalty 1 = 1 + 0
c [basicprobe-11-0] 4728 sched 12%, 5 failed, 0 lifted, 194 hbrs
c [basicprobe-11-1] 741 probes remain 2% after last round
c [basicprobe-11-1] 9 units = 9 failed (100%) + 0 lifted (0%)
c [basicprobe-11-1] removed 13 variables, found 852 hbrs
c p  172.4   38796   182171    408325   32827   9584  5272   8 22.7  80.5   29
c [cgrclsr-11] limit 700732 penalty 2 = 2 + 0
c [cgrclsr-11] all 38796 free variables schedulable
c [cgrclsr-11] fully completed congruence closure
c [lift-11] limit 1051098 with penalty 4 = 4 + 0
c [lift-11] using 38509 probes 99%
c [lift-11] 38417 variables remain 99% (379 retained)
c [cliff-11] limit of 5605856 steps penalty 2 = 2 + 0
c [cliff-11] failed 0, lifted 0
c [unhide-11] limit 11211713 with penalty 0 = 0 + 0
c [unhide-11-32] 0 units, 0 failed, 545 tauts, 0 hbrs, 47657 literals
c u  174.5   38796   181935    408325   32712   9211  5262   8 22.7  80.5   29
c [transred-21] limit 2000000 with penalty 0 = 0 + 0
c 
c  seconds         irredundant          redundant clauses agility   height
c          variables clauses conflicts large binary ternary    glue         MB
c 
c t  174.6   38796   181928    408325   32712   9199  5262   8 22.7  80.5   29
c [block-11] scheduling all variables this time
c [block-11] scheduled 38796 variables 100%
c [block-11] limit of 3503660 steps penalty 4 = 4 + 0
c [block-11] fully completed blocked clause elimination
c [block-11] transition to [ all 0 rem 0 ] state
c [block-11] eliminated 0 blocked clauses
c [cce-11] scheduling all variables this time
c [cce-11] limit of 16817570 steps penalty 0 = 0 + 0
c [cce-11] 32478 variables 84% remain to be tried next time
c [cce-11] transition to [ all 1 rem 1 ] state
c [cce-11] eliminated 268 covered clauses
c E  175.3   38793   181660    408325   32711   9660  5259   8 22.7  80.5   24
c [elim-11] scheduling all variables this time
c [elim-11] scheduled 38793 variables 100%
c [elim-11] limit of 28029283 steps penalty 0 = 0 + 0
c [elim-11] fully completed variable elimination
c [elim-11] transition to [ all 0 rem 0 ] state
c [elim-11] eliminated 448 = 1% variables out of 38793
c e  178.8   38345   181301    408325   32331   8513  5255   8 22.7  80.5   24
c [phase-11] phase bias: 0 positive 0%, 0 negative 0%
c [simplification-11] removed 464 variables 1%
c [simplification-11] no reduction of limit increments
c [simplification-11] arithmetic increase of conflict limit interval by 10000
c [simplification-11] new irredundant limit 1942846
c [simplification-11] new conflict limit 503647
c -  188.7   38345   181301    431125   27501   8532  5363   7 22.9  79.6   36
c -  200.0   38345   181301    460863   28590   8554  5496   7 23.0  78.4   36
c -  211.8   38345   181301    491472   29538   8581  5631  11 22.8  76.9   36
c [simplification-12] limit hit at 503651 conflicts
c [simplification-12] no simplification penalty
c [ternres-12] limit 35850370 with penalty 0 = 0 + 0
c [ternres-12] all 38345 free variables schedulable
c [ternres-12] 66 ternary resolvents (1 bin, 65 trn)
c [ternres-12] fully completed ternary resolution
c T  216.4   38345   181301    503651   41636   8596  5763   9 22.7  76.4   44
c [gauss-12] limit 448129 penalty 4 = 4 + 0
c [gauss-12] extracted 229 xors of average arity 3.0
c [gauss-12] connected 686 occurrences of 511 variables (average 1.3)
c [gauss-12] limit 448129 penalty 4 = 4 + 0
c [gauss-12] fully completed
c [gauss-12] exported 0 unary, 0 binary and 0 ternary equations
c G  216.5   38345   181301    503651   41636   8596  5763   9 22.7  76.4   26
c d  216.6   38344   181301    503651   41636   8594  5762   9 22.7  76.4   26
c [basicprobe-12] limit 35850370 penalty 0 = 0 + 0
c [basicprobe-12-0] 776 sched 2%, 0 failed, 0 lifted, 9 hbrs
c [basicprobe-12-1] 4739 sched 12%, 0 failed, 0 lifted, 112 hbrs
c [basicprobe-12-2] 4738 sched 12%, 0 failed, 0 lifted, 8 hbrs
c [basicprobe-12-3] 4738 sched 12%, 0 failed, 0 lifted, 1 hbrs
c [basicprobe-12-4] 4738 sched 12%, 0 failed, 0 lifted, 0 hbrs
c [basicprobe-12-4] fully completed probing
c [basicprobe-12-4] removed 0 variables, found 130 hbrs
c p  219.0   38344   181301    503651   41636   8724  5754   9 22.7  76.4   31
c [cgrclsr-12] limit 448129 penalty 3 = 3 + 0
c [cgrclsr-12] all 38344 free variables schedulable
c [cgrclsr-12] fully completed congruence closure
c [lift-12] limit 1250000 with penalty 4 = 4 + 0
c [lift-12] using 37969 probes 99%
c [lift-12] 37849 variables remain 99% (495 retained)
c [cliff-12] limit of 3585037 steps penalty 3 = 3 + 0
c [cliff-12] failed 0, lifted 0
c [unhide-12] limit 14340148 with penalty 0 = 0 + 0
c [unhide-12-37] 0 units, 0 failed, 460 tauts, 0 hbrs, 77549 literals
c u  221.3   38344   181146    503651   41549   8571  5719   9 22.7  76.4   31
c [transred-23] limit 2000000 with penalty 0 = 0 + 0
c t  221.4   38344   181143    503651   41549   8562  5719   9 22.7  76.4   31
c [block-12] scheduling all variables this time
c [block-12] scheduled 38344 variables 100%
c [block-12] limit of 4481296 steps penalty 4 = 4 + 0
c [block-12] fully completed blocked clause elimination
c [block-12] transition to [ all 0 rem 0 ] state
c [block-12] eliminated 0 blocked clauses
c [cce-12] 32437 variables 85% will be scheduled this time
c [cce-12] limit of 21510222 steps penalty 0 = 0 + 0
c [cce-12] 31238 variables 81% remain to be tried next time
c [cce-12] transition to [ all 0 rem 1 ] state
c [cce-12] eliminated 741 covered clauses
c E  222.2   38344   180402    503651   41549   9303  5719   9 22.7  76.4   26
c [elim-12] scheduling all variables this time
c [elim-12] scheduled 38344 variables 100%
c [elim-12] limit of 35850370 steps penalty 0 = 0 + 0
c [elim-12] fully completed variable elimination
c [elim-12] transition to [ all 0 rem 0 ] state
c [elim-12] eliminated 460 = 1% variables out of 38344
c e  225.7   37884   180083    503651   41285   8714  5719   9 22.7  76.4   26
c [phase-12] phase bias: 1 positive 100%, 0 negative 0%
c [simplification-12] removed 461 variables 1%
c [simplification-12] no reduction of limit increments
c [simplification-12] arithmetic increase of conflict limit interval by 10000
c [simplification-12] new irredundant limit 1942846
c [simplification-12] new conflict limit 608973
c -  232.9   37884   180083    523410   30542   8714  5723  13 24.0  76.7   28
c -  242.9   37884   180083    555911   31534   8716  5726   8 24.9  76.3   32
c R  251.4   37884   180083    582880   58490   8717  5736   9 25.7  76.1   51
c -  255.2   37884   180083    589466   32513   8725  5779   7 25.6  75.7   40
c [simplification-13] limit hit at 608973 conflicts
c [simplification-13] no simplification penalty
c [ternres-13] limit 40000000 with penalty 0 = 0 + 0
c [ternres-13] all 37884 free variables schedulable
c [ternres-13] 75 ternary resolvents (1 bin, 74 trn)
c [ternres-13] fully completed ternary resolution
c T  262.6   37884   180083    608973   51914   8741  5944  13 25.4  74.9   48
c [gauss-13] limit 549369 penalty 4 = 4 + 0
c [gauss-13] extracted 265 xors of average arity 3.0
c [gauss-13] connected 794 occurrences of 686 variables (average 1.2)
c [gauss-13] limit 549369 penalty 4 = 4 + 0
c [gauss-13] fully completed
c [gauss-13] exported 0 unary, 0 binary and 0 ternary equations
c G  262.7   37884   180083    608973   51914   8741  5944  13 25.4  74.9   29
c [basicprobe-13] limit 21974778 penalty 1 = 1 + 0
c [basicprobe-13-0] 4737 sched 13%, 0 failed, 0 lifted, 25 hbrs
c [basicprobe-13-1] 4735 sched 12%, 0 failed, 0 lifted, 1 hbrs
c [basicprobe-13-2] 726 probes remain 2% after last round
c [basicprobe-13-2] removed 0 variables, found 26 hbrs
c p  264.4   37884   180083    608973   51914   8767  5938  13 25.4  74.9   33
c [cgrclsr-13] limit 274684 penalty 4 = 4 + 0
c [cgrclsr-13] all 37884 free variables schedulable
c [cgrclsr-13] fully completed congruence closure
c [lift-13] limit 1250000 with penalty 4 = 4 + 0
c [lift-13] using 37392 probes 99%
c [lift-13] 37281 variables remain 98% (603 retained)
c [cliff-13] limit of 2197477 steps penalty 4 = 4 + 0
c [cliff-13] failed 0, lifted 0
c [unhide-13] limit 17579823 with penalty 0 = 0 + 0
c [unhide-13-42] 0 units, 0 failed, 364 tauts, 0 hbrs, 152653 literals
c u  267.2   37884   179893    608973   51851   8684  5911  13 25.4  74.9   33
c [transred-25] limit 2000000 with penalty 0 = 0 + 0
c t  267.3   37884   179893    608973   51851   8675  5911  13 25.4  74.9   33
c [block-13] scheduling all variables this time
c [block-13] scheduled 37884 variables 100%
c [block-13] limit of 5493694 steps penalty 4 = 4 + 0
c [block-13] fully completed blocked clause elimination
c [block-13] transition to [ all 0 rem 0 ] state
c [block-13] eliminated 0 blocked clauses
c [cce-13] scheduling all variables this time
c [cce-13] limit of 26369734 steps penalty 0 = 0 + 0
c [cce-13] 30921 variables 82% remain to be tried next time
c [cce-13] transition to [ all 1 rem 1 ] state
c [cce-13] eliminated 174 covered clauses
c 
c  seconds         irredundant          redundant clauses agility   height
c          variables clauses conflicts large binary ternary    glue         MB
c 
c E  268.3   37884   179719    608973   51851   8851  5909  13 25.4  74.9   28
c [elim-13] scheduling all variables this time
c [elim-13] scheduled 37884 variables 100%
c [elim-13] limit of 43949557 steps penalty 0 = 0 + 0
c [elim-13] fully completed variable elimination
c [elim-13] transition to [ all 0 rem 0 ] state
c [elim-13] eliminated 106 = 0% variables out of 37884
c e  271.8   37778   179672    608973   51561   8697  5902  13 25.4  74.9   28
c [phase-13] phase bias: 0 positive 0%, 0 negative 0%
c [simplification-13] removed 106 variables 0%
c [simplification-13] no reduction of limit increments
c [simplification-13] arithmetic increase of conflict limit interval by 10000
c [simplification-13] new irredundant limit 1942846
c [simplification-13] new conflict limit 724295
c -  280.3   37778   179672    624543   33507   8709  6010   6 25.2  74.2   38
c i  285.7   37777   179671    641919   50832   8713  6056   6 25.1  73.7   48
c i  294.4   37772   179670    659055   67834   8743  6158   8 25.0  73.1   52
c -  295.2   37761   179670    660238   34502   8744  6171   6 25.0  73.1   38
c -  309.7   37761   179670    696985   35544   8769  6362   8 24.9  72.1   38
c [simplification-14] limit hit at 724295 conflicts
c [simplification-14] no simplification penalty
c [ternres-14] limit 40000000 with penalty 0 = 0 + 0
c [ternres-14] all 37761 free variables schedulable
c [ternres-14] 40 ternary resolvents (1 bin, 39 trn)
c [ternres-14] fully completed ternary resolution
c T  320.5   37761   179670    724295   62720   8790  6514   7 25.2  71.6   54
c [gauss-14] limit 676472 penalty 4 = 4 + 0
c [gauss-14] extracted 316 xors of average arity 3.0
c [gauss-14] connected 948 occurrences of 789 variables (average 1.2)
c [gauss-14] limit 676472 penalty 4 = 4 + 0
c [gauss-14] fully completed
c [gauss-14] exported 0 unary, 0 binary and 0 ternary equations
c G  320.7   37761   179560    724295   62548   8700  6479   7 25.2  71.6   32
c [basicprobe-14] limit 13529452 penalty 2 = 2 + 0
c [basicprobe-14-0] 727 sched 2%, 0 failed, 0 lifted, 25 hbrs
c [basicprobe-14-1] 4735 sched 13%, 0 failed, 0 lifted, 48 hbrs
c [basicprobe-14-2] 2094 probes remain 6% after last round
c [basicprobe-14-2] removed 0 variables, found 75 hbrs
c p  322.0   37761   179560    724295   62548   8774  6471   7 25.2  71.6   37
c [cgrclsr-14] limit 338236 penalty 4 = 4 + 0
c [cgrclsr-14] all 37761 free variables schedulable
c [cgrclsr-14] fully completed congruence closure
c [cgrclsr-14] removed 1 variables
c C  322.2   37760   179560    724295   62548   8772  6470   7 25.2  71.6   32
c [lift-14] limit 1250000 with penalty 4 = 4 + 0
c [lift-14] using 37160 probes 98%
c [lift-14] 37057 variables remain 98% (703 retained)
c [cliff-14] limit of 2705890 steps penalty 4 = 4 + 0
c [cliff-14] failed 0, lifted 0
c [unhide-14] limit 20000000 with penalty 0 = 0 + 0
c [unhide-14-47] 0 units, 0 failed, 514 tauts, 0 hbrs, 255220 literals
c u  325.8   37760   179433    724295   62296   8683  6423   7 25.2  71.6   37
c [transred-27] limit 2000000 with penalty 0 = 0 + 0
c t  325.9   37760   179431    724295   62296   8675  6423   7 25.2  71.6   37
c [block-14] scheduling all variables this time
c [block-14] scheduled 37760 variables 100%
c [block-14] limit of 6764726 steps penalty 4 = 4 + 0
c [block-14] fully completed blocked clause elimination
c [block-14] transition to [ all 0 rem 0 ] state
c [block-14] eliminated 0 blocked clauses
c [cce-14] 30901 variables 82% will be scheduled this time
c [cce-14] limit of 32470686 steps penalty 0 = 0 + 0
c [cce-14] 28999 variables 77% remain to be tried next time
c [cce-14] transition to [ all 0 rem 1 ] state
c [cce-14] eliminated 1087 covered clauses
c E  327.1   37760   178344    724295   62296   9762  6423   7 25.2  71.6   31
c [elim-14] scheduling all variables this time
c [elim-14] scheduled 37760 variables 100%
c [elim-14] limit of 54117810 steps penalty 0 = 0 + 0
c [elim-14] fully completed variable elimination
c [elim-14] transition to [ all 0 rem 0 ] state
c [elim-14] eliminated 685 = 2% variables out of 37760
c e  330.5   37075   177889    724295   61905   8792  6351   7 25.2  71.6   31
c [phase-14] phase bias: 2 positive 100%, 0 negative 0%
c [simplification-14] removed 686 variables 1%
c [simplification-14] no reduction of limit increments
c [simplification-14] arithmetic increase of conflict limit interval by 10000
c [simplification-14] new irredundant limit 1942846
c [simplification-14] new conflict limit 849617
c -  336.4   37075   177889    735484   36509   8802  6418   7 25.1  71.3   39
c -  353.1   37075   177889    774294   37501   8845  6692   7 24.8  70.1   40
c -  372.5   37075   177889    814271   38530   8930  7049   8 24.5  68.8   40
c i  375.9   37074   177888    827953   52178   8937  7074   6 24.4  68.5   47
c [simplification-15] limit hit at 849617 conflicts
c [simplification-15] no simplification penalty
c [ternres-15] limit 40000000 with penalty 0 = 0 + 0
c [ternres-15] all 37044 free variables schedulable
c [ternres-15] 108 ternary resolvents (0 bin, 108 trn)
c [ternres-15] fully completed ternary resolution
c T  383.4   37044   177888    849617   73837   8938  7185  11 24.6  68.4   57
c [gauss-15] limit 817539 penalty 4 = 4 + 0
c [gauss-15] extracted 365 xors of average arity 3.0
c [gauss-15] connected 1093 occurrences of 725 variables (average 1.5)
c [gauss-15] limit 817539 penalty 4 = 4 + 0
c [gauss-15] fully completed
c [gauss-15] exported 0 unary, 0 binary and 0 ternary equations
c G  383.7   37044   177686    849617   73424   8923  7168  11 24.6  68.4   34
c [basicprobe-15] limit 8175390 penalty 3 = 3 + 0
c [basicprobe-15-0] 2097 sched 6%, 0 failed, 0 lifted, 29 hbrs
c [basicprobe-15-1] 2014 probes remain 5% after last round
c [basicprobe-15-1] removed 0 variables, found 38 hbrs
c p  384.5   37044   177686    849617   73424   8961  7164  11 24.6  68.4   39
c [cgrclsr-15] limit 817539 penalty 3 = 3 + 0
c [cgrclsr-15] all 37044 free variables schedulable
c [cgrclsr-15] fully completed congruence closure
c [cgrclsr-15] removed 1 variables
c C  384.7   37043   177686    849617   73424   8959  7164  11 24.6  68.4   34
c [lift-15] limit 1250000 with penalty 4 = 4 + 0
c [lift-15] using 36352 probes 98%
c [lift-15] 36245 variables remain 98% (798 retained)
c [cliff-15] limit of 3270156 steps penalty 4 = 4 + 0
c [cliff-15] failed 0, lifted 0
c [unhide-15] limit 20000000 with penalty 0 = 0 + 0
c [unhide-15-52] 0 units, 0 failed, 349 tauts, 0 hbrs, 330728 literals
c 
c  seconds         irredundant          redundant clauses agility   height
c          variables clauses conflicts large binary ternary    glue         MB
c 
c u  388.5   37043   177493    849617   73315   8924  7152  11 24.6  68.4   39
c [transred-29] limit 2000000 with penalty 0 = 0 + 0
c t  388.7   37043   177492    849617   73315   8912  7152  11 24.6  68.4   39
c [block-15] scheduling all variables this time
c [block-15] scheduled 37043 variables 100%
c [block-15] limit of 8175390 steps penalty 4 = 4 + 0
c [block-15] fully completed blocked clause elimination
c [block-15] transition to [ all 0 rem 0 ] state
c [block-15] eliminated 0 blocked clauses
c [cce-15] scheduling all variables this time
c [cce-15] limit of 39241874 steps penalty 0 = 0 + 0
c [cce-15] 27919 variables 75% remain to be tried next time
c [cce-15] transition to [ all 1 rem 1 ] state
c [cce-15] eliminated 538 covered clauses
c E  390.1   37043   176954    849617   73315   9461  7151  11 24.6  68.4   32
c [elim-15] scheduling all variables this time
c [elim-15] scheduled 37043 variables 100%
c [elim-15] limit of 65403123 steps penalty 0 = 0 + 0
c [elim-15] fully completed variable elimination
c [elim-15] transition to [ all 0 rem 0 ] state
c [elim-15] eliminated 396 = 1% variables out of 37043
c e  393.5   36647   176684    849617   71287   8879  7146  11 24.6  68.4   32
c [phase-15] phase bias: 0 positive 0%, 0 negative 0%
c [simplification-15] removed 397 variables 1%
c [simplification-15] no reduction of limit increments
c [simplification-15] arithmetic increase of conflict limit interval by 10000
c [simplification-15] new irredundant limit 1942846
c [simplification-15] new conflict limit 984939
c i  394.8   36646   176684    853176   74830   8880  7159   9 24.6  68.3   48
c -  397.1   36646   176684    857396   39500   8888  7199   8 24.5  68.2   30
c i  413.2   36645   176683    893184   74838   8970  7563   5 24.2  67.1   54
c i  416.2   36636   176682    898257   79830   8985  7628   7 24.2  66.9   54
c -  417.1   36636   176682    899467   40508   8989  7648   8 24.1  66.8   40
c i  427.5   36635   176681    923594   64432   9035  7804  10 24.0  66.2   51
c i  438.2   36634   176680    942081   82609   9112  8033   9 24.0  65.8   56
c -  438.5   36634   176680    942495   41503   9118  8043   8 24.0  65.7   40
c i  455.4   36633   176679    982774   81416   9196  8326   9 23.8  64.9   56
c i  456.4   36632   176678    984186   82782   9212  8355   7 23.8  64.8   56
c [simplification-16] limit hit at 984942 conflicts
c [simplification-16] no simplification penalty
c [ternres-16] limit 40000000 with penalty 0 = 0 + 0
c [ternres-16] all 36632 free variables schedulable
c [ternres-16] 114 ternary resolvents (0 bin, 114 trn)
c [ternres-16] fully completed ternary resolution
c T  456.8   36632   176678    984942   83529   9212  8478   5 23.8  64.8   56
c [gauss-16] limit 988328 penalty 4 = 4 + 0
c [gauss-16] extracted 420 xors of average arity 3.0
c [gauss-16] connected 1260 occurrences of 957 variables (average 1.3)
c [gauss-16] limit 988328 penalty 4 = 4 + 0
c [gauss-16] fully completed
c [gauss-16] exported 0 unary, 0 binary and 0 ternary equations
c G  457.0   36632   176570    984942   82235   9020  7796   5 23.8  64.8   34
c [basicprobe-16] limit 4941640 penalty 4 = 4 + 0
c [basicprobe-16-0] 2016 sched 6%, 1 failed, 0 lifted, 53 hbrs
c [basicprobe-16-1] 3997 probes remain 11% after last round
c [basicprobe-16-1] 1 units = 1 failed (100%) + 0 lifted (0%)
c [basicprobe-16-1] removed 3 variables, found 57 hbrs
c p  457.8   36629   176549    984942   82231   9073  7788   5 23.8  64.8   39
c [cgrclsr-16] limit 1976656 penalty 2 = 2 + 0
c [cgrclsr-16] all 36629 free variables schedulable
c [cgrclsr-16] fully completed congruence closure
c [lift-16] limit 1250000 with penalty 4 = 4 + 0
c [lift-16] using 35842 probes 98%
c [lift-16] 35741 variables remain 98% (888 retained)
c [cliff-16] limit of 3953312 steps penalty 4 = 4 + 0
c [cliff-16] failed 0, lifted 0
c [unhide-16] limit 20000000 with penalty 0 = 0 + 0
c [unhide-16-57] 0 units, 0 failed, 437 tauts, 0 hbrs, 287234 literals
c u  461.8   36629   176360    984942   82070   9017  7775   5 23.8  64.8   39
c [transred-31] limit 2000000 with penalty 0 = 0 + 0
c t  462.0   36629   176358    984942   82070   9008  7775   5 23.8  64.8   39
c [block-16] scheduling all variables this time
c [block-16] scheduled 36629 variables 100%
c [block-16] limit of 9883281 steps penalty 4 = 4 + 0
c [block-16] fully completed blocked clause elimination
c [block-16] transition to [ all 0 rem 0 ] state
c [block-16] eliminated 0 blocked clauses
c [cce-16] 27887 variables 76% will be scheduled this time
c [cce-16] limit of 47439748 steps penalty 0 = 0 + 0
c [cce-16] 25758 variables 70% remain to be tried next time
c [cce-16] transition to [ all 0 rem 1 ] state
c [cce-16] eliminated 719 covered clauses
c E  463.4   36629   175639    984942   82070   9775  7776   5 23.8  64.8   33
c [elim-16] scheduling all variables this time
c [elim-16] scheduled 36629 variables 100%
c [elim-16] limit of 79066249 steps penalty 0 = 0 + 0
c [elim-16] fully completed variable elimination
c [elim-16] transition to [ all 0 rem 0 ] state
c [elim-16] eliminated 509 = 1% variables out of 36629
c e  466.9   36120   175558    984942   71847   9196  7742   5 23.8  64.8   31
c [phase-16] phase bias: 1 positive 100%, 0 negative 0%
c [simplification-16] removed 512 variables 1%
c [simplification-16] no reduction of limit increments
c [simplification-16] arithmetic increase of conflict limit interval by 10000
c [simplification-16] new irredundant limit 1942846
c [simplification-16] new conflict limit 1130264
c i  472.9   36119   175557    995070   81736   9258  7914   9 23.7  64.5   46
c i  474.9   36118   175556    998266   84865   9280  7956   7 23.7  64.4   56
c 
c  seconds         irredundant          redundant clauses agility   height
c          variables clauses conflicts large binary ternary    glue         MB
c 
c -  475.0   36118   175556    998442   42538   9282  7959   7 23.7  64.4   41
c i  476.9   36117   175555   1003520   47523   9307  8025   7 23.6  64.3   47
c i  478.4   36116   175554   1008046   52014   9315  8051   5 23.7  64.3   48
c i  481.7   36115   175553   1015060   58862   9349  8182   8 23.6  64.1   49
c i  486.9   36114   175552   1025759   69324   9411  8349   6 23.6  63.8   52
c i  491.7   36113   175551   1038401   81882   9427  8413   8 23.5  63.6   57
c i  494.1   36112   175550   1042055   85448   9448  8478   7 23.5  63.5   57
c -  494.9   36112   175550   1043622   43504   9448  8486   9 23.5  63.4   41
c i  498.9   36111   175549   1053278   52931   9522  8638   8 23.4  63.2   47
c i  499.9   36110   175548   1055794   55391   9538  8676   7 23.4  63.1   48
c i  504.1   36109   175547   1065942   65368   9584  8798   8 23.3  62.9   50
c i  504.1   36108   175546   1066114   65538   9584  8799   7 23.3  62.9   50
c i  506.6   36107   175545   1071104   70426   9611  8872   7 23.3  62.8   51
c i  508.0   36106   175544   1073441   72703   9628  8914   8 23.3  62.7   53
c i  509.9   36105   175543   1077509   76723   9634  8954   7 23.3  62.7   54
c i  512.7   36104   175542   1082280   81363   9670  9046   7 23.2  62.6   54
c i  514.0   36103   175541   1084473   83516   9681  9073   7 23.2  62.5   55
c i  514.9   36102   175540   1085800   84820   9686  9090   6 23.2  62.5   55
c -  516.4   36102   175540   1090017   44534   9686  9098   9 23.2  62.4   41
c i  523.7   36101   175539   1110771   65255   9694  9121   8 23.2  62.2   51
c i  529.4   36034   175538   1128841   83308   9697  9133  11 23.1  61.9   57
c [simplification-17] limit hit at 1130264 conflicts
c [simplification-17] no simplification penalty
c [ternres-17] limit 40000000 with penalty 0 = 0 + 0
c [ternres-17] all 36016 free variables schedulable
c [ternres-17] 157 ternary resolvents (1 bin, 156 trn)
c [ternres-17] fully completed ternary resolution
c T  530.1   36016   175538   1130264   84730   9698  9290  11 23.1  61.9   57
c [gauss-17] limit 1165941 penalty 4 = 4 + 0
c [gauss-17] extracted 542 xors of average arity 3.0
c [gauss-17] connected 1615 occurrences of 1182 variables (average 1.4)
c [gauss-17] limit 1165941 penalty 4 = 4 + 0
c [gauss-17] fully completed
c [gauss-17] exported 0 unary, 0 binary and 0 ternary equations
c G  530.4   36016   174914   1130264   69175   9101  7058  11 23.1  61.9   30
c 
c  seconds         irredundant          redundant clauses agility   height
c          variables clauses conflicts large binary ternary    glue         MB
c 
c d  530.5   36011   174904   1130264   69161   9101  7013  11 23.1  61.9   30
c [basicprobe-17] limit 11659417 penalty 3 = 3 + 0
c [basicprobe-17-0] 3980 sched 11%, 4 failed, 0 lifted, 51 hbrs
c [basicprobe-17-1] 1970 probes remain 5% after last round
c [basicprobe-17-1] 4 units = 4 failed (100%) + 0 lifted (0%)
c [basicprobe-17-1] removed 5 variables, found 64 hbrs
c p  531.5   36006   174872   1130264   68675   9075  6714  11 23.1  61.9   35
c [cgrclsr-17] limit 1000000 penalty 3 = 3 + 0
c [cgrclsr-17] all 36006 free variables schedulable
c [cgrclsr-17] fully completed congruence closure
c [lift-17] limit 1250000 with penalty 4 = 4 + 0
c [lift-17] using 35144 probes 98%
c [lift-17] 35052 variables remain 97% (954 retained)
c [cliff-17] limit of 4663767 steps penalty 4 = 4 + 0
c [cliff-17] failed 0, lifted 0
c [unhide-17] limit 20000000 with penalty 0 = 0 + 0
c [unhide-17-62] 0 units, 0 failed, 755 tauts, 0 hbrs, 204576 literals
c u  534.5   36006   174408   1130264   68481   9035  6662  11 23.1  61.9   35
c [transred-33] limit 2000000 with penalty 0 = 0 + 0
c t  534.7   36006   174406   1130264   68481   9030  6662  11 23.1  61.9   35
c [block-17] scheduling all variables this time
c [block-17] scheduled 36006 variables 100%
c [block-17] limit of 11659417 steps penalty 4 = 4 + 0
c [block-17] fully completed blocked clause elimination
c [block-17] transition to [ all 0 rem 0 ] state
c [block-17] eliminated 0 blocked clauses
c [cce-17] scheduling all variables this time
c [cce-17] limit of 55965204 steps penalty 0 = 0 + 0
c [cce-17] 24946 variables 69% remain to be tried next time
c [cce-17] transition to [ all 1 rem 1 ] state
c [cce-17] eliminated 171 covered clauses
c E  536.5   36006   174235   1130264   68481   9231  6661  11 23.1  61.9   29
c [elim-17] scheduling all variables this time
c [elim-17] scheduled 36006 variables 100%
c [elim-17] limit of 93275342 steps penalty 0 = 0 + 0
c [elim-17] fully completed variable elimination
c [elim-17] transition to [ all 0 rem 0 ] state
c [elim-17] eliminated 173 = 0% variables out of 36006
c e  540.0   35833   174161   1130264   47393   9077  6613  11 23.1  61.9   25
c [phase-17] phase bias: 0 positive 0%, 1 negative 100%
c [simplification-17] removed 183 variables 0%
c [simplification-17] no reduction of limit increments
c [simplification-17] arithmetic increase of conflict limit interval by 10000
c [simplification-17] new irredundant limit 1942846
c [simplification-17] new conflict limit 1285586
c i  542.5   35832   174161   1137263   54359   9082  6638   8 23.0  61.7   35
c i  542.6   35811   174160   1137452   54534   9086  6647   8 23.0  61.7   35
c i  543.6   35810   174159   1140657   57712   9094  6664  11 23.0  61.7   35
c i  543.7   34784   174158   1140706   57752   9098  6668  11 23.0  61.7   35
c i  543.7   34562   174157   1140709   57752   9100  6668  11 23.0  61.7   35
c i  543.7   34286   174157   1140724   57761   9102  6670  11 23.0  61.7   35
c 0  543.7   32935   174157   1140724   57761   9102  6670  12 23.0  61.7   35
c 
c  seconds         irredundant          redundant clauses agility   height
c          variables clauses conflicts large binary ternary    glue         MB
c 
c blkd: 17 bces, 4200 removed, 8413837 resolutions, 23218142 steps
c blkd: 4200 blocking literals 1%, 0 pure
c cces: 17 cces, 6076 eliminated, 6076 ate 100%, 0 abce 0%
c cces: 101676 probed, 7 lifted, 33 failed
c clff: 17 cliffs, 8 lifted, 25 failed
c clff: 78796 decisions, 127920340 steps
c clls: 1 sat, 0 simp, 0 freeze, 0 melt
c clls: 1856258 add, 0 assume,, 0 deref, 0 failed
c clls: 0 cassume, 0 mosat
c coll: 121 gcs, 0 rescored clauses
c cgrs: 17 count, 8978995 esteps, 2028070 csteps
c cgrs: 9 eqs, 0 units
c cgrs: 0 matched (0 ands 0%, 0 xors 0%, 0 ites 0%)
c cgrs: 0 simplified (0 ands 0%, 0 xors 0%, 0 ites 0%)
c cgrs: 23704 extracted (22002 ands 93%, 1702 xors 7%, 0 ites 0%)
c dcps: 38 decompositions, 57326 equivalent 29%
c decs: 3256335 decision, 3248 random 0.100%
c decs: 487420 flipped 14.968% (in 4263 phases)
c elms: 17 elims, 11637 eliminated 6%
c elms: 11637 small 100%, 0 large 0%
c elms: 330475 tried small, 11637 succeeded 4%, 318838 failed 96%
c elms: 163 subsumed, 28 strengthened, 0 blocked
c elms: 7781007 copies, 5949744 resolutions, 12076474 ipos
c elms: 732036 subchks, 101223 strchks
c frcs: 0 computed, 3.5 - 96.5 average min-cut range
c gaus: 17 extractions, 174546 extracted, 2.0 size, 3 max
c gaus: exported 0 units, 3 binary and 0 ternary equations
c gaus: 0 gc, 23914302 steps, 11957151 extr 50%, 2624385 elim 11%
c glue: 23.0 avg, 4.7 scaled avg
c glue: 776 maxredglue=15 (0%)
c lift: 17 phases, 6129 probed (2044 level1 33%, 4085 level2 67%)
c lift: 0 units, 0 equivalences, 29 implications
c hbrs: 29866 hbrs = 29866 trn 100% + 0 lrg 0%, 388 sub 1%
c lrnd: 1140276 clauses, 484105 uips 42%, 66.1 length, 23.0 glue
c ints: 32766 luby (8568848 steps), 0 inout (0 steps)
c mins: 75418263 learned lits, 43% minimized
c move: moved 10276, 6076 binary 59%, 4200 ternary 41%
c otfs: str 9595 dyn (9296 red, 299 irr) 448 drv 5%, 9147 rst 95%
c otfs: sub 25 dyn (25 red, 0 irr)
c phas: 17 computed, 15611 set, 1873 pos (12%), 13738 neg (88%)
c prbs: 17 basic, 214307 probed, 89 failed, 1 lifted
c prps: 999645743 props, 278 props/dec
c prps: 91% srch, 9% simp, 0% lkhd
c psns: 312481090 searches, 39853136 hits, 13% hit rate
c queu: 17979638 new, 7038915 del, 120 maximum priority
c queu: 10940676 merged, 10931896 collected, 1103 gcs
c queu: 1149871 deprioritized, 70.0 lines on average
c reds: 45 count, 0 reset, 7 acts 16%, 0 exp 0%
c reds: 45 arithmetic 100%, 45 double 100%
c rmbd: 284 removed, 69 red 24%
c rsts: 32346 restarts 99%, 419 skipped 1%
c rsts: 6809 kept 21.1% average 22.8%
c simp: 17 count (0 ilim 0%, 0 plim 0%, 17 clim 100%)
c trnr: 17 count, 29 bin, 1867 trn, 64192874 steps
c tops: 93248 fixed 48%, 41 iterations
c trds: 34 transitive reductions, 378 removed, 0 failed
c trds: 39570 nodes, 57727 edges, 28049597 steps
c unhd: 17 count, 62 rounds, 94488287 steps
c unhd: 106 non-trivial sccs of average size 2.0
c unhd: 0 units, 0 bin, 0 trn, 0 lrg
c unhd: 7 failed, 7 stamp, 0 lits, 0 bin, 0 trn, 0 lrg
c unhd: 32006 tauts, 59 bin 0%, 3997 trn 12%, 1570 lrg 5%
c unhd: 32006 tauts, 26380 stamp 82%, 9490 red 30%
c unhd: 0 hbrs, 0 trn 0%, 0 lrg 0%, 0 red 0%
c unhd: 1724816 strd, 0 bin 0%, 96 trn 0%, 1724720 lrg 100%, 1724735 red 100%
c vars: 32935 remaining 17% and 162211 removed 83% out of 195146
c vars: 93248 fixed 48%, 11637 eliminated 6%, 57326 equivalent 29%
c vsts: 9860571584 visits, 95% srch, 5% simp, 0% lkhd
c vsts: 10.4 search visits per propagation 8250.9 per conflict
c wchs: 2882590204 pushed, 41509151 enlarged, 210 defrags
c 
c scaledglue  added       reduced       forcing      resolved     conflicts
c 
c all   1127717 100   1012463 100  42130331 100   8990094 100    471275 100
c 
c  0          0   0         0   0         0   0         0   0         0   0 
c  1        660   0       268   0    365707   1     23256   0      1195   0 
c  2     118545  11     69361   7  32321430  77<  4673627  52    217857  46 
c  3     312467  28    298777  30   6016829  14   1937472  22<   103981  22<
c  4     206307  18    188788  19   1637185   4    883799  10     56065  12 
c  5     146699  13<   130054  13<   772642   2    520475   6     33191   7 
c  6     109398  10     98626  10    406036   1    331183   4     20566   4 
c  7      89621   8     85755   8    252447   1    243181   3     14807   3 
c  8      64954   6     63309   6    164966   0    172008   2     10766   2 
c  9      36273   3     35634   4     96802   0     97829   1      5901   1 
c 10      22741   2     22662   2     54289   0     59172   1      3749   1 
c 11      11107   1     11085   1     23469   0     27321   0      1789   0 
c 12       4487   0      4468   0      9198   0     10694   0       693   0 
c 13       1872   0      1866   0      4417   0      4724   0       340   0 
c 14       1810   0      1810   0      4138   0      4828   0       374   0 
c 15        776   0         0   0       776   0       525   0         1   0 
c 
c avg             4.7           4.9           2.4           3.2           3.4
c std             2.2           2.2           1.0           1.8           1.9
c 
c 3256335 decisions, 1140724 conflicts, 2098.2 conflicts/sec
c 999645743 propagations, 1.8 megaprops/sec
c 543.7 seconds, 71.6 MB
c 
c   78.657  14% analysis
c    2.340   0% block
c   19.133   4% bump
c    0.000   0% card
c   10.961   2% cce
c    4.772   1% cliff
c    0.008   0% cutwidth
c    1.660   0% decide
c    0.000   0% force
c    6.696   1% gc
c    2.664   0% cgrclsr
c    4.876   1% decomp
c    1.480   0% defrag
c   35.518   7% elim
c    2.760   1% gauss
c    2.236   0% lift
c   21.469   4% mincls
c    0.372   0% phase
c   13.653   3% probe
c    0.612   0% reduce
c    4.184   1% restart
c    0.768   0% ternres
c    1.736   0% transred
c   26.598   5% unhide
c ==================================
c    0.016   0% preprocessing     0%
c  107.227  20% inprocessing    100%
c ==================================
c  107.243  20% simplifying
c    0.000   0% lookahead
c  436.435  80% search
c ==================================
c  543.678 100% all
c
s UNSATISFIABLE
