c Lingeling SAT Solver
c 
c Version ala b02aa1a04343558c4252b5f4a723be021964f652
c 
c Copyright (C) 2010-2012 Armin Biere JKU Linz Austria.
c All rights reserved.
c 
c released Sat Oct 13 14:05:26 CEST 2012
c compiled Sat Feb 16 02:48:12 EST 2013
c 
c gcc (Debian 4.4.5-8) 4.4.5
c -Wall -O3 -DNLGLOG -DNDEBUG -DNCHKSOL -DNLGLPICOSAT 
c Linux greencar2 2.6.32-5-amd64 x86_64
c 
c reading input file pb_200_09.cnf
c no embedded options
c found 'p cnf 199203 613495' header
c read 199203 variables, 613495 clauses, 1275673 literals in 0.0 seconds
c
c feature vars 199203
c feature lits.total 1275673
c feature lits.pos 681303
c feature lits.neg 594370
c feature clauses.total 613495
c feature clauses.unit 75331
c feature clauses.bin 432750
c feature clauses.trn 104014
c feature clauses.lrg 1400
c feature cog.val.min 1
c feature cog.val.avg 88688
c feature cog.val.max 190861
c feature cog.var.min 1
c feature cog.var.avg 99602
c feature cog.var.max 199202
c
c
c --abstime=0
c --acts=2
c --actavgmax=120
c --actstdmin=20
c --actstdmax=80
c --agile=23
c --bias=2
c --block=1
c --blkrtc=0
c --blkclslim=2000
c --blkocclim=2000
c --blkmaxeff=2147483647
c --blkmineff=10000000
c --blkreleff=20
c --card=0
c --cce=3
c --ccemaxeff=100000000
c --ccemineff=5000000
c --ccereleff=3
c --check=0
c --cgrclsr=1
c --cgrmaxority=20
c --cgrmaxeff=8000000
c --cgrmineff=200000
c --cgreleff=1
c --cgrexteq=1
c --cgrextand=1
c --cgrextunits=1
c --cgrextite=1
c --cgrextxor=1
c --cliff=1
c --cliffreleff=8
c --cliffmineff=10000000
c --cliffmaxeff=100000000
c --compact=0
c --decompose=1
c --defragint=10000000
c --defragfree=50
c --elim=1
c --elmrtc=0
c --elmblk=1
c --elmclslim=1000
c --elmocclim=1000
c --elmaxeff=100000000
c --elmineff=5000000
c --elmreleff=10
c --sleeponabort=0
c --exitonabort=0
c --flipping=1
c --flipint=2
c --flipdur=50
c --fliptop=1
c --force=0
c --gauss=1
c --gaussextrall=1
c --gaussmaxor=20
c --gaussexptrn=1
c --gaussmaxeff=50000000
c --gaussmineff=2000000
c --gaussreleff=2
c --gluescale=2
c --gluekeep=0
c --inprocessing=1
c --cintinc=10000
c --irrlim=20
c --lift=1
c --lftmaxeff=20000000
c --lftmineff=500000
c --lftreleff=6
c --lhbr=1
c --lkhd=1
c --clim=-1
c --mocint=1000
c --move=2
c --log=-1
c --otfs=1
c --phase=0
c --phaseneginit=0
c --plain=0
c --probe=1
c --prbasicmaxeff=100000000
c --prbasicmineff=1000000
c --prbasicreleff=10
c --prbasic=1
c --prbasicroundlim=9
c --queuemergelim=10000
c --queuefactor=833
c --queueinc=20
c --rmincpen=4
c --seed=0
c --smallirr=90
c --smallve=1
c --smallvevars=12
c --randec=1
c --randecint=1000
c --redfixed=0
c --redlbound=0
c --redlexpfac=10
c --redldoutfac=0
c --redloutinc=10000
c --redlinit=1000
c --redlinc=1000
c --redinoutinc=100
c --redlmininc=10
c --redlmaxinc=200
c --redlminrel=10
c --redlmaxrel=300
c --redlminabs=500
c --redlmaxabs=1000000
c --reduce=1
c --restart=2
c --restartint=5
c --rstinoutinc=110
c --simplify=1
c --simpdelay=100
c --simpen=4
c --sizepen=1000000
c --sizemaxpen=3
c --sortlits=0
c --syncint=111111
c --termint=122222
c --ternres=1
c --ternresrtc=0
c --trnrmineff=4000000
c --trnrmaxeff=40000000
c --trnreleff=10
c --transred=1
c --trdmineff=100000
c --trdmaxeff=2000000
c --trdreleff=10
c --unhide=1
c --unhdextstamp=1
c --unhdhbr=0
c --unhdmaxeff=20000000
c --unhdmineff=1000000
c --unhdreleff=4
c --unhdlnpr=3
c --unhdroundlim=5
c --verbose=1
c --witness=1
c [limits] no conflict limit
c [limits] simplification delayed by 100 to 100 conflicts
c 
c  seconds         irredundant          redundant clauses agility   height
c          variables clauses conflicts large binary ternary    glue         MB
c 
c *    0.0  107214   446706         0       0      0     0  60  0.0   0.0   40
c [cut-width] 148628, max 235378, min4 91560 at 75%, min10 32549 at 88%
c [decision-order] bias 1, old 1
c [queue-schedule-all-variables]
c s    0.0  107214   446706         0       0      0     0  60  0.0   0.0   40
c [simplification-1] limit hit at 100 conflicts
c [simplification-1] simplification penalty of 4
c [ternres-1] limit 4000000 with penalty 0 = 0 + 0
c [ternres-1] all 107214 free variables schedulable
c [ternres-1] 0 ternary resolvents (0 bin, 0 trn)
c [ternres-1] fully completed ternary resolution
c [gauss-1] limit 2000000 penalty 0 = 0 + 0
c [gauss-1] extracted 172721 xors of average arity 2.0
c [gauss-1] connected 345443 occurrences of 76914 variables (average 4.5)
c [gauss-1] limit 2000000 penalty 0 = 0 + 0
c [gauss-1] exported 0 unary, 0 binary and 0 ternary equations
c G    0.7  107214   425313       100      86      8     6  13  3.4  61.4   25
c d    0.8   48651   219173       100      86      8     6  13  3.4  61.4   19
c [basicprobe-1] limit 1000000 penalty 0 = 0 + 0
c [basicprobe-1-0] 4476 probes remain 9% after last round
c [basicprobe-1-0] 1 units = 1 failed (100%) + 0 lifted (0%)
c [basicprobe-1-0] removed 1 variables, found 2404 hbrs
c p    0.9   48650   219173       100      86   2411     6  13  3.4  61.4   23
c [cgrclsr-1] limit 200000 penalty 0 = 0 + 0
c [cgrclsr-1] all 48650 free variables schedulable
c [cgrclsr-1] fully completed congruence closure
c [cgrclsr-1] removed 1 variables
c C    1.0   48649   219168       100      86   2404     6  13  3.4  61.4   19
c [lift-1] limit 500000 with penalty 0 = 0 + 0
c [lift-1] using 48649 probes 100%
c [lift-1] 48613 variables remain 100% (30 retained)
c [lift-1] removed 6 variables
c ^    1.1   48643   219138       100      86   2612     6  13  3.4  61.4   19
c [cliff-1] limit of 10000000 steps penalty 0 = 0 + 0
c [cliff-1] failed 6, lifted 57
c K    1.4   48547   219138       100      86   4512     5  13  3.4  61.4   23
c [unhide-1] limit 1000000 with penalty 0 = 0 + 0
c [unhide-1-1] 1 units, 7 failed, 19281 tauts, 0 hbrs, 67 literals
c u    1.6   48534   199406       100      83   4411     6  13  3.4  61.4   23
c [transred-1] limit 100000 with penalty 0 = 0 + 0
c [block-1] scheduling all variables this time
c [block-1] scheduled 48534 variables 100%
c [block-1] limit of 10000000 steps penalty 0 = 0 + 0
c [block-1] fully completed blocked clause elimination
c [block-1] transition to [ all 0 rem 0 ] state
c [block-1] eliminated 4391 blocked clauses
c k    1.7   48534   194956       100      83   4410  4397  13  3.4  61.4   19
c [cce-1] scheduling all variables this time
c [cce-1] limit of 10000000 steps penalty 0 = 0 + 0
c [cce-1] incomplete covered clause elimination 47615 not tried 98%
c [cce-1] transition to [ all 1 rem 1 ] state
c [cce-1] eliminated 1624 covered clauses
c E    2.1   48232   193332       100      83   4957  4372  13  3.4  61.4   19
c [elim-1] scheduling all variables this time
c [elim-1] scheduled 48232 variables 100%
c [elim-1] limit of 5000000 steps penalty 0 = 0 + 0
c [elim-1] incomplete variable elimination 33569 not tried 70%
c [elim-1] transition to [ all 1 rem 1 ] state
c [elim-1] eliminated 6263 = 13% variables out of 48232
c e    3.0   41969   189403       100      56   2750   566  13  3.4  61.4   19
c [phase-1] phase bias: 2516 positive 13%, 16797 negative 87%
c [simplification-1] removed 65245 variables 60%
c [simplification-1] limit increments divided by 31
c [simplification-1] arithmetic increase of conflict limit interval by 322
c [simplification-1] new irredundant limit 1971972
c [simplification-1] new conflict limit 422
c [simplification-1] simplification penalty reduced to 3
c R    3.1   41969   189403       164     112   2754   570  11  4.2  70.1   23
c i    3.1   41968   189402       221     157   2757   576  11  4.3  71.2   23
c R    3.2   41968   189402       408     323   2766   588   7  4.9 107.9   23
c [simplification-2] limit hit at 422 conflicts
c [simplification-2] simplification penalty of 3
c [ternres-2] limit 2000000 with penalty 1 = 1 + 0
c [ternres-2] all 41968 free variables schedulable
c [ternres-2] 17 ternary resolvents (0 bin, 17 trn)
c [ternres-2] 11676 variables remain 28% (30292 retained)
c T    3.2   41968   189402       422     332   2767   609   7  4.8 106.4   23
c [gauss-2] limit 1000000 penalty 1 = 1 + 0
c [gauss-2] extracted 579 xors of average arity 3.0
c [gauss-2] connected 1726 occurrences of 1298 variables (average 1.3)
c [gauss-2] limit 1000000 penalty 1 = 1 + 0
c [gauss-2] fully completed
c [gauss-2] exported 0 unary, 0 binary and 0 ternary equations
c G    3.3   41968   189392       422     332   2768   608   7  4.8 106.4   19
c d    3.4   41959   189389       422     332   2749   606   7  4.8 106.4   19
c [basicprobe-2] limit 1000000 penalty 0 = 0 + 0
c [basicprobe-2-0] 4791 probes remain 11% after last round
c [basicprobe-2-0] 1 units = 1 failed (100%) + 0 lifted (0%)
c [basicprobe-2-0] removed 1 variables, found 246 hbrs
c p    3.4   41958   189389       422     332   2995   605   7  4.8 106.4   23
c [cgrclsr-2] limit 200000 penalty 0 = 0 + 0
c [cgrclsr-2] all 41958 free variables schedulable
c [cgrclsr-2] fully completed congruence closure
c [lift-2] limit 500000 with penalty 0 = 0 + 0
c [lift-2] using 41931 probes 100%
c [lift-2] 41898 variables remain 100% (56 retained)
c [lift-2] removed 4 variables
c ^    3.7   41954   189357       422     332   2987   604   7  4.8 106.4   19
c [cliff-2] limit of 10000000 steps penalty 0 = 0 + 0
c [cliff-2] failed 4, lifted 6
c K    4.0   41924   189357       422     332   3567   603   7  4.8 106.4   23
c [unhide-2] limit 1000000 with penalty 0 = 0 + 0
c [unhide-2-3] 0 units, 3 failed, 1971 tauts, 0 hbrs, 381 literals
c u    4.2   41920   188237       422     323   2426   606   7  4.8 106.4   23
c [transred-3] limit 58944 based on 471559 irredundant literals
c t    4.2   41920   188234       422     323   2424   606   7  4.8 106.4   23
c [block-2] scheduling all variables this time
c [block-2] scheduled 41920 variables 100%
c [block-2] limit of 10000000 steps penalty 0 = 0 + 0
c [block-2] fully completed blocked clause elimination
c [block-2] transition to [ all 0 rem 0 ] state
c [block-2] eliminated 0 blocked clauses
c [cce-2] 41577 variables 99% will be scheduled this time
c [cce-2] limit of 10000000 steps penalty 0 = 0 + 0
c [cce-2] 40471 variables 97% remain to be tried next time
c [cce-2] transition to [ all 0 rem 1 ] state
c [cce-2] eliminated 145 covered clauses
c 
c  seconds         irredundant          redundant clauses agility   height
c          variables clauses conflicts large binary ternary    glue         MB
c 
c E    4.7   41893   188089       422     323   2736   603   7  4.8 106.4   19
c [elim-2] 33426 variables 80% will be scheduled this time
c [elim-2] scheduled 33426 variables 80%
c [elim-2] limit of 5000000 steps penalty 0 = 0 + 0
c [elim-2] 23437 variables 56% remain to be tried next time
c [elim-2] transition to [ all 0 rem 1 ] state
c [elim-2] eliminated 1073 = 3% variables out of 41893
c e    5.7   40820   187740       422     298   2528   602   7  4.8 106.4   19
c [phase-2] phase bias: 78 positive 83%, 16 negative 17%
c [simplification-2] removed 1148 variables 2%
c [simplification-2] limit increments divided by 2
c [simplification-2] arithmetic increase of conflict limit interval by 5000
c [simplification-2] new irredundant limit 1971972
c [simplification-2] new conflict limit 5744
c [simplification-2] simplification penalty reduced to 2
c i    5.7   40819   187739       427     300   2529   602   7  4.8 105.3   23
c i    5.8   40818   187738       682     487   2547   648   4  4.4  92.9   23
c i    5.8   40817   187737       700     498   2552   648   4  4.3  91.8   23
c R    5.9   40817   187737       974     750   2560   662   4  4.7 107.7   23
c i    5.9   40816   187736      1005     763   2565   672   4  4.7 106.0   23
c -    6.0   40816   187736      1367     547   2601   721   5  4.4  98.9   23
c i    6.0   40815   187735      1414     577   2608   728   5  4.4  97.6   23
c i    6.0   40814   187734      1424     581   2608   732   5  4.4  97.4   23
c i    6.1   40813   187733      1642     736   2636   762   4  4.2  92.5   23
c R    6.3   40813   187733      2269    1304   2653   803   7  5.5 101.1   23
c i    6.4   40812   187732      2703    1646   2689   855   4  5.3  96.1   23
c i    6.6   40811   187731      3306    2136   2734   916   5  5.4  93.9   23
c i    6.6   40810   187730      3501    2287   2757   935   6  5.4  92.5   23
c i    6.7   40809   187729      3725    2468   2777   954   5  5.3  92.0   24
c i    6.8   40808   187728      3911    2607   2789   986   5  5.2  92.2   24
c -    6.9   40808   187728      4427    1612   2801  1012   6  5.3  91.0   23
c R    7.1   40808   187728      5182    2355   2802  1023   5  6.2  90.2   23
c [simplification-3] limit hit at 5747 conflicts
c [simplification-3] simplification penalty of 2
c [ternres-3] limit 4000000 with penalty 0 = 0 + 0
c [ternres-3] 11351 schedulable variables 28%
c [ternres-3] 53 ternary resolvents (0 bin, 53 trn)
c [ternres-3] fully completed ternary resolution
c T    7.3   40808   187728      5747    2789   2852  1147   5  6.0  87.0   24
c [gauss-3] limit 500000 penalty 2 = 2 + 0
c [gauss-3] extracted 278 xors of average arity 2.9
c [gauss-3] connected 816 occurrences of 573 variables (average 1.4)
c [gauss-3] limit 500000 penalty 2 = 2 + 0
c [gauss-3] fully completed
c [gauss-3] exported 0 unary, 0 binary and 0 ternary equations
c G    7.4   40808   187596      5747    2782   2857  1141   5  6.0  87.0   20
c d    7.5   40772   187592      5747    2757   2775  1119   5  6.0  87.0   20
c [basicprobe-3] limit 1000000 penalty 0 = 0 + 0
c [basicprobe-3-0] 4711 probes remain 12% after last round
c [basicprobe-3-0] removed 0 variables, found 454 hbrs
c p    7.5   40772   187592      5747    2757   3228  1111   5  6.0  87.0   23
c [cgrclsr-3] limit 100000 penalty 1 = 1 + 0
c [cgrclsr-3] all 40772 free variables schedulable
c [cgrclsr-3] fully completed congruence closure
c [cgrclsr-3] removed 1 variables
c 
c  seconds         irredundant          redundant clauses agility   height
c          variables clauses conflicts large binary ternary    glue         MB
c 
c C    7.6   40771   187592      5747    2753   3226  1110   5  6.0  87.0   20
c [lift-3] limit 500000 with penalty 0 = 0 + 0
c [lift-3] using 40716 probes 100%
c [lift-3] 40687 variables remain 100% (83 retained)
c [lift-3] removed 1 variables
c ^    7.7   40770   187592      5747    2751   3270  1108   5  6.0  87.0   20
c [cliff-3] limit of 10000000 steps penalty 0 = 0 + 0
c [cliff-3] failed 6, lifted 5
c K    8.1   40759   187592      5747    2751   4563  1102   5  6.0  87.0   23
c [unhide-3] limit 1000000 with penalty 0 = 0 + 0
c [unhide-3-5] 1 units, 0 failed, 1286 tauts, 0 hbrs, 4744 literals
c u    8.4   40758   186602      5747    2676   4193  1048   5  6.0  87.0   23
c [transred-5] limit 424583 with penalty 0 = 0 + 0
c t    8.4   40758   186591      5747    2676   4192  1048   5  6.0  87.0   23
c [block-3] scheduling all variables this time
c [block-3] scheduled 40758 variables 100%
c [block-3] limit of 5000000 steps penalty 1 = 1 + 0
c [block-3] fully completed blocked clause elimination
c [block-3] transition to [ all 0 rem 0 ] state
c [block-3] eliminated 0 blocked clauses
c [cce-3] scheduling all variables this time
c [cce-3] limit of 10000000 steps penalty 0 = 0 + 0
c [cce-3] 39311 variables 97% remain to be tried next time
c [cce-3] transition to [ all 1 rem 1 ] state
c [cce-3] eliminated 257 covered clauses
c E    8.9   40715   186334      5747    2676   4259  1033   5  6.0  87.0   20
c [elim-3] scheduling all variables this time
c [elim-3] scheduled 40715 variables 100%
c [elim-3] limit of 5000000 steps penalty 0 = 0 + 0
c [elim-3] 23255 variables 57% remain to be tried next time
c [elim-3] transition to [ all 1 rem 1 ] state
c [elim-3] eliminated 56 = 0% variables out of 40715
c e    9.8   40659   186284      5747    2651   4051  1024   5  6.0  87.0   20
c [phase-3] phase bias: 8 positive 100%, 0 negative 0%
c [simplification-3] removed 149 variables 0%
c [simplification-3] no reduction of limit increments
c [simplification-3] arithmetic increase of conflict limit interval by 10000
c [simplification-3] new irredundant limit 1971972
c [simplification-3] new conflict limit 21069
c [simplification-3] simplification penalty reduced to 1
c i   10.1   40658   186283      6364    3166   4082  1089   5  6.0  84.8   24
c i   10.1   40657   186282      6377    3174   4085  1090   5  6.0  84.7   24
c i   10.2   40656   186281      6623    3394   4097  1102   5  6.1  84.3   24
c i   10.4   40655   186280      7442    4126   4134  1147   7  6.0  82.7   24
c i   10.4   40654   186279      7541    4206   4141  1156   6  6.0  82.2   24
c i   10.4   40653   186278      7543    4206   4141  1157   6  6.0  82.1   24
c i   10.4   40652   186277      7602    4253   4145  1164   5  6.0  82.1   24
c i   10.6   40651   186276      7932    4534   4161  1191   6  6.0  81.1   24
c i   10.6   40650   186275      8152    4708   4179  1218   6  6.0  80.5   24
c -   10.8   40650   186275      8465    2507   4184  1224   6  6.2  80.1   24
c i   10.8   40649   186274      8496    2526   4189  1230   6  6.2  80.0   23
c i   10.8   40648   186273      8509    2535   4191  1231   6  6.1  80.0   23
c i   10.9   40647   186272      8918    2873   4217  1270   6  6.1  78.9   23
c R   11.5   40647   186272     11690    5544   4251  1332   6  7.1  78.2   24
c i   11.6   40646   186271     11889    5704   4269  1349   6  7.0  77.6   24
c i   11.6   40645   186270     11953    5754   4276  1353   6  7.0  77.3   24
c 
c  seconds         irredundant          redundant clauses agility   height
c          variables clauses conflicts large binary ternary    glue         MB
c 
c i   12.0   40644   186269     13094    6768   4319  1430   6  7.0  75.5   24
c i   12.1   40643   186268     13341    6976   4339  1443   7  6.9  74.9   24
c -   12.1   40643   186268     13369    3500   4340  1446   7  6.9  74.8   23
c i   12.1   40642   186267     13370    3500   4340  1446   7  6.9  74.8   23
c i   12.4   40641   186266     14231    4300   4360  1479   6  7.1  73.8   24
c i   12.6   40640   186265     14969    4971   4383  1517   6  7.1  73.2   24
c i   12.6   40639   186264     14970    4971   4383  1517   6  7.1  73.2   24
c i   12.8   40638   186263     15417    5366   4408  1542   7  7.0  72.5   24
c i   12.8   40637   186262     15560    5487   4413  1556   6  7.0  72.5   24
c i   12.8   40636   186261     15565    5489   4415  1556   6  7.0  72.5   24
c i   13.2   40635   186260     16922    6811   4427  1578   5  7.5  73.3   25
c i   13.4   40634   186259     17540    7343   4458  1629   6  7.5  72.5   25
c i   13.5   40633   186258     17712    7503   4461  1635   5  7.5  72.3   25
c i   13.5   40632   186257     17714    7504   4461  1635   5  7.5  72.3   25
c -   14.1   40632   186257     19361    4520   4503  1698   7  8.0  71.2   24
c i   14.1   40631   186256     19463    4599   4515  1707   6  7.9  71.0   24
c i   14.4   40630   186255     20286    5374   4535  1731   8  7.9  70.2   24
c i   14.4   40629   186254     20424    5500   4541  1735   6  7.9  70.0   24
c i   14.5   40628   186253     20447    5518   4544  1735   6  7.9  70.0   24
c i   14.5   40627   186252     20692    5752   4548  1741   6  7.9  69.8   24
c i   14.6   40626   186251     20844    5893   4552  1745   7  7.9  69.6   24
c [simplification-4] limit hit at 21069 conflicts
c [simplification-4] simplification penalty of 1
c [ternres-4] limit 4000000 with penalty 0 = 0 + 0
c [ternres-4] all 40626 free variables schedulable
c [ternres-4] 157 ternary resolvents (1 bin, 156 trn)
c [ternres-4] fully completed ternary resolution
c T   14.7   40626   186251     21069    6101   4559  1911   6  7.8  69.4   24
c [gauss-4] limit 250000 penalty 3 = 3 + 0
c [gauss-4] extracted 146 xors of average arity 2.8
c [gauss-4] connected 411 occurrences of 372 variables (average 1.1)
c [gauss-4] limit 250000 penalty 3 = 3 + 0
c [gauss-4] fully completed
c [gauss-4] exported 0 unary, 0 binary and 0 ternary equations
c G   14.8   40626   185911     21069    6089   4516  1903   6  7.8  69.4   20
c 
c  seconds         irredundant          redundant clauses agility   height
c          variables clauses conflicts large binary ternary    glue         MB
c 
c d   14.9   40574   185900     21069    6053   4355  1868   6  7.8  69.4   20
c [basicprobe-4] limit 735249 penalty 1 = 1 + 0
c [basicprobe-4-0] 4539 probes remain 11% after last round
c [basicprobe-4-0] 5 units = 5 failed (100%) + 0 lifted (0%)
c [basicprobe-4-0] removed 6 variables, found 279 hbrs
c p   14.9   40568   185900     21069    6053   4632  1860   6  7.8  69.4   24
c [cgrclsr-4] limit 200000 penalty 0 = 0 + 0
c [cgrclsr-4] all 40568 free variables schedulable
c [cgrclsr-4] fully completed congruence closure
c [cgrclsr-4] removed 1 variables
c C   15.1   40567   185845     21069    6050   4633  1860   6  7.8  69.4   20
c [lift-4] limit 882299 with penalty 0 = 0 + 0
c [lift-4] using 40484 probes 100%
c [lift-4] 40443 variables remain 100% (123 retained)
c [lift-4] removed 1 variables
c ^   15.2   40566   185833     21069    6050   4694  1857   6  7.8  69.4   20
c [cliff-4] limit of 10000000 steps penalty 0 = 0 + 0
c [cliff-4] failed 14, lifted 0
c K   15.6   40542   185833     21069    6050   5302  1852   6  7.8  69.4   24
c [unhide-4] limit 1000000 with penalty 0 = 0 + 0
c [unhide-4-7] 2 units, 28 failed, 1118 tauts, 0 hbrs, 12681 literals
c u   15.9   40527   184901     21069    5959   4883  1687   6  7.8  69.4   24
c [transred-7] limit 1470499 with penalty 0 = 0 + 0
c t   16.0   40525   184887     21069    5959   4871  1687   6  7.8  69.4   24
c [block-4] scheduling all variables this time
c [block-4] scheduled 40525 variables 100%
c [block-4] limit of 2500000 steps penalty 2 = 2 + 0
c [block-4] fully completed blocked clause elimination
c [block-4] transition to [ all 0 rem 0 ] state
c [block-4] eliminated 0 blocked clauses
c [cce-4] 39162 variables 97% will be scheduled this time
c [cce-4] limit of 10000000 steps penalty 0 = 0 + 0
c [cce-4] 38502 variables 95% remain to be tried next time
c [cce-4] transition to [ all 0 rem 1 ] state
c [cce-4] eliminated 316 covered clauses
c E   16.6   40473   184554     21069    5958   5176  1676   6  7.8  69.4   20
c [elim-4] 23117 variables 57% will be scheduled this time
c [elim-4] scheduled 23117 variables 57%
c [elim-4] limit of 5000000 steps penalty 0 = 0 + 0
c [elim-4] 14833 variables 37% remain to be tried next time
c [elim-4] transition to [ all 0 rem 1 ] state
c [elim-4] eliminated 354 = 1% variables out of 40473
c e   17.5   40119   184438     21069    4121   4714  1576   6  7.8  69.4   20
c [phase-4] phase bias: 0 positive 0%, 0 negative 0%
c [simplification-4] removed 507 variables 1%
c [simplification-4] no reduction of limit increments
c [simplification-4] arithmetic increase of conflict limit interval by 10000
c [simplification-4] new irredundant limit 1971972
c [simplification-4] new conflict limit 46391
c [simplification-4] simplification penalty reduced to 0
c R   18.5   40119   184438     25970    8976   4721  1614   8  9.8  70.8   26
c i   18.6   40118   184437     26075    9064   4729  1622   7  9.8  70.6   26
c i   18.8   40117   184436     26609    9541   4755  1648   7  9.8  69.9   26
c i   19.0   40116   184435     27209   10078   4775  1690   6  9.8  69.4   25
c i   19.0   40115   184434     27385   10242   4776  1699   7  9.8  69.4   25
c i   19.2   40114   184433     27615   10443   4783  1720   6  9.8  69.1   25
c -   19.3   40114   184433     28230    5561   4785  1729   8  9.8  69.0   24
c i   19.5   40113   184432     28714    6006   4802  1748   6  9.8  68.6   24
c i   19.5   40112   184431     28787    6067   4808  1752   6  9.8  68.5   24
c i   20.0   40111   184430     29871    7061   4848  1798   7  9.8  67.7   24
c i   20.0   40110   184429     29910    7090   4851  1804   7  9.8  67.7   24
c i   20.3   40109   184428     31259    8411   4860  1822   7 10.0  67.3   25
c i   20.4   40108   184427     31465    8592   4867  1837   5  9.9  67.1   25
c i   20.4   40107   184426     31709    8824   4872  1843   6  9.9  66.9   25
c 
c  seconds         irredundant          redundant clauses agility   height
c          variables clauses conflicts large binary ternary    glue         MB
c 
c i   20.7   40106   184425     32477    9544   4891  1871   7  9.9  66.4   25
c i   20.9   40105   184424     32851    9898   4901  1878   7  9.9  66.2   25
c i   20.9   40104   184423     32872    9918   4901  1878   7  9.9  66.2   25
c i   21.2   40103   184422     33692   10720   4907  1889   6  9.9  65.8   25
c i   21.2   40102   184421     33801   10821   4909  1893   7  9.9  65.7   25
c i   21.7   40101   184420     34784   11730   4932  1940   8  9.8  65.1   25
c i   21.7   40100   184419     34925   11857   4937  1946   7  9.8  65.0   25
c i   21.7   40099   184418     34986   11907   4939  1954   6  9.8  64.9   25
c i   21.7   40098   184417     34987   11907   4939  1954   6  9.8  64.9   25
c -   22.1   40098   184417     36132    6547   4945  1966   8 10.0  64.6   24
c i   22.5   40097   184416     37984    8359   4958  1991   7 10.6  64.5   25
c i   23.5   40096   184415     40463   10703   5013  2064   7 10.5  63.5   25
c i   23.6   40095   184414     40703   10928   5018  2072   6 10.5  63.4   25
c i   24.7   40094   184413     43966   14090   5051  2135   7 10.9  62.8   27
c i   24.9   40093   184412     44222   14327   5058  2146   7 10.8  62.6   27
c -   25.2   40093   184412     44942    7531   5067  2161   7 10.8  62.3   24
c i   25.4   40092   184411     45477    8043   5071  2177   8 10.9  62.2   25
c [simplification-5] limit hit at 46391 conflicts
c [simplification-5] no simplification penalty
c [ternres-5] limit 4000000 with penalty 0 = 0 + 0
c [ternres-5] all 40092 free variables schedulable
c [ternres-5] 135 ternary resolvents (1 bin, 134 trn)
c [ternres-5] fully completed ternary resolution
c T   25.7   40092   184411     46391    8922   5083  2333   9 10.8  61.8   25
c [gauss-5] limit 233961 based on 467923 irredundant literals
c [gauss-5] extracted 122 xors of average arity 2.9
c [gauss-5] connected 357 occurrences of 350 variables (average 1.0)
c [gauss-5] limit 233576 based on 467152 irredundant literals
c [gauss-5] fully completed
c [gauss-5] exported 0 unary, 0 binary and 0 ternary equations
c G   25.9   40092   184144     46391    8905   4958  2327   9 10.8  61.8   20
c d   25.9   40066   184129     46391    8900   4885  2317   9 10.8  61.8   20
c [basicprobe-5] limit 3135502 penalty 0 = 0 + 0
c [basicprobe-5-0] 4235 probes remain 11% after last round
c [basicprobe-5-0] 17 units = 17 failed (100%) + 0 lifted (0%)
c [basicprobe-5-0] removed 24 variables, found 656 hbrs
c p   26.1   40042   184129     46391    8900   5527  2301   9 10.8  61.8   24
c [cgrclsr-5] limit 313550 penalty 0 = 0 + 0
c [cgrclsr-5] all 40042 free variables schedulable
c [cgrclsr-5] fully completed congruence closure
c [cgrclsr-5] removed 3 variables
c C   26.3   40039   183895     46391    8892   5492  2290   9 10.8  61.8   20
c [lift-5] limit 1881301 with penalty 0 = 0 + 0
c [lift-5] using 39917 probes 100%
c [lift-5] 39820 variables remain 99% (214 retained)
c [lift-5] removed 5 variables
c ^   26.5   40034   183854     46391    8892   5573  2287   9 10.8  61.8   20
c [cliff-5] limit of 10000000 steps penalty 0 = 0 + 0
c [cliff-5] failed 18, lifted 27
c 
c  seconds         irredundant          redundant clauses agility   height
c          variables clauses conflicts large binary ternary    glue         MB
c 
c K   26.9   39983   183854     46391    8892   6091  2282   9 10.8  61.8   24
c [unhide-5] limit 1254200 with penalty 0 = 0 + 0
c [unhide-5-9] 3 units, 12 failed, 1049 tauts, 0 hbrs, 14949 literals
c u   27.2   39973   182735     46391    8845   5626  2115   9 10.8  61.8   24
c [transred-9] limit 2000000 with penalty 0 = 0 + 0
c t   27.3   39973   182709     46391    8845   5610  2115   9 10.8  61.8   24
c [block-5] scheduling all variables this time
c [block-5] scheduled 39973 variables 100%
c [block-5] limit of 1250000 steps penalty 3 = 3 + 0
c [block-5] incomplete blocked clause elimination 2006 not tried 5%
c [block-5] transition to [ all 1 rem 1 ] state
c [block-5] eliminated 0 blocked clauses
c [cce-5] scheduling all variables this time
c [cce-5] limit of 5000000 steps penalty 0 = 0 + 0
c [cce-5] 38013 variables 95% remain to be tried next time
c [cce-5] transition to [ all 1 rem 1 ] state
c [cce-5] eliminated 83 covered clauses
c E   27.7   39961   182609     46391    8845   5634  2114   9 10.8  61.8   20
c [elim-5] scheduling all variables this time
c [elim-5] scheduled 39961 variables 100%
c [elim-5] limit of 5000000 steps penalty 0 = 0 + 0
c [elim-5] 14694 variables 37% remain to be tried next time
c [elim-5] transition to [ all 1 rem 1 ] state
c [elim-5] eliminated 135 = 0% variables out of 39961
c e   28.7   39826   182506     46391    8800   5576  2070   9 10.8  61.8   20
c [phase-5] phase bias: 0 positive 0%, 0 negative 0%
c [simplification-5] removed 266 variables 0%
c [simplification-5] no reduction of limit increments
c [simplification-5] arithmetic increase of conflict limit interval by 10000
c [simplification-5] new irredundant limit 1971972
c [simplification-5] new conflict limit 81713
c i   28.8   39825   182505     46530    8934   5577  2073   8 10.8  61.7   25
c -   30.8   39825   182505     54725    8571   5597  2126   8 12.6  61.1   24
c R   31.2   39825   182505     57190   11015   5607  2137  10 13.8  61.3   25
c i   31.8   39824   182504     58687   12448   5627  2176   6 13.7  60.7   26
c i   31.8   39823   182503     58709   12462   5630  2179   6 13.7  60.6   26
c i   33.3   39816   182502     62627   16281   5660  2245   6 13.6  59.7   27
c i   33.5   39815   182501     63132   16767   5663  2258   6 13.5  59.5   27
c -   34.5   39815   182501     65446    9503   5684  2312   8 13.3  58.7   24
c -   39.0   39815   182501     77161   10501   5765  2445   7 13.0  56.1   24
c i   39.1   39814   182500     77590   10918   5768  2453  12 13.0  56.0   25
c [simplification-6] limit hit at 81713 conflicts
c [simplification-6] no simplification penalty
c [ternres-6] limit 5411788 with penalty 0 = 0 + 0
c [ternres-6] all 39814 free variables schedulable
c [ternres-6] 51 ternary resolvents (1 bin, 50 trn)
c [ternres-6] fully completed ternary resolution
c T   40.3   39814   182500     81713   15003   5781  2529  15 13.1  55.8   26
c [gauss-6] limit 231472 based on 462944 irredundant literals
c [gauss-6] extracted 111 xors of average arity 3.0
c [gauss-6] connected 331 occurrences of 313 variables (average 1.1)
c [gauss-6] limit 231329 based on 462658 irredundant literals
c [gauss-6] fully completed
c [gauss-6] exported 0 unary, 0 binary and 0 ternary equations
c G   40.4   39814   182399     81713   14993   5781  2516  15 13.1  55.8   21
c d   40.5   39808   182393     81713   14993   5772  2515  15 13.1  55.8   21
c [basicprobe-6] limit 5411788 penalty 0 = 0 + 0
c [basicprobe-6-0] 3674 probes remain 9% after last round
c [basicprobe-6-0] 28 units = 25 failed (89%) + 3 lifted (11%)
c [basicprobe-6-0] removed 50 variables, found 962 hbrs
c p   40.8   39758   182393     81713   14993   6715  2494  15 13.1  55.8   25
c [cgrclsr-6] limit 541178 penalty 0 = 0 + 0
c [cgrclsr-6] all 39758 free variables schedulable
c [cgrclsr-6] fully completed congruence closure
c [cgrclsr-6] removed 2 variables
c C   40.9   39756   181976     81713   14988   6538  2489  15 13.1  55.8   21
c [lift-6] limit 3247073 with penalty 0 = 0 + 0
c [lift-6] using 39544 probes 99%
c [lift-6] 39384 variables remain 99% (370 retained)
c [lift-6] removed 2 variables
c ^   41.2   39754   181955     81713   14988   6724  2488  15 13.1  55.8   21
c [cliff-6] limit of 10000000 steps penalty 0 = 0 + 0
c [cliff-6] failed 7, lifted 4
c K   41.6   39743   181955     81713   14988   7151  2480  15 13.1  55.8   25
c [unhide-6] limit 2164715 with penalty 0 = 0 + 0
c [unhide-6-11] 1 units, 6 failed, 655 tauts, 0 hbrs, 30188 literals
c u   42.0   39738   181546     81713   14946   6837  2362  15 13.1  55.8   25
c [transred-11] limit 2000000 with penalty 0 = 0 + 0
c 
c  seconds         irredundant          redundant clauses agility   height
c          variables clauses conflicts large binary ternary    glue         MB
c 
c t   42.2   39738   181537     81713   14946   6821  2362  15 13.1  55.8   25
c [block-6] 2006 variables 5% will be scheduled this time
c [block-6] scheduled 2006 variables 5%
c [block-6] limit of 676473 steps penalty 4 = 4 + 0
c [block-6] fully completed blocked clause elimination
c [block-6] transition to [ all 0 rem 0 ] state
c [block-6] eliminated 0 blocked clauses
c [cce-6] 37850 variables 95% will be scheduled this time
c [cce-6] limit of 10000000 steps penalty 0 = 0 + 0
c [cce-6] 37432 variables 94% remain to be tried next time
c [cce-6] transition to [ all 0 rem 1 ] state
c [cce-6] eliminated 339 covered clauses
c E   42.6   39706   181198     81713   14946   7079  2361  15 13.1  55.8   21
c [elim-6] 14600 variables 37% will be scheduled this time
c [elim-6] scheduled 14600 variables 37%
c [elim-6] limit of 5411788 steps penalty 0 = 0 + 0
c [elim-6] 6251 variables 16% remain to be tried next time
c [elim-6] transition to [ all 0 rem 1 ] state
c [elim-6] eliminated 199 = 1% variables out of 39706
c e   43.6   39507   181066     81713   10942   6560  2187  15 13.1  55.8   20
c [phase-6] phase bias: 0 positive 0%, 0 negative 0%
c [simplification-6] removed 307 variables 0%
c [simplification-6] no reduction of limit increments
c [simplification-6] arithmetic increase of conflict limit interval by 10000
c [simplification-6] new irredundant limit 1971972
c [simplification-6] new conflict limit 127035
c i   46.3   39506   181065     89293   18370   6604  2291   8 13.3  54.6   26
c i   47.5   39505   181064     92017   21027   6628  2332   9 13.3  54.1   27
c -   48.2   39505   181064     94057   11547   6633  2356  11 13.3  53.9   25
c i   49.6   39504   181063     97975   15402   6650  2401   7 13.2  53.2   26
c -   53.3   39504   181063    107711   12511   6686  2489   8 13.3  52.1   25
c -   58.2   39504   181063    122326   13544   6696  2562  10 16.1  53.4   25
c R   58.9   39504   181063    124872   16086   6699  2563   8 16.6  53.6   26
c [simplification-7] limit hit at 127036 conflicts
c [simplification-7] no simplification penalty
c [ternres-7] limit 8668220 with penalty 0 = 0 + 0
c [ternres-7] all 39504 free variables schedulable
c [ternres-7] 151 ternary resolvents (4 bin, 147 trn)
c [ternres-7] fully completed ternary resolution
c T   59.9   39504   181063    127036   18208   6713  2741  10 16.5  53.2   27
c [gauss-7] limit 230127 based on 460255 irredundant literals
c [gauss-7] extracted 101 xors of average arity 3.0
c [gauss-7] connected 303 occurrences of 288 variables (average 1.1)
c [gauss-7] limit 230079 based on 460159 irredundant literals
c [gauss-7] fully completed
c [gauss-7] exported 0 unary, 0 binary and 0 ternary equations
c G   60.0   39504   181032    127036   18207   6710  2739  10 16.5  53.2   22
c d   60.1   39501   181029    127036   18207   6701  2739  10 16.5  53.2   22
c [basicprobe-7] limit 8668220 penalty 0 = 0 + 0
c [basicprobe-7-0] 2889 probes remain 7% after last round
c [basicprobe-7-0] 40 units = 40 failed (100%) + 0 lifted (0%)
c [basicprobe-7-0] removed 40 variables, found 1593 hbrs
c p   60.5   39461   181029    127036   18207   8288  2727  10 16.5  53.2   26
c [cgrclsr-7] limit 866822 penalty 0 = 0 + 0
c [cgrclsr-7] all 39461 free variables schedulable
c [cgrclsr-7] fully completed congruence closure
c [cgrclsr-7] removed 10 variables
c C   60.7   39451   180591    127036   18203   8202  2706  10 16.5  53.2   22
c [lift-7] limit 5200932 with penalty 0 = 0 + 0
c [lift-7] using 39085 probes 99%
c [lift-7] 38805 variables remain 98% (640 retained)
c [lift-7] removed 6 variables
c ^   61.1   39445   180538    127036   18203   8440  2704  10 16.5  53.2   22
c [cliff-7] limit of 10000000 steps penalty 0 = 0 + 0
c [cliff-7] failed 7, lifted 4
c K   61.5   39434   180538    127036   18203   8719  2702  10 16.5  53.2   26
c [unhide-7] limit 3467288 with penalty 0 = 0 + 0
c [unhide-7-15] 2 units, 0 failed, 1029 tauts, 0 hbrs, 56705 literals
c u   62.3   39432   180132    127036   18144   8137  2555  10 16.5  53.2   25
c [transred-13] limit 2000000 with penalty 0 = 0 + 0
c t   62.5   39432   180130    127036   18144   8119  2555  10 16.5  53.2   25
c [block-7] scheduling all variables this time
c [block-7] scheduled 39432 variables 100%
c [block-7] limit of 1083527 steps penalty 4 = 4 + 0
c [block-7] incomplete blocked clause elimination 3899 not tried 10%
c [block-7] transition to [ all 1 rem 1 ] state
c [block-7] eliminated 0 blocked clauses
c [cce-7] scheduling all variables this time
c [cce-7] limit of 5000000 steps penalty 0 = 0 + 0
c [cce-7] 37178 variables 94% remain to be tried next time
c [cce-7] transition to [ all 1 rem 1 ] state
c [cce-7] eliminated 10 covered clauses
c E   62.8   39431   180120    127036   18143   8165  2553  10 16.5  53.2   21
c [elim-7] scheduling all variables this time
c [elim-7] scheduled 39431 variables 100%
c [elim-7] limit of 8668220 steps penalty 0 = 0 + 0
c [elim-7] 6195 variables 16% remain to be tried next time
c [elim-7] transition to [ all 1 rem 1 ] state
c [elim-7] eliminated 208 = 1% variables out of 39431
c e   64.4   39223   179946    127036   18105   7882  2514  10 16.5  53.2   21
c [phase-7] phase bias: 2 positive 100%, 0 negative 0%
c [simplification-7] removed 281 variables 0%
c [simplification-7] no reduction of limit increments
c [simplification-7] arithmetic increase of conflict limit interval by 10000
c [simplification-7] new irredundant limit 1971972
c [simplification-7] new conflict limit 182358
c -   69.2   39223   179946    138064   14500   7917  2611   7 16.0  51.7   25
c i   74.4   39222   179945    152453   28739   7953  2722   9 15.8  50.8   29
c 
c  seconds         irredundant          redundant clauses agility   height
c          variables clauses conflicts large binary ternary    glue         MB
c 
c -   75.5   39222   179945    154750   15510   7954  2736  10 15.7  50.5   25
c i   81.5   39221   179944    169355   29982   7976  2845   8 15.3  49.1   29
c -   83.1   39221   179944    172429   16515   7980  2868  12 15.3  48.8   25
c [simplification-8] limit hit at 182358 conflicts
c [simplification-8] no simplification penalty
c [ternres-8] limit 12721943 with penalty 0 = 0 + 0
c [ternres-8] all 39221 free variables schedulable
c [ternres-8] 70 ternary resolvents (1 bin, 69 trn)
c [ternres-8] fully completed ternary resolution
c T   85.4   39221   179944    182358   26415   7983  2964   9 15.6  48.8   28
c [gauss-8] limit 228794 based on 457589 irredundant literals
c [gauss-8] extracted 109 xors of average arity 3.0
c [gauss-8] connected 327 occurrences of 312 variables (average 1.0)
c [gauss-8] limit 228759 based on 457519 irredundant literals
c [gauss-8] fully completed
c [gauss-8] exported 0 unary, 0 binary and 0 ternary equations
c G   85.6   39221   179920    182358   26414   7980  2963   9 15.6  48.8   23
c d   85.7   39220   179920    182358   26414   7978  2962   9 15.6  48.8   23
c [basicprobe-8] limit 12721943 penalty 0 = 0 + 0
c [basicprobe-8-0] 1670 probes remain 4% after last round
c [basicprobe-8-0] 52 units = 52 failed (100%) + 0 lifted (0%)
c [basicprobe-8-0] removed 53 variables, found 2540 hbrs
c p   86.3   39167   179920    182358   26414  10509  2944   9 15.6  48.8   27
c [cgrclsr-8] limit 1272194 penalty 0 = 0 + 0
c [cgrclsr-8] all 39167 free variables schedulable
c [cgrclsr-8] fully completed congruence closure
c [cgrclsr-8] removed 11 variables
c C   86.5   39156   179364    182358   26406  10231  2924   9 15.6  48.8   23
c [lift-8] limit 7633165 with penalty 0 = 0 + 0
c [lift-8] using 38519 probes 98%
c [lift-8] 38142 variables remain 97% (1010 retained)
c [lift-8] removed 4 variables
c ^   87.0   39152   179337    182358   26406  10349  2924   9 15.6  48.8   23
c [cliff-8] limit of 10177554 steps penalty 0 = 0 + 0
c [cliff-8] failed 4, lifted 3
c K   87.5   39145   179337    182358   26406  10545  2922   9 15.6  48.8   27
c [unhide-8] limit 5088777 with penalty 0 = 0 + 0
c [unhide-8-20] 1 units, 0 failed, 1323 tauts, 0 hbrs, 80734 literals
c u   88.6   39144   179127    182358   26364   9461  2824   9 15.6  48.8   27
c [transred-15] limit 2000000 with penalty 0 = 0 + 0
c t   88.8   39144   179123    182358   26364   9449  2824   9 15.6  48.8   27
c [block-8] 3891 variables 10% will be scheduled this time
c [block-8] scheduled 3891 variables 10%
c [block-8] limit of 1590242 steps penalty 4 = 4 + 0
c [block-8] fully completed blocked clause elimination
c [block-8] transition to [ all 0 rem 0 ] state
c [block-8] eliminated 0 blocked clauses
c [cce-8] 37050 variables 95% will be scheduled this time
c [cce-8] limit of 10000000 steps penalty 0 = 0 + 0
c [cce-8] 36192 variables 92% remain to be tried next time
c [cce-8] transition to [ all 0 rem 1 ] state
c [cce-8] eliminated 562 covered clauses
c E   89.2   39144   178561    182358   26364  10011  2824   9 15.6  48.8   22
c [elim-8] 6138 variables 16% will be scheduled this time
c [elim-8] scheduled 6138 variables 16%
c [elim-8] limit of 12721943 steps penalty 0 = 0 + 0
c [elim-8] fully completed variable elimination
c [elim-8] transition to [ all 0 rem 0 ] state
c [elim-8] eliminated 38 = 0% variables out of 39144
c e   89.5   39106   178420    182358   26364   9878  2822   9 15.6  48.8   22
c [phase-8] phase bias: 0 positive 0%, 0 negative 0%
c [simplification-8] removed 115 variables 0%
c [simplification-8] no reduction of limit increments
c [simplification-8] arithmetic increase of conflict limit interval by 10000
c [simplification-8] new irredundant limit 1971972
c [simplification-8] new conflict limit 247680
c -   94.1   39106   178420    191105   17536   9894  2885   8 15.4  47.9   26
c -  102.4   39106   178420    210734   18551   9914  2991   7 15.1  46.6   25
c -  111.2   39106   178420    231346   19519   9937  3119  12 14.9  45.2   26
c [simplification-9] limit hit at 247681 conflicts
c [simplification-9] no simplification penalty
c [ternres-9] limit 18058393 with penalty 0 = 0 + 0
c [ternres-9] all 39106 free variables schedulable
c [ternres-9] 112 ternary resolvents (1 bin, 111 trn)
c [ternres-9] fully completed ternary resolution
c T  116.7   39106   178420    247681   35788   9938  3296  11 15.4  45.0   39
c [gauss-9] limit 226922 based on 453845 irredundant literals
c [gauss-9] extracted 111 xors of average arity 3.0
c [gauss-9] connected 329 occurrences of 323 variables (average 1.0)
c [gauss-9] limit 226922 based on 453845 irredundant literals
c [gauss-9] fully completed
c [gauss-9] exported 0 unary, 0 binary and 0 ternary equations
c G  116.8   39106   178420    247681   35788   9938  3296  11 15.4  45.0   24
c d  116.9   39101   178412    247681   35788   9930  3296  11 15.4  45.0   24
c [basicprobe-9] limit 18058393 penalty 0 = 0 + 0
c [basicprobe-9-0] 0 probes remain 0% after last round
c [basicprobe-9-0] 61 units = 61 failed (100%) + 0 lifted (0%)
c [basicprobe-9-0] removed 62 variables, found 2324 hbrs
c p  117.9   39039   178412    247681   35788  12243  3278  11 15.4  45.0   29
c [cgrclsr-9] limit 1805839 penalty 0 = 0 + 0
c [cgrclsr-9] all 39039 free variables schedulable
c [cgrclsr-9] fully completed congruence closure
c [cgrclsr-9] removed 37 variables
c C  118.1   39002   177720    247681   35778  12057  3249  11 15.4  45.0   24
c [lift-9] limit 10835036 with penalty 0 = 0 + 0
c [lift-9] using 37995 probes 97%
c [lift-9] 37456 variables remain 96% (1545 retained)
c [lift-9] removed 1 variables
c ^  118.8   39001   177720    247681   35778  12577  3248  11 15.4  45.0   24
c [cliff-9] limit of 14446714 steps penalty 0 = 0 + 0
c [cliff-9] failed 3, lifted 0
c 
c  seconds         irredundant          redundant clauses agility   height
c          variables clauses conflicts large binary ternary    glue         MB
c 
c K  119.4   38998   177720    247681   35778  12935  3246  11 15.4  45.0   28
c [unhide-9] limit 7223357 with penalty 0 = 0 + 0
c [unhide-9-25] 0 units, 0 failed, 1133 tauts, 0 hbrs, 93456 literals
c u  120.8   38998   177579    247681   35744  11955  3213  11 15.4  45.0   28
c [transred-17] limit 2000000 with penalty 0 = 0 + 0
c t  120.9   38998   177575    247681   35744  11938  3213  11 15.4  45.0   28
c [block-9] scheduling all variables this time
c [block-9] scheduled 38998 variables 100%
c [block-9] limit of 2257299 steps penalty 4 = 4 + 0
c [block-9] fully completed blocked clause elimination
c [block-9] transition to [ all 0 rem 0 ] state
c [block-9] eliminated 0 blocked clauses
c [cce-9] scheduling all variables this time
c [cce-9] limit of 10835036 steps penalty 0 = 0 + 0
c [cce-9] 36077 variables 93% remain to be tried next time
c [cce-9] transition to [ all 1 rem 1 ] state
c [cce-9] eliminated 0 covered clauses
c [elim-9] scheduling all variables this time
c [elim-9] scheduled 38998 variables 100%
c [elim-9] limit of 18058393 steps penalty 0 = 0 + 0
c [elim-9] incomplete variable elimination 6098 not tried 16%
c [elim-9] transition to [ all 1 rem 1 ] state
c [elim-9] eliminated 561 = 1% variables out of 38998
c e  124.8   38437   177066    247681   31625  11114  3055  11 15.4  45.0   23
c [phase-9] phase bias: 2 positive 67%, 1 negative 33%
c [simplification-9] removed 669 variables 1%
c [simplification-9] no reduction of limit increments
c [simplification-9] arithmetic increase of conflict limit interval by 10000
c [simplification-9] new irredundant limit 1971972
c [simplification-9] new conflict limit 323003
c -  127.5   38437   177066    257092   20529  11115  3065  10 16.0  45.3   26
c R  130.5   38437   177066    270635   34058  11116  3077  12 16.6  45.8   31
c -  135.5   38437   177066    279681   21510  11134  3143   8 16.5  45.2   26
c -  145.9   38437   177066    303320   22500  11152  3273   9 16.2  44.1   34
c [simplification-10] limit hit at 323003 conflicts
c [simplification-10] no simplification penalty
c [ternres-10] limit 23766614 with penalty 0 = 0 + 0
c [ternres-10] all 38437 free variables schedulable
c [ternres-10] 141 ternary resolvents (1 bin, 140 trn)
c [ternres-10] fully completed ternary resolution
c T  154.1   38437   177066    323003   42060  11172  3517  11 16.0  43.3   40
c [gauss-10] limit 297082 penalty 4 = 4 + 0
c [gauss-10] extracted 118 xors of average arity 3.0
c [gauss-10] connected 354 occurrences of 330 variables (average 1.1)
c [gauss-10] limit 297082 penalty 4 = 4 + 0
c [gauss-10] fully completed
c [gauss-10] exported 0 unary, 0 binary and 0 ternary equations
c G  154.2   38437   177066    323003   42060  11172  3517  11 16.0  43.3   25
c [basicprobe-10] limit 23766614 penalty 0 = 0 + 0
c [basicprobe-10-0] 33 sched 0%, 0 failed, 0 lifted, 40 hbrs
c [basicprobe-10-1] 2486 probes remain 6% after last round
c [basicprobe-10-1] 4 units = 4 failed (100%) + 0 lifted (0%)
c [basicprobe-10-1] removed 4 variables, found 770 hbrs
c p  155.7   38433   177066    323003   42060  11938  3502  11 16.0  43.3   29
c [cgrclsr-10] limit 2376661 penalty 0 = 0 + 0
c [cgrclsr-10] all 38433 free variables schedulable
c [cgrclsr-10] fully completed congruence closure
c [lift-10] limit 14259968 with penalty 0 = 0 + 0
c [lift-10] using 36911 probes 96%
c [lift-10] 36166 variables remain 94% (2267 retained)
c [cliff-10] limit of 19013291 steps penalty 0 = 0 + 0
c [cliff-10] failed 0, lifted 0
c [unhide-10] limit 9506645 with penalty 0 = 0 + 0
c [unhide-10-30] 0 units, 0 failed, 717 tauts, 0 hbrs, 109092 literals
c u  159.1   38433   176948    323003   42021  11697  3471  11 16.0  43.3   29
c [transred-19] limit 2000000 with penalty 0 = 0 + 0
c t  159.2   38433   176945    323003   42021  11681  3471  11 16.0  43.3   29
c [block-10] scheduling all variables this time
c [block-10] scheduled 38433 variables 100%
c [block-10] limit of 2970826 steps penalty 4 = 4 + 0
c [block-10] fully completed blocked clause elimination
c [block-10] transition to [ all 0 rem 0 ] state
c [block-10] eliminated 0 blocked clauses
c [cce-10] 36004 variables 94% will be scheduled this time
c [cce-10] limit of 7129984 steps penalty 1 = 1 + 0
c [cce-10] 35539 variables 92% remain to be tried next time
c [cce-10] transition to [ all 0 rem 1 ] state
c [cce-10] eliminated 381 covered clauses
c E  159.7   38433   176564    323003   42021  12062  3471  11 16.0  43.3   24
c [elim-10] 6082 variables 16% will be scheduled this time
c [elim-10] scheduled 6082 variables 16%
c [elim-10] limit of 23766614 steps penalty 0 = 0 + 0
c [elim-10] fully completed variable elimination
c [elim-10] transition to [ all 0 rem 0 ] state
c [elim-10] eliminated 3 = 0% variables out of 38433
c e  160.0   38430   176542    323003   42021  12014  3470  11 16.0  43.3   24
c [phase-10] phase bias: 0 positive 0%, 0 negative 0%
c [simplification-10] removed 7 variables 0%
c [simplification-10] no reduction of limit increments
c [simplification-10] arithmetic increase of conflict limit interval by 10000
c [simplification-10] new irredundant limit 1971972
c [simplification-10] new conflict limit 408325
c -  161.7   38430   176542    328062   23581  12015  3477  10 16.0  43.3   27
c -  174.1   38430   176542    353629   24536  12030  3584   8 15.8  42.3   27
c -  186.9   38430   176542    380212   25508  12038  3683   8 15.6  41.2   27
c -  198.6   38430   176542    407797   26531  12052  3737   8 16.0  41.0   35
c [simplification-11] limit hit at 408326 conflicts
c [simplification-11] no simplification penalty
c [ternres-11] limit 31396925 with penalty 0 = 0 + 0
c [ternres-11] all 38430 free variables schedulable
c [ternres-11] 38 ternary resolvents (1 bin, 37 trn)
c [ternres-11] fully completed ternary resolution
c T  198.9   38430   176542    408326   27059  12053  3775   9 16.0  41.0   38
c [gauss-11] limit 392461 penalty 4 = 4 + 0
c [gauss-11] extracted 155 xors of average arity 3.0
c [gauss-11] connected 465 occurrences of 435 variables (average 1.1)
c [gauss-11] limit 392461 penalty 4 = 4 + 0
c [gauss-11] fully completed
c [gauss-11] exported 0 unary, 0 binary and 0 ternary equations
c G  199.0   38430   176542    408326   27059  12053  3775   9 16.0  41.0   22
c [basicprobe-11] limit 31396925 penalty 0 = 0 + 0
c [basicprobe-11-0] 2486 sched 6%, 5 failed, 0 lifted, 721 hbrs
c [basicprobe-11-1] 4057 probes remain 11% after last round
c [basicprobe-11-1] 5 units = 5 failed (100%) + 0 lifted (0%)
c [basicprobe-11-1] removed 6 variables, found 737 hbrs
c p  200.9   38424   176487    408326   27058  12763  3750   9 16.0  41.0   26
c [cgrclsr-11] limit 1569846 penalty 1 = 1 + 0
c [cgrclsr-11] all 38424 free variables schedulable
c [cgrclsr-11] fully completed congruence closure
c [lift-11] limit 9419077 with penalty 1 = 1 + 0
c [lift-11] using 36158 probes 94%
c [lift-11] 35676 variables remain 93% (2748 retained)
c [cliff-11] limit of 12558770 steps penalty 1 = 1 + 0
c [cliff-11] failed 0, lifted 0
c [unhide-11] limit 12558770 with penalty 0 = 0 + 0
c [unhide-11-35] 0 units, 0 failed, 473 tauts, 0 hbrs, 18518 literals
c u  203.0   38424   176420    408326   27037  12439  3732   9 16.0  41.0   26
c [transred-21] limit 2000000 with penalty 0 = 0 + 0
c 
c  seconds         irredundant          redundant clauses agility   height
c          variables clauses conflicts large binary ternary    glue         MB
c 
c t  203.1   38424   176417    408326   27037  12423  3732   9 16.0  41.0   26
c [block-11] scheduling all variables this time
c [block-11] scheduled 38424 variables 100%
c [block-11] limit of 3924615 steps penalty 4 = 4 + 0
c [block-11] fully completed blocked clause elimination
c [block-11] transition to [ all 0 rem 0 ] state
c [block-11] eliminated 0 blocked clauses
c [cce-11] scheduling all variables this time
c [cce-11] limit of 18838154 steps penalty 0 = 0 + 0
c [cce-11] 35530 variables 92% remain to be tried next time
c [cce-11] transition to [ all 1 rem 1 ] state
c [cce-11] eliminated 0 covered clauses
c [elim-11] scheduling all variables this time
c [elim-11] scheduled 38424 variables 100%
c [elim-11] limit of 31396925 steps penalty 0 = 0 + 0
c [elim-11] fully completed variable elimination
c [elim-11] transition to [ all 0 rem 0 ] state
c [elim-11] eliminated 312 = 1% variables out of 38424
c e  207.4   38112   176131    408326   26323  11980  3661   9 16.0  41.0   22
c [phase-11] phase bias: 3 positive 60%, 2 negative 40%
c [simplification-11] removed 318 variables 0%
c [simplification-11] no reduction of limit increments
c [simplification-11] arithmetic increase of conflict limit interval by 10000
c [simplification-11] new irredundant limit 1971972
c [simplification-11] new conflict limit 503648
c -  221.9   38112   176131    437105   27504  11989  3746   9 15.7  40.0   26
c -  236.0   38112   176131    466690   28514  11998  3813   9 15.7  39.3   34
c i  244.5   38111   176130    485526   47281  12005  3874   7 15.5  38.8   39
c -  251.3   38111   176130    497299   29522  12008  3905   9 15.5  38.5   34
c [simplification-12] limit hit at 503649 conflicts
c [simplification-12] no simplification penalty
c [ternres-12] limit 40000000 with penalty 0 = 0 + 0
c [ternres-12] all 38111 free variables schedulable
c [ternres-12] 90 ternary resolvents (1 bin, 89 trn)
c [ternres-12] fully completed ternary resolution
c T  254.2   38111   176130    503649   35850  12010  4015   9 15.4  38.3   37
c [gauss-12] limit 508188 penalty 4 = 4 + 0
c [gauss-12] extracted 199 xors of average arity 3.0
c [gauss-12] connected 597 occurrences of 366 variables (average 1.6)
c [gauss-12] limit 508188 penalty 4 = 4 + 0
c [gauss-12] fully completed
c [gauss-12] exported 0 unary, 0 binary and 0 ternary equations
c G  254.3   38111   176120    503649   35850  12010  4015   9 15.4  38.3   23
c [basicprobe-12] limit 40655104 penalty 0 = 0 + 0
c [basicprobe-12-0] 63 probes remain 0% after last round
c [basicprobe-12-0] 5 units = 5 failed (100%) + 0 lifted (0%)
c [basicprobe-12-0] removed 5 variables, found 333 hbrs
c p  256.6   38106   176120    503649   35850  12337  4004   9 15.4  38.3   27
c [cgrclsr-12] limit 1016377 penalty 2 = 2 + 0
c [cgrclsr-12] all 38106 free variables schedulable
c [cgrclsr-12] fully completed congruence closure
c [cgrclsr-12] removed 2 variables
c C  256.8   38104   176065    503649   35849  12331  4002   9 15.4  38.3   23
c [lift-12] limit 5000000 with penalty 2 = 2 + 0
c [lift-12] using 35383 probes 93%
c [lift-12] 35128 variables remain 92% (2975 retained)
c [lift-12] removed 1 variables
c ^  257.2   38103   176060    503649   35849  12312  4002   9 15.4  38.3   23
c [cliff-12] limit of 8131020 steps penalty 2 = 2 + 0
c [cliff-12] failed 0, lifted 0
c [unhide-12] limit 16262041 with penalty 0 = 0 + 0
c [unhide-12-40] 0 units, 0 failed, 615 tauts, 0 hbrs, 42836 literals
c u  258.7   38103   175982    503649   35819  11837  3974   9 15.4  38.3   27
c [transred-23] limit 2000000 with penalty 0 = 0 + 0
c t  258.8   38103   175980    503649   35819  11822  3974   9 15.4  38.3   27
c [block-12] scheduling all variables this time
c [block-12] scheduled 38103 variables 100%
c [block-12] limit of 5081888 steps penalty 4 = 4 + 0
c [block-12] fully completed blocked clause elimination
c [block-12] transition to [ all 0 rem 0 ] state
c [block-12] eliminated 0 blocked clauses
c [cce-12] 35495 variables 93% will be scheduled this time
c [cce-12] limit of 12196530 steps penalty 1 = 1 + 0
c [cce-12] 34677 variables 91% remain to be tried next time
c [cce-12] transition to [ all 0 rem 1 ] state
c [cce-12] eliminated 438 covered clauses
c E  259.4   38103   175542    503649   35819  12264  3974   9 15.4  38.3   23
c [elim-12] scheduling all variables this time
c [elim-12] scheduled 38103 variables 100%
c [elim-12] limit of 40655104 steps penalty 0 = 0 + 0
c [elim-12] fully completed variable elimination
c [elim-12] transition to [ all 0 rem 0 ] state
c [elim-12] eliminated 284 = 1% variables out of 38103
c e  262.9   37819   175308    503649   34999  11818  3967   9 15.4  38.3   23
c [phase-12] phase bias: 2 positive 50%, 2 negative 50%
c [simplification-12] removed 292 variables 0%
c [simplification-12] no reduction of limit increments
c [simplification-12] arithmetic increase of conflict limit interval by 10000
c [simplification-12] new irredundant limit 1971972
c [simplification-12] new conflict limit 608971
c -  272.2   37819   175308    529696   30525  11824  3988  12 15.8  38.4   27
c -  284.2   37819   175308    562210   31514  11826  4008   8 16.4  38.6   35
c R  292.6   37819   175308    583251   52552  11826  4011  11 16.7  38.7   42
c -  300.4   37819   175308    595738   32508  11831  4037   9 16.6  38.3   35
c i  302.2   37818   175307    599117   35875  11831  4047   8 16.6  38.2   38
c [simplification-13] limit hit at 608971 conflicts
c [simplification-13] no simplification penalty
c [ternres-13] limit 40000000 with penalty 0 = 0 + 0
c [ternres-13] all 37818 free variables schedulable
c [ternres-13] 72 ternary resolvents (0 bin, 72 trn)
c [ternres-13] fully completed ternary resolution
c T  306.7   37818   175307    608971   45703  11834  4142   9 16.6  38.1   39
c [gauss-13] limit 623565 penalty 4 = 4 + 0
c [gauss-13] extracted 246 xors of average arity 3.0
c [gauss-13] connected 738 occurrences of 636 variables (average 1.2)
c [gauss-13] limit 623565 penalty 4 = 4 + 0
c [gauss-13] fully completed
c [gauss-13] exported 0 unary, 0 binary and 0 ternary equations
c G  306.9   37818   175296    608971   45703  11834  4142   9 16.6  38.1   25
c d  307.0   37817   175294    608971   45703  11834  4142   9 16.6  38.1   25
c [basicprobe-13] limit 49885268 penalty 0 = 0 + 0
c [basicprobe-13-0] 71 sched 0%, 1 failed, 0 lifted, 72 hbrs
c [basicprobe-13-1] 4688 sched 12%, 7 failed, 0 lifted, 542 hbrs
c [basicprobe-13-2] 4474 probes remain 12% after last round
c [basicprobe-13-2] 8 units = 8 failed (100%) + 0 lifted (0%)
c [basicprobe-13-2] removed 9 variables, found 616 hbrs
c 
c  seconds         irredundant          redundant clauses agility   height
c          variables clauses conflicts large binary ternary    glue         MB
c 
c p  310.1   37808   175218    608971   45701  12311  4134   9 16.6  38.1   29
c [cgrclsr-13] limit 2494263 penalty 1 = 1 + 0
c [cgrclsr-13] all 37808 free variables schedulable
c [cgrclsr-13] fully completed congruence closure
c [lift-13] limit 10000000 with penalty 1 = 1 + 0
c [lift-13] using 34855 probes 92%
c [lift-13] 34334 variables remain 91% (3474 retained)
c [cliff-13] limit of 4988526 steps penalty 3 = 3 + 0
c [cliff-13] failed 0, lifted 0
c [unhide-13] limit 19954107 with penalty 0 = 0 + 0
c [unhide-13-45] 0 units, 0 failed, 411 tauts, 0 hbrs, 95154 literals
c u  312.6   37808   175124    608971   45688  12045  4113   9 16.6  38.1   29
c [transred-25] limit 2000000 with penalty 0 = 0 + 0
c t  312.7   37808   175124    608971   45688  12034  4113   9 16.6  38.1   29
c [block-13] scheduling all variables this time
c [block-13] scheduled 37808 variables 100%
c [block-13] limit of 6235658 steps penalty 4 = 4 + 0
c [block-13] fully completed blocked clause elimination
c [block-13] transition to [ all 0 rem 0 ] state
c [block-13] eliminated 0 blocked clauses
c [cce-13] scheduling all variables this time
c [cce-13] limit of 29931160 steps penalty 0 = 0 + 0
c [cce-13] 34645 variables 92% remain to be tried next time
c [cce-13] transition to [ all 1 rem 1 ] state
c [cce-13] eliminated 0 covered clauses
c [elim-13] scheduling all variables this time
c [elim-13] scheduled 37808 variables 100%
c [elim-13] limit of 49885268 steps penalty 0 = 0 + 0
c [elim-13] fully completed variable elimination
c [elim-13] transition to [ all 0 rem 0 ] state
c [elim-13] eliminated 14 = 0% variables out of 37808
c e  317.3   37794   175107    608971   45666  11953  4111   9 16.6  38.1   24
c [phase-13] phase bias: 0 positive 0%, 0 negative 0%
c [simplification-13] removed 24 variables 0%
c [simplification-13] no reduction of limit increments
c [simplification-13] arithmetic increase of conflict limit interval by 10000
c [simplification-13] new irredundant limit 1971972
c [simplification-13] new conflict limit 724293
c i  330.1   37793   175106    629070   65715  11956  4156   9 16.4  37.6   34
c -  331.2   37793   175106    630380   33525  11956  4157  11 16.4  37.6   36
c i  346.2   37792   175105    659312   62405  11963  4201   7 16.3  37.1   42
c i  346.2   37791   175104    659371   62450  11963  4213   6 16.3  37.1   44
c i  346.3   37790   175103    659381   62457  11965  4213   6 16.3  37.1   44
c -  350.0   37790   175103    665980   34542  11967  4231   9 16.3  37.0   36
c i  350.3   37789   175102    667233   35789  11969  4233   9 16.3  37.0   39
c i  350.3   37788   175101    667251   35799  11972  4237   9 16.3  37.0   39
c i  350.4   37787   175100    667290   35831  11974  4241   8 16.3  37.0   39
c i  350.4   37786   175099    667292   35831  11974  4241   8 16.3  37.0   39
c i  350.4   37785   175098    667340   35867  11977  4249   8 16.3  37.0   39
c i  350.4   37784   175097    667368   35886  11980  4254   8 16.3  37.0   39
c i  350.4   37783   175096    667378   35893  11982  4254   7 16.3  37.0   39
c i  350.4   37782   175095    667379   35893  11982  4254   7 16.3  37.0   39
c i  350.4   37781   175094    667380   35893  11982  4254   7 16.3  37.0   39
c i  350.4   37780   175093    667381   35893  11982  4254   7 16.3  37.0   39
c i  350.4   37779   175092    667382   35893  11982  4254   7 16.3  37.0   39
c i  350.4   37778   175091    667383   35893  11982  4254   7 16.3  37.0   39
c i  350.4   37777   175090    667384   35893  11982  4254   7 16.3  37.0   39
c 
c  seconds         irredundant          redundant clauses agility   height
c          variables clauses conflicts large binary ternary    glue         MB
c 
c i  350.4   37776   175089    667385   35893  11981  4254   7 16.3  37.0   39
c i  350.4   37775   175088    667392   35898  11982  4254   7 16.3  37.0   39
c i  350.4   37772   175087    667393   35898  11982  4254   7 16.3  37.0   39
c i  350.4   37606   175086    667396   35898  11983  4255   7 16.3  37.0   39
c i  350.4   37604   175085    667402   35899  11985  4257   7 16.3  37.0   39
c i  350.4   37598   175085    667403   35899  11984  4257   7 16.3  37.0   39
c i  350.4   37246   175084    667404   35899  11984  4257   7 16.3  37.0   39
c i  350.4   37236   175083    667407   35901  11984  4257   7 16.3  37.0   39
c i  350.4   37050   175082    667408   35901  11984  4257   7 16.3  37.0   39
c i  350.4   33998   175081    667409   35901  11984  4257   7 16.3  37.0   39
c i  350.4   33997   175080    667410   35901  11984  4257   7 16.3  37.0   39
c i  350.4   33985   175079    667413   35903  11984  4257   7 16.3  37.0   39
c 0  350.4   33533   175079    667413   35903  11984  4257   7 16.3  37.0   39
c 
c  seconds         irredundant          redundant clauses agility   height
c          variables clauses conflicts large binary ternary    glue         MB
c 
c blkd: 13 bces, 4391 removed, 6071131 resolutions, 16670627 steps
c blkd: 4391 blocking literals 1%, 0 pure
c cces: 13 cces, 1501 eliminated, 1501 ate 100%, 0 abce 0%
c cces: 20728 probed, 326 lifted, 292 failed
c clff: 13 cliffs, 106 lifted, 69 failed
c clff: 44593 decisions, 139444694 steps
c clls: 1 sat, 0 simp, 0 freeze, 0 melt
c clls: 1889168 add, 0 assume,, 0 deref, 0 failed
c clls: 0 cassume, 0 mosat
c coll: 116 gcs, 0 rescored clauses
c cgrs: 13 count, 12956805 esteps, 2475789 csteps
c cgrs: 68 eqs, 0 units
c cgrs: 0 matched (0 ands 0%, 0 xors 0%, 0 ites 0%)
c cgrs: 0 simplified (0 ands 0%, 0 xors 0%, 0 ites 0%)
c cgrs: 31731 extracted (29530 ands 93%, 2197 xors 7%, 4 ites 0%)
c dcps: 17 decompositions, 58774 equivalent 30%
c decs: 1590256 decision, 1588 random 0.100%
c decs: 341301 flipped 21.462% (in 2617 phases)
c elms: 13 elims, 9500 eliminated 5%
c elms: 9500 small 100%, 0 large 0%
c elms: 211436 tried small, 9500 succeeded 4%, 201936 failed 96%
c elms: 183 subsumed, 35 strengthened, 0 blocked
c elms: 4586542 copies, 3391624 resolutions, 7332011 ipos
c elms: 355578 subchks, 52715 strchks
c frcs: 0 computed, 4.5 - 95.5 average min-cut range
c gaus: 13 extractions, 174996 extracted, 2.0 size, 3 max
c gaus: exported 0 units, 0 binary and 0 ternary equations
c gaus: 0 gc, 13445794 steps, 6722897 extr 50%, 2259352 elim 17%
c glue: 16.3 avg, 4.1 scaled avg
c glue: 0 maxredglue=15 (0%)
c lift: 13 phases, 21354 probed (7133 level1 33%, 14221 level2 67%)
c lift: 26 units, 2 equivalences, 135 implications
c hbrs: 24333 hbrs = 24333 trn 100% + 0 lrg 0%, 364 sub 1%
c lrnd: 667104 clauses, 301501 uips 45%, 40.5 length, 16.3 glue
c ints: 19473 luby (4604849 steps), 0 inout (0 steps)
c mins: 26999955 learned lits, 50% minimized
c move: moved 5892, 1501 binary 25%, 4391 ternary 75%
c otfs: str 5038 dyn (4800 red, 238 irr) 309 drv 6%, 4729 rst 94%
c otfs: sub 21 dyn (21 red, 0 irr)
c phas: 13 computed, 19469 set, 2611 pos (13%), 16858 neg (87%)
c prbs: 13 basic, 38416 probed, 224 failed, 3 lifted
c prps: 669402404 props, 365 props/dec
c prps: 87% srch, 13% simp, 0% lkhd
c psns: 191247289 searches, 11477428 hits, 6% hit rate
c queu: 9128334 new, 3214129 del, 120 maximum priority
c queu: 5914188 merged, 5905110 collected, 598 gcs
c queu: 672142 deprioritized, 64.6 lines on average
c reds: 35 count, 0 reset, 34 acts 97%, 0 exp 0%
c reds: 35 arithmetic 100%, 35 double 100%
c rmbd: 338 removed, 84 red 25%
c rsts: 19384 restarts 100%, 88 skipped 0%
c rsts: 2601 kept 13.4% average 15.1%
c simp: 13 count (0 ilim 0%, 0 plim 0%, 13 clim 100%)
c trnr: 13 count, 12 bin, 1075 trn, 40420364 steps
c tops: 97396 fixed 49%, 115 iterations
c trds: 26 transitive reductions, 233 removed, 1 failed
c trds: 20123 nodes, 28410 edges, 20063765 steps
c unhd: 13 count, 45 rounds, 57431918 steps
c unhd: 294 non-trivial sccs of average size 2.0
c unhd: 11 units, 11 bin, 0 trn, 0 lrg
c unhd: 56 failed, 56 stamp, 0 lits, 0 bin, 0 trn, 0 lrg
c unhd: 31061 tauts, 97 bin 0%, 2454 trn 8%, 398 lrg 1%
c unhd: 31061 tauts, 28112 stamp 91%, 7917 red 25%
c unhd: 0 hbrs, 0 trn 0%, 0 lrg 0%, 0 red 0%
c unhd: 559505 strd, 11 bin 0%, 152 trn 0%, 559342 lrg 100%, 559398 red 100%
c vars: 33533 remaining 17% and 165670 removed 83% out of 199203
c vars: 97396 fixed 49%, 9500 eliminated 5%, 58774 equivalent 30%
c vsts: 6164882566 visits, 91% srch, 9% simp, 0% lkhd
c vsts: 9.7 search visits per propagation 8441.1 per conflict
c wchs: 1726421001 pushed, 19727807 enlarged, 172 defrags
c 
c scaledglue  added       reduced       forcing      resolved     conflicts
c 
c all    660735 100    612385 100  24084321 100   5537614 100    260614 100
c 
c  0          0   0         0   0         0   0         0   0         0   0 
c  1        645   0       428   0    371005   2     26224   0       931   0 
c  2      49523   7     40202   7  11937559  50   1702041  31     68642  26 
c  3     233433  35    208880  34   9450183  39<  2459816  44<   114952  44<
c  4     151268  23<   142157  23<  1631350   7    721225  13     41516  16 
c  5      96339  15     93243  15    390864   2    298725   5     16643   6 
c  6      66074  10     64954  11    165207   1    171801   3      9219   4 
c  7      35683   5     35150   6     77398   0     89194   2      5018   2 
c  8      19870   3     19535   3     46406   0     50319   1      2655   1 
c  9       7304   1      7240   1     13424   0     16991   0       949   0 
c 10        589   0       589   0       906   0      1261   0        89   0 
c 11          5   0         5   0        17   0        15   0         0   0 
c 12          2   0         2   0         2   0         2   0         0   0 
c 13          0   0         0   0         0   0         0   0         0   0 
c 14          0   0         0   0         0   0         0   0         0   0 
c 15          0   0         0   0         0   0         0   0         0   0 
c 
c avg             4.2           4.3           2.6           3.1           3.3
c std             1.6           1.6           0.9           1.2           1.3
c 
c 1590256 decisions, 667413 conflicts, 1904.6 conflicts/sec
c 669402404 propagations, 1.9 megaprops/sec
c 350.4 seconds, 49.3 MB
c 
c   45.883  13% analysis
c    1.644   0% block
c   10.085   3% bump
c    0.000   0% card
c    5.560   2% cce
c    5.748   2% cliff
c    0.012   0% cutwidth
c    0.844   0% decide
c    0.000   0% force
c    5.100   1% gc
c    2.244   1% cgrclsr
c    1.808   1% decomp
c    1.068   0% defrag
c   21.577   6% elim
c    1.900   1% gauss
c    4.960   1% lift
c   13.085   4% mincls
c    0.268   0% phase
c   11.149   3% probe
c    0.508   0% reduce
c    3.320   1% restart
c    0.528   0% ternres
c    1.372   0% transred
c    9.721   3% unhide
c ==================================
c    0.020   0% preprocessing     0%
c   68.564  20% inprocessing    100%
c ==================================
c   68.584  20% simplifying
c    0.000   0% lookahead
c  281.830  80% search
c ==================================
c  350.414 100% all
c
s UNSATISFIABLE
