c This is CryptoMiniSat 2.7.1
c WARNING: for repeatability, setting FPU to use double precision
c Reading file 'pb_200_04.cnf'
c -- header says num vars:         195657
c -- header says num clauses:      601752
c -- clauses added:            0 learnts,       601752 normals,            0 xors
c -- vars added     195657
c Parsing time:  0.26 s
c Ouptutting solution to console
c asymm  cl-useful: 31/7243/74844 lits-rem:31 time: 0.96
c Time to fill non-learnt binary watchlists: 0.03 s
c subs with bin:        0  lits-rem:         0  v-fix:    0  time:  0.04 s
c Subs w/ non-existent bins:      4 l-rem:      1 v-fix:    90 done:  23587 time:  1.84 s
c lits-rem:         0  cl-subs:    86568  v-elim:  60455  v-fix:    0  time:  0.39 s
c Finding binary XORs:         0.04 s (found:       8, avg size: 2.0)
c Replacing        8 vars Replaced      136 lits Time:     0.00 s 
c Finding non-binary XORs:     0.02 s (found:       0, avg size: -nan)
c watched sorting time: 0.00
c Calc default polars -  time:   0.01 s pos:    6676 undec:  178694 neg:   10287
c =========================================================================================
c types(t): F = full restart, N = normal restart
c types(t): S = simplification begin/end, E = solution found
c restart types(rt): st = static, dy = dynamic
c  t rt  Rest     Confl      Vars   NormCls    BinCls   Learnts    ClLits    LtLits
c  B st     0         0     44291     71713    139863         0    512133         0  no matrixes
c Finding binary XORs:         0.02 s (found:       0, avg size: -nan)
c  N dy     9      4580     44291     71713    139952      4436    512133    302827  no matrixes
c  N dy    22      8634     44291     71713    139975      8447    512133    686904  no matrixes
c  N dy    32     13025     44291     71713    140003     12788    512133   1028590  no matrixes
c  N dy    44     17105     44291     71713    140055     16783    512133   1327751  no matrixes
c  N dy    59     21149     44291     71713    140097     10952    512133    372235  no matrixes
c  F st    71     25000     44291     71713    140131     14744    512133    617478  no matrixes
c  N st    72     25253     44291     71713    140137     14990    512133    635360  no matrixes
c  N dy    77     30197     44291     71713    140167     19849    512133    988400  no matrixes
c  S st    77     30197     44291     71713    140167     19849    512133    988400  no matrixes
c  S st    77     30698     44287     71713    140237     20277    512133    998807  no matrixes
c x-sub:     0 x-cut:      0 vfix:      0 v-elim:      0 locsubst:     0 time:   0.01
c binary deg approx. time:  0.13 s num checked:   2743 i:    2772 props: 3002k
c Flit:   104 Blit:    128 bXBeca:    0 bXProp:  134 Bins:   3658 P: 237.6M T:  9.91
c Cleaning up after failed var search:     0.00 s 
c Replacing      134 vars Replaced    18876 lits Time:     0.04 s 
c Time to fill non-learnt binary watchlists: 0.06 s
c subs with bin:       80  lits-rem:         0  v-fix:    0  time:  0.04 s
c Subs w/ non-existent bins:     21 l-rem:      0 v-fix:     0 done:  43909 time:  2.29 s
c Removed useless bin:    7280  fixed:     0  props:  19.96M  time:  0.83 s
c lits-rem:         0  cl-subs:      411  v-elim:     79  v-fix:    0  time:  0.24 s
c lits-rem:       346  cl-subs:      760  v-elim:      0  v-fix:    0  time:  0.44 s
c asymm  cl-useful: 10/16158/71328 lits-rem:10 time: 0.85
c watched sorting time: 0.01
c  N dy    77     30698     43830     71328    134724     19412    493448    977330  no matrixes
c  N dy    84     35131     43830     71328    134743     23803    493448   1244862  no matrixes
c  N dy   103     39783     43830     71328    134774     28403    493448   1493895  no matrixes
c  N dy   122     48140     43830     71328    134804     21525    493448    801436  no matrixes
c  S st   122     48140     43830     71328    134804     21525    493448    801436  no matrixes
c  S st   122     48642     43829     71328    134849     21980    493448    814281  no matrixes
c x-sub:     0 x-cut:      0 vfix:      0 v-elim:      0 locsubst:     0 time:   0.01
c binary deg approx. time:  0.13 s num checked:   3054 i:    3113 props: 3000k
c Flit:    49 Blit:      2 bXBeca:    0 bXProp:   19 Bins:    896 P: 237.6M T:  9.24
c Replacing       19 vars Replaced     1284 lits Time:     0.02 s 
c Time to fill non-learnt binary watchlists: 0.04 s
c subs with bin:       21  lits-rem:         0  v-fix:    0  time:  0.04 s
c Subs w/ non-existent bins:     24 l-rem:      3 v-fix:     0 done:  43757 time:  2.42 s
c Removed useless bin:    5079  fixed:     0  props:  19.96M  time:  0.94 s
c lits-rem:         0  cl-subs:       60  v-elim:     27  v-fix:    0  time:  0.18 s
c Blocked clauses removed:        0    Time: 0.02 s
c lits-rem:       306  cl-subs:      332  v-elim:      0  v-fix:    0  time:  0.40 s
c asymm  cl-useful: 24/13825/71232 lits-rem:24 time: 0.93
c watched sorting time: 0.00
c  N dy   122     48642     43730     71232    130285     21627    482362    803206  no matrixes
c  N dy   140     52826     43730     71232    130310     25778    482362   1060909  no matrixes
c  N dy   146     57207     43730     71232    130336     30110    482362   1303748  no matrixes
c  N dy   153     61286     43730     71232    130365     34136    482370   1564774  no matrixes
c  N dy   161     65632     43730     71232    130404     19980    482370    511478  no matrixes
c  N dy   176     69852     43730     71232    130418     24161    482370    791496  no matrixes
c  S st   192     72989     43730     71232    130435     27272    482370    952291  no matrixes
c  S st   192     73489     43730     71232    130484     27720    482370    960748  no matrixes
c x-sub:     0 x-cut:      0 vfix:      0 v-elim:      0 locsubst:     0 time:   0.02
c binary deg approx. time:  0.13 s num checked:   3013 i:    3067 props: 3004k
c Flit:    39 Blit:     50 bXBeca:    0 bXProp:   20 Bins:    532 P: 237.6M T:  8.81
c Replacing       22 vars Replaced      648 lits Time:     0.02 s 
c Time to fill non-learnt binary watchlists: 0.04 s
c subs with bin:       60  lits-rem:         0  v-fix:    0  time:  0.04 s
c Subs w/ non-existent bins:      5 l-rem:      2 v-fix:     1 done:  43609 time:  2.47 s
c Removed useless bin:    2738  fixed:     0  props:  19.96M  time:  0.97 s
c lits-rem:         0  cl-subs:       72  v-elim:     58  v-fix:    0  time:  0.18 s
c lits-rem:       219  cl-subs:      543  v-elim:      0  v-fix:    0  time:  0.42 s
c asymm  cl-useful: 27/18560/71068 lits-rem:27 time: 1.01
c watched sorting time: 0.00
c  N dy   192     73489     43550     71068    127624     27153    475285    950496  no matrixes
c  N dy   215     78413     43550     71068    127638     32047    475285   1253353  no matrixes
c  N dy   240     83513     43550     71068    127659     37106    475285   1556259  no matrixes
c  F st   257     87501     43550     71068    127683     41061    475285   1796941  no matrixes
c  N st   261     89534     43550     71068    127688     22487    475285    562363  no matrixes
c  N dy   271     95651     43550     71068    127705     28561    475285    979517  no matrixes
c  N dy   281    101763     43550     71068    127737     34604    475285   1274487  no matrixes
c  N dy   287    109935     43550     71068    127800     42643    475285   1625357  no matrixes
c  S st   288    112060     43549     71068    127814     22595    475285    401916  no matrixes
c  S st   288    112560     43549     71068    127844     23065    475285    414001  no matrixes
c x-sub:     0 x-cut:      0 vfix:      0 v-elim:      0 locsubst:     0 time:   0.01
c binary deg approx. time:  0.13 s num checked:   2955 i:    2994 props: 3001k
c Flit:    30 Blit:     14 bXBeca:    0 bXProp:    5 Bins:    252 P: 237.6M T:  8.37
c Replacing        5 vars Replaced      193 lits Time:     0.01 s 
c Time to fill non-learnt binary watchlists: 0.03 s
c subs with bin:       20  lits-rem:         0  v-fix:    0  time:  0.04 s
c Subs w/ non-existent bins:      9 l-rem:      2 v-fix:     0 done:  43432 time:  2.36 s
c Removed useless bin:    4154  fixed:     0  props:  19.96M  time:  1.10 s
c lits-rem:         0  cl-subs:       25  v-elim:     65  v-fix:    0  time:  0.17 s
c lits-rem:       156  cl-subs:      717  v-elim:      0  v-fix:    0  time:  0.28 s
c asymm  cl-useful: 2/11623/70867 lits-rem:2 time: 0.94
c watched sorting time: 0.00
c  N dy   288    112560     43367     70867    123295     22174    465302    404579  no matrixes
c  N dy   295    120710     43366     70867    123354     30223    465302    621720  no matrixes
c  N dy   314    130007     43362     70867    123434     39389    465302    974262  no matrixes
c  N dy   321    143031     43338     70835    123557     28734    465101    503646  no matrixes
c  E dy   326    147919     43030     70835    123680     33401    465101    658491  no matrixes
c restarts              : 326        
c dynamic restarts      : 308        
c static restarts       : 38         
c full restarts         : 2          
c learnts DL2           : 0          
c learnts size 2        : 6733       
c learnts size 1        : 92601       (47.33     % of vars)
c v-elim SatELite       : 60684       (31.02     % vars)
c SatELite time         : 14.30       (13.69     % time)
c v-elim xor            : 0           (0.00      % vars)
c xor elim time         : 0.05        (0.05      % time)
c num binary xor trees  : 204        
c binxor trees' crown   : 205         (1.00      leafs/tree)
c OTF clause improved   : 904         (0.01      clauses/conflict)
c OTF impr. size diff   : 1064        (1.18       lits/clause)
c OTF cl watch-shrink   : 52249       (0.35      clauses/conflict)
c OTF cl watch-sh-lit   : 116879      (2.24       lits/clause)
c tried to recurMin cls : 7602        (5.14       % of conflicts)
c stopped recurMin      : 7422        (97.63      %)
c lits visited recurmin:: 1.16       
c conflicts             : 147919      (1416.00   / sec)
c decisions             : 378668      (2.43      % random)
c bogo-props            : 642421857   (6149782.79 / sec)
c conflict literals     : 7948530     (34.29     % deleted)
c Memory used           : 287.14      MB
c CPU time              : 104.46      s
c 
s UNSATISFIABLE
