c This is CryptoMiniSat 2.7.1
c WARNING: for repeatability, setting FPU to use double precision
c Reading file 'pb_300_06.cnf'
c -- header says num vars:         393066
c -- header says num clauses:     1231458
c -- clauses added:            0 learnts,      1231458 normals,            0 xors
c -- vars added     393066
c Parsing time:  0.51 s
c Ouptutting solution to console
c asymm  cl-useful: 6/4001/175824 lits-rem:6 time: 1.08
c Time to fill non-learnt binary watchlists: 0.04 s
c subs with bin:        0  lits-rem:         0  v-fix:    0  time:  0.10 s
c Subs w/ non-existent bins:      0 l-rem:      0 v-fix:     8 done:   8292 time:  1.91 s
c lits-rem:         0  cl-subs:   194125  v-elim: 123764  v-fix:    0  time:  0.84 s
c Finding binary XORs:         0.10 s (found:     132, avg size: 2.0)
c Replacing      132 vars Replaced     1798 lits Time:     0.01 s 
c Finding non-binary XORs:     0.05 s (found:       0, avg size: -nan)
c watched sorting time: 0.01
c Calc default polars -  time:   0.01 s pos:   10789 undec:  365675 neg:   16602
c =========================================================================================
c types(t): F = full restart, N = normal restart
c types(t): S = simplification begin/end, E = solution found
c restart types(rt): st = static, dy = dynamic
c  t rt  Rest     Confl      Vars   NormCls    BinCls   Learnts    ClLits    LtLits
c  B st     0         0     98720    171056    305676         0   1150520         0  no matrixes
c Finding binary XORs:         0.03 s (found:       0, avg size: -nan)
c  N dy    11      4734     98720    171056    305819      4517   1150520    302666  no matrixes
c  N dy    21      8900     98720    171056    305870      8556   1150520    581466  no matrixes
c  N dy    35     12987     98720    171056    305930     12500   1150520    804067  no matrixes
c  N dy    51     17221     98720    171056    306001     16594   1150520   1052473  no matrixes
c  N dy    65     21292     98720    171056    306079     10902   1150520    239597  no matrixes
c  F st    86     25000     98720    171056    306167     14449   1150520    434580  no matrixes
c  N st    88     25626     98720    171056    306177     15062   1150520    479098  no matrixes
c  N dy    92     30193     98720    171056    306211     19561   1150520    905310  no matrixes
c  S st    92     30193     98720    171056    306211     19561   1150520    905310  no matrixes
c  S st    92     30696     98679    171056    306327     19940   1150520    911773  no matrixes
c x-sub:     0 x-cut:      0 vfix:      0 v-elim:      0 locsubst:     0 time:   0.02
c binary deg approx. time:  0.16 s num checked:   1294 i:    1303 props: 3008k
c Flit:     0 Blit:     25 bXBeca:    0 bXProp:    0 Bins:    830 P: 86.4M T:  4.32
c Time to fill non-learnt binary watchlists: 0.03 s
c subs with bin:       27  lits-rem:         0  v-fix:    0  time:  0.09 s
c Subs w/ non-existent bins:     21 l-rem:      1 v-fix:     0 done:  25798 time:  3.84 s
c Removed useless bin:    4583  fixed:     0  props:  19.91M  time:  1.23 s
c lits-rem:         0  cl-subs:        4  v-elim:     14  v-fix:    0  time:  0.50 s
c lits-rem:        88  cl-subs:     1087  v-elim:      0  v-fix:    0  time:  0.63 s
c asymm  cl-useful: 0/5437/170919 lits-rem:0 time: 0.88
c watched sorting time: 0.01
c  N dy    92     30696     98640    170919    302270     18859   1140437    895607  no matrixes
c  N dy   115     34762     98640    170919    302352     22781   1140437   1115584  no matrixes
c  N dy   129     38996     98640    170919    302458     26811   1140437   1252184  no matrixes
c  N dy   140     43118     98640    170919    302532     15890   1140437    228736  no matrixes
c  S st   153     46247     98640    170919    302586     18881   1140437    324708  no matrixes
c  S st   153     46755     98640    170919    302655     19317   1140437    333225  no matrixes
c x-sub:     0 x-cut:      0 vfix:      0 v-elim:      0 locsubst:     0 time:   0.02
c binary deg approx. time:  0.16 s num checked:   1279 i:    1283 props: 3000k
c Flit:     0 Blit:     13 bXBeca:    0 bXProp:    0 Bins:    547 P: 86.6M T:  4.58
c Time to fill non-learnt binary watchlists: 0.04 s
c subs with bin:        3  lits-rem:         0  v-fix:    0  time:  0.10 s
c Subs w/ non-existent bins:     10 l-rem:      0 v-fix:     0 done:  27241 time:  4.81 s
c Removed useless bin:    3427  fixed:     0  props:  19.90M  time:  1.40 s
c lits-rem:         0  cl-subs:        0  v-elim:      2  v-fix:    0  time:  0.37 s
c Blocked clauses removed:        0    Time: 0.02 s
c lits-rem:       156  cl-subs:     1015  v-elim:      0  v-fix:    0  time:  0.49 s
c asymm  cl-useful: 1/7394/170886 lits-rem:1 time: 1.08
c watched sorting time: 0.01
c  N dy   153     46755     98625    170886    299654     18300   1133389    323241  no matrixes
c  N dy   168     50910     98625    170886    299715     22318   1133389    493599  no matrixes
c  N dy   182     55183     98625    170886    299763     26471   1133389    681913  no matrixes
c  N dy   206     59328     98625    170886    299797     30550   1133389    843486  no matrixes
c  N dy   232     64092     98625    170886    299829     35226   1133389   1051171  no matrixes
c  N dy   255     68317     98625    170886    299845     21300   1133389    343690  no matrixes
c  S st   267     72138     98625    170886    299875     25064   1133389    566311  no matrixes
c  S st   267     72644     98625    170886    299931     25511   1133389    576971  no matrixes
c x-sub:     0 x-cut:      0 vfix:      0 v-elim:      0 locsubst:     0 time:   0.02
c binary deg approx. time:  0.17 s num checked:   1311 i:    1317 props: 3003k
c Flit:    15 Blit:     23 bXBeca:    0 bXProp:    0 Bins:     80 P: 86.5M T:  3.42
c Time to fill non-learnt binary watchlists: 0.04 s
c subs with bin:       10  lits-rem:         0  v-fix:    0  time:  0.10 s
c Subs w/ non-existent bins:      5 l-rem:      0 v-fix:     0 done:  27519 time:  5.19 s
c Removed useless bin:    3804  fixed:     0  props:  19.90M  time:  1.21 s
c lits-rem:         0  cl-subs:        0  v-elim:     11  v-fix:    0  time:  0.35 s
c lits-rem:        83  cl-subs:      912  v-elim:      0  v-fix:    0  time:  0.55 s
c asymm  cl-useful: 3/2297/170748 lits-rem:3 time: 1.06
c watched sorting time: 0.01
c  N dy   267     72644     98543    170748    295940     24599   1124885    565192  no matrixes
c  N dy   289     77285     98543    170748    295997     29140   1124885    745370  no matrixes
c  N dy   323     82590     98543    170748    296064     34348   1124885    957654  no matrixes
c  F st   351     87500     98543    170748    296150     39122   1124885   1157348  no matrixes
c  N st   353     88125     98543    170748    296151     39737   1124885   1186255  no matrixes
c  N dy   365     93890     98543    170748    296166     25132   1124885    430187  no matrixes
c  N dy   390    100536     98543    170748    296252     31635   1124885    723400  no matrixes
c  N dy   425    107052     98543    170748    296297     38058   1124885    994928  no matrixes
c  S st   441    108976     98543    170748    296308     39964   1124885   1077580  no matrixes
c  S st   441    109477     98543    170748    296390     40382   1124885   1086660  no matrixes
c x-sub:     0 x-cut:      0 vfix:      0 v-elim:      0 locsubst:     0 time:   0.02
c binary deg approx. time:  0.17 s num checked:   1195 i:    1197 props: 3001k
c Flit:    25 Blit:      2 bXBeca:    0 bXProp:    0 Bins:      2 P: 107.8M T:  3.93
c Time to fill non-learnt binary watchlists: 0.04 s
c subs with bin:       12  lits-rem:         0  v-fix:    0  time:  0.10 s
c Subs w/ non-existent bins:      4 l-rem:      0 v-fix:     0 done:  34401 time:  6.30 s
c Removed useless bin:     773  fixed:     0  props:  19.91M  time:  1.16 s
c lits-rem:         0  cl-subs:        1  v-elim:      9  v-fix:    0  time:  0.36 s
c lits-rem:        97  cl-subs:     1291  v-elim:      0  v-fix:    0  time:  0.70 s
c asymm  cl-useful: 8/6805/170616 lits-rem:8 time: 1.20
c watched sorting time: 0.01
c  N dy   441    109477     98470    170616    295405     39090   1122580   1065528  no matrixes
c  N dy   487    116704     98470    170616    295442     24304   1122580    350022  no matrixes
c  N dy   534    124158     98470    170616    295485     31666   1122580    645784  no matrixes
c  N dy   587    132448     98470    170616    295533     39848   1122580    997882  no matrixes
c  N dy   643    141630     98470    170616    295599     25626   1122580    365384  no matrixes
c  N dy   706    150794     98470    170616    295645     34676   1122580    710690  no matrixes
c  N dy   767    160450     98470    170616    295687     44241   1122580   1107726  no matrixes
c  S st   787    165561     98470    170616    295716     24797   1122580    289085  no matrixes
c  S st   787    166061     98376    170616    295804     25205   1122580    297973  no matrixes
c x-sub:     0 x-cut:      0 vfix:      0 v-elim:      0 locsubst:     0 time:   0.02
c binary deg approx. time:  0.17 s num checked:   1297 i:    1299 props: 3009k
c Flit:    13 Blit:      7 bXBeca:    0 bXProp:    0 Bins:    242 P: 87.5M T:  3.52
c Time to fill non-learnt binary watchlists: 0.04 s
c subs with bin:        5  lits-rem:         0  v-fix:    0  time:  0.10 s
c Subs w/ non-existent bins:      0 l-rem:      1 v-fix:     2 done:  27385 time:  5.24 s
c Removed useless bin:    5047  fixed:     0  props:  19.90M  time:  1.46 s
c lits-rem:         0  cl-subs:        2  v-elim:     16  v-fix:    0  time:  0.40 s
c Blocked clauses removed:        0    Time: 0.03 s
c lits-rem:       113  cl-subs:      926  v-elim:      0  v-fix:    0  time:  0.50 s
c asymm  cl-useful: 2/5852/170273 lits-rem:2 time: 1.05
c watched sorting time: 0.01
c  N dy   787    166061     98274    170273    290320     24264   1110257    292769  no matrixes
c  N dy   846    176684     98274    170273    290366     34774   1110257    731192  no matrixes
c  N dy   934    187991     98274    170273    290453     45907   1110257   1186713  no matrixes
c  N dy  1007    200007     98274    170273    290536     32241   1110257    593652  no matrixes
c  N dy  1100    212856     98274    170273    290613     44934   1110257   1145060  no matrixes
c  N dy  1173    226742     98274    170273    290679     32067   1110257    552934  no matrixes
c  N dy  1255    241343     98274    170273    290740     46501   1110257   1189528  no matrixes
c  S st  1297    249507     98274    170273    290791     54561   1110257   1525898  no matrixes
c  S st  1297    250012     98249    170219    290770     55018   1109981   1541191  no matrixes
c x-sub:     0 x-cut:      0 vfix:      0 v-elim:      0 locsubst:     0 time:   0.02
c binary deg approx. time:  0.17 s num checked:   1198 i:    1202 props: 3007k
c Flit:     0 Blit:      0 bXBeca:    0 bXProp:    0 Bins:    269 P: 86.4M T:  3.99
c Time to fill non-learnt binary watchlists: 0.04 s
c subs with bin:        3  lits-rem:         0  v-fix:    0  time:  0.09 s
c Subs w/ non-existent bins:      8 l-rem:      0 v-fix:     1 done:  24835 time:  5.40 s
c Removed useless bin:    4129  fixed:     0  props:  19.91M  time:  1.49 s
c lits-rem:         0  cl-subs:        3  v-elim:      4  v-fix:    0  time:  0.38 s
c lits-rem:       148  cl-subs:     1885  v-elim:      0  v-fix:    0  time:  0.87 s
c asymm  cl-useful: 5/8270/170216 lits-rem:5 time: 1.08
c watched sorting time: 0.01
c  N dy  1297    250012     98244    170216    286885     53133   1101669   1511894  no matrixes
c  N dy  1382    267363     98244    170216    286979     42681   1101669   1033439  no matrixes
c  N dy  1498    284484     98244    170216    287055     30971   1101669    427679  no matrixes
c  N dy  1623    302725     98244    170216    287149     49020   1101669   1189561  no matrixes
c  F st  1645    306250     98244    170216    287178     52496   1101669   1331687  no matrixes
c  N dy  1723    322069     98244    170216    287232     38510   1101669    707950  no matrixes
c  N dy  1858    342656     98244    170216    287355     58861   1101669   1598637  no matrixes
c  N dy  1965    364575     98244    170216    287393     49970   1101669   1159276  no matrixes
c  S st  2037    375115     98244    170216    287431     60399   1101669   1611468  no matrixes
c  S st  2037    375616     98244    170216    287514     60815   1101669   1621322  no matrixes
c x-sub:     0 x-cut:      0 vfix:      0 v-elim:      0 locsubst:     0 time:   0.02
c binary deg approx. time:  0.16 s num checked:   1258 i:    1260 props: 3001k
c Flit:     0 Blit:      2 bXBeca:    0 bXProp:    0 Bins:    790 P: 86.8M T:  4.88
c Time to fill non-learnt binary watchlists: 0.04 s
c subs with bin:        2  lits-rem:         0  v-fix:    0  time:  0.10 s
c Subs w/ non-existent bins:      1 l-rem:      0 v-fix:     0 done:  42286 time:  6.42 s
c Removed useless bin:     217  fixed:     0  props:  19.91M  time:  1.22 s
c lits-rem:         0  cl-subs:        1  v-elim:      2  v-fix:    0  time:  0.40 s
c lits-rem:       100  cl-subs:     2209  v-elim:      0  v-fix:    0  time:  0.84 s
c asymm  cl-useful: 2/7101/170213 lits-rem:2 time: 1.06
c watched sorting time: 0.02
c  N dy  2037    375616     98240    170213    288072     58606   1101205   1591080  no matrixes
c  N dy  2193    399915     98240    170213    288144     51063   1101205   1199130  no matrixes
c  N dy  2334    425543     98240    170213    288236     43782   1101205    863120  no matrixes
c  N dy  2512    453125     98240    170213    288341     37453   1101205    567769  no matrixes
c  N dy  2701    482197     98240    170213    288435     66263   1101205   1831335  no matrixes
c  N dy  2890    513004     98240    170213    288526     62140   1101205   1653173  no matrixes
c  N dy  3120    545855     98240    170213    288632     59023   1101205   1461975  no matrixes
c  S st  3247    563469     98240    170213    288701     39807   1101205    572515  no matrixes
c  S st  3247    563970     98240    170213    288738     40267   1101205    582506  no matrixes
c x-sub:     0 x-cut:      0 vfix:      0 v-elim:      0 locsubst:     0 time:   0.02
c binary deg approx. time:  0.17 s num checked:   1192 i:    1194 props: 3001k
c Flit:     0 Blit:      0 bXBeca:    0 bXProp:    0 Bins:    674 P: 86.7M T:  4.82
c Time to fill non-learnt binary watchlists: 0.04 s
c subs with bin:        1  lits-rem:         0  v-fix:    0  time:  0.10 s
c Subs w/ non-existent bins:      2 l-rem:      1 v-fix:     0 done:  31808 time:  6.20 s
c Removed useless bin:     736  fixed:     0  props:  19.91M  time:  1.17 s
c lits-rem:         0  cl-subs:        0  v-elim:      2  v-fix:    0  time:  0.40 s
c Blocked clauses removed:        0    Time: 0.03 s
c lits-rem:       307  cl-subs:     1884  v-elim:      0  v-fix:    0  time:  0.60 s
c asymm  cl-useful: 2/5609/170215 lits-rem:2 time: 1.06
c watched sorting time: 0.01
c  N dy  3247    563970     98238    170215    288671     38380   1099725    573519  no matrixes
c  N dy  3491    599982     98238    170215    288754     74090   1099725   2217236  no matrixes
c  N dy  3742    638355     98238    170215    288848     74510   1099725   2116771  no matrixes
c  N dy  3978    679200     98238    170215    288940     76356   1099725   2236558  no matrixes
c  N dy  4211    722604     98238    170215    289005     79769   1099725   2275401  no matrixes
c  N dy  4442    771149     98238    170215    289062     45626   1099725    695833  no matrixes
c  N dy  4692    820442     98238    170215    289107     51870   1099725    922488  no matrixes
c  S st  4835    846072     98238    170215    289128     77314   1099725   2125429  no matrixes
c  S st  4835    846574     98238    170215    289169     77774   1099725   2138623  no matrixes
c x-sub:     0 x-cut:      0 vfix:      0 v-elim:      0 locsubst:     0 time:   0.03
c binary deg approx. time:  0.16 s num checked:   1248 i:    1254 props: 3008k
c Flit:     0 Blit:      6 bXBeca:    0 bXProp:    0 Bins:    462 P: 86.8M T:  5.33
c Time to fill non-learnt binary watchlists: 0.04 s
c subs with bin:        5  lits-rem:         0  v-fix:    0  time:  0.10 s
c Subs w/ non-existent bins:      7 l-rem:      0 v-fix:     0 done:  24225 time:  5.98 s
c Removed useless bin:    2057  fixed:     0  props:  19.91M  time:  1.53 s
c lits-rem:         0  cl-subs:        1  v-elim:      4  v-fix:    0  time:  0.40 s
c lits-rem:       180  cl-subs:     1962  v-elim:      0  v-fix:    0  time:  1.05 s
c asymm  cl-useful: 59/8772/170198 lits-rem:59 time: 1.27
c watched sorting time: 0.02
c  N dy  4835    846574     98228    170198    287539     75806   1095439   2100674  no matrixes
c  N dy  5200    900830     98228    170198    287600     85997   1095439   2418870  no matrixes
c  N dy  5513    958547     98228    170198    287656     53031   1095439    911871  no matrixes
c  N dy  5852   1019731     98228    170198    287710     67113   1095439   1502324  no matrixes
c  F st  6161   1071875     98228    170198    287738     71216   1095439   1661339  no matrixes
c  N dy  6199   1085337     98228    170198    287745     84556   1095439   2304395  no matrixes
c  N dy  6661   1154708     98228    170198    287798     55183   1095439    877185  no matrixes
c  N dy  7105   1228480     98228    170198    287846     77784   1095439   1921124  no matrixes
c  S st  7352   1269861     98228    170198    287882     67249   1095439   1347849  no matrixes
c  S st  7352   1270365     98213    170198    287939     67694   1095439   1361323  no matrixes
c x-sub:     0 x-cut:      0 vfix:      0 v-elim:      0 locsubst:     0 time:   0.03
c binary deg approx. time:  0.17 s num checked:   1246 i:    1253 props: 3010k
c Flit:    19 Blit:      1 bXBeca:    0 bXProp:    0 Bins:     99 P: 90.4M T:  3.74
c Time to fill non-learnt binary watchlists: 0.04 s
c subs with bin:       20  lits-rem:         0  v-fix:    0  time:  0.10 s
c Subs w/ non-existent bins:      0 l-rem:      0 v-fix:     1 done:  15553 time:  4.64 s
c Removed useless bin:     667  fixed:     0  props:  19.92M  time:  1.17 s
c lits-rem:         0  cl-subs:       29  v-elim:     26  v-fix:    0  time:  0.42 s
c lits-rem:       136  cl-subs:     1365  v-elim:      0  v-fix:    0  time:  0.79 s
c asymm  cl-useful: 4/8285/170112 lits-rem:4 time: 1.19
c watched sorting time: 0.02
c  N dy  7352   1270365     98160    170112    286977     66326   1093532   1342915  no matrixes
c  N dy  7860   1351519     98160    170112    287029     94325   1093532   2590217  no matrixes
c  N dy  8423   1438027     98160    170112    287086     72026   1093532   1443567  no matrixes
c  N dy  8980   1530126     98160    170112    287141    107855   1093532   3048893  no matrixes
c  N dy  9608   1628388     98160    170112    287194     91278   1093532   2282699  no matrixes
c  N dy 10270   1732380     98160    170112    287242     76356   1093532   1526298  no matrixes
c  N dy 10983   1842983     98160    170112    287281     64045   1093532    899205  no matrixes
c  S st 11344   1905577     98160    170112    287296     63632   1093532    847928  no matrixes
c  S st 11344   1906080     98160    170112    287332     64097   1093532    858755  no matrixes
c x-sub:     0 x-cut:      0 vfix:      0 v-elim:      0 locsubst:     0 time:   0.03
c binary deg approx. time:  0.17 s num checked:   1302 i:    1309 props: 3002k
c Flit:     0 Blit:      6 bXBeca:    0 bXProp:    0 Bins:    321 P: 88.4M T:  4.94
c Time to fill non-learnt binary watchlists: 0.04 s
c subs with bin:        2  lits-rem:         0  v-fix:    0  time:  0.10 s
c Subs w/ non-existent bins:      2 l-rem:      0 v-fix:     0 done:  26814 time:  5.76 s
c Removed useless bin:    2998  fixed:     0  props:  19.91M  time:  1.47 s
c lits-rem:         0  cl-subs:        1  v-elim:      1  v-fix:    0  time:  0.43 s
c Blocked clauses removed:        0    Time: 0.04 s
c lits-rem:       153  cl-subs:     1217  v-elim:      0  v-fix:    0  time:  0.69 s
c asymm  cl-useful: 0/2252/170093 lits-rem:0 time: 1.07
c watched sorting time: 0.02
c  N dy 11344   1906080     98153    170093    284622     62881   1087453    852212  no matrixes
c  N dy 11964   2027782     98153    170093    284657    120190   1087453   3509881  no matrixes
c  N dy 12649   2157234     98153    170093    284691    118713   1087453   3446234  no matrixes
c  N dy 13361   2294993     98153    170093    284719    121468   1087453   3418761  no matrixes
c  N dy 14211   2441515     98153    170093    284748    128991   1087453   3716981  no matrixes
c  N dy 15047   2597389     98153    170093    284769    141722   1087453   4163115  no matrixes
c  N dy 16015   2763481     98153    170093    284793     86202   1087453   1522704  no matrixes
c  S st 16545   2859136     98153    170093    284803    105727   1087453   2360810  no matrixes
c  S st 16545   2859637     98153    170093    284836    106194   1087453   2377486  no matrixes
c x-sub:     0 x-cut:      0 vfix:      0 v-elim:      0 locsubst:     0 time:   0.03
c binary deg approx. time:  0.16 s num checked:   1122 i:    1124 props: 3010k
c Flit:     0 Blit:      0 bXBeca:    0 bXProp:    0 Bins:    600 P: 86.4M T:  4.66
c Time to fill non-learnt binary watchlists: 0.04 s
c subs with bin:        0  lits-rem:         0  v-fix:    0  time:  0.10 s
c Subs w/ non-existent bins:      0 l-rem:      0 v-fix:     0 done:  33717 time:  6.36 s
c Removed useless bin:    2566  fixed:     0  props:  19.91M  time:  1.46 s
c lits-rem:         0  cl-subs:        0  v-elim:      0  v-fix:    0  time:  0.42 s
c lits-rem:       117  cl-subs:     1745  v-elim:      0  v-fix:    0  time:  1.16 s
c asymm  cl-useful: 55/6368/170093 lits-rem:55 time: 1.20
c watched sorting time: 0.02
c  N dy 16545   2859637     98153    170093    282870    104449   1082266   2347916  no matrixes
c  N dy 17658   3042210     98153    170093    282888    131905   1082266   3550718  no matrixes
c  N dy 18756   3236525     98153    170093    282918     86521   1082266   1333784  no matrixes
c  N dy 20059   3443253     98153    170093    282942    127952   1082266   3191340  no matrixes
c  N dy 21393   3663068     98153    170093    282964     92992   1082266   1469232  no matrixes
c  F st 21961   3751562     98153    170093    282983     94489   1082266   1519493  no matrixes
c  N dy 22806   3897249     98153    170093    283007    151769   1082266   4123844  no matrixes
c  N dy 24362   4146058     98153    170093    283029    130772   1082266   3067231  no matrixes
c  S st 25246   4289502     98153    170093    283041    181859   1082266   5556279  no matrixes
c  S st 25246   4290003     98128    170093    283080    182319   1082266   5569064  no matrixes
c x-sub:     0 x-cut:      0 vfix:      0 v-elim:      0 locsubst:     0 time:   0.04
c binary deg approx. time:  0.16 s num checked:   1145 i:    1146 props: 3006k
c Flit:     0 Blit:     59 bXBeca:    0 bXProp:    0 Bins:    716 P: 86.5M T:  5.17
c Time to fill non-learnt binary watchlists: 0.04 s
c subs with bin:        3  lits-rem:         0  v-fix:    0  time:  0.11 s
c Subs w/ non-existent bins:      6 l-rem:      1 v-fix:     0 done:  25351 time:  5.97 s
c Removed useless bin:    1393  fixed:     0  props:  19.91M  time:  1.43 s
c lits-rem:         0  cl-subs:        2  v-elim:     10  v-fix:    0  time:  0.46 s
c lits-rem:        41  cl-subs:     2919  v-elim:      0  v-fix:    0  time:  2.82 s
c asymm  cl-useful: 2/6128/169933 lits-rem:2 time: 1.33
c watched sorting time: 0.02
c  N dy 25246   4290003     98059    169933    281845    179406   1078583   5492465  no matrixes
c  N dy 26890   4563885     98059    169933    281866    171426   1078583   4854267  no matrixes
c  N dy 28651   4855276     98059    169933    281894    171782   1078583   4856179  no matrixes
c  N dy 30578   5165347     98059    169933    281928    181715   1078583   5140005  no matrixes
c  N dy 32384   5495054     98059    169933    281954    202376   1078583   6239498  no matrixes
c  N dy 34286   5846003     98059    169933    281972    127762   1078583   2325991  no matrixes
c  N dy 36230   6219204     98059    169933    282005    170670   1078583   4392830  no matrixes
c  S st 37431   6435916     98059    169933    282023    162468   1078583   3885925  no matrixes
c  S st 37431   6436419     98059    169933    282048    162945   1078583   3900998  no matrixes
c x-sub:     0 x-cut:      0 vfix:      0 v-elim:      0 locsubst:     0 time:   0.04
c binary deg approx. time:  0.16 s num checked:   1255 i:    1257 props: 3006k
c Flit:     0 Blit:      0 bXBeca:    0 bXProp:    0 Bins:    305 P: 88.1M T:  4.55
c Time to fill non-learnt binary watchlists: 0.04 s
c subs with bin:        0  lits-rem:         0  v-fix:    0  time:  0.10 s
c Subs w/ non-existent bins:      1 l-rem:      1 v-fix:     0 done:  43375 time:  6.44 s
c Removed useless bin:    1225  fixed:     0  props:  19.91M  time:  1.58 s
c lits-rem:         0  cl-subs:        0  v-elim:      3  v-fix:    0  time:  0.48 s
c Blocked clauses removed:        0    Time: 0.05 s
c lits-rem:        52  cl-subs:     2572  v-elim:      0  v-fix:    0  time:  1.89 s
c asymm  cl-useful: 0/5791/169936 lits-rem:0 time: 1.13
c watched sorting time: 0.02
c  N dy 37431   6436419     98056    169936    281120    160372   1076133   3856492  no matrixes
c  N dy 39592   6847334     98056    169936    281156    225797   1076133   6912922  no matrixes
c  N dy 41991   7284702     98056    169936    281191    189506   1076133   4992305  no matrixes
c  N dy 44573   7749843     98056    169936    281256    164751   1076133   3588853  no matrixes
c  N dy 47401   8244703     98056    169936    281281    153731   1076133   2990525  no matrixes
c  N dy 50361   8771176     98056    169936    281314    158185   1076133   3101955  no matrixes
c  N dy 53589   9331116     98056    169936    281335    179955   1076133   3901916  no matrixes
c  S st 55471   9654670     98056    169936    281343    228211   1076133   6213612  no matrixes
c  S st 55471   9655172     98056    169936    281370    228684   1076133   6226729  no matrixes
c x-sub:     0 x-cut:      0 vfix:      0 v-elim:      0 locsubst:     0 time:   0.04
c binary deg approx. time:  0.16 s num checked:   1180 i:    1186 props: 3001k
c Flit:     0 Blit:      7 bXBeca:    0 bXProp:    0 Bins:    428 P: 87.1M T:  4.90
c Time to fill non-learnt binary watchlists: 0.04 s
c subs with bin:        1  lits-rem:         0  v-fix:    0  time:  0.11 s
c Subs w/ non-existent bins:      0 l-rem:      0 v-fix:     0 done:  27430 time:  6.14 s
c Removed useless bin:    1843  fixed:     0  props:  19.91M  time:  1.50 s
c lits-rem:         0  cl-subs:        1  v-elim:      2  v-fix:    0  time:  0.48 s
c lits-rem:        64  cl-subs:     3623  v-elim:      0  v-fix:    0  time:  3.42 s
c asymm  cl-useful: 11/8886/169924 lits-rem:11 time: 1.36
c watched sorting time: 0.02
c  N dy 55471   9655172     98047    169924    279919    225060   1072342   6155399  no matrixes
c  N dy 59089  10271502     98047    169924    279964    279117   1072342   8767138  no matrixes
c  N dy 63004  10927415     98047    169924    280001    210452   1072342   5202270  no matrixes
c  N dy 67137  11624943     98047    169924    280058    158325   1072342   2346712  no matrixes
c  N dy 71577  12366980     98047    169924    280094    281565   1072342   8356703  no matrixes
c  F st 76229  13130467     98047    169924    280125    250143   1072342   6601360  no matrixes
c  N dy 76362  13156384     98047    169924    280127    275863   1072342   8108353  no matrixes
c  N dy 81533  13996426     98047    169924    280170    295953   1072342   8753940  no matrixes
c  S st 84289  14482844     98047    169924    280200    278329   1072342   7652560  no matrixes
c  S st 84289  14483345     98047    169924    280225    278804   1072342   7672046  no matrixes
c x-sub:     0 x-cut:      0 vfix:      0 v-elim:      0 locsubst:     0 time:   0.05
c binary deg approx. time:  0.15 s num checked:   1097 i:    1101 props: 3004k
c Flit:    10 Blit:      0 bXBeca:    0 bXProp:    1 Bins:     36 P: 86.7M T:  3.61
c Replacing        1 vars Replaced        9 lits Time:     0.10 s 
c Time to fill non-learnt binary watchlists: 0.15 s
c subs with bin:       11  lits-rem:         0  v-fix:    0  time:  0.10 s
c Subs w/ non-existent bins:      5 l-rem:      4 v-fix:     1 done:  25168 time:  6.22 s
c Removed useless bin:     196  fixed:     0  props:  19.91M  time:  1.25 s
c lits-rem:         0  cl-subs:        2  v-elim:      9  v-fix:    0  time:  0.51 s
c lits-rem:        30  cl-subs:     4574  v-elim:      0  v-fix:    0  time:  4.74 s
c asymm  cl-useful: 4/8084/169854 lits-rem:4 time: 1.39
c watched sorting time: 0.02
c  N dy 84289  14483345     98013    169854    279951    274229   1071577   7589465  no matrixes
c  N dy 89201  15407898     98013    169854    279998    338359   1071577  10791574  no matrixes
c  N dy 94142  16391406     98013    169854    280045    257444   1071577   6438654  no matrixes
c  N dy 99707  17437815     98013    169854    280092    203214   1071577   3373898  no matrixes
c  N dy105915  18550923     98013    169854    280127    370282   1071577  12112020  no matrixes
c  N dy112361  19735036     98013    169854    280172    387175   1071577  12560884  no matrixes
c  N dy119334  20994790     98013    169854    280214    240945   1071577   4620243  no matrixes
c  S st123505  21725042     98013    169854    280232    352441   1071577  10278183  no matrixes
c  S st123505  21725543     98013    169854    280260    352912   1071577  10287120  no matrixes
c x-sub:     0 x-cut:      0 vfix:      0 v-elim:      0 locsubst:     0 time:   0.06
c binary deg approx. time:  0.14 s num checked:   1006 i:    1011 props: 3003k
c Flit:     0 Blit:      0 bXBeca:    0 bXProp:    0 Bins:    269 P: 88.0M T:  5.01
c Time to fill non-learnt binary watchlists: 0.04 s
c subs with bin:        0  lits-rem:         0  v-fix:    0  time:  0.11 s
c Subs w/ non-existent bins:      0 l-rem:      0 v-fix:     9 done:  18005 time:  5.26 s
c Removed useless bin:    1099  fixed:     0  props:  19.91M  time:  1.40 s
c lits-rem:         0  cl-subs:        4  v-elim:      3  v-fix:    0  time:  0.61 s
c Blocked clauses removed:        0    Time: 0.05 s
c lits-rem:       109  cl-subs:     5664  v-elim:      0  v-fix:    0  time:  7.61 s
c asymm  cl-useful: 2/6569/169841 lits-rem:2 time: 1.57
c watched sorting time: 0.03
c  N dy123505  21725543     98001    169841    279389    347248   1069264  10189150  no matrixes
c  N dy131451  23112524     98001    169841    279446    257988   1069264   5213808  no matrixes
c  N dy140046  24587834     98001    169841    279503    427198   1069264  14180608  no matrixes
c  N dy149333  26157314     98001    169841    279541    428559   1069264  14050716  no matrixes
