c This is CryptoMiniSat 2.7.1
c WARNING: for repeatability, setting FPU to use double precision
c Reading file 'pb_300_02.cnf'
c -- header says num vars:         385845
c -- header says num clauses:     1208470
c -- clauses added:            0 learnts,      1208470 normals,            0 xors
c -- vars added     385845
c Parsing time:  0.48 s
c Ouptutting solution to console
c asymm  cl-useful: 6/4126/170998 lits-rem:6 time: 0.94
c Time to fill non-learnt binary watchlists: 0.06 s
c subs with bin:        0  lits-rem:         0  v-fix:    0  time:  0.08 s
c Subs w/ non-existent bins:      0 l-rem:      0 v-fix:     0 done:   3102 time:  2.26 s
c lits-rem:         0  cl-subs:   189311  v-elim: 121360  v-fix:    0  time:  0.81 s
c Finding binary XORs:         0.10 s (found:      12, avg size: 2.0)
c Replacing       12 vars Replaced      224 lits Time:     0.01 s 
c Finding non-binary XORs:     0.05 s (found:       0, avg size: -nan)
c watched sorting time: 0.01
c Calc default polars -  time:   0.01 s pos:   10733 undec:  358678 neg:   16434
c =========================================================================================
c types(t): F = full restart, N = normal restart
c types(t): S = simplification begin/end, E = solution found
c restart types(rt): st = static, dy = dynamic
c  t rt  Rest     Confl      Vars   NormCls    BinCls   Learnts    ClLits    LtLits
c  B st     0         0     96426    166244    299789         0   1125210         0  no matrixes
c Finding binary XORs:         0.04 s (found:       0, avg size: -nan)
c  N dy    11      4265     96426    166244    299867      4150   1125210    500721  no matrixes
c  N dy    19      8297     96426    166244    299876      8142   1125210    987166  no matrixes
c  N dy    37     12518     96426    166244    299925     12288   1125210   1376895  no matrixes
c  N dy    51     16553     96426    166244    299952     16268   1125210   1738410  no matrixes
c  N dy    69     20613     96426    166244    299977     10460   1125210    543734  no matrixes
c  N dy    85     24720     96426    166244    300017     14506   1125210    975127  no matrixes
c  F st    86     25000     96426    166244    300019     14784   1125210   1012901  no matrixes
c  N dy    92     30194     96426    166244    300043     19902   1125210   1590541  no matrixes
c  S st    92     30194     96426    166244    300043     19902   1125210   1590541  no matrixes
c  S st    92     30695     96426    166244    300120     20326   1125210   1602727  no matrixes
c x-sub:     0 x-cut:      0 vfix:      0 v-elim:      0 locsubst:     0 time:   0.02
c binary deg approx. time:  0.16 s num checked:   1220 i:    1224 props: 3000k
c Flit:     0 Blit:     48 bXBeca:    0 bXProp:  179 Bins:    757 P: 94.3M T:  4.82
c Replacing      179 vars Replaced    24415 lits Time:     0.08 s 
c Time to fill non-learnt binary watchlists: 0.12 s
c subs with bin:       24  lits-rem:         0  v-fix:    0  time:  0.08 s
c Subs w/ non-existent bins:     22 l-rem:      1 v-fix:     0 done:  24594 time:  3.54 s
c Removed useless bin:    2971  fixed:     0  props:  19.91M  time:  0.93 s
c lits-rem:         0  cl-subs:      537  v-elim:     12  v-fix:    0  time:  0.48 s
c lits-rem:       259  cl-subs:      414  v-elim:      0  v-fix:    0  time:  0.76 s
c asymm  cl-useful: 37/8460/166143 lits-rem:37 time: 0.88
c watched sorting time: 0.01
c  N dy    92     30695     96187    166143    296979     19808   1117462   1572513  no matrixes
c  N dy   108     35204     96187    166143    296996     24278   1117462   2078354  no matrixes
c  N dy   122     39363     96187    166143    297010     28395   1117462   2469038  no matrixes
c  N dy   139     44078     96187    166143    297028     17859   1117462    982621  no matrixes
c  S st   141     46369     96187    166143    297037     20126   1117462   1253121  no matrixes
c  S st   141     46872     95989    166143    297133     20529   1117462   1264564  no matrixes
c x-sub:     0 x-cut:      0 vfix:      0 v-elim:      0 locsubst:     0 time:   0.02
c binary deg approx. time:  0.16 s num checked:   1169 i:    1171 props: 3001k
c Flit:    18 Blit:     81 bXBeca:    0 bXProp:    0 Bins:     59 P: 86.5M T:  3.05
c Time to fill non-learnt binary watchlists: 0.04 s
c subs with bin:        2  lits-rem:         0  v-fix:    0  time:  0.09 s
c Subs w/ non-existent bins:      6 l-rem:      2 v-fix:    33 done:  31559 time:  3.74 s
c Removed useless bin:    2597  fixed:     0  props:  19.90M  time:  0.93 s
c lits-rem:         0  cl-subs:        2  v-elim:     36  v-fix:    0  time:  0.37 s
c Blocked clauses removed:        0    Time: 0.02 s
c lits-rem:        40  cl-subs:      244  v-elim:      0  v-fix:    0  time:  0.66 s
c asymm  cl-useful: 1/7485/165484 lits-rem:1 time: 0.99
c watched sorting time: 0.01
c  N dy   141     46872     95780    165484    293277     20250   1107783   1249655  no matrixes
c  N dy   157     51705     95780    165484    293301     25038   1107783   1733745  no matrixes
c  N dy   165     56711     95780    165484    293317     29988   1107783   2178957  no matrixes
c  N dy   183     60716     95780    165484    293330     33970   1107783   2579179  no matrixes
c  N dy   197     65329     95780    165484    293357     20097   1107783    859574  no matrixes
c  N dy   215     70207     95780    165484    293384     24922   1107783   1308077  no matrixes
c  S st   216     70608     95780    165484    293384     25321   1107783   1368139  no matrixes
c  S st   216     71109     95780    165484    293428     25777   1107783   1383521  no matrixes
c x-sub:     0 x-cut:      0 vfix:      0 v-elim:      0 locsubst:     0 time:   0.02
c binary deg approx. time:  0.16 s num checked:   1205 i:    1211 props: 3016k
c Flit:    17 Blit:    105 bXBeca:    0 bXProp:    0 Bins:     50 P: 89.0M T:  3.30
c Cleaning up after failed var search:     0.00 s 
c Time to fill non-learnt binary watchlists: 0.04 s
c subs with bin:        0  lits-rem:         0  v-fix:    0  time:  0.09 s
c Subs w/ non-existent bins:      6 l-rem:      1 v-fix:     0 done:  26093 time:  3.76 s
c Removed useless bin:    8134  fixed:     0  props:  19.90M  time:  1.25 s
c lits-rem:         0  cl-subs:        1  v-elim:     23  v-fix:    0  time:  0.35 s
c lits-rem:        46  cl-subs:      351  v-elim:      0  v-fix:    0  time:  0.69 s
c asymm  cl-useful: 16/9518/165157 lits-rem:16 time: 0.97
c watched sorting time: 0.01
c  N dy   216     71109     95572    165157    284687     25418   1089209   1368529  no matrixes
c  N dy   233     76147     95572    165157    284703     30401   1089209   1860268  no matrixes
c  N dy   257     81015     95572    165157    284724     35234   1089209   2292928  no matrixes
c  N dy   275     86221     95572    165157    284742     40393   1089209   2766525  no matrixes
c  F st   281     87500     95572    165157    284747     21084   1089209    757429  no matrixes
c  N dy   287     92694     95572    165157    284757     26246   1089209   1334936  no matrixes
c  N dy   300     98757     95572    165157    284780     32247   1089209   1938392  no matrixes
c  N dy   331    105128     95572    165157    284821     38551   1089209   2526875  no matrixes
c  S st   336    107707     95572    165157    284822     41110   1089209   2819262  no matrixes
c  S st   336    108211     95566    165157    284877     41555   1089209   2833441  no matrixes
c x-sub:     0 x-cut:      0 vfix:      0 v-elim:      0 locsubst:     0 time:   0.02
c binary deg approx. time:  0.16 s num checked:   1110 i:    1116 props: 3002k
c Flit:     0 Blit:      0 bXBeca:    0 bXProp:   77 Bins:    376 P: 87.0M T:  4.62
c Replacing       77 vars Replaced    13562 lits Time:     0.10 s 
c Time to fill non-learnt binary watchlists: 0.14 s
c subs with bin:        6  lits-rem:         0  v-fix:    0  time:  0.09 s
c Subs w/ non-existent bins:     12 l-rem:      5 v-fix:     3 done:  36639 time:  4.48 s
c Removed useless bin:     182  fixed:     0  props:  19.91M  time:  0.91 s
c lits-rem:         0  cl-subs:      235  v-elim:      8  v-fix:    0  time:  0.39 s
c lits-rem:        41  cl-subs:      617  v-elim:      0  v-fix:    0  time:  1.10 s
c asymm  cl-useful: 2/6234/165118 lits-rem:2 time: 1.01
c watched sorting time: 0.01
c  N dy   336    108211     95477    165118    284705     40911   1088195   2789215  no matrixes
c  N dy   363    115694     95477    165118    284735     26192   1088195   1140983  no matrixes
c  N dy   392    123386     95477    165118    284768     33817   1088195   1794462  no matrixes
c  N dy   416    131283     95477    165118    284792     41645   1088195   2602957  no matrixes
c  N dy   446    140243     95477    165118    284833     27067   1088195    969439  no matrixes
c  N dy   478    149281     95477    165118    284877     36009   1088195   1817373  no matrixes
c  N dy   527    159022     95477    165118    284927     45663   1088195   2610584  no matrixes
c  S st   545    162719     95477    165118    284946     24724   1088195    707469  no matrixes
c  S st   545    163220     95449    165118    284984     25186   1088195    717379  no matrixes
c x-sub:     0 x-cut:      0 vfix:      0 v-elim:      0 locsubst:     0 time:   0.02
c binary deg approx. time:  0.16 s num checked:   1166 i:    1170 props: 3003k
c Flit:     0 Blit:     26 bXBeca:    0 bXProp:   27 Bins:    426 P: 90.9M T:  4.52
c Replacing       27 vars Replaced     1752 lits Time:     0.03 s 
c Time to fill non-learnt binary watchlists: 0.07 s
c subs with bin:        0  lits-rem:         0  v-fix:    0  time:  0.09 s
c Subs w/ non-existent bins:     10 l-rem:      2 v-fix:     3 done:  31783 time:  4.11 s
c Removed useless bin:    5209  fixed:     0  props:  19.91M  time:  1.34 s
c lits-rem:         0  cl-subs:       81  v-elim:      9  v-fix:    0  time:  0.39 s
c Blocked clauses removed:        0    Time: 0.02 s
c lits-rem:        68  cl-subs:      450  v-elim:      0  v-fix:    0  time:  0.55 s
c asymm  cl-useful: 28/10848/165017 lits-rem:28 time: 1.08
c watched sorting time: 0.02
c  N dy   545    163220     95384    165017    279825     24701   1076863    712229  no matrixes
c  N dy   592    173794     95384    165017    279864     35177   1076863   1670474  no matrixes
c  N dy   634    184891     95384    165017    279900     46185   1076863   2740238  no matrixes
c  N dy   695    196734     95384    165017    279949     32288   1076863   1348439  no matrixes
c  N dy   730    209988     95384    165017    279995     45390   1076863   2514861  no matrixes
c  N dy   793    223545     95384    165017    280046     32151   1076863   1140735  no matrixes
c  N dy   856    237993     95384    165017    280107     46467   1076863   2421435  no matrixes
c  S st   875    244910     95384    165017    280131     53345   1076863   3021930  no matrixes
c  S st   875    245414     95373    165017    280161     53816   1076863   3035320  no matrixes
c x-sub:     0 x-cut:      0 vfix:      0 v-elim:      0 locsubst:     0 time:   0.03
c binary deg approx. time:  0.16 s num checked:   1151 i:    1156 props: 3012k
c Flit:     3 Blit:      2 bXBeca:    0 bXProp:    0 Bins:     16 P: 86.5M T:  3.29
c Time to fill non-learnt binary watchlists: 0.04 s
c subs with bin:       12  lits-rem:         0  v-fix:    0  time:  0.10 s
c Subs w/ non-existent bins:      5 l-rem:      2 v-fix:     2 done:  33047 time:  4.97 s
c Removed useless bin:     187  fixed:     0  props:  19.93M  time:  1.13 s
c lits-rem:         0  cl-subs:        4  v-elim:     13  v-fix:    0  time:  0.39 s
c lits-rem:        66  cl-subs:      961  v-elim:      0  v-fix:    0  time:  1.18 s
c asymm  cl-useful: 14/3622/164959 lits-rem:14 time: 0.99
c watched sorting time: 0.01
c  N dy   875    245414     95352    164959    279881     52851   1076193   2991672  no matrixes
c  N dy   942    261341     95352    164959    279934     40951   1076193   1650421  no matrixes
c  N dy  1007    278624     95352    164959    279985     29351   1076193    678090  no matrixes
c  N dy  1086    296434     95352    164959    280059     47007   1076193   2112015  no matrixes
c  F st  1108    306250     95352    164959    280086     56755   1076193   2956768  no matrixes
c  N dy  1128    316479     95352    164959    280106     37163   1076193   1333591  no matrixes
c  N dy  1215    336792     95352    164959    280173     57319   1076193   3050766  no matrixes
c  N dy  1312    358321     95352    164959    280242     47907   1076193   2116549  no matrixes
c  S st  1357    368140     95352    164959    280266     57658   1076193   2925270  no matrixes
c  S st  1357    368645     95352    164959    280293     58135   1076193   2942352  no matrixes
c x-sub:     0 x-cut:      0 vfix:      0 v-elim:      0 locsubst:     0 time:   0.03
c binary deg approx. time:  0.16 s num checked:   1112 i:    1114 props: 3000k
c Flit:    17 Blit:     34 bXBeca:    0 bXProp:    0 Bins:    114 P: 86.6M T:  3.43
c Time to fill non-learnt binary watchlists: 0.04 s
c subs with bin:       11  lits-rem:         0  v-fix:    0  time:  0.10 s
c Subs w/ non-existent bins:      9 l-rem:      1 v-fix:     4 done:  28799 time:  4.63 s
c Removed useless bin:     160  fixed:     0  props:  19.91M  time:  0.98 s
c lits-rem:         0  cl-subs:        2  v-elim:     17  v-fix:    0  time:  0.40 s
c lits-rem:       157  cl-subs:     1187  v-elim:      0  v-fix:    0  time:  1.23 s
c asymm  cl-useful: 89/9559/164830 lits-rem:89 time: 1.36
c watched sorting time: 0.02
c  N dy  1357    368645     95263    164830    279949     56943   1074869   2907161  no matrixes
c  N dy  1468    392280     95263    164830    280007     48695   1074869   2015941  no matrixes
c  N dy  1582    417453     95263    164830    280073     40948   1074869   1387211  no matrixes
c  N dy  1698    444691     95263    164830    280132     34261   1074869    762631  no matrixes
c  N dy  1810    473351     95263    164830    280205     62728   1074869   2975997  no matrixes
c  N dy  1961    503691     95263    164830    280286     58068   1074869   2621424  no matrixes
c  N dy  2120    536593     95263    164830    280354     54999   1074869   2292277  no matrixes
c  S st  2196    553125     95263    164830    280385     71436   1074869   3662652  no matrixes
c  S st  2196    553628     95260    164830    280413     71908   1074869   3681290  no matrixes
c x-sub:     0 x-cut:      0 vfix:      0 v-elim:      0 locsubst:     0 time:   0.03
c binary deg approx. time:  0.16 s num checked:   1129 i:    1133 props: 3000k
c Flit:     1 Blit:      2 bXBeca:    0 bXProp:    0 Bins:     68 P: 86.8M T:  3.57
c Time to fill non-learnt binary watchlists: 0.04 s
c subs with bin:       14  lits-rem:         0  v-fix:    0  time:  0.10 s
c Subs w/ non-existent bins:      6 l-rem:      3 v-fix:     9 done:  30157 time:  5.02 s
c Removed useless bin:    3411  fixed:     0  props:  19.91M  time:  1.36 s
c lits-rem:         0  cl-subs:       42  v-elim:     33  v-fix:    0  time:  0.44 s
c Blocked clauses removed:        0    Time: 0.03 s
c lits-rem:       177  cl-subs:     1390  v-elim:      0  v-fix:    0  time:  1.54 s
c asymm  cl-useful: 35/9671/164801 lits-rem:35 time: 1.13
c watched sorting time: 0.02
c  N dy  2196    553628     95212    164801    276898     70513   1067714   3638552  no matrixes
c  N dy  2379    590358     95212    164801    276968     70298   1067714   3413887  no matrixes
c  N dy  2545    628229     95212    164801    277032     70174   1067714   3394175  no matrixes
c  N dy  2702    668416     95212    164801    277078     71404   1067714   3583130  no matrixes
c  N dy  2904    711128     95212    164801    277170     74076   1067714   3594028  no matrixes
c  N dy  3109    756599     95212    164801    277237     78533   1067714   3950585  no matrixes
c  N dy  3357    805160     95212    164801    277329     85051   1067714   4534552  no matrixes
c  S st  3465    830704     95212    164801    277369     67687   1067714   2891114  no matrixes
c  S st  3465    831210     95212    164801    277402     68160   1067714   2905234  no matrixes
c x-sub:     0 x-cut:      0 vfix:      0 v-elim:      0 locsubst:     0 time:   0.02
c binary deg approx. time:  0.16 s num checked:   1286 i:    1292 props: 3000k
c Flit:     0 Blit:     36 bXBeca:    0 bXProp:   14 Bins:    423 P: 90.0M T:  4.70
c Replacing       14 vars Replaced     2683 lits Time:     0.06 s 
c Time to fill non-learnt binary watchlists: 0.10 s
c subs with bin:       18  lits-rem:         0  v-fix:    0  time:  0.09 s
c Subs w/ non-existent bins:      1 l-rem:      0 v-fix:     0 done:  13458 time:  3.83 s
c Removed useless bin:    1695  fixed:     0  props:  19.91M  time:  1.03 s
c lits-rem:         0  cl-subs:       43  v-elim:     16  v-fix:    0  time:  0.40 s
c lits-rem:       222  cl-subs:     1237  v-elim:      0  v-fix:    0  time:  1.18 s
c asymm  cl-useful: 16/2717/164740 lits-rem:16 time: 1.15
c watched sorting time: 0.02
c  N dy  3465    831210     95146    164740    275864     66922   1063776   2874446  no matrixes
c  N dy  3714    884532     95146    164740    275922     76228   1063776   3532169  no matrixes
c  N dy  3962    941542     95146    164740    275970     88253   1063776   4495660  no matrixes
c  N dy  4233   1001668     95146    164740    276023     55545   1063776   1652298  no matrixes
c  N dy  4529   1067810     95146    164740    276110     73574   1063776   2965661  no matrixes
c  F st  4550   1071875     95146    164740    276115     77620   1063776   3292477  no matrixes
c  N dy  4819   1136041     95146    164740    276168     92733   1063776   4565787  no matrixes
c  N dy  5134   1209129     95146    164740    276236     64954   1063776   1988542  no matrixes
c  S st  5338   1246820     95146    164740    276270    102444   1063776   5205689  no matrixes
c  S st  5338   1247320     95146    164740    276283    102931   1063776   5230720  no matrixes
c x-sub:     0 x-cut:      0 vfix:      0 v-elim:      0 locsubst:     0 time:   0.03
c binary deg approx. time:  0.16 s num checked:   1158 i:    1161 props: 3000k
c Flit:     0 Blit:      0 bXBeca:    0 bXProp:    0 Bins:    283 P: 86.8M T:  4.40
c Time to fill non-learnt binary watchlists: 0.04 s
c subs with bin:        0  lits-rem:         0  v-fix:    0  time:  0.09 s
c Subs w/ non-existent bins:      5 l-rem:      4 v-fix:     5 done:  15095 time:  3.85 s
c Removed useless bin:    1791  fixed:     0  props:  19.91M  time:  1.42 s
c lits-rem:         0  cl-subs:       10  v-elim:      4  v-fix:    0  time:  0.43 s
c lits-rem:        33  cl-subs:     1740  v-elim:      0  v-fix:    0  time:  2.14 s
c asymm  cl-useful: 14/7690/164707 lits-rem:14 time: 1.10
c watched sorting time: 0.02
c  N dy  5338   1247320     95137    164707    274756    101191   1060069   5166913  no matrixes
c  N dy  5740   1327041     95137    164707    274820     76050   1060069   2837191  no matrixes
c  N dy  6131   1411788     95137    164707    274900    106644   1060069   5026064  no matrixes
c  N dy  6565   1502218     95137    164707    274968     86237   1060069   3344898  no matrixes
c  N dy  7068   1598165     95137    164707    275025     67249   1060069   1809313  no matrixes
c  N dy  7570   1700204     95137    164707    275084    110100   1060069   5078000  no matrixes
c  N dy  8118   1808841     95137    164707    275140     97808   1060069   3832967  no matrixes
c  S st  8401   1870996     95137    164707    275176     97927   1060069   3838141  no matrixes
c  S st  8401   1871499     95122    164707    275193     98411   1060069   3854390  no matrixes
c x-sub:     0 x-cut:      0 vfix:      0 v-elim:      0 locsubst:     0 time:   0.03
c binary deg approx. time:  0.16 s num checked:   1147 i:    1153 props: 3001k
c Flit:    40 Blit:     12 bXBeca:    0 bXProp:    7 Bins:    129 P: 86.6M T:  3.98
c Replacing        7 vars Replaced       78 lits Time:     0.06 s 
c Time to fill non-learnt binary watchlists: 0.10 s
c subs with bin:       19  lits-rem:         6  v-fix:    0  time:  0.10 s
c Subs w/ non-existent bins:      9 l-rem:      6 v-fix:     8 done:  20003 time:  5.12 s
c Removed useless bin:    3333  fixed:     0  props:  19.91M  time:  1.54 s
c lits-rem:         1  cl-subs:       16  v-elim:     29  v-fix:    0  time:  0.47 s
c Blocked clauses removed:        0    Time: 0.04 s
c lits-rem:        44  cl-subs:     1692  v-elim:      0  v-fix:    0  time:  1.57 s
c asymm  cl-useful: 7/3902/164507 lits-rem:7 time: 1.13
c watched sorting time: 0.02
c  N dy  8401   1871499     95004    164507    271567     96689   1052036   3806506  no matrixes
c  N dy  8951   1991071     95004    164507    271625     89318   1052036   2959934  no matrixes
c  N dy  9610   2118740     95004    164507    271677     86076   1052036   2742652  no matrixes
c  N dy 10269   2254217     95004    164507    271744     86556   1052036   2618166  no matrixes
c  N dy 10953   2398306     95004    164507    271830     91612   1052036   2848143  no matrixes
c  N dy 11735   2551502     95004    164507    271886    101756   1052036   3546058  no matrixes
c  N dy 12581   2714414     95004    164507    271952    117613   1052036   4449859  no matrixes
c  S st 12999   2807275     95004    164507    271988    135351   1052036   5370236  no matrixes
c  S st 12999   2807776     95004    164507    271999    135841   1052036   5386546  no matrixes
c x-sub:     0 x-cut:      0 vfix:      0 v-elim:      0 locsubst:     0 time:   0.03
c binary deg approx. time:  0.16 s num checked:   1079 i:    1081 props: 3004k
c Flit:     0 Blit:      8 bXBeca:    0 bXProp:    1 Bins:    477 P: 89.3M T:  5.12
c Replacing        1 vars Replaced       42 lits Time:     0.07 s 
c Time to fill non-learnt binary watchlists: 0.11 s
c subs with bin:       16  lits-rem:         0  v-fix:    0  time:  0.10 s
c Subs w/ non-existent bins:      3 l-rem:      1 v-fix:     0 done:  34651 time:  5.20 s
c Removed useless bin:    3347  fixed:     0  props:  19.91M  time:  1.54 s
c lits-rem:         0  cl-subs:        3  v-elim:      7  v-fix:    0  time:  0.42 s
c lits-rem:        12  cl-subs:     2424  v-elim:      0  v-fix:    0  time:  2.32 s
c asymm  cl-useful: 0/4285/164486 lits-rem:0 time: 1.03
c watched sorting time: 0.02
c  N dy 12999   2807776     94988    164486    269077    133406   1045192   5311885  no matrixes
c  N dy 13973   2987086     94988    164486    269131     82008   1045192   1623997  no matrixes
c  N dy 15008   3178340     94988    164486    269200    114135   1045192   3861910  no matrixes
c  N dy 16054   3381301     94988    164486    269271    153887   1045192   6658454  no matrixes
c  N dy 17184   3597133     94988    164486    269354    117871   1045192   3905248  no matrixes
c  F st 17992   3751563     94988    164486    269416     99449   1045192   2368626  no matrixes
c  N dy 18389   3826751     94988    164486    269430    174300   1045192   8211832  no matrixes
c  N dy 19646   4072011     94988    164486    269510    152644   1045192   6106943  no matrixes
c  S st 20349   4211744     94988    164486    269559    109557   1045192   2801593  no matrixes
c  S st 20349   4212246     94988    164486    269591    110026   1045192   2815587  no matrixes
c x-sub:     0 x-cut:      0 vfix:      0 v-elim:      0 locsubst:     0 time:   0.04
c binary deg approx. time:  0.17 s num checked:   1150 i:    1155 props: 3004k
c Flit:    22 Blit:      1 bXBeca:    0 bXProp:    0 Bins:    188 P: 86.7M T:  4.46
c Replacing        3 vars Replaced       23 lits Time:     0.05 s 
c Time to fill non-learnt binary watchlists: 0.10 s
c subs with bin:       23  lits-rem:         0  v-fix:    0  time:  0.10 s
c Subs w/ non-existent bins:     12 l-rem:      0 v-fix:     3 done:  32977 time:  5.97 s
c Removed useless bin:    2370  fixed:     0  props:  19.91M  time:  1.63 s
c lits-rem:         0  cl-subs:        8  v-elim:     19  v-fix:    0  time:  0.43 s
c lits-rem:       137  cl-subs:     2017  v-elim:      0  v-fix:    0  time:  1.33 s
c asymm  cl-useful: 0/10425/164419 lits-rem:0 time: 1.38
c watched sorting time: 0.02
c  N dy 20349   4212246     94937    164419    267245    107984   1040000   2788499  no matrixes
c  N dy 21723   4481169     94937    164419    267321     95026   1040000   1554207  no matrixes
c  N dy 22927   4767424     94937    164419    267398    187774   1040000   8465402  no matrixes
c  N dy 24251   5071815     94937    164419    267492    195135   1040000   8524503  no matrixes
c  N dy 25730   5395642     94937    164419    267561    109394   1040000   2030262  no matrixes
c  N dy 27264   5740084     94937    164419    267628    135736   1040000   3792779  no matrixes
c  N dy 28888   6106565     94937    164419    267716    175025   1040000   6602793  no matrixes
c  S st 29720   6319041     94937    164419    267762    164512   1040000   5552264  no matrixes
c  S st 29720   6319544     94935    164419    267773    165002   1040000   5569622  no matrixes
c x-sub:     0 x-cut:      0 vfix:      0 v-elim:      0 locsubst:     0 time:   0.04
c binary deg approx. time:  0.16 s num checked:   1166 i:    1170 props: 3003k
c Flit:    13 Blit:      5 bXBeca:    0 bXProp:    0 Bins:    126 P: 86.4M T:  3.63
c Time to fill non-learnt binary watchlists: 0.04 s
c subs with bin:       19  lits-rem:         0  v-fix:    0  time:  0.10 s
c Subs w/ non-existent bins:      9 l-rem:      4 v-fix:     0 done:  42142 time:  6.61 s
c Removed useless bin:    1474  fixed:     0  props:  19.91M  time:  1.52 s
c lits-rem:         0  cl-subs:        5  v-elim:     20  v-fix:    0  time:  0.49 s
c Blocked clauses removed:        0    Time: 0.04 s
c lits-rem:       216  cl-subs:     2932  v-elim:      0  v-fix:    0  time:  2.66 s
c Blocked clauses removed:        0    Time: 0.00 s
c asymm  cl-useful: 17/8730/164300 lits-rem:17 time: 1.28
c watched sorting time: 0.02
c  N dy 29720   6319544     94859    164300    266150    162063   1036191   5505407  no matrixes
c  N dy 31594   6722919     94859    164300    266207    223217   1036191   9963405  no matrixes
c  N dy 33575   7152117     94859    164300    266273    182636   1036191   6550361  no matrixes
c  N dy 35636   7610345     94859    164300    266333    154947   1036191   4384055  no matrixes
c  N dy 37964   8096132     94848    164300    266408    138801   1036191   2886150  no matrixes
c  N dy 40403   8612990     94848    164300    266484    137707   1036191   2529549  no matrixes
c  N dy 43035   9162847     94848    164300    266550    153520   1036191   3506782  no matrixes
c  S st 44647   9479404     94848    164300    266589    196855   1036191   6616959  no matrixes
c  S st 44647   9479911     94823    164300    266607    197342   1036191   6629542  no matrixes
c x-sub:     0 x-cut:      0 vfix:      0 v-elim:      0 locsubst:     0 time:   0.04
c binary deg approx. time:  0.15 s num checked:   1153 i:    1163 props: 3006k
c Flit:     0 Blit:    198 bXBeca:    0 bXProp:    1 Bins:    357 P: 86.4M T:  5.21
c Cleaning up after failed var search:     0.00 s 
c Replacing        1 vars Replaced      276 lits Time:     0.08 s 
c Time to fill non-learnt binary watchlists: 0.13 s
c subs with bin:       11  lits-rem:         0  v-fix:    0  time:  0.10 s
c Subs w/ non-existent bins:      8 l-rem:      1 v-fix:     2 done:  27855 time:  5.63 s
c Removed useless bin:    1333  fixed:     0  props:  19.91M  time:  1.38 s
c lits-rem:         0  cl-subs:        5  v-elim:     18  v-fix:    0  time:  0.48 s
c lits-rem:       124  cl-subs:     3515  v-elim:      0  v-fix:    0  time:  3.34 s
c asymm  cl-useful: 2/7398/163852 lits-rem:2 time: 1.22
c watched sorting time: 0.02
c  N dy 44647   9479911     94604    163852    264512    193544   1030658   6543082  no matrixes
c  N dy 47734  10085182     94604    163852    264581    240921   1030658   9544220  no matrixes
c  N dy 51030  10729806     94578    163852    264642    165886   1030658   3727351  no matrixes
c  N dy 54501  11415347     94577    163852    264730    256929   1030658  10517722  no matrixes
c  N dy 58166  12144073     94577    163852    264789    220851   1030658   7468944  no matrixes
c  N dy 62054  12919422     94577    163852    264860    206240   1030658   6004654  no matrixes
c  F st 63212  13130467     94577    163852    264878    255996   1030658   9894077  no matrixes
c  N dy 66245  13744204     94577    163785    264655    215932   1030365   6536534  no matrixes
c  S st 68794  14220368     94577    163785    264702    191264   1030365   4476968  no matrixes
c  S st 68794  14220868     94577    163785    264713    191753   1030365   4496380  no matrixes
c x-sub:     0 x-cut:      0 vfix:      0 v-elim:      0 locsubst:     0 time:   0.04
c binary deg approx. time:  0.16 s num checked:   1106 i:    1107 props: 3000k
c Flit:     0 Blit:      6 bXBeca:    0 bXProp:    0 Bins:    485 P: 86.4M T:  5.28
c Time to fill non-learnt binary watchlists: 0.04 s
c subs with bin:       12  lits-rem:         0  v-fix:    0  time:  0.10 s
c Subs w/ non-existent bins:      6 l-rem:     19 v-fix:     0 done:  11700 time:  4.40 s
c Removed useless bin:      22  fixed:     0  props:  19.93M  time:  1.18 s
c lits-rem:         0  cl-subs:        2  v-elim:     11  v-fix:    0  time:  0.45 s
c lits-rem:       102  cl-subs:     4118  v-elim:      0  v-fix:    0  time:  2.29 s
c asymm  cl-useful: 112/9197/163739 lits-rem:112 time: 1.34
c watched sorting time: 0.02
c  N dy 68794  14220868     94560    163739    265012    187388   1030005   4432088  no matrixes
c  N dy 73718  15128674     94560    163739    265093    240226   1030005   7805178  no matrixes
c  N dy 78933  16094376     94549    163739    265178    325474   1030005  14089365  no matrixes
c  N dy 84592  17121743     94549    163739    265267    264166   1030005   9209490  no matrixes
c  N dy 90833  18215914     94549    163739    265334    233573   1030005   6609090  no matrixes
c  N dy 97683  19378635     94549    163739    265420    235190   1030005   6286894  no matrixes
c  N dy104500  20615570     94549    163739    265478    274816   1030005   9153796  no matrixes
c  S st108105  21331473     94549    163739    265502    378104   1030005  17091574  no matrixes
c  S st108105  21331978     94549    163739    265504    378607   1030005  17114208  no matrixes
c x-sub:     0 x-cut:      0 vfix:      0 v-elim:      0 locsubst:     0 time:   0.06
c binary deg approx. time:  0.15 s num checked:    989 i:     993 props: 3000k
c Flit:     0 Blit:     24 bXBeca:    0 bXProp:    0 Bins:    554 P: 90.0M T:  5.32
c Time to fill non-learnt binary watchlists: 0.04 s
c subs with bin:        6  lits-rem:         0  v-fix:    0  time:  0.11 s
c Subs w/ non-existent bins:      9 l-rem:      2 v-fix:    38 done:  25803 time:  5.82 s
c Removed useless bin:    1239  fixed:     0  props:  19.92M  time:  1.55 s
c lits-rem:         0  cl-subs:        6  v-elim:     19  v-fix:    0  time:  0.65 s
c Blocked clauses removed:        0    Time: 0.05 s
c lits-rem:         6  cl-subs:     8170  v-elim:      0  v-fix:    0  time: 13.50 s
c Blocked clauses removed:        0    Time: 0.00 s
c asymm  cl-useful: 15/8593/163511 lits-rem:15 time: 1.43
c watched sorting time: 0.02
c  N dy108105  21331978     94468    163511    264559    370288   1026556  16921781  no matrixes
c  N dy115124  22693626     94467    163511    264619    269734   1026556   8293153  no matrixes
