c This is CryptoMiniSat 2.7.1
c WARNING: for repeatability, setting FPU to use double precision
c Reading file 'pb_300_03.cnf'
c -- header says num vars:         384939
c -- header says num clauses:     1206129
c -- clauses added:            0 learnts,      1206129 normals,            0 xors
c -- vars added     384939
c Parsing time:  0.48 s
c Ouptutting solution to console
c asymm  cl-useful: 0/4528/170388 lits-rem:0 time: 0.96
c Time to fill non-learnt binary watchlists: 0.07 s
c subs with bin:        0  lits-rem:         0  v-fix:    0  time:  0.10 s
c Subs w/ non-existent bins:      0 l-rem:      0 v-fix:     0 done:   6998 time:  2.22 s
c lits-rem:         0  cl-subs:   188696  v-elim: 121046  v-fix:    0  time:  0.81 s
c Finding binary XORs:         0.10 s (found:      12, avg size: 2.0)
c Replacing       12 vars Replaced      232 lits Time:     0.01 s 
c Finding non-binary XORs:     0.05 s (found:       0, avg size: -nan)
c watched sorting time: 0.01
c Calc default polars -  time:   0.01 s pos:   10677 undec:  357889 neg:   16373
c =========================================================================================
c types(t): F = full restart, N = normal restart
c types(t): S = simplification begin/end, E = solution found
c restart types(rt): st = static, dy = dynamic
c  t rt  Rest     Confl      Vars   NormCls    BinCls   Learnts    ClLits    LtLits
c  B st     0         0     96130    165610    299615         0   1123558         0  no matrixes
c Finding binary XORs:         0.04 s (found:       0, avg size: -nan)
c  N dy    10      4162     96130    165610    299683      4049   1123558    387726  no matrixes
c  N dy    19      8365     96130    165610    299706      8187   1123558    690309  no matrixes
c  N dy    28     12427     96130    165610    299731     12185   1123558    947324  no matrixes
c  N dy    42     16536     96129    165610    299756     16220   1123558   1186589  no matrixes
c  N dy    55     20768     96129    165610    299769     10595   1123558    317801  no matrixes
c  N dy    77     24797     96129    165610    299819     14534   1123558    516333  no matrixes
c  F st    78     25001     96129    165610    299825     14730   1123558    524201  no matrixes
c  N dy    84     30192     96129    165610    299808     19873   1123476   1118786  no matrixes
c  S st    84     30192     96129    165610    299808     19873   1123476   1118786  no matrixes
c  S st    84     30693     96128    165610    299850     20328   1123476   1135537  no matrixes
c x-sub:     0 x-cut:      0 vfix:      0 v-elim:      0 locsubst:     0 time:   0.02
c binary deg approx. time:  0.16 s num checked:   1219 i:    1223 props: 3002k
c Flit:     1 Blit:     25 bXBeca:    0 bXProp:   91 Bins:    725 P: 88.4M T:  4.26
c Replacing       91 vars Replaced    12481 lits Time:     0.05 s 
c Time to fill non-learnt binary watchlists: 0.09 s
c subs with bin:       16  lits-rem:         0  v-fix:    0  time:  0.09 s
c Subs w/ non-existent bins:     18 l-rem:      0 v-fix:     0 done:  41583 time:  4.55 s
c Removed useless bin:    3634  fixed:     0  props:  19.91M  time:  1.10 s
c lits-rem:         0  cl-subs:      275  v-elim:      9  v-fix:    0  time:  0.49 s
c lits-rem:       116  cl-subs:      604  v-elim:      0  v-fix:    0  time:  0.65 s
c asymm  cl-useful: 7/3947/165527 lits-rem:7 time: 0.88
c watched sorting time: 0.01
c  N dy    84     30693     95992    165527    296420     19672   1115103   1112246  no matrixes
c  N dy   108     35216     95992    165527    296450     24143   1115103   1345847  no matrixes
c  N dy   121     39227     95992    165527    296501     28079   1115103   1615136  no matrixes
c  N dy   141     43272     95992    165527    296526     16868   1115103    365970  no matrixes
c  S st   162     46144     95992    165527    296557     19693   1115103    524522  no matrixes
c  S st   162     46648     95992    165527    296602     20151   1115103    532834  no matrixes
c x-sub:     0 x-cut:      0 vfix:      0 v-elim:      0 locsubst:     0 time:   0.02
c binary deg approx. time:  0.17 s num checked:   1176 i:    1177 props: 3000k
c Flit:     0 Blit:      8 bXBeca:    0 bXProp:   35 Bins:    483 P: 86.7M T:  4.79
c Replacing       35 vars Replaced     4182 lits Time:     0.04 s 
c Time to fill non-learnt binary watchlists: 0.08 s
c subs with bin:        4  lits-rem:         0  v-fix:    0  time:  0.09 s
c Subs w/ non-existent bins:      4 l-rem:      0 v-fix:     0 done:  29156 time:  4.12 s
c Removed useless bin:      18  fixed:     0  props:  19.91M  time:  1.02 s
c lits-rem:         0  cl-subs:      105  v-elim:      3  v-fix:    0  time:  0.35 s
c Blocked clauses removed:        0    Time: 0.02 s
c lits-rem:       110  cl-subs:      404  v-elim:      0  v-fix:    0  time:  0.52 s
c asymm  cl-useful: 3/10598/165513 lits-rem:3 time: 1.05
c watched sorting time: 0.01
c  N dy   162     46648     95946    165513    296890     19708   1114745    528051  no matrixes
c  N dy   188     50720     95946    165513    296923     23726   1114745    750377  no matrixes
c  N dy   211     54727     95946    165513    296967     27659   1114745    940370  no matrixes
c  N dy   237     59420     95946    165513    297026     32275   1114745   1151497  no matrixes
c  N dy   268     64307     95946    165513    297055     18721   1114745    319592  no matrixes
c  N dy   295     68430     95946    165513    297092     22798   1114745    539164  no matrixes
c  S st   301     70136     95946    165513    297102     24488   1114745    628100  no matrixes
c  S st   301     70636     95946    165513    297146     24943   1114745    638614  no matrixes
c x-sub:     0 x-cut:      0 vfix:      0 v-elim:      0 locsubst:     0 time:   0.02
c binary deg approx. time:  0.16 s num checked:   1286 i:    1291 props: 3001k
c Flit:     0 Blit:      0 bXBeca:    0 bXProp:    1 Bins:     95 P: 86.9M T:  3.92
c Replacing        1 vars Replaced       14 lits Time:     0.01 s 
c Time to fill non-learnt binary watchlists: 0.06 s
c subs with bin:        1  lits-rem:         0  v-fix:    0  time:  0.09 s
c Subs w/ non-existent bins:      2 l-rem:      0 v-fix:     0 done:  45400 time:  5.39 s
c Removed useless bin:    5995  fixed:     0  props:  19.90M  time:  1.06 s
c lits-rem:         0  cl-subs:        3  v-elim:      1  v-fix:    0  time:  0.34 s
c lits-rem:       258  cl-subs:      726  v-elim:      0  v-fix:    0  time:  0.56 s
c asymm  cl-useful: 0/5786/165512 lits-rem:0 time: 0.94
c watched sorting time: 0.01
c  N dy   301     70636     95944    165512    291241     24215   1102747    631817  no matrixes
c  N dy   326     75295     95944    165512    291278     28820   1102747    930265  no matrixes
c  N dy   358     80132     95944    165512    291335     33572   1102747   1182685  no matrixes
c  N dy   377     85578     95944    165512    291453     38843   1102747   1362915  no matrixes
c  F st   390     87500     95944    165512    291464     40750   1102747   1467735  no matrixes
c  N dy   396     92691     95944    165512    291496     25407   1102747    556676  no matrixes
c  N dy   425     98616     95944    165512    291558     31244   1102747    776931  no matrixes
c  N dy   469    105101     95944    165512    291629     37635   1102747   1054222  no matrixes
c  S st   476    106045     95944    165512    291638     38568   1102747   1106146  no matrixes
c  S st   476    106548     95944    165512    291681     39026   1102747   1116265  no matrixes
c x-sub:     0 x-cut:      0 vfix:      0 v-elim:      0 locsubst:     0 time:   0.02
c binary deg approx. time:  0.16 s num checked:   1248 i:    1255 props: 3000k
c Flit:     5 Blit:      0 bXBeca:    0 bXProp:   35 Bins:    322 P: 86.4M T:  4.15
c Replacing       35 vars Replaced     1774 lits Time:     0.04 s 
c Time to fill non-learnt binary watchlists: 0.08 s
c subs with bin:        7  lits-rem:         0  v-fix:    0  time:  0.09 s
c Subs w/ non-existent bins:      0 l-rem:      1 v-fix:     0 done:  27156 time:  4.60 s
c Removed useless bin:    3858  fixed:     0  props:  19.91M  time:  1.34 s
c lits-rem:         0  cl-subs:      105  v-elim:      6  v-fix:    0  time:  0.36 s
c lits-rem:       278  cl-subs:     1504  v-elim:      0  v-fix:    0  time:  0.68 s
c asymm  cl-useful: 2/6899/165485 lits-rem:2 time: 1.06
c watched sorting time: 0.02
c  N dy   476    106548     95883    165485    287908     37479   1094504   1100084  no matrixes
c  N dy   523    113378     95883    165485    287987     22192   1094504    299145  no matrixes
c  N dy   567    120656     95883    165485    288048     29388   1094504    616449  no matrixes
c  N dy   620    128392     95883    165485    288098     37051   1094504    996494  no matrixes
c  N dy   674    136626     95882    165485    288163     45202   1094504   1368709  no matrixes
c  N dy   726    145436     95882    165485    288239     30529   1094504    569807  no matrixes
c  N dy   763    154773     95882    165485    288322     39735   1094504    901563  no matrixes
c  S st   797    159833     95882    165485    288355     44742   1094504   1125239  no matrixes
c  S st   797    160334     95881    165485    288386     45211   1094504   1137328  no matrixes
c x-sub:     0 x-cut:      0 vfix:      0 v-elim:      0 locsubst:     0 time:   0.02
c binary deg approx. time:  0.17 s num checked:   1249 i:    1254 props: 3002k
c Flit:     1 Blit:      0 bXBeca:    0 bXProp:    1 Bins:     79 P: 86.8M T:  3.42
c Replacing        1 vars Replaced      322 lits Time:     0.03 s 
c Time to fill non-learnt binary watchlists: 0.08 s
c subs with bin:        1  lits-rem:         0  v-fix:    0  time:  0.09 s
c Subs w/ non-existent bins:      0 l-rem:      0 v-fix:     0 done:  30740 time:  4.75 s
c Removed useless bin:    4359  fixed:     0  props:  19.91M  time:  1.37 s
c lits-rem:         0  cl-subs:        3  v-elim:      2  v-fix:    0  time:  0.38 s
c Blocked clauses removed:        0    Time: 0.03 s
c lits-rem:       152  cl-subs:     1767  v-elim:      0  v-fix:    0  time:  0.74 s
c asymm  cl-useful: 0/7861/165491 lits-rem:0 time: 0.94
c watched sorting time: 0.01
c  N dy   797    160334     95877    165491    284055     43432   1085682   1117779  no matrixes
c  N dy   862    170787     95877    165491    284137     29270   1085682    459706  no matrixes
c  N dy   935    181760     95877    165491    284197     40145   1085682    932551  no matrixes
c  N dy  1020    193576     95877    165491    284283     26214   1085682    284673  no matrixes
c  N dy  1109    205950     95877    165491    284348     38488   1085682    817363  no matrixes
c  N dy  1187    219126     95877    165491    284408     51561   1085682   1387080  no matrixes
c  N dy  1286    233183     95877    165491    284483     38806   1085682    817013  no matrixes
c  S st  1327    240776     95877    165491    284526     46330   1085682   1171250  no matrixes
c  S st  1327    241278     95875    165491    284558     46798   1085682   1178244  no matrixes
c x-sub:     0 x-cut:      0 vfix:      0 v-elim:      0 locsubst:     0 time:   0.02
c binary deg approx. time:  0.17 s num checked:   1216 i:    1220 props: 3002k
c Flit:    98 Blit:      8 bXBeca:    0 bXProp:   69 Bins:    446 P: 86.4M T:  5.06
c Cleaning up after failed var search:     0.00 s 
c Replacing       69 vars Replaced    16966 lits Time:     0.06 s 
c Time to fill non-learnt binary watchlists: 0.10 s
c subs with bin:        4  lits-rem:         0  v-fix:    0  time:  0.09 s
c Subs w/ non-existent bins:     10 l-rem:      0 v-fix:     0 done:  24932 time:  4.39 s
c Removed useless bin:    3901  fixed:     0  props:  19.91M  time:  1.47 s
c lits-rem:         0  cl-subs:      204  v-elim:     30  v-fix:    0  time:  0.40 s
c lits-rem:       133  cl-subs:     1909  v-elim:      0  v-fix:    0  time:  0.73 s
c asymm  cl-useful: 2/6295/165438 lits-rem:2 time: 1.02
c watched sorting time: 0.02
c  N dy  1327    241278     95664    165438    279310     44819   1073996   1156334  no matrixes
c  N dy  1422    256699     95664    165438    279382     32446   1073996    508981  no matrixes
c  N dy  1530    273213     95664    165438    279450     48857   1073996   1272015  no matrixes
c  N dy  1635    290744     95664    165438    279512     37525   1073996    666647  no matrixes
c  F st  1702    306251     95664    165438    279577     52905   1073996   1300381  no matrixes
c  N st  1707    309546     95664    165438    279584     56183   1073996   1485811  no matrixes
c  N dy  1805    329588     95664    165438    279652     46334   1073996    940593  no matrixes
c  N dy  1930    350668     95664    165438    279719     36527   1073996    526654  no matrixes
c  S st  1993    364304     95664    165438    279766     50080   1073996   1197041  no matrixes
c  S st  1993    364804     95664    165438    279783     50561   1073996   1209621  no matrixes
c x-sub:     0 x-cut:      0 vfix:      0 v-elim:      0 locsubst:     0 time:   0.02
c binary deg approx. time:  0.17 s num checked:   1252 i:    1254 props: 3000k
c Flit:     0 Blit:      0 bXBeca:    0 bXProp:    0 Bins:     81 P: 87.3M T:  3.75
c Time to fill non-learnt binary watchlists: 0.04 s
c subs with bin:        1  lits-rem:         0  v-fix:    0  time:  0.09 s
c Subs w/ non-existent bins:      1 l-rem:      0 v-fix:     0 done:  29506 time:  4.44 s
c Removed useless bin:    2297  fixed:     0  props:  19.91M  time:  1.43 s
c lits-rem:         0  cl-subs:        0  v-elim:      0  v-fix:    0  time:  0.36 s
c lits-rem:       230  cl-subs:     1891  v-elim:      0  v-fix:    0  time:  0.77 s
c asymm  cl-useful: 4/6629/165434 lits-rem:4 time: 1.01
c watched sorting time: 0.01
c  N dy  1993    364804     95664    165434    277569     48670   1069392   1191238  no matrixes
c  N dy  2118    388201     95663    165434    277660     40160   1069392    656636  no matrixes
c  N dy  2228    413416     95661    165434    277726     65229   1069392   1683288  no matrixes
c  N dy  2361    439852     95661    165434    277801     58765   1069392   1431318  no matrixes
c  N dy  2493    468102     95658    165434    277878     53005   1069392   1087422  no matrixes
c  N dy  2638    498590     95655    165434    277949     48556   1069392    861473  no matrixes
c  N dy  2756    531666     95647    165434    278034     45599   1069392    564948  no matrixes
c  S st  2826    547592     95646    165434    278060     61401   1069392   1170616  no matrixes
c  S st  2826    548094     95646    165434    278087     61876   1069392   1183454  no matrixes
c x-sub:     0 x-cut:      0 vfix:      0 v-elim:      0 locsubst:     0 time:   0.02
c binary deg approx. time:  0.17 s num checked:   1242 i:    1245 props: 3006k
c Flit:     1 Blit:      0 bXBeca:    0 bXProp:    0 Bins:     57 P: 86.8M T:  3.34
c Time to fill non-learnt binary watchlists: 0.04 s
c subs with bin:        5  lits-rem:         0  v-fix:    0  time:  0.10 s
c Subs w/ non-existent bins:      2 l-rem:      0 v-fix:     0 done:  38877 time:  5.86 s
c Removed useless bin:      12  fixed:     0  props:  19.92M  time:  1.12 s
c lits-rem:         0  cl-subs:        1  v-elim:      9  v-fix:    0  time:  0.42 s
c Blocked clauses removed:        0    Time: 0.03 s
c lits-rem:       273  cl-subs:     3101  v-elim:      0  v-fix:    0  time:  0.79 s
c asymm  cl-useful: 34/7183/165423 lits-rem:34 time: 1.14
c watched sorting time: 0.01
c  N dy  2826    548094     95636    165423    277887     58742   1068717   1143014  no matrixes
c  N dy  2986    583419     95631    165423    277980     57120   1068717   1070247  no matrixes
c  N dy  3123    620696     95630    165423    278028     56478   1068717    998460  no matrixes
c  N dy  3302    660662     95624    165423    278099     57480   1068717   1016189  no matrixes
c  N dy  3510    702930     95603    165423    278197     59730   1068717   1137157  no matrixes
c  N dy  3672    747879     95594    165423    278288     63597   1068717   1223630  no matrixes
c  N dy  3844    795742     95594    165423    278361     69512   1068717   1473054  no matrixes
c  S st  3963    822461     95594    165423    278409     53346   1068717    728250  no matrixes
c  S st  3963    822963     95594    165423    278421     53835   1068717    742320  no matrixes
c x-sub:     0 x-cut:      0 vfix:      0 v-elim:      0 locsubst:     0 time:   0.02
c binary deg approx. time:  0.17 s num checked:   1238 i:    1239 props: 3001k
c Flit:     0 Blit:      9 bXBeca:    0 bXProp:    0 Bins:    354 P: 89.1M T:  4.83
c Time to fill non-learnt binary watchlists: 0.04 s
c subs with bin:        3  lits-rem:         0  v-fix:    0  time:  0.10 s
c Subs w/ non-existent bins:      0 l-rem:      0 v-fix:     1 done:  35537 time:  5.62 s
c Removed useless bin:    2146  fixed:     0  props:  19.91M  time:  1.44 s
c lits-rem:         0  cl-subs:       15  v-elim:     20  v-fix:    0  time:  0.38 s
c lits-rem:       120  cl-subs:     1926  v-elim:      0  v-fix:    0  time:  0.65 s
c asymm  cl-useful: 17/5448/165366 lits-rem:17 time: 1.18
c watched sorting time: 0.02
c  N dy  3963    822963     95564    165366    276057     51789   1063151    726094  no matrixes
c  N dy  4164    875544     95562    165366    276105     60371   1063179    970915  no matrixes
c  N dy  4407    931473     95559    165366    276172     71297   1063177   1402993  no matrixes
c  N dy  4683    991988     95551    165366    276253     85684   1063177   1833571  no matrixes
c  N dy  4968   1056182     95535    165366    276342     55113   1063177    679546  no matrixes
c  F st  5046   1071876     95535    165366    276358     70714   1063177   1233069  no matrixes
c Replacing        7 vars Replaced     2018 lits Time:     0.02 s 
c  N dy  5239   1123882     95525    165321    276144     73679   1062445   1315607  no matrixes
c  N dy  5557   1197208     95525    165321    276255     96812   1062445   2133803  no matrixes
c  S st  5721   1234889     95520    165321    276331     83555   1062445   1680308  no matrixes
c  S st  5721   1235391     95517    165321    276368     84013   1062445   1690488  no matrixes
c x-sub:     0 x-cut:      0 vfix:      0 v-elim:      0 locsubst:     0 time:   0.02
c binary deg approx. time:  0.17 s num checked:   1191 i:    1193 props: 3003k
c Flit:    78 Blit:      1 bXBeca:    0 bXProp:   24 Bins:    396 P: 87.1M T:  5.05
c Replacing       24 vars Replaced     8356 lits Time:     0.06 s 
c Time to fill non-learnt binary watchlists: 0.10 s
c subs with bin:        8  lits-rem:         0  v-fix:    0  time:  0.10 s
c Subs w/ non-existent bins:      0 l-rem:      0 v-fix:    15 done:  11762 time:  3.99 s
c Removed useless bin:    3618  fixed:     0  props:  19.91M  time:  1.26 s
c lits-rem:         0  cl-subs:       98  v-elim:     47  v-fix:    0  time:  0.42 s
c lits-rem:       125  cl-subs:     2728  v-elim:      0  v-fix:    0  time:  0.99 s
c asymm  cl-useful: 1/5700/165270 lits-rem:1 time: 1.04
c watched sorting time: 0.02
c  N dy  5721   1235391     95347    165270    271487     80635   1051944   1647175  no matrixes
c  N dy  5992   1321388     95342    165270    271611     62253   1051944    779483  no matrixes
c  N dy  6390   1405927     95287    165270    271790     92601   1051940   1783662  no matrixes
c  N dy  6768   1495687     95255    165270    272034     71506   1051940   1058119  no matrixes
c  N dy  7089   1591256     95254    165270    272289    110865   1051940   2007453  no matrixes
c  N dy  7242   1695559     94134    163033    268188    105821   1036917   1532575  no matrixes
c  N dy  7337   1808312     94108    163033    268509    108876   1036917   1144330  no matrixes
c  S st  7361   1853559     94108    163033    268596     98488   1036917    980754  no matrixes
c  S st  7361   1854064     94108    163033    268607     98981   1036917    991537  no matrixes
c x-sub:     0 x-cut:      0 vfix:      0 v-elim:      0 locsubst:     0 time:   0.03
c binary deg approx. time:  0.16 s num checked:   1037 i:    1038 props: 3001k
c Flit:     0 Blit:     79 bXBeca:    0 bXProp:    2 Bins:     19 P: 90.5M T:  3.96
c Replacing       43 vars Replaced     1016 lits Time:     0.04 s 
c Time to fill non-learnt binary watchlists: 0.08 s
c subs with bin:        7  lits-rem:         0  v-fix:    0  time:  0.09 s
c Subs w/ non-existent bins:      0 l-rem:      0 v-fix:     0 done:  16615 time:  4.21 s
c Removed useless bin:       0  fixed:     0  props:  19.91M  time:  1.14 s
c lits-rem:         0  cl-subs:       17  v-elim:     44  v-fix:    0  time:  0.45 s
c Blocked clauses removed:        0    Time: 0.04 s
c lits-rem:       276  cl-subs:     5656  v-elim:      0  v-fix:    0  time:  0.77 s
c Blocked clauses removed:        0    Time: 0.00 s
c asymm  cl-useful: 3/3550/162929 lits-rem:3 time: 1.10
c watched sorting time: 0.02
c  N dy  7361   1854064     93942    162929    267843     92785   1035551    946994  no matrixes
c  E dy  7397   1961868     91478    156201    262633     92613   1004843    881333  no matrixes
c restarts              : 7397       
c dynamic restarts      : 7367       
c static restarts       : 85         
c full restarts         : 4          
c learnts DL2           : 0          
c learnts size 2        : 9110       
c learnts size 1        : 174870      (45.43     % of vars)
c v-elim SatELite       : 121217      (31.49     % vars)
c SatELite time         : 68.27       (7.17      % time)
c v-elim xor            : 0           (0.00      % vars)
c xor elim time         : 0.26        (0.03      % time)
c num binary xor trees  : 301        
c binxor trees' crown   : 318         (1.06      leafs/tree)
c OTF clause improved   : 13317       (0.01      clauses/conflict)
c OTF impr. size diff   : 15212       (1.14       lits/clause)
c OTF cl watch-shrink   : 659760      (0.34      clauses/conflict)
c OTF cl watch-sh-lit   : 1336339     (2.03       lits/clause)
c tried to recurMin cls : 52370       (2.67       % of conflicts)
c stopped recurMin      : 52044       (99.38      %)
c lits visited recurmin:: 1.08       
c conflicts             : 1961868     (2060.79   / sec)
c decisions             : 5522575     (0.41      % random)
c bogo-props            : 10945244571 (11497111.73 / sec)
c conflict literals     : 71029615    (31.20     % deleted)
c Memory used           : 486.91      MB
c CPU time              : 952.00      s
c 
s UNSATISFIABLE
