c This is CryptoMiniSat 2.7.1
c WARNING: for repeatability, setting FPU to use double precision
c Reading file 'pb_300_07.cnf'
c -- header says num vars:         383542
c -- header says num clauses:     1203265
c -- clauses added:            0 learnts,      1203265 normals,            0 xors
c -- vars added     383542
c Parsing time:  0.48 s
c Ouptutting solution to console
c asymm  cl-useful: 0/5653/172476 lits-rem:0 time: 0.99
c Time to fill non-learnt binary watchlists: 0.06 s
c subs with bin:        0  lits-rem:         0  v-fix:    0  time:  0.09 s
c Subs w/ non-existent bins:      0 l-rem:      0 v-fix:     0 done:   4213 time:  2.21 s
c lits-rem:         0  cl-subs:   190188  v-elim: 120396  v-fix:    0  time:  0.82 s
c Finding binary XORs:         0.10 s (found:      12, avg size: 2.0)
c Replacing       12 vars Replaced      210 lits Time:     0.01 s 
c Finding non-binary XORs:     0.05 s (found:       0, avg size: -nan)
c watched sorting time: 0.01
c Calc default polars -  time:   0.01 s pos:   10708 undec:  356730 neg:   16104
c =========================================================================================
c types(t): F = full restart, N = normal restart
c types(t): S = simplification begin/end, E = solution found
c restart types(rt): st = static, dy = dynamic
c  t rt  Rest     Confl      Vars   NormCls    BinCls   Learnts    ClLits    LtLits
c  B st     0         0     97068    168218    300145         0   1130444         0  no matrixes
c Finding binary XORs:         0.04 s (found:       0, avg size: -nan)
c  N dy    14      4198     97068    168218    300258      4035   1130444    216692  no matrixes
c  N dy    37      8339     97068    168218    300340      8056   1130444    401157  no matrixes
c  N dy    65     12433     97068    168218    300436     12010   1130444    573538  no matrixes
c  N dy    91     16459     97068    168218    300557     15871   1130444    729372  no matrixes
c  N dy   120     20481     97068    168218    300663     10112   1130444    155856  no matrixes
c  N dy   153     24508     97068    168218    300742     14032   1130444    351150  no matrixes
c  F st   156     25002     97068    168218    300751     14517   1130444    377516  no matrixes
c  N dy   162     30200     97068    168218    300822     19592   1130444    695339  no matrixes
c  S st   162     30200     97068    168218    300822     19592   1130444    695339  no matrixes
c  S st   162     30704     97068    168218    300892     20025   1130444    700921  no matrixes
c x-sub:     0 x-cut:      0 vfix:      0 v-elim:      0 locsubst:     0 time:   0.02
c binary deg approx. time:  0.17 s num checked:   1276 i:    1283 props: 3001k
c Flit:     0 Blit:      8 bXBeca:    0 bXProp:  109 Bins:    570 P: 90.2M T:  4.13
c Replacing      109 vars Replaced    14491 lits Time:     0.05 s 
c Time to fill non-learnt binary watchlists: 0.08 s
c subs with bin:        8  lits-rem:         0  v-fix:    0  time:  0.08 s
c Subs w/ non-existent bins:      8 l-rem:      0 v-fix:     0 done:  36238 time:  4.32 s
c Removed useless bin:    1282  fixed:     0  props:  19.90M  time:  0.83 s
c lits-rem:         0  cl-subs:      327  v-elim:      2  v-fix:    0  time:  0.50 s
c lits-rem:       135  cl-subs:      864  v-elim:      0  v-fix:    0  time:  0.55 s
c asymm  cl-useful: 6/4665/168190 lits-rem:6 time: 0.87
c watched sorting time: 0.01
c  N dy   162     30704     96949    168190    299713     19046   1127080    686733  no matrixes
c  N dy   190     34760     96949    168190    299811     22966   1127080    876908  no matrixes
c  N dy   211     38848     96949    168190    299896     26939   1127080   1078818  no matrixes
c  N dy   239     43026     96949    168190    300046     16039   1127080    240416  no matrixes
c  S st   262     46103     96949    168190    300145     19000   1127080    403112  no matrixes
c  S st   262     46603     96948    168190    300218     19426   1127080    409395  no matrixes
c x-sub:     0 x-cut:      0 vfix:      0 v-elim:      0 locsubst:     0 time:   0.02
c binary deg approx. time:  0.17 s num checked:   1235 i:    1241 props: 3000k
c Flit:     0 Blit:      0 bXBeca:    0 bXProp:    0 Bins:     38 P: 101.3M T:  3.53
c Time to fill non-learnt binary watchlists: 0.04 s
c subs with bin:        5  lits-rem:         0  v-fix:    0  time:  0.09 s
c Subs w/ non-existent bins:     20 l-rem:      0 v-fix:     1 done:  22071 time:  4.03 s
c Removed useless bin:    8205  fixed:     0  props:  19.90M  time:  1.34 s
c lits-rem:         0  cl-subs:        2  v-elim:      7  v-fix:    0  time:  0.35 s
c Blocked clauses removed:        0    Time: 0.02 s
c lits-rem:       195  cl-subs:      629  v-elim:      0  v-fix:    0  time:  0.51 s
c asymm  cl-useful: 1/7308/168132 lits-rem:1 time: 1.16
c watched sorting time: 0.01
c  N dy   262     46603     96918    168132    291950     18799   1110303    402779  no matrixes
c  N dy   290     50663     96918    168132    292108     22677   1110303    581147  no matrixes
c  N dy   318     54706     96918    168132    292265     26526   1110303    776961  no matrixes
c  N dy   341     58783     96918    168132    292379     30442   1110303    951365  no matrixes
c  N dy   371     62887     96918    168132    292468     34436   1110303   1170175  no matrixes
c  N dy   404     66907     96918    168132    292555     20364   1110303    315144  no matrixes
c  S st   427     69980     96918    168132    292624     23359   1110303    473299  no matrixes
c  S st   427     70480     96918    168132    292693     23785   1110303    478382  no matrixes
c x-sub:     0 x-cut:      0 vfix:      0 v-elim:      0 locsubst:     0 time:   0.02
c binary deg approx. time:  0.17 s num checked:   1265 i:    1266 props: 3010k
c Flit:     0 Blit:      8 bXBeca:    0 bXProp:   89 Bins:    622 P: 86.7M T:  4.86
c Replacing       89 vars Replaced    11394 lits Time:     0.04 s 
c Time to fill non-learnt binary watchlists: 0.08 s
c subs with bin:        4  lits-rem:         0  v-fix:    0  time:  0.09 s
c Subs w/ non-existent bins:      6 l-rem:      0 v-fix:     0 done:  23685 time:  4.66 s
c Removed useless bin:    5096  fixed:     0  props:  19.90M  time:  1.35 s
c lits-rem:         0  cl-subs:      267  v-elim:      1  v-fix:    0  time:  0.35 s
c lits-rem:       452  cl-subs:     1114  v-elim:      0  v-fix:    0  time:  0.56 s
c asymm  cl-useful: 0/5664/168111 lits-rem:0 time: 0.93
c watched sorting time: 0.01
c  N dy   427     70480     96820    168111    287830     22599   1099455    466303  no matrixes
c  N dy   465     75052     96820    168111    287915     27068   1099455    720558  no matrixes
c  N dy   506     79926     96820    168111    288010     31818   1099455    971773  no matrixes
c  N dy   547     85124     96820    168111    288125     36871   1099455   1236083  no matrixes
c  F st   562     87501     96820    168111    288169     39187   1099455   1369094  no matrixes
c  N st   567     90802     96820    168111    288199     22335   1099455    403680  no matrixes
c  E dy   572     93153         0    168111    288218     24657   1099455    638784  no matrixes
c Verified 168111 clauses.
c Solution needs extension. Extending.
c Verified 168111 clauses.
c        1 solution(s) found
c restarts              : 572        
c dynamic restarts      : 554        
c static restarts       : 33         
c full restarts         : 2          
c learnts DL2           : 0          
c learnts size 2        : 3614       
c learnts size 1        : 166106      (43.31     % of vars)
c v-elim SatELite       : 120406      (31.39     % vars)
c SatELite time         : 19.22       (17.90     % time)
c v-elim xor            : 0           (0.00      % vars)
c xor elim time         : 0.06        (0.06      % time)
c num binary xor trees  : 210        
c binxor trees' crown   : 210         (1.00      leafs/tree)
c OTF clause improved   : 707         (0.01      clauses/conflict)
c OTF impr. size diff   : 869         (1.23       lits/clause)
c OTF cl watch-shrink   : 32177       (0.35      clauses/conflict)
c OTF cl watch-sh-lit   : 105773      (3.29       lits/clause)
c tried to recurMin cls : 9597        (10.30      % of conflicts)
c stopped recurMin      : 9429        (98.25      %)
c lits visited recurmin:: 1.14       
c conflicts             : 93153       (867.52    / sec)
c decisions             : 791021      (1.37      % random)
c bogo-props            : 1031588325  (9607009.85 / sec)
c conflict literals     : 4797167     (16.52     % deleted)
c Memory used           : 249.01      MB
c CPU time              : 107.38      s
c 
s SATISFIABLE
