WARNING: for repeatability, setting FPU to use double precision
============================[ Problem Statistics ]=============================
|                                                                             |
|  Number of variables:        386793                                         |
|  Number of clauses:          935967                                         |
|  Parse time:                   0.28 s                                       |
|                                                                             |
============================[ Search Statistics ]==============================
| Conflicts |          ORIGINAL         |          LEARNT          | Progress |
|           |    Vars  Clauses Literals |    Limit  Clauses Lit/Cl |          |
===============================================================================
|       100 |  219642   903890  2029222 |   331426      100     19 | 43.215 % |
|       250 |  219642   903890  2029222 |   364568      250     28 | 43.215 % |
|       475 |  219642   903890  2029222 |   401025      475     35 | 43.215 % |
|       812 |  219642   903890  2029222 |   441128      812     34 | 43.215 % |
|      1318 |  219642   903890  2029222 |   485241     1318     88 | 43.215 % |
|      2077 |  219642   903890  2029222 |   533765     2077     76 | 43.215 % |
|      3216 |  219642   903890  2029222 |   587141     3216    110 | 43.215 % |
|      4924 |  219642   903890  2029222 |   645856     4924    100 | 43.215 % |
|      7486 |  219642   903890  2029222 |   710441     7486     86 | 43.215 % |
|     11330 |  219637   903870  2029178 |   781485    11329    100 | 43.216 % |
|     17096 |  219637   903870  2029178 |   859634    17095    123 | 43.216 % |
|     25745 |  219637   903870  2029178 |   945598    25744    134 | 43.216 % |
|     38719 |  219633   903854  2029143 |  1040157    38717    140 | 43.217 % |
|     58180 |  219629   903832  2029090 |  1144173    58144    128 | 43.218 % |
|     87372 |  219557   903556  2028431 |  1258590    86933    113 | 43.237 % |
===============================================================================
restarts              : 255
conflicts             : 90786          (1236 /sec)
decisions             : 537953         (0.00 % random) (7323 /sec)
propagations          : 367465193      (5002481 /sec)
conflict literals     : 10051583       (15.51 % deleted)
Memory used           : 160.00 MB
CPU time              : 73.4566 s

UNSATISFIABLE
