c This is CryptoMiniSat 2.7.1
c WARNING: for repeatability, setting FPU to use double precision
c Reading file 'pb_400_02.cnf'
c -- header says num vars:         612968
c -- header says num clauses:     1949031
c -- clauses added:            0 learnts,      1949031 normals,            0 xors
c -- vars added     612968
c Parsing time:  0.80 s
c Ouptutting solution to console
c asymm  cl-useful: 0/3279/305834 lits-rem:0 time: 1.58
c Time to fill non-learnt binary watchlists: 0.10 s
c subs with bin:        0  lits-rem:         0  v-fix:    0  time:  0.18 s
c Subs w/ non-existent bins:      0 l-rem:      0 v-fix:     0 done:   3338 time:  2.96 s
c lits-rem:         0  cl-subs:   327834  v-elim: 189534  v-fix:    0  time:  1.40 s
c Finding binary XORs:         0.18 s (found:      54, avg size: 2.0)
c Replacing       54 vars Replaced      996 lits Time:     0.02 s 
c Finding non-binary XORs:     0.10 s (found:       0, avg size: -nan)
c watched sorting time: 0.02
c Calc default polars -  time:   0.02 s pos:   12965 undec:  579875 neg:   20128
c =========================================================================================
c types(t): F = full restart, N = normal restart
c types(t): S = simplification begin/end, E = solution found
c restart types(rt): st = static, dy = dynamic
c  t rt  Rest     Confl      Vars   NormCls    BinCls   Learnts    ClLits    LtLits
c  B st     0         0    171446    305417    505928         0   1952523         0  no matrixes
c Finding binary XORs:         0.06 s (found:       0, avg size: -nan)
c  N dy    10      4244    171446    305417    505988      4141   1952523    383932  no matrixes
c  N dy    20      9358    171446    305417    506041      9157   1952523    811633  no matrixes
c  N dy    31     13465    171446    305417    506089     13167   1952523   1086544  no matrixes
c  N dy    44     18798    171446    305417    506192     18340   1952523   1292557  no matrixes
c  N dy    61     22860    171446    305417    506253     12535   1952523    315146  no matrixes
c  F st    71     25000    171446    305417    506290     14612   1952523    421548  no matrixes
c  N st    75     27031    171446    305417    506307     16604   1952523    558005  no matrixes
c  S st    77     30192    171446    305417    506318     19729   1952523   1214125  no matrixes
c  S st    77     30693    171430    305417    506381     20163   1952523   1223148  no matrixes
c x-sub:     0 x-cut:      0 vfix:      0 v-elim:      0 locsubst:     0 time:   0.04
c binary deg approx. time:  0.22 s num checked:    676 i:     676 props: 3001k
c Flit:     0 Blit:     70 bXBeca:    0 bXProp:   38 Bins:    577 P: 86.9M T:  5.69
c Replacing       38 vars Replaced     5098 lits Time:     0.06 s 
c Time to fill non-learnt binary watchlists: 0.12 s
c subs with bin:        0  lits-rem:         0  v-fix:    0  time:  0.14 s
c Subs w/ non-existent bins:      0 l-rem:      0 v-fix:     0 done:  11212 time:  6.10 s
c Removed useless bin:    3620  fixed:     1  props:  19.83M  time:  1.48 s
c lits-rem:         0  cl-subs:      118  v-elim:   5391  v-fix:    0  time:  0.92 s
c lits-rem:        48  cl-subs:      582  v-elim:      0  v-fix:    0  time:  0.68 s
c asymm  cl-useful: 47/5525/301663 lits-rem:47 time: 1.22
c watched sorting time: 0.02
c  N dy    77     30693    165930    301663    502711     12709   1939950    281388  no matrixes
c  N dy    89     35179    165930    301663    502800     17050   1939950    475054  no matrixes
c  N dy   109     39313    165930    301663    502850     21076   1939950    714748  no matrixes
c  N dy   127     43325    165930    301663    502897     13363   1939950    207454  no matrixes
c  S st   139     46389    165930    301663    502922     16365   1939950    335422  no matrixes
c  S st   139     46891    165896    301663    502970     16812   1939950    344159  no matrixes
c x-sub:     0 x-cut:      0 vfix:      0 v-elim:      0 locsubst:     0 time:   0.04
c binary deg approx. time:  0.22 s num checked:    612 i:     612 props: 3005k
c Flit:     0 Blit:      0 bXBeca:    0 bXProp:    0 Bins:     57 P: 134.8M T:  5.90
c Time to fill non-learnt binary watchlists: 0.08 s
c subs with bin:        4  lits-rem:         0  v-fix:    0  time:  0.16 s
c Subs w/ non-existent bins:      5 l-rem:      9 v-fix:    66 done:  13845 time:  5.66 s
c Removed useless bin:    1114  fixed:     0  props:  19.87M  time:  1.48 s
c lits-rem:         0  cl-subs:        7  v-elim:     12  v-fix:    0  time:  0.62 s
c Blocked clauses removed:        0    Time: 0.03 s
c lits-rem:        69  cl-subs:      520  v-elim:      0  v-fix:    0  time:  0.79 s
c asymm  cl-useful: 0/6558/301462 lits-rem:0 time: 1.24
c watched sorting time: 0.02
c  N dy   139     46891    165818    301462    501570     16296   1936491    338833  no matrixes
c  N dy   159     51023    165818    301462    501644     20316   1936491    518098  no matrixes
c  N dy   176     55066    165818    301462    501685     24280   1936491    708647  no matrixes
c  N dy   199     59711    165818    301462    501741     28799   1936491    913263  no matrixes
c  N dy   223     63869    165818    301462    501783     32890   1936491   1111240  no matrixes
c  N dy   242     68239    165818    301462    501871     20571   1936491    308333  no matrixes
c  S st   248     70693    165818    301462    501899     22965   1936491    393237  no matrixes
c  S st   248     71197    165818    301462    501940     23428   1936491    409014  no matrixes
c x-sub:     0 x-cut:      0 vfix:      0 v-elim:      0 locsubst:     0 time:   0.04
c binary deg approx. time:  0.22 s num checked:    599 i:     599 props: 3000k
c Flit:     0 Blit:      0 bXBeca:    0 bXProp:    0 Bins:      0 P: 140.7M T:  6.71
c Time to fill non-learnt binary watchlists: 0.08 s
c subs with bin:        0  lits-rem:         0  v-fix:    0  time:  0.15 s
c Subs w/ non-existent bins:      4 l-rem:      0 v-fix:     0 done:  17834 time:  7.68 s
c Removed useless bin:    1216  fixed:     0  props:  19.85M  time:  1.54 s
c lits-rem:         0  cl-subs:        0  v-elim:      0  v-fix:    0  time:  0.58 s
c lits-rem:        58  cl-subs:      925  v-elim:      0  v-fix:    0  time:  0.84 s
c asymm  cl-useful: 0/2470/301458 lits-rem:0 time: 1.51
c watched sorting time: 0.02
c  N dy   248     71197    165818    301458    500725     22502   1934047    400899  no matrixes
c  N dy   271     76127    165818    301458    500790     27317   1934047    593113  no matrixes
c  N dy   299     81069    165818    301458    500855     32161   1934047    793467  no matrixes
c  N dy   328     86255    165818    301458    500931     37213   1934047    999095  no matrixes
c  F st   336     87500    165818    301458    500942     38442   1934047   1055992  no matrixes
c  N dy   342     92690    165818    301458    500957     24157   1934047    533478  no matrixes
c  N dy   367     98629    165818    301458    501020     29985   1934047    759053  no matrixes
c  N dy   389    105174    165818    301458    501121     36390   1934047    977535  no matrixes
c  S st   399    107058    165818    301458    501141     38250   1934047   1052002  no matrixes
c  S st   399    107558    165818    301458    501191     38699   1934047   1063216  no matrixes
c x-sub:     0 x-cut:      0 vfix:      0 v-elim:      0 locsubst:     0 time:   0.04
c binary deg approx. time:  0.21 s num checked:    592 i:     593 props: 3000k
c Flit:     0 Blit:      0 bXBeca:    0 bXProp:    1 Bins:     88 P: 123.0M T:  5.90
c Replacing        1 vars Replaced      140 lits Time:     0.05 s 
c Time to fill non-learnt binary watchlists: 0.13 s
c subs with bin:        4  lits-rem:         0  v-fix:    0  time:  0.15 s
c Subs w/ non-existent bins:      6 l-rem:      0 v-fix:     0 done:  13634 time:  7.08 s
c Removed useless bin:    3715  fixed:     0  props:  19.84M  time:  1.55 s
c lits-rem:         0  cl-subs:        3  v-elim:      2  v-fix:    0  time:  0.58 s
c lits-rem:        98  cl-subs:     1488  v-elim:      0  v-fix:    0  time:  0.97 s
c asymm  cl-useful: 0/4051/301430 lits-rem:0 time: 1.54
c watched sorting time: 0.02
c  N dy   399    107558    165803    301430    497517     37209   1926441   1045266  no matrixes
c  N dy   435    114439    165803    301430    497597     22459   1926441    215791  no matrixes
c  N dy   473    121838    165803    301430    497664     29752   1926441    507294  no matrixes
c  N dy   513    129776    165803    301430    497724     37594   1926441    850111  no matrixes
c  N dy   562    138176    165803    301430    497811     45856   1926441   1224214  no matrixes
c  N dy   603    147036    165803    301430    497916     31504   1926441    527534  no matrixes
c  N dy   659    156587    165803    301430    498007     40872   1926441    868754  no matrixes
c  S st   693    161381    165803    301430    498056     45570   1926441   1049258  no matrixes
c  S st   693    161884    165718    301430    498145     45979   1926441   1056670  no matrixes
c x-sub:     0 x-cut:      0 vfix:      0 v-elim:      0 locsubst:     0 time:   0.04
c binary deg approx. time:  0.22 s num checked:    615 i:     615 props: 3006k
c Flit:    14 Blit:      4 bXBeca:    0 bXProp:    0 Bins:     26 P: 89.7M T:  4.60
c Time to fill non-learnt binary watchlists: 0.08 s
c subs with bin:       26  lits-rem:         0  v-fix:    0  time:  0.17 s
c Subs w/ non-existent bins:      7 l-rem:      0 v-fix:     0 done:  12881 time:  7.93 s
c Removed useless bin:     974  fixed:     0  props:  19.83M  time:  1.56 s
c lits-rem:         0  cl-subs:        8  v-elim:     29  v-fix:    0  time:  0.67 s
c Blocked clauses removed:        0    Time: 0.04 s
c lits-rem:        89  cl-subs:     2370  v-elim:      0  v-fix:    0  time:  1.07 s
c Blocked clauses removed:        0    Time: 0.00 s
c asymm  cl-useful: 5/2135/301134 lits-rem:5 time: 1.70
c watched sorting time: 0.02
c  N dy   693    161884    165607    301134    496567     43591   1922363   1036063  no matrixes
c  N dy   752    172392    165607    301134    496692     29645   1922363    383387  no matrixes
c  N dy   816    183445    165607    301134    496800     40548   1922363    884174  no matrixes
c  N dy   880    195231    165607    301134    496917     26791   1922363    238962  no matrixes
c  N dy   948    207752    165607    301134    497078     39104   1922363    717682  no matrixes
c  N dy  1032    221082    165607    301134    497207     52234   1922363   1231382  no matrixes
c  N dy  1116    235267    165607    301134    497337     39756   1922363    720370  no matrixes
c  S st  1171    242881    165607    301134    497412     47265   1922363   1036777  no matrixes
c  S st  1171    243384    165607    301134    497482     47697   1922363   1047420  no matrixes
c x-sub:     0 x-cut:      0 vfix:      0 v-elim:      0 locsubst:     0 time:   0.04
c binary deg approx. time:  0.22 s num checked:    621 i:     622 props: 3001k
c Flit:     0 Blit:      0 bXBeca:    0 bXProp:    0 Bins:     74 P: 86.4M T:  4.46
c Time to fill non-learnt binary watchlists: 0.08 s
c subs with bin:        0  lits-rem:         0  v-fix:    0  time:  0.16 s
c Subs w/ non-existent bins:     15 l-rem:      2 v-fix:     0 done:  21032 time:  7.50 s
c Removed useless bin:    2346  fixed:     0  props:  19.86M  time:  1.67 s
c lits-rem:         0  cl-subs:        0  v-elim:      1  v-fix:    0  time:  0.62 s
c lits-rem:        70  cl-subs:     4162  v-elim:      0  v-fix:    0  time:  1.07 s
c asymm  cl-useful: 0/2373/301115 lits-rem:0 time: 1.59
c watched sorting time: 0.02
c  N dy  1171    243384    165606    301115    495212     43535   1917627   1021082  no matrixes
c  N dy  1253    258926    165606    301115    495303     31395   1917627    350301  no matrixes
c  N dy  1346    275517    165606    301115    495413     47814   1917627   1149521  no matrixes
c  N dy  1444    293121    165606    301115    495568     36653   1917627    557029  no matrixes
c  F st  1496    306250    165606    301115    495663     49635   1917627    993736  no matrixes
c  N dy  1506    311844    165606    301115    495675     55198   1917627   1315689  no matrixes
c  N dy  1600    331769    165606    301115    495788     45338   1917627    908973  no matrixes
c  N dy  1730    352965    165606    301115    495894     35805   1917627    417018  no matrixes
c  S st  1814    365284    165606    301115    495963     48017   1917627    863005  no matrixes
c  S st  1814    365786    165605    301115    496011     48470   1917627    873883  no matrixes
c x-sub:     0 x-cut:      0 vfix:      0 v-elim:      0 locsubst:     0 time:   0.04
c binary deg approx. time:  0.22 s num checked:    673 i:     674 props: 3003k
c Flit:     0 Blit:      1 bXBeca:    0 bXProp:  212 Bins:    146 P: 86.6M T:  5.06
c Replacing      212 vars Replaced    34257 lits Time:     0.08 s 
c Time to fill non-learnt binary watchlists: 0.16 s
c subs with bin:        7  lits-rem:         0  v-fix:    0  time:  0.16 s
c Subs w/ non-existent bins:      2 l-rem:      0 v-fix:     0 done:  14059 time:  8.33 s
c Removed useless bin:     625  fixed:     0  props:  19.86M  time:  1.65 s
c lits-rem:         0  cl-subs:      636  v-elim:      3  v-fix:    0  time:  0.66 s
c lits-rem:       255  cl-subs:     3509  v-elim:      0  v-fix:    0  time:  1.06 s
c asymm  cl-useful: 6/1866/301064 lits-rem:6 time: 1.88
c watched sorting time: 0.03
c  N dy  1814    365786    165366    301064    494558     44945   1914772    852840  no matrixes
c  N dy  1925    389280    165366    301064    494680     36475   1914772    491859  no matrixes
c  N dy  2070    414225    165366    301064    494790     61235   1914772   1496722  no matrixes
c  N dy  2226    440851    165343    301064    494924     54917   1914772   1088527  no matrixes
c  N dy  2382    469933    164999    301064    495030     50106   1914772    916900  no matrixes
c  N dy  2590    499972    164999    301064    495119     45202   1914772    684778  no matrixes
c  N dy  2782    531960    164999    301064    495233     41259   1914772    467871  no matrixes
c  S st  2877    548805    164999    301064    495311     57976   1914772   1128133  no matrixes
c  S st  2877    549309    164999    301064    495352     58437   1914772   1137670  no matrixes
c x-sub:     0 x-cut:      0 vfix:      0 v-elim:      0 locsubst:     0 time:   0.04
c binary deg approx. time:  0.22 s num checked:    676 i:     676 props: 3000k
c Flit:     0 Blit:     14 bXBeca:    0 bXProp:    1 Bins:     77 P: 86.9M T:  5.10
c Replacing        1 vars Replaced       52 lits Time:     0.06 s 
c Time to fill non-learnt binary watchlists: 0.14 s
c subs with bin:        5  lits-rem:         0  v-fix:    0  time:  0.16 s
c Subs w/ non-existent bins:      3 l-rem:      0 v-fix:     0 done:  14690 time:  8.62 s
c Removed useless bin:     631  fixed:     0  props:  19.84M  time:  1.72 s
c lits-rem:         0  cl-subs:        4  v-elim:      5  v-fix:    0  time:  0.67 s
c Blocked clauses removed:        0    Time: 0.05 s
c lits-rem:       118  cl-subs:     3291  v-elim:      0  v-fix:    0  time:  1.16 s
c asymm  cl-useful: 1/1846/300294 lits-rem:1 time: 1.64
c watched sorting time: 0.03
c  N dy  2877    549309    164979    300294    493649     55008   1908995   1113022  no matrixes
c  N dy  3092    584447    164978    300294    493770     53206   1909015    958220  no matrixes
c  N dy  3334    621795    164978    300294    493917     52636   1909015    872650  no matrixes
c  N dy  3579    662174    164973    300294    494023     54066   1909015    900982  no matrixes
c  N dy  3859    704452    164973    300294    494154     56303   1909015    977171  no matrixes
c  N dy  4138    749423    164973    300294    494268     60306   1909015   1194013  no matrixes
c  N dy  4444    797316    164973    300294    494401     66187   1909015   1341599  no matrixes
c  S st  4629    824197    164973    300294    494464     50558   1909015    660994  no matrixes
c  S st  4629    824700    164973    300294    494508     51015   1909015    669960  no matrixes
c x-sub:     0 x-cut:      0 vfix:      0 v-elim:      0 locsubst:     0 time:   0.04
c binary deg approx. time:  0.22 s num checked:    596 i:     597 props: 3000k
c Flit:    10 Blit:      0 bXBeca:    0 bXProp:    0 Bins:     76 P: 153.3M T:  7.92
c Replacing        5 vars Replaced      303 lits Time:     0.05 s 
c Time to fill non-learnt binary watchlists: 0.14 s
c subs with bin:       15  lits-rem:         0  v-fix:    0  time:  0.17 s
c Subs w/ non-existent bins:     15 l-rem:      9 v-fix:    20 done:   9794 time:  6.92 s
c Removed useless bin:    3936  fixed:     0  props:  19.85M  time:  1.94 s
c lits-rem:         0  cl-subs:       18  v-elim:     19  v-fix:    0  time:  0.66 s
c lits-rem:       198  cl-subs:     2196  v-elim:      0  v-fix:    0  time:  1.04 s
c asymm  cl-useful: 0/1714/300180 lits-rem:0 time: 1.92
c watched sorting time: 0.03
c  N dy  4629    824700    164890    300180    490348     48766   1900200    655637  no matrixes
c  N dy  4995    877355    164890    300180    490450     57214   1900200    879970  no matrixes
c  N dy  5355    933583    164890    300180    490585     68508   1900200   1366875  no matrixes
c  N dy  5765    993366    164890    300180    490728     83221   1900200   1893710  no matrixes
c  N dy  6164   1057202    164890    300180    490847     54314   1900200    579051  no matrixes
c  F st  6251   1071877    164890    300180    490875     68897   1900200   1178003  no matrixes
c  N dy  6539   1124839    164890    300180    490953     73673   1900200   1308866  no matrixes
c  N dy  6937   1196926    164890    300180    491087     96326   1900200   2126234  no matrixes
c  S st  7161   1237091    164890    300180    491144     86429   1900200   1830577  no matrixes
c  S st  7161   1237599    164890    300180    491168     86912   1900200   1842832  no matrixes
c x-sub:     0 x-cut:      0 vfix:      0 v-elim:      0 locsubst:     0 time:   0.05
c binary deg approx. time:  0.22 s num checked:    562 i:     562 props: 3005k
c Flit:     0 Blit:     37 bXBeca:    0 bXProp:    0 Bins:     94 P: 86.5M T:  5.48
c Time to fill non-learnt binary watchlists: 0.08 s
c subs with bin:        6  lits-rem:         0  v-fix:    0  time:  0.18 s
c Subs w/ non-existent bins:      0 l-rem:      0 v-fix:     0 done:   9042 time:  7.26 s
c Removed useless bin:    3260  fixed:     0  props:  19.86M  time:  1.88 s
c lits-rem:         0  cl-subs:        0  v-elim:      5  v-fix:    0  time:  0.65 s
c lits-rem:       203  cl-subs:     2226  v-elim:      0  v-fix:    0  time:  1.47 s
c asymm  cl-useful: 0/1412/299939 lits-rem:0 time: 1.76
c watched sorting time: 0.03
c  N dy  7161   1237599    164763    299939    487601     84668   1892229   1814557  no matrixes
c  N dy  7634   1316633    164763    299939    487746     58937   1892229    537677  no matrixes
c  N dy  8130   1400763    164763    299939    487875     89480   1892229   1757653  no matrixes
c  N dy  8622   1490293    164763    299939    487980     69358   1892229    812724  no matrixes
c  N dy  9173   1585479    164763    299939    488101    107795   1892229   2434798  no matrixes
c  N dy  9771   1686848    164763    299939    488236     94242   1892229   1659133  no matrixes
c  N dy 10436   1794628    164763    299939    488356     82724   1892229   1104598  no matrixes
c  S st 10802   1856471    164763    299939    488418     83482   1892229   1017140  no matrixes
c  S st 10802   1856972    164763    299939    488464     83936   1892229   1026167  no matrixes
c x-sub:     0 x-cut:      0 vfix:      0 v-elim:      0 locsubst:     0 time:   0.05
c binary deg approx. time:  0.22 s num checked:    594 i:     594 props: 3009k
c Flit:     0 Blit:      0 bXBeca:    0 bXProp:    0 Bins:     83 P: 87.3M T:  5.69
c Time to fill non-learnt binary watchlists: 0.08 s
c subs with bin:        0  lits-rem:         0  v-fix:    0  time:  0.17 s
c Subs w/ non-existent bins:      2 l-rem:      0 v-fix:     0 done:  11033 time:  7.12 s
c Removed useless bin:    3110  fixed:     0  props:  19.85M  time:  1.97 s
c lits-rem:         0  cl-subs:        0  v-elim:      0  v-fix:    0  time:  0.71 s
c Blocked clauses removed:        0    Time: 0.05 s
c lits-rem:       134  cl-subs:     1950  v-elim:      0  v-fix:    0  time:  1.19 s
c asymm  cl-useful: 0/4272/299937 lits-rem:0 time: 1.46
c watched sorting time: 0.03
c  N dy 10802   1856972    164763    299937    485438     81985   1886003   1011254  no matrixes
c  N dy 11555   1975567    164741    299937    485542    136684   1886003   3323543  no matrixes
c  N dy 12301   2101666    164741    299937    485669    135846   1886003   3146337  no matrixes
c  N dy 13067   2235863    164741    299937    485782    138880   1886003   3256515  no matrixes
c  N dy 13909   2378642    164738    299937    485914    146843   1886003   3400263  no matrixes
c  N dy 14728   2530471    164738    299937    486034    159722   1886003   3903373  no matrixes
c  N dy 15731   2692055    164738    299937    486146    105510   1886003   1281088  no matrixes
c  S st 16308   2785638    164672    299937    486217    124840   1886003   1974279  no matrixes
c  S st 16308   2786139    164672    299937    486229    125327   1886003   1987194  no matrixes
c x-sub:     0 x-cut:      0 vfix:      0 v-elim:      0 locsubst:     0 time:   0.05
c binary deg approx. time:  0.22 s num checked:    590 i:     591 props: 3001k
c Flit:     0 Blit:    150 bXBeca:    0 bXProp:   44 Bins:    192 P: 87.0M T:  5.59
c Cleaning up after failed var search:     0.00 s 
c Replacing       44 vars Replaced     7152 lits Time:     0.08 s 
c Time to fill non-learnt binary watchlists: 0.17 s
c subs with bin:        7  lits-rem:         0  v-fix:    0  time:  0.17 s
c Subs w/ non-existent bins:      1 l-rem:      0 v-fix:     0 done:  17884 time:  8.66 s
c Removed useless bin:     172  fixed:     0  props:  19.86M  time:  1.79 s
c lits-rem:         0  cl-subs:      134  v-elim:     18  v-fix:    0  time:  0.73 s
c lits-rem:       424  cl-subs:     2997  v-elim:      0  v-fix:    0  time:  1.50 s
c asymm  cl-useful: 0/1328/299488 lits-rem:0 time: 1.77
c watched sorting time: 0.03
c  N dy 16308   2786139    164460    299488    485198    122088   1882518   1949049  no matrixes
c  N dy 17455   2964504    164460    299488    485310    147786   1882518   3033414  no matrixes
c  N dy 18786   3153794    164460    299488    485435    182236   1882518   4460331  no matrixes
c  N dy 20034   3355212    164460    299488    485560    144054   1882518   2525990  no matrixes
c  N dy 21411   3569423    164232    299488    485691    193459   1882518   4586768  no matrixes
c  F st 22594   3751563    164232    299488    485808    206669   1882518   5120147  no matrixes
c  N dy 22851   3797415    164232    299026    485161    166605   1879814   3128088  no matrixes
c  N dy 24437   4040039    164227    299026    485290    145638   1879814   1919483  no matrixes
c  S st 25346   4179427    164223    299026    485386    194932   1879814   4028331  no matrixes
c  S st 25346   4179930    164223    299026    485400    195421   1879814   4043286  no matrixes
c x-sub:     0 x-cut:      0 vfix:      0 v-elim:      0 locsubst:     0 time:   0.05
c binary deg approx. time:  0.22 s num checked:    579 i:     579 props: 3000k
c Flit:     0 Blit:     77 bXBeca:    0 bXProp:    6 Bins:    163 P: 86.4M T:  5.55
c Replacing        6 vars Replaced      479 lits Time:     0.09 s 
c Time to fill non-learnt binary watchlists: 0.18 s
c subs with bin:        8  lits-rem:         0  v-fix:    0  time:  0.18 s
c Subs w/ non-existent bins:      0 l-rem:      0 v-fix:     0 done:   8693 time:  7.05 s
c Removed useless bin:    3015  fixed:     0  props:  19.84M  time:  1.88 s
c lits-rem:         0  cl-subs:       24  v-elim:     20  v-fix:    0  time:  0.72 s
c lits-rem:       148  cl-subs:     3948  v-elim:      0  v-fix:    0  time:  2.48 s
c asymm  cl-useful: 2/3394/298897 lits-rem:2 time: 1.80
c watched sorting time: 0.04
c  N dy 25346   4179930    164120    298897    482140    191423   1872689   3986436  no matrixes
c  N dy 26777   4446826    164120    298897    482242    179225   1872689   3339127  no matrixes
c  N dy 28362   4731058    164120    298897    482393    177949   1872689   3065516  no matrixes
c  N dy 30008   5033184    164120    298897    482514    185788   1872689   3366411  no matrixes
c  N dy 31787   5354558    164120    298897    482645    203602   1872689   3851974  no matrixes
c  N dy 33650   5696380    164120    298897    482777    233629   1872689   5207531  no matrixes
c  N dy 35666   6062689    164120    298897    482915    170335   1872689   1876169  no matrixes
c  S st 36719   6269929    164120    298897    482979    266958   1872689   6341485  no matrixes
c  S st 36719   6270431    164120    298897    482989    267450   1872689   6363380  no matrixes
c x-sub:     0 x-cut:      0 vfix:      0 v-elim:      0 locsubst:     0 time:   0.06
c binary deg approx. time:  0.21 s num checked:    571 i:     572 props: 3009k
c Flit:    18 Blit:    147 bXBeca:    0 bXProp:   71 Bins:     28 P: 86.4M T:  5.54
c Cleaning up after failed var search:     0.00 s 
c Replacing       71 vars Replaced      909 lits Time:     0.12 s 
c Time to fill non-learnt binary watchlists: 0.20 s
c subs with bin:       24  lits-rem:         0  v-fix:    0  time:  0.18 s
c Subs w/ non-existent bins:      8 l-rem:      1 v-fix:     0 done:  17397 time:  9.17 s
c Removed useless bin:    3080  fixed:     0  props:  19.85M  time:  2.05 s
c lits-rem:         0  cl-subs:      218  v-elim:     22  v-fix:    0  time:  0.84 s
c Blocked clauses removed:        0    Time: 0.06 s
c lits-rem:        77  cl-subs:     4965  v-elim:      0  v-fix:    0  time:  3.97 s
c asymm  cl-useful: 14/3441/298524 lits-rem:14 time: 1.81
c watched sorting time: 0.04
c  N dy 36719   6270431    163845    298524    478974    262394   1863814   6278117  no matrixes
c  N dy 39015   6671347    163845    298524    479120    210999   1863814   3393899  no matrixes
c  N dy 41437   7097177    163845    298524    479235    288482   1863814   7189863  no matrixes
c  N dy 44035   7550568    163845    298524    479402    264003   1863814   5475724  no matrixes
c  N dy 46895   8032594    163845    298524    479539    252609   1863814   4640441  no matrixes
c  N dy 49950   8545556    163845    298524    479712    255916   1863814   4494359  no matrixes
c  N dy 53117   9091142    163845    298524    479867    275837   1863814   5163639  no matrixes
c  S st 55097   9405716    163845    298524    479956    321778   1863814   7318033  no matrixes
c  S st 55097   9406218    163845    298524    479977    322258   1863814   7332561  no matrixes
c x-sub:     0 x-cut:      0 vfix:      0 v-elim:      0 locsubst:     0 time:   0.07
c binary deg approx. time:  0.20 s num checked:    547 i:     548 props: 3002k
c Flit:     0 Blit:      0 bXBeca:    0 bXProp:    0 Bins:      0 P: 121.9M T:  6.10
c Time to fill non-learnt binary watchlists: 0.08 s
c subs with bin:        4  lits-rem:         0  v-fix:    0  time:  0.20 s
c Subs w/ non-existent bins:      9 l-rem:      4 v-fix:     0 done:  18322 time:  8.69 s
c Removed useless bin:     339  fixed:     0  props:  19.87M  time:  1.80 s
c lits-rem:         0  cl-subs:        0  v-elim:      7  v-fix:    0  time:  0.84 s
c lits-rem:       256  cl-subs:     5342  v-elim:      0  v-fix:    0  time:  4.84 s
c asymm  cl-useful: 2/3585/298502 lits-rem:2 time: 2.13
c watched sorting time: 0.04
c  N dy 55097   9406218    163836    298502    479622    316906   1863079   7256887  no matrixes
c  N dy 58641  10006644    163836    298502    479766    224117   1863079   2288870  no matrixes
c  N dy 62412  10645374    163836    298502    479927    292837   1863079   5410512  no matrixes
c  N dy 66588  11324912    163836    298502    480074    386439   1863079   9619044  no matrixes
c  N dy 71014  12050571    163836    298502    480226    358302   1863079   8089421  no matrixes
c  N dy 75639  12819828    163836    298502    480389    348475   1863079   6951566  no matrixes
c  F st 77434  13130468    163836    298502    480448    340645   1863079   6202643  no matrixes
c  N dy 80615  13638252    163836    298502    480579    363429   1863079   7262445  no matrixes
c  S st 83499  14109552    163834    298502    480676    340918   1863079   5647539  no matrixes
c  S st 83499  14110053    163834    298502    480690    341405   1863079   5664897  no matrixes
c x-sub:     0 x-cut:      0 vfix:      0 v-elim:      0 locsubst:     0 time:   0.07
c binary deg approx. time:  0.20 s num checked:    593 i:     594 props: 3000k
c Flit:     7 Blit:      0 bXBeca:    0 bXProp:    0 Bins:     92 P: 86.4M T:  4.71
c Time to fill non-learnt binary watchlists: 0.08 s
c subs with bin:       20  lits-rem:         0  v-fix:    0  time:  0.19 s
c Subs w/ non-existent bins:      5 l-rem:      2 v-fix:     0 done:  17714 time:  8.52 s
c Removed useless bin:     528  fixed:     0  props:  19.85M  time:  1.80 s
c lits-rem:         0  cl-subs:        1  v-elim:     11  v-fix:    0  time:  0.87 s
c lits-rem:        65  cl-subs:     6134  v-elim:      0  v-fix:    0  time:  3.75 s
c asymm  cl-useful: 16/4093/298423 lits-rem:16 time: 1.97
c watched sorting time: 0.04
c  N dy 83499  14110053    163787    298423    480098    335257   1861473   5600959  no matrixes
