c Lingeling SAT Solver
c 
c Version ala b02aa1a04343558c4252b5f4a723be021964f652
c 
c Copyright (C) 2010-2012 Armin Biere JKU Linz Austria.
c All rights reserved.
c 
c released Sat Oct 13 14:05:26 CEST 2012
c compiled Sat Feb 16 02:48:12 EST 2013
c 
c gcc (Debian 4.4.5-8) 4.4.5
c -Wall -O3 -DNLGLOG -DNDEBUG -DNCHKSOL -DNLGLPICOSAT 
c Linux greencar2 2.6.32-5-amd64 x86_64
c 
c reading input file pb_400_04.cnf
c no embedded options
c found 'p cnf 644484 2041921' header
c read 644484 variables, 2041921 clauses, 4263000 literals in 0.0 seconds
c
c feature vars 644484
c feature lits.total 4263000
c feature lits.pos 2261584
c feature lits.neg 2001416
c feature clauses.total 2041921
c feature clauses.unit 233232
c feature clauses.bin 1437499
c feature clauses.trn 368390
c feature clauses.lrg 2800
c feature cog.val.min 1
c feature cog.val.avg 286880
c feature cog.val.max 626333
c feature cog.var.min 1
c feature cog.var.avg 322243
c feature cog.var.max 644483
c
c
c --abstime=0
c --acts=2
c --actavgmax=120
c --actstdmin=20
c --actstdmax=80
c --agile=23
c --bias=2
c --block=1
c --blkrtc=0
c --blkclslim=2000
c --blkocclim=2000
c --blkmaxeff=2147483647
c --blkmineff=10000000
c --blkreleff=20
c --card=0
c --cce=3
c --ccemaxeff=100000000
c --ccemineff=5000000
c --ccereleff=3
c --check=0
c --cgrclsr=1
c --cgrmaxority=20
c --cgrmaxeff=8000000
c --cgrmineff=200000
c --cgreleff=1
c --cgrexteq=1
c --cgrextand=1
c --cgrextunits=1
c --cgrextite=1
c --cgrextxor=1
c --cliff=1
c --cliffreleff=8
c --cliffmineff=10000000
c --cliffmaxeff=100000000
c --compact=0
c --decompose=1
c --defragint=10000000
c --defragfree=50
c --elim=1
c --elmrtc=0
c --elmblk=1
c --elmclslim=1000
c --elmocclim=1000
c --elmaxeff=100000000
c --elmineff=5000000
c --elmreleff=10
c --sleeponabort=0
c --exitonabort=0
c --flipping=1
c --flipint=2
c --flipdur=50
c --fliptop=1
c --force=0
c --gauss=1
c --gaussextrall=1
c --gaussmaxor=20
c --gaussexptrn=1
c --gaussmaxeff=50000000
c --gaussmineff=2000000
c --gaussreleff=2
c --gluescale=2
c --gluekeep=0
c --inprocessing=1
c --cintinc=10000
c --irrlim=20
c --lift=1
c --lftmaxeff=20000000
c --lftmineff=500000
c --lftreleff=6
c --lhbr=1
c --lkhd=1
c --clim=-1
c --mocint=1000
c --move=2
c --log=-1
c --otfs=1
c --phase=0
c --phaseneginit=0
c --plain=0
c --probe=1
c --prbasicmaxeff=100000000
c --prbasicmineff=1000000
c --prbasicreleff=10
c --prbasic=1
c --prbasicroundlim=9
c --queuemergelim=10000
c --queuefactor=833
c --queueinc=20
c --rmincpen=4
c --seed=0
c --smallirr=90
c --smallve=1
c --smallvevars=12
c --randec=1
c --randecint=1000
c --redfixed=0
c --redlbound=0
c --redlexpfac=10
c --redldoutfac=0
c --redloutinc=10000
c --redlinit=1000
c --redlinc=1000
c --redinoutinc=100
c --redlmininc=10
c --redlmaxinc=200
c --redlminrel=10
c --redlmaxrel=300
c --redlminabs=500
c --redlmaxabs=1000000
c --reduce=1
c --restart=2
c --restartint=5
c --rstinoutinc=110
c --simplify=1
c --simpdelay=100
c --simpen=4
c --sizepen=1000000
c --sizemaxpen=3
c --sortlits=0
c --syncint=111111
c --termint=122222
c --ternres=1
c --ternresrtc=0
c --trnrmineff=4000000
c --trnrmaxeff=40000000
c --trnreleff=10
c --transred=1
c --trdmineff=100000
c --trdmaxeff=2000000
c --trdreleff=10
c --unhide=1
c --unhdextstamp=1
c --unhdhbr=0
c --unhdmaxeff=20000000
c --unhdmineff=1000000
c --unhdreleff=4
c --unhdlnpr=3
c --unhdroundlim=5
c --verbose=1
c --witness=1
c [limits] no conflict limit
c [limits] simplification delayed by 100 to 100 conflicts
c 
c  seconds         irredundant          redundant clauses agility   height
c          variables clauses conflicts large binary ternary    glue         MB
c 
c *    0.0  375590  1613041         0       0      0     0  93  0.0   0.0  149
c [cut-width] 550906, max 795611, min4 412628 at 75%, min10 70800 at 88%
c [decision-order] bias 1, old 1
c [queue-schedule-all-variables]
c s    0.1  375590  1613041         0       0      0     0  93  0.0   0.0  149
c [simplification-1] limit hit at 100 conflicts
c [simplification-1] simplification penalty of 4
c [ternres-1] limit 1000000 with penalty 2 = 0 + 2
c [ternres-1] all 375590 free variables schedulable
c [ternres-1] 0 ternary resolvents (0 bin, 0 trn)
c [ternres-1] 357377 variables remain 95% (18213 retained)
c [gauss-1] limit 500000 penalty 2 = 0 + 2
c [gauss-1] extracted 39736 xors of average arity 2.0
c [gauss-1] connected 79472 occurrences of 40912 variables (average 1.9)
c [gauss-1] limit 500000 penalty 2 = 0 + 2
c [gauss-1] exported 0 unary, 0 binary and 0 ternary equations
c G    0.8  375590  1567066       100     100      0     0  35  3.6 205.8   90
c d    1.3  177533   834962       100     100      0     0  35  3.6 205.8   69
c [basicprobe-1] limit 500000 penalty 1 = 0 + 1
c [basicprobe-1-0] 9728 probes remain 5% after last round
c [basicprobe-1-0] removed 0 variables, found 451 hbrs
c p    1.3  177533   834962       100     100    451     0  35  3.6 205.8   83
c [cgrclsr-1] limit 100000 penalty 1 = 0 + 1
c [cgrclsr-1] all 177533 free variables schedulable
c [cgrclsr-1] fully completed congruence closure
c [lift-1] limit 250000 with penalty 1 = 0 + 1
c [lift-1] using 177533 probes 100%
c [lift-1] 177527 variables remain 100% (6 retained)
c [cliff-1] limit of 5000000 steps penalty 1 = 0 + 1
c [cliff-1] failed 0, lifted 0
c [unhide-1] limit 500000 with penalty 1 = 0 + 1
c [unhide-1-1] 0 units, 1 failed, 77264 tauts, 0 hbrs, 118 literals
c u    2.3  177515   757698       100      98   2527     1  35  3.6 205.8   83
c [transred-1] limit 116111 based on 1857786 irredundant literals
c t    2.3  177515   757697       100      98   2527     1  35  3.6 205.8   83
c [block-1] scheduling all variables this time
c [block-1] scheduled 177515 variables 100%
c [block-1] limit of 10000000 steps penalty 0 = 0 + 0
c [block-1] fully completed blocked clause elimination
c [block-1] transition to [ all 0 rem 0 ] state
c [block-1] eliminated 9600 blocked clauses
c k    2.9  177515   748008       100      98   2527  9601  35  3.6 205.8   69
c [cce-1] scheduling all variables this time
c [cce-1] limit of 10000000 steps penalty 0 = 0 + 0
c [cce-1] incomplete covered clause elimination 168431 not tried 95%
c [cce-1] transition to [ all 1 rem 1 ] state
c [cce-1] eliminated 4 covered clauses
c E    3.5  177514   748004       100      98   2717  9601  35  3.6 205.8   69
c [elim-1] scheduling all variables this time
c [elim-1] scheduled 177514 variables 100%
c [elim-1] limit of 5000000 steps penalty 0 = 0 + 0
c [elim-1] incomplete variable elimination 157420 not tried 89%
c [elim-1] transition to [ all 1 rem 1 ] state
c [elim-1] eliminated 12150 = 7% variables out of 177514
c e    4.6  165364   740109       100      58   1656  1279  35  3.6 205.8   68
c [phase-1] phase bias: 5208 positive 7%, 69772 negative 93%
c [simplification-1] removed 210226 variables 55%
c [simplification-1] limit increments divided by 28
c [simplification-1] arithmetic increase of conflict limit interval by 357
c [simplification-1] new irredundant limit 6934682
c [simplification-1] new conflict limit 457
c [simplification-1] simplification penalty reduced to 3
c R    4.9  165364   740109       162     105   1662  1286  19  3.4 170.5   82
c R    5.1  165364   740109       406     291   1686  1319  10  3.9 154.1   82
c [simplification-2] limit hit at 457 conflicts
c [simplification-2] simplification penalty of 3
c [ternres-2] limit 2000000 with penalty 1 = 1 + 0
c [ternres-2] 157324 schedulable variables 95%
c [ternres-2] 3 ternary resolvents (0 bin, 3 trn)
c [ternres-2] 136345 variables remain 82% (29019 retained)
c T    5.1  165364   740109       457     332   1691  1326   7  3.8 146.0   84
c [gauss-2] limit 1000000 penalty 1 = 1 + 0
c [gauss-2] extracted 322 xors of average arity 3.0
c [gauss-2] connected 966 occurrences of 914 variables (average 1.1)
c [gauss-2] limit 1000000 penalty 1 = 1 + 0
c [gauss-2] fully completed
c [gauss-2] exported 0 unary, 0 binary and 0 ternary equations
c G    5.3  165364   740109       457     332   1691  1326   7  3.8 146.0   68
c [basicprobe-2] limit 500000 penalty 1 = 1 + 0
c [basicprobe-2-0] 10130 probes remain 6% after last round
c [basicprobe-2-0] removed 0 variables, found 405 hbrs
c p    5.6  165364   740109       457     332   2096  1326   7  3.8 146.0   82
c [cgrclsr-2] limit 114252 based on 1828043 irredundant literals
c [cgrclsr-2] all 165364 free variables schedulable
c [cgrclsr-2] fully completed congruence closure
c [lift-2] limit 250000 with penalty 1 = 1 + 0
c [lift-2] using 165358 probes 100%
c [lift-2] 165349 variables remain 100% (15 retained)
c [cliff-2] limit of 5000000 steps penalty 1 = 1 + 0
c [cliff-2] failed 0, lifted 0
c [unhide-2] limit 1000000 with penalty 0 = 0 + 0
c [unhide-2-2] 0 units, 0 failed, 768 tauts, 0 hbrs, 263 literals
c u    6.6  165364   740098       457     329   2490  1324   7  3.8 146.0   82
c [transred-3] limit 228502 based on 1828021 irredundant literals
c t    6.6  165364   740096       457     329   2490  1324   7  3.8 146.0   82
c [block-2] scheduling all variables this time
c [block-2] scheduled 165364 variables 100%
c [block-2] limit of 10000000 steps penalty 0 = 0 + 0
c [block-2] fully completed blocked clause elimination
c [block-2] transition to [ all 0 rem 0 ] state
c [block-2] eliminated 0 blocked clauses
c [cce-2] 160584 variables 97% will be scheduled this time
c [cce-2] limit of 10000000 steps penalty 0 = 0 + 0
c [cce-2] 160024 variables 97% remain to be tried next time
c [cce-2] transition to [ all 0 rem 1 ] state
c [cce-2] eliminated 167 covered clauses
c E    7.6  165364   739929       457     329   2888  1324   7  3.8 146.0   68
c [elim-2] 157413 variables 95% will be scheduled this time
c [elim-2] scheduled 157413 variables 95%
c [elim-2] limit of 5000000 steps penalty 0 = 0 + 0
c [elim-2] 147146 variables 89% remain to be tried next time
c [elim-2] transition to [ all 0 rem 1 ] state
c [elim-2] eliminated 1082 = 1% variables out of 165364
c e    8.7  164282   739222       457     326   2332  1323   7  3.8 146.0   68
c [phase-2] phase bias: 86 positive 95%, 5 negative 5%
c [simplification-2] removed 1082 variables 0%
c [simplification-2] no reduction of limit increments
c [simplification-2] arithmetic increase of conflict limit interval by 10000
c [simplification-2] new irredundant limit 6934682
c [simplification-2] new conflict limit 10814
c [simplification-2] simplification penalty reduced to 2
c R    9.4  164282   739222       971     760   2350  1380   1  4.1 195.4   82
c -    9.7  164282   739222      1303     502   2383  1429   2  3.9 169.9   82
c R   10.6  164282   739222      2264    1331   2419  1518   3  5.1 308.2   83
c i   11.0  164281   739221      2766    1695   2473  1593   2  4.8 277.5   83
c 
c  seconds         irredundant          redundant clauses agility   height
c          variables clauses conflicts large binary ternary    glue         MB
c 
c -   12.1  164281   739221      4425    1617   2561  1749   2  5.1 251.8   83
c R   12.4  164281   739221      5172    2335   2561  1778   4  6.1 274.7   83
c i   13.3  164280   739220      6027    3015   2628  1876   3  5.8 260.3   84
c -   15.2  164280   739220      8422    2503   2777  2106   3  6.1 243.3   83
c [simplification-3] limit hit at 10815 conflicts
c [simplification-3] simplification penalty of 2
c [ternres-3] limit 4000000 with penalty 0 = 0 + 0
c [ternres-3] 135468 schedulable variables 82%
c [ternres-3] 106 ternary resolvents (0 bin, 106 trn)
c [ternres-3] 94104 variables remain 57% (70176 retained)
c T   16.8  164280   739220     10815    4638   2869  2357   8  6.3 249.9   85
c [gauss-3] limit 500000 penalty 2 = 2 + 0
c [gauss-3] extracted 163 xors of average arity 3.0
c [gauss-3] connected 489 occurrences of 476 variables (average 1.0)
c [gauss-3] limit 500000 penalty 2 = 2 + 0
c [gauss-3] fully completed
c [gauss-3] exported 0 unary, 0 binary and 0 ternary equations
c G   17.1  164280   739187     10815    4637   2869  2357   8  6.3 249.9   69
c d   17.4  164268   739167     10815    4636   2865  2356   8  6.3 249.9   69
c [basicprobe-3] limit 625640 penalty 2 = 2 + 0
c [basicprobe-3-0] 10163 probes remain 6% after last round
c [basicprobe-3-0] removed 0 variables, found 1250 hbrs
c p   17.5  164268   739167     10815    4636   4115  2345   8  6.3 249.9   83
c [cgrclsr-3] limit 228710 based on 1829685 irredundant literals
c [cgrclsr-3] all 164268 free variables schedulable
c [cgrclsr-3] fully completed congruence closure
c [lift-3] limit 375384 with penalty 2 = 2 + 0
c [lift-3] using 164253 probes 100%
c [lift-3] 164240 variables remain 100% (27 retained)
c [lift-3] removed 1 variables
c ^   18.2  164267   739151     10815    4636   4149  2344   8  6.3 249.9   69
c [cliff-3] limit of 2500000 steps penalty 2 = 2 + 0
c [cliff-3] failed 0, lifted 0
c [unhide-3] limit 1001024 with penalty 0 = 0 + 0
c [unhide-3-3] 0 units, 2 failed, 2177 tauts, 0 hbrs, 7329 literals
c u   18.6  164262   737033     10815    4585   4235  2319   8  6.3 249.9   83
c [transred-5] limit 2000000 with penalty 0 = 0 + 0
c t   18.7  164262   737028     10815    4585   4234  2319   8  6.3 249.9   83
c [block-3] scheduling all variables this time
c [block-3] scheduled 164262 variables 100%
c [block-3] limit of 5000000 steps penalty 1 = 1 + 0
c [block-3] incomplete blocked clause elimination 3682 not tried 2%
c [block-3] transition to [ all 1 rem 1 ] state
c [block-3] eliminated 0 blocked clauses
c [cce-3] scheduling all variables this time
c [cce-3] limit of 5000000 steps penalty 0 = 0 + 0
c [cce-3] 159029 variables 97% remain to be tried next time
c [cce-3] transition to [ all 1 rem 1 ] state
c [cce-3] eliminated 48 covered clauses
c E   19.8  164254   736955     10815    4585   5571  2301   8  6.3 249.9   69
c [elim-3] scheduling all variables this time
c [elim-3] scheduled 164254 variables 100%
c [elim-3] limit of 5000000 steps penalty 0 = 0 + 0
c [elim-3] 140085 variables 85% remain to be tried next time
c [elim-3] transition to [ all 1 rem 1 ] state
c [elim-3] eliminated 563 = 0% variables out of 164254
c e   20.9  163691   736599     10815    4518   4105  2292   8  6.3 249.9   69
c [phase-3] phase bias: 0 positive 0%, 0 negative 0%
c [simplification-3] removed 589 variables 0%
c [simplification-3] no reduction of limit increments
c [simplification-3] arithmetic increase of conflict limit interval by 10000
c [simplification-3] new irredundant limit 6934682
c [simplification-3] new conflict limit 31172
c [simplification-3] simplification penalty reduced to 1
c R   21.5  163691   736599     11620    5291   4115  2313   3  6.7 248.9   85
c i   21.7  163690   736598     11753    5379   4122  2342   2  6.7 249.2   85
c -   23.3  163690   736598     13874    3728   4245  2549   5  6.4 243.1   83
c i   27.0  163689   736597     18303    7473   4486  2906   6  7.6 233.7   85
c i   27.9  163681   736596     19539    8553   4538  3000   8  7.5 234.1   85
c -   28.4  163681   736596     20072    4500   4567  3050   4  7.5 231.9   84
c i   28.6  163680   736595     20243    4636   4581  3064   2  7.5 231.4   84
c R   32.2  163680   736595     25822   10061   4628  3160   2  9.0 228.9   88
c -   33.4  163680   736595     26967    5502   4701  3272   5  8.8 226.4   84
c i   34.9  163679   736594     28533    6835   4789  3398   1  8.7 224.1   85
c 
c  seconds         irredundant          redundant clauses agility   height
c          variables clauses conflicts large binary ternary    glue         MB
c 
c i   36.3  163678   736593     29975    8048   4878  3518   3  8.6 223.0   85
c i   36.3  163677   736592     29978    8048   4879  3518   3  8.6 223.0   85
c [simplification-4] limit hit at 31172 conflicts
c [simplification-4] simplification penalty of 1
c [ternres-4] limit 6978624 with penalty 0 = 0 + 0
c [ternres-4] 93772 schedulable variables 57%
c [ternres-4] 252 ternary resolvents (1 bin, 251 trn)
c [ternres-4] 21778 variables remain 13% (141899 retained)
c T   37.3  163677   736592     31172    9176   4893  3815   3  8.6 224.2   86
c [gauss-4] limit 456301 based on 1825206 irredundant literals
c [gauss-4] extracted 135 xors of average arity 3.0
c [gauss-4] connected 403 occurrences of 403 variables (average 1.0)
c [gauss-4] limit 456189 based on 1824759 irredundant literals
c [gauss-4] fully completed
c [gauss-4] exported 0 unary, 0 binary and 0 ternary equations
c G   37.6  163677   736445     31172    9174   4892  3811   3  8.6 224.2   70
c d   37.9  163639   736382     31172    9169   4878  3805   3  8.6 224.2   70
c [basicprobe-4] limit 872328 penalty 3 = 3 + 0
c [basicprobe-4-0] 9751 probes remain 6% after last round
c [basicprobe-4-0] 3 units = 3 failed (100%) + 0 lifted (0%)
c [basicprobe-4-0] removed 3 variables, found 1279 hbrs
c p   38.0  163636   736382     31172    9169   6157  3777   3  8.6 224.2   84
c [cgrclsr-4] limit 456130 based on 1824521 irredundant literals
c [cgrclsr-4] all 163636 free variables schedulable
c [cgrclsr-4] fully completed congruence closure
c [cgrclsr-4] removed 1 variables
c C   38.5  163635   736343     31172    9168   6129  3777   3  8.6 224.2   70
c [lift-4] limit 2093587 with penalty 1 = 1 + 0
c [lift-4] using 163608 probes 100%
c [lift-4] 163554 variables remain 100% (81 retained)
c [cliff-4] limit of 1824517 steps based on 1824517 irredundant literals
c [cliff-4] failed 0, lifted 0
c [unhide-4] limit 2791449 with penalty 0 = 0 + 0
c [unhide-4-4] 1 units, 5 failed, 1104 tauts, 0 hbrs, 22188 literals
c u   39.2  163630   736333     31172    8978   5872  3479   3  8.6 224.2   84
c [transred-7] limit 2000000 with penalty 0 = 0 + 0
c t   39.4  163630   736328     31172    8978   5868  3479   3  8.6 224.2   84
c [block-4] 3682 variables 2% will be scheduled this time
c [block-4] scheduled 3682 variables 2%
c [block-4] limit of 3489312 steps penalty 2 = 2 + 0
c [block-4] fully completed blocked clause elimination
c [block-4] transition to [ all 0 rem 0 ] state
c [block-4] eliminated 0 blocked clauses
c [cce-4] 158434 variables 97% will be scheduled this time
c [cce-4] limit of 10000000 steps penalty 0 = 0 + 0
c [cce-4] 158051 variables 97% remain to be tried next time
c [cce-4] transition to [ all 0 rem 1 ] state
c [cce-4] eliminated 283 covered clauses
c E   40.4  163630   735986     31172    8978   6468  3479   3  8.6 224.2   70
c [elim-4] 140036 variables 86% will be scheduled this time
c [elim-4] scheduled 140036 variables 86%
c [elim-4] limit of 6978624 steps penalty 0 = 0 + 0
c [elim-4] 126106 variables 77% remain to be tried next time
c [elim-4] transition to [ all 0 rem 1 ] state
c [elim-4] eliminated 617 = 0% variables out of 163630
c e   41.9  163013   735692     31172    8751   5646  3449   3  8.6 224.2   70
c [phase-4] phase bias: 0 positive 0%, 0 negative 0%
c [simplification-4] removed 664 variables 0%
c [simplification-4] no reduction of limit increments
c [simplification-4] arithmetic increase of conflict limit interval by 10000
c [simplification-4] new irredundant limit 6934682
c [simplification-4] new conflict limit 61529
c [simplification-4] simplification penalty reduced to 0
c i   42.3  163012   735691     31263    8820   5657  3457   2  8.5 223.7   85
c i   42.8  163011   735690     31679    9163   5684  3496   2  8.5 223.4   86
c i   42.8  163010   735689     31687    9169   5685  3496   2  8.5 223.3   86
c i   43.0  163009   735688     32059    9475   5709  3528   8  8.5 222.3   86
c i   43.3  163008   735687     32224    9596   5721  3556   7  8.4 221.7   86
c i   43.7  163007   735686     32663    9966   5748  3593   6  8.4 220.6   86
c i   45.6  163006   735685     34713   11735   5844  3750   6  8.3 217.7   86
c i   45.8  163005   735684     34857   11843   5853  3773   3  8.2 217.0   86
c i   45.9  163004   735683     34917   11884   5864  3779   4  8.2 216.6   86
c i   46.0  163003   735682     35077   12024   5872  3788   3  8.2 216.6   86
c -   46.6  163003   735682     36195    6551   5881  3817   5  8.3 216.8   84
c i   47.3  163002   735681     37574    7874   5897  3853   2  8.4 215.7   85
c 
c  seconds         irredundant          redundant clauses agility   height
c          variables clauses conflicts large binary ternary    glue         MB
c 
c i   47.5  163001   735680     37742    7999   5908  3882   5  8.4 215.3   85
c i   47.5  163000   735679     37744    7999   5909  3881   5  8.4 215.3   85
c i   47.6  162999   735678     37889    8120   5919  3888   3  8.4 215.4   85
c i   47.7  162998   735677     37961    8174   5926  3897   4  8.4 215.1   85
c i   48.1  162996   735676     38309    8460   5946  3932   4  8.3 214.1   85
c i   48.1  162995   735675     38310    8460   5946  3932   4  8.3 214.1   85
c i   49.5  162994   735674     39760    9750   5993  4037   5  8.3 215.1   87
c i   50.0  162993   735673     40240   10140   6029  4084   9  8.3 213.7   86
c i   50.3  162992   735672     40579   10422   6059  4103   5  8.2 213.5   87
c i   50.3  162991   735671     40580   10422   6059  4103   5  8.2 213.5   87
c i   50.7  162990   735670     40908   10708   6069  4133   9  8.2 213.1   87
c i   51.1  162989   735669     41202   10950   6091  4158   5  8.2 212.7   87
c i   51.1  162988   735668     41211   10955   6094  4157   5  8.2 212.6   87
c i   51.1  162987   735667     41242   10975   6097  4164   5  8.2 212.5   87
c i   52.6  162986   735666     42824   12472   6121  4220   6  8.2 213.9   87
c i   53.1  162985   735665     43261   12818   6148  4274   2  8.2 213.0   87
c i   53.5  162984   735664     43644   13172   6157  4290   6  8.2 214.1   88
c i   54.2  162983   735663     44120   13543   6199  4348   5  8.2 213.5   87
c i   54.4  162982   735662     44270   13654   6218  4364   5  8.1 213.1   87
c i   54.5  162981   735661     44435   13802   6222  4373   4  8.1 213.0   87
c i   54.9  162980   735660     44940   14266   6228  4404   4  8.2 213.2   87
c i   55.0  162979   735659     45026   14327   6234  4417   4  8.2 213.1   87
c i   55.4  162978   735658     45304   14558   6245  4451   6  8.2 212.7   87
c 
c  seconds         irredundant          redundant clauses agility   height
c          variables clauses conflicts large binary ternary    glue         MB
c 
c i   55.5  162977   735657     45350   14600   6246  4453   3  8.2 212.7   87
c i   55.7  162976   735656     45518   14725   6259  4482   3  8.2 212.1   88
c -   56.1  162976   735656     45898    7539   6268  4499   3  8.2 212.3   84
c i   56.4  162975   735655     46099    7695   6286  4522   3  8.2 211.8   86
c i   61.1  162974   735654     54700   16114   6331  4645   5  9.5 216.4   90
c -   61.8  162974   735654     55717    8617   6332  4664   2  9.6 215.8   85
c R   62.4  162974   735654     56792    9686   6332  4670   1  9.6 215.3   86
c i   62.7  162973   735653     56981    9846   6344  4684   3  9.6 215.4   86
c i   63.2  162972   735652     57379   10181   6366  4721   5  9.6 214.5   86
c i   63.6  162971   735651     57811   10558   6386  4754   2  9.6 214.1   86
c i   64.1  162970   735650     58064   10752   6415  4776   2  9.6 213.6   86
c i   64.6  162969   735649     58469   11102   6437  4803   8  9.5 212.8   86
c i   64.7  162968   735648     58693   11310   6439  4816   4  9.5 212.6   87
c i   65.5  162967   735647     59469   11991   6473  4874   2  9.5 212.1   86
c i   65.5  162966   735646     59481   11999   6474  4876   2  9.5 212.0   86
c i   65.5  162965   735645     59513   12024   6478  4878   2  9.5 212.0   86
c i   65.8  162964   735644     59670   12147   6485  4901   4  9.5 211.5   87
c i   66.8  162963   735643     60496   12858   6526  4971   7  9.4 210.8   87
c i   66.8  162962   735642     60497   12857   6526  4972   7  9.4 210.8   87
c i   67.0  162961   735641     60585   12924   6535  4982   2  9.4 211.0   87
c i   67.1  162960   735640     60653   12977   6542  4989   5  9.4 210.9   87
c i   67.8  162959   735639     61304   13568   6560  5026   2  9.4 211.9   87
c i   67.9  162958   735638     61509   13747   6566  5044   4  9.4 211.7   87
c [simplification-5] limit hit at 61529 conflicts
c [simplification-5] no simplification penalty
c [ternres-5] limit 14041866 with penalty 0 = 0 + 0
c [ternres-5] 21662 schedulable variables 13%
c [ternres-5] 342 ternary resolvents (7 bin, 335 trn)
c [ternres-5] fully completed ternary resolution
c 
c  seconds         irredundant          redundant clauses agility   height
c          variables clauses conflicts large binary ternary    glue         MB
c 
c T   68.0  162958   735638     61529   13763   6573  5383   4  9.4 211.6   88
c [gauss-5] limit 912491 based on 1824982 irredundant literals
c [gauss-5] extracted 412 xors of average arity 2.7
c [gauss-5] connected 1112 occurrences of 787 variables (average 1.4)
c [gauss-5] limit 911145 based on 1822291 irredundant literals
c [gauss-5] fully completed
c d   68.6  162672   734292     61529   13731   6434  5338   4  9.4 211.6   71
c [gauss-5] exported 0 unary, 3 binary and 0 ternary equations
c G   68.6  162672   734292     61529   13731   6434  5338   4  9.4 211.6   71
c [basicprobe-5] limit 3510466 penalty 2 = 2 + 0
c [basicprobe-5-0] 8683 probes remain 5% after last round
c [basicprobe-5-0] 20 units = 20 failed (100%) + 0 lifted (0%)
c [basicprobe-5-0] removed 20 variables, found 4326 hbrs
c p   69.2  162652   734292     61529   13731  10760  5245   4  9.4 211.6   85
c [cgrclsr-5] limit 910121 based on 1820243 irredundant literals
c [cgrclsr-5] all 162652 free variables schedulable
c [cgrclsr-5] fully completed congruence closure
c [cgrclsr-5] removed 20 variables
c C   69.7  162632   733951     61529   13717  10638  5234   4  9.4 211.6   71
c [lift-5] limit 2106279 with penalty 2 = 2 + 0
c [lift-5] using 162551 probes 100%
c [lift-5] 162502 variables remain 100% (130 retained)
c [cliff-5] limit of 3640324 steps based on 1820162 irredundant literals
c [cliff-5] failed 0, lifted 0
c [unhide-5] limit 5616746 with penalty 0 = 0 + 0
c [unhide-5-6] 1 units, 2 failed, 3690 tauts, 0 hbrs, 29932 literals
c u   71.1  162615   732086     61529   13536   9655  4639   4  9.4 211.6   85
c [transred-9] limit 2000000 with penalty 0 = 0 + 0
c t   71.3  162615   732079     61529   13536   9653  4639   4  9.4 211.6   85
c [block-5] scheduling all variables this time
c [block-5] scheduled 162615 variables 100%
c [block-5] limit of 3510466 steps penalty 3 = 3 + 0
c [block-5] incomplete blocked clause elimination 34906 not tried 21%
c [block-5] transition to [ all 1 rem 1 ] state
c [block-5] eliminated 0 blocked clauses
c [cce-5] scheduling all variables this time
c [cce-5] limit of 5000000 steps penalty 0 = 0 + 0
c [cce-5] 157134 variables 97% remain to be tried next time
c [cce-5] transition to [ all 1 rem 1 ] state
c [cce-5] eliminated 125 covered clauses
c E   72.3  162597   731949     61529   13536  10103  4599   4  9.4 211.6   71
c [elim-5] scheduling all variables this time
c [elim-5] scheduled 162597 variables 100%
c [elim-5] limit of 14041866 steps penalty 0 = 0 + 0
c [elim-5] 120094 variables 74% remain to be tried next time
c [elim-5] transition to [ all 1 rem 1 ] state
c [elim-5] eliminated 604 = 0% variables out of 162597
c e   75.1  161993   731535     61529   13002   9372  4472   4  9.4 211.6   71
c [simplification-5] removed 965 variables 0%
c [simplification-5] no reduction of limit increments
c [simplification-5] arithmetic increase of conflict limit interval by 10000
c [simplification-5] new irredundant limit 6934682
c [simplification-5] new conflict limit 101886
c i   75.3  161992   731534     61742   13199   9377  4482   5  9.4 211.5   87
c i   75.3  161991   731533     61745   13199   9378  4483   5  9.4 211.5   87
c i   75.3  161990   731532     61746   13199   9378  4483   5  9.4 211.5   87
c i   75.3  161989   731531     61748   13199   9379  4483   5  9.4 211.5   87
c i   75.8  161988   731531     62174   13579   9392  4509   2  9.4 210.8   88
c i   75.8  161987   731530     62182   13583   9394  4510   2  9.4 210.7   88
c i   75.8  161984   731529     62224   13607   9399  4519   3  9.4 210.7   88
c i   75.8  161983   731528     62225   13607   9399  4519   3  9.4 210.7   88
c i   76.0  161982   731527     62387   13742   9403  4538   2  9.3 210.6   88
c i   76.0  161981   731526     62394   13745   9406  4538   2  9.3 210.6   88
c i   76.1  161980   731525     62486   13818   9417  4544   5  9.3 210.3   88
c i   76.1  161979   731524     62488   13818   9417  4545   5  9.3 210.3   88
c i   76.2  161978   731523     62567   13881   9422  4555   5  9.3 210.3   88
c i   76.3  161977   731522     62627   13926   9430  4561   5  9.3 210.2   88
c 
c  seconds         irredundant          redundant clauses agility   height
c          variables clauses conflicts large binary ternary    glue         MB
c 
c i   76.3  161976   731521     62632   13929   9430  4562   5  9.3 210.2   88
c i   76.3  161975   731520     62646   13936   9433  4565   5  9.3 210.2   88
c i   76.3  161968   731519     62657   13946   9433  4565   5  9.3 210.2   88
c i   76.6  161967   731518     62949   14211   9443  4580   6  9.3 209.7   88
c i   76.6  161966   731517     62950   14211   9443  4580   6  9.3 209.6   88
c i   76.6  161965   731516     62951   14211   9443  4580   6  9.3 209.6   88
c i   76.6  161964   731515     62958   14213   9445  4581   6  9.3 209.6   88
c i   76.7  161963   731514     63050   14280   9456  4593   4  9.3 209.3   88
c i   76.7  161962   731513     63069   14288   9463  4596   4  9.3 209.3   88
c i   76.8  161961   731512     63120   14329   9467  4601   5  9.3 209.4   88
c i   76.8  161960   731511     63121   14329   9467  4601   5  9.3 209.4   88
c i   76.8  161959   731510     63152   14347   9472  4607   5  9.3 209.3   88
c i   76.8  161958   731509     63153   14347   9472  4607   5  9.3 209.3   88
c i   77.1  161957   731508     63377   14535   9490  4620   3  9.3 208.9   88
c i   77.1  161956   731507     63393   14545   9491  4624   3  9.3 208.9   88
c i   77.2  161955   731506     63474   14613   9494  4633   2  9.3 208.7   88
c i   77.2  161954   731505     63475   14613   9494  4633   2  9.3 208.7   88
c i   77.2  161953   731504     63502   14626   9497  4643   4  9.3 208.6   88
c i   77.3  161952   731503     63504   14626   9497  4644   5  9.3 208.6   88
c i   77.3  161951   731502     63509   14628   9498  4645   5  9.3 208.6   88
c i   77.3  161950   731501     63510   14628   9498  4645   5  9.3 208.6   88
c i   77.3  161949   731500     63513   14629   9499  4645   5  9.3 208.6   88
c i   77.3  161948   731499     63519   14632   9499  4647   5  9.3 208.6   88
c 
c  seconds         irredundant          redundant clauses agility   height
c          variables clauses conflicts large binary ternary    glue         MB
c 
c i   77.3  161947   731498     63536   14642   9502  4650   5  9.3 208.5   88
c i   77.5  161946   731497     63658   14737   9513  4664   2  9.3 208.3   88
c i   77.5  161945   731496     63661   14739   9513  4664   1  9.3 208.3   88
c i   77.9  161944   731495     64122   15191   9516  4669   4  9.3 209.0   88
c i   78.1  161943   731494     64275   15314   9527  4686   2  9.2 208.5   88
c i   78.2  161942   731493     64320   15343   9536  4691   3  9.2 208.4   88
c i   78.4  161941   731492     64468   15456   9543  4718   3  9.2 208.1   88
c i   78.4  161940   731491     64470   15456   9543  4719   3  9.2 208.1   88
c i   78.5  161939   731490     64552   15510   9553  4732   6  9.2 207.9   88
c i   78.5  161938   731489     64563   15516   9556  4732   5  9.2 207.8   88
c i   78.7  161937   731488     64733   15646   9570  4757   3  9.2 207.5   88
c i   78.7  161936   731487     64747   15656   9572  4757   3  9.2 207.5   88
c i   78.8  161935   731486     64767   15670   9575  4758   3  9.2 207.5   88
c i   78.8  161934   731485     64768   15670   9575  4758   3  9.2 207.5   88
c i   78.9  161933   731484     64826   15707   9585  4768   2  9.2 207.3   88
c i   79.0  161932   731483     64887   15754   9592  4770   2  9.2 207.4   88
c i   79.0  161931   731482     64907   15766   9595  4774   2  9.2 207.4   88
c i   79.0  161930   731481     64910   15766   9596  4775   2  9.2 207.4   88
c i   79.0  161929   731480     64927   15779   9598  4776   2  9.2 207.3   88
c i   79.1  161928   731479     65063   15902   9603  4783   2  9.2 207.4   88
c i   79.3  161927   731478     65219   16052   9606  4784   3  9.2 207.3   88
c i   79.3  161926   731477     65220   16052   9606  4784   3  9.2 207.3   88
c i   79.3  161925   731476     65279   16090   9617  4792   4  9.2 207.1   88
c 
c  seconds         irredundant          redundant clauses agility   height
c          variables clauses conflicts large binary ternary    glue         MB
c 
c i   79.3  161924   731475     65292   16099   9620  4792   4  9.2 207.1   88
c i   79.4  161923   731474     65309   16107   9624  4796   4  9.2 207.1   88
c i   79.4  161922   731473     65311   16107   9624  4797   4  9.2 207.1   88
c i   79.4  161921   731472     65312   16107   9624  4797   4  9.2 207.1   88
c i   79.4  161920   731471     65369   16148   9632  4803   4  9.2 206.9   88
c i   79.4  161919   731471     65374   16149   9633  4804   7  9.2 206.8   88
c i   79.4  161918   731470     65375   16149   9633  4804   7  9.2 206.8   88
c i   79.5  161917   731469     65448   16202   9641  4815   4  9.2 206.6   88
c i   79.5  161916   731468     65449   16202   9641  4815   4  9.2 206.6   88
c i   79.5  161915   731467     65454   16203   9644  4815   4  9.2 206.6   88
c i   79.5  161914   731466     65468   16209   9647  4819   4  9.2 206.5   88
c i   79.6  161913   731465     65503   16236   9650  4823   5  9.2 206.5   88
c i   79.6  161912   731464     65506   16237   9650  4824   6  9.2 206.5   88
c i   79.9  161911   731463     65695   16387   9662  4846   3  9.2 206.0   88
c i   79.9  161910   731462     65697   16387   9662  4847   3  9.2 206.0   88
c i   79.9  161909   731461     65775   16443   9673  4854   5  9.2 206.0   87
c i   79.9  161908   731460     65776   16443   9673  4854   5  9.2 206.0   87
c i   79.9  161907   731459     65780   16444   9675  4854   5  9.2 206.0   87
c i   80.1  161904   731458     65895   16531   9682  4872   7  9.2 205.8   88
c i   80.1  161903   731457     65896   16531   9682  4872   7  9.2 205.8   88
c i   80.1  161902   731456     65915   16545   9684  4874   4  9.2 205.8   88
c i   80.1  161901   731455     65923   16552   9684  4874   3  9.2 205.7   88
c i   80.1  161900   731454     65924   16552   9684  4874   3  9.2 205.7   88
c 
c  seconds         irredundant          redundant clauses agility   height
c          variables clauses conflicts large binary ternary    glue         MB
c 
c i   80.4  161899   731453     66262   16865   9691  4890   4  9.2 206.0   88
c i   80.5  161898   731452     66443   17024   9700  4902   6  9.1 205.8   88
c i   80.5  161897   731451     66448   17026   9701  4903   7  9.1 205.8   88
c i   80.5  161879   731451     66449   17026   9700  4903   7  9.1 205.8   88
c i   80.5  161851   731450     66450   17026   9700  4903   7  9.1 205.8   88
c i   80.9  161848   731449     67158   17713   9705  4918   5  9.2 205.6   88
c i   80.9  161847   731448     67194   17736   9709  4926   4  9.2 205.6   88
c i   80.9  161846   731447     67217   17752   9711  4930   4  9.2 205.6   88
c i   80.9  161845   731446     67238   17766   9715  4932   4  9.1 205.5   88
c i   80.9  161844   731445     67239   17766   9715  4932   4  9.1 205.5   88
c i   80.9  161843   731444     67240   17766   9715  4932   4  9.1 205.5   88
c i   80.9  161842   731443     67241   17766   9715  4932   4  9.1 205.5   88
c i   80.9  161841   731442     67242   17766   9715  4932   4  9.1 205.5   88
c i   80.9  161840   731441     67243   17766   9715  4932   4  9.1 205.5   88
c i   81.0  161838   731440     67314   17811   9725  4947   6  9.1 205.4   88
c i   81.0  161837   731439     67331   17825   9725  4949   7  9.1 205.3   88
c i   81.0  161836   731438     67360   17844   9730  4952   4  9.1 205.2   88
c i   81.1  161835   731437     67420   17877   9741  4966   5  9.1 205.1   88
c i   81.1  161834   731436     67431   17882   9742  4970   3  9.1 205.0   88
c i   81.1  161833   731435     67457   17899   9747  4973   5  9.1 204.9   88
c i   81.1  161832   731434     67464   17903   9749  4973   5  9.1 204.9   88
c i   81.2  161831   731433     67588   17997   9763  4988   3  9.1 204.6   88
c i   81.2  161830   731432     67614   18019   9764  4990   3  9.1 204.6   88
c 
c  seconds         irredundant          redundant clauses agility   height
c          variables clauses conflicts large binary ternary    glue         MB
c 
c i   81.3  161829   731431     67717   18096   9777  5001   8  9.1 204.4   88
c i   81.3  161828   731430     67718   18096   9777  5001   8  9.1 204.4   88
c i   81.4  161827   731429     67792   18150   9786  5011   5  9.1 204.3   88
c i   81.4  161826   731428     67803   18156   9790  5011   6  9.1 204.3   88
c i   81.4  161825   731427     67819   18165   9792  5015   5  9.1 204.3   88
c i   81.4  161824   731427     67820   18165   9791  5015   5  9.1 204.3   88
c i   81.5  161808   731426     67893   18199   9807  5036   4  9.1 204.1   88
c i   81.5  161807   731425     67974   18260   9815  5047   4  9.1 204.0   88
c i   81.6  161806   731424     68030   18303   9819  5054   5  9.1 203.9   88
c i   81.6  161805   731423     68031   18303   9819  5054   5  9.1 203.9   88
c i   81.7  161804   731422     68089   18327   9834  5071   7  9.1 203.8   88
c i   81.7  161802   731421     68202   18413   9847  5083  10  9.1 203.7   88
c i   81.7  161801   731420     68235   18439   9848  5088   6  9.1 203.6   88
c i   81.8  161800   731419     68298   18479   9861  5097   5  9.1 203.5   88
c i   81.8  161799   731418     68299   18479   9861  5097   5  9.1 203.4   88
c i   81.9  161798   731417     68365   18533   9867  5102   4  9.1 203.3   88
c i   81.9  161797   731416     68367   18533   9868  5102   4  9.1 203.2   88
c i   81.9  161796   731415     68413   18571   9870  5106   4  9.1 203.2   88
c i   81.9  161795   731414     68414   18571   9870  5106   4  9.1 203.2   88
c i   81.9  161794   731413     68423   18578   9871  5106   4  9.1 203.2   88
c i   82.0  161793   731412     68439   18586   9876  5107   8  9.1 203.1   88
c i   82.0  161792   731411     68441   18586   9877  5107   8  9.1 203.1   88
c i   82.0  161791   731410     68457   18592   9881  5112   8  9.1 203.1   88
c 
c  seconds         irredundant          redundant clauses agility   height
c          variables clauses conflicts large binary ternary    glue         MB
c 
c i   82.0  161790   731409     68458   18592   9881  5112   8  9.1 203.1   88
c i   82.0  161789   731408     68459   18592   9881  5112   8  9.1 203.1   88
c i   82.0  161788   731407     68463   18593   9882  5113   8  9.1 203.0   88
c i   82.0  161787   731406     68469   18596   9883  5114   8  9.1 203.0   88
c i   82.0  161777   731405     68494   18610   9887  5119   7  9.1 203.0   88
c i   82.0  161776   731404     68497   18611   9887  5120   6  9.1 202.9   88
c i   82.0  161775   731403     68501   18613   9887  5121   6  9.1 202.9   88
c i   82.0  161774   731402     68503   18613   9888  5121   6  9.1 202.9   88
c i   82.0  161773   731401     68504   18613   9888  5121   6  9.1 202.9   88
c i   82.1  161772   731400     68597   18687   9896  5131   3  9.1 202.7   88
c i   82.1  161771   731399     68598   18687   9896  5131   3  9.1 202.7   88
c i   82.1  161770   731398     68637   18717   9900  5134   3  9.0 202.7   88
c i   82.2  161769   731397     68664   18732   9908  5135   3  9.0 202.7   88
c i   82.2  161768   731396     68670   18735   9910  5135   3  9.0 202.7   88
c i   82.2  161767   731395     68671   18735   9910  5135   3  9.0 202.7   88
c i   82.2  161766   731394     68679   18737   9912  5138   3  9.0 202.6   88
c i   82.2  161765   731393     68729   18776   9916  5143   7  9.0 202.5   88
c i   82.3  161764   731392     68732   18777   9916  5144   6  9.0 202.5   88
c i   82.3  161763   731391     68739   18781   9917  5145   6  9.0 202.5   88
c i   82.3  161762   731390     68741   18781   9917  5146   6  9.0 202.5   88
c i   82.3  161761   731389     68745   18782   9919  5146   6  9.0 202.5   88
c i   82.3  161760   731388     68763   18790   9922  5151   6  9.0 202.5   88
c i   82.3  161759   731387     68765   18791   9922  5151   6  9.0 202.5   88
c 
c  seconds         irredundant          redundant clauses agility   height
c          variables clauses conflicts large binary ternary    glue         MB
c 
c i   82.3  161758   731387     68835   18847   9928  5156   5  9.0 202.4   88
c i   82.3  161757   731386     68845   18852   9931  5157   5  9.0 202.4   88
c i   82.4  161756   731385     68851   18854   9934  5156   5  9.0 202.4   88
c i   82.4  161755   731385     68852   18854   9933  5156   5  9.0 202.4   88
c i   82.4  161751   731384     68870   18864   9937  5158   5  9.0 202.4   88
c i   82.4  161750   731383     68871   18864   9937  5158   5  9.0 202.4   88
c i   82.4  161749   731383     68874   18864   9937  5159   5  9.0 202.4   88
c i   82.4  161748   731382     68876   18864   9938  5159   5  9.0 202.4   88
c i   82.4  161747   731381     68880   18866   9938  5160   5  9.0 202.3   88
c i   82.4  161746   731380     68881   18866   9938  5160   5  9.0 202.3   88
c i   82.4  161745   731379     68882   18866   9937  5160   5  9.0 202.3   88
c i   82.5  161744   731378     68985   18938   9949  5178   4  9.0 202.1   88
c i   82.5  161743   731377     69001   18946   9952  5182   4  9.0 202.0   88
c i   82.5  161742   731376     69003   18946   9953  5182   4  9.0 202.0   88
c i   82.5  161741   731375     69006   18946   9953  5184   4  9.0 202.0   88
c i   82.5  161740   731374     69011   18948   9954  5185   4  9.0 202.0   88
c i   82.6  161739   731373     69021   18954   9955  5187   4  9.0 202.0   88
c i   82.6  161738   731372     69028   18956   9958  5188   4  9.0 202.0   88
c i   82.6  161721   731371     69029   18956   9958  5188   4  9.0 202.0   88
c i   82.6  161719   731370     69053   18974   9960  5191   3  9.0 202.0   88
c i   82.6  161718   731369     69064   18981   9963  5191   3  9.0 202.0   88
c i   82.6  161716   731368     69072   18983   9966  5193   3  9.0 202.0   88
c i   82.6  161715   731367     69073   18983   9966  5193   3  9.0 202.0   88
c 
c  seconds         irredundant          redundant clauses agility   height
c          variables clauses conflicts large binary ternary    glue         MB
c 
c i   82.6  161714   731366     69076   18984   9966  5194   3  9.0 201.9   88
c i   82.7  161713   731365     69089   18993   9969  5194   3  9.0 201.9   88
c i   82.7  161712   731364     69108   19003   9973  5198   7  9.0 201.9   88
c -   82.7  161712   731364     69108    9502   9973  5198   7  9.0 201.9   85
c i   82.7  161711   731363     69126    9516   9974  5200   8  9.0 201.8   86
c i   82.7  161710   731362     69127    9516   9974  5200   8  9.0 201.8   86
c i   82.7  161709   731361     69129    9516   9975  5200   8  9.0 201.8   86
c i   82.7  161708   731360     69150    9523   9980  5207   8  9.0 201.8   86
c i   82.7  161707   731359     69151    9523   9980  5207   8  9.0 201.8   86
c i   82.7  161706   731358     69152    9523   9980  5207   8  9.0 201.8   86
c i   82.8  161705   731357     69224    9572   9990  5219   9  9.0 201.7   86
c i   82.8  161704   731356     69225    9572   9990  5219   9  9.0 201.7   86
c i   82.8  161703   731355     69251    9589   9995  5222   9  9.0 201.6   86
c i   82.8  161702   731354     69268    9599   9998  5225   9  9.0 201.6   86
c i   82.8  161701   731353     69269    9599   9998  5225   9  9.0 201.6   86
c i   82.8  161700   731352     69270    9599   9998  5225   9  9.0 201.6   86
c i   82.8  161691   731351     69272    9599   9999  5225   9  9.0 201.6   86
c i   82.9  161690   731350     69325    9625  10009  5240   7  9.0 201.5   86
c i   82.9  161689   731349     69332    9627  10010  5243   8  9.0 201.5   86
c i   82.9  161681   731348     69333    9627  10010  5243   8  9.0 201.5   86
c i   82.9  161680   731347     69345    9630  10014  5247   8  9.0 201.4   86
c i   82.9  161679   731346     69346    9630  10014  5247   8  9.0 201.4   86
c i   82.9  161678   731346     69347    9630  10013  5247   8  9.0 201.4   86
c 
c  seconds         irredundant          redundant clauses agility   height
c          variables clauses conflicts large binary ternary    glue         MB
c 
c i   82.9  161677   731345     69363    9642  10016  5246   8  9.0 201.4   86
c i   82.9  161676   731344     69364    9642  10016  5246   8  9.0 201.4   86
c i   82.9  161675   731343     69366    9643  10016  5246   8  9.0 201.4   86
c i   82.9  161674   731342     69367    9643  10016  5246   8  9.0 201.4   86
c i   82.9  161673   731341     69380    9653  10016  5248   8  9.0 201.4   86
c i   82.9  161672   731340     69404    9666  10022  5252   7  9.0 201.4   86
c i   82.9  161671   731339     69412    9670  10025  5252   7  9.0 201.3   86
c i   82.9  161670   731339     69413    9670  10024  5252   7  9.0 201.3   86
c i   82.9  161669   731338     69414    9670  10024  5252   7  9.0 201.3   86
c i   82.9  161668   731337     69432    9680  10027  5256   7  9.0 201.3   86
c i   82.9  161667   731336     69434    9681  10027  5256   7  9.0 201.3   86
c i   82.9  161636   731335     69437    9682  10027  5257   7  9.0 201.3   86
c i   82.9  161588   731334     69466    9697  10034  5261  10  9.0 201.3   86
c i   83.0  161572   731333     69482    9706  10037  5263  10  9.0 201.2   86
c i   83.0  161571   731332     69485    9707  10038  5263  10  9.0 201.2   86
c i   83.0  161570   731331     69506    9717  10045  5266  10  9.0 201.2   86
c i   83.0  161569   731330     69516    9721  10049  5267  10  9.0 201.2   86
c i   83.0  161568   731329     69518    9722  10049  5266   9  9.0 201.2   86
c i   83.0  161567   731328     69538    9736  10053  5267   7  9.0 201.1   86
c i   83.0  161566   731327     69542    9737  10055  5267   7  9.0 201.1   86
c i   83.0  161565   731327     69555    9742  10055  5271   7  9.0 201.1   86
c i   83.0  161564   731326     69560    9743  10057  5272   7  9.0 201.1   86
c i   83.0  161563   731325     69566    9744  10058  5275   7  9.0 201.1   86
c 
c  seconds         irredundant          redundant clauses agility   height
c          variables clauses conflicts large binary ternary    glue         MB
c 
c i   83.0  161562   731324     69571    9747  10059  5275   7  9.0 201.1   86
c i   83.0  161561   731323     69573    9747  10060  5275   7  9.0 201.1   86
c i   83.0  161560   731322     69588    9756  10063  5277   7  9.0 201.0   86
c i   83.0  161559   731321     69598    9763  10063  5279  10  9.0 201.0   86
c i   83.0  161554   731320     69599    9763  10063  5279  10  9.0 201.0   86
c i   83.0  161524   731319     69600    9763  10063  5279  10  9.0 201.0   86
c i   83.0  161503   731319     69609    9767  10065  5280  10  9.0 201.0   86
c i   83.1  161502   731318     69636    9781  10070  5286  10  9.0 201.0   86
c i   83.1  161501   731317     69646    9785  10073  5288  10  9.0 201.0   86
c i   83.1  161500   731316     69676    9799  10086  5290  10  9.0 200.9   86
c i   83.1  161499   731315     69706    9813  10095  5294   7  9.0 200.9   86
c i   83.1  161498   731314     69721    9823  10099  5293   7  9.0 200.9   86
c i   83.1  161497   731313     69726    9824  10100  5295   7  9.0 200.9   86
c i   83.1  161496   731312     69727    9824  10100  5295   7  9.0 200.9   86
c i   83.1  161495   731311     69728    9824  10100  5295   7  9.0 200.9   86
c i   83.1  161494   731310     69737    9825  10106  5295   7  9.0 200.9   86
c i   83.1  161493   731310     69750    9830  10111  5295   7  9.0 200.8   86
c i   83.1  161492   731309     69779    9843  10116  5302   9  9.0 200.8   86
c i   83.1  161491   731308     69791    9852  10116  5304   8  9.0 200.8   86
c i   83.1  161490   731307     69792    9852  10116  5304   8  9.0 200.8   86
c i   83.1  161489   731307     69795    9852  10114  5306   8  9.0 200.8   86
c i   83.1  161488   731306     69796    9852  10114  5306   8  9.0 200.8   86
c i   83.1  161487   731305     69802    9855  10116  5306   8  9.0 200.8   86
c 
c  seconds         irredundant          redundant clauses agility   height
c          variables clauses conflicts large binary ternary    glue         MB
c 
c i   83.1  161486   731304     69803    9855  10116  5306   8  9.0 200.8   86
c i   83.1  161477   731303     69804    9855  10116  5306   8  9.0 200.8   86
c i   83.1  161458   731302     69817    9857  10123  5308   8  8.9 200.8   86
c i   83.1  161457   731301     69822    9858  10124  5310   8  8.9 200.8   86
c i   83.1  161456   731300     69838    9865  10130  5312   8  8.9 200.8   86
c i   83.1  161455   731299     69839    9865  10130  5311   8  8.9 200.8   86
c i   83.1  161454   731298     69840    9865  10130  5311   8  8.9 200.8   86
c i   83.1  161452   731297     69848    9868  10134  5311   7  8.9 200.7   86
c i   83.1  161451   731296     69849    9868  10134  5311   7  8.9 200.7   86
c i   83.2  161450   731295     69850    9868  10134  5311   7  8.9 200.7   86
c i   83.2  161449   731295     69853    9869  10134  5311   7  8.9 200.7   86
c i   83.2  161448   731294     69856    9869  10136  5311   7  8.9 200.7   86
c i   83.2  161447   731293     69858    9869  10137  5311   7  8.9 200.7   86
c i   83.2  161445   731292     69863    9871  10139  5310   7  8.9 200.7   86
c i   83.2  161402   731291     69866    9871  10141  5310   7  8.9 200.7   86
c i   83.2  161401   731291     69877    9876  10142  5313   7  8.9 200.7   86
c i   83.2  161400   731290     69878    9876  10142  5313   7  8.9 200.7   86
c i   83.2  161397   731290     69880    9877  10141  5313   7  8.9 200.7   86
c i   83.2  161380   731289     69883    9877  10143  5313   7  8.9 200.7   86
c i   83.2  161296   731288     69884    9877  10143  5313   7  8.9 200.7   86
c i   83.2  161273   731287     69885    9877  10143  5313   7  8.9 200.7   86
c i   83.2  161272   731286     69891    9879  10146  5311   7  8.9 200.7   86
c i   83.2  161271   731285     69893    9879  10146  5312   7  8.9 200.7   86
c 
c  seconds         irredundant          redundant clauses agility   height
c          variables clauses conflicts large binary ternary    glue         MB
c 
c i   83.2  161270   731285     69902    9882  10150  5311   7  8.9 200.7   86
c i   83.2  161267   731284     69906    9883  10152  5311   7  8.9 200.7   86
c i   83.2  161266   731283     69908    9884  10152  5311   8  8.9 200.7   86
c i   83.2  161221   731282     69909    9884  10152  5311   8  8.9 200.7   86
c i   83.2  161201   731281     69910    9884  10152  5311   8  8.9 200.7   86
c i   83.2  161200   731281     69918    9887  10155  5311   8  8.9 200.7   86
c i   83.2  161199   731280     69919    9887  10155  5311   8  8.9 200.7   86
c i   83.2  161197   731280     69921    9888  10154  5311   8  8.9 200.7   86
c i   83.2  161196   731279     69929    9891  10158  5311   8  8.9 200.7   86
c i   83.2  161195   731278     69930    9891  10158  5311   8  8.9 200.7   86
c i   83.2  161115   731278     69933    9892  10157  5311   8  8.9 200.6   86
c i   83.2  161114   731278     69934    9892  10155  5311   8  8.9 200.6   86
c i   83.2  161039   731277     69935    9892  10155  5311   8  8.9 200.6   86
c i   83.2  160865   731276     69936    9892  10155  5311   8  8.9 200.6   86
c i   83.2  160745   731275     69937    9892  10155  5311   8  8.9 200.6   86
c i   83.2  160636   731274     69940    9893  10156  5311   8  8.9 200.6   86
c i   83.2  160563   731274     69941    9893  10155  5311   8  8.9 200.6   86
c i   83.2  160483   731274     69942    9893  10153  5311   8  8.9 200.6   86
c i   83.2  160367   731273     69943    9893  10153  5311   8  8.9 200.6   86
c i   83.2  160221   731273     69944    9893  10152  5311   8  8.9 200.6   86
c i   83.2  160164   731272     69945    9893  10152  5311   8  8.9 200.6   86
c i   83.2  159929   731271     69946    9893  10152  5311   8  8.9 200.6   86
c i   83.2  155367   731270     69947    9893  10152  5311   8  8.9 200.6   86
c 
c  seconds         irredundant          redundant clauses agility   height
c          variables clauses conflicts large binary ternary    glue         MB
c 
c 0   83.2  155183   731270     69947    9893  10152  5311   8  8.9 200.6   86
c 
c  seconds         irredundant          redundant clauses agility   height
c          variables clauses conflicts large binary ternary    glue         MB
c 
c blkd: 5 bces, 9600 removed, 7622899 resolutions, 21093781 steps
c blkd: 9600 blocking literals 1%, 0 pure
c cces: 5 cces, 468 eliminated, 468 ate 100%, 0 abce 0%
c cces: 39654 probed, 11 lifted, 16 failed
c clff: 5 cliffs, 0 lifted, 0 failed
c clff: 3064 decisions, 18008574 steps
c clls: 1 sat, 0 simp, 0 freeze, 0 melt
c clls: 6304921 add, 0 assume,, 0 deref, 0 failed
c clls: 0 cassume, 0 mosat
c coll: 37 gcs, 0 rescored clauses
c cgrs: 5 count, 1809222 esteps, 263572 csteps
c cgrs: 21 eqs, 0 units
c cgrs: 0 matched (0 ands 0%, 0 xors 0%, 0 ites 0%)
c cgrs: 0 simplified (0 ands 0%, 0 xors 0%, 0 ites 0%)
c cgrs: 3837 extracted (3549 ands 92%, 287 xors 7%, 1 ites 0%)
c dcps: 6 decompositions, 198414 equivalent 31%
c decs: 940888 decision, 940 random 0.100%
c decs: 212035 flipped 22.536% (in 388 phases)
c elms: 5 elims, 15016 eliminated 2%
c elms: 15016 small 100%, 0 large 0%
c elms: 87698 tried small, 15016 succeeded 17%, 72682 failed 83%
c elms: 0 subsumed, 0 strengthened, 0 blocked
c elms: 1178138 copies, 789451 resolutions, 2357014 ipos
c elms: 0 subchks, 0 strchks
c frcs: 0 computed, 17.1 - 82.9 average min-cut range
c gaus: 5 extractions, 40768 extracted, 2.0 size, 3 max
c gaus: exported 0 units, 3 binary and 0 ternary equations
c gaus: 0 gc, 6737818 steps, 3368909 extr 50%, 560749 elim 8%
c glue: 9.0 avg, 2.9 scaled avg
c glue: 31 maxredglue=15 (0%)
c lift: 5 phases, 778 probed (260 level1 33%, 518 level2 67%)
c lift: 1 units, 0 equivalences, 2 implications
c hbrs: 14365 hbrs = 14365 trn 100% + 0 lrg 0%, 198 sub 1%
c lrnd: 69082 clauses, 41286 uips 60%, 63.7 length, 9.0 glue
c ints: 2667 luby (460883 steps), 0 inout (0 steps)
c mins: 4402444 learned lits, 14% minimized
c move: moved 10068, 468 binary 5%, 9600 ternary 95%
c otfs: str 2165 dyn (1561 red, 604 irr) 865 drv 40%, 1300 rst 60%
c otfs: sub 48 dyn (48 red, 0 irr)
c phas: 4 computed, 75183 set, 5294 pos (7%), 69889 neg (93%)
c prbs: 5 basic, 3607 probed, 23 failed, 0 lifted
c prps: 294828268 props, 302 props/dec
c prps: 96% srch, 4% simp, 0% lkhd
c psns: 21909949 searches, 3468197 hits, 16% hit rate
c queu: 367610 new, 116479 del, 120 maximum priority
c queu: 251111 merged, 249556 collected, 28 gcs
c queu: 71247 deprioritized, 31.2 lines on average
c reds: 10 count, 0 reset, 10 acts 100%, 0 exp 0%
c reds: 10 arithmetic 100%, 10 double 100%
c rmbd: 105 removed, 17 red 16%
c rsts: 2534 restarts 95%, 132 skipped 5%
c rsts: 365 kept 14.4% average 42.5%
c simp: 5 count (0 ilim 0%, 0 plim 0%, 5 clim 100%)
c trnr: 5 count, 8 bin, 695 trn, 16660000 steps
c tops: 275871 fixed 43%, 352 iterations
c trds: 10 transitive reductions, 27 removed, 0 failed
c trds: 2268 nodes, 2975 edges, 6355129 steps
c unhd: 5 count, 6 rounds, 22649336 steps
c unhd: 315 non-trivial sccs of average size 2.0
c unhd: 2 units, 2 bin, 0 trn, 0 lrg
c unhd: 10 failed, 10 stamp, 0 lits, 0 bin, 0 trn, 0 lrg
c unhd: 85003 tauts, 17 bin 0%, 2464 trn 3%, 316 lrg 0%
c unhd: 85003 tauts, 82206 stamp 97%, 3903 red 5%
c unhd: 0 hbrs, 0 trn 0%, 0 lrg 0%, 0 red 0%
c unhd: 59830 strd, 2 bin 0%, 79 trn 0%, 59749 lrg 100%, 59822 red 100%
c vars: 155183 remaining 24% and 489301 removed 76% out of 644484
c vars: 275871 fixed 43%, 15016 eliminated 2%, 198414 equivalent 31%
c vsts: 1681762923 visits, 97% srch, 3% simp, 0% lkhd
c vsts: 5.7 search visits per propagation 23273.9 per conflict
c wchs: 84021941 pushed, 25344887 enlarged, 58 defrags
c 
c scaledglue  added       reduced       forcing      resolved     conflicts
c 
c all     61389 100     49991 100   1450759 100    261287 100     19798 100
c 
c  0          0   0         0   0         0   0         0   0         0   0 
c  1        617   1       431   1     26465   2      2502   1       209   1 
c  2      20111  33     15134  30   1011193  70<   125156  48     10123  51 
c  3      20472  33<    16659  33<   319816  22     78461  30<     5628  28<
c  4      11360  19      9668  19     69037   5     34140  13      2373  12 
c  5       5138   8      4656   9     16336   1     12839   5       917   5 
c  6       1951   3      1815   4      4532   0      4475   2       314   2 
c  7        985   2       944   2      1817   0      2100   1       128   1 
c  8        360   1       342   1       739   0       761   0        44   0 
c  9        154   0       145   0       339   0       366   0        28   0 
c 10        118   0       113   0       220   0       248   0        17   0 
c 11         35   0        32   0        72   0        69   0         5   0 
c 12         20   0        18   0        74   0        56   0         7   0 
c 13         19   0        16   0        56   0        55   0         3   0 
c 14         18   0        18   0        32   0        36   0         2   0 
c 15         31   0         0   0        31   0        23   0         0   0 
c 
c avg             3.2           3.3           2.4           2.9           2.8
c std             1.4           1.4           0.7           1.2           1.1
c 
c 940888 decisions, 69947 conflicts, 840.6 conflicts/sec
c 294828268 propagations, 3.5 megaprops/sec
c 83.2 seconds, 177.3 MB
c 
c    9.105  11% analysis
c    2.476   3% block
c    0.648   1% bump
c    0.000   0% card
c    2.680   3% cce
c    0.640   1% cliff
c    0.040   0% cutwidth
c    0.704   1% decide
c    0.000   0% force
c    4.984   6% gc
c    1.856   2% cgrclsr
c    1.864   2% decomp
c    1.216   1% defrag
c    7.696   9% elim
c    2.252   3% gauss
c    1.616   2% lift
c    1.512   2% mincls
c    0.312   0% phase
c    0.404   0% probe
c    0.140   0% reduce
c    2.220   3% restart
c    0.288   0% ternres
c    0.516   1% transred
c    2.196   3% unhide
c ==================================
c    0.052   0% preprocessing     0%
c   25.230  30% inprocessing    100%
c ==================================
c   25.282  30% simplifying
c    0.000   0% lookahead
c   57.928  70% search
c ==================================
c   83.209 100% all
c
s UNSATISFIABLE
