c This is CryptoMiniSat 2.7.1
c WARNING: for repeatability, setting FPU to use double precision
c Reading file 'pb_400_05.cnf'
c -- header says num vars:         600845
c -- header says num clauses:     1917301
c -- clauses added:            0 learnts,      1917301 normals,            0 xors
c -- vars added     600845
c Parsing time:  0.78 s
c Ouptutting solution to console
c asymm  cl-useful: 0/3489/305766 lits-rem:0 time: 1.22
c Time to fill non-learnt binary watchlists: 0.11 s
c subs with bin:        0  lits-rem:         0  v-fix:    0  time:  0.17 s
c Subs w/ non-existent bins:      0 l-rem:      0 v-fix:     0 done:   2900 time:  2.94 s
c lits-rem:         0  cl-subs:   326166  v-elim: 186780  v-fix:    0  time:  1.38 s
c Finding binary XORs:         0.18 s (found:      50, avg size: 2.0)
c Replacing       50 vars Replaced      896 lits Time:     0.02 s 
c Finding non-binary XORs:     0.10 s (found:       0, avg size: -nan)
c watched sorting time: 0.02
c Calc default polars -  time:   0.02 s pos:   11954 undec:  570569 neg:   18322
c =========================================================================================
c types(t): F = full restart, N = normal restart
c types(t): S = simplification begin/end, E = solution found
c restart types(rt): st = static, dy = dynamic
c  t rt  Rest     Confl      Vars   NormCls    BinCls   Learnts    ClLits    LtLits
c  B st     0         0    169336    304869    503521         0   1945664         0  no matrixes
c Finding binary XORs:         0.06 s (found:       0, avg size: -nan)
c  N dy    12      4248    169336    304869    503604      4103   1945664    199783  no matrixes
c  N dy    28      8326    169336    304869    503650      8077   1945664    378378  no matrixes
c  N dy    51     12501    169336    304869    503719     12110   1945664    507604  no matrixes
c  N dy    77     16708    169336    304869    503816     16151   1945664    659852  no matrixes
c  N dy   105     20836    169336    304869    503917     10458   1945664    114311  no matrixes
c  N dy   132     24868    169336    304869    503972     14398   1945664    296102  no matrixes
c  F st   134     25000    169336    304869    503974     14527   1945664    300134  no matrixes
c  N dy   140     30194    169336    304869    504003     19659   1945664    681932  no matrixes
c  S st   140     30194    169336    304869    504003     19659   1945664    681932  no matrixes
c  S st   140     30697    169336    304869    504061     20102   1945664    692253  no matrixes
c x-sub:     0 x-cut:      0 vfix:      0 v-elim:      0 locsubst:     0 time:   0.04
c binary deg approx. time:  0.21 s num checked:    604 i:     604 props: 3003k
c Flit:     0 Blit:     51 bXBeca:    0 bXProp:  119 Bins:    296 P: 86.4M T:  5.35
c Replacing      119 vars Replaced    13179 lits Time:     0.06 s 
c Time to fill non-learnt binary watchlists: 0.13 s
c subs with bin:        0  lits-rem:         0  v-fix:    0  time:  0.14 s
c Subs w/ non-existent bins:      0 l-rem:      0 v-fix:     0 done:   9725 time:  4.58 s
c Removed useless bin:    1368  fixed:     0  props:  19.84M  time:  1.43 s
c lits-rem:         0  cl-subs:      356  v-elim:   4622  v-fix:    0  time:  0.88 s
c lits-rem:       269  cl-subs:     1028  v-elim:      0  v-fix:    0  time:  0.73 s
c asymm  cl-useful: 0/6390/300397 lits-rem:0 time: 1.18
c watched sorting time: 0.02
c  N dy   140     30697    164533    300397    504006     17266   1936301    564538  no matrixes
c  N dy   154     34960    164533    300397    504064     21422   1936301    709426  no matrixes
c  N dy   171     39153    164533    300397    504153     25471   1936301    858779  no matrixes
c  N dy   192     43260    164533    300397    504220     15330   1936301    165436  no matrixes
c  S st   207     46075    164533    300397    504251     18090   1936301    259934  no matrixes
c  S st   207     46577    164533    300397    504301     18539   1936301    268249  no matrixes
c x-sub:     0 x-cut:      0 vfix:      0 v-elim:      0 locsubst:     0 time:   0.04
c binary deg approx. time:  0.22 s num checked:    641 i:     641 props: 3001k
c Flit:     0 Blit:      0 bXBeca:    0 bXProp:    1 Bins:     59 P: 86.5M T:  4.09
c Replacing        1 vars Replaced       48 lits Time:     0.02 s 
c Time to fill non-learnt binary watchlists: 0.10 s
c subs with bin:        0  lits-rem:         0  v-fix:    0  time:  0.15 s
c Subs w/ non-existent bins:      6 l-rem:      0 v-fix:     0 done:  25174 time:  6.61 s
c Removed useless bin:     124  fixed:     0  props:  19.84M  time:  1.18 s
c lits-rem:         0  cl-subs:        3  v-elim:      0  v-fix:    0  time:  0.59 s
c Blocked clauses removed:        0    Time: 0.05 s
c lits-rem:        60  cl-subs:      764  v-elim:      0  v-fix:    0  time:  0.74 s
c Blocked clauses removed:        0    Time: 0.00 s
c asymm  cl-useful: 0/5509/300391 lits-rem:0 time: 1.14
c watched sorting time: 0.02
c  N dy   207     46577    164532    300391    504234     17772   1936029    263058  no matrixes
c  N dy   224     50579    164532    300391    504263     21696   1936029    400283  no matrixes
c  N dy   252     54779    164532    300391    504327     25797   1936029    556138  no matrixes
c  N dy   273     58927    164532    300391    504361     29890   1936029    712646  no matrixes
c  N dy   299     62958    164532    300391    504422     33841   1936029    864294  no matrixes
c  N dy   319     67039    164532    300391    504489     20042   1936029    220763  no matrixes
c  S st   338     70089    164532    300391    504532     23036   1936029    319778  no matrixes
c  S st   338     70591    164532    300391    504567     23501   1936029    328074  no matrixes
c x-sub:     0 x-cut:      0 vfix:      0 v-elim:      0 locsubst:     0 time:   0.04
c binary deg approx. time:  0.21 s num checked:    506 i:     506 props: 3000k
c Flit:     0 Blit:      0 bXBeca:    0 bXProp:    0 Bins:     36 P: 87.2M T:  4.23
c Time to fill non-learnt binary watchlists: 0.08 s
c subs with bin:        0  lits-rem:         0  v-fix:    0  time:  0.16 s
c Subs w/ non-existent bins:      0 l-rem:      0 v-fix:     0 done:   8106 time:  5.10 s
c Removed useless bin:    2455  fixed:     0  props:  19.83M  time:  1.61 s
c lits-rem:         0  cl-subs:        0  v-elim:      0  v-fix:    0  time:  0.58 s
c lits-rem:        80  cl-subs:     1006  v-elim:      0  v-fix:    0  time:  0.75 s
c asymm  cl-useful: 3/2915/300391 lits-rem:3 time: 1.25
c watched sorting time: 0.02
c  N dy   338     70591    164532    300391    502149     22494   1931116    320689  no matrixes
c  N dy   362     75153    164532    300391    502216     26954   1931116    480015  no matrixes
c  N dy   392     79967    164532    300391    502268     31692   1931116    663177  no matrixes
c  N dy   429     85158    164532    300391    502320     36808   1931116    854314  no matrixes
c  F st   437     87500    164532    300391    502343     39116   1931116    944511  no matrixes
c  N st   442     90801    164532    300391    502359     22196   1931116    276146  no matrixes
c  N dy   469     96649    164532    300391    502433     27927   1931116    595388  no matrixes
c  N dy   511    102852    164532    300391    502501     34026   1931116    816044  no matrixes
c  S st   526    105915    164532    300391    502533     37041   1931116    918963  no matrixes
c  S st   526    106416    164532    300391    502571     37504   1931116    929285  no matrixes
c x-sub:     0 x-cut:      0 vfix:      0 v-elim:      0 locsubst:     0 time:   0.04
c binary deg approx. time:  0.22 s num checked:    573 i:     574 props: 3002k
c Flit:     0 Blit:      0 bXBeca:    0 bXProp:    2 Bins:      6 P: 87.0M T:  3.89
c Replacing        2 vars Replaced      781 lits Time:     0.03 s 
c Time to fill non-learnt binary watchlists: 0.11 s
c subs with bin:        0  lits-rem:         0  v-fix:    0  time:  0.16 s
c Subs w/ non-existent bins:      0 l-rem:      0 v-fix:     0 done:   8514 time:  5.40 s
c Removed useless bin:     770  fixed:     0  props:  19.84M  time:  1.48 s
c lits-rem:         0  cl-subs:        6  v-elim:      0  v-fix:    0  time:  0.57 s
c lits-rem:        99  cl-subs:     1405  v-elim:      0  v-fix:    0  time:  1.00 s
c asymm  cl-useful: 0/5638/300388 lits-rem:0 time: 1.21
c watched sorting time: 0.02
c  N dy   526    106416    164530    300388    501802     36096   1929564    913789  no matrixes
c  N dy   569    113754    164530    300388    501908     43289   1929564   1181094  no matrixes
c  N dy   615    121030    164530    300388    502002     28614   1929564    401230  no matrixes
c  N dy   662    128849    164530    300388    502091     36301   1929564    661402  no matrixes
c  N dy   718    137254    164530    300388    502183     44579   1929564    951637  no matrixes
c  N dy   786    146116    164530    300388    502313     30047   1929564    394188  no matrixes
c  N dy   856    155546    164530    300388    502432     39310   1929564    723377  no matrixes
c  S st   879    159672    164530    300388    502465     43394   1929564    867941  no matrixes
c  S st   879    160173    164530    300388    502543     43816   1929564    875124  no matrixes
c x-sub:     0 x-cut:      0 vfix:      0 v-elim:      0 locsubst:     0 time:   0.04
c binary deg approx. time:  0.22 s num checked:    591 i:     592 props: 3001k
c Flit:     0 Blit:      0 bXBeca:    0 bXProp:    0 Bins:      6 P: 89.6M T:  4.12
c Time to fill non-learnt binary watchlists: 0.08 s
c subs with bin:        0  lits-rem:         0  v-fix:    0  time:  0.16 s
c Subs w/ non-existent bins:      2 l-rem:      0 v-fix:     0 done:  25477 time:  7.64 s
c Removed useless bin:    1198  fixed:     0  props:  19.84M  time:  1.50 s
c lits-rem:         0  cl-subs:        0  v-elim:      0  v-fix:    0  time:  0.63 s
c Blocked clauses removed:        0    Time: 0.04 s
c lits-rem:       204  cl-subs:     2428  v-elim:      0  v-fix:    0  time:  1.02 s
c Blocked clauses removed:        0    Time: 0.00 s
c asymm  cl-useful: 0/1500/300386 lits-rem:0 time: 1.60
c watched sorting time: 0.02
c  N dy   879    160173    164530    300386    501351     41388   1927162    860832  no matrixes
c  N dy   954    171262    164530    300386    501468     27987   1927162    271252  no matrixes
c  N dy  1033    182214    164530    300386    501655     38714   1927162    667553  no matrixes
c  N dy  1125    193856    164530    300386    501785     50177   1927162   1093357  no matrixes
c  N dy  1211    206253    164530    300386    501917     36938   1927162    569492  no matrixes
c  N dy  1304    219456    164530    300386    502058     49943   1927162   1069465  no matrixes
c  N dy  1365    233512    164530    300386    502139     37354   1927162    611830  no matrixes
c  S st  1406    240778    164530    300386    502199     44539   1927162    876159  no matrixes
c  S st  1406    241282    164530    300386    502251     44989   1927162    885140  no matrixes
c x-sub:     0 x-cut:      0 vfix:      0 v-elim:      0 locsubst:     0 time:   0.04
c binary deg approx. time:  0.22 s num checked:    543 i:     543 props: 3002k
c Flit:     0 Blit:      0 bXBeca:    0 bXProp:    0 Bins:    147 P: 100.3M T:  5.76
c Time to fill non-learnt binary watchlists: 0.08 s
c subs with bin:        1  lits-rem:         0  v-fix:    0  time:  0.15 s
c Subs w/ non-existent bins:      5 l-rem:      0 v-fix:     0 done:  26699 time:  8.07 s
c Removed useless bin:    1693  fixed:     0  props:  19.84M  time:  1.75 s
c lits-rem:         0  cl-subs:        0  v-elim:      0  v-fix:    0  time:  0.58 s
c lits-rem:        48  cl-subs:     2615  v-elim:      0  v-fix:    0  time:  1.02 s
c asymm  cl-useful: 0/5480/300380 lits-rem:0 time: 1.27
c watched sorting time: 0.03
c  N dy  1406    241282    164530    300380    500705     42374   1923760    867076  no matrixes
c  N dy  1500    256803    164530    300380    500832     30135   1923760    257158  no matrixes
c  N dy  1620    273263    164530    300380    500979     46403   1923760    862535  no matrixes
c  N dy  1750    291137    164530    300380    501120     35530   1923760    426530  no matrixes
c  F st  1855    306250    164530    300380    501232     50474   1923760   1005466  no matrixes
c  N dy  1861    311446    164530    300380    501246     55642   1923760   1411030  no matrixes
c  N dy  2012    331369    164530    300380    501416     45656   1923760    798330  no matrixes
c  N dy  2179    352591    164530    300380    501588     35971   1923760    408791  no matrixes
c  S st  2252    361953    164530    300380    501661     45236   1923760    780457  no matrixes
c  S st  2252    362455    164530    300380    501702     45695   1923760    786080  no matrixes
c x-sub:     0 x-cut:      0 vfix:      0 v-elim:      0 locsubst:     0 time:   0.04
c binary deg approx. time:  0.22 s num checked:    616 i:     617 props: 3001k
c Flit:     0 Blit:      0 bXBeca:    0 bXProp:    0 Bins:      1 P: 88.5M T:  4.37
c Time to fill non-learnt binary watchlists: 0.08 s
c subs with bin:        1  lits-rem:         0  v-fix:    0  time:  0.16 s
c Subs w/ non-existent bins:      2 l-rem:      0 v-fix:     0 done:   8012 time:  6.21 s
c Removed useless bin:    1343  fixed:     0  props:  19.84M  time:  1.50 s
c lits-rem:         0  cl-subs:        0  v-elim:      0  v-fix:    0  time:  0.59 s
c lits-rem:       126  cl-subs:     3017  v-elim:      0  v-fix:    0  time:  1.01 s
c asymm  cl-useful: 2/1529/300377 lits-rem:2 time: 1.66
c watched sorting time: 0.03
c  N dy  2252    362455    164530    300377    500360     42678   1921065    768175  no matrixes
c  N dy  2423    385625    164530    300377    500542     33987   1921065    313550  no matrixes
c  N dy  2591    410743    164530    300377    500704     58878   1921065   1262218  no matrixes
c  N dy  2752    437048    164530    300377    500874     52278   1921065    996846  no matrixes
c  N dy  2940    465075    164530    300377    501059     46393   1921065    724622  no matrixes
c  N dy  3148    494793    164530    300377    501331     41161   1921065    465104  no matrixes
c  N dy  3346    526412    164530    300377    501537     36856   1921065    335035  no matrixes
c  S st  3461    543833    164530    300377    501702     54061   1921065   1036038  no matrixes
c  S st  3461    544334    164530    300377    501755     54508   1921065   1045232  no matrixes
c x-sub:     0 x-cut:      0 vfix:      0 v-elim:      0 locsubst:     0 time:   0.04
c binary deg approx. time:  0.22 s num checked:    680 i:     680 props: 3004k
c Flit:     0 Blit:     10 bXBeca:    0 bXProp:    1 Bins:      7 P: 98.9M T:  4.54
c Replacing        1 vars Replaced      173 lits Time:     0.05 s 
c Time to fill non-learnt binary watchlists: 0.14 s
c subs with bin:        4  lits-rem:         0  v-fix:    0  time:  0.16 s
c Subs w/ non-existent bins:      0 l-rem:      0 v-fix:     0 done:  11775 time:  7.47 s
c Removed useless bin:    3412  fixed:     0  props:  19.83M  time:  1.80 s
c lits-rem:         0  cl-subs:        3  v-elim:      2  v-fix:    0  time:  0.64 s
c Blocked clauses removed:        0    Time: 0.05 s
c lits-rem:       171  cl-subs:     3145  v-elim:      0  v-fix:    0  time:  1.18 s
c asymm  cl-useful: 0/3738/300360 lits-rem:0 time: 1.17
c watched sorting time: 0.03
c  N dy  3461    544334    164517    300360    498308     51362   1914108   1022989  no matrixes
c  N dy  3687    579137    164517    300360    498544     49226   1914148    767231  no matrixes
c  N dy  3928    616140    164517    300360    498799     48310   1914148    692363  no matrixes
c  N dy  4182    655506    164517    300360    498995     48702   1914148    925294  no matrixes
c  N dy  4444    697443    164517    300360    499188     50663   1914148    668972  no matrixes
c  N dy  4718    742019    164517    300360    499426     54227   1914148    805752  no matrixes
c  N dy  5058    789456    164517    300360    499685     59679   1914148   1084447  no matrixes
c  S st  5236    816610    164517    300360    499796     43957   1914148    339327  no matrixes
c  S st  5236    817113    164517    300360    499842     44413   1914148    348616  no matrixes
c x-sub:     0 x-cut:      0 vfix:      0 v-elim:      0 locsubst:     0 time:   0.04
c binary deg approx. time:  0.21 s num checked:    557 i:     560 props: 3000k
c Flit:     0 Blit:      0 bXBeca:    0 bXProp:  246 Bins:    426 P: 92.3M T:  6.07
c Replacing      256 vars Replaced    17914 lits Time:     0.03 s 
c Time to fill non-learnt binary watchlists: 0.12 s
c subs with bin:        0  lits-rem:         0  v-fix:    0  time:  0.16 s
c Subs w/ non-existent bins:      5 l-rem:      4 v-fix:     4 done:   7877 time:  6.61 s
c Removed useless bin:     892  fixed:     0  props:  19.84M  time:  1.60 s
c lits-rem:         0  cl-subs:      768  v-elim:      3  v-fix:    0  time:  0.66 s
c lits-rem:       293  cl-subs:     3005  v-elim:      0  v-fix:    0  time:  0.90 s
c asymm  cl-useful: 3/1587/300359 lits-rem:3 time: 1.73
c watched sorting time: 0.03
c  N dy  5236    817113    164254    300359    498193     41454   1910728    334717  no matrixes
c  N dy  5568    869275    164254    300359    498382     49572   1910728    523018  no matrixes
c  N dy  5917    924925    164254    300359    498620     60204   1910728    994415  no matrixes
c  N dy  6333    984054    164254    300359    498857     73218   1910728   1430819  no matrixes
c  N dy  6773   1046935    164254    300359    499103     89016   1910728   2147785  no matrixes
c  F st  6935   1071877    164254    300359    499192     66152   1910728   1006131  no matrixes
c  N dy  7191   1113769    164254    300359    499320     59070   1910728    768900  no matrixes
c  N dy  7594   1185021    164254    300359    499478     80202   1910728   1587727  no matrixes
c  S st  7824   1225978    164254    300359    499567     70278   1910728   1277810  no matrixes
c  S st  7824   1226479    164254    300359    499593     70753   1910728   1288598  no matrixes
c x-sub:     0 x-cut:      0 vfix:      0 v-elim:      0 locsubst:     0 time:   0.04
c binary deg approx. time:  0.22 s num checked:    555 i:     555 props: 3006k
c Flit:     1 Blit:      0 bXBeca:    0 bXProp:    0 Bins:     72 P: 87.6M T:  4.57
c Time to fill non-learnt binary watchlists: 0.08 s
c subs with bin:        4  lits-rem:         0  v-fix:    0  time:  0.17 s
c Subs w/ non-existent bins:      0 l-rem:      0 v-fix:     0 done:  23136 time:  8.86 s
c Removed useless bin:    2601  fixed:     0  props:  19.83M  time:  1.91 s
c lits-rem:         0  cl-subs:        0  v-elim:      2  v-fix:    0  time:  0.62 s
c lits-rem:       148  cl-subs:     2737  v-elim:      0  v-fix:    0  time:  1.29 s
c asymm  cl-useful: 0/4103/300340 lits-rem:0 time: 1.24
c watched sorting time: 0.03
c  N dy  7824   1226479    164243    300340    497032     68016   1905408   1267364  no matrixes
c  N dy  8281   1304773    164243    300340    497267     94170   1905408   2181310  no matrixes
c  N dy  8777   1388078    164243    300340    497471     70635   1905408   1120594  no matrixes
c  N dy  9256   1476756    164243    300340    497619    104174   1905408   2424389  no matrixes
c  N dy  9794   1571169    164243    300340    497798     85712   1905408   1697038  no matrixes
c  N dy 10319   1671461    164243    300340    497979     69840   1905408    902180  no matrixes
c  N dy 10968   1778169    164243    300340    498160    116650   1905408   2957356  no matrixes
c  S st 11367   1839749    164243    300340    498245    117648   1905408   2932211  no matrixes
c  S st 11367   1840250    164243    300340    498268    118124   1905408   2946436  no matrixes
c x-sub:     0 x-cut:      0 vfix:      0 v-elim:      0 locsubst:     0 time:   0.04
c binary deg approx. time:  0.22 s num checked:    572 i:     573 props: 3007k
c Flit:     2 Blit:      0 bXBeca:    0 bXProp:    0 Bins:     39 P: 88.0M T:  4.52
c Time to fill non-learnt binary watchlists: 0.08 s
c subs with bin:        4  lits-rem:         0  v-fix:    0  time:  0.18 s
c Subs w/ non-existent bins:      6 l-rem:      0 v-fix:     0 done:   9823 time:  7.08 s
c Removed useless bin:     685  fixed:     0  props:  19.86M  time:  1.66 s
c lits-rem:         0  cl-subs:        0  v-elim:      2  v-fix:    0  time:  0.73 s
c Blocked clauses removed:        0    Time: 0.05 s
c lits-rem:       200  cl-subs:     2904  v-elim:      0  v-fix:    0  time:  2.08 s
c asymm  cl-useful: 0/2167/300320 lits-rem:0 time: 1.45
c watched sorting time: 0.03
c  N dy 11367   1840250    164233    300320    497596    115214   1903914   2909588  no matrixes
c  N dy 12074   1958015    164233    300320    497795    107019   1903914   2329767  no matrixes
c  N dy 12830   2083058    164233    300320    497931    103755   1903914   2237063  no matrixes
c  N dy 13611   2216027    164233    300320    498077    104998   1903914   2229167  no matrixes
c  N dy 14420   2357557    164233    300320    498206    110887   1903914   2208770  no matrixes
c  N dy 15276   2508101    164233    300320    498299    121521   1903914   2461084  no matrixes
c  N dy 16239   2668343    164233    300320    498435    138009   1903914   3210654  no matrixes
c  S st 16775   2760527    164233    300320    498515     83164   1903914    663246  no matrixes
c  S st 16775   2761029    164233    300320    498532     83644   1903914    672734  no matrixes
c x-sub:     0 x-cut:      0 vfix:      0 v-elim:      0 locsubst:     0 time:   0.04
c binary deg approx. time:  0.22 s num checked:    511 i:     511 props: 3011k
c Flit:     0 Blit:      0 bXBeca:    0 bXProp:    0 Bins:     19 P: 91.0M T:  4.78
c Time to fill non-learnt binary watchlists: 0.08 s
c subs with bin:        0  lits-rem:         0  v-fix:    0  time:  0.17 s
c Subs w/ non-existent bins:      2 l-rem:      0 v-fix:     0 done:   8020 time:  6.51 s
c Removed useless bin:     629  fixed:     0  props:  19.84M  time:  1.76 s
c lits-rem:         0  cl-subs:        0  v-elim:      0  v-fix:    0  time:  0.63 s
c lits-rem:        74  cl-subs:     2767  v-elim:      0  v-fix:    0  time:  1.10 s
c asymm  cl-useful: 0/3923/300318 lits-rem:0 time: 1.36
c watched sorting time: 0.03
c  N dy 16775   2761029    164233    300318    497926     80873   1902650    660514  no matrixes
c  N dy 17862   2937331    164233    300318    498061    102757   1902650   1527402  no matrixes
c  N dy 18931   3124873    164233    300318    498219    135000   1902650   2795318  no matrixes
c  N dy 20186   3324407    164233    300318    498379     94189   1902650    799658  no matrixes
c  N dy 21534   3536630    164233    300318    498525    140811   1902650   2717713  no matrixes
c  F st 22915   3751562    164233    300318    498704    186486   1902650   4652529  no matrixes
c  N dy 22940   3762448    164233    300318    498709    111430   1902650   1316020  no matrixes
c  N dy 24450   4002705    164233    300318    498843    176631   1902650   4182735  no matrixes
c  S st 25359   4141661    164233    300318    498954    136490   1902650   2157474  no matrixes
c  S st 25359   4142162    164233    300318    498975    136969   1902650   2170200  no matrixes
c x-sub:     0 x-cut:      0 vfix:      0 v-elim:      0 locsubst:     0 time:   0.05
c binary deg approx. time:  0.22 s num checked:    533 i:     533 props: 3006k
c Flit:     0 Blit:      0 bXBeca:    0 bXProp:    0 Bins:     18 P: 90.2M T:  4.68
c Time to fill non-learnt binary watchlists: 0.09 s
c subs with bin:        2  lits-rem:         0  v-fix:    0  time:  0.18 s
c Subs w/ non-existent bins:      2 l-rem:      0 v-fix:     0 done:  21708 time:  9.46 s
c Removed useless bin:    1774  fixed:     0  props:  19.83M  time:  1.93 s
c lits-rem:         0  cl-subs:        0  v-elim:      0  v-fix:    0  time:  0.66 s
c lits-rem:       261  cl-subs:     3695  v-elim:      0  v-fix:    0  time:  1.94 s
c asymm  cl-useful: 0/2390/300314 lits-rem:0 time: 1.41
c watched sorting time: 0.04
c  N dy 25359   4142162    164233    300314    497226    133267   1899094   2140348  no matrixes
c  N dy 27073   4406627    164233    300314    497376    118725   1899094   1215899  no matrixes
c  N dy 28917   4687952    164233    300314    497518    210739   1899094   5278618  no matrixes
c  E dy 29347   4760647         0    300314    497558    187604   1899094   4042688  no matrixes
c Verified 300314 clauses.
c Solution needs extension. Extending.
c Verified 300314 clauses.
c        1 solution(s) found
c restarts              : 29347      
c dynamic restarts      : 29311      
c static restarts       : 101        
c full restarts         : 5          
c learnts DL2           : 0          
c learnts size 2        : 13266      
c learnts size 1        : 244772      (40.74     % of vars)
c v-elim SatELite       : 191411      (31.86     % vars)
c SatELite time         : 119.29      (2.21      % time)
c v-elim xor            : 0           (0.00      % vars)
c xor elim time         : 0.53        (0.01      % time)
c num binary xor trees  : 428        
c binxor trees' crown   : 429         (1.00      leafs/tree)
c OTF clause improved   : 13801       (0.00      clauses/conflict)
c OTF impr. size diff   : 15663       (1.13       lits/clause)
c OTF cl watch-shrink   : 1972092     (0.41      clauses/conflict)
c OTF cl watch-sh-lit   : 5587602     (2.83       lits/clause)
c tried to recurMin cls : 70251       (1.48       % of conflicts)
c stopped recurMin      : 69846       (99.42      %)
c lits visited recurmin:: 1.10       
c conflicts             : 4760647     (883.52    / sec)
c decisions             : 23905080    (0.11      % random)
c bogo-props            : 62583784154 (11614865.45 / sec)
c conflict literals     : 206650386   (25.93     % deleted)
c Memory used           : 1007.10     MB
c CPU time              : 5388.25     s
c 
s SATISFIABLE
