c This is CryptoMiniSat 2.7.1
c WARNING: for repeatability, setting FPU to use double precision
c Reading file 'pb_400_09.cnf'
c -- header says num vars:         623898
c -- header says num clauses:     1980542
c -- clauses added:            0 learnts,      1980542 normals,            0 xors
c -- vars added     623898
c Parsing time:  0.84 s
c Ouptutting solution to console
c asymm  cl-useful: 0/2382/305082 lits-rem:0 time: 2.05
c Time to fill non-learnt binary watchlists: 0.11 s
c subs with bin:        0  lits-rem:         0  v-fix:    0  time:  0.18 s
c Subs w/ non-existent bins:      0 l-rem:      0 v-fix:     0 done:   3292 time:  3.74 s
c lits-rem:         0  cl-subs:   328682  v-elim: 191668  v-fix:    0  time:  1.45 s
c Finding binary XORs:         0.19 s (found:     889, avg size: 2.0)
c Replacing      889 vars Replaced    12284 lits Time:     0.02 s 
c Finding non-binary XORs:     0.10 s (found:       0, avg size: -nan)
c watched sorting time: 0.02
c Calc default polars -  time:   0.02 s pos:   13127 undec:  589522 neg:   21249
c =========================================================================================
c types(t): F = full restart, N = normal restart
c types(t): S = simplification begin/end, E = solution found
c restart types(rt): st = static, dy = dynamic
c  t rt  Rest     Confl      Vars   NormCls    BinCls   Learnts    ClLits    LtLits
c  B st     0         0    172525    304682    510879         0   1965004         0  no matrixes
c Finding binary XORs:         0.07 s (found:       0, avg size: -nan)
c  N dy     9      4606    172469    304682    510912      4505   1965004    363287  no matrixes
c  N dy    24      8871    172469    304682    510947      8657   1965004    554748  no matrixes
c  N dy    38     13322    172469    304682    510989     12972   1965004    668712  no matrixes
c  N dy    62     17524    172468    304682    511043     17049   1965004    826229  no matrixes
c  N dy    91     21641    172468    304682    511088     11335   1965004    166416  no matrixes
c  F st   113     25000    172467    304682    511129     14566   1965004    278900  no matrixes
c  N st   116     26189    172467    304554    510963     15736   1964262    367404  no matrixes
c  N dy   119     30195    172467    304554    510970     19710   1964262    648850  no matrixes
c  S st   119     30195    172467    304554    510970     19710   1964262    648850  no matrixes
c  S st   119     30695    172448    304554    511017     20154   1964262    656639  no matrixes
c x-sub:     0 x-cut:      0 vfix:      0 v-elim:      0 locsubst:     0 time:   0.04
c binary deg approx. time:  0.22 s num checked:    676 i:     677 props: 3028k
c Flit:     0 Blit:     15 bXBeca:    0 bXProp:    0 Bins:    490 P: 86.4M T:  6.07
c Time to fill non-learnt binary watchlists: 0.06 s
c subs with bin:        0  lits-rem:         0  v-fix:    0  time:  0.16 s
c Subs w/ non-existent bins:      1 l-rem:      2 v-fix:     1 done:  19014 time:  6.68 s
c Removed useless bin:    2956  fixed:     0  props:  19.84M  time:  1.77 s
c lits-rem:         0  cl-subs:        4  v-elim:   5934  v-fix:    0  time:  0.98 s
c lits-rem:        39  cl-subs:      949  v-elim:      0  v-fix:    0  time:  0.84 s
c asymm  cl-useful: 35/5340/298856 lits-rem:35 time: 1.62
c watched sorting time: 0.02
c  N dy   119     30695    166498    298856    510255     17601   1950925    556401  no matrixes
c  N dy   150     34702    166497    298856    510285     21535   1950925    720689  no matrixes
c  N dy   175     38849    166497    298856    510324     25604   1950925    895630  no matrixes
c  N dy   200     43067    166497    298856    510377     15413   1950925    177750  no matrixes
c  S st   220     46146    166497    298856    510404     18437   1950925    286534  no matrixes
c  S st   220     46646    166457    298856    510461     18874   1950925    294356  no matrixes
c x-sub:     0 x-cut:      0 vfix:      0 v-elim:      0 locsubst:     0 time:   0.04
c binary deg approx. time:  0.22 s num checked:    640 i:     642 props: 3009k
c Flit:     2 Blit:      0 bXBeca:    0 bXProp:    0 Bins:     47 P: 86.4M T:  4.66
c Time to fill non-learnt binary watchlists: 0.08 s
c subs with bin:       12  lits-rem:         0  v-fix:    0  time:  0.18 s
c Subs w/ non-existent bins:     17 l-rem:      2 v-fix:     2 done:  21984 time:  8.31 s
c Removed useless bin:    3348  fixed:     0  props:  19.85M  time:  1.94 s
c lits-rem:         0  cl-subs:        5  v-elim:     11  v-fix:    0  time:  0.66 s
c Blocked clauses removed:        0    Time: 0.03 s
c lits-rem:        75  cl-subs:      695  v-elim:      0  v-fix:    0  time:  0.85 s
c asymm  cl-useful: 6/5319/298645 lits-rem:6 time: 1.47
c watched sorting time: 0.02
c  N dy   220     46646    166404    298645    506895     18179   1943098    289748  no matrixes
c  N dy   253     50702    166403    298645    506947     22143   1943098    461777  no matrixes
c  N dy   282     54837    166403    298645    506990     26192   1943098    641468  no matrixes
c  N dy   310     58896    166377    298645    507041     30148   1943098    783585  no matrixes
c  N dy   336     63096    166376    298645    507088     34278   1943098    987107  no matrixes
c  N dy   363     67211    166376    298645    507144     20420   1943098    256124  no matrixes
c  S st   386     70016    166376    298645    507180     23165   1943098    385560  no matrixes
c  S st   386     70519    166376    298645    507238     23610   1943098    393820  no matrixes
c x-sub:     0 x-cut:      0 vfix:      0 v-elim:      0 locsubst:     0 time:   0.04
c binary deg approx. time:  0.23 s num checked:    643 i:     644 props: 3008k
c Flit:     0 Blit:     14 bXBeca:    0 bXProp:    0 Bins:    102 P: 86.6M T:  5.86
c Time to fill non-learnt binary watchlists: 0.08 s
c subs with bin:       12  lits-rem:         1  v-fix:    0  time:  0.18 s
c Subs w/ non-existent bins:      5 l-rem:      0 v-fix:     0 done:  11884 time:  7.14 s
c Removed useless bin:    1257  fixed:     5  props:  19.84M  time:  1.67 s
c lits-rem:         0  cl-subs:        2  v-elim:     14  v-fix:    0  time:  0.64 s
c lits-rem:        80  cl-subs:     1349  v-elim:      0  v-fix:    0  time:  0.89 s
c asymm  cl-useful: 10/2609/298528 lits-rem:10 time: 1.84
c watched sorting time: 0.02
c  N dy   386     70519    166343    298528    505904     22055   1939890    383957  no matrixes
c  N dy   424     75159    166343    298528    505954     26618   1939890    590245  no matrixes
c  N dy   461     80000    166343    298528    505997     31385   1939890    791147  no matrixes
c  N dy   508     85175    166343    298528    506032     36494   1939890   1033470  no matrixes
c  F st   527     87500    166343    298528    506053     38776   1939890   1132416  no matrixes
c  N st   532     90796    166342    298528    506062     21929   1939890    253492  no matrixes
c  N dy   562     96665    166342    298528    506107     27727   1939890    602382  no matrixes
c  N dy   606    103117    166342    298528    506160     34093   1939890    872599  no matrixes
c  S st   625    105788    166339    298528    506184     36711   1939890    974751  no matrixes
c  S st   625    106289    166338    298528    506229     37164   1939890    985661  no matrixes
c x-sub:     0 x-cut:      0 vfix:      0 v-elim:      0 locsubst:     0 time:   0.04
c binary deg approx. time:  0.22 s num checked:    619 i:     619 props: 3001k
c Flit:     4 Blit:     66 bXBeca:    0 bXProp:    0 Bins:    540 P: 123.0M T:  8.34
c Time to fill non-learnt binary watchlists: 0.08 s
c subs with bin:        3  lits-rem:         0  v-fix:    0  time:  0.18 s
c Subs w/ non-existent bins:      9 l-rem:      2 v-fix:     0 done:  20326 time:  8.78 s
c Removed useless bin:    1003  fixed:     0  props:  19.84M  time:  1.89 s
c lits-rem:         0  cl-subs:        2  v-elim:     21  v-fix:    0  time:  0.65 s
c lits-rem:        86  cl-subs:     2086  v-elim:      0  v-fix:    0  time:  1.04 s
c asymm  cl-useful: 0/7442/298386 lits-rem:0 time: 1.38
c watched sorting time: 0.02
c  N dy   625    106289    166246    298386    505417     34897   1936776    966738  no matrixes
c  N dy   676    113158    166244    298386    505484     41641   1936776   1244526  no matrixes
c  N dy   714    120498    166243    298386    505547     27137   1936776    426332  no matrixes
c  N dy   764    128308    166242    298386    505609     34841   1936776    739751  no matrixes
c  N dy   803    136504    166240    298386    505702     42894   1936776   1034309  no matrixes
c  N dy   848    145280    166238    298386    505783     28364   1936776    382717  no matrixes
c  N dy   900    154737    166236    298386    505865     37667   1936776    700311  no matrixes
c  S st   920    159532    166234    298386    505915     42387   1936776    887777  no matrixes
c  S st   920    160036    166218    298386    505960     42841   1936776    898845  no matrixes
c x-sub:     0 x-cut:      0 vfix:      0 v-elim:      0 locsubst:     0 time:   0.04
c binary deg approx. time:  0.22 s num checked:    640 i:     640 props: 3002k
c Flit:     0 Blit:      0 bXBeca:    0 bXProp:    0 Bins:     21 P: 92.4M T:  4.84
c Time to fill non-learnt binary watchlists: 0.08 s
c subs with bin:        9  lits-rem:         0  v-fix:    0  time:  0.19 s
c Subs w/ non-existent bins:      7 l-rem:      2 v-fix:     0 done:  23880 time:  9.16 s
c Removed useless bin:    1843  fixed:     0  props:  19.84M  time:  1.90 s
c lits-rem:         0  cl-subs:        3  v-elim:     29  v-fix:    0  time:  0.70 s
c Blocked clauses removed:        0    Time: 0.04 s
c lits-rem:       220  cl-subs:     3480  v-elim:      0  v-fix:    0  time:  1.06 s
c asymm  cl-useful: 0/1718/298263 lits-rem:0 time: 2.05
c watched sorting time: 0.02
c  N dy   920    160036    166175    298263    503909     39277   1932207    872626  no matrixes
c  N dy   953    170287    166156    298263    504036     25047   1932207    233873  no matrixes
c  N dy   990    181592    166154    298263    504114     36212   1932207    575868  no matrixes
c  N dy  1024    193688    166148    298263    504233     48125   1932207    966219  no matrixes
c  N dy  1055    206741    166143    298263    504338     35546   1932207    511766  no matrixes
c  N dy  1083    220605    166134    298263    504477     49180   1932207    897852  no matrixes
c  N dy  1108    235361    166098    298263    504682     37135   1932207    450838  no matrixes
c  S st  1114    240383    166067    298263    504784     41982   1932207    579249  no matrixes
c  S st  1114    240885    166054    298263    504833     42419   1932207    587931  no matrixes
c x-sub:     0 x-cut:      0 vfix:      0 v-elim:      0 locsubst:     0 time:   0.04
c binary deg approx. time:  0.22 s num checked:    607 i:     608 props: 3009k
c Flit:     1 Blit:     42 bXBeca:    0 bXProp:    2 Bins:     12 P: 90.2M T:  4.87
c Replacing        2 vars Replaced       14 lits Time:     0.05 s 
c Time to fill non-learnt binary watchlists: 0.14 s
c subs with bin:        2  lits-rem:         0  v-fix:    0  time:  0.18 s
c Subs w/ non-existent bins:      3 l-rem:      0 v-fix:     1 done:  21509 time:  9.28 s
c Removed useless bin:     900  fixed:     0  props:  19.84M  time:  2.08 s
c lits-rem:         0  cl-subs:       11  v-elim:    180  v-fix:    0  time:  0.75 s
c lits-rem:       154  cl-subs:     4965  v-elim:      0  v-fix:    0  time:  0.91 s
c asymm  cl-useful: 0/5523/297322 lits-rem:0 time: 1.54
c watched sorting time: 0.02
c  N dy  1114    240885    165815    297322    502495     33502   1924388    490835  no matrixes
c  E dy  1117    243771    165656    297322    502628     36147   1924388    544152  no matrixes
c restarts              : 1117       
c dynamic restarts      : 1099       
c static restarts       : 48         
c full restarts         : 2          
c learnts DL2           : 0          
c learnts size 2        : 4011       
c learnts size 1        : 260065      (41.68     % of vars)
c v-elim SatELite       : 197857      (31.71     % vars)
c SatELite time         : 65.77       (18.64     % time)
c v-elim xor            : 0           (0.00      % vars)
c xor elim time         : 0.24        (0.07      % time)
c num binary xor trees  : 860        
c binxor trees' crown   : 891         (1.04      leafs/tree)
c OTF clause improved   : 1947        (0.01      clauses/conflict)
c OTF impr. size diff   : 2253        (1.16       lits/clause)
c OTF cl watch-shrink   : 78009       (0.32      clauses/conflict)
c OTF cl watch-sh-lit   : 173454      (2.22       lits/clause)
c tried to recurMin cls : 25159       (10.32      % of conflicts)
c stopped recurMin      : 24819       (98.65      %)
c lits visited recurmin:: 1.18       
c conflicts             : 243771      (690.93    / sec)
c decisions             : 1330628     (1.31      % random)
c bogo-props            : 2632760621  (7462176.26 / sec)
c conflict literals     : 9234821     (26.49     % deleted)
c Memory used           : 565.83      MB
c CPU time              : 352.81      s
c 
s UNSATISFIABLE
