c
c This is glucose 2.1 --  based on MiniSAT (Many thanks to MiniSAT team)
c
c WARNING: for repeatability, setting FPU to use double precision
c ========================================[ Problem Statistics ]===========================================
c |                                                                                                       |
c |  Number of variables:        643735                                                                   |
c |  Number of clauses:         1619903                                                                   |
c |  Parse time:                   0.53 s                                                                 |
c |                                                                                                       |
c ========================================[ MAGIC CONSTANTS ]==============================================
c | Constants are supposed to work well together :-)                                                      |
c | however, if you find better choices, please let us known...                                           |
c |-------------------------------------------------------------------------------------------------------|
c |                                |                                |                                     |
c | - Restarts:                    | - Reduce Clause DB:            | - Minimize Asserting:               |
c |   * LBD Queue    :     50      |   * First     :   4000         |    * size <  30                     |
c |   * Trail  Queue :   5000      |   * Inc       :    300         |    * lbd  <   6                     |
c |   * K            :   0.80      |   * Special   :   1000         |                                     |
c |   * R            :   1.40      |   * Protected :  (lbd)< 30     |                                     |
c |                                |                                |                                     |
c ==================================[ Search Statistics (every  10000 conflicts) ]=========================
c |                                                                                                       |
c |          RESTARTS           |          ORIGINAL         |              LEARNT              | Progress |
c |       NB   Blocked  Avg Cfc |    Vars  Clauses Literals |   Red   Learnts    LBD2  Removed |          |
c =========================================================================================================
c |       29         0      344 |  376706  1595903  3569312 |     1     8010      157     1989 | 41.481 % |
c |       91         1      219 |  376706  1595903  3569312 |     3     6971      312    13028 | 41.481 % |
c |      138         1      217 |  376706  1595903  3569312 |     3    16971      383    13028 | 41.481 % |
c |      180         5      222 |  376706  1595903  3569312 |     4    17714      479    22285 | 41.481 % |
c |      228         5      219 |  376706  1595903  3569312 |     5    15887      593    34112 | 41.481 % |
c |      276         6      217 |  376706  1595903  3569312 |     5    25887      691    34112 | 41.481 % |
c |      333         9      210 |  376706  1595903  3569312 |     6    21455      785    48544 | 41.481 % |
c |      380         9      210 |  376706  1595903  3569312 |     6    31455      879    48544 | 41.481 % |
c |      419        11      214 |  376706  1595903  3569312 |     7    24452      932    65547 | 41.481 % |
c |      472        11      211 |  376706  1595903  3569312 |     7    34452     1007    65547 | 41.481 % |
c |      524        14      209 |  376706  1595903  3569312 |     8    24861     1099    85138 | 41.481 % |
c |      584        15      205 |  376706  1595903  3569312 |     8    34861     1184    85138 | 41.481 % |
c |      643        16      202 |  376706  1595903  3569312 |     9    22649     1258   107350 | 41.481 % |
c |      692        16      202 |  376706  1595903  3569312 |     9    32649     1353   107350 | 41.481 % |
c |      739        18      202 |  376706  1595903  3569312 |     9    42649     1415   107350 | 41.481 % |
c |      802        21      199 |  376706  1595903  3569312 |    10    27835     1515   132164 | 41.481 % |
c |      855        22      198 |  376699  1595899  3569300 |    10    37832     1571   132164 | 41.482 % |
c last restart ## conflicts  :  46 638 
c =========================================================================================================
c restarts              : 906 (197 conflicts in avg)
c blocked restarts      : 22 (multiple: 16) 
c last block at restart : 809
c nb ReduceDB           : 10
c nb removed Clauses    : 132164
c nb learnts DL2        : 1630
c nb learnts size 2     : 935
c nb learnts size 1     : 1
c conflicts             : 179385         (631 /sec)
c decisions             : 1555017        (0.00 % random) (5474 /sec)
c propagations          : 902787693      (3178094 /sec)
c conflict literals     : 15342111       (17.50 % deleted)
c nb reduced Clauses    : 1582
c CPU time              : 284.066 s
s SATISFIABLE
