c This is CryptoMiniSat 2.7.1
c WARNING: for repeatability, setting FPU to use double precision
c Reading file 'pb_400_06.cnf'
c -- header says num vars:         633632
c -- header says num clauses:     2015264
c -- clauses added:            0 learnts,      2015264 normals,            0 xors
c -- vars added     633632
c Parsing time:  0.84 s
c Ouptutting solution to console
c asymm  cl-useful: 0/3810/315596 lits-rem:0 time: 1.21
c Time to fill non-learnt binary watchlists: 0.10 s
c subs with bin:        0  lits-rem:         0  v-fix:    0  time:  0.18 s
c Subs w/ non-existent bins:      0 l-rem:      0 v-fix:     0 done:   3554 time:  2.88 s
c lits-rem:         0  cl-subs:   338396  v-elim: 195927  v-fix:    0  time:  1.50 s
c Finding binary XORs:         0.19 s (found:     127, avg size: 2.0)
c Replacing      127 vars Replaced     2574 lits Time:     0.02 s 
c Finding non-binary XORs:     0.10 s (found:       0, avg size: -nan)
c watched sorting time: 0.02
c Calc default polars -  time:   0.02 s pos:   13595 undec:  598878 neg:   21159
c =========================================================================================
c types(t): F = full restart, N = normal restart
c types(t): S = simplification begin/end, E = solution found
c restart types(rt): st = static, dy = dynamic
c  t rt  Rest     Confl      Vars   NormCls    BinCls   Learnts    ClLits    LtLits
c  B st     0         0    177142    315196    523564         0   2019516         0  no matrixes
c Finding binary XORs:         0.06 s (found:       0, avg size: -nan)
c  N dy    11      4085    177142    315196    523727      3877   2019516    142941  no matrixes
c  N dy    30      8208    177142    315196    523865      7807   2019516    256596  no matrixes
c  N dy    53     12270    177142    315196    524033     11652   2019516    385255  no matrixes
c  N dy    81     16360    177142    315196    524156     15577   2019516    546120  no matrixes
c  N dy   106     20428    177142    315196    524291      9951   2019516    101138  no matrixes
c  N dy   127     24504    177142    315196    524399     13882   2019516    279008  no matrixes
c  F st   131     25000    177142    315196    524414     14357   2019516    296486  no matrixes
c  N dy   137     30195    177142    315196    524463     19460   2019516    623194  no matrixes
c  S st   137     30195    177142    315196    524463     19460   2019516    623194  no matrixes
c  S st   137     30701    177142    315196    524509     19917   2019516    631580  no matrixes
c x-sub:     0 x-cut:      0 vfix:      0 v-elim:      0 locsubst:     0 time:   0.04
c binary deg approx. time:  0.22 s num checked:    763 i:     763 props: 3002k
c Flit:     0 Blit:     18 bXBeca:    0 bXProp:  214 Bins:    292 P: 88.0M T:  5.38
c Replacing      214 vars Replaced    26605 lits Time:     0.07 s 
c Time to fill non-learnt binary watchlists: 0.14 s
c subs with bin:        0  lits-rem:         0  v-fix:    0  time:  0.15 s
c Subs w/ non-existent bins:      0 l-rem:      0 v-fix:     0 done:  24993 time:  6.37 s
c Removed useless bin:     925  fixed:     0  props:  19.83M  time:  1.16 s
c lits-rem:         0  cl-subs:      220  v-elim:   5446  v-fix:    0  time:  0.94 s
c lits-rem:         5  cl-subs:      586  v-elim:      0  v-fix:    0  time:  0.78 s
c asymm  cl-useful: 0/4161/310008 lits-rem:0 time: 1.12
c watched sorting time: 0.02
c  N dy   137     30701    171464    310008    525207     14950   2010942    464002  no matrixes
c  N dy   155     34752    171464    310008    525302     18862   2010942    607636  no matrixes
c  N dy   171     38901    171464    310008    525422     22841   2010942    744916  no matrixes
c  N dy   190     42949    171464    310008    525500     14068   2010942    158989  no matrixes
c  S st   208     46092    171464    310008    525558     17117   2010942    281640  no matrixes
c  S st   208     46592    171464    310008    525618     17555   2010942    287655  no matrixes
c x-sub:     0 x-cut:      0 vfix:      0 v-elim:      0 locsubst:     0 time:   0.04
c binary deg approx. time:  0.22 s num checked:    646 i:     647 props: 3004k
c Flit:     0 Blit:      0 bXBeca:    0 bXProp:    0 Bins:     88 P: 86.5M T:  4.39
c Time to fill non-learnt binary watchlists: 0.08 s
c subs with bin:        0  lits-rem:         0  v-fix:    0  time:  0.16 s
c Subs w/ non-existent bins:      8 l-rem:      0 v-fix:     0 done:  22618 time:  8.00 s
c Removed useless bin:    3980  fixed:     0  props:  19.83M  time:  1.52 s
c lits-rem:         0  cl-subs:        0  v-elim:      0  v-fix:    0  time:  0.64 s
c Blocked clauses removed:        0    Time: 0.05 s
c lits-rem:       178  cl-subs:      600  v-elim:      0  v-fix:    0  time:  0.83 s
c asymm  cl-useful: 0/7015/310000 lits-rem:0 time: 1.16
c watched sorting time: 0.02
c  N dy   208     46592    171464    310000    521727     16954   2002958    281473  no matrixes
c  N dy   237     50833    171464    310000    521799     21093   2002958    438396  no matrixes
c  N dy   264     54945    171464    310000    521882     25096   2002958    589125  no matrixes
c  N dy   293     59000    171464    310000    521994     29020   2002958    759199  no matrixes
c  N dy   321     63050    171464    310000    522072     32969   2002958    934802  no matrixes
c  N dy   343     67141    171464    310000    522179     19909   2002958    230110  no matrixes
c  S st   361     69981    171464    310000    522232     22684   2002958    351103  no matrixes
c  S st   361     70484    171464    310000    522290     23125   2002958    359630  no matrixes
c x-sub:     0 x-cut:      0 vfix:      0 v-elim:      0 locsubst:     0 time:   0.04
c binary deg approx. time:  0.22 s num checked:    671 i:     673 props: 3002k
c Flit:     0 Blit:      0 bXBeca:    0 bXProp:    0 Bins:    235 P: 86.4M T:  5.69
c Time to fill non-learnt binary watchlists: 0.08 s
c subs with bin:        1  lits-rem:         0  v-fix:    0  time:  0.17 s
c Subs w/ non-existent bins:      0 l-rem:      0 v-fix:     0 done:   9095 time:  5.34 s
c Removed useless bin:    1932  fixed:     0  props:  19.83M  time:  1.47 s
c lits-rem:         0  cl-subs:        0  v-elim:      0  v-fix:    0  time:  0.63 s
c lits-rem:       129  cl-subs:      900  v-elim:      0  v-fix:    0  time:  0.89 s
c asymm  cl-useful: 0/5946/309999 lits-rem:0 time: 1.29
c watched sorting time: 0.02
c  N dy   361     70484    171464    309999    520593     22225   1999093    351649  no matrixes
c  N dy   394     75335    171464    309999    520716     26927   1999093    546125  no matrixes
c  N dy   431     80214    171464    309999    520827     31658   1999093    720567  no matrixes
c  N dy   475     85432    171464    309999    520929     36747   1999093    937956  no matrixes
c  F st   492     87500    171464    309999    520990     38740   1999093   1018384  no matrixes
c  N dy   498     92697    171464    309999    521010     24240   1999093    599440  no matrixes
c  N dy   527     98682    171464    309999    521079     30127   1999093    890660  no matrixes
c  N dy   563    105039    171464    309999    521185     36342   1999093   1162326  no matrixes
c  S st   567    105872    171464    309999    521212     37143   1999093   1197885  no matrixes
c  S st   567    106375    171464    309999    521255     37601   1999093   1206159  no matrixes
c x-sub:     0 x-cut:      0 vfix:      0 v-elim:      0 locsubst:     0 time:   0.04
c binary deg approx. time:  0.22 s num checked:    705 i:     705 props: 3000k
c Flit:     0 Blit:      0 bXBeca:    0 bXProp:    0 Bins:     93 P: 86.6M T:  4.92
c Time to fill non-learnt binary watchlists: 0.08 s
c subs with bin:        0  lits-rem:         0  v-fix:    0  time:  0.17 s
c Subs w/ non-existent bins:      5 l-rem:      0 v-fix:     0 done:  25737 time:  8.31 s
c Removed useless bin:    1029  fixed:     0  props:  19.84M  time:  1.50 s
c lits-rem:         0  cl-subs:        0  v-elim:      0  v-fix:    0  time:  0.63 s
c lits-rem:       166  cl-subs:     1223  v-elim:      0  v-fix:    0  time:  1.09 s
c asymm  cl-useful: 0/6114/309994 lits-rem:0 time: 1.20
c watched sorting time: 0.02
c  N dy   567    106375    171464    309994    520319     36378   1997020   1184959  no matrixes
c  N dy   610    113175    171464    309994    520417     43053   1997020   1493990  no matrixes
c  N dy   655    120562    171464    309994    520541     28733   1997020    460130  no matrixes
c  N dy   716    128449    171464    309994    520722     36419   1997020    788972  no matrixes
c  N dy   778    136672    171464    309994    520897     44429   1997020   1148266  no matrixes
c  N dy   837    145392    171464    309994    521067     29978   1997020    443566  no matrixes
c  N dy   907    154745    171464    309994    521245     39132   1997020    861275  no matrixes
c  S st   941    159738    171464    309994    521316     44037   1997020   1073298  no matrixes
c  S st   941    160238    171464    309994    521363     44488   1997020   1079079  no matrixes
c x-sub:     0 x-cut:      0 vfix:      0 v-elim:      0 locsubst:     0 time:   0.04
c binary deg approx. time:  0.22 s num checked:    643 i:     643 props: 3011k
c Flit:     0 Blit:      0 bXBeca:    0 bXProp:    0 Bins:    224 P: 86.4M T:  6.16
c Time to fill non-learnt binary watchlists: 0.08 s
c subs with bin:        0  lits-rem:         0  v-fix:    0  time:  0.17 s
c Subs w/ non-existent bins:      3 l-rem:      0 v-fix:     0 done:   9087 time:  6.00 s
c Removed useless bin:    4009  fixed:     0  props:  19.84M  time:  1.91 s
c lits-rem:         0  cl-subs:        0  v-elim:      0  v-fix:    0  time:  0.69 s
c Blocked clauses removed:        0    Time: 0.04 s
c lits-rem:       138  cl-subs:     1743  v-elim:      0  v-fix:    0  time:  1.14 s
c Blocked clauses removed:        0    Time: 0.00 s
c asymm  cl-useful: 0/3352/309991 lits-rem:0 time: 1.36
c watched sorting time: 0.02
c  N dy   941    160238    171464    309991    517580     42743   1988993   1063179  no matrixes
c  N dy  1019    170471    171464    309991    517757     28577   1988993    356408  no matrixes
c  N dy  1082    181387    171464    309991    517918     39287   1988993    839419  no matrixes
c  N dy  1152    193195    171464    309991    518072     25567   1988993    169908  no matrixes
c  N dy  1235    205613    171464    309991    518236     37776   1988993    721444  no matrixes
c  N dy  1319    218751    171464    309991    518398     50707   1988993   1296968  no matrixes
c  N dy  1412    232799    171464    309991    518591     38161   1988993    738951  no matrixes
c  S st  1458    240554    171464    309991    518688     45782   1988993   1083260  no matrixes
c  S st  1458    241056    171464    309991    518716     46252   1988993   1095532  no matrixes
c x-sub:     0 x-cut:      0 vfix:      0 v-elim:      0 locsubst:     0 time:   0.05
c binary deg approx. time:  0.22 s num checked:    640 i:     642 props: 3009k
c Flit:     3 Blit:      0 bXBeca:    0 bXProp:    0 Bins:     89 P: 86.4M T:  6.18
c Time to fill non-learnt binary watchlists: 0.08 s
c subs with bin:        8  lits-rem:         0  v-fix:    0  time:  0.18 s
c Subs w/ non-existent bins:      6 l-rem:      0 v-fix:     0 done:  14481 time:  7.76 s
c Removed useless bin:    3689  fixed:     0  props:  19.83M  time:  1.83 s
c lits-rem:         0  cl-subs:        0  v-elim:      5  v-fix:    0  time:  0.64 s
c lits-rem:       222  cl-subs:     2312  v-elim:      0  v-fix:    0  time:  1.11 s
c asymm  cl-useful: 0/5459/309969 lits-rem:0 time: 1.21
c watched sorting time: 0.02
c  N dy  1458    241056    171447    309969    515064     43903   1981439   1075046  no matrixes
c  N dy  1556    256463    171447    309969    515247     31599   1981439    360873  no matrixes
c  N dy  1657    273076    171447    309969    515437     47964   1981439   1135757  no matrixes
c  N dy  1748    290660    171447    309969    515630     36837   1981439    498486  no matrixes
c  F st  1869    306253    171447    309969    515814     52182   1981439   1222280  no matrixes
c  N st  1874    309550    171447    309969    515826     55457   1981439   1484835  no matrixes
c  E dy  1881    312968         0    309969    515837     58825   1981439   1657231  no matrixes
c Verified 309969 clauses.
c Solution needs extension. Extending.
c Verified 309969 clauses.
c        1 solution(s) found
c restarts              : 1881       
c dynamic restarts      : 1857       
c static restarts       : 54         
c full restarts         : 3          
c learnts DL2           : 0          
c learnts size 2        : 6558       
c learnts size 1        : 260466      (41.11     % of vars)
c v-elim SatELite       : 201378      (31.78     % vars)
c SatELite time         : 57.33       (12.35     % time)
c v-elim xor            : 0           (0.00      % vars)
c xor elim time         : 0.25        (0.05      % time)
c num binary xor trees  : 340        
c binxor trees' crown   : 341         (1.00      leafs/tree)
c OTF clause improved   : 1752        (0.01      clauses/conflict)
c OTF impr. size diff   : 2080        (1.19       lits/clause)
c OTF cl watch-shrink   : 94496       (0.30      clauses/conflict)
c OTF cl watch-sh-lit   : 247381      (2.62       lits/clause)
c tried to recurMin cls : 32439       (10.36      % of conflicts)
c stopped recurMin      : 32264       (99.46      %)
c lits visited recurmin:: 1.11       
c conflicts             : 312968      (674.17    / sec)
c decisions             : 3081536     (0.63      % random)
c bogo-props            : 4298299592  (9259006.83 / sec)
c conflict literals     : 13788086    (16.19     % deleted)
c Memory used           : 613.26      MB
c CPU time              : 464.23      s
c 
s SATISFIABLE
