c Lingeling SAT Solver
c 
c Version ala b02aa1a04343558c4252b5f4a723be021964f652
c 
c Copyright (C) 2010-2012 Armin Biere JKU Linz Austria.
c All rights reserved.
c 
c released Sat Oct 13 14:05:26 CEST 2012
c compiled Sat Feb 16 02:48:12 EST 2013
c 
c gcc (Debian 4.4.5-8) 4.4.5
c -Wall -O3 -DNLGLOG -DNDEBUG -DNCHKSOL -DNLGLPICOSAT 
c Linux greencar2 2.6.32-5-amd64 x86_64
c 
c reading input file p23.cnf
c no embedded options
c found 'p cnf 219725 682174' header
c read 219725 variables, 682174 clauses, 1419271 literals in 0.0 seconds
c
c feature vars 219725
c feature lits.total 1419271
c feature lits.pos 755612
c feature lits.neg 663659
c feature clauses.total 682174
c feature clauses.unit 81873
c feature clauses.bin 480105
c feature clauses.trn 118796
c feature clauses.lrg 1400
c feature cog.val.min 1
c feature cog.val.avg 97940
c feature cog.val.max 211749
c feature cog.var.min 1
c feature cog.var.avg 109863
c feature cog.var.max 219724
c
c
c --abstime=0
c --acts=2
c --actavgmax=120
c --actstdmin=20
c --actstdmax=80
c --agile=23
c --bias=2
c --block=1
c --blkrtc=0
c --blkclslim=2000
c --blkocclim=2000
c --blkmaxeff=2147483647
c --blkmineff=10000000
c --blkreleff=20
c --card=0
c --cce=3
c --ccemaxeff=100000000
c --ccemineff=5000000
c --ccereleff=3
c --check=0
c --cgrclsr=1
c --cgrmaxority=20
c --cgrmaxeff=8000000
c --cgrmineff=200000
c --cgreleff=1
c --cgrexteq=1
c --cgrextand=1
c --cgrextunits=1
c --cgrextite=1
c --cgrextxor=1
c --cliff=1
c --cliffreleff=8
c --cliffmineff=10000000
c --cliffmaxeff=100000000
c --compact=0
c --decompose=1
c --defragint=10000000
c --defragfree=50
c --elim=1
c --elmrtc=0
c --elmblk=1
c --elmclslim=1000
c --elmocclim=1000
c --elmaxeff=100000000
c --elmineff=5000000
c --elmreleff=10
c --sleeponabort=0
c --exitonabort=0
c --flipping=1
c --flipint=2
c --flipdur=50
c --fliptop=1
c --force=0
c --gauss=1
c --gaussextrall=1
c --gaussmaxor=20
c --gaussexptrn=1
c --gaussmaxeff=50000000
c --gaussmineff=2000000
c --gaussreleff=2
c --gluescale=2
c --gluekeep=0
c --inprocessing=1
c --cintinc=10000
c --irrlim=20
c --lift=1
c --lftmaxeff=20000000
c --lftmineff=500000
c --lftreleff=6
c --lhbr=1
c --lkhd=1
c --clim=-1
c --mocint=1000
c --move=2
c --log=-1
c --otfs=1
c --phase=0
c --phaseneginit=0
c --plain=0
c --probe=1
c --prbasicmaxeff=100000000
c --prbasicmineff=1000000
c --prbasicreleff=10
c --prbasic=1
c --prbasicroundlim=9
c --queuemergelim=10000
c --queuefactor=833
c --queueinc=20
c --rmincpen=4
c --seed=0
c --smallirr=90
c --smallve=1
c --smallvevars=12
c --randec=1
c --randecint=1000
c --redfixed=0
c --redlbound=0
c --redlexpfac=10
c --redldoutfac=0
c --redloutinc=10000
c --redlinit=1000
c --redlinc=1000
c --redinoutinc=100
c --redlmininc=10
c --redlmaxinc=200
c --redlminrel=10
c --redlmaxrel=300
c --redlminabs=500
c --redlmaxabs=1000000
c --reduce=1
c --restart=2
c --restartint=5
c --rstinoutinc=110
c --simplify=1
c --simpdelay=100
c --simpen=4
c --sizepen=1000000
c --sizemaxpen=3
c --sortlits=0
c --syncint=111111
c --termint=122222
c --ternres=1
c --ternresrtc=0
c --trnrmineff=4000000
c --trnrmaxeff=40000000
c --trnreleff=10
c --transred=1
c --trdmineff=100000
c --trdmaxeff=2000000
c --trdreleff=10
c --unhide=1
c --unhdextstamp=1
c --unhdhbr=0
c --unhdmaxeff=20000000
c --unhdmineff=1000000
c --unhdreleff=4
c --unhdlnpr=3
c --unhdroundlim=5
c --verbose=1
c --witness=1
c [limits] no conflict limit
c [limits] simplification delayed by 100 to 100 conflicts
c 
c  seconds         irredundant          redundant clauses agility   height
c          variables clauses conflicts large binary ternary    glue         MB
c 
c *    0.0  121796   512235         0       0      0     0  62  0.0   0.0   41
c [cut-width] 170630, max 263707, min4 116292 at 75%, min10 31151 at 90%
c [decision-order] bias 1, old 1
c [queue-schedule-all-variables]
c s    0.0  121796   512235         0       0      0     0  62  0.0   0.0   41
c [simplification-1] limit hit at 100 conflicts
c [simplification-1] simplification penalty of 4
c [ternres-1] limit 4000000 with penalty 0 = 0 + 0
c [ternres-1] all 121796 free variables schedulable
c [ternres-1] 0 ternary resolvents (0 bin, 0 trn)
c [ternres-1] 28918 variables remain 24% (92878 retained)
c [gauss-1] limit 2000000 penalty 0 = 0 + 0
c [gauss-1] extracted 164186 xors of average arity 2.0
c [gauss-1] connected 328374 occurrences of 94495 variables (average 3.5)
c [gauss-1] limit 2000000 penalty 0 = 0 + 0
c [gauss-1] exported 0 unary, 0 binary and 0 ternary equations
c G    0.6  121796   491757       100      99      0     1  77  4.9 409.1   27
c d    0.7   56342   256453       100      99      0     0  77  4.9 409.1   21
c [basicprobe-1] limit 1000000 penalty 0 = 0 + 0
c [basicprobe-1-0] 3810 probes remain 7% after last round
c [basicprobe-1-0] 2 units = 2 failed (100%) + 0 lifted (0%)
c [basicprobe-1-0] removed 2 variables, found 6320 hbrs
c p    0.8   56340   256453       100      99   6320     0  77  4.9 409.1   25
c [cgrclsr-1] limit 200000 penalty 0 = 0 + 0
c [cgrclsr-1] all 56340 free variables schedulable
c [cgrclsr-1] fully completed congruence closure
c [lift-1] limit 500000 with penalty 0 = 0 + 0
c [lift-1] using 56340 probes 100%
c [lift-1] 56306 variables remain 100% (34 retained)
c [cliff-1] limit of 10000000 steps penalty 0 = 0 + 0
c [cliff-1] failed 0, lifted 0
c [unhide-1] limit 1000000 with penalty 0 = 0 + 0
c [unhide-1-1] 0 units, 0 failed, 20898 tauts, 0 hbrs, 171 literals
c u    1.4   56340   235546       100      99  20677     0  77  4.9 409.1   25
c [transred-1] limit 100000 with penalty 0 = 0 + 0
c t    1.4   56340   235544       100      99  20671     0  77  4.9 409.1   25
c [block-1] scheduling all variables this time
c [block-1] scheduled 56340 variables 100%
c [block-1] limit of 10000000 steps penalty 0 = 0 + 0
c [block-1] fully completed blocked clause elimination
c [block-1] transition to [ all 0 rem 0 ] state
c [block-1] eliminated 4200 blocked clauses
c k    1.5   56340   231344       100      99  20671  4200  77  4.9 409.1   21
c [cce-1] scheduling all variables this time
c [cce-1] limit of 10000000 steps penalty 0 = 0 + 0
c [cce-1] incomplete covered clause elimination 50581 not tried 90%
c [cce-1] transition to [ all 1 rem 1 ] state
c [cce-1] eliminated 68 covered clauses
c E    1.9   56338   231276       100      99  30643  4200  77  4.9 409.1   21
c [elim-1] scheduling all variables this time
c [elim-1] scheduled 56338 variables 100%
c [elim-1] limit of 5000000 steps penalty 0 = 0 + 0
c [elim-1] incomplete variable elimination 42155 not tried 75%
c [elim-1] transition to [ all 1 rem 1 ] state
c [elim-1] eliminated 5669 = 10% variables out of 56338
c e    2.8   50669   227867       100      49  13233   529  77  4.9 409.1   21
c [phase-1] phase bias: 1860 positive 16%, 9821 negative 84%
c [simplification-1] removed 71127 variables 58%
c [simplification-1] limit increments divided by 30
c [simplification-1] arithmetic increase of conflict limit interval by 333
c [simplification-1] new irredundant limit 2237711
c [simplification-1] new conflict limit 433
c [simplification-1] simplification penalty reduced to 3
c [simplification-2] limit hit at 434 conflicts
c [simplification-2] simplification penalty of 3
c [ternres-2] limit 2000000 with penalty 1 = 1 + 0
c [ternres-2] 12035 schedulable variables 24%
c [ternres-2] 3 ternary resolvents (0 bin, 3 trn)
c [ternres-2] fully completed ternary resolution
c T    3.0   50669   227867       434     367  13235   545  24 10.1 683.8   26
c [gauss-2] limit 1000000 penalty 1 = 1 + 0
c [gauss-2] extracted 404 xors of average arity 3.0
c [gauss-2] connected 1212 occurrences of 990 variables (average 1.2)
c [gauss-2] limit 1000000 penalty 1 = 1 + 0
c [gauss-2] fully completed
c [gauss-2] exported 0 unary, 0 binary and 0 ternary equations
c G    3.1   50669   227867       434     367  13235   545  24 10.1 683.8   21
c [basicprobe-2] limit 1000000 penalty 0 = 0 + 0
c [basicprobe-2-0] 3603 probes remain 7% after last round
c [basicprobe-2-0] removed 0 variables, found 2111 hbrs
c p    3.2   50669   227867       434     367  15346   545  24 10.1 683.8   25
c [cgrclsr-2] limit 100000 penalty 1 = 1 + 0
c [cgrclsr-2] all 50669 free variables schedulable
c [cgrclsr-2] fully completed congruence closure
c [lift-2] limit 250000 with penalty 1 = 1 + 0
c [lift-2] using 50638 probes 100%
c [lift-2] 50615 variables remain 100% (54 retained)
c [cliff-2] limit of 5000000 steps penalty 1 = 1 + 0
c [cliff-2] failed 0, lifted 0
c [unhide-2] limit 1000000 with penalty 0 = 0 + 0
c [unhide-2-2] 0 units, 0 failed, 2773 tauts, 0 hbrs, 170 literals
c u    3.6   50669   227863       434     367  12671   545  24 10.1 683.8   25
c [transred-3] limit 100000 with penalty 0 = 0 + 0
c t    3.6   50669   227863       434     367  12666   545  24 10.1 683.8   25
c [block-2] scheduling all variables this time
c [block-2] scheduled 50669 variables 100%
c [block-2] limit of 10000000 steps penalty 0 = 0 + 0
c [block-2] fully completed blocked clause elimination
c [block-2] transition to [ all 0 rem 0 ] state
c [block-2] eliminated 0 blocked clauses
c [cce-2] 47787 variables 94% will be scheduled this time
c [cce-2] limit of 10000000 steps penalty 0 = 0 + 0
c [cce-2] 47217 variables 93% remain to be tried next time
c [cce-2] transition to [ all 0 rem 1 ] state
c [cce-2] eliminated 324 covered clauses
c E    4.1   50669   227539       434     367  13373   545  24 10.1 683.8   21
c [elim-2] 42116 variables 83% will be scheduled this time
c [elim-2] scheduled 42116 variables 83%
c [elim-2] limit of 5000000 steps penalty 0 = 0 + 0
c [elim-2] 32021 variables 63% remain to be tried next time
c [elim-2] transition to [ all 0 rem 1 ] state
c [elim-2] eliminated 1061 = 2% variables out of 50669
c e    5.0   49608   227064       434     344   8216   545  24 10.1 683.8   21
c [phase-2] phase bias: 4 positive 100%, 0 negative 0%
c [simplification-2] removed 1061 variables 2%
c [simplification-2] limit increments divided by 2
c [simplification-2] arithmetic increase of conflict limit interval by 5000
c [simplification-2] new irredundant limit 2237711
c [simplification-2] new conflict limit 5767
c [simplification-2] simplification penalty reduced to 2
c R    5.3   49608   227064       981     818   8233   593   6  8.9 371.8   25
c -    5.3   49608   227064      1225     504   8250   627   4  8.0 294.0   25
c R    5.6   49608   227064      2273    1441   8283   698   9  8.6 233.9   26
c -    6.4   49608   227064      4140    1573   8355   873   4  7.4 216.7   26
c 1    6.5   49608   227064      4980    2355   8371   914   6  7.9 234.4   26
c 
c  seconds         irredundant          redundant clauses agility   height
c          variables clauses conflicts large binary ternary    glue         MB
c 
c blkd: 2 bces, 4200 removed, 1341872 resolutions, 3755269 steps
c blkd: 4200 blocking literals 1%, 0 pure
c cces: 2 cces, 383 eliminated, 383 ate 100%, 0 abce 0%
c cces: 12658 probed, 1 lifted, 2 failed
c clff: 2 cliffs, 0 lifted, 0 failed
c clff: 6284 decisions, 15001545 steps
c clls: 1 sat, 0 simp, 0 freeze, 0 melt
c clls: 2101445 add, 0 assume,, 0 deref, 0 failed
c clls: 0 cassume, 0 mosat
c coll: 12 gcs, 0 rescored clauses
c cgrs: 2 count, 300042 esteps, 64310 csteps
c cgrs: 0 eqs, 0 units
c cgrs: 0 matched (0 ands 0%, 0 xors 0%, 0 ites 0%)
c cgrs: 0 simplified (0 ands 0%, 0 xors 0%, 0 ites 0%)
c cgrs: 1988 extracted (1671 ands 84%, 317 xors 16%, 0 ites 0%)
c dcps: 2 decompositions, 65454 equivalent 30%
c decs: 73401 decision, 71 random 0.097%
c decs: 18787 flipped 25.595% (in 29 phases)
c elms: 2 elims, 6730 eliminated 3%
c elms: 6730 small 100%, 0 large 0%
c elms: 24374 tried small, 6730 succeeded 28%, 17644 failed 72%
c elms: 0 subsumed, 0 strengthened, 0 blocked
c elms: 312736 copies, 218917 resolutions, 649906 ipos
c elms: 0 subchks, 0 strchks
c frcs: 0 computed, 27.6 - 72.4 average min-cut range
c gaus: 2 extractions, 164590 extracted, 2.0 size, 3 max
c gaus: exported 0 units, 0 binary and 0 ternary equations
c gaus: 0 gc, 6000018 steps, 3000009 extr 50%, 2217587 elim 37%
c glue: 7.9 avg, 2.8 scaled avg
c glue: 0 maxredglue=15 (0%)
c lift: 2 phases, 342 probed (114 level1 33%, 228 level2 67%)
c lift: 0 units, 0 equivalences, 0 implications
c hbrs: 33185 hbrs = 33185 trn 100% + 0 lrg 0%, 0 sub 0%
c lrnd: 4941 clauses, 3161 uips 64%, 32.7 length, 7.9 glue
c ints: 255 luby (28447 steps), 0 inout (0 steps)
c mins: 161805 learned lits, 4% minimized
c move: moved 4583, 383 binary 8%, 4200 ternary 92%
c otfs: str 164 dyn (139 red, 25 irr) 39 drv 24%, 125 rst 76%
c otfs: sub 2 dyn (2 red, 0 irr)
c phas: 2 computed, 11883 set, 1864 pos (16%), 10019 neg (84%)
c prbs: 2 basic, 2226 probed, 2 failed, 0 lifted
c prps: 15371328 props, 126 props/dec
c prps: 60% srch, 40% simp, 0% lkhd
c psns: 685269 searches, 99967 hits, 15% hit rate
c queu: 20960 new, 7870 del, 120 maximum priority
c queu: 13073 merged, 11066 collected, 3 gcs
c queu: 5105 deprioritized, 25.4 lines on average
c reds: 2 count, 0 reset, 2 acts 100%, 0 exp 0%
c reds: 2 arithmetic 100%, 2 double 100%
c rmbd: 4 removed, 0 red 0%
c rsts: 202 restarts 80%, 52 skipped 20%
c rsts: 22 kept 10.9% average 50.6%
c simp: 2 count (0 ilim 0%, 0 plim 0%, 2 clim 100%)
c trnr: 2 count, 0 bin, 3 trn, 5063811 steps
c tops: 97933 fixed 45%, 0 iterations
c trds: 4 transitive reductions, 13 removed, 0 failed
c trds: 166 nodes, 235 edges, 202305 steps
c unhd: 2 count, 2 rounds, 2422156 steps
c unhd: 0 non-trivial sccs of average size 0.0
c unhd: 0 units, 0 bin, 0 trn, 0 lrg
c unhd: 0 failed, 0 stamp, 0 lits, 0 bin, 0 trn, 0 lrg
c unhd: 23671 tauts, 0 bin 0%, 0 trn 0%, 0 lrg 0%
c unhd: 23671 tauts, 23671 stamp 100%, 2773 red 12%
c unhd: 0 hbrs, 0 trn 0%, 0 lrg 0%, 0 red 0%
c unhd: 341 strd, 0 bin 0%, 0 trn 0%, 341 lrg 100%, 341 red 100%
c vars: 49608 remaining 23% and 170117 removed 77% out of 219725
c vars: 97933 fixed 45%, 6730 eliminated 3%, 65454 equivalent 30%
c vsts: 73244886 visits, 63% srch, 37% simp, 0% lkhd
c vsts: 5.0 search visits per propagation 9226.2 per conflict
c wchs: 8347900 pushed, 3661339 enlarged, 20 defrags
c 
c scaledglue  added       reduced       forcing      resolved     conflicts
c 
c all      4416 100      1971 100     21657 100      8922 100       665 100
c 
c  0          0   0         0   0         0   0         0   0         0   0 
c  1         39   1        19   1       148   1        65   1         1   0 
c  2       1381  31       746  38      7397  34      2360  26       144  22 
c  3       1504  34<      694  35<     9489  44<     3233  36<      243  37<
c  4       1015  23       309  16      3735  17      2391  27       230  35 
c  5        347   8       121   6       696   3       667   7        38   6 
c  6        107   2        67   3       159   1       180   2         8   1 
c  7         11   0         8   0        14   0        11   0         0   0 
c  8          6   0         4   0         8   0         8   0         0   0 
c  9          4   0         1   0         9   0         5   0         1   0 
c 10          2   0         2   0         2   0         2   0         0   0 
c 11          0   0         0   0         0   0         0   0         0   0 
c 12          0   0         0   0         0   0         0   0         0   0 
c 13          0   0         0   0         0   0         0   0         0   0 
c 14          0   0         0   0         0   0         0   0         0   0 
c 15          0   0         0   0         0   0         0   0         0   0 
c 
c avg             3.2           3.0           2.9           3.2           3.3
c std             1.1           1.1           0.9           1.0           0.9
c 
c 73401 decisions, 4980 conflicts, 762.4 conflicts/sec
c 15371328 propagations, 2.4 megaprops/sec
c 6.5 seconds, 48.3 MB
c 
c    0.216   3% analysis
c    0.240   4% block
c    0.036   1% bump
c    0.000   0% card
c    0.712  11% cce
c    0.500   8% cliff
c    0.012   0% cutwidth
c    0.068   1% decide
c    0.000   0% force
c    0.508   8% gc
c    0.216   3% cgrclsr
c    0.212   3% decomp
c    0.132   2% defrag
c    1.876  29% elim
c    0.580   9% gauss
c    0.172   3% lift
c    0.056   1% mincls
c    0.044   1% phase
c    0.120   2% probe
c    0.004   0% reduce
c    0.088   1% restart
c    0.080   1% ternres
c    0.016   0% transred
c    0.168   3% unhide
c ==================================
c    0.016   0% preprocessing     0%
c    5.024  77% inprocessing    100%
c ==================================
c    5.040  77% simplifying
c    0.000   0% lookahead
c    1.484  23% search
c ==================================
c    6.532 100% all
c
s SATISFIABLE
