c Lingeling SAT Solver
c 
c Version ala b02aa1a04343558c4252b5f4a723be021964f652
c 
c Copyright (C) 2010-2012 Armin Biere JKU Linz Austria.
c All rights reserved.
c 
c released Sat Oct 13 14:05:26 CEST 2012
c compiled Sat Feb 16 02:48:12 EST 2013
c 
c gcc (Debian 4.4.5-8) 4.4.5
c -Wall -O3 -DNLGLOG -DNDEBUG -DNCHKSOL -DNLGLPICOSAT 
c Linux greencar2 2.6.32-5-amd64 x86_64
c 
c reading input file p30.cnf
c no embedded options
c found 'p cnf 219904 682296' header
c read 219904 variables, 682296 clauses, 1418988 literals in 0.0 seconds
c
c feature vars 219904
c feature lits.total 1418988
c feature lits.pos 755196
c feature lits.neg 663792
c feature clauses.total 682296
c feature clauses.unit 81926
c feature clauses.bin 480048
c feature clauses.trn 118922
c feature clauses.lrg 1400
c feature cog.val.min 1
c feature cog.val.avg 98039
c feature cog.val.max 211928
c feature cog.var.min 1
c feature cog.var.avg 109953
c feature cog.var.max 219903
c
c
c --abstime=0
c --acts=2
c --actavgmax=120
c --actstdmin=20
c --actstdmax=80
c --agile=23
c --bias=2
c --block=1
c --blkrtc=0
c --blkclslim=2000
c --blkocclim=2000
c --blkmaxeff=2147483647
c --blkmineff=10000000
c --blkreleff=20
c --card=0
c --cce=3
c --ccemaxeff=100000000
c --ccemineff=5000000
c --ccereleff=3
c --check=0
c --cgrclsr=1
c --cgrmaxority=20
c --cgrmaxeff=8000000
c --cgrmineff=200000
c --cgreleff=1
c --cgrexteq=1
c --cgrextand=1
c --cgrextunits=1
c --cgrextite=1
c --cgrextxor=1
c --cliff=1
c --cliffreleff=8
c --cliffmineff=10000000
c --cliffmaxeff=100000000
c --compact=0
c --decompose=1
c --defragint=10000000
c --defragfree=50
c --elim=1
c --elmrtc=0
c --elmblk=1
c --elmclslim=1000
c --elmocclim=1000
c --elmaxeff=100000000
c --elmineff=5000000
c --elmreleff=10
c --sleeponabort=0
c --exitonabort=0
c --flipping=1
c --flipint=2
c --flipdur=50
c --fliptop=1
c --force=0
c --gauss=1
c --gaussextrall=1
c --gaussmaxor=20
c --gaussexptrn=1
c --gaussmaxeff=50000000
c --gaussmineff=2000000
c --gaussreleff=2
c --gluescale=2
c --gluekeep=0
c --inprocessing=1
c --cintinc=10000
c --irrlim=20
c --lift=1
c --lftmaxeff=20000000
c --lftmineff=500000
c --lftreleff=6
c --lhbr=1
c --lkhd=1
c --clim=-1
c --mocint=1000
c --move=2
c --log=-1
c --otfs=1
c --phase=0
c --phaseneginit=0
c --plain=0
c --probe=1
c --prbasicmaxeff=100000000
c --prbasicmineff=1000000
c --prbasicreleff=10
c --prbasic=1
c --prbasicroundlim=9
c --queuemergelim=10000
c --queuefactor=833
c --queueinc=20
c --rmincpen=4
c --seed=0
c --smallirr=90
c --smallve=1
c --smallvevars=12
c --randec=1
c --randecint=1000
c --redfixed=0
c --redlbound=0
c --redlexpfac=10
c --redldoutfac=0
c --redloutinc=10000
c --redlinit=1000
c --redlinc=1000
c --redinoutinc=100
c --redlmininc=10
c --redlmaxinc=200
c --redlminrel=10
c --redlmaxrel=300
c --redlminabs=500
c --redlmaxabs=1000000
c --reduce=1
c --restart=2
c --restartint=5
c --rstinoutinc=110
c --simplify=1
c --simpdelay=100
c --simpen=4
c --sizepen=1000000
c --sizemaxpen=3
c --sortlits=0
c --syncint=111111
c --termint=122222
c --ternres=1
c --ternresrtc=0
c --trnrmineff=4000000
c --trnrmaxeff=40000000
c --trnreleff=10
c --transred=1
c --trdmineff=100000
c --trdmaxeff=2000000
c --trdreleff=10
c --unhide=1
c --unhdextstamp=1
c --unhdhbr=0
c --unhdmaxeff=20000000
c --unhdmineff=1000000
c --unhdreleff=4
c --unhdlnpr=3
c --unhdroundlim=5
c --verbose=1
c --witness=1
c [limits] no conflict limit
c [limits] simplification delayed by 100 to 100 conflicts
c 
c  seconds         irredundant          redundant clauses agility   height
c          variables clauses conflicts large binary ternary    glue         MB
c 
c *    0.0  121922   512116         0       0      0     0  62  0.0   0.0   41
c [cut-width] 170896, max 263955, min4 116472 at 75%, min10 31151 at 90%
c [decision-order] bias 1, old 1
c [queue-schedule-all-variables]
c s    0.0  121922   512116         0       0      0     0  62  0.0   0.0   41
c [simplification-1] limit hit at 100 conflicts
c [simplification-1] simplification penalty of 4
c [ternres-1] limit 4000000 with penalty 0 = 0 + 0
c [ternres-1] all 121922 free variables schedulable
c [ternres-1] 0 ternary resolvents (0 bin, 0 trn)
c [ternres-1] 29833 variables remain 24% (92089 retained)
c [gauss-1] limit 2000000 penalty 0 = 0 + 0
c [gauss-1] extracted 163840 xors of average arity 2.0
c [gauss-1] connected 327681 occurrences of 94841 variables (average 3.5)
c [gauss-1] limit 2000000 penalty 0 = 0 + 0
c [gauss-1] exported 0 unary, 0 binary and 0 ternary equations
c G    0.6  121922   491637       100     100      0     0  73  5.6 247.9   27
c d    0.7   56405   256081       100     100      0     0  73  5.6 247.9   21
c [basicprobe-1] limit 1000000 penalty 0 = 0 + 0
c [basicprobe-1-0] 3786 probes remain 7% after last round
c [basicprobe-1-0] 1 units = 1 failed (100%) + 0 lifted (0%)
c [basicprobe-1-0] removed 1 variables, found 6659 hbrs
c p    0.8   56404   256081       100     100   6659     0  73  5.6 247.9   25
c [cgrclsr-1] limit 200000 penalty 0 = 0 + 0
c [cgrclsr-1] all 56404 free variables schedulable
c [cgrclsr-1] fully completed congruence closure
c [lift-1] limit 500000 with penalty 0 = 0 + 0
c [lift-1] using 56404 probes 100%
c [lift-1] 56380 variables remain 100% (24 retained)
c [cliff-1] limit of 10000000 steps penalty 0 = 0 + 0
c [cliff-1] failed 0, lifted 2
c K    1.3   56402   256077       100     100  18106     0  73  5.6 247.9   25
c [unhide-1] limit 1000000 with penalty 0 = 0 + 0
c [unhide-1-1] 0 units, 0 failed, 18961 tauts, 0 hbrs, 86 literals
c u    1.5   56402   237109       100     100  18105     0  73  5.6 247.9   25
c [transred-1] limit 100000 with penalty 0 = 0 + 0
c t    1.5   56402   237109       100     100  18093     0  73  5.6 247.9   25
c [block-1] scheduling all variables this time
c [block-1] scheduled 56402 variables 100%
c [block-1] limit of 10000000 steps penalty 0 = 0 + 0
c [block-1] fully completed blocked clause elimination
c [block-1] transition to [ all 0 rem 0 ] state
c [block-1] eliminated 4200 blocked clauses
c k    1.6   56402   232909       100     100  18093  4200  73  5.6 247.9   21
c [cce-1] scheduling all variables this time
c [cce-1] limit of 10000000 steps penalty 0 = 0 + 0
c [cce-1] incomplete covered clause elimination 51325 not tried 91%
c [cce-1] transition to [ all 1 rem 1 ] state
c [cce-1] eliminated 125 covered clauses
c E    2.0   56400   232784       100     100  24232  4200  73  5.6 247.9   21
c [elim-1] scheduling all variables this time
c [elim-1] scheduled 56400 variables 100%
c [elim-1] limit of 5000000 steps penalty 0 = 0 + 0
c [elim-1] incomplete variable elimination 42148 not tried 75%
c [elim-1] transition to [ all 1 rem 1 ] state
c [elim-1] eliminated 6030 = 11% variables out of 56400
c e    2.9   50370   229174       100      54   7975   539  73  5.6 247.9   21
c [phase-1] phase bias: 1766 positive 15%, 9981 negative 85%
c [simplification-1] removed 71552 variables 58%
c [simplification-1] limit increments divided by 30
c [simplification-1] arithmetic increase of conflict limit interval by 333
c [simplification-1] new irredundant limit 2236841
c [simplification-1] new conflict limit 433
c [simplification-1] simplification penalty reduced to 3
c R    3.0   50370   229174       404     329   7985   558   7  7.8 327.0   25
c [simplification-2] limit hit at 433 conflicts
c [simplification-2] simplification penalty of 3
c [ternres-2] limit 2000000 with penalty 1 = 1 + 0
c [ternres-2] 12321 schedulable variables 24%
c [ternres-2] 5 ternary resolvents (0 bin, 5 trn)
c [ternres-2] fully completed ternary resolution
c T    3.1   50370   229174       433     340   7992   573   7  7.4 307.7   25
c [gauss-2] limit 1000000 penalty 1 = 1 + 0
c [gauss-2] extracted 424 xors of average arity 3.0
c [gauss-2] connected 1272 occurrences of 756 variables (average 1.7)
c [gauss-2] limit 1000000 penalty 1 = 1 + 0
c [gauss-2] fully completed
c [gauss-2] exported 0 unary, 0 binary and 0 ternary equations
c G    3.2   50370   229174       433     340   7992   573   7  7.4 307.7   21
c [basicprobe-2] limit 1000000 penalty 0 = 0 + 0
c [basicprobe-2-0] 3515 probes remain 7% after last round
c [basicprobe-2-0] removed 0 variables, found 1006 hbrs
c p    3.3   50370   229174       433     340   8998   570   7  7.4 307.7   25
c [cgrclsr-2] limit 100000 penalty 1 = 1 + 0
c [cgrclsr-2] all 50370 free variables schedulable
c [cgrclsr-2] fully completed congruence closure
c [lift-2] limit 250000 with penalty 1 = 1 + 0
c [lift-2] using 50347 probes 100%
c [lift-2] 50331 variables remain 100% (39 retained)
c [cliff-2] limit of 10000000 steps penalty 0 = 0 + 0
c [cliff-2] failed 0, lifted 0
c [unhide-2] limit 1000000 with penalty 0 = 0 + 0
c [unhide-2-2] 0 units, 0 failed, 1197 tauts, 0 hbrs, 180 literals
c u    3.9   50370   229172       433     339   8598   570   7  7.4 307.7   25
c [transred-3] limit 100000 with penalty 0 = 0 + 0
c t    3.9   50370   229171       433     339   8594   570   7  7.4 307.7   25
c [block-2] scheduling all variables this time
c [block-2] scheduled 50370 variables 100%
c [block-2] limit of 10000000 steps penalty 0 = 0 + 0
c [block-2] fully completed blocked clause elimination
c [block-2] transition to [ all 0 rem 0 ] state
c [block-2] eliminated 0 blocked clauses
c [cce-2] 47809 variables 95% will be scheduled this time
c [cce-2] limit of 10000000 steps penalty 0 = 0 + 0
c [cce-2] 47279 variables 94% remain to be tried next time
c [cce-2] transition to [ all 0 rem 1 ] state
c [cce-2] eliminated 402 covered clauses
c E    4.3   50370   228769       433     339   9013   570   7  7.4 307.7   21
c [elim-2] 42090 variables 84% will be scheduled this time
c [elim-2] scheduled 42090 variables 84%
c [elim-2] limit of 5000000 steps penalty 0 = 0 + 0
c [elim-2] 32152 variables 64% remain to be tried next time
c [elim-2] transition to [ all 0 rem 1 ] state
c [elim-2] eliminated 1189 = 2% variables out of 50370
c e    5.3   49181   228314       433     324   6569   570   7  7.4 307.7   21
c [simplification-2] removed 1189 variables 2%
c [simplification-2] limit increments divided by 2
c [simplification-2] arithmetic increase of conflict limit interval by 5000
c [simplification-2] new irredundant limit 2236841
c [simplification-2] new conflict limit 5766
c [simplification-2] simplification penalty reduced to 2
c R    5.5   49181   228314       975     793   6585   622   4  7.1 258.7   25
c -    5.7   49181   228314      1260     509   6597   665   2  6.6 222.2   25
c R    5.9   49181   228314      2267    1410   6619   744   7  7.5 211.7   26
c -    6.5   49181   228314      4218    1528   6714   929   4  6.7 188.4   26
c 
c  seconds         irredundant          redundant clauses agility   height
c          variables clauses conflicts large binary ternary    glue         MB
c 
c 1    6.6   49181   228314      4767    2063   6720   937   9  7.4 191.9   26
c 
c  seconds         irredundant          redundant clauses agility   height
c          variables clauses conflicts large binary ternary    glue         MB
c 
c blkd: 2 bces, 4200 removed, 1350675 resolutions, 3765816 steps
c blkd: 4200 blocking literals 1%, 0 pure
c cces: 2 cces, 518 eliminated, 518 ate 100%, 0 abce 0%
c cces: 11214 probed, 1 lifted, 2 failed
c clff: 2 cliffs, 2 lifted, 0 failed
c clff: 6969 decisions, 20020013 steps
c clls: 1 sat, 0 simp, 0 freeze, 0 melt
c clls: 2101284 add, 0 assume,, 0 deref, 0 failed
c clls: 0 cassume, 0 mosat
c coll: 13 gcs, 0 rescored clauses
c cgrs: 2 count, 300000 esteps, 61247 csteps
c cgrs: 0 eqs, 0 units
c cgrs: 0 matched (0 ands 0%, 0 xors 0%, 0 ites 0%)
c cgrs: 0 simplified (0 ands 0%, 0 xors 0%, 0 ites 0%)
c cgrs: 1860 extracted (1593 ands 86%, 267 xors 14%, 0 ites 0%)
c dcps: 2 decompositions, 65517 equivalent 30%
c decs: 66971 decision, 67 random 0.100%
c decs: 17408 flipped 25.993% (in 32 phases)
c elms: 2 elims, 7219 eliminated 3%
c elms: 7219 small 100%, 0 large 0%
c elms: 24377 tried small, 7219 succeeded 30%, 17158 failed 70%
c elms: 0 subsumed, 0 strengthened, 0 blocked
c elms: 311778 copies, 217901 resolutions, 650125 ipos
c elms: 0 subchks, 0 strchks
c frcs: 0 computed, 29.6 - 70.4 average min-cut range
c gaus: 2 extractions, 164264 extracted, 2.0 size, 3 max
c gaus: exported 0 units, 0 binary and 0 ternary equations
c gaus: 0 gc, 6000060 steps, 3000030 extr 50%, 2239621 elim 37%
c glue: 7.4 avg, 2.7 scaled avg
c glue: 0 maxredglue=15 (0%)
c lift: 2 phases, 240 probed (80 level1 33%, 160 level2 67%)
c lift: 0 units, 0 equivalences, 0 implications
c hbrs: 25949 hbrs = 25949 trn 100% + 0 lrg 0%, 4 sub 0%
c lrnd: 4727 clauses, 2943 uips 62%, 27.8 length, 7.4 glue
c ints: 255 luby (28447 steps), 0 inout (0 steps)
c mins: 131568 learned lits, 4% minimized
c move: moved 4718, 518 binary 11%, 4200 ternary 89%
c otfs: str 140 dyn (113 red, 27 irr) 40 drv 29%, 100 rst 71%
c otfs: sub 1 dyn (1 red, 0 irr)
c phas: 1 computed, 11865 set, 1766 pos (15%), 10099 neg (85%)
c prbs: 2 basic, 2324 probed, 1 failed, 0 lifted
c prps: 15549763 props, 132 props/dec
c prps: 57% srch, 43% simp, 0% lkhd
c psns: 522857 searches, 80510 hits, 15% hit rate
c queu: 18950 new, 7033 del, 120 maximum priority
c queu: 11897 merged, 10797 collected, 3 gcs
c queu: 4867 deprioritized, 24.7 lines on average
c reds: 2 count, 0 reset, 2 acts 100%, 0 exp 0%
c reds: 2 arithmetic 100%, 2 double 100%
c rmbd: 2 removed, 0 red 0%
c rsts: 224 restarts 88%, 30 skipped 12%
c rsts: 32 kept 14.3% average 39.4%
c simp: 2 count (0 ilim 0%, 0 plim 0%, 2 clim 100%)
c trnr: 2 count, 0 bin, 5 trn, 5070345 steps
c tops: 97987 fixed 45%, 0 iterations
c trds: 4 transitive reductions, 17 removed, 0 failed
c trds: 177 nodes, 254 edges, 205105 steps
c unhd: 2 count, 2 rounds, 2412498 steps
c unhd: 0 non-trivial sccs of average size 0.0
c unhd: 0 units, 0 bin, 0 trn, 0 lrg
c unhd: 0 failed, 0 stamp, 0 lits, 0 bin, 0 trn, 0 lrg
c unhd: 20158 tauts, 1 bin 0%, 0 trn 0%, 0 lrg 0%
c unhd: 20158 tauts, 20157 stamp 100%, 1198 red 6%
c unhd: 0 hbrs, 0 trn 0%, 0 lrg 0%, 0 red 0%
c unhd: 266 strd, 0 bin 0%, 0 trn 0%, 266 lrg 100%, 266 red 100%
c vars: 49181 remaining 22% and 170723 removed 78% out of 219904
c vars: 97987 fixed 45%, 7219 eliminated 3%, 65517 equivalent 30%
c vsts: 75004265 visits, 59% srch, 41% simp, 0% lkhd
c vsts: 5.0 search visits per propagation 9258.4 per conflict
c wchs: 8323338 pushed, 3635966 enlarged, 21 defrags
c 
c scaledglue  added       reduced       forcing      resolved     conflicts
c 
c all      4176 100      2037 100     23919 100      8586 100       607 100
c 
c  0          0   0         0   0         0   0         0   0         0   0 
c  1         28   1        11   1       332   1        47   1         3   0 
c  2       1520  36       757  37     12115  51      3109  36       209  34 
c  3       1457  35<      694  34<     7517  31<     3115  36<      235  39<
c  4        762  18       352  17      3248  14      1539  18       124  20 
c  5        265   6       144   7       495   2       516   6        20   3 
c  6        114   3        59   3       167   1       211   2        15   2 
c  7         24   1        15   1        31   0        42   0         1   0 
c  8          6   0         5   0        14   0         7   0         0   0 
c  9          0   0         0   0         0   0         0   0         0   0 
c 10          0   0         0   0         0   0         0   0         0   0 
c 11          0   0         0   0         0   0         0   0         0   0 
c 12          0   0         0   0         0   0         0   0         0   0 
c 13          0   0         0   0         0   0         0   0         0   0 
c 14          0   0         0   0         0   0         0   0         0   0 
c 15          0   0         0   0         0   0         0   0         0   0 
c 
c avg             3.0           3.1           2.7           3.0           3.0
c std             1.1           1.1           0.9           1.1           1.0
c 
c 66971 decisions, 4767 conflicts, 720.5 conflicts/sec
c 15549763 propagations, 2.4 megaprops/sec
c 6.6 seconds, 48.2 MB
c 
c    0.236   4% analysis
c    0.248   4% block
c    0.028   0% bump
c    0.000   0% card
c    0.708  11% cce
c    0.628   9% cliff
c    0.012   0% cutwidth
c    0.084   1% decide
c    0.000   0% force
c    0.544   8% gc
c    0.216   3% cgrclsr
c    0.212   3% decomp
c    0.144   2% defrag
c    1.872  28% elim
c    0.596   9% gauss
c    0.172   3% lift
c    0.040   1% mincls
c    0.024   0% phase
c    0.112   2% probe
c    0.008   0% reduce
c    0.072   1% restart
c    0.076   1% ternres
c    0.008   0% transred
c    0.204   3% unhide
c ==================================
c    0.016   0% preprocessing     0%
c    5.160  78% inprocessing    100%
c ==================================
c    5.176  78% simplifying
c    0.000   0% lookahead
c    1.428  22% search
c ==================================
c    6.616 100% all
c
s SATISFIABLE
