c Lingeling SAT Solver
c 
c Version ala b02aa1a04343558c4252b5f4a723be021964f652
c 
c Copyright (C) 2010-2012 Armin Biere JKU Linz Austria.
c All rights reserved.
c 
c released Sat Oct 13 14:05:26 CEST 2012
c compiled Sat Feb 16 02:48:12 EST 2013
c 
c gcc (Debian 4.4.5-8) 4.4.5
c -Wall -O3 -DNLGLOG -DNDEBUG -DNCHKSOL -DNLGLPICOSAT 
c Linux greencar2 2.6.32-5-amd64 x86_64
c 
c reading input file pb_300_04.cnf
c no embedded options
c found 'p cnf 386793 1215300' header
c read 386793 variables, 1215300 clauses, 2534449 literals in 0.0 seconds
c
c feature vars 386793
c feature lits.total 2534449
c feature lits.pos 1347788
c feature lits.neg 1186661
c feature clauses.total 1215300
c feature clauses.unit 142193
c feature clauses.bin 856165
c feature clauses.trn 214842
c feature clauses.lrg 2100
c feature cog.val.min 1
c feature cog.val.avg 172185
c feature cog.val.max 374280
c feature cog.var.min 1
c feature cog.var.avg 193397
c feature cog.var.max 386792
c
c
c --abstime=0
c --acts=2
c --actavgmax=120
c --actstdmin=20
c --actstdmax=80
c --agile=23
c --bias=2
c --block=1
c --blkrtc=0
c --blkclslim=2000
c --blkocclim=2000
c --blkmaxeff=2147483647
c --blkmineff=10000000
c --blkreleff=20
c --card=0
c --cce=3
c --ccemaxeff=100000000
c --ccemineff=5000000
c --ccereleff=3
c --check=0
c --cgrclsr=1
c --cgrmaxority=20
c --cgrmaxeff=8000000
c --cgrmineff=200000
c --cgreleff=1
c --cgrexteq=1
c --cgrextand=1
c --cgrextunits=1
c --cgrextite=1
c --cgrextxor=1
c --cliff=1
c --cliffreleff=8
c --cliffmineff=10000000
c --cliffmaxeff=100000000
c --compact=0
c --decompose=1
c --defragint=10000000
c --defragfree=50
c --elim=1
c --elmrtc=0
c --elmblk=1
c --elmclslim=1000
c --elmocclim=1000
c --elmaxeff=100000000
c --elmineff=5000000
c --elmreleff=10
c --sleeponabort=0
c --exitonabort=0
c --flipping=1
c --flipint=2
c --flipdur=50
c --fliptop=1
c --force=0
c --gauss=1
c --gaussextrall=1
c --gaussmaxor=20
c --gaussexptrn=1
c --gaussmaxeff=50000000
c --gaussmineff=2000000
c --gaussreleff=2
c --gluescale=2
c --gluekeep=0
c --inprocessing=1
c --cintinc=10000
c --irrlim=20
c --lift=1
c --lftmaxeff=20000000
c --lftmineff=500000
c --lftreleff=6
c --lhbr=1
c --lkhd=1
c --clim=-1
c --mocint=1000
c --move=2
c --log=-1
c --otfs=1
c --phase=0
c --phaseneginit=0
c --plain=0
c --probe=1
c --prbasicmaxeff=100000000
c --prbasicmineff=1000000
c --prbasicreleff=10
c --prbasic=1
c --prbasicroundlim=9
c --queuemergelim=10000
c --queuefactor=833
c --queueinc=20
c --rmincpen=4
c --seed=0
c --smallirr=90
c --smallve=1
c --smallvevars=12
c --randec=1
c --randecint=1000
c --redfixed=0
c --redlbound=0
c --redlexpfac=10
c --redldoutfac=0
c --redloutinc=10000
c --redlinit=1000
c --redlinc=1000
c --redinoutinc=100
c --redlmininc=10
c --redlmaxinc=200
c --redlminrel=10
c --redlmaxrel=300
c --redlminabs=500
c --redlmaxabs=1000000
c --reduce=1
c --restart=2
c --restartint=5
c --rstinoutinc=110
c --simplify=1
c --simpdelay=100
c --simpen=4
c --sizepen=1000000
c --sizemaxpen=3
c --sortlits=0
c --syncint=111111
c --termint=122222
c --ternres=1
c --ternresrtc=0
c --trnrmineff=4000000
c --trnrmaxeff=40000000
c --trnreleff=10
c --transred=1
c --trdmineff=100000
c --trdmaxeff=2000000
c --trdreleff=10
c --unhide=1
c --unhdextstamp=1
c --unhdhbr=0
c --unhdmaxeff=20000000
c --unhdmineff=1000000
c --unhdreleff=4
c --unhdlnpr=3
c --unhdroundlim=5
c --verbose=1
c --witness=1
c [limits] no conflict limit
c [limits] simplification delayed by 100 to 100 conflicts
c 
c  seconds         irredundant          redundant clauses agility   height
c          variables clauses conflicts large binary ternary    glue         MB
c 
c *    0.0  219642   935967         0       0      0     0  81  0.0   0.0   79
c [cut-width] 315986, max 470737, min4 225452 at 75%, min10 48900 at 86%
c [decision-order] bias 1, old 1
c [queue-schedule-all-variables]
c s    0.0  219642   935967         0       0      0     0  81  0.0   0.0   79
c [simplification-1] limit hit at 100 conflicts
c [simplification-1] simplification penalty of 4
c [ternres-1] limit 2000000 with penalty 1 = 0 + 1
c [ternres-1] all 219642 free variables schedulable
c [ternres-1] 0 ternary resolvents (0 bin, 0 trn)
c [ternres-1] 174984 variables remain 80% (44658 retained)
c [gauss-1] limit 1000000 penalty 1 = 0 + 1
c [gauss-1] extracted 79253 xors of average arity 2.0
c [gauss-1] connected 158524 occurrences of 71983 variables (average 2.2)
c [gauss-1] limit 1000000 penalty 1 = 0 + 1
c d    1.0  102595   477454       100      95      1     4  11  3.9  86.8   40
c [gauss-1] exported 0 unary, 4 binary and 0 ternary equations
c G    1.0  102595   477454       100      95      1     4  11  3.9  86.8   40
c [basicprobe-1] limit 1000000 penalty 0 = 0 + 0
c [basicprobe-1-0] 6649 probes remain 6% after last round
c [basicprobe-1-0] 1 units = 1 failed (100%) + 0 lifted (0%)
c [basicprobe-1-0] removed 4 variables, found 869 hbrs
c p    1.2  102591   477454       100      95    870     4  11  3.9  86.8   48
c [cgrclsr-1] limit 200000 penalty 0 = 0 + 0
c [cgrclsr-1] all 102591 free variables schedulable
c [cgrclsr-1] fully completed congruence closure
c [lift-1] limit 500000 with penalty 0 = 0 + 0
c [lift-1] using 102591 probes 100%
c [lift-1] 102568 variables remain 100% (23 retained)
c [cliff-1] limit of 10000000 steps penalty 0 = 0 + 0
c [cliff-1] failed 0, lifted 0
c [unhide-1] limit 1000000 with penalty 0 = 0 + 0
c [unhide-1-1] 0 units, 2 failed, 39866 tauts, 0 hbrs, 97 literals
c u    2.1  102578   437568       100      95   7510     4  11  3.9  86.8   48
c [transred-1] limit 100000 with penalty 0 = 0 + 0
c t    2.1  102578   437568       100      95   7509     4  11  3.9  86.8   48
c [block-1] scheduling all variables this time
c [block-1] scheduled 102578 variables 100%
c [block-1] limit of 10000000 steps penalty 0 = 0 + 0
c [block-1] fully completed blocked clause elimination
c [block-1] transition to [ all 0 rem 0 ] state
c [block-1] eliminated 6600 blocked clauses
c k    2.5  102578   430903       100      95   7509  6604  11  3.9  86.8   40
c [cce-1] scheduling all variables this time
c [cce-1] limit of 10000000 steps penalty 0 = 0 + 0
c [cce-1] incomplete covered clause elimination 99969 not tried 97%
c [cce-1] transition to [ all 1 rem 1 ] state
c [cce-1] eliminated 156 covered clauses
c E    2.9  102546   430747       100      95   7825  6604  11  3.9  86.8   40
c [elim-1] scheduling all variables this time
c [elim-1] scheduled 102546 variables 100%
c [elim-1] limit of 5000000 steps penalty 0 = 0 + 0
c [elim-1] incomplete variable elimination 85459 not tried 83%
c [elim-1] transition to [ all 1 rem 1 ] state
c [elim-1] eliminated 8946 = 9% variables out of 102546
c e    3.9   93600   425050       100      72   4487   792  11  3.9  86.8   39
c [phase-1] phase bias: 2831 positive 9%, 28093 negative 91%
c [simplification-1] removed 126042 variables 57%
c [simplification-1] limit increments divided by 29
c [simplification-1] arithmetic increase of conflict limit interval by 344
c [simplification-1] new irredundant limit 4057254
c [simplification-1] new conflict limit 444
c [simplification-1] simplification penalty reduced to 3
c R    4.1   93600   425050       162     124   4490   797   6  4.0  66.1   47
c R    4.2   93600   425050       412     331   4501   825   7  3.8  67.5   47
c [simplification-2] limit hit at 444 conflicts
c [simplification-2] simplification penalty of 3
c [ternres-2] limit 2000000 with penalty 1 = 1 + 0
c [ternres-2] 74583 schedulable variables 80%
c [ternres-2] 2 ternary resolvents (0 bin, 2 trn)
c [ternres-2] 51433 variables remain 55% (42167 retained)
c T    4.3   93600   425050       444     353   4503   834   6  3.9  64.8   48
c [gauss-2] limit 2000000 penalty 0 = 0 + 0
c [gauss-2] extracted 724 xors of average arity 3.0
c [gauss-2] connected 2172 occurrences of 1289 variables (average 1.7)
c [gauss-2] limit 2000000 penalty 0 = 0 + 0
c [gauss-2] fully completed
c [gauss-2] exported 0 unary, 0 binary and 0 ternary equations
c G    4.4   93600   425050       444     353   4503   834   6  3.9  64.8   39
c [basicprobe-2] limit 1000000 penalty 0 = 0 + 0
c [basicprobe-2-0] 7139 probes remain 8% after last round
c [basicprobe-2-0] removed 0 variables, found 836 hbrs
c p    4.7   93600   425050       444     353   5339   834   6  3.9  64.8   47
c [cgrclsr-2] limit 100000 penalty 1 = 1 + 0
c [cgrclsr-2] all 93600 free variables schedulable
c [cgrclsr-2] fully completed congruence closure
c [lift-2] limit 250000 with penalty 1 = 1 + 0
c [lift-2] using 93582 probes 100%
c [lift-2] 93575 variables remain 100% (25 retained)
c [cliff-2] limit of 5000000 steps penalty 1 = 1 + 0
c [cliff-2] failed 0, lifted 0
c [unhide-2] limit 1000000 with penalty 0 = 0 + 0
c [unhide-2-2] 0 units, 0 failed, 1838 tauts, 0 hbrs, 266 literals
c u    5.3   93600   425047       444     351   4165   833   6  3.9  64.8   47
c [transred-3] limit 131633 based on 1053068 irredundant literals
c t    5.3   93600   425046       444     351   4165   833   6  3.9  64.8   47
c [block-2] scheduling all variables this time
c [block-2] scheduled 93600 variables 100%
c [block-2] limit of 10000000 steps penalty 0 = 0 + 0
c [block-2] fully completed blocked clause elimination
c [block-2] transition to [ all 0 rem 0 ] state
c [block-2] eliminated 0 blocked clauses
c [cce-2] 92493 variables 99% will be scheduled this time
c [cce-2] limit of 10000000 steps penalty 0 = 0 + 0
c [cce-2] 89927 variables 96% remain to be tried next time
c [cce-2] transition to [ all 0 rem 1 ] state
c [cce-2] eliminated 190 covered clauses
c E    6.0   93600   424856       444     351   4391   831   6  3.9  64.8   39
c [elim-2] 85427 variables 91% will be scheduled this time
c [elim-2] scheduled 85427 variables 91%
c [elim-2] limit of 5000000 steps penalty 0 = 0 + 0
c [elim-2] 75267 variables 80% remain to be tried next time
c [elim-2] transition to [ all 0 rem 1 ] state
c [elim-2] eliminated 1247 = 1% variables out of 93600
c e    7.0   92353   424129       444     337   3825   831   6  3.9  64.8   40
c [phase-2] phase bias: 131 positive 92%, 12 negative 8%
c [simplification-2] removed 1247 variables 1%
c [simplification-2] no reduction of limit increments
c [simplification-2] arithmetic increase of conflict limit interval by 10000
c [simplification-2] new irredundant limit 4057254
c [simplification-2] new conflict limit 10788
c [simplification-2] simplification penalty reduced to 2
c R    7.4   92353   424129       977     807   3842   868   4  4.8  78.6   47
c -    7.5   92353   424129      1229     504   3861   897   5  4.5  78.5   47
c i    7.8   92352   424128      1709     879   3888   961   5  4.3  91.2   48
c i    7.8   92351   424127      1852    1001   3891   976   5  4.4  90.4   48
c 
c  seconds         irredundant          redundant clauses agility   height
c          variables clauses conflicts large binary ternary    glue         MB
c 
c R    8.0   92351   424127      2286    1419   3893   990   5  5.1 103.6   48
c i    8.4   92350   424126      2983    1964   3940  1079   4  4.8  96.0   48
c i    8.5   92349   424125      3451    2372   3958  1114   2  4.9  96.5   48
c -    9.0   92349   424125      4237    1524   3995  1176   5  4.8 105.1   48
c R    9.1   92349   424125      5201    2338   4016  1197   2 14.9 107.0   48
c i    9.4   92348   424124      5626    2685   4041  1242   6 14.0 106.2   48
c i    9.7   92347   424123      6198    3167   4069  1297   4 13.2 108.0   48
c i    9.8   92346   424122      6272    3220   4077  1308   3 13.1 108.3   48
c i    9.8   92345   424121      6358    3284   4082  1321   4 12.9 107.6   48
c i   10.0   92344   424120      6727    3572   4115  1362   4 12.4 106.6   48
c i   10.1   92343   424119      6769    3605   4116  1367   4 12.4 106.4   48
c i   10.1   92342   424118      6780    3613   4116  1369   4 12.4 106.4   48
c i   10.1   92328   424117      6791    3621   4118  1369   4 12.4 106.3   48
c i   10.1   92327   424116      6844    3670   4118  1372   5 12.3 106.1   48
c i   10.8   92326   424115      8084    4771   4166  1445   3 11.3 108.9   49
c -   11.0   92326   424115      8461    2544   4181  1486   5 11.0 111.2   48
c i   11.2   92325   424114      8735    2760   4201  1515   2 10.8 109.7   48
c i   11.3   92324   424113      8962    2950   4214  1537   3 10.6 109.8   48
c i   11.3   92323   424112      8990    2970   4216  1542   3 10.6 109.7   48
c [simplification-3] limit hit at 10788 conflicts
c [simplification-3] simplification penalty of 2
c [ternres-3] limit 4000000 with penalty 0 = 0 + 0
c [ternres-3] 50723 schedulable variables 55%
c [ternres-3] 118 ternary resolvents (0 bin, 118 trn)
c [ternres-3] 5267 variables remain 6% (87056 retained)
c T   12.0   92323   424112     10788    4664   4237  1735   5 10.4 122.4   49
c [gauss-3] limit 1000000 penalty 1 = 1 + 0
c [gauss-3] extracted 370 xors of average arity 2.9
c [gauss-3] connected 1089 occurrences of 838 variables (average 1.3)
c [gauss-3] limit 1000000 penalty 1 = 1 + 0
c [gauss-3] fully completed
c [gauss-3] exported 0 unary, 0 binary and 0 ternary equations
c G   12.3   92323   423822     10788    4653   3524  1729   5 10.4 122.4   40
c d   12.4   92292   423769     10788    4653   3500  1728   5 10.4 122.4   40
c [basicprobe-3] limit 756306 penalty 1 = 1 + 0
c [basicprobe-3-0] 7163 probes remain 8% after last round
c [basicprobe-3-0] 3 units = 3 failed (100%) + 0 lifted (0%)
c [basicprobe-3-0] removed 3 variables, found 522 hbrs
c p   12.5   92289   423769     10788    4653   4021  1723   5 10.4 122.4   48
c [cgrclsr-3] limit 131786 based on 1054291 irredundant literals
c [cgrclsr-3] all 92289 free variables schedulable
c [cgrclsr-3] fully completed congruence closure
c [cgrclsr-3] removed 1 variables
c 
c  seconds         irredundant          redundant clauses agility   height
c          variables clauses conflicts large binary ternary    glue         MB
c 
c C   12.8   92288   423724     10788    4652   4017  1722   5 10.4 122.4   40
c [lift-3] limit 226891 with penalty 2 = 2 + 0
c [lift-3] using 92263 probes 100%
c [lift-3] 92251 variables remain 100% (37 retained)
c [cliff-3] limit of 2500000 steps penalty 2 = 2 + 0
c [cliff-3] failed 0, lifted 0
c [unhide-3] limit 1000000 with penalty 0 = 0 + 0
c [unhide-3-3] 0 units, 2 failed, 1897 tauts, 0 hbrs, 5594 literals
c u   13.2   92287   421891     10788    4595   4186  1679   5 10.4 122.4   48
c [transred-5] limit 1512612 with penalty 0 = 0 + 0
c t   13.3   92287   421883     10788    4595   4184  1679   5 10.4 122.4   48
c [block-3] scheduling all variables this time
c [block-3] scheduled 92287 variables 100%
c [block-3] limit of 5000000 steps penalty 1 = 1 + 0
c [block-3] fully completed blocked clause elimination
c [block-3] transition to [ all 0 rem 0 ] state
c [block-3] eliminated 0 blocked clauses
c [cce-3] scheduling all variables this time
c [cce-3] limit of 10000000 steps penalty 0 = 0 + 0
c [cce-3] 88461 variables 96% remain to be tried next time
c [cce-3] transition to [ all 1 rem 1 ] state
c [cce-3] eliminated 229 covered clauses
c E   14.1   92278   421649     10788    4595   6672  1675   5 10.4 122.4   40
c [elim-3] scheduling all variables this time
c [elim-3] scheduled 92278 variables 100%
c [elim-3] limit of 5000000 steps penalty 0 = 0 + 0
c [elim-3] 69963 variables 76% remain to be tried next time
c [elim-3] transition to [ all 1 rem 1 ] state
c [elim-3] eliminated 548 = 1% variables out of 92278
c e   15.2   91730   421344     10788    4577   5315  1657   5 10.4 122.4   40
c [phase-3] phase bias: 0 positive 0%, 0 negative 0%
c [simplification-3] removed 593 variables 0%
c [simplification-3] no reduction of limit increments
c [simplification-3] arithmetic increase of conflict limit interval by 10000
c [simplification-3] new irredundant limit 4057254
c [simplification-3] new conflict limit 31132
c [simplification-3] simplification penalty reduced to 1
c R   15.6   91730   421344     11679    5448   5319  1672   5 10.3 123.1   49
c i   15.6   91729   421343     11765    5520   5323  1681   6 10.2 122.8   49
c i   15.9   91728   421342     12108    5810   5340  1709   9 10.1 122.3   49
c i   16.7   91727   421341     13481    6993   5401  1820   4  9.6 121.3   49
c -   16.7   91727   421341     13545    3571   5402  1820   5  9.5 121.2   48
c i   17.0   91726   421340     14202    4160   5430  1850   6  9.5 123.7   49
c i   17.4   91725   421339     14743    4625   5460  1886   4  9.3 124.1   49
c i   17.5   91724   421338     15062    4915   5472  1900   3  9.2 124.1   49
c i   17.6   91723   421337     15170    5002   5481  1909   2  9.2 124.2   49
c i   17.7   91722   421336     15357    5168   5489  1919   5  9.2 124.0   49
c i   17.8   91721   421335     15442    5235   5497  1925   5  9.1 123.6   49
c i   17.8   91720   421334     15473    5256   5501  1928   5  9.1 123.5   49
c i   18.6   91719   421333     17044    6702   5533  2011   4  9.0 125.7   50
c i   18.6   91718   421332     17051    6705   5534  2013   4  9.0 125.7   50
c i   18.6   91717   421331     17057    6707   5536  2014   4  9.0 125.7   50
c i   18.7   91716   421330     17141    6760   5543  2032   3  9.0 125.5   50
c i   18.7   91715   421329     17168    6777   5546  2037   3  8.9 125.4   50
c i   18.8   91714   421328     17289    6890   5549  2040   2  8.9 125.8   50
c 
c  seconds         irredundant          redundant clauses agility   height
c          variables clauses conflicts large binary ternary    glue         MB
c 
c i   18.8   91713   421327     17292    6892   5549  2040   2  8.9 125.8   50
c i   20.1   91712   421326     19324    8713   5639  2137   4  8.7 123.6   50
c i   20.1   91711   421325     19345    8724   5647  2137   4  8.7 123.5   50
c i   20.2   91710   421324     19406    8771   5649  2145   2  8.7 123.5   50
c i   20.3   91709   421323     19542    8895   5651  2152   3  8.6 123.9   50
c -   20.4   91709   421323     19679    4503   5656  2172   4  8.6 123.6   49
c i   20.5   91708   421322     19755    4566   5662  2178   5  8.6 123.8   49
c i   20.5   91707   421321     19846    4641   5669  2184   4  8.6 123.5   49
c i   21.0   91706   421320     20548    5285   5691  2212   5  8.5 123.2   49
c i   21.0   91705   421319     20568    5298   5694  2215   5  8.5 123.1   49
c i   21.1   91704   421318     20766    5467   5710  2223   4  8.4 122.7   49
c R   22.9   91704   421318     25901   10464   5733  2326   6  8.8 126.1   51
c i   23.3   91703   421317     26392   10874   5766  2364   3  8.7 125.6   51
c -   23.4   91703   421317     26538    5502   5771  2375   7  8.7 125.3   49
c i   23.7   91702   421316     27062    5987   5781  2397   5  8.7 125.0   49
c i   23.9   91701   421315     27365    6253   5793  2417   4  8.6 124.6   49
c i   24.4   91700   421314     28265    7086   5806  2465   3  8.6 124.5   49
c i   24.6   91699   421313     28583    7382   5812  2479   4  8.5 124.3   49
c i   24.6   91698   421312     28584    7382   5812  2479   4  8.5 124.3   49
c i   24.6   91697   421311     28588    7384   5812  2480   4  8.5 124.3   49
c i   24.6   91696   421310     28591    7386   5811  2480   4  8.5 124.3   49
c i   24.6   91695   421309     28592    7386   5811  2480   4  8.5 124.3   49
c i   24.6   91694   421308     28613    7400   5813  2483   4  8.5 124.2   49
c 
c  seconds         irredundant          redundant clauses agility   height
c          variables clauses conflicts large binary ternary    glue         MB
c 
c i   25.1   91693   421307     29244    7982   5830  2510   6  8.5 124.2   50
c i   25.2   91692   421306     29396    8118   5838  2517   5  8.5 123.9   50
c i   25.5   91691   421305     29808    8486   5851  2546   4  8.4 124.0   50
c i   25.7   91690   421304     30119    8773   5854  2565   7  8.4 124.8   50
c [simplification-4] limit hit at 31132 conflicts
c [simplification-4] simplification penalty of 1
c [ternres-4] limit 4446648 with penalty 0 = 0 + 0
c [ternres-4] 5236 schedulable variables 6%
c [ternres-4] 136 ternary resolvents (1 bin, 135 trn)
c [ternres-4] fully completed ternary resolution
c T   26.1   91690   421304     31132    9756   5867  2714   8  8.5 125.6   51
c [gauss-4] limit 500000 penalty 2 = 2 + 0
c [gauss-4] extracted 217 xors of average arity 2.8
c [gauss-4] connected 615 occurrences of 577 variables (average 1.1)
c [gauss-4] limit 500000 penalty 2 = 2 + 0
c [gauss-4] fully completed
c [gauss-4] exported 0 unary, 0 binary and 0 ternary equations
c G   26.3   91690   420761     31132    9742   5821  2695   8  8.5 125.6   42
c d   26.5   91579   420570     31132    9732   5726  2690   8  8.5 125.6   42
c [basicprobe-4] limit 4446648 penalty 0 = 0 + 0
c [basicprobe-4-0] 6389 probes remain 7% after last round
c [basicprobe-4-0] 25 units = 25 failed (100%) + 0 lifted (0%)
c [basicprobe-4-0] removed 43 variables, found 2650 hbrs
c p   26.7   91536   420570     31132    9732   8376  2668   8  8.5 125.6   49
c [cgrclsr-4] limit 261620 based on 1046480 irredundant literals
c [cgrclsr-4] all 91536 free variables schedulable
c [cgrclsr-4] fully completed congruence closure
c [cgrclsr-4] removed 1 variables
c C   27.0   91535   420132     31132    9723   8006  2661   8  8.5 125.6   42
c [lift-4] limit 333498 with penalty 3 = 3 + 0
c [lift-4] using 91498 probes 100%
c [lift-4] 91486 variables remain 100% (49 retained)
c [cliff-4] limit of 1250000 steps penalty 3 = 3 + 0
c [cliff-4] failed 3, lifted 0
c K   27.2   91532   420132     31132    9723   8193  2661   8  8.5 125.6   49
c [unhide-4] limit 1778659 with penalty 0 = 0 + 0
c [unhide-4-4] 0 units, 3 failed, 1384 tauts, 0 hbrs, 10736 literals
c u   27.5   91530   420055     31132    9570   7229  2357   8  8.5 125.6   49
c [transred-7] limit 2000000 with penalty 0 = 0 + 0
c t   27.7   91530   420044     31132    9570   7226  2357   8  8.5 125.6   50
c [block-4] scheduling all variables this time
c [block-4] scheduled 91530 variables 100%
c [block-4] limit of 2500000 steps penalty 2 = 2 + 0
c [block-4] incomplete blocked clause elimination 6735 not tried 7%
c [block-4] transition to [ all 1 rem 1 ] state
c [block-4] eliminated 0 blocked clauses
c [cce-4] 87949 variables 96% will be scheduled this time
c [cce-4] limit of 5000000 steps penalty 0 = 0 + 0
c [cce-4] 87653 variables 96% remain to be tried next time
c [cce-4] transition to [ all 0 rem 1 ] state
c [cce-4] eliminated 254 covered clauses
c E   28.3   91529   419761     31132    9570   7557  2356   8  8.5 125.6   41
c [elim-4] 69823 variables 76% will be scheduled this time
c [elim-4] scheduled 69823 variables 76%
c [elim-4] limit of 5000000 steps penalty 0 = 0 + 0
c [elim-4] 59778 variables 65% remain to be tried next time
c [elim-4] transition to [ all 0 rem 1 ] state
c [elim-4] eliminated 678 = 1% variables out of 91529
c e   29.4   90851   419508     31132    9497   7136  2350   8  8.5 125.6   42
c [simplification-4] removed 839 variables 0%
c [simplification-4] no reduction of limit increments
c [simplification-4] arithmetic increase of conflict limit interval by 10000
c [simplification-4] new irredundant limit 4057254
c [simplification-4] new conflict limit 61476
c [simplification-4] simplification penalty reduced to 0
c i   29.5   90850   419507     31186    9543   7140  2352   6  8.5 125.7   51
c i   29.5   90849   419506     31187    9543   7140  2352   6  8.5 125.7   51
c i   29.6   90848   419505     31287    9624   7145  2363   5  8.4 125.4   51
c i   29.8   90847   419504     31492    9790   7160  2382   6  8.4 125.8   51
c i   29.8   90846   419503     31495    9792   7160  2382   6  8.4 125.8   51
c i   29.8   90845   419502     31524    9813   7161  2387   6  8.4 125.7   51
c i   29.8   90837   419501     31525    9813   7161  2387   6  8.4 125.7   51
c i   29.8   90832   419500     31596    9873   7166  2389   7  8.4 125.5   52
c i   29.9   90831   419499     31698    9965   7171  2393   7  8.4 125.4   52
c 
c  seconds         irredundant          redundant clauses agility   height
c          variables clauses conflicts large binary ternary    glue         MB
c 
c i   29.9   90830   419498     31699    9965   7171  2393   7  8.4 125.4   52
c i   29.9   90829   419497     31728    9985   7175  2396   5  8.4 125.3   52
c i   30.0   90827   419496     31856   10094   7184  2404   4  8.4 125.1   52
c i   30.0   90826   419495     31866   10102   7184  2405   4  8.4 125.1   52
c i   30.0   90825   419494     31881   10113   7186  2406   4  8.4 125.1   52
c i   30.1   90811   419493     32083   10306   7188  2412   4  8.3 124.9   52
c i   30.1   90810   419492     32088   10308   7189  2413   4  8.3 124.8   52
c i   30.4   90809   419491     32487   10664   7205  2439   5  8.3 124.2   52
c i   30.4   90808   419490     32493   10667   7208  2438   5  8.3 124.2   52
c i   30.5   90807   419489     32635   10787   7219  2445   6  8.3 124.0   52
c i   30.5   90806   419488     32698   10844   7221  2448   5  8.3 123.9   52
c i   30.9   90805   419487     33397   11517   7231  2463   6  8.3 124.2   52
c i   30.9   90804   419486     33451   11562   7234  2468   6  8.3 124.1   52
c i   30.9   90803   419485     33460   11568   7235  2469   6  8.3 124.1   52
c i   30.9   90802   419484     33484   11583   7235  2477   6  8.3 124.1   52
c i   31.0   90801   419483     33546   11634   7241  2481   5  8.3 123.9   52
c i   31.0   90800   419482     33551   11637   7242  2481   5  8.3 123.9   52
c i   31.0   90799   419481     33552   11637   7242  2481   5  8.3 123.9   52
c i   31.0   90798   419480     33643   11704   7249  2495   4  8.2 123.7   52
c i   31.2   90797   419479     33786   11838   7253  2498   3  8.2 123.9   52
c i   31.2   90782   419478     33841   11887   7253  2503   5  8.2 123.7   52
c i   31.2   90781   419477     33850   11893   7254  2504   5  8.2 123.7   52
c i   31.2   90780   419476     33855   11897   7254  2504   5  8.2 123.7   52
c 
c  seconds         irredundant          redundant clauses agility   height
c          variables clauses conflicts large binary ternary    glue         MB
c 
c i   31.2   90779   419475     33856   11897   7254  2504   5  8.2 123.7   52
c i   31.2   90778   419474     33865   11905   7254  2504   5  8.2 123.7   52
c i   31.2   90777   419473     33866   11905   7254  2504   5  8.2 123.7   52
c i   31.3   90776   419472     33930   11958   7257  2511   8  8.2 123.6   52
c i   31.3   90775   419471     33935   11961   7258  2511   8  8.2 123.6   52
c i   31.3   90774   419470     33936   11961   7258  2511   8  8.2 123.6   52
c i   31.3   90773   419469     34014   12032   7262  2513   5  8.2 123.6   52
c i   31.4   90772   419468     34051   12058   7267  2518   5  8.2 123.5   52
c i   31.4   90771   419467     34095   12096   7271  2519   7  8.2 123.4   52
c i   31.6   90770   419466     34370   12345   7279  2533   9  8.2 123.1   52
c i   31.6   90769   419465     34371   12345   7279  2533   9  8.2 123.1   52
c i   31.6   90768   419464     34372   12345   7279  2533   9  8.2 123.1   52
c i   31.6   90767   419463     34434   12390   7285  2542  10  8.2 123.0   52
c i   31.6   90766   419462     34436   12390   7286  2542  10  8.2 123.0   52
c i   31.7   90765   419461     34561   12489   7296  2555   6  8.2 122.7   52
c i   31.8   90764   419460     34588   12507   7299  2559   8  8.2 122.6   52
c i   31.8   90763   419459     34593   12508   7301  2560   8  8.2 122.6   52
c i   31.8   90762   419458     34613   12520   7302  2565   8  8.1 122.5   52
c i   31.9   90761   419457     34743   12639   7305  2572   4  8.1 122.4   52
c i   31.9   90760   419456     34802   12686   7312  2575   5  8.1 122.2   52
c i   32.0   90759   419455     34888   12752   7321  2585   7  8.1 122.2   52
c i   32.0   90746   419454     34902   12764   7321  2586   5  8.1 122.2   52
c i   32.0   90745   419453     34946   12796   7327  2590   5  8.1 122.1   52
c 
c  seconds         irredundant          redundant clauses agility   height
c          variables clauses conflicts large binary ternary    glue         MB
c 
c i   32.0   90744   419452     34980   12819   7333  2593   4  8.1 122.1   52
c i   32.1   90731   419451     35115   12918   7352  2608   4  8.1 121.9   52
c i   32.2   90730   419450     35199   12985   7360  2616   7  8.1 121.7   52
c i   32.2   90729   419449     35200   12985   7360  2616   7  8.1 121.7   52
c -   32.2   90729   419449     35254    6558   7362  2623   7  8.1 121.6   49
c i   32.2   90728   419448     35278    6578   7363  2625   6  8.1 121.6   50
c i   32.3   90727   419447     35363    6638   7373  2639   5  8.1 121.4   50
c i   32.3   90726   419446     35455    6716   7379  2645   7  8.0 121.2   50
c i   32.3   90725   419445     35470    6723   7383  2648   5  8.0 121.1   50
c i   32.3   90724   419444     35471    6723   7383  2648   5  8.0 121.1   50
c i   32.3   90723   419443     35495    6738   7387  2652   5  8.0 121.1   50
c i   32.3   90722   419442     35496    6738   7387  2652   5  8.0 121.1   50
c i   32.3   90721   419441     35497    6738   7387  2652   5  8.0 121.1   50
c i   32.4   90720   419440     35552    6780   7392  2659   7  8.0 121.0   50
c i   32.4   90719   419439     35589    6808   7395  2663   7  8.0 120.9   50
c i   32.4   90718   419438     35597    6810   7397  2666   6  8.0 120.9   50
c i   32.4   90717   419437     35598    6810   7397  2666   6  8.0 120.9   50
c i   32.4   90716   419436     35634    6837   7400  2671   6  8.0 120.8   50
c i   32.4   90715   419435     35635    6837   7400  2671   6  8.0 120.8   50
c i   32.5   90714   419435     35893    7081   7407  2676   7  8.0 120.6   50
c i   32.5   90694   419434     35894    7081   7407  2676   7  8.0 120.6   50
c i   32.5   90693   419433     35940    7123   7407  2678  10  8.0 120.5   50
c i   32.5   90691   419432     35941    7123   7407  2678  10  8.0 120.5   50
c 
c  seconds         irredundant          redundant clauses agility   height
c          variables clauses conflicts large binary ternary    glue         MB
c 
c i   32.7   90690   419431     36191    7363   7411  2683   3  8.0 120.1   50
c i   32.8   90689   419430     36297    7458   7415  2689   5  8.0 120.1   50
c i   32.8   90688   419429     36298    7458   7415  2689   5  8.0 120.1   50
c i   32.8   90686   419428     36299    7458   7415  2689   5  8.0 120.1   50
c i   32.8   90685   419427     36343    7494   7418  2693   5  8.0 120.1   50
c i   32.8   90684   419426     36353    7499   7418  2697   6  8.0 120.1   50
c i   32.8   90683   419425     36355    7500   7418  2697   6  8.0 120.0   50
c i   32.8   90682   419424     36370    7513   7418  2698   9  8.0 120.0   50
c i   32.8   90681   419423     36371    7513   7418  2698   9  8.0 120.0   50
c i   32.8   90680   419422     36462    7584   7427  2707  11  8.0 119.8   50
c i   32.8   90678   419421     36477    7597   7427  2708  12  8.0 119.8   50
c i   32.8   90677   419420     36498    7616   7427  2709  10  8.0 119.8   50
c i   32.8   90676   419419     36501    7615   7428  2709  10  8.0 119.8   50
c i   32.8   90675   419418     36516    7626   7428  2712  10  8.0 119.8   50
c i   32.8   90674   419417     36517    7626   7428  2712  10  8.0 119.8   50
c i   32.9   90673   419416     36521    7628   7429  2712  10  8.0 119.7   50
c i   32.9   90672   419415     36528    7631   7430  2714  10  8.0 119.7   50
c i   32.9   90653   419414     36529    7631   7430  2714  10  8.0 119.7   50
c i   32.9   90598   419413     36531    7631   7431  2714  10  8.0 119.7   50
c i   32.9   90594   419412     36615    7699   7440  2719   7  7.9 119.6   50
c i   32.9   90593   419411     36676    7742   7452  2723   7  7.9 119.5   50
c i   32.9   90592   419410     36689    7753   7453  2723   9  7.9 119.4   50
c i   32.9   90591   419409     36701    7762   7455  2723   9  7.9 119.4   50
c 
c  seconds         irredundant          redundant clauses agility   height
c          variables clauses conflicts large binary ternary    glue         MB
c 
c i   32.9   90590   419408     36702    7762   7455  2723   9  7.9 119.4   50
c i   33.0   90589   419407     36729    7778   7461  2727   9  7.9 119.4   50
c i   33.0   90588   419406     36774    7810   7469  2731   7  7.9 119.3   50
c i   33.0   90587   419405     36775    7810   7469  2731   7  7.9 119.3   50
c i   33.0   90586   419405     36805    7831   7473  2734   9  7.9 119.2   50
c i   33.0   90585   419404     36806    7831   7473  2734   9  7.9 119.2   50
c i   33.0   90584   419403     36857    7873   7475  2739  10  7.9 119.1   50
c i   33.0   90583   419402     36860    7875   7475  2739   9  7.9 119.1   50
c i   33.0   90582   419401     36873    7883   7476  2741   8  7.9 119.0   50
c i   33.0   90581   419400     36874    7883   7476  2741   8  7.9 119.0   50
c i   33.0   90580   419399     36889    7893   7478  2743   8  7.9 119.0   50
c i   33.0   90579   419398     36890    7893   7478  2743   8  7.9 119.0   50
c i   33.0   90578   419397     36895    7896   7479  2743   8  7.9 119.0   50
c i   33.4   90577   419396     37568    8564   7480  2746   3  7.9 118.5   50
c i   33.4   90573   419395     37573    8568   7480  2746   3  7.9 118.5   50
c i   33.4   90572   419394     37574    8568   7480  2746   3  7.9 118.5   50
c i   33.4   90571   419393     37575    8568   7480  2746   3  7.9 118.5   50
c i   33.4   90570   419392     37576    8568   7480  2746   3  7.9 118.5   50
c i   33.4   90569   419391     37587    8574   7483  2747   3  7.9 118.5   50
c i   33.4   90568   419390     37588    8574   7483  2747   3  7.9 118.5   50
c i   33.4   90567   419389     37601    8583   7486  2747   3  7.9 118.4   50
c i   33.4   90566   419388     37602    8583   7486  2747   3  7.9 118.4   50
c i   33.4   90565   419387     37603    8583   7486  2747   3  7.9 118.4   50
c 
c  seconds         irredundant          redundant clauses agility   height
c          variables clauses conflicts large binary ternary    glue         MB
c 
c i   33.4   90564   419386     37608    8584   7487  2749   3  7.9 118.4   50
c i   33.5   90563   419385     37629    8600   7491  2749   4  7.9 118.4   50
c i   33.5   90562   419384     37630    8600   7491  2749   4  7.9 118.4   50
c i   33.5   90561   419383     37631    8600   7491  2749   4  7.9 118.4   50
c i   33.5   90560   419382     37632    8600   7491  2749   4  7.9 118.4   50
c i   33.5   90559   419381     37635    8601   7491  2750   4  7.9 118.4   50
c i   33.5   90558   419380     37639    8604   7491  2750   4  7.9 118.4   50
c i   33.5   90557   419379     37640    8604   7491  2750   4  7.9 118.4   50
c i   33.5   90556   419378     37644    8605   7493  2750   4  7.9 118.4   50
c i   33.5   90555   419377     37645    8605   7493  2750   4  7.9 118.4   50
c i   33.5   90554   419376     37646    8605   7493  2750   4  7.9 118.4   50
c i   33.5   90553   419375     37651    8607   7495  2750   4  7.9 118.4   50
c i   33.5   90543   419374     37652    8607   7495  2750   4  7.9 118.4   50
c i   33.5   90530   419373     37670    8619   7499  2751   4  7.9 118.3   50
c i   33.5   90529   419372     37698    8638   7505  2752   6  7.9 118.3   50
c i   33.5   90528   419371     37699    8638   7505  2752   6  7.9 118.3   50
c i   33.5   90527   419370     37700    8638   7505  2752   6  7.9 118.3   50
c i   33.5   90526   419369     37701    8638   7505  2752   6  7.9 118.3   50
c i   33.5   90525   419368     37702    8638   7505  2752   6  7.9 118.3   50
c i   33.5   90524   419367     37705    8639   7506  2752   6  7.9 118.3   50
c i   33.5   90523   419366     37706    8639   7506  2752   6  7.9 118.3   50
c i   33.5   90522   419365     37707    8639   7506  2752   6  7.9 118.3   50
c i   33.5   90521   419364     37708    8639   7506  2752   6  7.9 118.3   50
c 
c  seconds         irredundant          redundant clauses agility   height
c          variables clauses conflicts large binary ternary    glue         MB
c 
c i   33.5   90520   419363     37710    8639   7507  2752   6  7.9 118.3   50
c i   33.5   90519   419363     37715    8642   7507  2752   6  7.9 118.3   50
c i   33.5   90518   419362     37718    8642   7509  2752   6  7.9 118.3   50
c i   33.5   90517   419361     37719    8642   7509  2752   6  7.9 118.3   50
c i   33.5   90516   419360     37720    8642   7509  2752   6  7.9 118.3   50
c i   33.5   90515   419359     37735    8651   7514  2752   6  7.9 118.3   50
c i   33.5   90514   419358     37739    8654   7514  2752   6  7.9 118.3   50
c i   33.5   90511   419357     37754    8667   7515  2752   6  7.9 118.3   50
c i   33.5   90505   419356     37755    8667   7515  2752   6  7.9 118.3   50
c i   33.5   90501   419355     37756    8667   7515  2752   6  7.9 118.3   50
c i   33.5   90500   419354     37757    8667   7515  2752   6  7.9 118.3   50
c i   33.5   90498   419353     37758    8667   7515  2752   6  7.9 118.3   50
c i   33.5   90497   419352     37771    8676   7517  2753   6  7.9 118.3   50
c i   33.5   90496   419351     37772    8676   7517  2753   6  7.9 118.3   50
c i   33.5   90495   419350     37773    8676   7517  2753   6  7.9 118.3   50
c i   33.5   90494   419349     37775    8676   7518  2753   6  7.9 118.3   50
c i   33.5   90493   419348     37780    8677   7520  2754   6  7.9 118.2   50
c i   33.5   90492   419347     37782    8678   7520  2754   6  7.9 118.2   50
c i   33.5   90491   419346     37783    8678   7520  2754   6  7.9 118.2   50
c i   33.5   90490   419345     37785    8679   7520  2754   6  7.9 118.2   50
c i   33.5   90489   419344     37790    8683   7520  2754   6  7.9 118.2   50
c i   33.5   90488   419343     37793    8684   7521  2754   6  7.9 118.2   50
c i   33.5   90487   419342     37798    8687   7522  2754   6  7.9 118.2   50
c 
c  seconds         irredundant          redundant clauses agility   height
c          variables clauses conflicts large binary ternary    glue         MB
c 
c i   33.5   90486   419341     37799    8687   7522  2754   6  7.9 118.2   50
c i   33.5   90483   419340     37800    8687   7522  2754   6  7.9 118.2   50
c i   33.5   90364   419339     37801    8687   7522  2754   6  7.9 118.2   50
c i   33.5   90347   419338     37802    8687   7522  2754   6  7.9 118.2   50
c i   33.5   90345   419337     37803    8687   7522  2754   6  7.9 118.2   50
c i   33.5   90310   419336     37809    8690   7524  2754   6  7.9 118.2   50
c i   33.5   90309   419335     37815    8692   7524  2757   6  7.9 118.2   50
c i   33.5   90308   419334     37817    8692   7524  2758   6  7.9 118.2   50
c i   33.5   90305   419333     37818    8692   7524  2758   6  7.9 118.2   50
c i   33.5   90304   419332     37826    8698   7525  2758   6  7.9 118.2   50
c i   33.5   90303   419331     37833    8704   7525  2758   6  7.9 118.2   50
c i   33.5   90302   419330     37835    8703   7525  2759   6  7.9 118.2   50
c i   33.5   90301   419329     37839    8703   7527  2760   6  7.9 118.2   50
c i   33.5   90300   419328     37840    8703   7527  2760   6  7.9 118.2   50
c i   33.5   90293   419327     37845    8705   7528  2761   6  7.9 118.2   50
c i   33.5   90279   419326     37846    8705   7528  2761   6  7.9 118.2   50
c i   33.5   90277   419325     37847    8705   7528  2761   6  7.9 118.2   50
c i   33.5   90276   419324     37851    8706   7530  2761   6  7.9 118.2   50
c i   33.5   90274   419323     37854    8707   7531  2761   6  7.9 118.2   50
c i   33.5   90273   419322     37855    8707   7531  2761   6  7.9 118.2   50
c i   33.5   90258   419321     37856    8707   7531  2761   6  7.9 118.2   50
c i   33.5   90165   419320     37857    8707   7531  2761   6  7.9 118.2   50
c i   33.5   90065   419320     37858    8707   7531  2761   6  7.9 118.2   50
c 
c  seconds         irredundant          redundant clauses agility   height
c          variables clauses conflicts large binary ternary    glue         MB
c 
c i   33.5   90016   419319     37859    8707   7531  2761   6  7.9 118.2   50
c i   33.5   90015   419318     37860    8707   7531  2761   6  7.9 118.2   50
c i   33.5   89985   419317     37861    8707   7531  2761   6  7.9 118.2   50
c i   33.5   89747   419316     37868    8713   7531  2761   6  7.9 118.2   50
c i   33.5   89746   419315     37870    8713   7532  2761   6  7.9 118.2   50
c i   33.5   89745   419314     37871    8713   7532  2761   6  7.9 118.2   50
c i   33.5   89744   419313     37872    8713   7532  2761   6  7.9 118.2   50
c i   33.5   89729   419312     37873    8713   7532  2761   6  7.9 118.2   50
c i   33.5   89687   419311     37876    8714   7533  2761   6  7.9 118.2   50
c i   33.6   89686   419310     37887    8722   7534  2762   6  7.9 118.2   50
c i   33.6   89685   419309     37888    8722   7534  2762   6  7.9 118.2   50
c i   33.6   89684   419308     37889    8722   7534  2762   6  7.9 118.2   50
c i   33.6   89683   419307     37890    8722   7534  2762   6  7.9 118.2   50
c i   33.6   89676   419306     37892    8722   7535  2762   6  7.9 118.1   50
c i   33.6   88985   419305     37893    8722   7535  2762   6  7.9 118.1   50
c i   33.6   88823   419304     37894    8722   7535  2762   6  7.9 118.1   50
c i   33.6   88822   419303     37895    8722   7535  2762   6  7.9 118.1   50
c i   33.6   88821   419302     37897    8721   7535  2763   6  7.9 118.1   50
c i   33.6   88812   419301     37898    8721   7535  2763   6  7.9 118.1   50
c i   33.6   88810   419300     37900    8721   7536  2763   6  7.9 118.1   50
c i   33.6   88808   419299     37901    8721   7536  2763   6  7.9 118.1   50
c i   33.6   88745   419298     37902    8721   7536  2763   6  7.9 118.1   50
c i   33.6   88694   419297     37903    8721   7536  2763   6  7.9 118.1   50
c 
c  seconds         irredundant          redundant clauses agility   height
c          variables clauses conflicts large binary ternary    glue         MB
c 
c i   33.6   88581   419296     37904    8721   7536  2763   6  7.9 118.1   50
c i   33.6   88549   419295     37905    8721   7536  2763   6  7.9 118.1   50
c i   33.6   88423   419294     37906    8721   7536  2763   6  7.9 118.1   50
c i   33.6   86938   419293     37907    8721   7536  2763   6  7.9 118.1   50
c i   33.6   86921   419292     37908    8721   7536  2763   6  7.9 118.1   50
c 0   33.6   86445   419292     37908    8721   7536  2763   6  7.9 118.1   50
c 
c  seconds         irredundant          redundant clauses agility   height
c          variables clauses conflicts large binary ternary    glue         MB
c 
c blkd: 4 bces, 6600 removed, 4614552 resolutions, 12718851 steps
c blkd: 6600 blocking literals 1%, 0 pure
c cces: 4 cces, 628 eliminated, 628 ate 100%, 0 abce 0%
c cces: 18524 probed, 32 lifted, 37 failed
c clff: 4 cliffs, 0 lifted, 3 failed
c clff: 4416 decisions, 18794850 steps
c clls: 1 sat, 0 simp, 0 freeze, 0 melt
c clls: 3749749 add, 0 assume,, 0 deref, 0 failed
c clls: 0 cassume, 0 mosat
c coll: 30 gcs, 0 rescored clauses
c cgrs: 4 count, 693432 esteps, 129459 csteps
c cgrs: 2 eqs, 0 units
c cgrs: 0 matched (0 ands 0%, 0 xors 0%, 0 ites 0%)
c cgrs: 0 simplified (0 ands 0%, 0 xors 0%, 0 ites 0%)
c cgrs: 2451 extracted (2168 ands 88%, 283 xors 12%, 0 ites 0%)
c dcps: 5 decompositions, 117191 equivalent 30%
c decs: 400841 decision, 410 random 0.102%
c decs: 97288 flipped 24.271% (in 226 phases)
c elms: 4 elims, 11419 eliminated 3%
c elms: 11419 small 100%, 0 large 0%
c elms: 49420 tried small, 11419 succeeded 23%, 38001 failed 77%
c elms: 0 subsumed, 0 strengthened, 0 blocked
c elms: 646218 copies, 435866 resolutions, 1305524 ipos
c elms: 0 subchks, 0 strchks
c frcs: 0 computed, 23.1 - 76.9 average min-cut range
c gaus: 4 extractions, 80564 extracted, 2.0 size, 3 max
c gaus: exported 0 units, 4 binary and 0 ternary equations
c gaus: 0 gc, 9000254 steps, 4500127 extr 50%, 1191871 elim 13%
c glue: 7.9 avg, 2.7 scaled avg
c glue: 104 maxredglue=15 (0%)
c lift: 4 phases, 324 probed (108 level1 33%, 216 level2 67%)
c lift: 0 units, 0 equivalences, 0 implications
c hbrs: 15395 hbrs = 15395 trn 100% + 0 lrg 0%, 34 sub 0%
c lrnd: 37312 clauses, 22503 uips 60%, 49.3 length, 7.9 glue
c ints: 1565 luby (248064 steps), 0 inout (0 steps)
c mins: 1839381 learned lits, 18% minimized
c move: moved 7228, 628 binary 9%, 6600 ternary 91%
c otfs: str 1508 dyn (1028 red, 480 irr) 596 drv 40%, 912 rst 60%
c otfs: sub 24 dyn (24 red, 0 irr)
c phas: 3 computed, 31116 set, 2962 pos (10%), 28154 neg (90%)
c prbs: 4 basic, 1881 probed, 29 failed, 0 lifted
c prps: 108949029 props, 248 props/dec
c prps: 91% srch, 9% simp, 0% lkhd
c psns: 6301797 searches, 1430739 hits, 23% hit rate
c queu: 167116 new, 50212 del, 120 maximum priority
c queu: 116874 merged, 109168 collected, 13 gcs
c queu: 38820 deprioritized, 28.0 lines on average
c reds: 7 count, 0 reset, 6 acts 86%, 0 exp 0%
c reds: 7 arithmetic 100%, 7 double 100%
c rmbd: 78 removed, 10 red 13%
c rsts: 1476 restarts 94%, 88 skipped 6%
c rsts: 217 kept 14.7% average 45.6%
c simp: 4 count (0 ilim 0%, 0 plim 0%, 4 clim 100%)
c trnr: 4 count, 1 bin, 255 trn, 8757615 steps
c tops: 171738 fixed 44%, 277 iterations
c trds: 8 transitive reductions, 26 removed, 0 failed
c trds: 1922 nodes, 2562 edges, 3748197 steps
c unhd: 4 count, 4 rounds, 8714338 steps
c unhd: 154 non-trivial sccs of average size 2.0
c unhd: 0 units, 0 bin, 0 trn, 0 lrg
c unhd: 7 failed, 7 stamp, 0 lits, 0 bin, 0 trn, 0 lrg
c unhd: 44985 tauts, 5 bin 0%, 1380 trn 3%, 174 lrg 0%
c unhd: 44985 tauts, 43426 stamp 97%, 3319 red 7%
c unhd: 0 hbrs, 0 trn 0%, 0 lrg 0%, 0 red 0%
c unhd: 16693 strd, 0 bin 0%, 59 trn 0%, 16634 lrg 100%, 16648 red 100%
c vars: 86445 remaining 22% and 300348 removed 78% out of 386793
c vars: 171738 fixed 44%, 11419 eliminated 3%, 117191 equivalent 30%
c vsts: 603569114 visits, 92% srch, 8% simp, 0% lkhd
c vsts: 5.6 search visits per propagation 14693.6 per conflict
c wchs: 39248835 pushed, 12223660 enlarged, 47 defrags
c 
c scaledglue  added       reduced       forcing      resolved     conflicts
c 
c all     33823 100     24530 100    728287 100    134061 100     10541 100
c 
c  0          0   0         0   0         0   0         0   0         0   0 
c  1        574   2       251   1     25000   3      2722   2       274   3 
c  2      14298  42      8716  36    605513  83<    84900  63      6730  64 
c  3      11593  34<     9322  38<    77052  11     30202  23<     2316  22<
c  4       4676  14      3926  16     15131   2     10573   8       784   7 
c  5       1572   5      1384   6      2975   0      3208   2       246   2 
c  6        458   1       412   2       941   0       938   1        62   1 
c  7        167   0       147   1       409   0       361   0        37   0 
c  8        106   0        99   0       258   0       250   0        20   0 
c  9         77   0        76   0       222   0       154   0         8   0 
c 10         18   0        17   0        82   0        51   0         2   0 
c 11         65   0        65   0       238   0       229   0        19   0 
c 12         57   0        57   0       118   0       155   0        17   0 
c 13         22   0        22   0       129   0       113   0         5   0 
c 14         36   0        36   0       115   0       132   0        21   0 
c 15        104   0         0   0       104   0        73   0         0   0 
c 
c avg             3.0           3.1           2.1           2.6           2.5
c std             1.4           1.4           0.6           1.2           1.2
c 
c 400841 decisions, 37908 conflicts, 1129.6 conflicts/sec
c 108949029 propagations, 3.2 megaprops/sec
c 33.6 seconds, 93.1 MB
c 
c    3.184   9% analysis
c    1.236   4% block
c    0.236   1% bump
c    0.000   0% card
c    1.700   5% cce
c    0.676   2% cliff
c    0.024   0% cutwidth
c    0.348   1% decide
c    0.000   0% force
c    2.372   7% gc
c    0.948   3% cgrclsr
c    0.900   3% decomp
c    0.584   2% defrag
c    4.140  12% elim
c    1.452   4% gauss
c    0.624   2% lift
c    0.452   1% mincls
c    0.136   0% phase
c    0.408   1% probe
c    0.056   0% reduce
c    0.868   3% restart
c    0.144   0% ternres
c    0.276   1% transred
c    0.836   2% unhide
c ==================================
c    0.032   0% preprocessing     0%
c   13.565  40% inprocessing    100%
c ==================================
c   13.597  41% simplifying
c    0.000   0% lookahead
c   19.961  59% search
c ==================================
c   33.558 100% all
c
s UNSATISFIABLE
