1.72811
16.425
7.45647
2.11213
3587.04
120.652
15.537
0.32802
22.0454
0.16001
0.48403
0.32802
0.516032
0.816051
0.504031
0.232014
0.384024
0.504031
0.252015
0.236014
0.592037
0.268016
0.376023
0.308019
0.444027
0.368023
0.316019
1.30408
0.32802
0.212013
1.19607
1.09607
0.48403
0.828051
0.616038
0.308019
1.15607
2.11613
0.436027
0.236014
1.6241
0.696043
0.460028
2.62016
0.732045
0.724045
2.75217
3.57222
0.376023
0.632039
2.03213
0.576036
3.91624
0.708044
3.88824
1.49209
4.00825
2.51216
1.90412
3.1722
4.66029
0.404025
5.42034
8.42053
1.48809
5.32433
3.92824
9.84862
1.33208
8.59654
5.00031
9.12057
4.50028
15.597
0.700043
11.0127
9.17257
4.64429
9.10857
143.445
3590.2
146.461
3591.15
763.416
3590.79
74.2766
3589.29
3590.8
167.718
236.163
3590.73
3591.9
18.0971
3591.74
3591.49
615.874
40.8145
3589.64
492.443
3591.04
3590.62
149.525
2077.97
3591.93
1298.96
3591.09
3590.74
281.814
