0.184011
10.0846
17.5411
1.11207
3585.52
71.0284
14.3849
0.036002
1.32008
0.128008
0.152009
0.148009
0.144009
0.124007
0.180011
0.144009
0.16401
0.176011
0.208013
0.204012
0.156009
0.228014
0.140008
0.152009
0.148009
0.196012
0.152009
0.196012
0.156009
0.176011
0.284017
0.268016
0.184011
0.280017
0.156009
0.32802
0.256016
0.156009
0.152009
0.184011
0.272017
0.136008
0.196012
0.256016
0.16801
0.196012
0.284017
0.316019
0.220013
0.340021
0.228014
0.17201
0.252015
0.180011
0.316019
0.244015
0.600037
0.16401
0.16801
0.352022
0.204012
0.208013
0.240015
0.304019
0.236014
0.276017
0.264016
0.552034
0.596037
0.848053
0.376023
1.08007
0.292018
1.6481
0.212013
0.348021
0.568035
0.604037
0.496031
21.0813
3589.68
652.321
8.47653
2669.56
3590.65
4.66429
3588.52
930.83
2.56016
43.7787
3591.73
200.081
3.09619
6.78442
3591.8
34.3501
64.68
3589.49
1.12407
3590.41
3591.28
114.015
4.97631
509.1
28.5978
3590.55
3591.16
23.0894
152.958
