0.200012
5.37233
10.9167
0.16801
3588.45
94.6739
24.6775
0.044002
0.316019
0.116007
0.156009
0.144009
0.144009
0.124007
0.16801
0.17201
0.16801
0.16401
0.188011
0.200012
0.184011
0.204012
0.16001
0.16001
0.152009
0.196012
0.16001
0.208013
0.180011
0.228014
0.256016
0.188011
0.176011
0.180011
0.17201
0.188011
0.176011
0.144009
0.144009
0.220013
0.204012
0.16801
0.184011
0.216013
0.188011
0.272017
0.16001
0.296018
0.224014
0.32002
0.256016
0.180011
0.208013
0.180011
0.200012
0.216013
0.216013
0.17201
0.17201
0.240015
0.232014
0.196012
0.212013
0.264016
0.232014
0.388024
0.296018
0.184011
0.148009
0.180011
0.216013
0.188011
0.212013
0.156009
0.196012
0.17201
0.248015
0.236014
0.264016
22.7134
3589.74
37.3143
55.5275
1665.04
3590.15
1.07607
3588.2
1014.39
4.24026
3.44821
3589.59
879.559
4.17226
0.920057
3591.54
52.9113
123.732
3589.69
1.77611
3589.77
3591.98
89.6616
15.941
318.912
7.64048
3590.76
3591.75
46.9989
11.2327
