c This is CryptoMiniSat 2.7.1
c WARNING: for repeatability, setting FPU to use double precision
c Reading file 'p00.cnf'
c -- header says num vars:          70143
c -- header says num clauses:      209383
c -- clauses added:            0 learnts,       209383 normals,            0 xors
c -- vars added      70143
c Parsing time:  0.08 s
c Ouptutting solution to console
c asymm  cl-useful: 64/4711/20840 lits-rem:64 time: 1.29
c Time to fill non-learnt binary watchlists: 0.02 s
c subs with bin:        0  lits-rem:         0  v-fix:    0  time:  0.02 s
c Subs w/ non-existent bins:     19 l-rem:     27 v-fix:   174 done:  34508 time:  2.07 s
c lits-rem:         0  cl-subs:    26177  v-elim:  21144  v-fix:    0  time:  0.19 s
c Finding binary XORs:         0.02 s (found:     144, avg size: 2.0)
c Replacing      144 vars Replaced     1879 lits Time:     0.00 s 
c Finding non-binary XORs:     0.00 s (found:       0, avg size: -nan)
c watched sorting time: 0.00
c Calc default polars -  time:   0.00 s pos:    2818 undec:   62786 neg:    4539
c =========================================================================================
c types(t): F = full restart, N = normal restart
c types(t): S = simplification begin/end, E = solution found
c restart types(rt): st = static, dy = dynamic
c  t rt  Rest     Confl      Vars   NormCls    BinCls   Learnts    ClLits    LtLits
c  B st     0         0     13178     19202     42860         0    150786         0  no matrixes
c Finding binary XORs:         0.00 s (found:       0, avg size: -nan)
c  N dy    15      4116     13178     19202     42991      3924    150786    249219  no matrixes
c  E dy    21      4853         0     19202     43013      4633    150786    284040  no matrixes
c Verified 19202 clauses.
c Solution needs extension. Extending.
c Verified 19202 clauses.
c        1 solution(s) found
c restarts              : 21         
c dynamic restarts      : 15         
c static restarts       : 6          
c full restarts         : 0          
c learnts DL2           : 0          
c learnts size 2        : 153        
c learnts size 1        : 35677       (50.86     % of vars)
c v-elim SatELite       : 21144       (30.14     % vars)
c SatELite time         : 2.28        (47.58     % time)
c v-elim xor            : 0           (0.00      % vars)
c xor elim time         : 0.00        (0.00      % time)
c num binary xor trees  : 96         
c binxor trees' crown   : 144         (1.50      leafs/tree)
c OTF clause improved   : 67          (0.01      clauses/conflict)
c OTF impr. size diff   : 77          (1.15       lits/clause)
c OTF cl watch-shrink   : 2156        (0.44      clauses/conflict)
c OTF cl watch-sh-lit   : 8535        (3.96       lits/clause)
c tried to recurMin cls : 481         (9.91       % of conflicts)
c stopped recurMin      : 448         (93.14      %)
c lits visited recurmin:: 1.89       
c conflicts             : 4853        (1012.67   / sec)
c decisions             : 27982       (1.15      % random)
c bogo-props            : 75925599    (15843251.64 / sec)
c conflict literals     : 290935      (15.05     % deleted)
c Memory used           : 62.98       MB
c CPU time              : 4.79        s
c 
s SATISFIABLE
