c This is CryptoMiniSat 2.7.1
c WARNING: for repeatability, setting FPU to use double precision
c Reading file 'p01.cnf'
c -- header says num vars:          71160
c -- header says num clauses:      212627
c -- clauses added:            0 learnts,       212627 normals,            0 xors
c -- vars added      71160
c Parsing time:  0.08 s
c Ouptutting solution to console
c asymm  cl-useful: 82/5205/21528 lits-rem:82 time: 1.00
c Time to fill non-learnt binary watchlists: 0.01 s
c subs with bin:        0  lits-rem:         0  v-fix:    0  time:  0.02 s
c Subs w/ non-existent bins:     16 l-rem:     17 v-fix:   204 done:  35158 time:  1.39 s
c lits-rem:         0  cl-subs:    26838  v-elim:  21671  v-fix:    0  time:  0.13 s
c Finding binary XORs:         0.01 s (found:     105, avg size: 2.0)
c Replacing      105 vars Replaced     1403 lits Time:     0.00 s 
c Finding non-binary XORs:     0.00 s (found:       0, avg size: -nan)
c watched sorting time: 0.00
c Calc default polars -  time:   0.00 s pos:    2503 undec:   64470 neg:    4187
c =========================================================================================
c types(t): F = full restart, N = normal restart
c types(t): S = simplification begin/end, E = solution found
c restart types(rt): st = static, dy = dynamic
c  t rt  Rest     Confl      Vars   NormCls    BinCls   Learnts    ClLits    LtLits
c  B st     0         0     13348     19687     43898         0    154412         0  no matrixes
c Finding binary XORs:         0.00 s (found:       0, avg size: -nan)
c  N dy     7      4129     13348     19687     43938      3853    154412     84408  no matrixes
c  N dy    10      8467     13348     19687     43949      8106    154412    227513  no matrixes
c  N dy    23     13117     13347     19687     43953     12620    154412    364874  no matrixes
c  N dy    33     17475     13341     19687     43961     16891    154412    491382  no matrixes
c  N dy    58     21965     13275     19687     43969     11574    154412    265034  no matrixes
c  E dy    67     24013     12824     17913     41096      5265    141575     54116  no matrixes
c restarts              : 67         
c dynamic restarts      : 61         
c static restarts       : 6          
c full restarts         : 0          
c learnts DL2           : 0          
c learnts size 2        : 91         
c learnts size 1        : 37823       (53.15     % of vars)
c v-elim SatELite       : 21671       (30.45     % vars)
c SatELite time         : 1.53        (25.98     % time)
c v-elim xor            : 0           (0.00      % vars)
c xor elim time         : 0.00        (0.00      % time)
c num binary xor trees  : 57         
c binxor trees' crown   : 105         (1.84      leafs/tree)
c OTF clause improved   : 732         (0.03      clauses/conflict)
c OTF impr. size diff   : 824         (1.13       lits/clause)
c OTF cl watch-shrink   : 6607        (0.28      clauses/conflict)
c OTF cl watch-sh-lit   : 9319        (1.41       lits/clause)
c tried to recurMin cls : 407         (1.69       % of conflicts)
c stopped recurMin      : 364         (89.43      %)
c lits visited recurmin:: 1.56       
c conflicts             : 24013       (4072.51   / sec)
c decisions             : 40956       (1.64      % random)
c bogo-props            : 114561674   (19429193.36 / sec)
c conflict literals     : 651224      (42.05     % deleted)
c Memory used           : 145.05      MB
c CPU time              : 5.90        s
c 
s UNSATISFIABLE
