c This is CryptoMiniSat 2.7.1
c WARNING: for repeatability, setting FPU to use double precision
c Reading file 'p02.cnf'
c -- header says num vars:          71542
c -- header says num clauses:      211681
c -- clauses added:            0 learnts,       211681 normals,            0 xors
c -- vars added      71542
c Parsing time:  0.14 s
c Ouptutting solution to console
c asymm  cl-useful: 503/4078/18758 lits-rem:503 time: 1.44
c Time to fill non-learnt binary watchlists: 0.01 s
c subs with bin:        0  lits-rem:         0  v-fix:    0  time:  0.02 s
c Subs w/ non-existent bins:     42 l-rem:    429 v-fix:   306 done:  34024 time:  2.83 s
c lits-rem:         0  cl-subs:    24456  v-elim:  21214  v-fix:    0  time:  0.19 s
c Finding binary XORs:         0.02 s (found:     632, avg size: 2.0)
c Replacing      632 vars Replaced     6093 lits Time:     0.00 s 
c Finding non-binary XORs:     0.00 s (found:       0, avg size: -nan)
c watched sorting time: 0.00
c Calc default polars -  time:   0.00 s pos:    2695 undec:   63923 neg:    4924
c =========================================================================================
c types(t): F = full restart, N = normal restart
c types(t): S = simplification begin/end, E = solution found
c restart types(rt): st = static, dy = dynamic
c  t rt  Rest     Confl      Vars   NormCls    BinCls   Learnts    ClLits    LtLits
c  B st     0         0     12104     15931     40996         0    138543         0  no matrixes
c Finding binary XORs:         0.01 s (found:       0, avg size: -nan)
c  N st     8      4916     12100     15931     41004      4751    138543    375100  no matrixes
c  N st    10     11301     12094     15931     41019     10920    138543    753412  no matrixes
c  N st    11     17045     12094     15931     41046     16364    138543   1011569  no matrixes
c  F st    12     25001     12093     15931     41073     14416    138543    734523  no matrixes
c  N st    12     25001     12093     15910     40951     14415    138203    734511  no matrixes
c  N dy    18     30210     11919     15302     40053     16958    134006    787821  no matrixes
c  S st    18     30210     11919     15302     40053     16958    134006    787821  no matrixes
c Replacing      300 vars Replaced    16828 lits Time:     0.06 s 
c  S st    18     30712     11591     15302     39491     17404    132806    805599  no matrixes
c x-sub:     0 x-cut:      0 vfix:      0 v-elim:      0 locsubst:     0 time:   0.00
c binary deg approx. time:  0.06 s num checked:   6047 i:    6969 props: 3003k
c Flit:   569 Blit:     71 bXBeca:    0 bXProp:  850 Bins:   3776 P: 132.0M T: 10.00
c Cleaning up after failed var search:     0.01 s 
c Replacing      850 vars Replaced    16710 lits Time:     0.02 s 
c Time to fill non-learnt binary watchlists: 0.03 s
c subs with bin:        2  lits-rem:        11  v-fix:    0  time:  0.01 s
c Subs w/ non-existent bins:      1 l-rem:      0 v-fix:     0 done:   9934 time:  0.13 s
c Removed useless bin:    4882  fixed:     0  props:   3.36M  time:  0.14 s
c lits-rem:         7  cl-subs:      422  v-elim:    828  v-fix:    0  time:  0.07 s
c lits-rem:      3278  cl-subs:     2423  v-elim:      0  v-fix:    0  time:  0.39 s
c asymm  cl-useful: 209/9526/13604 lits-rem:209 time: 0.58
c watched sorting time: 0.00
c  N dy    18     30712      9106     13604     28755      9093    100980    387300  no matrixes
c  E dy    19     32034      8021     10090     22398      4087     77073     84502  no matrixes
c restarts              : 19         
c dynamic restarts      : 1          
c static restarts       : 23         
c full restarts         : 1          
c learnts DL2           : 0          
c learnts size 2        : 3945       
c learnts size 1        : 40195       (56.18     % of vars)
c v-elim SatELite       : 22042       (30.81     % vars)
c SatELite time         : 3.64        (14.19     % time)
c v-elim xor            : 0           (0.00      % vars)
c xor elim time         : 0.00        (0.02      % time)
c num binary xor trees  : 1457       
c binxor trees' crown   : 1782        (1.22      leafs/tree)
c OTF clause improved   : 1173        (0.04      clauses/conflict)
c OTF impr. size diff   : 1525        (1.30       lits/clause)
c OTF cl watch-shrink   : 10715       (0.33      clauses/conflict)
c OTF cl watch-sh-lit   : 37491       (3.50       lits/clause)
c tried to recurMin cls : 420         (1.31       % of conflicts)
c stopped recurMin      : 385         (91.67      %)
c lits visited recurmin:: 1.33       
c conflicts             : 32034       (1249.69   / sec)
c decisions             : 53115       (4.01      % random)
c bogo-props            : 164464484   (6415972.44 / sec)
c conflict literals     : 1714848     (58.42     % deleted)
c Memory used           : 201.66      MB
c CPU time              : 25.63       s
c 
s UNSATISFIABLE
