c This is CryptoMiniSat 2.7.1
c WARNING: for repeatability, setting FPU to use double precision
c Reading file 'p03.cnf'
c -- header says num vars:          75731
c -- header says num clauses:      224911
c -- clauses added:            0 learnts,       224911 normals,            0 xors
c -- vars added      75731
c Parsing time:  0.16 s
c Ouptutting solution to console
c asymm  cl-useful: 21/8323/20508 lits-rem:21 time: 1.56
c Time to fill non-learnt binary watchlists: 0.02 s
c subs with bin:        0  lits-rem:         0  v-fix:    0  time:  0.02 s
c Subs w/ non-existent bins:      4 l-rem:      1 v-fix:    54 done:  36669 time:  1.41 s
c lits-rem:         0  cl-subs:    26756  v-elim:  22957  v-fix:    0  time:  0.13 s
c Finding binary XORs:         0.02 s (found:     102, avg size: 2.0)
c Replacing      102 vars Replaced     1552 lits Time:     0.00 s 
c Finding non-binary XORs:     0.00 s (found:       0, avg size: -nan)
c watched sorting time: 0.00
c Calc default polars -  time:   0.00 s pos:    2895 undec:   67692 neg:    5144
c =========================================================================================
c types(t): F = full restart, N = normal restart
c types(t): S = simplification begin/end, E = solution found
c restart types(rt): st = static, dy = dynamic
c  t rt  Rest     Confl      Vars   NormCls    BinCls   Learnts    ClLits    LtLits
c  B st     0         0     13595     18421     45805         0    156414         0  no matrixes
c Finding binary XORs:         0.01 s (found:       0, avg size: -nan)
c  N dy    12      4321     13595     18421     45859      4206    156414    400136  no matrixes
c  E dy    16      7093         0     18421     45900      6897    156414    585690  no matrixes
c Verified 18421 clauses.
c Solution needs extension. Extending.
c Verified 18421 clauses.
c        1 solution(s) found
c restarts              : 16         
c dynamic restarts      : 10         
c static restarts       : 6          
c full restarts         : 0          
c learnts DL2           : 0          
c learnts size 2        : 95         
c learnts size 1        : 39078       (51.60     % of vars)
c v-elim SatELite       : 22957       (30.31     % vars)
c SatELite time         : 1.56        (35.27     % time)
c v-elim xor            : 0           (0.00      % vars)
c xor elim time         : 0.00        (0.00      % time)
c num binary xor trees  : 102        
c binxor trees' crown   : 102         (1.00      leafs/tree)
c OTF clause improved   : 100         (0.01      clauses/conflict)
c OTF impr. size diff   : 107         (1.07       lits/clause)
c OTF cl watch-shrink   : 3434        (0.48      clauses/conflict)
c OTF cl watch-sh-lit   : 17764       (5.17       lits/clause)
c tried to recurMin cls : 296         (4.17       % of conflicts)
c stopped recurMin      : 282         (95.27      %)
c lits visited recurmin:: 1.84       
c conflicts             : 7093        (1607.56   / sec)
c decisions             : 27116       (1.18      % random)
c bogo-props            : 79348924    (17983675.99 / sec)
c conflict literals     : 592111      (17.67     % deleted)
c Memory used           : 62.93       MB
c CPU time              : 4.41        s
c 
s SATISFIABLE
