c This is CryptoMiniSat 2.7.1
c WARNING: for repeatability, setting FPU to use double precision
c Reading file 'p04.cnf'
c -- header says num vars:          69971
c -- header says num clauses:      207892
c -- clauses added:            0 learnts,       207892 normals,            0 xors
c -- vars added      69971
c Parsing time:  0.15 s
c Ouptutting solution to console
c asymm  cl-useful: 26/18158/19710 lits-rem:26 time: 1.40
c Time to fill non-learnt binary watchlists: 0.02 s
c subs with bin:        0  lits-rem:         0  v-fix:    0  time:  0.02 s
c Subs w/ non-existent bins:      2 l-rem:      0 v-fix:    50 done:  34072 time:  1.52 s
c lits-rem:         0  cl-subs:    25373  v-elim:  21200  v-fix:    0  time:  0.20 s
c Finding binary XORs:         0.02 s (found:      10, avg size: 2.0)
c Replacing       10 vars Replaced      166 lits Time:     0.00 s 
c Finding non-binary XORs:     0.01 s (found:       0, avg size: -nan)
c watched sorting time: 0.00
c Calc default polars -  time:   0.00 s pos:    2908 undec:   62258 neg:    4805
c =========================================================================================
c types(t): F = full restart, N = normal restart
c types(t): S = simplification begin/end, E = solution found
c restart types(rt): st = static, dy = dynamic
c  t rt  Rest     Confl      Vars   NormCls    BinCls   Learnts    ClLits    LtLits
c  B st     0         0     12850     18024     42294         0    146484         0  no matrixes
c Finding binary XORs:         0.01 s (found:       0, avg size: -nan)
c  N dy    10      4261     12850     18024     42362      4144    146484    272074  no matrixes
c  N dy    18      8658     12850     18024     42436      8408    146484    493831  no matrixes
c  N dy    31     12967     12850     18024     42508     12606    146484    710912  no matrixes
c  N dy    47     17103     12850     18024     42557     16653    146484    928260  no matrixes
c  N dy    63     21398     12850     18024     42641     11080    146484    247152  no matrixes
c  F st    82     25000     12850     18024     42669     14634    146484    453761  no matrixes
c  N st    84     25627     12850     18024     42678     15249    146484    487896  no matrixes
c  N dy    88     30196     12850     18024     42727     19735    146484    785211  no matrixes
c  S st    88     30196     12850     18024     42727     19735    146484    785211  no matrixes
c  S st    88     30696     12850     18024     42776     20183    146484    798416  no matrixes
c x-sub:     0 x-cut:      0 vfix:      0 v-elim:      0 locsubst:     0 time:   0.01
c binary deg approx. time:  0.14 s num checked:   9878 i:   12417 props: 3000k
c Flit:     9 Blit:      1 bXBeca:    0 bXProp:    0 Bins:   4292 P: 122.5M T:  8.73
c Time to fill non-learnt binary watchlists: 0.01 s
c subs with bin:        9  lits-rem:         0  v-fix:    0  time:  0.02 s
c Subs w/ non-existent bins:     17 l-rem:      0 v-fix:     0 done:  12838 time:  0.30 s
c Removed useless bin:    4156  fixed:     0  props:   5.15M  time:  0.41 s
c lits-rem:         0  cl-subs:        4  v-elim:     14  v-fix:    0  time:  0.12 s
c lits-rem:      1133  cl-subs:     1024  v-elim:      0  v-fix:    0  time:  0.59 s
c asymm  cl-useful: 38/18013/18013 lits-rem:38 time: 0.69
c watched sorting time: 0.00
c  N dy    88     30696     12824     18013     42756     19108    137852    782931  no matrixes
c  N dy   108     34705     12824     18013     42791     23073    137852   1019555  no matrixes
c  N dy   125     38716     12824     18013     42813     27023    137852   1241389  no matrixes
c  N dy   143     42954     12824     18013     42844     16061    137852    340407  no matrixes
c  S st   165     46073     12824     18013     42884     19124    137852    501146  no matrixes
c  S st   165     46573     12824     18013     42907     19600    137852    513979  no matrixes
c x-sub:     0 x-cut:      0 vfix:      0 v-elim:      0 locsubst:     0 time:   0.00
c binary deg approx. time:  0.14 s num checked:   9813 i:   12333 props: 3001k
c Flit:     0 Blit:      0 bXBeca:    0 bXProp:    0 Bins:   3513 P: 123.2M T:  8.88
c Time to fill non-learnt binary watchlists: 0.01 s
c subs with bin:        3  lits-rem:         1  v-fix:    0  time:  0.02 s
c Subs w/ non-existent bins:      1 l-rem:      1 v-fix:     0 done:  12824 time:  0.31 s
c Removed useless bin:      18  fixed:     0  props:   4.95M  time:  0.40 s
c lits-rem:         0  cl-subs:        0  v-elim:      4  v-fix:    0  time:  0.10 s
c Blocked clauses removed:        0    Time: 0.01 s
c lits-rem:       732  cl-subs:      515  v-elim:      0  v-fix:    0  time:  0.40 s
c asymm  cl-useful: 4/17981/17981 lits-rem:4 time: 0.75
c watched sorting time: 0.00
c  N dy   165     46573     12820     17981     46375     19084    137802    513487  no matrixes
c  N dy   195     50633     12820     17981     46422     23078    137802    754927  no matrixes
c  N dy   219     54740     12820     17981     46457     27136    137802    987072  no matrixes
c  N dy   243     59839     12820     17981     46501     32164    137802   1281099  no matrixes
c  N dy   264     64132     12820     17981     46539     36403    137802   1513129  no matrixes
c  N dy   284     68234     12820     17981     46572     22067    137802    525695  no matrixes
c  S st   288     69888     12820     17981     46592     23692    137802    579749  no matrixes
c  S st   288     70391     12820     17981     46634     24149    137802    592227  no matrixes
c x-sub:     0 x-cut:      0 vfix:      0 v-elim:      0 locsubst:     0 time:   0.01
c binary deg approx. time:  0.14 s num checked:   9209 i:   11411 props: 3000k
c Flit:     0 Blit:      0 bXBeca:    0 bXProp:    0 Bins:   3180 P: 123.1M T:  9.00
c Time to fill non-learnt binary watchlists: 0.01 s
c subs with bin:        0  lits-rem:         0  v-fix:    0  time:  0.02 s
c Subs w/ non-existent bins:      0 l-rem:      0 v-fix:     0 done:  12820 time:  0.32 s
c Removed useless bin:       0  fixed:     0  props:   4.94M  time:  0.40 s
c lits-rem:         0  cl-subs:        0  v-elim:      0  v-fix:    0  time:  0.09 s
c lits-rem:       768  cl-subs:      853  v-elim:      0  v-fix:    0  time:  0.48 s
c asymm  cl-useful: 0/17977/17977 lits-rem:0 time: 0.78
c watched sorting time: 0.00
c  N dy   288     70391     12820     17977     49820     23294    137802    588658  no matrixes
c  N dy   316     74896     12820     17977     49854     27749    137802    859817  no matrixes
c  N dy   349     79720     12820     17977     49890     32522    137802   1137172  no matrixes
c  N dy   386     84868     12820     17977     49919     37615    137802   1462449  no matrixes
c  F st   405     87501     12820     17977     49934     40225    137802   1631016  no matrixes
c  N st   410     90796     12820     17977     49941     22969    137802    537181  no matrixes
c  N dy   430     96939     12820     17977     49978     29065    137802    939875  no matrixes
c  N dy   466    103306     12820     17977     50015     35377    137802   1324848  no matrixes
c  S st   482    105631     12820     17977     50023     37676    137802   1475817  no matrixes
c  S st   482    106134     12820     17977     50049     38152    137802   1493163  no matrixes
c x-sub:     0 x-cut:      0 vfix:      0 v-elim:      0 locsubst:     0 time:   0.01
c binary deg approx. time:  0.13 s num checked:   8180 i:    9815 props: 3001k
c Flit:     0 Blit:      0 bXBeca:    0 bXProp:    0 Bins:   3118 P: 124.5M T:  9.56
c Time to fill non-learnt binary watchlists: 0.01 s
c subs with bin:        0  lits-rem:         0  v-fix:    0  time:  0.02 s
c Subs w/ non-existent bins:      0 l-rem:      0 v-fix:     0 done:  12820 time:  0.33 s
c Removed useless bin:       0  fixed:     0  props:   4.94M  time:  0.39 s
c lits-rem:         0  cl-subs:        0  v-elim:      0  v-fix:    0  time:  0.11 s
c lits-rem:       811  cl-subs:     1108  v-elim:      0  v-fix:    0  time:  1.48 s
c asymm  cl-useful: 0/17977/17977 lits-rem:0 time: 0.89
c watched sorting time: 0.01
c  N dy   482    106134     12820     17977     53167     37044    137802   1481913  no matrixes
c  N dy   524    112972     12820     17977     53210     43816    137802   1910045  no matrixes
c  N dy   557    120219     12820     17977     53253     28830    137802    709609  no matrixes
c  N dy   587    128055     12820     17977     53281     36584    137802   1176282  no matrixes
c  N dy   637    136257     12820     17977     53329     44703    137802   1674983  no matrixes
c  N dy   710    145021     12820     17977     53372     29941    137802    781185  no matrixes
c  N dy   771    154444     12820     17977     53411     39294    137802   1365697  no matrixes
c  S st   802    159349     12820     17977     53434     44168    137802   1681233  no matrixes
c  S st   802    159851     12820     17977     53464     44639    137802   1698381  no matrixes
c x-sub:     0 x-cut:      0 vfix:      0 v-elim:      0 locsubst:     0 time:   0.01
c binary deg approx. time:  0.12 s num checked:   7713 i:    9152 props: 3000k
c Flit:     0 Blit:      0 bXBeca:    0 bXProp:    0 Bins:   3459 P: 124.6M T: 10.20
c Time to fill non-learnt binary watchlists: 0.01 s
c subs with bin:        0  lits-rem:         0  v-fix:    0  time:  0.02 s
c Subs w/ non-existent bins:      0 l-rem:      0 v-fix:     0 done:  12820 time:  0.33 s
c Removed useless bin:       0  fixed:     0  props:   4.94M  time:  0.40 s
c lits-rem:         0  cl-subs:        0  v-elim:      0  v-fix:    0  time:  0.12 s
c Blocked clauses removed:        0    Time: 0.00 s
c lits-rem:       596  cl-subs:     1499  v-elim:      0  v-fix:    0  time:  1.72 s
c asymm  cl-useful: 0/17977/17977 lits-rem:0 time: 0.92
c watched sorting time: 0.00
c  N dy   802    159851     12820     17977     56923     43140    137802   1684231  no matrixes
c  N dy   854    170697     12820     17977     56966     29280    137802    625535  no matrixes
c  N dy   925    181738     12820     17977     57011     40239    137802   1341934  no matrixes
c  N dy   999    193414     12820     17977     57047     26142    137802    371641  no matrixes
c  N dy  1085    205818     12820     17977     57077     38467    137802   1176730  no matrixes
c  N dy  1160    219696     12820     17977     57111     52225    137802   2018602  no matrixes
c  N dy  1215    233755     12820     17977     57142     39417    137802   1078232  no matrixes
c  S st  1243    239875     12820     17977     57160     45495    137802   1482727  no matrixes
c  S st  1243    240378     12820     17977     57192     45964    137802   1494171  no matrixes
c x-sub:     0 x-cut:      0 vfix:      0 v-elim:      0 locsubst:     0 time:   0.01
c binary deg approx. time:  0.12 s num checked:   7475 i:    8806 props: 3000k
c Flit:     7 Blit:      0 bXBeca:    0 bXProp:    0 Bins:   2850 P: 125.3M T:  9.89
c Time to fill non-learnt binary watchlists: 0.01 s
c subs with bin:       15  lits-rem:         0  v-fix:    0  time:  0.03 s
c Subs w/ non-existent bins:      0 l-rem:      0 v-fix:     0 done:  12813 time:  0.33 s
c Removed useless bin:       0  fixed:     0  props:   4.93M  time:  0.40 s
c lits-rem:         0  cl-subs:        7  v-elim:     12  v-fix:    0  time:  0.12 s
c lits-rem:      1082  cl-subs:     2095  v-elim:      0  v-fix:    0  time:  1.48 s
c asymm  cl-useful: 2/17975/17975 lits-rem:2 time: 0.97
c watched sorting time: 0.01
c  N dy  1243    240378     12801     17975     59861     43841    137670   1470525  no matrixes
c  N dy  1326    255859     12801     17975     59905     31492    137670    617327  no matrixes
c  N dy  1408    272245     12801     17975     59954     47738    137670   1652673  no matrixes
c  N dy  1480    289904     12801     17975     59995     36540    137670    791537  no matrixes
c  F st  1543    306251     12801     17975     60033     52774    137670   1876536  no matrixes
c  N st  1548    309548     12801     17975     60036     56054    137670   2202707  no matrixes
c  N dy  1641    329815     12801     17975     60070     46438    137670   1352427  no matrixes
c  N dy  1727    351548     12801     17975     60100     37253    137670    772810  no matrixes
c  S st  1776    360580     12801     17975     60110     46215    137670   1267318  no matrixes
c  S st  1776    361081     12801     17975     60131     46695    137670   1284678  no matrixes
c x-sub:     0 x-cut:      0 vfix:      0 v-elim:      0 locsubst:     0 time:   0.01
c binary deg approx. time:  0.12 s num checked:   7371 i:    8809 props: 3000k
c Flit:     0 Blit:      0 bXBeca:    0 bXProp:    0 Bins:   2680 P: 125.9M T:  9.64
c Time to fill non-learnt binary watchlists: 0.01 s
c subs with bin:        0  lits-rem:         0  v-fix:    0  time:  0.02 s
c Subs w/ non-existent bins:      0 l-rem:      0 v-fix:     0 done:  12801 time:  0.32 s
c Removed useless bin:       0  fixed:     0  props:   4.86M  time:  0.38 s
c lits-rem:         0  cl-subs:        0  v-elim:      0  v-fix:    0  time:  0.11 s
c lits-rem:       590  cl-subs:     1873  v-elim:      0  v-fix:    0  time:  1.34 s
c asymm  cl-useful: 0/17973/17973 lits-rem:0 time: 0.95
c watched sorting time: 0.00
c  N dy  1776    361081     12801     17973     62815     44820    137670   1266203  no matrixes
c  N dy  1882    384217     12801     17973     62850     36048    137670    644168  no matrixes
c  N dy  2010    408792     12801     17973     62875     60481    137670   2060463  no matrixes
c  N dy  2108    436226     12801     17973     62913     54942    137670   1773104  no matrixes
c  N dy  2219    464812     12801     17973     62937     49596    137670   1370780  no matrixes
c  N dy  2326    494570     12801     17973     62970     44380    137670    960361  no matrixes
c  N dy  2477    529030     12801     17973     63002     42857    137670    980305  no matrixes
c  S st  2524    541640     12801     17973     63013     55382    137670   1645586  no matrixes
c  S st  2524    542142     12801     17973     63035     55862    137670   1660896  no matrixes
c x-sub:     0 x-cut:      0 vfix:      0 v-elim:      0 locsubst:     0 time:   0.01
c binary deg approx. time:  0.12 s num checked:   6955 i:    8076 props: 3000k
c Flit:     0 Blit:      0 bXBeca:    0 bXProp:    0 Bins:   2667 P: 126.1M T: 10.25
c Time to fill non-learnt binary watchlists: 0.01 s
c subs with bin:        0  lits-rem:         0  v-fix:    0  time:  0.03 s
c Subs w/ non-existent bins:      0 l-rem:      0 v-fix:     0 done:  12801 time:  0.33 s
c Removed useless bin:       0  fixed:     0  props:   4.86M  time:  0.39 s
c lits-rem:         0  cl-subs:        0  v-elim:      0  v-fix:    0  time:  0.13 s
c Blocked clauses removed:        0    Time: 0.00 s
c lits-rem:       391  cl-subs:     1614  v-elim:      0  v-fix:    0  time:  1.53 s
c asymm  cl-useful: 0/17973/17973 lits-rem:0 time: 1.04
c watched sorting time: 0.01
c  N dy  2524    542142     12801     17973     65703     54247    137670   1642359  no matrixes
c  N dy  2693    576854     12801     17973     65727     52025    137670   1270618  no matrixes
c  N dy  2821    613675     12801     17973     65747     50811    137670   1100674  no matrixes
c  N dy  2992    652853     12801     17973     65780     51013    137670   1127188  no matrixes
c  N dy  3099    694617     12801     17973     65810     52767    137670   1110838  no matrixes
c  N dy  3277    738984     12801     17973     65832     56034    137670   1271718  no matrixes
c  N dy  3462    787454     12801     17973     65857     62478    137670   1565093  no matrixes
c  S st  3553    813298     12801     17973     65873     45472    137670    608301  no matrixes
c  S st  3553    813802     12801     17973     65891     45957    137670    622178  no matrixes
c x-sub:     0 x-cut:      0 vfix:      0 v-elim:      0 locsubst:     0 time:   0.01
c binary deg approx. time:  0.13 s num checked:   7319 i:    8607 props: 3000k
c Flit:     0 Blit:      0 bXBeca:    0 bXProp:    0 Bins:   2229 P: 126.4M T:  9.73
c Time to fill non-learnt binary watchlists: 0.01 s
c subs with bin:        0  lits-rem:         0  v-fix:    0  time:  0.03 s
c Subs w/ non-existent bins:      0 l-rem:      0 v-fix:     0 done:  12801 time:  0.32 s
c Removed useless bin:       0  fixed:     0  props:   4.86M  time:  0.40 s
c lits-rem:         0  cl-subs:        0  v-elim:      0  v-fix:    0  time:  0.11 s
c lits-rem:       294  cl-subs:     1462  v-elim:      0  v-fix:    0  time:  0.54 s
c asymm  cl-useful: 7/17973/17973 lits-rem:7 time: 0.96
c watched sorting time: 0.01
c  N dy  3553    813802     12801     17973     68121     44494    137663    615291  no matrixes
c  N dy  3709    866202     12801     17973     68158     52839    137663    883784  no matrixes
c  N dy  3950    921586     12801     17973     68194     63209    137663   1496619  no matrixes
c  N dy  4214    980593     12801     17973     68218     76136    137663   2016372  no matrixes
c  N dy  4466   1043776     12801     17973     68251     92230    137663   2772564  no matrixes
c  F st  4601   1071875     12801     17973     68268     72427    137663   1679194  no matrixes
c  N dy  4730   1110421     12801     17973     68283     62056    137663   1182865  no matrixes
c  N dy  4961   1181435     12801     17973     68318     82933    137663   2170233  no matrixes
c  S st  5057   1220885     12801     17973     68324     71421    137663   1466682  no matrixes
c  S st  5057   1221387     12801     17973     68339     71907    137663   1480418  no matrixes
c x-sub:     0 x-cut:      0 vfix:      0 v-elim:      0 locsubst:     0 time:   0.02
c binary deg approx. time:  0.12 s num checked:   6177 i:    7093 props: 3002k
c Flit:     0 Blit:      0 bXBeca:    0 bXProp:    0 Bins:   2098 P: 128.0M T: 10.20
c Time to fill non-learnt binary watchlists: 0.01 s
c subs with bin:        0  lits-rem:         0  v-fix:    0  time:  0.03 s
c Subs w/ non-existent bins:      0 l-rem:      0 v-fix:     0 done:  12801 time:  0.33 s
c Removed useless bin:       0  fixed:     0  props:   4.86M  time:  0.38 s
c lits-rem:         0  cl-subs:        5  v-elim:      1  v-fix:    0  time:  0.13 s
c lits-rem:       203  cl-subs:     1912  v-elim:      0  v-fix:    0  time:  1.52 s
c asymm  cl-useful: 8/17970/17970 lits-rem:8 time: 1.11
c watched sorting time: 0.01
c  N dy  5057   1221387     12800     17970     70431     69995    137647   1455744  no matrixes
c  N dy  5372   1299621     12800     17970     70455     96212    137647   2998072  no matrixes
c  N dy  5648   1383488     12800     17970     70474     73165    137647   1412617  no matrixes
c  N dy  5977   1471865     12800     17970     70502    106386    137647   2955874  no matrixes
c  N dy  6264   1566646     12800     17970     70523     88305    137647   2237315  no matrixes
c  N dy  6574   1667014     12800     17970     70541     71739    137647   1117372  no matrixes
c  N dy  6899   1773423     12800     17970     70556    117906    137647   3169666  no matrixes
c  S st  7068   1833187     12800     17970     70569    116685    137647   2973725  no matrixes
c  S st  7068   1833688     12800     17970     70577    117177    137647   2991543  no matrixes
c x-sub:     0 x-cut:      0 vfix:      0 v-elim:      0 locsubst:     0 time:   0.01
c binary deg approx. time:  0.07 s num checked:   5087 i:    5641 props: 3001k
c Flit:     1 Blit:      0 bXBeca:    0 bXProp:    0 Bins:   2236 P: 131.5M T:  7.44
c Time to fill non-learnt binary watchlists: 0.01 s
c subs with bin:        5  lits-rem:         0  v-fix:    0  time:  0.02 s
c Subs w/ non-existent bins:      0 l-rem:      0 v-fix:     0 done:  12799 time:  0.23 s
c Removed useless bin:       0  fixed:     0  props:   4.86M  time:  0.24 s
c lits-rem:         0  cl-subs:        5  v-elim:      7  v-fix:    0  time:  0.11 s
c Blocked clauses removed:        0    Time: 0.01 s
c lits-rem:       743  cl-subs:     2733  v-elim:      0  v-fix:    0  time:  2.76 s
c asymm  cl-useful: 2/17975/17975 lits-rem:2 time: 0.89
c watched sorting time: 0.00
c  N dy  7068   1833688     12792     17975     72655    114304    137616   2943272  no matrixes
c  N dy  7408   1950764     12792     17975     72677    106505    137616   2674878  no matrixes
c  N dy  7723   2075346     12792     17975     72686    102129    137616   2290758  no matrixes
c  N dy  8279   2208191     12792     17975     72711    102063    137616   2235344  no matrixes
c  N dy  8792   2349221     12792     17975     72737    106008    137616   2196251  no matrixes
c  N dy  9322   2499865     12792     17975     72755    115634    137616   2576941  no matrixes
c  N dy  9899   2660920     12792     17975     72774    131666    137616   3414015  no matrixes
c  S st 10241   2750632     12792     17975     72783    147285    137616   3863081  no matrixes
c  S st 10241   2751134     12792     17975     72791    147778    137616   3881164  no matrixes
c x-sub:     0 x-cut:      0 vfix:      0 v-elim:      0 locsubst:     0 time:   0.02
c binary deg approx. time:  0.06 s num checked:   4058 i:    4406 props: 3000k
c Flit:     0 Blit:      0 bXBeca:    0 bXProp:    0 Bins:   1810 P: 133.9M T:  7.95
c Time to fill non-learnt binary watchlists: 0.00 s
c subs with bin:        2  lits-rem:         0  v-fix:    0  time:  0.02 s
c Subs w/ non-existent bins:      0 l-rem:      0 v-fix:     0 done:  12792 time:  0.25 s
c Removed useless bin:       0  fixed:     0  props:   4.85M  time:  0.24 s
c lits-rem:         0  cl-subs:        0  v-elim:      0  v-fix:    0  time:  0.12 s
c lits-rem:       124  cl-subs:     3398  v-elim:      0  v-fix:    0  time:  4.53 s
c asymm  cl-useful: 0/17971/17971 lits-rem:0 time: 0.99
c watched sorting time: 0.01
c  N dy 10241   2751134     12792     17971     74603    144380    137614   3827161  no matrixes
c  N dy 10863   2927396     12792     17971     74627     92892    137614   1374689  no matrixes
c  N dy 11458   3114265     12792     17971     74646    122653    137614   2689878  no matrixes
c  N dy 12272   3313260     12792     17971     74669    160489    137614   4523489  no matrixes
c  N dy 12974   3524786     12792     17971     74697    123071    137614   2379643  no matrixes
c  N dy 13767   3750394     12792     17971     74728     90841    137614    895372  no matrixes
c  F st 13768   3751564     12792     17971     74728     92007    137614    923475  no matrixes
c  N dy 14655   3989991     12792     17971     74746    153250    137614   3650934  no matrixes
c  S st 15223   4126837     12792     17971     74757    109315    137614   1650060  no matrixes
c  S st 15223   4127340     12792     17971     74761    109814    137614   1672548  no matrixes
c x-sub:     0 x-cut:      0 vfix:      0 v-elim:      0 locsubst:     0 time:   0.02
c binary deg approx. time:  0.08 s num checked:   5006 i:    5597 props: 3000k
c Flit:     0 Blit:      0 bXBeca:    0 bXProp:    0 Bins:   1735 P: 132.7M T:  7.13
c Time to fill non-learnt binary watchlists: 0.01 s
c subs with bin:        1  lits-rem:         0  v-fix:    0  time:  0.02 s
c Subs w/ non-existent bins:      0 l-rem:      0 v-fix:     0 done:  12792 time:  0.23 s
c Removed useless bin:       2  fixed:     0  props:   4.85M  time:  0.24 s
c lits-rem:         0  cl-subs:        0  v-elim:      1  v-fix:    0  time:  0.10 s
c lits-rem:       534  cl-subs:     3010  v-elim:      0  v-fix:    0  time:  1.57 s
c asymm  cl-useful: 6/17969/17969 lits-rem:6 time: 0.92
c watched sorting time: 0.01
c  N dy 15223   4127340     12791     17969     76491    106746    137601   1653428  no matrixes
c  N dy 16153   4390799     12791     17969     76510    184953    137601   4892598  no matrixes
c  N dy 17146   4671990     12791     17969     76531    181089    137601   4595447  no matrixes
c  N dy 18308   4970831     12791     17969     76547    185964    137601   4789509  no matrixes
c  N dy 19325   5288684     12791     17969     76571    200632    137601   4890243  no matrixes
c  N dy 20517   5628528     12791     17969     76597    123068    137601   1698391  no matrixes
c  N dy 21835   5988353     12791     17969     76623    159457    137601   3059605  no matrixes
c  S st 22649   6191497     12791     17969     76644    142776    137601   2256125  no matrixes
c  S st 22649   6192003     12791     17969     76668    143258    137601   2270034  no matrixes
c x-sub:     0 x-cut:      0 vfix:      0 v-elim:      0 locsubst:     0 time:   0.03
c binary deg approx. time:  0.10 s num checked:   4396 i:    4835 props: 3001k
c Flit:     1 Blit:      0 bXBeca:    0 bXProp:    0 Bins:   1786 P: 135.7M T: 11.56
c Time to fill non-learnt binary watchlists: 0.01 s
c subs with bin:        1  lits-rem:         1  v-fix:    0  time:  0.04 s
c Subs w/ non-existent bins:      0 l-rem:      0 v-fix:     0 done:  12790 time:  0.38 s
c Removed useless bin:       2  fixed:     0  props:   4.85M  time:  0.41 s
c lits-rem:         0  cl-subs:        4  v-elim:      5  v-fix:    0  time:  0.19 s
c Blocked clauses removed:        0    Time: 0.01 s
c lits-rem:       365  cl-subs:     3541  v-elim:      0  v-fix:    0  time:  3.20 s
c asymm  cl-useful: 2/17976/17976 lits-rem:2 time: 1.49
c watched sorting time: 0.01
c  N dy 22649   6192003     12785     17976     78270    139682    137578   2246402  no matrixes
c  N dy 24013   6587270     12785     17976     78288    194365    137578   4279690  no matrixes
c  N dy 25469   7009078     12785     17976     78311    151360    137578   2381736  no matrixes
c  N dy 27243   7456498     12785     17976     78348    239178    137578   6187132  no matrixes
c  N dy 28927   7933217     12785     17976     78375    223418    137578   5033598  no matrixes
c  N dy 30831   8439910     12785     17976     78396    221796    137578   4992034  no matrixes
c  N dy 32897   8980140     12785     17976     78419    237407    137578   5324764  no matrixes
c  S st 34165   9288090     12785     17976     78438    277147    137578   7115085  no matrixes
c  S st 34165   9288593     12785     17976     78445    277642    137578   7132924  no matrixes
c x-sub:     0 x-cut:      0 vfix:      0 v-elim:      0 locsubst:     0 time:   0.03
c binary deg approx. time:  0.04 s num checked:   2869 i:    3042 props: 3011k
c Flit:     0 Blit:      0 bXBeca:    0 bXProp:    0 Bins:   1697 P: 146.7M T:  8.81
c Time to fill non-learnt binary watchlists: 0.01 s
c subs with bin:        0  lits-rem:         0  v-fix:    0  time:  0.03 s
c Subs w/ non-existent bins:      0 l-rem:      0 v-fix:     0 done:  12785 time:  0.25 s
c Removed useless bin:       0  fixed:     0  props:   4.83M  time:  0.21 s
c lits-rem:         0  cl-subs:        0  v-elim:      0  v-fix:    0  time:  0.17 s
c lits-rem:       293  cl-subs:     5798  v-elim:      0  v-fix:    0  time: 10.34 s
c asymm  cl-useful: 0/17974/17974 lits-rem:0 time: 1.06
c watched sorting time: 0.02
c  N dy 34165   9288593     12785     17974     80148    271840    137578   7047639  no matrixes
c  N dy 36408   9881563     12785     17974     80179    173972    137578   2425819  no matrixes
c  N dy 39032  10512373     12785     17974     80202    236258    137578   5228134  no matrixes
c  N dy 41536  11183395     12785     17974     80226    174953    137578   2129565  no matrixes
c  N dy 44151  11897240     12785     17974     80248    284532    137578   6291017  no matrixes
c  N dy 47060  12656675     12785     17974     80275    266684    137578   5606065  no matrixes
c  F st 48915  13130469     12785     17974     80290    262022    137578   5319129  no matrixes
c  N dy 50349  13464562     12785     17974     80304    272221    137578   5821554  no matrixes
c  S st 52231  13932925     12785     17974     80324    247453    137578   4418528  no matrixes
c  S st 52231  13933429     12785     17974     80336    247945    137578   4435612  no matrixes
c x-sub:     0 x-cut:      0 vfix:      0 v-elim:      0 locsubst:     0 time:   0.03
c binary deg approx. time:  0.05 s num checked:   2695 i:    2847 props: 3008k
c Flit:     0 Blit:      0 bXBeca:    0 bXProp:    0 Bins:   1406 P: 146.9M T:  9.06
c Time to fill non-learnt binary watchlists: 0.01 s
c subs with bin:        0  lits-rem:         0  v-fix:    0  time:  0.03 s
c Subs w/ non-existent bins:      0 l-rem:      0 v-fix:     0 done:  12785 time:  0.26 s
c Removed useless bin:       0  fixed:     0  props:   4.83M  time:  0.20 s
c lits-rem:         0  cl-subs:        0  v-elim:      0  v-fix:    0  time:  0.16 s
c lits-rem:       621  cl-subs:     5600  v-elim:      0  v-fix:    0  time:  6.35 s
c asymm  cl-useful: 0/17974/17974 lits-rem:0 time: 1.22
c watched sorting time: 0.02
c  N dy 52231  13933429     12785     17974     81745    242342    137578   4396809  no matrixes
c  N dy 55710  14823134     12785     17974     81769    285086    137578   5811016  no matrixes
c  N dy 59567  15769341     12785     17974     81793    364043    137578   9433218  no matrixes
c  N dy 63898  16776372     12785     17974     81820    297617    137578   6020581  no matrixes
c  N dy 68677  17847356     12785     17974     81841    259712    137578   3994987  no matrixes
c  N dy 73670  18987493     12785     17974     81869    254357    137578   3487113  no matrixes
c  N dy 78987  20201454     12785     17974     81903    287453    137578   4188501  no matrixes
c  S st 81976  20901332     12785     17974     81911    382911    137578   8186592  no matrixes
c  S st 81976  20901834     12785     17974     81920    383404    137578   8206781  no matrixes
c x-sub:     0 x-cut:      0 vfix:      0 v-elim:      0 locsubst:     0 time:   0.05
c binary deg approx. time:  0.04 s num checked:   2023 i:    2102 props: 3000k
c Flit:     0 Blit:      0 bXBeca:    0 bXProp:    0 Bins:   1343 P: 155.6M T: 11.40
c Time to fill non-learnt binary watchlists: 0.01 s
c subs with bin:        1  lits-rem:         0  v-fix:    0  time:  0.02 s
c Subs w/ non-existent bins:      0 l-rem:      0 v-fix:     0 done:  12785 time:  0.29 s
c Removed useless bin:       0  fixed:     0  props:   4.83M  time:  0.21 s
c lits-rem:         0  cl-subs:        0  v-elim:      0  v-fix:    0  time:  0.22 s
c Blocked clauses removed:        0    Time: 0.00 s
c lits-rem:       213  cl-subs:     8728  v-elim:      0  v-fix:    0  time: 17.80 s
c asymm  cl-useful: 0/17973/17973 lits-rem:0 time: 1.44
c watched sorting time: 0.02
c  N dy 81976  20901834     12785     17973     83263    374676    137577   8110659  no matrixes
c  N dy 88216  22236037     12785     17973     83297    259971    137577   2954237  no matrixes
c  N dy 94725  23655774     12785     17973     83325    402290    137577   8785730  no matrixes
c  N dy101772  25165732     12785     17973     83358    377766    137577   7399546  no matrixes
c  N dy109833  26772294     12785     17973     83395    400459    137577   8277645  no matrixes
c  N dy118250  28481239     12785     17973     83422    475528    137577  10922476  no matrixes
c  N dy127463  30299284     12785     17973     83449    368102    137577   5596077  no matrixes
c  S st132915  31353167     12785     17973     83466    434340    137577   8291101  no matrixes
c  S st132915  31353670     12785     17973     83474    434835    137577   8307894  no matrixes
c x-sub:     0 x-cut:      0 vfix:      0 v-elim:      0 locsubst:     0 time:   0.04
c binary deg approx. time:  0.04 s num checked:   1737 i:    1803 props: 3012k
c Flit:     0 Blit:      0 bXBeca:    0 bXProp:    0 Bins:   1273 P: 159.4M T: 10.52
c Time to fill non-learnt binary watchlists: 0.01 s
c subs with bin:        0  lits-rem:         0  v-fix:    0  time:  0.02 s
c Subs w/ non-existent bins:      0 l-rem:      0 v-fix:     0 done:  12785 time:  0.30 s
c Removed useless bin:       1  fixed:     0  props:   4.83M  time:  0.20 s
c lits-rem:         0  cl-subs:        0  v-elim:      1  v-fix:    0  time:  0.22 s
c lits-rem:       833  cl-subs:     8974  v-elim:      0  v-fix:    0  time: 17.81 s
c asymm  cl-useful: 0/17972/17972 lits-rem:0 time: 1.44
c watched sorting time: 0.02
c  N dy132915  31353670     12784     17972     84737    425567    137573   8236381  no matrixes
c  N dy142722  33355056     12784     17972     84769    398364    137573   6876369  no matrixes
