WARNING: for repeatability, setting FPU to use double precision
============================[ Problem Statistics ]=============================
|                                                                             |
|  Number of variables:         70279                                         |
|  Number of clauses:          136975                                         |
|  Parse time:                   0.06 s                                       |
|                                                                             |
============================[ Search Statistics ]==============================
| Conflicts |          ORIGINAL         |          LEARNT          | Progress |
|           |    Vars  Clauses Literals |    Limit  Clauses Lit/Cl |          |
===============================================================================
|       100 |   34242   126170   286616 |    46262      100    103 | 51.277 % |
|       250 |   34242   126170   286616 |    50888      250     73 | 51.277 % |
|       475 |   34242   126170   286616 |    55977      475     79 | 51.277 % |
|       812 |   34209   126137   286543 |    61575      809     80 | 51.324 % |
|      1318 |   34209   126071   286397 |    67732     1315     96 | 51.324 % |
|      2077 |   34209   126071   286397 |    74505     2074     93 | 51.324 % |
|      3216 |   34209   126071   286397 |    81956     3213     92 | 51.324 % |
|      4924 |   34198   126038   286324 |    90152     4919     93 | 51.340 % |
|      7486 |   34187   126005   286251 |    99167     7480     90 | 51.355 % |
|     11330 |   34172   125955   286137 |   109084    11322     85 | 51.377 % |
|     17096 |   34172   125955   286137 |   119992    17088     82 | 51.377 % |
|     25745 |   34161   125922   286064 |   131991    25734     79 | 51.392 % |
|     38719 |   34124   125807   285808 |   145191    38704     76 | 51.445 % |
|     58180 |   34056   125644   285436 |   159710    58153     74 | 51.542 % |
|     87372 |   34004   125412   284916 |   175681    87336     71 | 51.616 % |
|    131161 |   33962   125265   284581 |   193249   131116     68 | 51.675 % |
|    196845 |   33939   125183   284393 |   212574   196794     60 | 51.708 % |
|    295371 |   33927   125132   284270 |   233831    68421     41 | 51.725 % |
|    443160 |   33904   125049   284078 |   257214   216204     38 | 51.758 % |
===============================================================================
restarts              : 1022
conflicts             : 452657         (2333 /sec)
decisions             : 649302         (0.00 % random) (3347 /sec)
propagations          : 650130198      (3351046 /sec)
conflict literals     : 21791080       (57.04 % deleted)
Memory used           : 130.00 MB
CPU time              : 194.008 s

UNSATISFIABLE
