WARNING: for repeatability, setting FPU to use double precision
============================[ Problem Statistics ]=============================
|                                                                             |
|  Number of variables:         68525                                         |
|  Number of clauses:          134379                                         |
|  Parse time:                   0.05 s                                       |
|                                                                             |
============================[ Search Statistics ]==============================
| Conflicts |          ORIGINAL         |          LEARNT          | Progress |
|           |    Vars  Clauses Literals |    Limit  Clauses Lit/Cl |          |
===============================================================================
|       100 |   33484   124041   281600 |    45481      100     93 | 51.136 % |
|       250 |   33484   124041   281600 |    50029      250     71 | 51.136 % |
|       475 |   33484   124041   281600 |    55032      475     67 | 51.136 % |
|       812 |   33480   124022   281553 |    60536      811     71 | 51.142 % |
|      1318 |   33480   124022   281553 |    66589     1317     70 | 51.142 % |
|      2077 |   33459   123952   281395 |    73248     2074     64 | 51.173 % |
|      3216 |   33459   123952   281395 |    80573     3213     62 | 51.173 % |
|      4924 |   33455   123937   281360 |    88630     4920     60 | 51.178 % |
|      7486 |   33451   123922   281325 |    97494     7481     57 | 51.184 % |
|     11330 |   33426   123837   281132 |   107243    11322     60 | 51.221 % |
|     17096 |   33405   123763   280962 |   117967    17086     61 | 51.251 % |
|     25745 |   33372   123655   280710 |   129764    25729     63 | 51.300 % |
|     38719 |   33283   123346   280013 |   142741    38697     64 | 51.429 % |
|     58180 |   33228   123166   279609 |   157015    58153     60 | 51.510 % |
===============================================================================
restarts              : 254
conflicts             : 84730          (3496 /sec)
decisions             : 146831         (0.00 % random) (6058 /sec)
propagations          : 104790324      (4323477 /sec)
conflict literals     : 4754169        (50.21 % deleted)
Memory used           : 68.00 MB
CPU time              : 24.2375 s

UNSATISFIABLE
