c This is CryptoMiniSat 2.7.1
c WARNING: for repeatability, setting FPU to use double precision
c Reading file 'p08.cnf'
c -- header says num vars:          72693
c -- header says num clauses:      216307
c -- clauses added:            0 learnts,       216307 normals,            0 xors
c -- vars added      72693
c Parsing time:  0.08 s
c Ouptutting solution to console
c asymm  cl-useful: 51/5686/20512 lits-rem:51 time: 0.96
c Time to fill non-learnt binary watchlists: 0.01 s
c subs with bin:        0  lits-rem:         0  v-fix:    0  time:  0.02 s
c Subs w/ non-existent bins:     14 l-rem:     13 v-fix:   148 done:  35397 time:  1.28 s
c lits-rem:         0  cl-subs:    26266  v-elim:  22019  v-fix:    0  time:  0.12 s
c Finding binary XORs:         0.01 s (found:     118, avg size: 2.0)
c Replacing      118 vars Replaced     1708 lits Time:     0.00 s 
c Finding non-binary XORs:     0.00 s (found:       0, avg size: -nan)
c watched sorting time: 0.00
c Calc default polars -  time:   0.00 s pos:    2709 undec:   65407 neg:    4577
c =========================================================================================
c types(t): F = full restart, N = normal restart
c types(t): S = simplification begin/end, E = solution found
c restart types(rt): st = static, dy = dynamic
c  t rt  Rest     Confl      Vars   NormCls    BinCls   Learnts    ClLits    LtLits
c  B st     0         0     13227     18434     44185         0    152416         0  no matrixes
c Finding binary XORs:         0.00 s (found:       0, avg size: -nan)
c  N dy     8      5601     13227     18434     44240      5440    152416    433108  no matrixes
c  N dy    14     10727     13227     18434     44332     10403    152416    705352  no matrixes
c  N dy    22     19676     13227     18434     44408     19088    152416   1121741  no matrixes
c  E dy    27     21599         0     18434     44441     11249    152416    282839  no matrixes
c Verified 18434 clauses.
c Solution needs extension. Extending.
c Verified 18434 clauses.
c        1 solution(s) found
c restarts              : 27         
c dynamic restarts      : 21         
c static restarts       : 6          
c full restarts         : 0          
c learnts DL2           : 0          
c learnts size 2        : 256        
c learnts size 1        : 37329       (51.35     % of vars)
c v-elim SatELite       : 22019       (30.29     % vars)
c SatELite time         : 1.42        (24.95     % time)
c v-elim xor            : 0           (0.00      % vars)
c xor elim time         : 0.00        (0.00      % time)
c num binary xor trees  : 70         
c binxor trees' crown   : 118         (1.69      leafs/tree)
c OTF clause improved   : 402         (0.02      clauses/conflict)
c OTF impr. size diff   : 455         (1.13       lits/clause)
c OTF cl watch-shrink   : 8797        (0.41      clauses/conflict)
c OTF cl watch-sh-lit   : 25244       (2.87       lits/clause)
c tried to recurMin cls : 1355        (6.27       % of conflicts)
c stopped recurMin      : 1325        (97.79      %)
c lits visited recurmin:: 1.49       
c conflicts             : 21599       (3805.08   / sec)
c decisions             : 70224       (1.17      % random)
c bogo-props            : 108942217   (19192287.34 / sec)
c conflict literals     : 1215408     (24.11     % deleted)
c Memory used           : 223.84      MB
c CPU time              : 5.68        s
c 
s SATISFIABLE
