c Lingeling SAT Solver
c 
c Version ala b02aa1a04343558c4252b5f4a723be021964f652
c 
c Copyright (C) 2010-2012 Armin Biere JKU Linz Austria.
c All rights reserved.
c 
c released Sat Oct 13 14:05:26 CEST 2012
c compiled Sat Feb 16 02:48:12 EST 2013
c 
c gcc (Debian 4.4.5-8) 4.4.5
c -Wall -O3 -DNLGLOG -DNDEBUG -DNCHKSOL -DNLGLPICOSAT 
c Linux greencar2 2.6.32-5-amd64 x86_64
c 
c reading input file p09.cnf
c no embedded options
c found 'p cnf 206388 636411' header
c read 206388 variables, 636411 clauses, 1323484 literals in 0.0 seconds
c
c feature vars 206388
c feature lits.total 1323484
c feature lits.pos 706187
c feature lits.neg 617297
c feature clauses.total 636411
c feature clauses.unit 77634
c feature clauses.bin 448481
c feature clauses.trn 108896
c feature clauses.lrg 1400
c feature cog.val.min 1
c feature cog.val.avg 91966
c feature cog.val.max 198046
c feature cog.var.min 1
c feature cog.var.avg 103195
c feature cog.var.max 206387
c
c
c --abstime=0
c --acts=2
c --actavgmax=120
c --actstdmin=20
c --actstdmax=80
c --agile=23
c --bias=2
c --block=1
c --blkrtc=0
c --blkclslim=2000
c --blkocclim=2000
c --blkmaxeff=2147483647
c --blkmineff=10000000
c --blkreleff=20
c --card=0
c --cce=3
c --ccemaxeff=100000000
c --ccemineff=5000000
c --ccereleff=3
c --check=0
c --cgrclsr=1
c --cgrmaxority=20
c --cgrmaxeff=8000000
c --cgrmineff=200000
c --cgreleff=1
c --cgrexteq=1
c --cgrextand=1
c --cgrextunits=1
c --cgrextite=1
c --cgrextxor=1
c --cliff=1
c --cliffreleff=8
c --cliffmineff=10000000
c --cliffmaxeff=100000000
c --compact=0
c --decompose=1
c --defragint=10000000
c --defragfree=50
c --elim=1
c --elmrtc=0
c --elmblk=1
c --elmclslim=1000
c --elmocclim=1000
c --elmaxeff=100000000
c --elmineff=5000000
c --elmreleff=10
c --sleeponabort=0
c --exitonabort=0
c --flipping=1
c --flipint=2
c --flipdur=50
c --fliptop=1
c --force=0
c --gauss=1
c --gaussextrall=1
c --gaussmaxor=20
c --gaussexptrn=1
c --gaussmaxeff=50000000
c --gaussmineff=2000000
c --gaussreleff=2
c --gluescale=2
c --gluekeep=0
c --inprocessing=1
c --cintinc=10000
c --irrlim=20
c --lift=1
c --lftmaxeff=20000000
c --lftmineff=500000
c --lftreleff=6
c --lhbr=1
c --lkhd=1
c --clim=-1
c --mocint=1000
c --move=2
c --log=-1
c --otfs=1
c --phase=0
c --phaseneginit=0
c --plain=0
c --probe=1
c --prbasicmaxeff=100000000
c --prbasicmineff=1000000
c --prbasicreleff=10
c --prbasic=1
c --prbasicroundlim=9
c --queuemergelim=10000
c --queuefactor=833
c --queueinc=20
c --rmincpen=4
c --seed=0
c --smallirr=90
c --smallve=1
c --smallvevars=12
c --randec=1
c --randecint=1000
c --redfixed=0
c --redlbound=0
c --redlexpfac=10
c --redldoutfac=0
c --redloutinc=10000
c --redlinit=1000
c --redlinc=1000
c --redinoutinc=100
c --redlmininc=10
c --redlmaxinc=200
c --redlminrel=10
c --redlmaxrel=300
c --redlminabs=500
c --redlmaxabs=1000000
c --reduce=1
c --restart=2
c --restartint=5
c --rstinoutinc=110
c --simplify=1
c --simpdelay=100
c --simpen=4
c --sizepen=1000000
c --sizemaxpen=3
c --sortlits=0
c --syncint=111111
c --termint=122222
c --ternres=1
c --ternresrtc=0
c --trnrmineff=4000000
c --trnrmaxeff=40000000
c --trnreleff=10
c --transred=1
c --trdmineff=100000
c --trdmaxeff=2000000
c --trdreleff=10
c --unhide=1
c --unhdextstamp=1
c --unhdhbr=0
c --unhdmaxeff=20000000
c --unhdmineff=1000000
c --unhdreleff=4
c --unhdlnpr=3
c --unhdroundlim=5
c --verbose=1
c --witness=1
c [limits] no conflict limit
c [limits] simplification delayed by 100 to 100 conflicts
c 
c  seconds         irredundant          redundant clauses agility   height
c          variables clauses conflicts large binary ternary    glue         MB
c 
c *    0.0  112096   467319         0       0      0     0  61  0.0   0.0   40
c [cut-width] 154271, max 244857, min4 98748 at 75%, min10 32549 at 89%
c [decision-order] bias 1, old 1
c [queue-schedule-all-variables]
c s    0.0  112096   467319         0       0      0     0  61  0.0   0.0   40
c 1    0.1  112096   467319        99      99      0     0  26  8.4 300.1   42
c 
c  seconds         irredundant          redundant clauses agility   height
c          variables clauses conflicts large binary ternary    glue         MB
c 
c blkd: 0 bces, 0 removed, 0 resolutions, 0 steps
c blkd: 0 blocking literals 0%, 0 pure
c cces: 0 cces, 0 eliminated, 0 ate 0%, 0 abce 0%
c cces: 0 probed, 0 lifted, 0 failed
c clff: 0 cliffs, 0 lifted, 0 failed
c clff: 0 decisions, 0 steps
c clls: 1 sat, 0 simp, 0 freeze, 0 melt
c clls: 1959895 add, 0 assume,, 0 deref, 0 failed
c clls: 0 cassume, 0 mosat
c coll: 0 gcs, 0 rescored clauses
c cgrs: 0 count, 0 esteps, 0 csteps
c cgrs: 0 eqs, 0 units
c cgrs: 0 matched (0 ands 0%, 0 xors 0%, 0 ites 0%)
c cgrs: 0 simplified (0 ands 0%, 0 xors 0%, 0 ites 0%)
c cgrs: 0 extracted (0 ands 0%, 0 xors 0%, 0 ites 0%)
c dcps: 0 decompositions, 0 equivalent 0%
c decs: 1671 decision, 1 random 0.060%
c decs: 0 flipped 0.000% (in 0 phases)
c elms: 0 elims, 0 eliminated 0%
c elms: 0 small 0%, 0 large 0%
c elms: 0 tried small, 0 succeeded 0%, 0 failed 0%
c elms: 0 subsumed, 0 strengthened, 0 blocked
c elms: 0 copies, 0 resolutions, 0 ipos
c elms: 0 subchks, 0 strchks
c frcs: 0 computed, 0.0 - 0.0 average min-cut range
c gaus: 0 extractions, 0 extracted, 0.0 size, 0 max
c gaus: exported 0 units, 0 binary and 0 ternary equations
c gaus: 0 gc, 0 steps, 0 extr 0%, 0 elim 0%
c glue: 8.4 avg, 3.1 scaled avg
c glue: 0 maxredglue=15 (0%)
c lift: 0 phases, 0 probed (0 level1 0%, 0 level2 0%)
c lift: 0 units, 0 equivalences, 0 implications
c hbrs: 0 hbrs = 0 trn 0% + 0 lrg 0%, 0 sub 0%
c lrnd: 99 clauses, 98 uips 99%, 21.2 length, 8.4 glue
c ints: 13 luby (565 steps), 0 inout (0 steps)
c mins: 2103 learned lits, 0% minimized
c move: moved 0, 0 binary 0%, 0 ternary 0%
c otfs: str 0 dyn (0 red, 0 irr) 0 drv 0%, 0 rst 0%
c otfs: sub 0 dyn (0 red, 0 irr)
c phas: 0 computed, 162 set, 0 pos (0%), 162 neg (100%)
c prbs: 0 basic, 0 probed, 0 failed, 0 lifted
c prps: 375292 props, 225 props/dec
c prps: 100% srch, 0% simp, 0% lkhd
c psns: 45151 searches, 1088 hits, 2% hit rate
c queu: 111 new, 0 del, 41 maximum priority
c queu: 91 merged, 0 collected, 0 gcs
c queu: 99 deprioritized, 11.6 lines on average
c reds: 0 count, 0 reset, 0 acts 0%, 0 exp 0%
c reds: 0 arithmetic 0%, 0 double 0%
c rmbd: 0 removed, 0 red 0%
c rsts: 0 restarts 0%, 12 skipped 100%
c rsts: 0 kept 0.0% average 0.0%
c simp: 0 count (0 ilim 0%, 0 plim 0%, 0 clim 0%)
c trnr: 0 count, 0 bin, 0 trn, 0 steps
c tops: 94292 fixed 46%, 0 iterations
c trds: 0 transitive reductions, 0 removed, 0 failed
c trds: 0 nodes, 0 edges, 0 steps
c unhd: 0 count, 0 rounds, 0 steps
c unhd: 0 non-trivial sccs of average size 0.0
c unhd: 0 units, 0 bin, 0 trn, 0 lrg
c unhd: 0 failed, 0 stamp, 0 lits, 0 bin, 0 trn, 0 lrg
c unhd: 0 tauts, 0 bin 0%, 0 trn 0%, 0 lrg 0%
c unhd: 0 tauts, 0 stamp 0%, 0 red 0%
c unhd: 0 hbrs, 0 trn 0%, 0 lrg 0%, 0 red 0%
c unhd: 0 strd, 0 bin 0%, 0 trn 0%, 0 lrg 0%, 0 red 0%
c vars: 112096 remaining 54% and 94292 removed 46% out of 206388
c vars: 94292 fixed 46%, 0 eliminated 0%, 0 equivalent 0%
c vsts: 1310019 visits, 100% srch, 0% simp, 0% lkhd
c vsts: 3.5 search visits per propagation 13232.5 per conflict
c wchs: 1379476 pushed, 818285 enlarged, 0 defrags
c 
c scaledglue  added       reduced       forcing      resolved     conflicts
c 
c all        99 100         0 100       140 100        99 100         0 100
c 
c  0          0   0         0   0<        0   0         0   0         0   0<
c  1          0   0         0   0         0   0         0   0         0   0 
c  2         13  13         0   0        13   9        13  13         0   0 
c  3         65  66<        0   0       104  74<       65  66<        0   0 
c  4         20  20         0   0        22  16        20  20         0   0 
c  5          1   1         0   0         1   1         1   1         0   0 
c  6          0   0         0   0         0   0         0   0         0   0 
c  7          0   0         0   0         0   0         0   0         0   0 
c  8          0   0         0   0         0   0         0   0         0   0 
c  9          0   0         0   0         0   0         0   0         0   0 
c 10          0   0         0   0         0   0         0   0         0   0 
c 11          0   0         0   0         0   0         0   0         0   0 
c 12          0   0         0   0         0   0         0   0         0   0 
c 13          0   0         0   0         0   0         0   0         0   0 
c 14          0   0         0   0         0   0         0   0         0   0 
c 15          0   0         0   0         0   0         0   0         0   0 
c 
c avg             3.1           0.0           3.1           3.1           0.0
c std             0.6           0.0           0.5           0.6           0.0
c 
c 1671 decisions, 99 conflicts, 1546.8 conflicts/sec
c 375292 propagations, 5.9 megaprops/sec
c 0.1 seconds, 44.4 MB
c 
c    0.008  13% analysis
c    0.000   0% block
c    0.000   0% bump
c    0.000   0% card
c    0.000   0% cce
c    0.000   0% cliff
c    0.012  19% cutwidth
c    0.004   6% decide
c    0.000   0% force
c    0.000   0% gc
c    0.000   0% cgrclsr
c    0.000   0% decomp
c    0.000   0% defrag
c    0.000   0% elim
c    0.000   0% gauss
c    0.000   0% lift
c    0.004   6% mincls
c    0.000   0% phase
c    0.000   0% probe
c    0.000   0% reduce
c    0.000   0% restart
c    0.000   0% ternres
c    0.000   0% transred
c    0.000   0% unhide
c ==================================
c    0.016  25% preprocessing   100%
c    0.000   0% inprocessing      0%
c ==================================
c    0.016  25% simplifying
c    0.000   0% lookahead
c    0.044  69% search
c ==================================
c    0.064 100% all
c
s SATISFIABLE
