c This is CryptoMiniSat 2.7.1
c WARNING: for repeatability, setting FPU to use double precision
c Reading file 'p09.cnf'
c -- header says num vars:         206388
c -- header says num clauses:      636411
c -- clauses added:            0 learnts,       636411 normals,            0 xors
c -- vars added     206388
c Parsing time:  0.26 s
c Ouptutting solution to console
c asymm  cl-useful: 1/6783/82096 lits-rem:1 time: 0.91
c Time to fill non-learnt binary watchlists: 0.02 s
c subs with bin:        0  lits-rem:         0  v-fix:    0  time:  0.05 s
c Subs w/ non-existent bins:      3 l-rem:      0 v-fix:     0 done:  19943 time:  2.02 s
c lits-rem:         0  cl-subs:    93912  v-elim:  65026  v-fix:    0  time:  0.41 s
c Finding binary XORs:         0.05 s (found:      12, avg size: 2.0)
c Replacing       12 vars Replaced      197 lits Time:     0.00 s 
c Finding non-binary XORs:     0.02 s (found:       0, avg size: -nan)
c watched sorting time: 0.00
c Calc default polars -  time:   0.01 s pos:    5557 undec:  191678 neg:    9153
c =========================================================================================
c types(t): F = full restart, N = normal restart
c types(t): S = simplification begin/end, E = solution found
c restart types(rt): st = static, dy = dynamic
c  t rt  Rest     Confl      Vars   NormCls    BinCls   Learnts    ClLits    LtLits
c  B st     0         0     47058     78056    150086         0    551938         0  no matrixes
c Finding binary XORs:         0.02 s (found:       0, avg size: -nan)
c  N dy    10      4040     47058     78056    150139      3915    551938    216343  no matrixes
c  E dy    14      4778         0     78056    150152      4638    551938    266527  no matrixes
c Verified 78056 clauses.
c Solution needs extension. Extending.
c Verified 78056 clauses.
c        1 solution(s) found
c restarts              : 14         
c dynamic restarts      : 8          
c static restarts       : 6          
c full restarts         : 0          
c learnts DL2           : 0          
c learnts size 2        : 67         
c learnts size 1        : 94292       (45.69     % of vars)
c v-elim SatELite       : 65026       (31.51     % vars)
c SatELite time         : 2.47        (53.83     % time)
c v-elim xor            : 0           (0.00      % vars)
c xor elim time         : 0.00        (0.00      % time)
c num binary xor trees  : 12         
c binxor trees' crown   : 12          (1.00      leafs/tree)
c OTF clause improved   : 74          (0.02      clauses/conflict)
c OTF impr. size diff   : 79          (1.07       lits/clause)
c OTF cl watch-shrink   : 1741        (0.36      clauses/conflict)
c OTF cl watch-sh-lit   : 6330        (3.64       lits/clause)
c tried to recurMin cls : 689         (14.42      % of conflicts)
c stopped recurMin      : 689         (100.00     %)
c lits visited recurmin:: 1.18       
c conflicts             : 4778        (1040.44   / sec)
c decisions             : 47473       (0.94      % random)
c bogo-props            : 100958589   (21984381.42 / sec)
c conflict literals     : 271194      (8.33      % deleted)
c Memory used           : 125.98      MB
c CPU time              : 4.59        s
c 
s SATISFIABLE
