c This is CryptoMiniSat 2.7.1
c WARNING: for repeatability, setting FPU to use double precision
c Reading file 'p10.cnf'
c -- header says num vars:         170286
c -- header says num clauses:      527823
c -- clauses added:            0 learnts,       527823 normals,            0 xors
c -- vars added     170286
c Parsing time:  0.19 s
c Ouptutting solution to console
c asymm  cl-useful: 1/5234/72142 lits-rem:1 time: 0.88
c Time to fill non-learnt binary watchlists: 0.02 s
c subs with bin:        0  lits-rem:         0  v-fix:    0  time:  0.04 s
c Subs w/ non-existent bins:      0 l-rem:      0 v-fix:     0 done:   7418 time:  1.86 s
c lits-rem:         0  cl-subs:    81154  v-elim:  53362  v-fix:    0  time:  0.34 s
c Finding binary XORs:         0.04 s (found:       4, avg size: 2.0)
c Replacing        4 vars Replaced       64 lits Time:     0.00 s 
c Finding non-binary XORs:     0.02 s (found:       0, avg size: -nan)
c watched sorting time: 0.00
c Calc default polars -  time:   0.01 s pos:    3984 undec:  159719 neg:    6583
c =========================================================================================
c types(t): F = full restart, N = normal restart
c types(t): S = simplification begin/end, E = solution found
c restart types(rt): st = static, dy = dynamic
c  t rt  Rest     Confl      Vars   NormCls    BinCls   Learnts    ClLits    LtLits
c  B st     0         0     40376     69116    126691         0    471057         0  no matrixes
c Finding binary XORs:         0.01 s (found:       0, avg size: -nan)
c  N dy    14      4059     40376     69116    126775      3881    471057     83499  no matrixes
c  E dy    25      8141         0     69116    126892      7751    471057    136319  no matrixes
c Verified 69116 clauses.
c Solution needs extension. Extending.
c Verified 69116 clauses.
c        1 solution(s) found
c restarts              : 25         
c dynamic restarts      : 19         
c static restarts       : 6          
c full restarts         : 0          
c learnts DL2           : 0          
c learnts size 2        : 205        
c learnts size 1        : 76544       (44.95     % of vars)
c v-elim SatELite       : 53362       (31.34     % vars)
c SatELite time         : 2.23        (50.41     % time)
c v-elim xor            : 0           (0.00      % vars)
c xor elim time         : 0.00        (0.00      % time)
c num binary xor trees  : 4          
c binxor trees' crown   : 4           (1.00      leafs/tree)
c OTF clause improved   : 189         (0.02      clauses/conflict)
c OTF impr. size diff   : 201         (1.06       lits/clause)
c OTF cl watch-shrink   : 1975        (0.24      clauses/conflict)
c OTF cl watch-sh-lit   : 3744        (1.90       lits/clause)
c tried to recurMin cls : 2535        (31.14      % of conflicts)
c stopped recurMin      : 2522        (99.49      %)
c lits visited recurmin:: 1.05       
c conflicts             : 8141        (1838.41   / sec)
c decisions             : 46710       (0.93      % random)
c bogo-props            : 106855172   (24130196.94 / sec)
c conflict literals     : 139289      (14.33     % deleted)
c Memory used           : 124.43      MB
c CPU time              : 4.43        s
c 
s SATISFIABLE
