c This is CryptoMiniSat 2.7.1
c WARNING: for repeatability, setting FPU to use double precision
c Reading file 'p13.cnf'
c -- header says num vars:         196471
c -- header says num clauses:      610075
c -- clauses added:            0 learnts,       610075 normals,            0 xors
c -- vars added     196471
c Parsing time:  0.27 s
c Ouptutting solution to console
c asymm  cl-useful: 0/5113/83542 lits-rem:0 time: 0.87
c Time to fill non-learnt binary watchlists: 0.02 s
c subs with bin:        0  lits-rem:         0  v-fix:    0  time:  0.05 s
c Subs w/ non-existent bins:      0 l-rem:      0 v-fix:     0 done:   7492 time:  1.84 s
c lits-rem:         0  cl-subs:    93851  v-elim:  61934  v-fix:    0  time:  0.41 s
c Finding binary XORs:         0.04 s (found:      10, avg size: 2.0)
c Replacing       10 vars Replaced      155 lits Time:     0.00 s 
c Finding non-binary XORs:     0.02 s (found:       0, avg size: -nan)
c watched sorting time: 0.01
c Calc default polars -  time:   0.00 s pos:    4875 undec:  183522 neg:    8074
c =========================================================================================
c types(t): F = full restart, N = normal restart
c types(t): S = simplification begin/end, E = solution found
c restart types(rt): st = static, dy = dynamic
c  t rt  Rest     Confl      Vars   NormCls    BinCls   Learnts    ClLits    LtLits
c  B st     0         0     46798     80485    146921         0    548682         0  no matrixes
c Finding binary XORs:         0.02 s (found:       0, avg size: -nan)
c  E st     4       747         0     80485    146941       722    548682     19180  no matrixes
c Verified 80485 clauses.
c Solution needs extension. Extending.
c Verified 80485 clauses.
c        1 solution(s) found
c restarts              : 4          
c dynamic restarts      : 0          
c static restarts       : 4          
c full restarts         : 0          
c learnts DL2           : 0          
c learnts size 2        : 20         
c learnts size 1        : 87729       (44.65     % of vars)
c v-elim SatELite       : 61934       (31.52     % vars)
c SatELite time         : 2.29        (59.26     % time)
c v-elim xor            : 0           (0.00      % vars)
c xor elim time         : 0.00        (0.00      % time)
c num binary xor trees  : 10         
c binxor trees' crown   : 10          (1.00      leafs/tree)
c OTF clause improved   : 5           (0.01      clauses/conflict)
c OTF impr. size diff   : 5           (1.00       lits/clause)
c OTF cl watch-shrink   : 234         (0.31      clauses/conflict)
c OTF cl watch-sh-lit   : 596         (2.55       lits/clause)
c tried to recurMin cls : 206         (27.58      % of conflicts)
c stopped recurMin      : 205         (99.51      %)
c lits visited recurmin:: 1.11       
c conflicts             : 747         (193.11    / sec)
c decisions             : 13934       (0.78      % random)
c bogo-props            : 93342877    (24130574.34 / sec)
c conflict literals     : 19437       (11.51     % deleted)
c Memory used           : 127.99      MB
c CPU time              : 3.87        s
c 
s SATISFIABLE
