c This is CryptoMiniSat 2.7.1
c WARNING: for repeatability, setting FPU to use double precision
c Reading file 'p14.cnf'
c -- header says num vars:         215510
c -- header says num clauses:      666316
c -- clauses added:            0 learnts,       666316 normals,            0 xors
c -- vars added     215510
c Parsing time:  0.29 s
c Ouptutting solution to console
c asymm  cl-useful: 0/5293/88186 lits-rem:0 time: 0.94
c Time to fill non-learnt binary watchlists: 0.03 s
c subs with bin:        0  lits-rem:         0  v-fix:    0  time:  0.04 s
c Subs w/ non-existent bins:      4 l-rem:      0 v-fix:     0 done:  24035 time:  2.11 s
c lits-rem:         0  cl-subs:   100194  v-elim:  68323  v-fix:    0  time:  0.42 s
c Finding binary XORs:         0.05 s (found:      10, avg size: 2.0)
c Replacing       10 vars Replaced      165 lits Time:     0.00 s 
c Finding non-binary XORs:     0.02 s (found:       0, avg size: -nan)
c watched sorting time: 0.00
c Calc default polars -  time:   0.01 s pos:    5295 undec:  201324 neg:    8891
c =========================================================================================
c types(t): F = full restart, N = normal restart
c types(t): S = simplification begin/end, E = solution found
c restart types(rt): st = static, dy = dynamic
c  t rt  Rest     Confl      Vars   NormCls    BinCls   Learnts    ClLits    LtLits
c  B st     0         0     49853     84644    158065         0    587316         0  no matrixes
c Finding binary XORs:         0.02 s (found:       0, avg size: -nan)
c  E st     6      1833         0     84644    158092      1785    587316     81976  no matrixes
c Verified 84644 clauses.
c Solution needs extension. Extending.
c Verified 84644 clauses.
c        1 solution(s) found
c restarts              : 6          
c dynamic restarts      : 0          
c static restarts       : 6          
c full restarts         : 0          
c learnts DL2           : 0          
c learnts size 2        : 27         
c learnts size 1        : 97324       (45.16     % of vars)
c v-elim SatELite       : 68323       (31.70     % vars)
c SatELite time         : 2.57        (58.40     % time)
c v-elim xor            : 0           (0.00      % vars)
c xor elim time         : 0.00        (0.00      % time)
c num binary xor trees  : 10         
c binxor trees' crown   : 10          (1.00      leafs/tree)
c OTF clause improved   : 21          (0.01      clauses/conflict)
c OTF impr. size diff   : 24          (1.14       lits/clause)
c OTF cl watch-shrink   : 508         (0.28      clauses/conflict)
c OTF cl watch-sh-lit   : 1604        (3.16       lits/clause)
c tried to recurMin cls : 328         (17.89      % of conflicts)
c stopped recurMin      : 327         (99.70      %)
c lits visited recurmin:: 1.17       
c conflicts             : 1833        (416.19    / sec)
c decisions             : 22638       (0.76      % random)
c bogo-props            : 93839327    (21306418.65 / sec)
c conflict literals     : 83634       (5.81      % deleted)
c Memory used           : 138.61      MB
c CPU time              : 4.40        s
c 
s SATISFIABLE
