c Lingeling SAT Solver
c 
c Version ala b02aa1a04343558c4252b5f4a723be021964f652
c 
c Copyright (C) 2010-2012 Armin Biere JKU Linz Austria.
c All rights reserved.
c 
c released Sat Oct 13 14:05:26 CEST 2012
c compiled Sat Feb 16 02:48:12 EST 2013
c 
c gcc (Debian 4.4.5-8) 4.4.5
c -Wall -O3 -DNLGLOG -DNDEBUG -DNCHKSOL -DNLGLPICOSAT 
c Linux greencar2 2.6.32-5-amd64 x86_64
c 
c reading input file p22.cnf
c no embedded options
c found 'p cnf 213246 663269' header
c read 213246 variables, 663269 clauses, 1379172 literals in 0.0 seconds
c
c feature vars 213246
c feature lits.total 1379172
c feature lits.pos 733220
c feature lits.neg 645952
c feature clauses.total 663269
c feature clauses.unit 79280
c feature clauses.bin 466075
c feature clauses.trn 116514
c feature clauses.lrg 1400
c feature cog.val.min 1
c feature cog.val.avg 95107
c feature cog.val.max 206004
c feature cog.var.min 1
c feature cog.var.avg 106624
c feature cog.var.max 213245
c
c
c --abstime=0
c --acts=2
c --actavgmax=120
c --actstdmin=20
c --actstdmax=80
c --agile=23
c --bias=2
c --block=1
c --blkrtc=0
c --blkclslim=2000
c --blkocclim=2000
c --blkmaxeff=2147483647
c --blkmineff=10000000
c --blkreleff=20
c --card=0
c --cce=3
c --ccemaxeff=100000000
c --ccemineff=5000000
c --ccereleff=3
c --check=0
c --cgrclsr=1
c --cgrmaxority=20
c --cgrmaxeff=8000000
c --cgrmineff=200000
c --cgreleff=1
c --cgrexteq=1
c --cgrextand=1
c --cgrextunits=1
c --cgrextite=1
c --cgrextxor=1
c --cliff=1
c --cliffreleff=8
c --cliffmineff=10000000
c --cliffmaxeff=100000000
c --compact=0
c --decompose=1
c --defragint=10000000
c --defragfree=50
c --elim=1
c --elmrtc=0
c --elmblk=1
c --elmclslim=1000
c --elmocclim=1000
c --elmaxeff=100000000
c --elmineff=5000000
c --elmreleff=10
c --sleeponabort=0
c --exitonabort=0
c --flipping=1
c --flipint=2
c --flipdur=50
c --fliptop=1
c --force=0
c --gauss=1
c --gaussextrall=1
c --gaussmaxor=20
c --gaussexptrn=1
c --gaussmaxeff=50000000
c --gaussmineff=2000000
c --gaussreleff=2
c --gluescale=2
c --gluekeep=0
c --inprocessing=1
c --cintinc=10000
c --irrlim=20
c --lift=1
c --lftmaxeff=20000000
c --lftmineff=500000
c --lftreleff=6
c --lhbr=1
c --lkhd=1
c --clim=-1
c --mocint=1000
c --move=2
c --log=-1
c --otfs=1
c --phase=0
c --phaseneginit=0
c --plain=0
c --probe=1
c --prbasicmaxeff=100000000
c --prbasicmineff=1000000
c --prbasicreleff=10
c --prbasic=1
c --prbasicroundlim=9
c --queuemergelim=10000
c --queuefactor=833
c --queueinc=20
c --rmincpen=4
c --seed=0
c --smallirr=90
c --smallve=1
c --smallvevars=12
c --randec=1
c --randecint=1000
c --redfixed=0
c --redlbound=0
c --redlexpfac=10
c --redldoutfac=0
c --redloutinc=10000
c --redlinit=1000
c --redlinc=1000
c --redinoutinc=100
c --redlmininc=10
c --redlmaxinc=200
c --redlminrel=10
c --redlmaxrel=300
c --redlminabs=500
c --redlmaxabs=1000000
c --reduce=1
c --restart=2
c --restartint=5
c --rstinoutinc=110
c --simplify=1
c --simpdelay=100
c --simpen=4
c --sizepen=1000000
c --sizemaxpen=3
c --sortlits=0
c --syncint=111111
c --termint=122222
c --ternres=1
c --ternresrtc=0
c --trnrmineff=4000000
c --trnrmaxeff=40000000
c --trnreleff=10
c --transred=1
c --trdmineff=100000
c --trdmaxeff=2000000
c --trdreleff=10
c --unhide=1
c --unhdextstamp=1
c --unhdhbr=0
c --unhdmaxeff=20000000
c --unhdmineff=1000000
c --unhdreleff=4
c --unhdlnpr=3
c --unhdroundlim=5
c --verbose=1
c --witness=1
c [limits] no conflict limit
c [limits] simplification delayed by 100 to 100 conflicts
c 
c  seconds         irredundant          redundant clauses agility   height
c          variables clauses conflicts large binary ternary    glue         MB
c 
c *    0.0  119114   502327         0       0      0     0  61  0.0   0.0   41
c [cut-width] 168309, max 257109, min4 118228 at 75%, min10 28400 at 86%
c [decision-order] bias 1, old 1
c [queue-schedule-all-variables]
c s    0.0  119114   502327         0       0      0     0  61  0.0   0.0   41
c [simplification-1] limit hit at 100 conflicts
c [simplification-1] simplification penalty of 4
c [ternres-1] limit 4000000 with penalty 0 = 0 + 0
c [ternres-1] all 119114 free variables schedulable
c [ternres-1] 0 ternary resolvents (0 bin, 0 trn)
c [ternres-1] 30035 variables remain 25% (89079 retained)
c [gauss-1] limit 2000000 penalty 0 = 0 + 0
c [gauss-1] extracted 163476 xors of average arity 2.0
c [gauss-1] connected 326953 occurrences of 107022 variables (average 3.1)
c [gauss-1] limit 2000000 penalty 0 = 0 + 0
c [gauss-1] exported 0 unary, 0 binary and 0 ternary equations
c G    0.6  119114   483458       100     100      0     0  75  7.9 226.1   27
c d    0.7   55405   252726       100     100      0     0  75  7.9 226.1   21
c [basicprobe-1] limit 1000000 penalty 0 = 0 + 0
c [basicprobe-1-0] 3365 probes remain 6% after last round
c [basicprobe-1-0] 1 units = 1 failed (100%) + 0 lifted (0%)
c [basicprobe-1-0] removed 1 variables, found 1967 hbrs
c p    0.8   55404   252726       100     100   1967     0  75  7.9 226.1   25
c [cgrclsr-1] limit 200000 penalty 0 = 0 + 0
c [cgrclsr-1] all 55404 free variables schedulable
c [cgrclsr-1] fully completed congruence closure
c [lift-1] limit 500000 with penalty 0 = 0 + 0
c [lift-1] using 55404 probes 100%
c [lift-1] 55376 variables remain 100% (28 retained)
c [cliff-1] limit of 10000000 steps penalty 0 = 0 + 0
c [cliff-1] failed 0, lifted 1
c K    1.3   55403   252722       100     100  18858     0  75  7.9 226.1   25
c [unhide-1] limit 1000000 with penalty 0 = 0 + 0
c [unhide-1-1] 0 units, 0 failed, 19962 tauts, 0 hbrs, 76 literals
c u    1.4   55403   232755       100     100  18858     0  75  7.9 226.1   25
c [transred-1] limit 100000 with penalty 0 = 0 + 0
c t    1.4   55403   232753       100     100  18849     0  75  7.9 226.1   25
c [block-1] scheduling all variables this time
c [block-1] scheduled 55403 variables 100%
c [block-1] limit of 10000000 steps penalty 0 = 0 + 0
c [block-1] fully completed blocked clause elimination
c [block-1] transition to [ all 0 rem 0 ] state
c [block-1] eliminated 3800 blocked clauses
c k    1.5   55403   228953       100     100  18849  3800  75  7.9 226.1   21
c [cce-1] scheduling all variables this time
c [cce-1] limit of 10000000 steps penalty 0 = 0 + 0
c [cce-1] incomplete covered clause elimination 50358 not tried 91%
c [cce-1] transition to [ all 1 rem 1 ] state
c [cce-1] eliminated 120 covered clauses
c E    1.9   55402   228833       100     100  29366  3800  75  7.9 226.1   21
c [elim-1] scheduling all variables this time
c [elim-1] scheduled 55402 variables 100%
c [elim-1] limit of 5000000 steps penalty 0 = 0 + 0
c [elim-1] incomplete variable elimination 41493 not tried 75%
c [elim-1] transition to [ all 1 rem 1 ] state
c [elim-1] eliminated 5591 = 10% variables out of 55402
c e    2.9   49811   225365       100      67  11201   484  75  7.9 226.1   20
c [phase-1] phase bias: 887 positive 15%, 4900 negative 85%
c [simplification-1] removed 69303 variables 58%
c [simplification-1] limit increments divided by 30
c [simplification-1] arithmetic increase of conflict limit interval by 333
c [simplification-1] new irredundant limit 2187551
c [simplification-1] new conflict limit 433
c [simplification-1] simplification penalty reduced to 3
c 1    2.9   49811   225365       174     139  11201   486  39  9.5 421.2   25
c 
c  seconds         irredundant          redundant clauses agility   height
c          variables clauses conflicts large binary ternary    glue         MB
c 
c blkd: 1 bces, 3800 removed, 668825 resolutions, 1893240 steps
c blkd: 3800 blocking literals 1%, 0 pure
c cces: 1 cces, 116 eliminated, 116 ate 100%, 0 abce 0%
c cces: 10090 probed, 0 lifted, 1 failed
c clff: 1 cliffs, 1 lifted, 0 failed
c clff: 2743 decisions, 10017076 steps
c clls: 1 sat, 0 simp, 0 freeze, 0 melt
c clls: 2042441 add, 0 assume,, 0 deref, 0 failed
c clls: 0 cassume, 0 mosat
c coll: 8 gcs, 0 rescored clauses
c cgrs: 1 count, 200003 esteps, 36407 csteps
c cgrs: 0 eqs, 0 units
c cgrs: 0 matched (0 ands 0%, 0 xors 0%, 0 ites 0%)
c cgrs: 0 simplified (0 ands 0%, 0 xors 0%, 0 ites 0%)
c cgrs: 1530 extracted (1271 ands 83%, 259 xors 17%, 0 ites 0%)
c dcps: 1 decompositions, 63709 equivalent 30%
c decs: 2014 decision, 1 random 0.050%
c decs: 0 flipped 0.000% (in 0 phases)
c elms: 1 elims, 5591 eliminated 3%
c elms: 5591 small 100%, 0 large 0%
c elms: 13966 tried small, 5591 succeeded 40%, 8375 failed 60%
c elms: 0 subsumed, 0 strengthened, 0 blocked
c elms: 157951 copies, 112135 resolutions, 319409 ipos
c elms: 2 subchks, 0 strchks
c frcs: 0 computed, 40.0 - 60.0 average min-cut range
c gaus: 1 extractions, 163476 extracted, 2.0 size, 3 max
c gaus: exported 0 units, 0 binary and 0 ternary equations
c gaus: 0 gc, 4000002 steps, 2000001 extr 50%, 2176171 elim 54%
c glue: 9.5 avg, 3.4 scaled avg
c glue: 0 maxredglue=15 (0%)
c lift: 1 phases, 168 probed (56 level1 33%, 112 level2 67%)
c lift: 0 units, 0 equivalences, 0 implications
c hbrs: 29259 hbrs = 29259 trn 100% + 0 lrg 0%, 0 sub 0%
c lrnd: 174 clauses, 158 uips 91%, 25.2 length, 9.5 glue
c ints: 18 luby (752 steps), 0 inout (0 steps)
c mins: 4392 learned lits, 2% minimized
c move: moved 3916, 116 binary 3%, 3800 ternary 97%
c otfs: str 0 dyn (0 red, 0 irr) 0 drv 0%, 0 rst 0%
c otfs: sub 0 dyn (0 red, 0 irr)
c phas: 1 computed, 5926 set, 887 pos (15%), 5039 neg (85%)
c prbs: 1 basic, 1105 probed, 1 failed, 0 lifted
c prps: 4036205 props, 162 props/dec
c prps: 8% srch, 92% simp, 0% lkhd
c psns: 63892 searches, 2164 hits, 3% hit rate
c queu: 282 new, 26 del, 75 maximum priority
c queu: 220 merged, 90 collected, 1 gcs
c queu: 174 deprioritized, 14.5 lines on average
c reds: 0 count, 0 reset, 0 acts 0%, 0 exp 0%
c reds: 0 arithmetic 0%, 0 double 0%
c rmbd: 0 removed, 0 red 0%
c rsts: 0 restarts 0%, 17 skipped 100%
c rsts: 0 kept 0.0% average 0.0%
c simp: 1 count (0 ilim 0%, 0 plim 0%, 1 clim 100%)
c trnr: 1 count, 0 bin, 0 trn, 4000001 steps
c tops: 94135 fixed 44%, 0 iterations
c trds: 2 transitive reductions, 11 removed, 0 failed
c trds: 116 nodes, 135 edges, 100066 steps
c unhd: 1 count, 1 rounds, 1221952 steps
c unhd: 0 non-trivial sccs of average size 0.0
c unhd: 0 units, 0 bin, 0 trn, 0 lrg
c unhd: 0 failed, 0 stamp, 0 lits, 0 bin, 0 trn, 0 lrg
c unhd: 19962 tauts, 0 bin 0%, 0 trn 0%, 0 lrg 0%
c unhd: 19962 tauts, 19962 stamp 100%, 0 red 0%
c unhd: 0 hbrs, 0 trn 0%, 0 lrg 0%, 0 red 0%
c unhd: 76 strd, 0 bin 0%, 0 trn 0%, 76 lrg 100%, 76 red 100%
c vars: 49811 remaining 23% and 163435 removed 77% out of 213246
c vars: 94135 fixed 44%, 5591 eliminated 3%, 63709 equivalent 30%
c vsts: 18535794 visits, 6% srch, 94% simp, 0% lkhd
c vsts: 3.5 search visits per propagation 6493.8 per conflict
c wchs: 4715513 pushed, 2243667 enlarged, 12 defrags
c 
c scaledglue  added       reduced       forcing      resolved     conflicts
c 
c all       172 100         0 100       243 100       186 100         3 100
c 
c  0          0   0         0   0<        0   0         0   0         0   0 
c  1          9   5         0   0        56  23        10   5         0   0 
c  2         22  13         0   0        24  10        25  13         2  67<
c  3         37  22<        0   0        38  16<       39  21<        1  33 
c  4         91  53         0   0       110  45        93  50         0   0 
c  5         10   6         0   0        12   5        15   8         0   0 
c  6          3   2         0   0         3   1         4   2         0   0 
c  7          0   0         0   0         0   0         0   0         0   0 
c  8          0   0         0   0         0   0         0   0         0   0 
c  9          0   0         0   0         0   0         0   0         0   0 
c 10          0   0         0   0         0   0         0   0         0   0 
c 11          0   0         0   0         0   0         0   0         0   0 
c 12          0   0         0   0         0   0         0   0         0   0 
c 13          0   0         0   0         0   0         0   0         0   0 
c 14          0   0         0   0         0   0         0   0         0   0 
c 15          0   0         0   0         0   0         0   0         0   0 
c 
c avg             3.5           0.0           3.0           3.5           2.3
c std             1.0           0.0           1.3           1.1           0.5
c 
c 2014 decisions, 174 conflicts, 58.9 conflicts/sec
c 4036205 propagations, 1.4 megaprops/sec
c 3.0 seconds, 47.9 MB
c 
c    0.004   0% analysis
c    0.120   4% block
c    0.000   0% bump
c    0.000   0% card
c    0.396  13% cce
c    0.312  11% cliff
c    0.012   0% cutwidth
c    0.000   0% decide
c    0.000   0% force
c    0.356  12% gc
c    0.120   4% cgrclsr
c    0.128   4% decomp
c    0.080   3% defrag
c    0.924  31% elim
c    0.480  16% gauss
c    0.092   3% lift
c    0.000   0% mincls
c    0.020   1% phase
c    0.052   2% probe
c    0.000   0% reduce
c    0.000   0% restart
c    0.064   2% ternres
c    0.008   0% transred
c    0.124   4% unhide
c ==================================
c    0.016   1% preprocessing     1%
c    2.884  98% inprocessing     99%
c ==================================
c    2.900  98% simplifying
c    0.000   0% lookahead
c    0.048   2% search
c ==================================
c    2.952 100% all
c
s SATISFIABLE
