c This is CryptoMiniSat 2.7.1
c WARNING: for repeatability, setting FPU to use double precision
c Reading file 'p25.cnf'
c -- header says num vars:         217787
c -- header says num clauses:      673916
c -- clauses added:            0 learnts,       673916 normals,            0 xors
c -- vars added     217787
c Parsing time:  0.28 s
c Ouptutting solution to console
c asymm  cl-useful: 1/6443/89696 lits-rem:1 time: 0.93
c Time to fill non-learnt binary watchlists: 0.03 s
c subs with bin:        0  lits-rem:         0  v-fix:    0  time:  0.05 s
c Subs w/ non-existent bins:      3 l-rem:      0 v-fix:     0 done:  25520 time:  2.08 s
c lits-rem:         0  cl-subs:   101518  v-elim:  68307  v-fix:    0  time:  0.45 s
c Finding binary XORs:         0.04 s (found:      11, avg size: 2.0)
c Replacing       11 vars Replaced      180 lits Time:     0.00 s 
c Finding non-binary XORs:     0.02 s (found:       0, avg size: -nan)
c watched sorting time: 0.01
c Calc default polars -  time:   0.00 s pos:    6110 undec:  201969 neg:    9708
c =========================================================================================
c types(t): F = full restart, N = normal restart
c types(t): S = simplification begin/end, E = solution found
c restart types(rt): st = static, dy = dynamic
c  t rt  Rest     Confl      Vars   NormCls    BinCls   Learnts    ClLits    LtLits
c  B st     0         0     51378     86205    160692         0    596479         0  no matrixes
c Finding binary XORs:         0.02 s (found:       0, avg size: -nan)
c  N dy    14      4226     51378     86205    160745      4134    596479    213646  no matrixes
c  N dy    32      9125     51378     86205    160869      8809    596479    331506  no matrixes
c  N dy    54     13165     51378     86205    160981     12681    596479    452413  no matrixes
c  N dy    78     17176     51378     86205    161057     16568    596479    564769  no matrixes
c  E dy    85     17957         0     86205    161072     17330    596479    591368  no matrixes
c Verified 86205 clauses.
c Solution needs extension. Extending.
c Verified 86205 clauses.
c        1 solution(s) found
c restarts              : 85         
c dynamic restarts      : 79         
c static restarts       : 6          
c full restarts         : 0          
c learnts DL2           : 0          
c learnts size 2        : 381        
c learnts size 1        : 98091       (45.04     % of vars)
c v-elim SatELite       : 68307       (31.36     % vars)
c SatELite time         : 2.58        (34.40     % time)
c v-elim xor            : 0           (0.00      % vars)
c xor elim time         : 0.00        (0.00      % time)
c num binary xor trees  : 11         
c binxor trees' crown   : 11          (1.00      leafs/tree)
c OTF clause improved   : 247         (0.01      clauses/conflict)
c OTF impr. size diff   : 258         (1.04       lits/clause)
c OTF cl watch-shrink   : 6525        (0.36      clauses/conflict)
c OTF cl watch-sh-lit   : 19439       (2.98       lits/clause)
c tried to recurMin cls : 3699        (20.60      % of conflicts)
c stopped recurMin      : 3697        (99.95      %)
c lits visited recurmin:: 1.17       
c conflicts             : 17957       (2390.29   / sec)
c decisions             : 222967      (0.79      % random)
c bogo-props            : 144488206   (19233118.43 / sec)
c conflict literals     : 598862      (9.62      % deleted)
c Memory used           : 150.18      MB
c CPU time              : 7.51        s
c 
s SATISFIABLE
