c Lingeling SAT Solver
c 
c Version ala b02aa1a04343558c4252b5f4a723be021964f652
c 
c Copyright (C) 2010-2012 Armin Biere JKU Linz Austria.
c All rights reserved.
c 
c released Sat Oct 13 14:05:26 CEST 2012
c compiled Sat Feb 16 02:48:12 EST 2013
c 
c gcc (Debian 4.4.5-8) 4.4.5
c -Wall -O3 -DNLGLOG -DNDEBUG -DNCHKSOL -DNLGLPICOSAT 
c Linux greencar2 2.6.32-5-amd64 x86_64
c 
c reading input file p26.cnf
c no embedded options
c found 'p cnf 214715 668825' header
c read 214715 variables, 668825 clauses, 1391347 literals in 0.0 seconds
c
c feature vars 214715
c feature lits.total 1391347
c feature lits.pos 739850
c feature lits.neg 651497
c feature clauses.total 668825
c feature clauses.unit 79783
c feature clauses.bin 470162
c feature clauses.trn 117480
c feature clauses.lrg 1400
c feature cog.val.min 1
c feature cog.val.avg 95736
c feature cog.val.max 207473
c feature cog.var.min 1
c feature cog.var.avg 107358
c feature cog.var.max 214714
c
c
c --abstime=0
c --acts=2
c --actavgmax=120
c --actstdmin=20
c --actstdmax=80
c --agile=23
c --bias=2
c --block=1
c --blkrtc=0
c --blkclslim=2000
c --blkocclim=2000
c --blkmaxeff=2147483647
c --blkmineff=10000000
c --blkreleff=20
c --card=0
c --cce=3
c --ccemaxeff=100000000
c --ccemineff=5000000
c --ccereleff=3
c --check=0
c --cgrclsr=1
c --cgrmaxority=20
c --cgrmaxeff=8000000
c --cgrmineff=200000
c --cgreleff=1
c --cgrexteq=1
c --cgrextand=1
c --cgrextunits=1
c --cgrextite=1
c --cgrextxor=1
c --cliff=1
c --cliffreleff=8
c --cliffmineff=10000000
c --cliffmaxeff=100000000
c --compact=0
c --decompose=1
c --defragint=10000000
c --defragfree=50
c --elim=1
c --elmrtc=0
c --elmblk=1
c --elmclslim=1000
c --elmocclim=1000
c --elmaxeff=100000000
c --elmineff=5000000
c --elmreleff=10
c --sleeponabort=0
c --exitonabort=0
c --flipping=1
c --flipint=2
c --flipdur=50
c --fliptop=1
c --force=0
c --gauss=1
c --gaussextrall=1
c --gaussmaxor=20
c --gaussexptrn=1
c --gaussmaxeff=50000000
c --gaussmineff=2000000
c --gaussreleff=2
c --gluescale=2
c --gluekeep=0
c --inprocessing=1
c --cintinc=10000
c --irrlim=20
c --lift=1
c --lftmaxeff=20000000
c --lftmineff=500000
c --lftreleff=6
c --lhbr=1
c --lkhd=1
c --clim=-1
c --mocint=1000
c --move=2
c --log=-1
c --otfs=1
c --phase=0
c --phaseneginit=0
c --plain=0
c --probe=1
c --prbasicmaxeff=100000000
c --prbasicmineff=1000000
c --prbasicreleff=10
c --prbasic=1
c --prbasicroundlim=9
c --queuemergelim=10000
c --queuefactor=833
c --queueinc=20
c --rmincpen=4
c --seed=0
c --smallirr=90
c --smallve=1
c --smallvevars=12
c --randec=1
c --randecint=1000
c --redfixed=0
c --redlbound=0
c --redlexpfac=10
c --redldoutfac=0
c --redloutinc=10000
c --redlinit=1000
c --redlinc=1000
c --redinoutinc=100
c --redlmininc=10
c --redlmaxinc=200
c --redlminrel=10
c --redlmaxrel=300
c --redlminabs=500
c --redlmaxabs=1000000
c --reduce=1
c --restart=2
c --restartint=5
c --rstinoutinc=110
c --simplify=1
c --simpdelay=100
c --simpen=4
c --sizepen=1000000
c --sizemaxpen=3
c --sortlits=0
c --syncint=111111
c --termint=122222
c --ternres=1
c --ternresrtc=0
c --trnrmineff=4000000
c --trnrmaxeff=40000000
c --trnreleff=10
c --transred=1
c --trdmineff=100000
c --trdmaxeff=2000000
c --trdreleff=10
c --unhide=1
c --unhdextstamp=1
c --unhdhbr=0
c --unhdmaxeff=20000000
c --unhdmineff=1000000
c --unhdreleff=4
c --unhdlnpr=3
c --unhdroundlim=5
c --verbose=1
c --witness=1
c [limits] no conflict limit
c [limits] simplification delayed by 100 to 100 conflicts
c 
c  seconds         irredundant          redundant clauses agility   height
c          variables clauses conflicts large binary ternary    glue         MB
c 
c *    0.0  120080   507180         0       0      0     0  61  0.0   0.0   41
c [cut-width] 169938, max 259048, min4 119696 at 75%, min10 28400 at 86%
c [decision-order] bias 1, old 1
c [queue-schedule-all-variables]
c s    0.0  120080   507180         0       0      0     0  61  0.0   0.0   41
c [simplification-1] limit hit at 100 conflicts
c [simplification-1] simplification penalty of 4
c [ternres-1] limit 4000000 with penalty 0 = 0 + 0
c [ternres-1] all 120080 free variables schedulable
c [ternres-1] 0 ternary resolvents (0 bin, 0 trn)
c [ternres-1] 28577 variables remain 24% (91503 retained)
c [gauss-1] limit 2000000 penalty 0 = 0 + 0
c [gauss-1] extracted 162556 xors of average arity 2.0
c [gauss-1] connected 325115 occurrences of 109363 variables (average 3.0)
c [gauss-1] limit 2000000 penalty 0 = 0 + 0
c d    0.7   55888   255638       100     100      0     0  68  3.7 334.5   21
c [gauss-1] exported 0 unary, 2 binary and 0 ternary equations
c G    0.7   55888   255638       100     100      0     0  68  3.7 334.5   21
c [basicprobe-1] limit 1000000 penalty 0 = 0 + 0
c [basicprobe-1-0] 3359 probes remain 6% after last round
c [basicprobe-1-0] 3 units = 3 failed (100%) + 0 lifted (0%)
c [basicprobe-1-0] removed 3 variables, found 4763 hbrs
c p    0.9   55885   255638       100     100   4763     0  68  3.7 334.5   25
c [cgrclsr-1] limit 200000 penalty 0 = 0 + 0
c [cgrclsr-1] all 55885 free variables schedulable
c [cgrclsr-1] fully completed congruence closure
c [lift-1] limit 500000 with penalty 0 = 0 + 0
c [lift-1] using 55885 probes 100%
c [lift-1] 55851 variables remain 100% (34 retained)
c [cliff-1] limit of 10000000 steps penalty 0 = 0 + 0
c [cliff-1] failed 0, lifted 0
c [unhide-1] limit 1000000 with penalty 0 = 0 + 0
c [unhide-1-1] 0 units, 0 failed, 21845 tauts, 0 hbrs, 47 literals
c u    1.5   55885   233779       100     100  17451     0  68  3.7 334.5   25
c [transred-1] limit 100000 with penalty 0 = 0 + 0
c t    1.5   55885   233779       100     100  17450     0  68  3.7 334.5   25
c [block-1] scheduling all variables this time
c [block-1] scheduled 55885 variables 100%
c [block-1] limit of 10000000 steps penalty 0 = 0 + 0
c [block-1] fully completed blocked clause elimination
c [block-1] transition to [ all 0 rem 0 ] state
c [block-1] eliminated 3800 blocked clauses
c k    1.6   55885   229979       100     100  17450  3800  68  3.7 334.5   21
c [cce-1] scheduling all variables this time
c [cce-1] limit of 10000000 steps penalty 0 = 0 + 0
c [cce-1] incomplete covered clause elimination 51150 not tried 92%
c [cce-1] transition to [ all 1 rem 1 ] state
c [cce-1] eliminated 129 covered clauses
c E    2.0   55881   229850       100     100  31614  3800  68  3.7 334.5   21
c [elim-1] scheduling all variables this time
c [elim-1] scheduled 55881 variables 100%
c [elim-1] limit of 5000000 steps penalty 0 = 0 + 0
c [elim-1] incomplete variable elimination 41917 not tried 75%
c [elim-1] transition to [ all 1 rem 1 ] state
c [elim-1] eliminated 5616 = 10% variables out of 55881
c e    2.9   50265   226307       100      54   9133   465  68  3.7 334.5   21
c [phase-1] phase bias: 1892 positive 15%, 10791 negative 85%
c [simplification-1] removed 69815 variables 58%
c [simplification-1] limit increments divided by 30
c [simplification-1] arithmetic increase of conflict limit interval by 333
c [simplification-1] new irredundant limit 2208108
c [simplification-1] new conflict limit 433
c [simplification-1] simplification penalty reduced to 3
c R    3.0   50265   226307       409     359   9134   468  22  7.2 909.1   25
c [simplification-2] limit hit at 433 conflicts
c [simplification-2] simplification penalty of 3
c [ternres-2] limit 2000000 with penalty 1 = 1 + 0
c [ternres-2] 11968 schedulable variables 24%
c [ternres-2] 2 ternary resolvents (0 bin, 2 trn)
c [ternres-2] fully completed ternary resolution
c T    3.1   50265   226307       433     374   9137   474  22  7.0 853.8   25
c [gauss-2] limit 2000000 penalty 0 = 0 + 0
c [gauss-2] extracted 757 xors of average arity 3.0
c [gauss-2] connected 2271 occurrences of 1067 variables (average 2.1)
c [gauss-2] limit 2000000 penalty 0 = 0 + 0
c [gauss-2] fully completed
c [gauss-2] exported 0 unary, 0 binary and 0 ternary equations
c G    3.2   50265   226307       433     374   9137   474  22  7.0 853.8   21
c [basicprobe-2] limit 1000000 penalty 0 = 0 + 0
c [basicprobe-2-0] 3182 probes remain 6% after last round
c [basicprobe-2-0] removed 0 variables, found 1687 hbrs
c p    3.3   50265   226307       433     374  10824   470  22  7.0 853.8   25
c [cgrclsr-2] limit 100000 penalty 1 = 1 + 0
c [cgrclsr-2] all 50265 free variables schedulable
c [cgrclsr-2] fully completed congruence closure
c [lift-2] limit 250000 with penalty 1 = 1 + 0
c [lift-2] using 50234 probes 100%
c [lift-2] 50218 variables remain 100% (47 retained)
c [cliff-2] limit of 5000000 steps penalty 1 = 1 + 0
c [cliff-2] failed 0, lifted 0
c [unhide-2] limit 1000000 with penalty 0 = 0 + 0
c [unhide-2-2] 0 units, 0 failed, 1722 tauts, 0 hbrs, 206 literals
c u    3.7   50265   226298       433     370   9502   469  22  7.0 853.8   25
c [transred-3] limit 100000 with penalty 0 = 0 + 0
c t    3.7   50265   226297       433     370   9499   469  22  7.0 853.8   25
c [block-2] scheduling all variables this time
c [block-2] scheduled 50265 variables 100%
c [block-2] limit of 10000000 steps penalty 0 = 0 + 0
c [block-2] fully completed blocked clause elimination
c [block-2] transition to [ all 0 rem 0 ] state
c [block-2] eliminated 0 blocked clauses
c [cce-2] 47923 variables 95% will be scheduled this time
c [cce-2] limit of 10000000 steps penalty 0 = 0 + 0
c [cce-2] 47376 variables 94% remain to be tried next time
c [cce-2] transition to [ all 0 rem 1 ] state
c [cce-2] eliminated 298 covered clauses
c E    4.2   50265   225999       433     370   9912   469  22  7.0 853.8   21
c [elim-2] 41867 variables 83% will be scheduled this time
c [elim-2] scheduled 41867 variables 83%
c [elim-2] limit of 5000000 steps penalty 0 = 0 + 0
c [elim-2] 31884 variables 63% remain to be tried next time
c [elim-2] transition to [ all 0 rem 1 ] state
c [elim-2] eliminated 795 = 2% variables out of 50265
c e    5.1   49470   225744       433     362   7497   469  22  7.0 853.8   21
c [phase-2] phase bias: 0 positive 0%, 0 negative 0%
c [simplification-2] removed 795 variables 1%
c [simplification-2] no reduction of limit increments
c [simplification-2] arithmetic increase of conflict limit interval by 10000
c [simplification-2] new irredundant limit 2208108
c [simplification-2] new conflict limit 10766
c [simplification-2] simplification penalty reduced to 2
c 1    5.3   49470   225744       950     805   7515   522   6  6.0 464.0   25
c 
c  seconds         irredundant          redundant clauses agility   height
c          variables clauses conflicts large binary ternary    glue         MB
c 
c blkd: 2 bces, 3800 removed, 1327015 resolutions, 3709013 steps
c blkd: 3800 blocking literals 1%, 0 pure
c cces: 2 cces, 411 eliminated, 411 ate 100%, 0 abce 0%
c cces: 10562 probed, 1 lifted, 4 failed
c clff: 2 cliffs, 0 lifted, 0 failed
c clff: 5803 decisions, 15006315 steps
c clls: 1 sat, 0 simp, 0 freeze, 0 melt
c clls: 2060172 add, 0 assume,, 0 deref, 0 failed
c clls: 0 cassume, 0 mosat
c coll: 12 gcs, 0 rescored clauses
c cgrs: 2 count, 300000 esteps, 53930 csteps
c cgrs: 0 eqs, 0 units
c cgrs: 0 matched (0 ands 0%, 0 xors 0%, 0 ites 0%)
c cgrs: 0 simplified (0 ands 0%, 0 xors 0%, 0 ites 0%)
c cgrs: 1755 extracted (1499 ands 85%, 256 xors 15%, 0 ites 0%)
c dcps: 3 decompositions, 64192 equivalent 30%
c decs: 12373 decision, 11 random 0.089%
c decs: 1761 flipped 14.233% (in 4 phases)
c elms: 2 elims, 6411 eliminated 3%
c elms: 6411 small 100%, 0 large 0%
c elms: 24082 tried small, 6411 succeeded 27%, 17671 failed 73%
c elms: 0 subsumed, 0 strengthened, 0 blocked
c elms: 313043 copies, 215551 resolutions, 649488 ipos
c elms: 0 subchks, 0 strchks
c frcs: 0 computed, 26.6 - 73.4 average min-cut range
c gaus: 2 extractions, 163313 extracted, 2.0 size, 3 max
c gaus: exported 0 units, 2 binary and 0 ternary equations
c gaus: 0 gc, 8000070 steps, 4000035 extr 50%, 2324614 elim 29%
c glue: 6.0 avg, 2.6 scaled avg
c glue: 0 maxredglue=15 (0%)
c lift: 2 phases, 300 probed (100 level1 33%, 200 level2 67%)
c lift: 0 units, 0 equivalences, 1 implications
c hbrs: 33721 hbrs = 33721 trn 100% + 0 lrg 0%, 5 sub 0%
c lrnd: 945 clauses, 650 uips 69%, 21.4 length, 6.0 glue
c ints: 63 luby (4671 steps), 0 inout (0 steps)
c mins: 20232 learned lits, 5% minimized
c move: moved 4211, 411 binary 10%, 3800 ternary 90%
c otfs: str 16 dyn (9 red, 7 irr) 5 drv 31%, 11 rst 69%
c otfs: sub 0 dyn (0 red, 0 irr)
c phas: 2 computed, 12790 set, 1892 pos (15%), 10898 neg (85%)
c prbs: 2 basic, 2206 probed, 3 failed, 0 lifted
c prps: 7152909 props, 118 props/dec
c prps: 20% srch, 80% simp, 0% lkhd
c psns: 76666 searches, 12018 hits, 16% hit rate
c queu: 3643 new, 1296 del, 105 maximum priority
c queu: 2335 merged, 1078 collected, 2 gcs
c queu: 961 deprioritized, 24.2 lines on average
c reds: 0 count, 0 reset, 0 acts 0%, 0 exp 0%
c reds: 0 arithmetic 0%, 0 double 0%
c rmbd: 9 removed, 0 red 0%
c rsts: 28 restarts 45%, 34 skipped 55%
c rsts: 5 kept 17.9% average 54.6%
c simp: 2 count (0 ilim 0%, 0 plim 0%, 2 clim 100%)
c trnr: 2 count, 0 bin, 2 trn, 5016485 steps
c tops: 94642 fixed 44%, 0 iterations
c trds: 4 transitive reductions, 5 removed, 0 failed
c trds: 150 nodes, 214 edges, 201730 steps
c unhd: 2 count, 2 rounds, 2387396 steps
c unhd: 0 non-trivial sccs of average size 0.0
c unhd: 0 units, 0 bin, 0 trn, 0 lrg
c unhd: 0 failed, 0 stamp, 0 lits, 0 bin, 0 trn, 0 lrg
c unhd: 23567 tauts, 0 bin 0%, 1 trn 0%, 3 lrg 0%
c unhd: 23567 tauts, 23563 stamp 100%, 1722 red 7%
c unhd: 0 hbrs, 0 trn 0%, 0 lrg 0%, 0 red 0%
c unhd: 253 strd, 0 bin 0%, 0 trn 0%, 253 lrg 100%, 253 red 100%
c vars: 49470 remaining 23% and 165245 removed 77% out of 214715
c vars: 94642 fixed 44%, 6411 eliminated 3%, 64192 equivalent 30%
c vsts: 32859738 visits, 21% srch, 79% simp, 0% lkhd
c vsts: 4.7 search visits per propagation 7213.5 per conflict
c wchs: 8521386 pushed, 4016190 enlarged, 21 defrags
c 
c scaledglue  added       reduced       forcing      resolved     conflicts
c 
c all       865 100         0 100      2187 100      1474 100       100 100
c 
c  0          0   0         0   0<        0   0         0   0         0   0 
c  1          9   1         0   0        24   1        12   1         0   0 
c  2        359  42         0   0       940  43       588  40        41  41 
c  3        343  40<        0   0       858  39<      585  40<       32  32<
c  4        114  13         0   0       313  14       226  15        23  23 
c  5         34   4         0   0        46   2        56   4         4   4 
c  6          6   1         0   0         6   0         7   0         0   0 
c  7          0   0         0   0         0   0         0   0         0   0 
c  8          0   0         0   0         0   0         0   0         0   0 
c  9          0   0         0   0         0   0         0   0         0   0 
c 10          0   0         0   0         0   0         0   0         0   0 
c 11          0   0         0   0         0   0         0   0         0   0 
c 12          0   0         0   0         0   0         0   0         0   0 
c 13          0   0         0   0         0   0         0   0         0   0 
c 14          0   0         0   0         0   0         0   0         0   0 
c 15          0   0         0   0         0   0         0   0         0   0 
c 
c avg             2.8           0.0           2.7           2.8           2.9
c std             0.9           0.0           0.8           0.9           0.9
c 
c 12373 decisions, 950 conflicts, 178.3 conflicts/sec
c 7152909 propagations, 1.3 megaprops/sec
c 5.3 seconds, 48.1 MB
c 
c    0.016   0% analysis
c    0.244   5% block
c    0.000   0% bump
c    0.000   0% card
c    0.704  13% cce
c    0.484   9% cliff
c    0.016   0% cutwidth
c    0.004   0% decide
c    0.000   0% force
c    0.500   9% gc
c    0.208   4% cgrclsr
c    0.300   6% decomp
c    0.136   3% defrag
c    1.872  35% elim
c    0.736  14% gauss
c    0.176   3% lift
c    0.000   0% mincls
c    0.044   1% phase
c    0.108   2% probe
c    0.000   0% reduce
c    0.016   0% restart
c    0.084   2% ternres
c    0.008   0% transred
c    0.168   3% unhide
c ==================================
c    0.016   0% preprocessing     0%
c    5.088  95% inprocessing    100%
c ==================================
c    5.104  96% simplifying
c    0.000   0% lookahead
c    0.216   4% search
c ==================================
c    5.328 100% all
c
s SATISFIABLE
