c Lingeling SAT Solver
c 
c Version ala b02aa1a04343558c4252b5f4a723be021964f652
c 
c Copyright (C) 2010-2012 Armin Biere JKU Linz Austria.
c All rights reserved.
c 
c released Sat Oct 13 14:05:26 CEST 2012
c compiled Sat Feb 16 02:48:12 EST 2013
c 
c gcc (Debian 4.4.5-8) 4.4.5
c -Wall -O3 -DNLGLOG -DNDEBUG -DNCHKSOL -DNLGLPICOSAT 
c Linux greencar2 2.6.32-5-amd64 x86_64
c 
c reading input file p28.cnf
c no embedded options
c found 'p cnf 230178 713375' header
c read 230178 variables, 713375 clauses, 1484316 literals in 0.0 seconds
c
c feature vars 230178
c feature lits.total 1484316
c feature lits.pos 790632
c feature lits.neg 693684
c feature clauses.total 713375
c feature clauses.unit 85776
c feature clauses.bin 502457
c feature clauses.trn 123742
c feature clauses.lrg 1400
c feature cog.val.min 1
c feature cog.val.avg 102580
c feature cog.val.max 221469
c feature cog.var.min 1
c feature cog.var.avg 115090
c feature cog.var.max 230177
c
c
c --abstime=0
c --acts=2
c --actavgmax=120
c --actstdmin=20
c --actstdmax=80
c --agile=23
c --bias=2
c --block=1
c --blkrtc=0
c --blkclslim=2000
c --blkocclim=2000
c --blkmaxeff=2147483647
c --blkmineff=10000000
c --blkreleff=20
c --card=0
c --cce=3
c --ccemaxeff=100000000
c --ccemineff=5000000
c --ccereleff=3
c --check=0
c --cgrclsr=1
c --cgrmaxority=20
c --cgrmaxeff=8000000
c --cgrmineff=200000
c --cgreleff=1
c --cgrexteq=1
c --cgrextand=1
c --cgrextunits=1
c --cgrextite=1
c --cgrextxor=1
c --cliff=1
c --cliffreleff=8
c --cliffmineff=10000000
c --cliffmaxeff=100000000
c --compact=0
c --decompose=1
c --defragint=10000000
c --defragfree=50
c --elim=1
c --elmrtc=0
c --elmblk=1
c --elmclslim=1000
c --elmocclim=1000
c --elmaxeff=100000000
c --elmineff=5000000
c --elmreleff=10
c --sleeponabort=0
c --exitonabort=0
c --flipping=1
c --flipint=2
c --flipdur=50
c --fliptop=1
c --force=0
c --gauss=1
c --gaussextrall=1
c --gaussmaxor=20
c --gaussexptrn=1
c --gaussmaxeff=50000000
c --gaussmineff=2000000
c --gaussreleff=2
c --gluescale=2
c --gluekeep=0
c --inprocessing=1
c --cintinc=10000
c --irrlim=20
c --lift=1
c --lftmaxeff=20000000
c --lftmineff=500000
c --lftreleff=6
c --lhbr=1
c --lkhd=1
c --clim=-1
c --mocint=1000
c --move=2
c --log=-1
c --otfs=1
c --phase=0
c --phaseneginit=0
c --plain=0
c --probe=1
c --prbasicmaxeff=100000000
c --prbasicmineff=1000000
c --prbasicreleff=10
c --prbasic=1
c --prbasicroundlim=9
c --queuemergelim=10000
c --queuefactor=833
c --queueinc=20
c --rmincpen=4
c --seed=0
c --smallirr=90
c --smallve=1
c --smallvevars=12
c --randec=1
c --randecint=1000
c --redfixed=0
c --redlbound=0
c --redlexpfac=10
c --redldoutfac=0
c --redloutinc=10000
c --redlinit=1000
c --redlinc=1000
c --redinoutinc=100
c --redlmininc=10
c --redlmaxinc=200
c --redlminrel=10
c --redlmaxrel=300
c --redlminabs=500
c --redlmaxabs=1000000
c --reduce=1
c --restart=2
c --restartint=5
c --rstinoutinc=110
c --simplify=1
c --simpdelay=100
c --simpen=4
c --sizepen=1000000
c --sizemaxpen=3
c --sortlits=0
c --syncint=111111
c --termint=122222
c --ternres=1
c --ternresrtc=0
c --trnrmineff=4000000
c --trnrmaxeff=40000000
c --trnreleff=10
c --transred=1
c --trdmineff=100000
c --trdmaxeff=2000000
c --trdreleff=10
c --unhide=1
c --unhdextstamp=1
c --unhdhbr=0
c --unhdmaxeff=20000000
c --unhdmineff=1000000
c --unhdreleff=4
c --unhdlnpr=3
c --unhdroundlim=5
c --verbose=1
c --witness=1
c [limits] no conflict limit
c [limits] simplification delayed by 100 to 100 conflicts
c 
c  seconds         irredundant          redundant clauses agility   height
c          variables clauses conflicts large binary ternary    glue         MB
c 
c *    0.0  127142   533133         0       0      0     0  64  0.0   0.0   42
c [cut-width] 177072, max 275597, min4 118328 at 75%, min10 33947 at 89%
c [decision-order] bias 1, old 1
c [queue-schedule-all-variables]
c s    0.0  127142   533133         0       0      0     0  64  0.0   0.0   42
c [simplification-1] limit hit at 100 conflicts
c [simplification-1] simplification penalty of 4
c [ternres-1] limit 4000000 with penalty 0 = 0 + 0
c [ternres-1] all 127142 free variables schedulable
c [ternres-1] 0 ternary resolvents (0 bin, 0 trn)
c [ternres-1] 30690 variables remain 24% (96452 retained)
c [gauss-1] limit 2000000 penalty 0 = 0 + 0
c [gauss-1] extracted 165431 xors of average arity 2.0
c [gauss-1] connected 330864 occurrences of 96241 variables (average 3.4)
c [gauss-1] limit 2000000 penalty 0 = 0 + 0
c d    0.7   58611   265846       100     100      0     0  71  6.6 411.9   21
c [gauss-1] exported 0 unary, 2 binary and 0 ternary equations
c G    0.7   58611   265846       100     100      0     0  71  6.6 411.9   21
c [basicprobe-1] limit 1000000 penalty 0 = 0 + 0
c [basicprobe-1-0] 4219 probes remain 7% after last round
c [basicprobe-1-0] 1 units = 1 failed (100%) + 0 lifted (0%)
c [basicprobe-1-0] removed 1 variables, found 6886 hbrs
c p    0.9   58610   265846       100     100   6886     0  71  6.6 411.9   26
c [cgrclsr-1] limit 200000 penalty 0 = 0 + 0
c [cgrclsr-1] all 58610 free variables schedulable
c [cgrclsr-1] fully completed congruence closure
c [lift-1] limit 500000 with penalty 0 = 0 + 0
c [lift-1] using 58610 probes 100%
c [lift-1] 58579 variables remain 100% (31 retained)
c [cliff-1] limit of 10000000 steps penalty 0 = 0 + 0
c [cliff-1] failed 0, lifted 0
c [unhide-1] limit 1000000 with penalty 0 = 0 + 0
c [unhide-1-1] 0 units, 0 failed, 21736 tauts, 0 hbrs, 64 literals
c u    1.5   58610   244105       100     100  22833     0  71  6.6 411.9   26
c [transred-1] limit 100000 with penalty 0 = 0 + 0
c t    1.5   58610   244104       100     100  22829     0  71  6.6 411.9   26
c [block-1] scheduling all variables this time
c [block-1] scheduled 58610 variables 100%
c [block-1] limit of 10000000 steps penalty 0 = 0 + 0
c [block-1] fully completed blocked clause elimination
c [block-1] transition to [ all 0 rem 0 ] state
c [block-1] eliminated 4600 blocked clauses
c k    1.7   58610   239504       100     100  22829  4600  71  6.6 411.9   21
c [cce-1] scheduling all variables this time
c [cce-1] limit of 10000000 steps penalty 0 = 0 + 0
c [cce-1] incomplete covered clause elimination 52508 not tried 90%
c [cce-1] transition to [ all 1 rem 1 ] state
c [cce-1] eliminated 93 covered clauses
c E    2.0   58607   239411       100     100  28960  4599  71  6.6 411.9   21
c [elim-1] scheduling all variables this time
c [elim-1] scheduled 58607 variables 100%
c [elim-1] limit of 5000000 steps penalty 0 = 0 + 0
c [elim-1] incomplete variable elimination 43773 not tried 75%
c [elim-1] transition to [ all 1 rem 1 ] state
c [elim-1] eliminated 6393 = 11% variables out of 58607
c e    3.0   52214   235502       100      59   9693   595  71  6.6 411.9   21
c [phase-1] phase bias: 1905 positive 17%, 9203 negative 83%
c [simplification-1] removed 74928 variables 58%
c [simplification-1] limit increments divided by 30
c [simplification-1] arithmetic increase of conflict limit interval by 333
c [simplification-1] new irredundant limit 2332576
c [simplification-1] new conflict limit 433
c [simplification-1] simplification penalty reduced to 3
c [simplification-2] limit hit at 435 conflicts
c [simplification-2] simplification penalty of 3
c [ternres-2] limit 2000000 with penalty 1 = 1 + 0
c [ternres-2] 12627 schedulable variables 24%
c [ternres-2] 2 ternary resolvents (0 bin, 2 trn)
c [ternres-2] fully completed ternary resolution
c T    3.1   52214   235502       435     391   9693   600  33 12.0 941.3   26
c [gauss-2] limit 2000000 penalty 0 = 0 + 0
c [gauss-2] extracted 877 xors of average arity 3.0
c [gauss-2] connected 2631 occurrences of 1352 variables (average 1.9)
c [gauss-2] limit 2000000 penalty 0 = 0 + 0
c [gauss-2] fully completed
c [gauss-2] exported 0 unary, 0 binary and 0 ternary equations
c G    3.2   52214   235502       435     391   9693   600  33 12.0 941.3   21
c [basicprobe-2] limit 1000000 penalty 0 = 0 + 0
c [basicprobe-2-0] 3839 probes remain 7% after last round
c [basicprobe-2-0] removed 0 variables, found 462 hbrs
c p    3.4   52214   235502       435     391  10154   600  33 12.0 941.3   25
c [cgrclsr-2] limit 100000 penalty 1 = 1 + 0
c [cgrclsr-2] all 52214 free variables schedulable
c [cgrclsr-2] fully completed congruence closure
c [lift-2] limit 250000 with penalty 1 = 1 + 0
c [lift-2] using 52188 probes 100%
c [lift-2] 52174 variables remain 100% (40 retained)
c [cliff-2] limit of 5000000 steps penalty 1 = 1 + 0
c [cliff-2] failed 0, lifted 0
c [unhide-2] limit 1000000 with penalty 0 = 0 + 0
c [unhide-2-2] 0 units, 0 failed, 1248 tauts, 0 hbrs, 363 literals
c u    3.8   52214   235496       435     389   9811   602  33 12.0 941.3   25
c [transred-3] limit 100000 with penalty 0 = 0 + 0
c t    3.8   52214   235494       435     389   9809   602  33 12.0 941.3   25
c [block-2] scheduling all variables this time
c [block-2] scheduled 52214 variables 100%
c [block-2] limit of 10000000 steps penalty 0 = 0 + 0
c [block-2] fully completed blocked clause elimination
c [block-2] transition to [ all 0 rem 0 ] state
c [block-2] eliminated 0 blocked clauses
c [cce-2] 49120 variables 94% will be scheduled this time
c [cce-2] limit of 10000000 steps penalty 0 = 0 + 0
c [cce-2] 48562 variables 93% remain to be tried next time
c [cce-2] transition to [ all 0 rem 1 ] state
c [cce-2] eliminated 352 covered clauses
c E    4.2   52214   235142       435     389  10195   602  33 12.0 941.3   21
c [elim-2] 43731 variables 84% will be scheduled this time
c [elim-2] scheduled 43731 variables 84%
c [elim-2] limit of 5000000 steps penalty 0 = 0 + 0
c [elim-2] 33705 variables 65% remain to be tried next time
c [elim-2] transition to [ all 0 rem 1 ] state
c [elim-2] eliminated 940 = 2% variables out of 52214
c e    5.2   51274   234738       435     381   7230   602  33 12.0 941.3   21
c [phase-2] phase bias: 0 positive 0%, 0 negative 0%
c [simplification-2] removed 940 variables 1%
c [simplification-2] no reduction of limit increments
c [simplification-2] arithmetic increase of conflict limit interval by 10000
c [simplification-2] new irredundant limit 2332576
c [simplification-2] new conflict limit 10768
c [simplification-2] simplification penalty reduced to 2
c 1    5.4   51274   234738       763     653   7243   640   6  9.5 525.7   26
c 
c  seconds         irredundant          redundant clauses agility   height
c          variables clauses conflicts large binary ternary    glue         MB
c 
c blkd: 2 bces, 4600 removed, 1396360 resolutions, 3897212 steps
c blkd: 4600 blocking literals 1%, 0 pure
c cces: 2 cces, 409 eliminated, 409 ate 100%, 0 abce 0%
c cces: 13320 probed, 1 lifted, 3 failed
c clff: 2 cliffs, 0 lifted, 0 failed
c clff: 5470 decisions, 15006552 steps
c clls: 1 sat, 0 simp, 0 freeze, 0 melt
c clls: 2197691 add, 0 assume,, 0 deref, 0 failed
c clls: 0 cassume, 0 mosat
c coll: 12 gcs, 0 rescored clauses
c cgrs: 2 count, 300000 esteps, 71930 csteps
c cgrs: 0 eqs, 0 units
c cgrs: 0 matched (0 ands 0%, 0 xors 0%, 0 ites 0%)
c cgrs: 0 simplified (0 ands 0%, 0 xors 0%, 0 ites 0%)
c cgrs: 2087 extracted (1751 ands 84%, 336 xors 16%, 0 ites 0%)
c dcps: 3 decompositions, 68531 equivalent 30%
c decs: 10391 decision, 9 random 0.087%
c decs: 1246 flipped 11.991% (in 3 phases)
c elms: 2 elims, 7333 eliminated 3%
c elms: 7333 small 100%, 0 large 0%
c elms: 24966 tried small, 7333 succeeded 29%, 17633 failed 71%
c elms: 0 subsumed, 0 strengthened, 0 blocked
c elms: 315260 copies, 220436 resolutions, 648225 ipos
c elms: 0 subchks, 0 strchks
c frcs: 0 computed, 29.4 - 70.6 average min-cut range
c gaus: 2 extractions, 166308 extracted, 2.0 size, 3 max
c gaus: exported 0 units, 2 binary and 0 ternary equations
c gaus: 0 gc, 8000090 steps, 4000045 extr 50%, 2391825 elim 30%
c glue: 9.5 avg, 3.1 scaled avg
c glue: 0 maxredglue=15 (0%)
c lift: 2 phases, 270 probed (90 level1 33%, 180 level2 67%)
c lift: 0 units, 0 equivalences, 0 implications
c hbrs: 30308 hbrs = 30308 trn 100% + 0 lrg 0%, 1 sub 0%
c lrnd: 758 clauses, 539 uips 71%, 30.9 length, 9.5 glue
c ints: 62 luby (4665 steps), 0 inout (0 steps)
c mins: 23395 learned lits, 3% minimized
c move: moved 5009, 409 binary 8%, 4600 ternary 92%
c otfs: str 13 dyn (10 red, 3 irr) 5 drv 38%, 8 rst 62%
c otfs: sub 0 dyn (0 red, 0 irr)
c phas: 2 computed, 11223 set, 1905 pos (17%), 9318 neg (83%)
c prbs: 2 basic, 2559 probed, 1 failed, 0 lifted
c prps: 7138673 props, 104 props/dec
c prps: 15% srch, 85% simp, 0% lkhd
c psns: 199483 searches, 14235 hits, 7% hit rate
c queu: 3055 new, 1074 del, 112 maximum priority
c queu: 1953 merged, 1089 collected, 2 gcs
c queu: 771 deprioritized, 25.1 lines on average
c reds: 0 count, 0 reset, 0 acts 0%, 0 exp 0%
c reds: 0 arithmetic 0%, 0 double 0%
c rmbd: 6 removed, 0 red 0%
c rsts: 17 restarts 28%, 44 skipped 72%
c rsts: 1 kept 5.9% average 40.0%
c simp: 2 count (0 ilim 0%, 0 plim 0%, 2 clim 100%)
c trnr: 2 count, 0 bin, 2 trn, 5171719 steps
c tops: 103040 fixed 45%, 0 iterations
c trds: 4 transitive reductions, 9 removed, 0 failed
c trds: 168 nodes, 234 edges, 200906 steps
c unhd: 2 count, 2 rounds, 2486343 steps
c unhd: 0 non-trivial sccs of average size 0.0
c unhd: 0 units, 0 bin, 0 trn, 0 lrg
c unhd: 0 failed, 0 stamp, 0 lits, 0 bin, 0 trn, 0 lrg
c unhd: 22984 tauts, 0 bin 0%, 0 trn 0%, 0 lrg 0%
c unhd: 22984 tauts, 22984 stamp 100%, 1248 red 5%
c unhd: 0 hbrs, 0 trn 0%, 0 lrg 0%, 0 red 0%
c unhd: 427 strd, 0 bin 0%, 0 trn 0%, 427 lrg 100%, 427 red 100%
c vars: 51274 remaining 22% and 178904 removed 78% out of 230178
c vars: 103040 fixed 45%, 7333 eliminated 3%, 68531 equivalent 30%
c vsts: 32279157 visits, 15% srch, 85% simp, 0% lkhd
c vsts: 4.5 search visits per propagation 6320.8 per conflict
c wchs: 8845900 pushed, 4216289 enlarged, 21 defrags
c 
c scaledglue  added       reduced       forcing      resolved     conflicts
c 
c all       705 100         0 100      2070 100      1280 100       127 100
c 
c  0          0   0         0   0<        0   0         0   0         0   0 
c  1         10   1         0   0        42   2        19   1         1   1 
c  2        187  27         0   0       412  20       296  23        31  24 
c  3        195  28<        0   0       557  27<      264  21        25  20<
c  4        194  28         0   0       830  40       471  37<       55  43 
c  5         89  13         0   0       182   9       180  14        12   9 
c  6         25   4         0   0        42   2        44   3         3   2 
c  7          5   1         0   0         5   0         6   0         0   0 
c  8          0   0         0   0         0   0         0   0         0   0 
c  9          0   0         0   0         0   0         0   0         0   0 
c 10          0   0         0   0         0   0         0   0         0   0 
c 11          0   0         0   0         0   0         0   0         0   0 
c 12          0   0         0   0         0   0         0   0         0   0 
c 13          0   0         0   0         0   0         0   0         0   0 
c 14          0   0         0   0         0   0         0   0         0   0 
c 15          0   0         0   0         0   0         0   0         0   0 
c 
c avg             3.4           0.0           3.4           3.5           3.4
c std             1.2           0.0           1.0           1.2           1.1
c 
c 10391 decisions, 763 conflicts, 141.7 conflicts/sec
c 7138673 propagations, 1.3 megaprops/sec
c 5.4 seconds, 49.2 MB
c 
c    0.032   1% analysis
c    0.256   5% block
c    0.000   0% bump
c    0.000   0% card
c    0.728  14% cce
c    0.476   9% cliff
c    0.012   0% cutwidth
c    0.012   0% decide
c    0.000   0% force
c    0.520  10% gc
c    0.220   4% cgrclsr
c    0.308   6% decomp
c    0.148   3% defrag
c    1.876  35% elim
c    0.768  14% gauss
c    0.176   3% lift
c    0.012   0% mincls
c    0.048   1% phase
c    0.108   2% probe
c    0.000   0% reduce
c    0.004   0% restart
c    0.080   1% ternres
c    0.012   0% transred
c    0.176   3% unhide
c ==================================
c    0.016   0% preprocessing     0%
c    5.184  96% inprocessing    100%
c ==================================
c    5.200  97% simplifying
c    0.000   0% lookahead
c    0.172   3% search
c ==================================
c    5.384 100% all
c
s SATISFIABLE
