c This is CryptoMiniSat 2.7.1
c WARNING: for repeatability, setting FPU to use double precision
c Reading file 'p31.cnf'
c -- header says num vars:         235660
c -- header says num clauses:      728493
c -- clauses added:            0 learnts,       728493 normals,            0 xors
c -- vars added     235660
c Parsing time:  0.29 s
c Ouptutting solution to console
c asymm  cl-useful: 1/5256/95566 lits-rem:1 time: 0.94
c Time to fill non-learnt binary watchlists: 0.03 s
c subs with bin:        0  lits-rem:         0  v-fix:    0  time:  0.06 s
c Subs w/ non-existent bins:      4 l-rem:      0 v-fix:     0 done:  32000 time:  2.24 s
c lits-rem:         0  cl-subs:   108676  v-elim:  74894  v-fix:    0  time:  0.48 s
c Finding binary XORs:         0.06 s (found:      11, avg size: 2.0)
c Replacing       11 vars Replaced      208 lits Time:     0.00 s 
c Finding non-binary XORs:     0.02 s (found:       0, avg size: -nan)
c watched sorting time: 0.01
c Calc default polars -  time:   0.00 s pos:    5767 undec:  219930 neg:    9963
c =========================================================================================
c types(t): F = full restart, N = normal restart
c types(t): S = simplification begin/end, E = solution found
c restart types(rt): st = static, dy = dynamic
c  t rt  Rest     Confl      Vars   NormCls    BinCls   Learnts    ClLits    LtLits
c  B st     0         0     54261     91195    173291         0    640085         0  no matrixes
c Finding binary XORs:         0.02 s (found:       0, avg size: -nan)
c  N dy    21      4098     54261     91195    173389      3943    640085    132022  no matrixes
c  N dy    39      8603     54261     91195    173489      8272    640085    259402  no matrixes
c  N dy    62     12797     54261     91195    173539     12338    640085    366471  no matrixes
c  E dy    82     15135         0     91195    173586     14599    640085    448088  no matrixes
c Verified 91195 clauses.
c Solution needs extension. Extending.
c Verified 91195 clauses.
c        1 solution(s) found
c restarts              : 82         
c dynamic restarts      : 76         
c static restarts       : 6          
c full restarts         : 0          
c learnts DL2           : 0          
c learnts size 2        : 298        
c learnts size 1        : 106494      (45.19     % of vars)
c v-elim SatELite       : 74894       (31.78     % vars)
c SatELite time         : 2.78        (39.39     % time)
c v-elim xor            : 0           (0.00      % vars)
c xor elim time         : 0.00        (0.00      % time)
c num binary xor trees  : 11         
c binxor trees' crown   : 11          (1.00      leafs/tree)
c OTF clause improved   : 241         (0.02      clauses/conflict)
c OTF impr. size diff   : 251         (1.04       lits/clause)
c OTF cl watch-shrink   : 4515        (0.30      clauses/conflict)
c OTF cl watch-sh-lit   : 13939       (3.09       lits/clause)
c tried to recurMin cls : 4088        (27.01      % of conflicts)
c stopped recurMin      : 4078        (99.76      %)
c lits visited recurmin:: 1.14       
c conflicts             : 15135       (2147.28   / sec)
c decisions             : 192538      (0.93      % random)
c bogo-props            : 134560068   (19090758.81 / sec)
c conflict literals     : 456453      (10.55     % deleted)
c Memory used           : 150.22      MB
c CPU time              : 7.05        s
c 
s SATISFIABLE
