c Lingeling SAT Solver
c 
c Version ala b02aa1a04343558c4252b5f4a723be021964f652
c 
c Copyright (C) 2010-2012 Armin Biere JKU Linz Austria.
c All rights reserved.
c 
c released Sat Oct 13 14:05:26 CEST 2012
c compiled Sat Feb 16 02:48:12 EST 2013
c 
c gcc (Debian 4.4.5-8) 4.4.5
c -Wall -O3 -DNLGLOG -DNDEBUG -DNCHKSOL -DNLGLPICOSAT 
c Linux greencar2 2.6.32-5-amd64 x86_64
c 
c reading input file p31.cnf
c no embedded options
c found 'p cnf 235660 728493' header
c read 235660 variables, 728493 clauses, 1515922 literals in 0.0 seconds
c
c feature vars 235660
c feature lits.total 1515922
c feature lits.pos 808301
c feature lits.neg 707621
c feature clauses.total 728493
c feature clauses.unit 88030
c feature clauses.bin 513697
c feature clauses.trn 125366
c feature clauses.lrg 1400
c feature cog.val.min 1
c feature cog.val.avg 104998
c feature cog.val.max 226218
c feature cog.var.min 1
c feature cog.var.avg 117831
c feature cog.var.max 235659
c
c
c --abstime=0
c --acts=2
c --actavgmax=120
c --actstdmin=20
c --actstdmax=80
c --agile=23
c --bias=2
c --block=1
c --blkrtc=0
c --blkclslim=2000
c --blkocclim=2000
c --blkmaxeff=2147483647
c --blkmineff=10000000
c --blkreleff=20
c --card=0
c --cce=3
c --ccemaxeff=100000000
c --ccemineff=5000000
c --ccereleff=3
c --check=0
c --cgrclsr=1
c --cgrmaxority=20
c --cgrmaxeff=8000000
c --cgrmineff=200000
c --cgreleff=1
c --cgrexteq=1
c --cgrextand=1
c --cgrextunits=1
c --cgrextite=1
c --cgrextxor=1
c --cliff=1
c --cliffreleff=8
c --cliffmineff=10000000
c --cliffmaxeff=100000000
c --compact=0
c --decompose=1
c --defragint=10000000
c --defragfree=50
c --elim=1
c --elmrtc=0
c --elmblk=1
c --elmclslim=1000
c --elmocclim=1000
c --elmaxeff=100000000
c --elmineff=5000000
c --elmreleff=10
c --sleeponabort=0
c --exitonabort=0
c --flipping=1
c --flipint=2
c --flipdur=50
c --fliptop=1
c --force=0
c --gauss=1
c --gaussextrall=1
c --gaussmaxor=20
c --gaussexptrn=1
c --gaussmaxeff=50000000
c --gaussmineff=2000000
c --gaussreleff=2
c --gluescale=2
c --gluekeep=0
c --inprocessing=1
c --cintinc=10000
c --irrlim=20
c --lift=1
c --lftmaxeff=20000000
c --lftmineff=500000
c --lftreleff=6
c --lhbr=1
c --lkhd=1
c --clim=-1
c --mocint=1000
c --move=2
c --log=-1
c --otfs=1
c --phase=0
c --phaseneginit=0
c --plain=0
c --probe=1
c --prbasicmaxeff=100000000
c --prbasicmineff=1000000
c --prbasicreleff=10
c --prbasic=1
c --prbasicroundlim=9
c --queuemergelim=10000
c --queuefactor=833
c --queueinc=20
c --rmincpen=4
c --seed=0
c --smallirr=90
c --smallve=1
c --smallvevars=12
c --randec=1
c --randecint=1000
c --redfixed=0
c --redlbound=0
c --redlexpfac=10
c --redldoutfac=0
c --redloutinc=10000
c --redlinit=1000
c --redlinc=1000
c --redinoutinc=100
c --redlmininc=10
c --redlmaxinc=200
c --redlminrel=10
c --redlmaxrel=300
c --redlminabs=500
c --redlmaxabs=1000000
c --reduce=1
c --restart=2
c --restartint=5
c --rstinoutinc=110
c --simplify=1
c --simpdelay=100
c --simpen=4
c --sizepen=1000000
c --sizemaxpen=3
c --sortlits=0
c --syncint=111111
c --termint=122222
c --ternres=1
c --ternresrtc=0
c --trnrmineff=4000000
c --trnrmaxeff=40000000
c --trnreleff=10
c --transred=1
c --trdmineff=100000
c --trdmaxeff=2000000
c --trdreleff=10
c --unhide=1
c --unhdextstamp=1
c --unhdhbr=0
c --unhdmaxeff=20000000
c --unhdmineff=1000000
c --unhdreleff=4
c --unhdlnpr=3
c --unhdroundlim=5
c --verbose=1
c --witness=1
c [limits] no conflict limit
c [limits] simplification delayed by 100 to 100 conflicts
c 
c  seconds         irredundant          redundant clauses agility   height
c          variables clauses conflicts large binary ternary    glue         MB
c 
c *    0.0  129166   539397         0       0      0     0  66  0.0   0.0   42
c [cut-width] 178486, max 280872, min4 115396 at 75%, min10 36743 at 89%
c [decision-order] bias 1, old 1
c [queue-schedule-all-variables]
c s    0.0  129166   539397         0       0      0     0  66  0.0   0.0   42
c [simplification-1] limit hit at 100 conflicts
c [simplification-1] simplification penalty of 4
c [ternres-1] limit 4000000 with penalty 0 = 0 + 0
c [ternres-1] all 129166 free variables schedulable
c [ternres-1] 0 ternary resolvents (0 bin, 0 trn)
c [ternres-1] 32618 variables remain 25% (96548 retained)
c [gauss-1] limit 2000000 penalty 0 = 0 + 0
c [gauss-1] extracted 167522 xors of average arity 2.0
c [gauss-1] connected 335045 occurrences of 115754 variables (average 2.9)
c [gauss-1] limit 2000000 penalty 0 = 0 + 0
c d    0.7   59219   267246       100     100      0     0  76  6.4 409.2   21
c [gauss-1] exported 0 unary, 1 binary and 0 ternary equations
c G    0.7   59219   267246       100     100      0     0  76  6.4 409.2   21
c [basicprobe-1] limit 1000000 penalty 0 = 0 + 0
c [basicprobe-1-0] 4608 probes remain 8% after last round
c [basicprobe-1-0] 4 units = 4 failed (100%) + 0 lifted (0%)
c [basicprobe-1-0] removed 4 variables, found 3485 hbrs
c p    0.9   59215   267246       100     100   3485     0  76  6.4 409.2   25
c [cgrclsr-1] limit 200000 penalty 0 = 0 + 0
c [cgrclsr-1] all 59215 free variables schedulable
c [cgrclsr-1] fully completed congruence closure
c [lift-1] limit 500000 with penalty 0 = 0 + 0
c [lift-1] using 59215 probes 100%
c [lift-1] 59188 variables remain 100% (27 retained)
c [cliff-1] limit of 10000000 steps penalty 0 = 0 + 0
c [cliff-1] failed 0, lifted 0
c [unhide-1] limit 1000000 with penalty 0 = 0 + 0
c [unhide-1-1] 0 units, 0 failed, 19258 tauts, 0 hbrs, 112 literals
c u    1.5   59215   247970       100     100  20528     0  76  6.4 409.2   26
c [transred-1] limit 100000 with penalty 0 = 0 + 0
c t    1.5   59215   247968       100     100  20520     0  76  6.4 409.2   26
c [block-1] scheduling all variables this time
c [block-1] scheduled 59215 variables 100%
c [block-1] limit of 10000000 steps penalty 0 = 0 + 0
c [block-1] fully completed blocked clause elimination
c [block-1] transition to [ all 0 rem 0 ] state
c [block-1] eliminated 5000 blocked clauses
c k    1.7   59215   242968       100     100  20520  5000  76  6.4 409.2   21
c [cce-1] scheduling all variables this time
c [cce-1] limit of 10000000 steps penalty 0 = 0 + 0
c [cce-1] incomplete covered clause elimination 52625 not tried 89%
c [cce-1] transition to [ all 1 rem 1 ] state
c [cce-1] eliminated 75 covered clauses
c E    2.1   59213   242893       100     100  28930  4999  76  6.4 409.2   21
c [elim-1] scheduling all variables this time
c [elim-1] scheduled 59213 variables 100%
c [elim-1] limit of 5000000 steps penalty 0 = 0 + 0
c [elim-1] incomplete variable elimination 44028 not tried 74%
c [elim-1] transition to [ all 1 rem 1 ] state
c [elim-1] eliminated 6506 = 11% variables out of 59213
c e    3.0   52707   239069       100      55  11119   635  76  6.4 409.2   21
c [phase-1] phase bias: 2036 positive 15%, 11693 negative 85%
c [simplification-1] removed 76459 variables 59%
c [simplification-1] limit increments divided by 30
c [simplification-1] arithmetic increase of conflict limit interval by 333
c [simplification-1] new irredundant limit 2367294
c [simplification-1] new conflict limit 433
c [simplification-1] simplification penalty reduced to 3
c [simplification-2] limit hit at 433 conflicts
c [simplification-2] simplification penalty of 3
c [ternres-2] limit 2000000 with penalty 1 = 1 + 0
c [ternres-2] 13294 schedulable variables 25%
c [ternres-2] 9 ternary resolvents (0 bin, 9 trn)
c [ternres-2] fully completed ternary resolution
c T    3.1   52707   239069       433     373  11120   658  28 13.1 938.3   26
c [gauss-2] limit 2000000 penalty 0 = 0 + 0
c [gauss-2] extracted 975 xors of average arity 3.0
c [gauss-2] connected 2925 occurrences of 1667 variables (average 1.8)
c [gauss-2] limit 2000000 penalty 0 = 0 + 0
c [gauss-2] fully completed
c [gauss-2] exported 0 unary, 0 binary and 0 ternary equations
c G    3.2   52707   239069       433     373  11120   658  28 13.1 938.3   21
c [basicprobe-2] limit 1000000 penalty 0 = 0 + 0
c [basicprobe-2-0] 4253 probes remain 8% after last round
c [basicprobe-2-0] removed 0 variables, found 845 hbrs
c p    3.4   52707   239069       433     373  11965   658  28 13.1 938.3   26
c [cgrclsr-2] limit 100000 penalty 1 = 1 + 0
c [cgrclsr-2] all 52707 free variables schedulable
c [cgrclsr-2] fully completed congruence closure
c [lift-2] limit 250000 with penalty 1 = 1 + 0
c [lift-2] using 52683 probes 100%
c [lift-2] 52666 variables remain 100% (41 retained)
c [cliff-2] limit of 5000000 steps penalty 1 = 1 + 0
c [cliff-2] failed 0, lifted 0
c [unhide-2] limit 1000000 with penalty 0 = 0 + 0
c [unhide-2-2] 0 units, 0 failed, 1211 tauts, 0 hbrs, 226 literals
c u    3.8   52707   239063       433     373  11117   658  28 13.1 938.3   26
c [transred-3] limit 100000 with penalty 0 = 0 + 0
c t    3.8   52707   239062       433     373  11111   658  28 13.1 938.3   26
c [block-2] scheduling all variables this time
c [block-2] scheduled 52707 variables 100%
c [block-2] limit of 10000000 steps penalty 0 = 0 + 0
c [block-2] fully completed blocked clause elimination
c [block-2] transition to [ all 0 rem 0 ] state
c [block-2] eliminated 0 blocked clauses
c [cce-2] 49345 variables 94% will be scheduled this time
c [cce-2] limit of 10000000 steps penalty 0 = 0 + 0
c [cce-2] 48836 variables 93% remain to be tried next time
c [cce-2] transition to [ all 0 rem 1 ] state
c [cce-2] eliminated 295 covered clauses
c E    4.3   52707   238767       433     373  11420   658  28 13.1 938.3   21
c [elim-2] 43998 variables 83% will be scheduled this time
c [elim-2] scheduled 43998 variables 83%
c [elim-2] limit of 5000000 steps penalty 0 = 0 + 0
c [elim-2] 33936 variables 64% remain to be tried next time
c [elim-2] transition to [ all 0 rem 1 ] state
c [elim-2] eliminated 1022 = 2% variables out of 52707
c e    5.2   51685   238307       433     372   8075   658  28 13.1 938.3   21
c [phase-2] phase bias: 0 positive 0%, 0 negative 0%
c [simplification-2] removed 1022 variables 1%
c [simplification-2] no reduction of limit increments
c [simplification-2] arithmetic increase of conflict limit interval by 10000
c [simplification-2] new irredundant limit 2367294
c [simplification-2] new conflict limit 10766
c [simplification-2] simplification penalty reduced to 2
c R    5.4   51685   238307       975     882   8086   675   8 10.9 505.6   26
c -    5.5   51685   238307      1138     506   8091   703   6 10.2 424.9   26
c R    5.8   51685   238307      2268    1532   8114   778   8 10.9 308.7   26
c -    6.4   51685   238307      4053    1524   8190   947   5  9.0 254.0   26
c 1    6.5   51685   238307      4877    2342   8193   950   7 10.1 260.7   26
c 
c  seconds         irredundant          redundant clauses agility   height
c          variables clauses conflicts large binary ternary    glue         MB
c 
c blkd: 2 bces, 5000 removed, 1419621 resolutions, 3955962 steps
c blkd: 5000 blocking literals 1%, 0 pure
c cces: 2 cces, 335 eliminated, 335 ate 100%, 0 abce 0%
c cces: 14198 probed, 1 lifted, 2 failed
c clff: 2 cliffs, 0 lifted, 0 failed
c clff: 6041 decisions, 15009114 steps
c clls: 1 sat, 0 simp, 0 freeze, 0 melt
c clls: 2244415 add, 0 assume,, 0 deref, 0 failed
c clls: 0 cassume, 0 mosat
c coll: 12 gcs, 0 rescored clauses
c cgrs: 2 count, 300000 esteps, 79160 csteps
c cgrs: 0 eqs, 0 units
c cgrs: 0 matched (0 ands 0%, 0 xors 0%, 0 ites 0%)
c cgrs: 0 simplified (0 ands 0%, 0 xors 0%, 0 ites 0%)
c cgrs: 2286 extracted (1909 ands 84%, 377 xors 16%, 0 ites 0%)
c dcps: 3 decompositions, 69947 equivalent 30%
c decs: 68313 decision, 69 random 0.101%
c decs: 14676 flipped 21.483% (in 29 phases)
c elms: 2 elims, 7528 eliminated 3%
c elms: 7528 small 100%, 0 large 0%
c elms: 25354 tried small, 7528 succeeded 30%, 17826 failed 70%
c elms: 0 subsumed, 0 strengthened, 0 blocked
c elms: 318281 copies, 223812 resolutions, 646182 ipos
c elms: 0 subchks, 0 strchks
c frcs: 0 computed, 29.7 - 70.3 average min-cut range
c gaus: 2 extractions, 168497 extracted, 2.0 size, 3 max
c gaus: exported 0 units, 1 binary and 0 ternary equations
c gaus: 0 gc, 8000090 steps, 4000045 extr 50%, 2388039 elim 30%
c glue: 10.1 avg, 3.2 scaled avg
c glue: 0 maxredglue=15 (0%)
c lift: 2 phases, 264 probed (88 level1 33%, 176 level2 67%)
c lift: 0 units, 0 equivalences, 1 implications
c hbrs: 30129 hbrs = 30129 trn 100% + 0 lrg 0%, 0 sub 0%
c lrnd: 4841 clauses, 3080 uips 64%, 36.3 length, 10.1 glue
c ints: 255 luby (28447 steps), 0 inout (0 steps)
c mins: 175962 learned lits, 4% minimized
c move: moved 5335, 335 binary 6%, 5000 ternary 94%
c otfs: str 163 dyn (131 red, 32 irr) 36 drv 22%, 127 rst 78%
c otfs: sub 0 dyn (0 red, 0 irr)
c phas: 2 computed, 13898 set, 2036 pos (15%), 11862 neg (85%)
c prbs: 2 basic, 2390 probed, 4 failed, 0 lifted
c prps: 14068301 props, 117 props/dec
c prps: 57% srch, 43% simp, 0% lkhd
c psns: 910169 searches, 99435 hits, 11% hit rate
c queu: 20670 new, 7759 del, 117 maximum priority
c queu: 12889 merged, 10805 collected, 3 gcs
c queu: 5004 deprioritized, 25.7 lines on average
c reds: 2 count, 0 reset, 2 acts 100%, 0 exp 0%
c reds: 2 arithmetic 100%, 2 double 100%
c rmbd: 6 removed, 0 red 0%
c rsts: 200 restarts 79%, 54 skipped 21%
c rsts: 30 kept 15.0% average 30.2%
c simp: 2 count (0 ilim 0%, 0 plim 0%, 2 clim 100%)
c trnr: 2 count, 0 bin, 9 trn, 5093410 steps
c tops: 106500 fixed 45%, 0 iterations
c trds: 4 transitive reductions, 17 removed, 0 failed
c trds: 198 nodes, 289 edges, 205010 steps
c unhd: 2 count, 2 rounds, 2526145 steps
c unhd: 0 non-trivial sccs of average size 0.0
c unhd: 0 units, 0 bin, 0 trn, 0 lrg
c unhd: 0 failed, 0 stamp, 0 lits, 0 bin, 0 trn, 0 lrg
c unhd: 20469 tauts, 0 bin 0%, 0 trn 0%, 0 lrg 0%
c unhd: 20469 tauts, 20469 stamp 100%, 1211 red 6%
c unhd: 0 hbrs, 0 trn 0%, 0 lrg 0%, 0 red 0%
c unhd: 338 strd, 0 bin 0%, 1 trn 0%, 337 lrg 100%, 337 red 100%
c vars: 51685 remaining 22% and 183975 removed 78% out of 235660
c vars: 106500 fixed 45%, 7528 eliminated 3%, 69947 equivalent 30%
c vsts: 66057945 visits, 59% srch, 41% simp, 0% lkhd
c vsts: 4.9 search visits per propagation 7969.4 per conflict
c wchs: 9583688 pushed, 4319035 enlarged, 21 defrags
c 
c scaledglue  added       reduced       forcing      resolved     conflicts
c 
c all      4426 100      2028 100     21191 100      9360 100       834 100
c 
c  0          0   0         0   0         0   0         0   0         0   0 
c  1         48   1        16   1       318   2        91   1         6   1 
c  2       1261  28       668  33      6920  33      2285  24       181  22 
c  3       1192  27<      566  28<     6869  32<     2496  27       181  22 
c  4        927  21       385  19      3744  18      2075  22<      190  23<
c  5        620  14       194  10      2731  13      1645  18       219  26 
c  6        307   7       172   8       526   2       651   7        50   6 
c  7         55   1        20   1        64   0        95   1         6   1 
c  8         14   0         6   0        17   0        20   0         1   0 
c  9          2   0         1   0         2   0         2   0         0   0 
c 10          0   0         0   0         0   0         0   0         0   0 
c 11          0   0         0   0         0   0         0   0         0   0 
c 12          0   0         0   0         0   0         0   0         0   0 
c 13          0   0         0   0         0   0         0   0         0   0 
c 14          0   0         0   0         0   0         0   0         0   0 
c 15          0   0         0   0         0   0         0   0         0   0 
c 
c avg             3.5           3.3           3.2           3.6           3.7
c std             1.3           1.4           1.2           1.3           1.3
c 
c 68313 decisions, 4877 conflicts, 744.8 conflicts/sec
c 14068301 propagations, 2.1 megaprops/sec
c 6.5 seconds, 49.2 MB
c 
c    0.248   4% analysis
c    0.260   4% block
c    0.012   0% bump
c    0.000   0% card
c    0.716  11% cce
c    0.496   8% cliff
c    0.012   0% cutwidth
c    0.060   1% decide
c    0.000   0% force
c    0.520   8% gc
c    0.224   3% cgrclsr
c    0.312   5% decomp
c    0.140   2% defrag
c    1.876  29% elim
c    0.772  12% gauss
c    0.176   3% lift
c    0.064   1% mincls
c    0.052   1% phase
c    0.104   2% probe
c    0.008   0% reduce
c    0.100   2% restart
c    0.084   1% ternres
c    0.016   0% transred
c    0.172   3% unhide
c ==================================
c    0.020   0% preprocessing     0%
c    5.208  80% inprocessing    100%
c ==================================
c    5.228  80% simplifying
c    0.000   0% lookahead
c    1.312  20% search
c ==================================
c    6.548 100% all
c
s SATISFIABLE
