c This is CryptoMiniSat 2.7.1
c WARNING: for repeatability, setting FPU to use double precision
c Reading file 'p37.cnf'
c -- header says num vars:         219937
c -- header says num clauses:      684590
c -- clauses added:            0 learnts,       684590 normals,            0 xors
c -- vars added     219937
c Parsing time:  0.49 s
c Ouptutting solution to console
c asymm  cl-useful: 0/5125/95138 lits-rem:0 time: 1.76
c Time to fill non-learnt binary watchlists: 0.08 s
c subs with bin:        0  lits-rem:         0  v-fix:    0  time:  0.10 s
c Subs w/ non-existent bins:      4 l-rem:      0 v-fix:     0 done:  27564 time:  4.11 s
c lits-rem:         0  cl-subs:   106156  v-elim:  68964  v-fix:    0  time:  0.93 s
c Finding binary XORs:         0.10 s (found:      11, avg size: 2.0)
c Replacing       11 vars Replaced      171 lits Time:     0.01 s 
c Finding non-binary XORs:     0.04 s (found:       0, avg size: -nan)
c watched sorting time: 0.01
c Calc default polars -  time:   0.02 s pos:    6250 undec:  204241 neg:    9446
c =========================================================================================
c types(t): F = full restart, N = normal restart
c types(t): S = simplification begin/end, E = solution found
c restart types(rt): st = static, dy = dynamic
c  t rt  Rest     Confl      Vars   NormCls    BinCls   Learnts    ClLits    LtLits
c  B st     0         0     53763     92139    166370         0    623563         0  no matrixes
c Finding binary XORs:         0.04 s (found:       0, avg size: -nan)
c  E st     6      1744         0     92139    166416      1683    623563     52507  no matrixes
c Verified 92139 clauses.
c Solution needs extension. Extending.
c Verified 92139 clauses.
c        1 solution(s) found
c restarts              : 6          
c dynamic restarts      : 0          
c static restarts       : 6          
c full restarts         : 0          
c learnts DL2           : 0          
c learnts size 2        : 46         
c learnts size 1        : 97199       (44.19     % of vars)
c v-elim SatELite       : 68964       (31.36     % vars)
c SatELite time         : 5.15        (60.38     % time)
c v-elim xor            : 0           (0.00      % vars)
c xor elim time         : 0.00        (0.00      % time)
c num binary xor trees  : 11         
c binxor trees' crown   : 11          (1.00      leafs/tree)
c OTF clause improved   : 15          (0.01      clauses/conflict)
c OTF impr. size diff   : 15          (1.00       lits/clause)
c OTF cl watch-shrink   : 599         (0.34      clauses/conflict)
c OTF cl watch-sh-lit   : 1671        (2.79       lits/clause)
c tried to recurMin cls : 363         (20.81      % of conflicts)
c stopped recurMin      : 359         (98.90      %)
c lits visited recurmin:: 1.16       
c conflicts             : 1744        (204.39    / sec)
c decisions             : 28774       (0.83      % random)
c bogo-props            : 93807900    (10994144.41 / sec)
c conflict literals     : 53022       (8.64      % deleted)
c Memory used           : 145.46      MB
c CPU time              : 8.53        s
c 
s SATISFIABLE
