c This is CryptoMiniSat 2.7.1
c WARNING: for repeatability, setting FPU to use double precision
c Reading file 'p38.cnf'
c -- header says num vars:         232558
c -- header says num clauses:      721360
c -- clauses added:            0 learnts,       721360 normals,            0 xors
c -- vars added     232558
c Parsing time:  0.55 s
c Ouptutting solution to console
c asymm  cl-useful: 2/6618/97520 lits-rem:2 time: 1.78
c Time to fill non-learnt binary watchlists: 0.06 s
c subs with bin:        0  lits-rem:         0  v-fix:    0  time:  0.12 s
c Subs w/ non-existent bins:      2 l-rem:      0 v-fix:     0 done:  30869 time:  4.32 s
c lits-rem:         0  cl-subs:   109733  v-elim:  73482  v-fix:    0  time:  0.98 s
c Finding binary XORs:         0.11 s (found:      11, avg size: 2.0)
c Replacing       11 vars Replaced      188 lits Time:     0.01 s 
c Finding non-binary XORs:     0.05 s (found:       0, avg size: -nan)
c watched sorting time: 0.01
c Calc default polars -  time:   0.02 s pos:    6089 undec:  216584 neg:    9885
c =========================================================================================
c types(t): F = full restart, N = normal restart
c types(t): S = simplification begin/end, E = solution found
c restart types(rt): st = static, dy = dynamic
c  t rt  Rest     Confl      Vars   NormCls    BinCls   Learnts    ClLits    LtLits
c  B st     0         0     55227     93576    173827         0    645707         0  no matrixes
c Finding binary XORs:         0.04 s (found:       0, avg size: -nan)
c  N dy     8      4131     55227     93576    173873      3977    645707     79973  no matrixes
c  N dy    23      8231     55227     93576    173973      7904    645707    173145  no matrixes
c  N dy    43     12243     55227     93576    174038     11765    645707    261803  no matrixes
c  N dy    64     16899     55227     93576    174124     16265    645707    366629  no matrixes
c  N dy    69     21401     55227     93576    174169     10965    645707     79727  no matrixes
c  F st   100     25001     55227     93576    174225     14455    645707    186657  no matrixes
c  N st   102     25626     55227     93576    174233     15063    645707    205006  no matrixes
c  E st   103     25853         0     93576    174233     15288    645707    213845  no matrixes
c Verified 93576 clauses.
c Solution needs extension. Extending.
c Verified 93576 clauses.
c        1 solution(s) found
c restarts              : 103        
c dynamic restarts      : 94         
c static restarts       : 9          
c full restarts         : 1          
c learnts DL2           : 0          
c learnts size 2        : 411        
c learnts size 1        : 103838      (44.65     % of vars)
c v-elim SatELite       : 73482       (31.60     % vars)
c SatELite time         : 5.41        (35.79     % time)
c v-elim xor            : 0           (0.00      % vars)
c xor elim time         : 0.00        (0.00      % time)
c num binary xor trees  : 11         
c binxor trees' crown   : 11          (1.00      leafs/tree)
c OTF clause improved   : 551         (0.02      clauses/conflict)
c OTF impr. size diff   : 577         (1.05       lits/clause)
c OTF cl watch-shrink   : 7349        (0.28      clauses/conflict)
c OTF cl watch-sh-lit   : 18761       (2.55       lits/clause)
c tried to recurMin cls : 6087        (23.54      % of conflicts)
c stopped recurMin      : 6077        (99.84      %)
c lits visited recurmin:: 1.13       
c conflicts             : 25853       (1709.75   / sec)
c decisions             : 222534      (0.90      % random)
c bogo-props            : 151521203   (10020617.30 / sec)
c conflict literals     : 567069      (13.50     % deleted)
c Memory used           : 218.08      MB
c CPU time              : 15.12       s
c 
s SATISFIABLE
