c This is CryptoMiniSat 2.7.1
c WARNING: for repeatability, setting FPU to use double precision
c Reading file 'p40.cnf'
c -- header says num vars:         226560
c -- header says num clauses:      703078
c -- clauses added:            0 learnts,       703078 normals,            0 xors
c -- vars added     226560
c Parsing time:  0.50 s
c Ouptutting solution to console
c asymm  cl-useful: 2/7364/95528 lits-rem:2 time: 1.58
c Time to fill non-learnt binary watchlists: 0.07 s
c subs with bin:        0  lits-rem:         0  v-fix:    0  time:  0.10 s
c Subs w/ non-existent bins:      3 l-rem:      0 v-fix:     0 done:  29718 time:  4.14 s
c lits-rem:         0  cl-subs:   107347  v-elim:  70966  v-fix:    0  time:  0.90 s
c Finding binary XORs:         0.10 s (found:      12, avg size: 2.0)
c Replacing       12 vars Replaced      210 lits Time:     0.01 s 
c Finding non-binary XORs:     0.04 s (found:       0, avg size: -nan)
c watched sorting time: 0.01
c Calc default polars -  time:   0.02 s pos:    6641 undec:  209683 neg:   10236
c =========================================================================================
c types(t): F = full restart, N = normal restart
c types(t): S = simplification begin/end, E = solution found
c restart types(rt): st = static, dy = dynamic
c  t rt  Rest     Confl      Vars   NormCls    BinCls   Learnts    ClLits    LtLits
c  B st     0         0     54550     92340    169232         0    631495         0  no matrixes
c Finding binary XORs:         0.04 s (found:       0, avg size: -nan)
c  E dy    19      4279         0     92340    169322      4142    631495    123522  no matrixes
c Verified 92340 clauses.
c Solution needs extension. Extending.
c Verified 92340 clauses.
c        1 solution(s) found
c restarts              : 19         
c dynamic restarts      : 13         
c static restarts       : 6          
c full restarts         : 0          
c learnts DL2           : 0          
c learnts size 2        : 90         
c learnts size 1        : 101032      (44.59     % of vars)
c v-elim SatELite       : 70966       (31.32     % vars)
c SatELite time         : 5.14        (54.82     % time)
c v-elim xor            : 0           (0.00      % vars)
c xor elim time         : 0.00        (0.00      % time)
c num binary xor trees  : 12         
c binxor trees' crown   : 12          (1.00      leafs/tree)
c OTF clause improved   : 47          (0.01      clauses/conflict)
c OTF impr. size diff   : 50          (1.06       lits/clause)
c OTF cl watch-shrink   : 1558        (0.36      clauses/conflict)
c OTF cl watch-sh-lit   : 4924        (3.16       lits/clause)
c tried to recurMin cls : 758         (17.71      % of conflicts)
c stopped recurMin      : 755         (99.60      %)
c lits visited recurmin:: 1.24       
c conflicts             : 4279        (456.74    / sec)
c decisions             : 74981       (0.75      % random)
c bogo-props            : 105008083   (11208531.81 / sec)
c conflict literals     : 125040      (8.13      % deleted)
c Memory used           : 155.73      MB
c CPU time              : 9.37        s
c 
s SATISFIABLE
