c This is CryptoMiniSat 2.7.1
c WARNING: for repeatability, setting FPU to use double precision
c Reading file 'p48.cnf'
c -- header says num vars:         232714
c -- header says num clauses:      721939
c -- clauses added:            0 learnts,       721939 normals,            0 xors
c -- vars added     232714
c Parsing time:  0.51 s
c Ouptutting solution to console
c asymm  cl-useful: 3/6558/97614 lits-rem:3 time: 1.63
c Time to fill non-learnt binary watchlists: 0.08 s
c subs with bin:        0  lits-rem:         0  v-fix:    0  time:  0.10 s
c Subs w/ non-existent bins:      3 l-rem:      0 v-fix:     0 done:  31125 time:  4.07 s
c lits-rem:         1  cl-subs:   109927  v-elim:  73335  v-fix:    0  time:  0.91 s
c Finding binary XORs:         0.10 s (found:      11, avg size: 2.0)
c Replacing       11 vars Replaced      188 lits Time:     0.01 s 
c Finding non-binary XORs:     0.04 s (found:       0, avg size: -nan)
c watched sorting time: 0.01
c Calc default polars -  time:   0.01 s pos:    6551 undec:  215816 neg:   10347
c =========================================================================================
c types(t): F = full restart, N = normal restart
c types(t): S = simplification begin/end, E = solution found
c restart types(rt): st = static, dy = dynamic
c  t rt  Rest     Confl      Vars   NormCls    BinCls   Learnts    ClLits    LtLits
c  B st     0         0     55468     94281    173333         0    646635         0  no matrixes
c Finding binary XORs:         0.04 s (found:       0, avg size: -nan)
c  E st     5      1223         0     94281    173354      1186    646635     31545  no matrixes
c Verified 94281 clauses.
c Solution needs extension. Extending.
c Verified 94281 clauses.
c        1 solution(s) found
c restarts              : 5          
c dynamic restarts      : 0          
c static restarts       : 5          
c full restarts         : 0          
c learnts DL2           : 0          
c learnts size 2        : 21         
c learnts size 1        : 103900      (44.65     % of vars)
c v-elim SatELite       : 73335       (31.51     % vars)
c SatELite time         : 5.08        (61.03     % time)
c v-elim xor            : 0           (0.00      % vars)
c xor elim time         : 0.00        (0.00      % time)
c num binary xor trees  : 11         
c binxor trees' crown   : 11          (1.00      leafs/tree)
c OTF clause improved   : 16          (0.01      clauses/conflict)
c OTF impr. size diff   : 19          (1.19       lits/clause)
c OTF cl watch-shrink   : 388         (0.32      clauses/conflict)
c OTF cl watch-sh-lit   : 1031        (2.66       lits/clause)
c tried to recurMin cls : 244         (19.95      % of conflicts)
c stopped recurMin      : 243         (99.59      %)
c lits visited recurmin:: 1.20       
c conflicts             : 1223        (146.92    / sec)
c decisions             : 29164       (0.80      % random)
c bogo-props            : 93889811    (11278705.68 / sec)
c conflict literals     : 31940       (6.99      % deleted)
c Memory used           : 154.00      MB
c CPU time              : 8.32        s
c 
s SATISFIABLE
