c This is CryptoMiniSat 2.7.1
c WARNING: for repeatability, setting FPU to use double precision
c Reading file 'p51.cnf'
c -- header says num vars:         245250
c -- header says num clauses:      758045
c -- clauses added:            0 learnts,       758045 normals,            0 xors
c -- vars added     245250
c Parsing time:  0.52 s
c Ouptutting solution to console
c asymm  cl-useful: 0/6921/99944 lits-rem:0 time: 1.58
c Time to fill non-learnt binary watchlists: 0.06 s
c subs with bin:        0  lits-rem:         0  v-fix:    0  time:  0.11 s
c Subs w/ non-existent bins:      4 l-rem:      0 v-fix:     0 done:  36407 time:  4.14 s
c lits-rem:         0  cl-subs:   113555  v-elim:  77762  v-fix:    0  time:  0.97 s
c Finding binary XORs:         0.11 s (found:      11, avg size: 2.0)
c Replacing       11 vars Replaced      211 lits Time:     0.01 s 
c Finding non-binary XORs:     0.05 s (found:       0, avg size: -nan)
c watched sorting time: 0.01
c Calc default polars -  time:   0.01 s pos:    6686 undec:  227481 neg:   11083
c =========================================================================================
c types(t): F = full restart, N = normal restart
c types(t): S = simplification begin/end, E = solution found
c restart types(rt): st = static, dy = dynamic
c  t rt  Rest     Confl      Vars   NormCls    BinCls   Learnts    ClLits    LtLits
c  B st     0         0     56971     96136    179686         0    667564         0  no matrixes
c Finding binary XORs:         0.04 s (found:       0, avg size: -nan)
c  N dy    13      4046     56971     96136    179759      3894    667564    136066  no matrixes
c  E dy    27      6515         0     96136    179779      6316    667564    205558  no matrixes
c Verified 96136 clauses.
c Solution needs extension. Extending.
c Verified 96136 clauses.
c        1 solution(s) found
c restarts              : 27         
c dynamic restarts      : 21         
c static restarts       : 6          
c full restarts         : 0          
c learnts DL2           : 0          
c learnts size 2        : 93         
c learnts size 1        : 110506      (45.06     % of vars)
c v-elim SatELite       : 77762       (31.71     % vars)
c SatELite time         : 5.22        (50.08     % time)
c v-elim xor            : 0           (0.00      % vars)
c xor elim time         : 0.00        (0.00      % time)
c num binary xor trees  : 11         
c binxor trees' crown   : 11          (1.00      leafs/tree)
c OTF clause improved   : 106         (0.02      clauses/conflict)
c OTF impr. size diff   : 113         (1.07       lits/clause)
c OTF cl watch-shrink   : 2364        (0.36      clauses/conflict)
c OTF cl watch-sh-lit   : 7601        (3.22       lits/clause)
c tried to recurMin cls : 1070        (16.42      % of conflicts)
c stopped recurMin      : 1067        (99.72      %)
c lits visited recurmin:: 1.26       
c conflicts             : 6515        (624.48    / sec)
c decisions             : 102937      (0.83      % random)
c bogo-props            : 114725946   (10996815.19 / sec)
c conflict literals     : 209321      (8.90      % deleted)
c Memory used           : 153.38      MB
c CPU time              : 10.43       s
c 
s SATISFIABLE
