c This is CryptoMiniSat 2.7.1
c WARNING: for repeatability, setting FPU to use double precision
c Reading file 'p52.cnf'
c -- header says num vars:         225262
c -- header says num clauses:      698786
c -- clauses added:            0 learnts,       698786 normals,            0 xors
c -- vars added     225262
c Parsing time:  0.52 s
c Ouptutting solution to console
c asymm  cl-useful: 0/6708/94646 lits-rem:0 time: 1.78
c Time to fill non-learnt binary watchlists: 0.08 s
c subs with bin:        0  lits-rem:         0  v-fix:    0  time:  0.12 s
c Subs w/ non-existent bins:      4 l-rem:      0 v-fix:     0 done:  30360 time:  4.09 s
c lits-rem:         0  cl-subs:   106556  v-elim:  70710  v-fix:    0  time:  0.95 s
c Finding binary XORs:         0.10 s (found:      11, avg size: 2.0)
c Replacing       11 vars Replaced      182 lits Time:     0.01 s 
c Finding non-binary XORs:     0.05 s (found:       0, avg size: -nan)
c watched sorting time: 0.01
c Calc default polars -  time:   0.02 s pos:    6522 undec:  208622 neg:   10118
c =========================================================================================
c types(t): F = full restart, N = normal restart
c types(t): S = simplification begin/end, E = solution found
c restart types(rt): st = static, dy = dynamic
c  t rt  Rest     Confl      Vars   NormCls    BinCls   Learnts    ClLits    LtLits
c  B st     0         0     53925     91623    167722         0    626508         0  no matrixes
c Finding binary XORs:         0.04 s (found:       0, avg size: -nan)
c  N dy    18      4293     53925     91623    167796      4157    626508    128659  no matrixes
c  E dy    30      6729         0     91623    167849      6516    626508    183277  no matrixes
c Verified 91623 clauses.
c Solution needs extension. Extending.
c Verified 91623 clauses.
c        1 solution(s) found
c restarts              : 30         
c dynamic restarts      : 24         
c static restarts       : 6          
c full restarts         : 0          
c learnts DL2           : 0          
c learnts size 2        : 128        
c learnts size 1        : 100616      (44.67     % of vars)
c v-elim SatELite       : 70710       (31.39     % vars)
c SatELite time         : 5.16        (46.89     % time)
c v-elim xor            : 0           (0.00      % vars)
c xor elim time         : 0.00        (0.00      % time)
c num binary xor trees  : 11         
c binxor trees' crown   : 11          (1.00      leafs/tree)
c OTF clause improved   : 86          (0.01      clauses/conflict)
c OTF impr. size diff   : 96          (1.12       lits/clause)
c OTF cl watch-shrink   : 2412        (0.36      clauses/conflict)
c OTF cl watch-sh-lit   : 6605        (2.74       lits/clause)
c tried to recurMin cls : 1104        (16.41      % of conflicts)
c stopped recurMin      : 1103        (99.91      %)
c lits visited recurmin:: 1.24       
c conflicts             : 6729        (611.91    / sec)
c decisions             : 112815      (0.79      % random)
c bogo-props            : 116750174   (10616849.78 / sec)
c conflict literals     : 185596      (7.98      % deleted)
c Memory used           : 154.37      MB
c CPU time              : 11.00       s
c 
s SATISFIABLE
