c This is CryptoMiniSat 2.7.1
c WARNING: for repeatability, setting FPU to use double precision
c Reading file 'p53.cnf'
c -- header says num vars:         231522
c -- header says num clauses:      717756
c -- clauses added:            0 learnts,       717756 normals,            0 xors
c -- vars added     231522
c Parsing time:  0.49 s
c Ouptutting solution to console
c asymm  cl-useful: 0/6564/96814 lits-rem:0 time: 1.66
c Time to fill non-learnt binary watchlists: 0.06 s
c subs with bin:        0  lits-rem:         0  v-fix:    0  time:  0.10 s
c Subs w/ non-existent bins:      4 l-rem:      0 v-fix:     0 done:  31479 time:  4.14 s
c lits-rem:         0  cl-subs:   109026  v-elim:  72611  v-fix:    0  time:  0.93 s
c Finding binary XORs:         0.10 s (found:      12, avg size: 2.0)
c Replacing       12 vars Replaced      211 lits Time:     0.01 s 
c Finding non-binary XORs:     0.04 s (found:       0, avg size: -nan)
c watched sorting time: 0.01
c Calc default polars -  time:   0.02 s pos:    7052 undec:  213624 neg:   10846
c =========================================================================================
c types(t): F = full restart, N = normal restart
c types(t): S = simplification begin/end, E = solution found
c restart types(rt): st = static, dy = dynamic
c  t rt  Rest     Confl      Vars   NormCls    BinCls   Learnts    ClLits    LtLits
c  B st     0         0     55391     93442    172147         0    641216         0  no matrixes
c Finding binary XORs:         0.04 s (found:       0, avg size: -nan)
c  E st     6      1923         0     93442    172165      1864    641216     91367  no matrixes
c Verified 93442 clauses.
c Solution needs extension. Extending.
c Verified 93442 clauses.
c        1 solution(s) found
c restarts              : 6          
c dynamic restarts      : 0          
c static restarts       : 6          
c full restarts         : 0          
c learnts DL2           : 0          
c learnts size 2        : 18         
c learnts size 1        : 103508      (44.71     % of vars)
c v-elim SatELite       : 72611       (31.36     % vars)
c SatELite time         : 5.17        (60.48     % time)
c v-elim xor            : 0           (0.00      % vars)
c xor elim time         : 0.00        (0.00      % time)
c num binary xor trees  : 12         
c binxor trees' crown   : 12          (1.00      leafs/tree)
c OTF clause improved   : 41          (0.02      clauses/conflict)
c OTF impr. size diff   : 41          (1.00       lits/clause)
c OTF cl watch-shrink   : 602         (0.31      clauses/conflict)
c OTF cl watch-sh-lit   : 1997        (3.32       lits/clause)
c tried to recurMin cls : 295         (15.34      % of conflicts)
c stopped recurMin      : 293         (99.32      %)
c lits visited recurmin:: 1.22       
c conflicts             : 1923        (224.85    / sec)
c decisions             : 22096       (0.80      % random)
c bogo-props            : 94730251    (11076278.80 / sec)
c conflict literals     : 92850       (5.68      % deleted)
c Memory used           : 143.42      MB
c CPU time              : 8.55        s
c 
s SATISFIABLE
