c This is CryptoMiniSat 2.7.1
c WARNING: for repeatability, setting FPU to use double precision
c Reading file 'p54.cnf'
c -- header says num vars:         228166
c -- header says num clauses:      707048
c -- clauses added:            0 learnts,       707048 normals,            0 xors
c -- vars added     228166
c Parsing time:  0.52 s
c Ouptutting solution to console
c asymm  cl-useful: 0/6055/94568 lits-rem:0 time: 1.56
c Time to fill non-learnt binary watchlists: 0.06 s
c subs with bin:        0  lits-rem:         0  v-fix:    0  time:  0.10 s
c Subs w/ non-existent bins:      4 l-rem:      0 v-fix:     0 done:  31186 time:  4.00 s
c lits-rem:         0  cl-subs:   106780  v-elim:  71482  v-fix:    0  time:  0.91 s
c Finding binary XORs:         0.10 s (found:      12, avg size: 2.0)
c Replacing       12 vars Replaced      214 lits Time:     0.01 s 
c Finding non-binary XORs:     0.04 s (found:       0, avg size: -nan)
c watched sorting time: 0.01
c Calc default polars -  time:   0.01 s pos:    6989 undec:  210392 neg:   10785
c =========================================================================================
c types(t): F = full restart, N = normal restart
c types(t): S = simplification begin/end, E = solution found
c restart types(rt): st = static, dy = dynamic
c  t rt  Rest     Confl      Vars   NormCls    BinCls   Learnts    ClLits    LtLits
c  B st     0         0     54274     91172    169310         0    629132         0  no matrixes
c Finding binary XORs:         0.04 s (found:       0, avg size: -nan)
c  N dy    14      4341     54274     91172    169372      4213    629132    135936  no matrixes
c  E dy    18      5241         0     91172    169392      5079    629132    161888  no matrixes
c Verified 91172 clauses.
c Solution needs extension. Extending.
c Verified 91172 clauses.
c        1 solution(s) found
c restarts              : 18         
c dynamic restarts      : 12         
c static restarts       : 6          
c full restarts         : 0          
c learnts DL2           : 0          
c learnts size 2        : 83         
c learnts size 1        : 102398      (44.88     % of vars)
c v-elim SatELite       : 71482       (31.33     % vars)
c SatELite time         : 5.00        (51.12     % time)
c v-elim xor            : 0           (0.00      % vars)
c xor elim time         : 0.00        (0.00      % time)
c num binary xor trees  : 12         
c binxor trees' crown   : 12          (1.00      leafs/tree)
c OTF clause improved   : 80          (0.02      clauses/conflict)
c OTF impr. size diff   : 80          (1.00       lits/clause)
c OTF cl watch-shrink   : 1726        (0.33      clauses/conflict)
c OTF cl watch-sh-lit   : 5433        (3.15       lits/clause)
c tried to recurMin cls : 826         (15.76      % of conflicts)
c stopped recurMin      : 826         (100.00     %)
c lits visited recurmin:: 1.30       
c conflicts             : 5241        (535.86    / sec)
c decisions             : 94228       (0.78      % random)
c bogo-props            : 111744647   (11425119.25 / sec)
c conflict literals     : 164515      (6.92      % deleted)
c Memory used           : 142.24      MB
c CPU time              : 9.78        s
c 
s SATISFIABLE
