c This is CryptoMiniSat 2.7.1
c WARNING: for repeatability, setting FPU to use double precision
c Reading file 'p57.cnf'
c -- header says num vars:         229157
c -- header says num clauses:      710513
c -- clauses added:            0 learnts,       710513 normals,            0 xors
c -- vars added     229157
c Parsing time:  0.50 s
c Ouptutting solution to console
c asymm  cl-useful: 7/7277/95226 lits-rem:7 time: 1.57
c Time to fill non-learnt binary watchlists: 0.06 s
c subs with bin:        0  lits-rem:         0  v-fix:    0  time:  0.11 s
c Subs w/ non-existent bins:      3 l-rem:      0 v-fix:     0 done:  31306 time:  4.06 s
c lits-rem:         0  cl-subs:   107439  v-elim:  72074  v-fix:    0  time:  0.90 s
c Finding binary XORs:         0.10 s (found:      13, avg size: 2.0)
c Replacing       13 vars Replaced      242 lits Time:     0.01 s 
c Finding non-binary XORs:     0.04 s (found:       0, avg size: -nan)
c watched sorting time: 0.01
c Calc default polars -  time:   0.02 s pos:    6610 undec:  212144 neg:   10403
c =========================================================================================
c types(t): F = full restart, N = normal restart
c types(t): S = simplification begin/end, E = solution found
c restart types(rt): st = static, dy = dynamic
c  t rt  Rest     Confl      Vars   NormCls    BinCls   Learnts    ClLits    LtLits
c  B st     0         0     54339     91547    170611         0    633331         0  no matrixes
c Finding binary XORs:         0.04 s (found:       0, avg size: -nan)
c  N dy    14      4080     54339     91547    170685      3945    633331    206217  no matrixes
c  N dy    31      8121     54339     91547    170762      7831    633331    310347  no matrixes
c  N dy    53     12160     54339     91547    170825     11764    633331    436080  no matrixes
c  N dy    79     16210     54339     91547    170900     15680    633331    546041  no matrixes
c  E dy    81     16622         0     91547    170914     16073    633331    554644  no matrixes
c Verified 91547 clauses.
c Solution needs extension. Extending.
c Verified 91547 clauses.
c        1 solution(s) found
c restarts              : 81         
c dynamic restarts      : 75         
c static restarts       : 6          
c full restarts         : 0          
c learnts DL2           : 0          
c learnts size 2        : 306        
c learnts size 1        : 102731      (44.83     % of vars)
c v-elim SatELite       : 72074       (31.45     % vars)
c SatELite time         : 5.08        (35.04     % time)
c v-elim xor            : 0           (0.00      % vars)
c xor elim time         : 0.00        (0.00      % time)
c num binary xor trees  : 13         
c binxor trees' crown   : 13          (1.00      leafs/tree)
c OTF clause improved   : 246         (0.01      clauses/conflict)
c OTF impr. size diff   : 266         (1.08       lits/clause)
c OTF cl watch-shrink   : 6124        (0.37      clauses/conflict)
c OTF cl watch-sh-lit   : 18567       (3.03       lits/clause)
c tried to recurMin cls : 3011        (18.11      % of conflicts)
c stopped recurMin      : 2996        (99.50      %)
c lits visited recurmin:: 1.26       
c conflicts             : 16622       (1147.22   / sec)
c decisions             : 253411      (0.82      % random)
c bogo-props            : 160502654   (11077624.84 / sec)
c conflict literals     : 565093      (7.99      % deleted)
c Memory used           : 144.19      MB
c CPU time              : 14.49       s
c 
s SATISFIABLE
