c This is CryptoMiniSat 2.7.1
c WARNING: for repeatability, setting FPU to use double precision
c Reading file 'p59.cnf'
c -- header says num vars:         231033
c -- header says num clauses:      714550
c -- clauses added:            0 learnts,       714550 normals,            0 xors
c -- vars added     231033
c Parsing time:  0.53 s
c Ouptutting solution to console
c asymm  cl-useful: 0/7293/94460 lits-rem:0 time: 1.74
c Time to fill non-learnt binary watchlists: 0.08 s
c subs with bin:        0  lits-rem:         0  v-fix:    0  time:  0.10 s
c Subs w/ non-existent bins:      4 l-rem:      0 v-fix:     0 done:  33570 time:  4.15 s
c lits-rem:         0  cl-subs:   107072  v-elim:  72698  v-fix:    0  time:  0.95 s
c Finding binary XORs:         0.10 s (found:      14, avg size: 2.0)
c Replacing       14 vars Replaced      273 lits Time:     0.01 s 
c Finding non-binary XORs:     0.05 s (found:       0, avg size: -nan)
c watched sorting time: 0.01
c Calc default polars -  time:   0.02 s pos:    6780 undec:  213079 neg:   11174
c =========================================================================================
c types(t): F = full restart, N = normal restart
c types(t): S = simplification begin/end, E = solution found
c restart types(rt): st = static, dy = dynamic
c  t rt  Rest     Confl      Vars   NormCls    BinCls   Learnts    ClLits    LtLits
c  B st     0         0     54148     90624    170237         0    630206         0  no matrixes
c Finding binary XORs:         0.04 s (found:       0, avg size: -nan)
c  N dy    14      4153     54148     90624    170310      4022    630206    133053  no matrixes
c  N dy    31      8376     54148     90624    170377      8102    630206    236638  no matrixes
c  N dy    53     12521     54142     90624    170451     12114    630206    335947  no matrixes
c  E dy    64     14350         0     90624    170503     13866    630206    380263  no matrixes
c Verified 90624 clauses.
c Solution needs extension. Extending.
c Verified 90624 clauses.
c        1 solution(s) found
c restarts              : 64         
c dynamic restarts      : 58         
c static restarts       : 6          
c full restarts         : 0          
c learnts DL2           : 0          
c learnts size 2        : 267        
c learnts size 1        : 104179      (45.09     % of vars)
c v-elim SatELite       : 72698       (31.47     % vars)
c SatELite time         : 5.20        (33.72     % time)
c v-elim xor            : 0           (0.00      % vars)
c xor elim time         : 0.00        (0.00      % time)
c num binary xor trees  : 14         
c binxor trees' crown   : 14          (1.00      leafs/tree)
c OTF clause improved   : 216         (0.02      clauses/conflict)
c OTF impr. size diff   : 235         (1.09       lits/clause)
c OTF cl watch-shrink   : 5348        (0.37      clauses/conflict)
c OTF cl watch-sh-lit   : 14993       (2.80       lits/clause)
c tried to recurMin cls : 2470        (17.21      % of conflicts)
c stopped recurMin      : 2465        (99.80      %)
c lits visited recurmin:: 1.30       
c conflicts             : 14350       (930.55    / sec)
c decisions             : 270231      (0.80      % random)
c bogo-props            : 158901636   (10304261.54 / sec)
c conflict literals     : 385690      (8.41      % deleted)
c Memory used           : 144.53      MB
c CPU time              : 15.42       s
c 
s SATISFIABLE
