WARNING: for repeatability, setting FPU to use double precision
============================[ Problem Statistics ]=============================
|                                                                             |
|  Number of variables:        231033                                         |
|  Number of clauses:          530373                                         |
|  Parse time:                   0.30 s                                       |
|                                                                             |
============================[ Search Statistics ]==============================
| Conflicts |          ORIGINAL         |          LEARNT          | Progress |
|           |    Vars  Clauses Literals |    Limit  Clauses Lit/Cl |          |
===============================================================================
|       100 |  126860   507433  1141126 |   186058      100     10 | 45.090 % |
|       250 |  126860   507433  1141126 |   204664      250     18 | 45.090 % |
===============================================================================
restarts              : 4
conflicts             : 460            (489 /sec)
decisions             : 12270          (0.00 % random) (13052 /sec)
propagations          : 2260108        (2404222 /sec)
conflict literals     : 10448          (3.34 % deleted)
Memory used           : 57.00 MB
CPU time              : 0.940058 s

SATISFIABLE
