c This is CryptoMiniSat 2.7.1
c WARNING: for repeatability, setting FPU to use double precision
c Reading file 'p63.cnf'
c -- header says num vars:         225590
c -- header says num clauses:      696635
c -- clauses added:            0 learnts,       696635 normals,            0 xors
c -- vars added     225590
c Parsing time:  0.53 s
c Ouptutting solution to console
c asymm  cl-useful: 0/7137/90824 lits-rem:0 time: 1.75
c Time to fill non-learnt binary watchlists: 0.07 s
c subs with bin:        0  lits-rem:         0  v-fix:    0  time:  0.11 s
c Subs w/ non-existent bins:      4 l-rem:      0 v-fix:     0 done:  36381 time:  4.06 s
c lits-rem:         0  cl-subs:   103436  v-elim:  70486  v-fix:    0  time:  0.95 s
c Finding binary XORs:         0.11 s (found:      12, avg size: 2.0)
c Replacing       12 vars Replaced      228 lits Time:     0.01 s 
c Finding non-binary XORs:     0.05 s (found:       0, avg size: -nan)
c watched sorting time: 0.01
c Calc default polars -  time:   0.02 s pos:    7162 undec:  206870 neg:   11558
c =========================================================================================
c types(t): F = full restart, N = normal restart
c types(t): S = simplification begin/end, E = solution found
c restart types(rt): st = static, dy = dynamic
c  t rt  Rest     Confl      Vars   NormCls    BinCls   Learnts    ClLits    LtLits
c  B st     0         0     52726     87384    164845         0    609306         0  no matrixes
c Finding binary XORs:         0.04 s (found:       0, avg size: -nan)
c  E st     6      2020         0     87384    164875      1956    609306    104267  no matrixes
c Verified 87384 clauses.
c Solution needs extension. Extending.
c Verified 87384 clauses.
c        1 solution(s) found
c restarts              : 6          
c dynamic restarts      : 0          
c static restarts       : 6          
c full restarts         : 0          
c learnts DL2           : 0          
c learnts size 2        : 30         
c learnts size 1        : 102366      (45.38     % of vars)
c v-elim SatELite       : 70486       (31.25     % vars)
c SatELite time         : 5.12        (58.67     % time)
c v-elim xor            : 0           (0.00      % vars)
c xor elim time         : 0.00        (0.00      % time)
c num binary xor trees  : 12         
c binxor trees' crown   : 12          (1.00      leafs/tree)
c OTF clause improved   : 34          (0.02      clauses/conflict)
c OTF impr. size diff   : 35          (1.03       lits/clause)
c OTF cl watch-shrink   : 826         (0.41      clauses/conflict)
c OTF cl watch-sh-lit   : 2643        (3.20       lits/clause)
c tried to recurMin cls : 236         (11.68      % of conflicts)
c stopped recurMin      : 236         (100.00     %)
c lits visited recurmin:: 1.32       
c conflicts             : 2020        (231.64    / sec)
c decisions             : 24893       (0.78      % random)
c bogo-props            : 94710536    (10860621.21 / sec)
c conflict literals     : 106223      (6.25      % deleted)
c Memory used           : 141.25      MB
c CPU time              : 8.72        s
c 
s SATISFIABLE
