c This is CryptoMiniSat 2.7.1
c WARNING: for repeatability, setting FPU to use double precision
c Reading file 'p64.cnf'
c -- header says num vars:         229072
c -- header says num clauses:      707367
c -- clauses added:            0 learnts,       707367 normals,            0 xors
c -- vars added     229072
c Parsing time:  0.53 s
c Ouptutting solution to console
c asymm  cl-useful: 0/7268/92422 lits-rem:0 time: 1.77
c Time to fill non-learnt binary watchlists: 0.08 s
c subs with bin:        0  lits-rem:         0  v-fix:    0  time:  0.12 s
c Subs w/ non-existent bins:      4 l-rem:      0 v-fix:     0 done:  33826 time:  4.29 s
c lits-rem:         0  cl-subs:   105234  v-elim:  72444  v-fix:    0  time:  0.96 s
c Finding binary XORs:         0.11 s (found:      12, avg size: 2.0)
c Replacing       12 vars Replaced      261 lits Time:     0.01 s 
c Finding non-binary XORs:     0.04 s (found:       0, avg size: -nan)
c watched sorting time: 0.01
c Calc default polars -  time:   0.02 s pos:    6999 undec:  210878 neg:   11195
c =========================================================================================
c types(t): F = full restart, N = normal restart
c types(t): S = simplification begin/end, E = solution found
c restart types(rt): st = static, dy = dynamic
c  t rt  Rest     Confl      Vars   NormCls    BinCls   Learnts    ClLits    LtLits
c  B st     0         0     53366     88509    167059         0    617853         0  no matrixes
c Finding binary XORs:         0.04 s (found:       0, avg size: -nan)
c  N dy     8      4026     53366     88509    167140      3847    617853    195717  no matrixes
c  N dy    24      8092     53366     88509    167215      7777    617853    301858  no matrixes
c  N dy    47     12464     53366     88509    167308     11970    617853    414962  no matrixes
c  N dy    74     16655     53366     88509    167382     16018    617853    541715  no matrixes
c  E dy    91     18877         0     88509    167420     18131    617853    615479  no matrixes
c Verified 88509 clauses.
c Solution needs extension. Extending.
c Verified 88509 clauses.
c        1 solution(s) found
c restarts              : 91         
c dynamic restarts      : 85         
c static restarts       : 6          
c full restarts         : 0          
c learnts DL2           : 0          
c learnts size 2        : 363        
c learnts size 1        : 103250      (45.07     % of vars)
c v-elim SatELite       : 72444       (31.62     % vars)
c SatELite time         : 5.37        (28.95     % time)
c v-elim xor            : 0           (0.00      % vars)
c xor elim time         : 0.00        (0.00      % time)
c num binary xor trees  : 12         
c binxor trees' crown   : 12          (1.00      leafs/tree)
c OTF clause improved   : 385         (0.02      clauses/conflict)
c OTF impr. size diff   : 431         (1.12       lits/clause)
c OTF cl watch-shrink   : 6760        (0.36      clauses/conflict)
c OTF cl watch-sh-lit   : 18089       (2.68       lits/clause)
c tried to recurMin cls : 2565        (13.59      % of conflicts)
c stopped recurMin      : 2557        (99.69      %)
c lits visited recurmin:: 1.23       
c conflicts             : 18877       (1018.11   / sec)
c decisions             : 332262      (0.73      % random)
c bogo-props            : 181990273   (9815475.01 / sec)
c conflict literals     : 625493      (7.00      % deleted)
c Memory used           : 146.20      MB
c CPU time              : 18.54       s
c 
s SATISFIABLE
