c Lingeling SAT Solver
c 
c Version ala b02aa1a04343558c4252b5f4a723be021964f652
c 
c Copyright (C) 2010-2012 Armin Biere JKU Linz Austria.
c All rights reserved.
c 
c released Sat Oct 13 14:05:26 CEST 2012
c compiled Sat Feb 16 02:48:12 EST 2013
c 
c gcc (Debian 4.4.5-8) 4.4.5
c -Wall -O3 -DNLGLOG -DNDEBUG -DNCHKSOL -DNLGLPICOSAT 
c Linux greencar2 2.6.32-5-amd64 x86_64
c 
c reading input file p64.cnf
c no embedded options
c found 'p cnf 229072 707367' header
c read 229072 variables, 707367 clauses, 1472168 literals in 0.0 seconds
c
c feature vars 229072
c feature lits.total 1472168
c feature lits.pos 784862
c feature lits.neg 687306
c feature clauses.total 707367
c feature clauses.unit 85188
c feature clauses.bin 499357
c feature clauses.trn 121422
c feature clauses.lrg 1400
c feature cog.val.min 1
c feature cog.val.avg 102037
c feature cog.val.max 219630
c feature cog.var.min 1
c feature cog.var.avg 114537
c feature cog.var.max 229071
c
c
c --abstime=0
c --acts=2
c --actavgmax=120
c --actstdmin=20
c --actstdmax=80
c --agile=23
c --bias=2
c --block=1
c --blkrtc=0
c --blkclslim=2000
c --blkocclim=2000
c --blkmaxeff=2147483647
c --blkmineff=10000000
c --blkreleff=20
c --card=0
c --cce=3
c --ccemaxeff=100000000
c --ccemineff=5000000
c --ccereleff=3
c --check=0
c --cgrclsr=1
c --cgrmaxority=20
c --cgrmaxeff=8000000
c --cgrmineff=200000
c --cgreleff=1
c --cgrexteq=1
c --cgrextand=1
c --cgrextunits=1
c --cgrextite=1
c --cgrextxor=1
c --cliff=1
c --cliffreleff=8
c --cliffmineff=10000000
c --cliffmaxeff=100000000
c --compact=0
c --decompose=1
c --defragint=10000000
c --defragfree=50
c --elim=1
c --elmrtc=0
c --elmblk=1
c --elmclslim=1000
c --elmocclim=1000
c --elmaxeff=100000000
c --elmineff=5000000
c --elmreleff=10
c --sleeponabort=0
c --exitonabort=0
c --flipping=1
c --flipint=2
c --flipdur=50
c --fliptop=1
c --force=0
c --gauss=1
c --gaussextrall=1
c --gaussmaxor=20
c --gaussexptrn=1
c --gaussmaxeff=50000000
c --gaussmineff=2000000
c --gaussreleff=2
c --gluescale=2
c --gluekeep=0
c --inprocessing=1
c --cintinc=10000
c --irrlim=20
c --lift=1
c --lftmaxeff=20000000
c --lftmineff=500000
c --lftreleff=6
c --lhbr=1
c --lkhd=1
c --clim=-1
c --mocint=1000
c --move=2
c --log=-1
c --otfs=1
c --phase=0
c --phaseneginit=0
c --plain=0
c --probe=1
c --prbasicmaxeff=100000000
c --prbasicmineff=1000000
c --prbasicreleff=10
c --prbasic=1
c --prbasicroundlim=9
c --queuemergelim=10000
c --queuefactor=833
c --queueinc=20
c --rmincpen=4
c --seed=0
c --smallirr=90
c --smallve=1
c --smallvevars=12
c --randec=1
c --randecint=1000
c --redfixed=0
c --redlbound=0
c --redlexpfac=10
c --redldoutfac=0
c --redloutinc=10000
c --redlinit=1000
c --redlinc=1000
c --redinoutinc=100
c --redlmininc=10
c --redlmaxinc=200
c --redlminrel=10
c --redlmaxrel=300
c --redlminabs=500
c --redlmaxabs=1000000
c --reduce=1
c --restart=2
c --restartint=5
c --rstinoutinc=110
c --simplify=1
c --simpdelay=100
c --simpen=4
c --sizepen=1000000
c --sizemaxpen=3
c --sortlits=0
c --syncint=111111
c --termint=122222
c --ternres=1
c --ternresrtc=0
c --trnrmineff=4000000
c --trnrmaxeff=40000000
c --trnreleff=10
c --transred=1
c --trdmineff=100000
c --trdmaxeff=2000000
c --trdreleff=10
c --unhide=1
c --unhdextstamp=1
c --unhdhbr=0
c --unhdmaxeff=20000000
c --unhdmineff=1000000
c --unhdreleff=4
c --unhdlnpr=3
c --unhdroundlim=5
c --verbose=1
c --witness=1
c [limits] no conflict limit
c [limits] simplification delayed by 100 to 100 conflicts
c 
c  seconds         irredundant          redundant clauses agility   height
c          variables clauses conflicts large binary ternary    glue         MB
c 
c *    0.0  125822   523911         0       0      0     0  64  0.0   0.0   42
c [cut-width] 173495, max 271338, min4 110416 at 75%, min10 36743 at 88%
c [decision-order] bias 1, old 1
c [queue-schedule-all-variables]
c s    0.0  125822   523911         0       0      0     0  64  0.0   0.0   42
c [simplification-1] limit hit at 100 conflicts
c [simplification-1] simplification penalty of 4
c [ternres-1] limit 4000000 with penalty 0 = 0 + 0
c [ternres-1] all 125822 free variables schedulable
c [ternres-1] 0 ternary resolvents (0 bin, 0 trn)
c [ternres-1] 16635 variables remain 13% (109187 retained)
c [gauss-1] limit 2000000 penalty 0 = 0 + 0
c [gauss-1] extracted 169137 xors of average arity 2.0
c [gauss-1] connected 338277 occurrences of 91784 variables (average 3.7)
c [gauss-1] limit 2000000 penalty 0 = 0 + 0
c [gauss-1] exported 0 unary, 0 binary and 0 ternary equations
c G    1.2  125822   500578       100     100      0     0  80  6.8 318.9   27
c d    1.5   57549   258810       100     100      0     0  80  6.8 318.9   21
c [basicprobe-1] limit 1000000 penalty 0 = 0 + 0
c [basicprobe-1-0] 4650 probes remain 8% after last round
c [basicprobe-1-0] 1 units = 1 failed (100%) + 0 lifted (0%)
c [basicprobe-1-0] removed 1 variables, found 6523 hbrs
c p    1.6   57548   258810       100     100   6523     0  80  6.8 318.9   25
c [cgrclsr-1] limit 200000 penalty 0 = 0 + 0
c [cgrclsr-1] all 57548 free variables schedulable
c [cgrclsr-1] fully completed congruence closure
c [lift-1] limit 500000 with penalty 0 = 0 + 0
c [lift-1] using 57548 probes 100%
c [lift-1] 57504 variables remain 100% (44 retained)
c [cliff-1] limit of 10000000 steps penalty 0 = 0 + 0
c [cliff-1] failed 1, lifted 0
c K    2.6   57544   258779       100     100  19657     0  80  6.8 318.9   25
c [unhide-1] limit 1000000 with penalty 0 = 0 + 0
c [unhide-1-1] 0 units, 0 failed, 21386 tauts, 0 hbrs, 116 literals
c u    2.8   57544   237374       100     100  19657     0  80  6.8 318.9   25
c [transred-1] limit 100000 with penalty 0 = 0 + 0
c t    2.8   57544   237373       100     100  19651     0  80  6.8 318.9   25
c [block-1] scheduling all variables this time
c [block-1] scheduled 57544 variables 100%
c [block-1] limit of 10000000 steps penalty 0 = 0 + 0
c [block-1] fully completed blocked clause elimination
c [block-1] transition to [ all 0 rem 0 ] state
c [block-1] eliminated 5000 blocked clauses
c k    3.1   57544   232373       100     100  19652  4999  80  6.8 318.9   21
c [cce-1] scheduling all variables this time
c [cce-1] limit of 10000000 steps penalty 0 = 0 + 0
c [cce-1] incomplete covered clause elimination 51441 not tried 89%
c [cce-1] transition to [ all 1 rem 1 ] state
c [cce-1] eliminated 479 covered clauses
c E    3.8   57543   231894       100     100  28658  4999  80  6.8 318.9   22
c [elim-1] scheduling all variables this time
c [elim-1] scheduled 57543 variables 100%
c [elim-1] limit of 5000000 steps penalty 0 = 0 + 0
c [elim-1] incomplete variable elimination 42207 not tried 73%
c [elim-1] transition to [ all 1 rem 1 ] state
c [elim-1] eliminated 7013 = 12% variables out of 57543
c e    5.4   50530   227459       100      46   9164   628  80  6.8 318.9   21
c [phase-1] phase bias: 1853 positive 16%, 9933 negative 84%
c [simplification-1] removed 75292 variables 59%
c [simplification-1] limit increments divided by 30
c [simplification-1] arithmetic increase of conflict limit interval by 333
c [simplification-1] new irredundant limit 2298546
c [simplification-1] new conflict limit 433
c [simplification-1] simplification penalty reduced to 3
c R    5.5   50530   227459       410     347   9165   636  23 10.0 902.6   26
c [simplification-2] limit hit at 433 conflicts
c [simplification-2] simplification penalty of 3
c [ternres-2] limit 2000000 with penalty 1 = 1 + 0
c [ternres-2] 6665 schedulable variables 13%
c [ternres-2] 1 ternary resolvents (0 bin, 1 trn)
c [ternres-2] fully completed ternary resolution
c T    5.6   50530   227459       433     360   9166   646  23  9.6 804.2   26
c [gauss-2] limit 1000000 penalty 1 = 1 + 0
c [gauss-2] extracted 514 xors of average arity 3.0
c [gauss-2] connected 1542 occurrences of 1044 variables (average 1.5)
c [gauss-2] limit 1000000 penalty 1 = 1 + 0
c [gauss-2] fully completed
c [gauss-2] exported 0 unary, 0 binary and 0 ternary equations
c G    5.7   50530   227459       433     360   9166   646  23  9.6 804.2   21
c [basicprobe-2] limit 1000000 penalty 0 = 0 + 0
c [basicprobe-2-0] 4186 probes remain 8% after last round
c [basicprobe-2-0] 1 units = 1 failed (100%) + 0 lifted (0%)
c [basicprobe-2-0] removed 1 variables, found 991 hbrs
c p    6.0   50529   227459       433     360  10154   645  23  9.6 804.2   26
c [cgrclsr-2] limit 100000 penalty 1 = 1 + 0
c [cgrclsr-2] all 50529 free variables schedulable
c [cgrclsr-2] fully completed congruence closure
c [lift-2] limit 250000 with penalty 1 = 1 + 0
c [lift-2] using 50493 probes 100%
c [lift-2] 50470 variables remain 100% (59 retained)
c [cliff-2] limit of 10000000 steps penalty 0 = 0 + 0
c [cliff-2] failed 0, lifted 0
c [unhide-2] limit 1000000 with penalty 0 = 0 + 0
c [unhide-2-2] 0 units, 0 failed, 1680 tauts, 0 hbrs, 115 literals
c u    7.1   50529   227442       433     359   9130   646  23  9.6 804.2   26
c [transred-3] limit 100000 with penalty 0 = 0 + 0
c t    7.1   50529   227439       433     359   9130   646  23  9.6 804.2   26
c [block-2] scheduling all variables this time
c [block-2] scheduled 50529 variables 100%
c [block-2] limit of 10000000 steps penalty 0 = 0 + 0
c [block-2] fully completed blocked clause elimination
c [block-2] transition to [ all 0 rem 0 ] state
c [block-2] eliminated 3 blocked clauses
c k    7.3   50529   227436       433     359   9133   646  23  9.6 804.2   21
c [cce-2] 47574 variables 94% will be scheduled this time
c [cce-2] limit of 10000000 steps penalty 0 = 0 + 0
c [cce-2] 47052 variables 93% remain to be tried next time
c [cce-2] transition to [ all 0 rem 1 ] state
c [cce-2] eliminated 350 covered clauses
c E    7.9   50528   227086       433     359   9679   646  23  9.6 804.2   21
c [elim-2] 42155 variables 83% will be scheduled this time
c [elim-2] scheduled 42155 variables 83%
c [elim-2] limit of 5000000 steps penalty 0 = 0 + 0
c [elim-2] 32019 variables 63% remain to be tried next time
c [elim-2] transition to [ all 0 rem 1 ] state
c [elim-2] eliminated 1290 = 3% variables out of 50528
c e    9.5   49238   226546       433     321   6650   612  23  9.6 804.2   22
c [phase-2] phase bias: 0 positive 0%, 0 negative 0%
c [simplification-2] removed 1292 variables 2%
c [simplification-2] limit increments divided by 2
c [simplification-2] arithmetic increase of conflict limit interval by 5000
c [simplification-2] new irredundant limit 2298546
c [simplification-2] new conflict limit 5766
c [simplification-2] simplification penalty reduced to 2
c R   10.0   49238   226546       977     778   6670   675   6  7.7 383.6   26
c -   10.3   49238   226546      1261     502   6676   722   2  7.1 305.0   26
c 1   11.1   49238   226546      2271    1426   6691   785   3  8.0 371.9   26
c 
c blkd: 2 bces, 5003 removed, 1360957 resolutions, 3783717 steps
c blkd: 7981 blocking literals 2%, 0 pure
c cces: 2 cces, 820 eliminated, 422 ate 51%, 398 abce 49%
c cces: 13250 probed, 1 lifted, 2 failed
c clff: 2 cliffs, 0 lifted, 1 failed
c clff: 10049 decisions, 20004495 steps
c clls: 1 sat, 0 simp, 0 freeze, 0 melt
c clls: 2179535 add, 0 assume,, 0 deref, 0 failed
c clls: 0 cassume, 0 mosat
c coll: 14 gcs, 0 rescored clauses
c cgrs: 2 count, 300016 esteps, 75817 csteps
c cgrs: 0 eqs, 0 units
c cgrs: 0 matched (0 ands 0%, 0 xors 0%, 0 ites 0%)
c cgrs: 0 simplified (0 ands 0%, 0 xors 0%, 0 ites 0%)
c cgrs: 2150 extracted (1829 ands 85%, 321 xors 15%, 0 ites 0%)
c dcps: 2 decompositions, 68273 equivalent 30%
c decs: 57999 decision, 60 random 0.103%
c decs: 12923 flipped 22.281% (in 13 phases)
c elms: 2 elims, 8303 eliminated 4%
c elms: 8053 small 97%, 250 large 3%
c elms: 25345 tried small, 8053 succeeded 32%, 17292 failed 68%
c elms: 0 subsumed, 0 strengthened, 198 blocked
c elms: 314737 copies, 220462 resolutions, 645728 ipos
c elms: 17 subchks, 4 strchks
c frcs: 0 computed, 31.8 - 68.2 average min-cut range
c gaus: 2 extractions, 169651 extracted, 2.0 size, 3 max
c gaus: exported 0 units, 0 binary and 0 ternary equations
c gaus: 0 gc, 6000056 steps, 3000028 extr 50%, 2273386 elim 38%
c glue: 8.0 avg, 2.9 scaled avg
c glue: 0 maxredglue=15 (0%)
c lift: 2 phases, 402 probed (134 level1 33%, 268 level2 67%)
c lift: 0 units, 0 equivalences, 0 implications
c hbrs: 30046 hbrs = 30046 trn 100% + 0 lrg 0%, 4 sub 0%
c lrnd: 2254 clauses, 1444 uips 64%, 16.0 length, 8.0 glue
c ints: 127 luby (11743 steps), 0 inout (0 steps)
c mins: 35954 learned lits, 3% minimized
c move: moved 5823, 824 binary 14%, 4999 ternary 86%
c otfs: str 105 dyn (94 red, 11 irr) 17 drv 16%, 88 rst 84%
c otfs: sub 1 dyn (1 red, 0 irr)
c phas: 2 computed, 11900 set, 1853 pos (16%), 10047 neg (84%)
c prbs: 2 basic, 2407 probed, 2 failed, 0 lifted
c prps: 12245773 props, 90 props/dec
c prps: 43% srch, 57% simp, 0% lkhd
c psns: 310217 searches, 12102 hits, 4% hit rate
c queu: 6808 new, 2229 del, 120 maximum priority
c queu: 4567 merged, 871 collected, 2 gcs
c queu: 2359 deprioritized, 20.4 lines on average
c reds: 1 count, 0 reset, 1 acts 100%, 0 exp 0%
c reds: 1 arithmetic 100%, 1 double 100%
c rmbd: 12 removed, 0 red 0%
c rsts: 91 restarts 72%, 35 skipped 28%
c rsts: 18 kept 19.8% average 32.6%
c simp: 2 count (0 ilim 0%, 0 plim 0%, 2 clim 100%)
c trnr: 2 count, 0 bin, 1 trn, 4459796 steps
c tops: 103258 fixed 45%, 0 iterations
c trds: 4 transitive reductions, 10 removed, 0 failed
c trds: 267 nodes, 347 edges, 200415 steps
c unhd: 2 count, 2 rounds, 2406091 steps
c unhd: 4 non-trivial sccs of average size 2.0
c unhd: 0 units, 0 bin, 0 trn, 0 lrg
c unhd: 0 failed, 0 stamp, 0 lits, 0 bin, 0 trn, 0 lrg
c unhd: 23066 tauts, 0 bin 0%, 0 trn 0%, 0 lrg 0%
c unhd: 23066 tauts, 23066 stamp 100%, 1680 red 7%
c unhd: 0 hbrs, 0 trn 0%, 0 lrg 0%, 0 red 0%
c unhd: 231 strd, 0 bin 0%, 0 trn 0%, 231 lrg 100%, 223 red 97%
c vars: 49238 remaining 21% and 179834 removed 79% out of 229072
c vars: 103258 fixed 45%, 8303 eliminated 4%, 68273 equivalent 30%
c vsts: 57738374 visits, 45% srch, 55% simp, 0% lkhd
c vsts: 5.0 search visits per propagation 11502.2 per conflict
c wchs: 8028604 pushed, 3679490 enlarged, 22 defrags
c 
c scaledglue  added       reduced       forcing      resolved     conflicts
c 
c all      2026 100       501 100     10141 100      3501 100       308 100
c 
c  0          0   0         0   0         0   0         0   0         0   0 
c  1         16   1         3   1       123   1        21   1         0   0 
c  2        488  24        93  19      2613  26       684  20        35  11 
c  3        836  41<      285  57<     4658  46<     1386  40<      111  36<
c  4        547  27       106  21      2523  25      1179  34       143  46 
c  5         99   5        10   2       176   2       172   5        16   5 
c  6         25   1         2   0        29   0        36   1         1   0 
c  7          6   0         0   0         8   0        12   0         2   1 
c  8          7   0         2   0         9   0         9   0         0   0 
c  9          2   0         0   0         2   0         2   0         0   0 
c 10          0   0         0   0         0   0         0   0         0   0 
c 11          0   0         0   0         0   0         0   0         0   0 
c 12          0   0         0   0         0   0         0   0         0   0 
c 13          0   0         0   0         0   0         0   0         0   0 
c 14          0   0         0   0         0   0         0   0         0   0 
c 15          0   0         0   0         0   0         0   0         0   0 
c 
c avg             3.2           3.1           3.0           3.3           3.5
c std             1.0           0.8           0.8           0.9           0.8
c 
c 57999 decisions, 2271 conflicts, 204.6 conflicts/sec
c 12245773 propagations, 1.1 megaprops/sec
c 11.1 seconds, 48.5 MB
c 
c    0.232   2% analysis
c    0.444   4% block
c    0.016   0% bump
c    0.000   0% card
c    1.336  12% cce
c    1.148  10% cliff
c    0.024   0% cutwidth
c    0.124   1% decide
c    0.000   0% force
c    1.020   9% gc
c    0.448   4% cgrclsr
c    0.388   3% decomp
c    0.252   2% defrag
c    3.144  28% elim
c    1.180  11% gauss
c    0.316   3% lift
c    0.032   0% mincls
c    0.076   1% phase
c    0.212   2% probe
c    0.004   0% reduce
c    0.116   1% restart
c    0.148   1% ternres
c    0.020   0% transred
c    0.404   4% unhide
c ==================================
c    0.032   0% preprocessing     0%
c    9.405  85% inprocessing    100%
c ==================================
c    9.437  85% simplifying
c    0.000   0% lookahead
c    1.644  15% search
c ==================================
c   11.101 100% all
c
s SATISFIABLE
