c This is CryptoMiniSat 2.7.1
c WARNING: for repeatability, setting FPU to use double precision
c Reading file 'p67.cnf'
c -- header says num vars:         219397
c -- header says num clauses:      679840
c -- clauses added:            0 learnts,       679840 normals,            0 xors
c -- vars added     219397
c Parsing time:  0.48 s
c Ouptutting solution to console
c asymm  cl-useful: 2/7228/90714 lits-rem:2 time: 1.60
c Time to fill non-learnt binary watchlists: 0.07 s
c subs with bin:        0  lits-rem:         0  v-fix:    0  time:  0.10 s
c Subs w/ non-existent bins:      4 l-rem:      0 v-fix:     0 done:  29352 time:  4.07 s
c lits-rem:         0  cl-subs:   102527  v-elim:  68821  v-fix:    0  time:  0.84 s
c Finding binary XORs:         0.10 s (found:      12, avg size: 2.0)
c Replacing       12 vars Replaced      214 lits Time:     0.01 s 
c Finding non-binary XORs:     0.04 s (found:       0, avg size: -nan)
c watched sorting time: 0.01
c Calc default polars -  time:   0.01 s pos:    6379 undec:  203044 neg:    9974
c =========================================================================================
c types(t): F = full restart, N = normal restart
c types(t): S = simplification begin/end, E = solution found
c restart types(rt): st = static, dy = dynamic
c  t rt  Rest     Confl      Vars   NormCls    BinCls   Learnts    ClLits    LtLits
c  B st     0         0     51881     87261    162866         0    604380         0  no matrixes
c Finding binary XORs:         0.04 s (found:       0, avg size: -nan)
c  E st     4       661         0     87261    162890       626    604380     11619  no matrixes
c Verified 87261 clauses.
c Solution needs extension. Extending.
c Verified 87261 clauses.
c        1 solution(s) found
c restarts              : 4          
c dynamic restarts      : 0          
c static restarts       : 4          
c full restarts         : 0          
c learnts DL2           : 0          
c learnts size 2        : 24         
c learnts size 1        : 98683       (44.98     % of vars)
c v-elim SatELite       : 68821       (31.37     % vars)
c SatELite time         : 5.01        (62.93     % time)
c v-elim xor            : 0           (0.00      % vars)
c xor elim time         : 0.00        (0.00      % time)
c num binary xor trees  : 12         
c binxor trees' crown   : 12          (1.00      leafs/tree)
c OTF clause improved   : 11          (0.02      clauses/conflict)
c OTF impr. size diff   : 11          (1.00       lits/clause)
c OTF cl watch-shrink   : 240         (0.36      clauses/conflict)
c OTF cl watch-sh-lit   : 499         (2.08       lits/clause)
c tried to recurMin cls : 112         (16.94      % of conflicts)
c stopped recurMin      : 112         (100.00     %)
c lits visited recurmin:: 1.21       
c conflicts             : 661         (82.99     / sec)
c decisions             : 14771       (0.95      % random)
c bogo-props            : 92370041    (11597724.38 / sec)
c conflict literals     : 11958       (6.56      % deleted)
c Memory used           : 138.35      MB
c CPU time              : 7.96        s
c 
s SATISFIABLE
