c This is CryptoMiniSat 2.7.1
c WARNING: for repeatability, setting FPU to use double precision
c Reading file 'p69.cnf'
c -- header says num vars:         223143
c -- header says num clauses:      686477
c -- clauses added:            0 learnts,       686477 normals,            0 xors
c -- vars added     223143
c Parsing time:  0.24 s
c Ouptutting solution to console
c asymm  cl-useful: 2/7307/87172 lits-rem:2 time: 1.05
c Time to fill non-learnt binary watchlists: 0.04 s
c subs with bin:        0  lits-rem:         0  v-fix:    0  time:  0.06 s
c Subs w/ non-existent bins:      3 l-rem:      0 v-fix:    16 done:  41536 time:  2.53 s
c lits-rem:         0  cl-subs:   100168  v-elim:  69580  v-fix:    0  time:  0.53 s
c Finding binary XORs:         0.06 s (found:      15, avg size: 2.0)
c Replacing       15 vars Replaced      291 lits Time:     0.01 s 
c Finding non-binary XORs:     0.02 s (found:       0, avg size: -nan)
c watched sorting time: 0.01
c Calc default polars -  time:   0.01 s pos:    7528 undec:  203896 neg:   11719
c =========================================================================================
c types(t): F = full restart, N = normal restart
c types(t): S = simplification begin/end, E = solution found
c restart types(rt): st = static, dy = dynamic
c  t rt  Rest     Confl      Vars   NormCls    BinCls   Learnts    ClLits    LtLits
c  B st     0         0     51161     83569    160272         0    589847         0  no matrixes
c Finding binary XORs:         0.02 s (found:       0, avg size: -nan)
c  E dy     8      3245         0     83569    160332      3144    589847    106714  no matrixes
c Verified 83569 clauses.
c Solution needs extension. Extending.
c Verified 83569 clauses.
c        1 solution(s) found
c restarts              : 8          
c dynamic restarts      : 2          
c static restarts       : 6          
c full restarts         : 0          
c learnts DL2           : 0          
c learnts size 2        : 60         
c learnts size 1        : 102387      (45.88     % of vars)
c v-elim SatELite       : 69580       (31.18     % vars)
c SatELite time         : 3.13        (54.16     % time)
c v-elim xor            : 0           (0.00      % vars)
c xor elim time         : 0.00        (0.00      % time)
c num binary xor trees  : 15         
c binxor trees' crown   : 15          (1.00      leafs/tree)
c OTF clause improved   : 41          (0.01      clauses/conflict)
c OTF impr. size diff   : 44          (1.07       lits/clause)
c OTF cl watch-shrink   : 1244        (0.38      clauses/conflict)
c OTF cl watch-sh-lit   : 3992        (3.21       lits/clause)
c tried to recurMin cls : 448         (13.81      % of conflicts)
c stopped recurMin      : 447         (99.78      %)
c lits visited recurmin:: 1.25       
c conflicts             : 3245        (561.77    / sec)
c decisions             : 51910       (0.92      % random)
c bogo-props            : 102983713   (17828475.92 / sec)
c conflict literals     : 107506      (7.74      % deleted)
c Memory used           : 139.45      MB
c CPU time              : 5.78        s
c 
s SATISFIABLE
