c This is CryptoMiniSat 2.7.1
c WARNING: for repeatability, setting FPU to use double precision
c Reading file 'p74.cnf'
c -- header says num vars:         231883
c -- header says num clauses:      715922
c -- clauses added:            0 learnts,       715922 normals,            0 xors
c -- vars added     231883
c Parsing time:  0.29 s
c Ouptutting solution to console
c asymm  cl-useful: 3/7605/93598 lits-rem:3 time: 1.04
c Time to fill non-learnt binary watchlists: 0.04 s
c subs with bin:        0  lits-rem:         0  v-fix:    0  time:  0.05 s
c Subs w/ non-existent bins:      2 l-rem:      0 v-fix:     0 done:  33398 time:  2.69 s
c lits-rem:         0  cl-subs:   106705  v-elim:  74718  v-fix:    0  time:  0.54 s
c Finding binary XORs:         0.06 s (found:      11, avg size: 2.0)
c Replacing       11 vars Replaced      212 lits Time:     0.00 s 
c Finding non-binary XORs:     0.03 s (found:       0, avg size: -nan)
c watched sorting time: 0.01
c Calc default polars -  time:   0.01 s pos:    6265 undec:  215156 neg:   10462
c =========================================================================================
c types(t): F = full restart, N = normal restart
c types(t): S = simplification begin/end, E = solution found
c restart types(rt): st = static, dy = dynamic
c  t rt  Rest     Confl      Vars   NormCls    BinCls   Learnts    ClLits    LtLits
c  B st     0         0     53269     89258    168642         0    624182         0  no matrixes
c Finding binary XORs:         0.02 s (found:       0, avg size: -nan)
c  E st     6      1883         0     89258    168676      1786    624182     68170  no matrixes
c Verified 89258 clauses.
c Solution needs extension. Extending.
c Verified 89258 clauses.
c        1 solution(s) found
c restarts              : 6          
c dynamic restarts      : 0          
c static restarts       : 6          
c full restarts         : 0          
c learnts DL2           : 0          
c learnts size 2        : 34         
c learnts size 1        : 103885      (44.80     % of vars)
c v-elim SatELite       : 74718       (32.22     % vars)
c SatELite time         : 3.28        (60.91     % time)
c v-elim xor            : 0           (0.00      % vars)
c xor elim time         : 0.00        (0.00      % time)
c num binary xor trees  : 11         
c binxor trees' crown   : 11          (1.00      leafs/tree)
c OTF clause improved   : 63          (0.03      clauses/conflict)
c OTF impr. size diff   : 64          (1.02       lits/clause)
c OTF cl watch-shrink   : 605         (0.32      clauses/conflict)
c OTF cl watch-sh-lit   : 1444        (2.39       lits/clause)
c tried to recurMin cls : 248         (13.17      % of conflicts)
c stopped recurMin      : 248         (100.00     %)
c lits visited recurmin:: 1.17       
c conflicts             : 1883        (349.20    / sec)
c decisions             : 31878       (0.84      % random)
c bogo-props            : 94388509    (17504193.27 / sec)
c conflict literals     : 70224       (8.21      % deleted)
c Memory used           : 152.43      MB
c CPU time              : 5.39        s
c 
s SATISFIABLE
