c This is CryptoMiniSat 2.7.1
c WARNING: for repeatability, setting FPU to use double precision
c Reading file 'p75.cnf'
c -- header says num vars:         217439
c -- header says num clauses:      668819
c -- clauses added:            0 learnts,       668819 normals,            0 xors
c -- vars added     217439
c Parsing time:  0.26 s
c Ouptutting solution to console
c asymm  cl-useful: 2/7276/84642 lits-rem:2 time: 1.03
c Time to fill non-learnt binary watchlists: 0.04 s
c subs with bin:        0  lits-rem:         0  v-fix:    0  time:  0.06 s
c Subs w/ non-existent bins:      3 l-rem:      0 v-fix:    20 done:  38690 time:  2.46 s
c lits-rem:         0  cl-subs:    97434  v-elim:  68276  v-fix:    0  time:  0.53 s
c Finding binary XORs:         0.06 s (found:      12, avg size: 2.0)
c Replacing       12 vars Replaced      232 lits Time:     0.01 s 
c Finding non-binary XORs:     0.02 s (found:       0, avg size: -nan)
c watched sorting time: 0.01
c Calc default polars -  time:   0.01 s pos:    7338 undec:  198567 neg:   11534
c =========================================================================================
c types(t): F = full restart, N = normal restart
c types(t): S = simplification begin/end, E = solution found
c restart types(rt): st = static, dy = dynamic
c  t rt  Rest     Confl      Vars   NormCls    BinCls   Learnts    ClLits    LtLits
c  B st     0         0     49734     80954    155544         0    572042         0  no matrixes
c Finding binary XORs:         0.02 s (found:       0, avg size: -nan)
c  N dy    16      4069     49734     80954    155628      3875    572042     83467  no matrixes
c  N dy    39      8177     49734     80954    155725      7753    572042    163628  no matrixes
c  N dy    63     12194     49734     80954    155831     11544    572042    253379  no matrixes
c  N dy    88     16235     49734     80954    155922     15358    572042    334814  no matrixes
c  N dy   118     20317     49734     80954    156014      9805    572042    100402  no matrixes
c  N dy   153     24333     49734     80954    156102     13627    572042    220529  no matrixes
c  F st   159     25000     49734     80954    156114     14266    572042    236098  no matrixes
c  N dy   165     30191     49734     80954    156207     19279    572042    503901  no matrixes
c  S st   165     30191     49734     80954    156207     19279    572042    503901  no matrixes
c  S st   165     30691     49734     80954    156282     19702    572042    509892  no matrixes
c x-sub:     0 x-cut:      0 vfix:      0 v-elim:      0 locsubst:     0 time:   0.02
c binary deg approx. time:  0.16 s num checked:   2823 i:    2880 props: 3001k
c Flit:     0 Blit:      6 bXBeca:    0 bXProp:    0 Bins:   2307 P: 237.6M T: 10.12
c Time to fill non-learnt binary watchlists: 0.02 s
c subs with bin:       10  lits-rem:       624  v-fix:    0  time:  0.06 s
c Subs w/ non-existent bins:     28 l-rem:      0 v-fix:     0 done:  49728 time:  5.72 s
c Removed useless bin:    6098  fixed:     0  props:  19.95M  time:  1.36 s
c lits-rem:         0  cl-subs:        2  v-elim:      7  v-fix:    0  time:  0.32 s
c lits-rem:      1564  cl-subs:     2046  v-elim:      0  v-fix:    0  time:  0.50 s
c asymm  cl-useful: 2/10792/80932 lits-rem:2 time: 0.88
c watched sorting time: 0.01
c  N dy   165     30691     49721     80932    152417     17661    559043    490464  no matrixes
c  N dy   194     34829     49721     80932    152540     21557    559043    608770  no matrixes
c  N dy   227     38903     49721     80932    152651     25466    559043    752326  no matrixes
c  N dy   257     42946     49721     80932    152765     29321    559043    893222  no matrixes
c  S st   279     46090     49721     80932    152881     17626    559043    230405  no matrixes
c  S st   279     46593     49721     80932    152914     18092    559043    243770  no matrixes
c x-sub:     0 x-cut:      0 vfix:      0 v-elim:      0 locsubst:     0 time:   0.02
c binary deg approx. time:  0.16 s num checked:   2892 i:    2940 props: 3000k
c Flit:     0 Blit:      0 bXBeca:    0 bXProp:    0 Bins:    347 P: 237.6M T:  8.22
c Time to fill non-learnt binary watchlists: 0.03 s
c subs with bin:        0  lits-rem:         0  v-fix:    0  time:  0.06 s
c Subs w/ non-existent bins:      2 l-rem:      3 v-fix:     0 done:  49721 time:  6.28 s
c Removed useless bin:    7070  fixed:     0  props:  19.95M  time:  1.87 s
c lits-rem:         0  cl-subs:        0  v-elim:      5  v-fix:    0  time:  0.23 s
c Blocked clauses removed:        0    Time: 0.02 s
c lits-rem:       621  cl-subs:     1199  v-elim:      0  v-fix:    0  time:  0.38 s
c asymm  cl-useful: 10/13935/80945 lits-rem:10 time: 1.04
c watched sorting time: 0.01
c  N dy   279     46593     49716     80945    146174     16892    544896    232901  no matrixes
c  N dy   311     50633     49716     80945    146256     20783    544896    370526  no matrixes
c  E dy   314     50926         0     80945    146259     21071    544896    385090  no matrixes
c Verified 80945 clauses.
c Solution needs extension. Extending.
c Verified 80945 clauses.
c        1 solution(s) found
c restarts              : 314        
c dynamic restarts      : 302        
c static restarts       : 22         
c full restarts         : 1          
c learnts DL2           : 0          
c learnts size 2        : 3977       
c learnts size 1        : 99423       (45.72     % of vars)
c v-elim SatELite       : 68288       (31.41     % vars)
c SatELite time         : 16.59       (25.87     % time)
c v-elim xor            : 0           (0.00      % vars)
c xor elim time         : 0.03        (0.05      % time)
c num binary xor trees  : 12         
c binxor trees' crown   : 12          (1.00      leafs/tree)
c OTF clause improved   : 1220        (0.02      clauses/conflict)
c OTF impr. size diff   : 1519        (1.25       lits/clause)
c OTF cl watch-shrink   : 22539       (0.44      clauses/conflict)
c OTF cl watch-sh-lit   : 57395       (2.55       lits/clause)
c tried to recurMin cls : 5898        (11.58      % of conflicts)
c stopped recurMin      : 5869        (99.51      %)
c lits visited recurmin:: 1.19       
c conflicts             : 50926       (793.83    / sec)
c decisions             : 820027      (1.08      % random)
c bogo-props            : 388641929   (6058141.20 / sec)
c conflict literals     : 1542141     (10.08     % deleted)
c Memory used           : 287.57      MB
c CPU time              : 64.15       s
c 
s SATISFIABLE
