WARNING: for repeatability, setting FPU to use double precision
============================[ Problem Statistics ]=============================
|                                                                             |
|  Number of variables:        218031                                         |
|  Number of clauses:          491170                                         |
|  Parse time:                   0.17 s                                       |
|                                                                             |
============================[ Search Statistics ]==============================
| Conflicts |          ORIGINAL         |          LEARNT          | Progress |
|           |    Vars  Clauses Literals |    Limit  Clauses Lit/Cl |          |
===============================================================================
|       100 |  118448   467820  1053288 |   171534      100     14 | 45.674 % |
|       250 |  118448   467820  1053288 |   188687      250     13 | 45.674 % |
|       475 |  118448   467820  1053288 |   207556      475     13 | 45.674 % |
|       812 |  118448   467820  1053288 |   228311      812     21 | 45.674 % |
|      1318 |  118448   467820  1053288 |   251142     1318     21 | 45.674 % |
|      2077 |  118448   467820  1053288 |   276257     2077     23 | 45.674 % |
|      3216 |  118448   467820  1053288 |   303882     3216     36 | 45.674 % |
===============================================================================
restarts              : 16
conflicts             : 3281           (1486 /sec)
decisions             : 54428          (0.00 % random) (24649 /sec)
propagations          : 11388638       (5157575 /sec)
conflict literals     : 116882         (4.66 % deleted)
Memory used           : 56.00 MB
CPU time              : 2.20814 s

SATISFIABLE
