c This is CryptoMiniSat 2.7.1
c WARNING: for repeatability, setting FPU to use double precision
c Reading file 'pb_200_07.cnf'
c -- header says num vars:         195626
c -- header says num clauses:      603248
c -- clauses added:            0 learnts,       603248 normals,            0 xors
c -- vars added     195626
c Parsing time:  0.24 s
c Ouptutting solution to console
c asymm  cl-useful: 1/6519/76846 lits-rem:1 time: 0.99
c Time to fill non-learnt binary watchlists: 0.02 s
c subs with bin:        0  lits-rem:         0  v-fix:    0  time:  0.05 s
c Subs w/ non-existent bins:      4 l-rem:      0 v-fix:    76 done:  21474 time:  1.88 s
c lits-rem:         0  cl-subs:    88178  v-elim:  60781  v-fix:    0  time:  0.40 s
c Finding binary XORs:         0.05 s (found:       8, avg size: 2.0)
c Replacing        8 vars Replaced      122 lits Time:     0.00 s 
c Finding non-binary XORs:     0.02 s (found:       0, avg size: -nan)
c watched sorting time: 0.01
c Calc default polars -  time:   0.00 s pos:    6081 undec:  179669 neg:    9876
c =========================================================================================
c types(t): F = full restart, N = normal restart
c types(t): S = simplification begin/end, E = solution found
c restart types(rt): st = static, dy = dynamic
c  t rt  Rest     Confl      Vars   NormCls    BinCls   Learnts    ClLits    LtLits
c  B st     0         0     44781     73578    141743         0    520416         0  no matrixes
c Finding binary XORs:         0.02 s (found:       0, avg size: -nan)
c  N dy    11      4364     44780     73578    141845      4187    520416    204703  no matrixes
c  N dy    27      8397     44780     73578    141927      8074    520416    369093  no matrixes
c  N dy    49     12482     44780     73578    141989     12052    520416    514596  no matrixes
c  N dy    72     16919     44780     73578    142059     16351    520416    664241  no matrixes
c  N dy    90     21156     44780     73578    142150     10763    520416    174720  no matrixes
c  F st   118     25001     44780     73578    142212     14522    520416    306403  no matrixes
c  N st   119     25253     44780     73578    142185     14763    520338    312262  no matrixes
c  E st   124     28874         0     73578    142214     18334    520338    585873  no matrixes
c Verified 73578 clauses.
c Solution needs extension. Extending.
c Verified 73578 clauses.
c        1 solution(s) found
c restarts              : 124        
c dynamic restarts      : 112        
c static restarts       : 12         
c full restarts         : 1          
c learnts DL2           : 0          
c learnts size 2        : 507        
c learnts size 1        : 90057       (46.04     % of vars)
c v-elim SatELite       : 60781       (31.07     % vars)
c SatELite time         : 2.33        (16.91     % time)
c v-elim xor            : 0           (0.00      % vars)
c xor elim time         : 0.00        (0.00      % time)
c num binary xor trees  : 8          
c binxor trees' crown   : 8           (1.00      leafs/tree)
c OTF clause improved   : 367         (0.01      clauses/conflict)
c OTF impr. size diff   : 415         (1.13       lits/clause)
c OTF cl watch-shrink   : 10604       (0.37      clauses/conflict)
c OTF cl watch-sh-lit   : 33613       (3.17       lits/clause)
c tried to recurMin cls : 3956        (13.70      % of conflicts)
c stopped recurMin      : 3854        (97.42      %)
c lits visited recurmin:: 1.29       
c conflicts             : 28874       (2097.66   / sec)
c decisions             : 174855      (1.25      % random)
c bogo-props            : 233989293   (16999031.81 / sec)
c conflict literals     : 1251451     (17.16     % deleted)
c Memory used           : 272.38      MB
c CPU time              : 13.76       s
c 
s SATISFIABLE
