c Lingeling SAT Solver
c 
c Version ala b02aa1a04343558c4252b5f4a723be021964f652
c 
c Copyright (C) 2010-2012 Armin Biere JKU Linz Austria.
c All rights reserved.
c 
c released Sat Oct 13 14:05:26 CEST 2012
c compiled Sat Feb 16 02:48:12 EST 2013
c 
c gcc (Debian 4.4.5-8) 4.4.5
c -Wall -O3 -DNLGLOG -DNDEBUG -DNCHKSOL -DNLGLPICOSAT 
c Linux greencar2 2.6.32-5-amd64 x86_64
c 
c reading input file pb_200_01.cnf
c no embedded options
c found 'p cnf 201317 618623' header
c read 201317 variables, 618623 clauses, 1286213 literals in 0.0 seconds
c
c feature vars 201317
c feature lits.total 1286213
c feature lits.pos 687302
c feature lits.neg 598911
c feature clauses.total 618623
c feature clauses.unit 76245
c feature clauses.bin 436566
c feature clauses.trn 104412
c feature clauses.lrg 1400
c feature cog.val.min 1
c feature cog.val.avg 89618
c feature cog.val.max 192608
c feature cog.var.min 1
c feature cog.var.avg 100659
c feature cog.var.max 201316
c
c
c --abstime=0
c --acts=2
c --actavgmax=120
c --actstdmin=20
c --actstdmax=80
c --agile=23
c --bias=2
c --block=1
c --blkrtc=0
c --blkclslim=2000
c --blkocclim=2000
c --blkmaxeff=2147483647
c --blkmineff=10000000
c --blkreleff=20
c --card=0
c --cce=3
c --ccemaxeff=100000000
c --ccemineff=5000000
c --ccereleff=3
c --check=0
c --cgrclsr=1
c --cgrmaxority=20
c --cgrmaxeff=8000000
c --cgrmineff=200000
c --cgreleff=1
c --cgrexteq=1
c --cgrextand=1
c --cgrextunits=1
c --cgrextite=1
c --cgrextxor=1
c --cliff=1
c --cliffreleff=8
c --cliffmineff=10000000
c --cliffmaxeff=100000000
c --compact=0
c --decompose=1
c --defragint=10000000
c --defragfree=50
c --elim=1
c --elmrtc=0
c --elmblk=1
c --elmclslim=1000
c --elmocclim=1000
c --elmaxeff=100000000
c --elmineff=5000000
c --elmreleff=10
c --sleeponabort=0
c --exitonabort=0
c --flipping=1
c --flipint=2
c --flipdur=50
c --fliptop=1
c --force=0
c --gauss=1
c --gaussextrall=1
c --gaussmaxor=20
c --gaussexptrn=1
c --gaussmaxeff=50000000
c --gaussmineff=2000000
c --gaussreleff=2
c --gluescale=2
c --gluekeep=0
c --inprocessing=1
c --cintinc=10000
c --irrlim=20
c --lift=1
c --lftmaxeff=20000000
c --lftmineff=500000
c --lftreleff=6
c --lhbr=1
c --lkhd=1
c --clim=-1
c --mocint=1000
c --move=2
c --log=-1
c --otfs=1
c --phase=0
c --phaseneginit=0
c --plain=0
c --probe=1
c --prbasicmaxeff=100000000
c --prbasicmineff=1000000
c --prbasicreleff=10
c --prbasic=1
c --prbasicroundlim=9
c --queuemergelim=10000
c --queuefactor=833
c --queueinc=20
c --rmincpen=4
c --seed=0
c --smallirr=90
c --smallve=1
c --smallvevars=12
c --randec=1
c --randecint=1000
c --redfixed=0
c --redlbound=0
c --redlexpfac=10
c --redldoutfac=0
c --redloutinc=10000
c --redlinit=1000
c --redlinc=1000
c --redinoutinc=100
c --redlmininc=10
c --redlmaxinc=200
c --redlminrel=10
c --redlmaxrel=300
c --redlminabs=500
c --redlmaxabs=1000000
c --reduce=1
c --restart=2
c --restartint=5
c --rstinoutinc=110
c --simplify=1
c --simpdelay=100
c --simpen=4
c --sizepen=1000000
c --sizemaxpen=3
c --sortlits=0
c --syncint=111111
c --termint=122222
c --ternres=1
c --ternresrtc=0
c --trnrmineff=4000000
c --trnrmaxeff=40000000
c --trnreleff=10
c --transred=1
c --trdmineff=100000
c --trdmaxeff=2000000
c --trdreleff=10
c --unhide=1
c --unhdextstamp=1
c --unhdhbr=0
c --unhdmaxeff=20000000
c --unhdmineff=1000000
c --unhdreleff=4
c --unhdlnpr=3
c --unhdroundlim=5
c --verbose=1
c --witness=1
c [limits] no conflict limit
c [limits] simplification delayed by 100 to 100 conflicts
c 
c  seconds         irredundant          redundant clauses agility   height
c          variables clauses conflicts large binary ternary    glue         MB
c 
c *    0.0  107812   447730         0       0      0     0  61  0.0   0.0   40
c [cut-width] 148747, max 237258, min4 89468 at 75%, min10 33947 at 88%
c [decision-order] bias 1, old 1
c [queue-schedule-all-variables]
c s    0.0  107812   447730         0       0      0     0  61  0.0   0.0   40
c [simplification-1] limit hit at 100 conflicts
c [simplification-1] simplification penalty of 4
c [ternres-1] limit 4000000 with penalty 0 = 0 + 0
c [ternres-1] all 107812 free variables schedulable
c [ternres-1] 4 ternary resolvents (0 bin, 4 trn)
c [ternres-1] fully completed ternary resolution
c T    0.2  107812   447730       100      90      5     9  18  3.9 118.2   43
c [gauss-1] limit 2000000 penalty 0 = 0 + 0
c [gauss-1] extracted 173487 xors of average arity 2.0
c [gauss-1] connected 346977 occurrences of 95905 variables (average 3.6)
c [gauss-1] limit 2000000 penalty 0 = 0 + 0
c d    1.3   48946   218990       100      90      5     8  18  3.9 118.2   19
c [gauss-1] exported 0 unary, 3 binary and 0 ternary equations
c G    1.3   48946   218990       100      90      5     8  18  3.9 118.2   19
c [basicprobe-1] limit 1000000 penalty 0 = 0 + 0
c [basicprobe-1-0] 4200 probes remain 9% after last round
c [basicprobe-1-0] removed 0 variables, found 3943 hbrs
c p    1.6   48946   218990       100      90   3948     7  18  3.9 118.2   23
c [cgrclsr-1] limit 200000 penalty 0 = 0 + 0
c [cgrclsr-1] all 48946 free variables schedulable
c [cgrclsr-1] fully completed congruence closure
c [lift-1] limit 500000 with penalty 0 = 0 + 0
c [lift-1] using 48946 probes 100%
c [lift-1] 48899 variables remain 100% (47 retained)
c [cliff-1] limit of 10000000 steps penalty 0 = 0 + 0
c [cliff-1] failed 3, lifted 10
c K    2.4   48923   218990       100      90  10842     7  18  3.9 118.2   23
c [unhide-1] limit 1000000 with penalty 0 = 0 + 0
c [unhide-1-1] 0 units, 3 failed, 16627 tauts, 0 hbrs, 62 literals
c u    2.6   48917   202251       100      90  10559     7  18  3.9 118.2   23
c [transred-1] limit 100000 with penalty 0 = 0 + 0
c t    2.7   48917   202249       100      90  10559     7  18  3.9 118.2   23
c [block-1] scheduling all variables this time
c [block-1] scheduled 48917 variables 100%
c [block-1] limit of 10000000 steps penalty 0 = 0 + 0
c [block-1] fully completed blocked clause elimination
c [block-1] transition to [ all 0 rem 0 ] state
c [block-1] eliminated 4600 blocked clauses
c k    2.9   48917   197620       100      90  10559  4607  18  3.9 118.2   20
c [cce-1] scheduling all variables this time
c [cce-1] limit of 10000000 steps penalty 0 = 0 + 0
c [cce-1] incomplete covered clause elimination 43464 not tried 89%
c [cce-1] transition to [ all 1 rem 1 ] state
c [cce-1] eliminated 226 covered clauses
c E    3.6   48894   197394       100      90  18679  4606  18  3.9 118.2   20
c [elim-1] scheduling all variables this time
c [elim-1] scheduled 48894 variables 100%
c [elim-1] limit of 5000000 steps penalty 0 = 0 + 0
c [elim-1] incomplete variable elimination 34018 not tried 70%
c [elim-1] transition to [ all 1 rem 1 ] state
c [elim-1] eliminated 6803 = 14% variables out of 48894
c e    5.2   42091   193177       100      53   4826   586  18  3.9 118.2   19
c [phase-1] phase bias: 1371 positive 9%, 14059 negative 91%
c [simplification-1] removed 65721 variables 60%
c [simplification-1] limit increments divided by 31
c [simplification-1] arithmetic increase of conflict limit interval by 322
c [simplification-1] new irredundant limit 1980495
c [simplification-1] new conflict limit 422
c [simplification-1] simplification penalty reduced to 3
c R    5.3   42091   193177       163      99   4834   594  15  3.8  92.1   23
c R    5.4   42091   193177       410     284   4848   637   8  4.1 116.7   23
c [simplification-2] limit hit at 422 conflicts
c [simplification-2] simplification penalty of 3
c [ternres-2] limit 4000000 with penalty 0 = 0 + 0
c [ternres-2] all 42091 free variables schedulable
c [ternres-2] 44 ternary resolvents (0 bin, 44 trn)
c [ternres-2] fully completed ternary resolution
c T    5.5   42091   193177       422     293   4848   684   6  4.2 121.5   23
c [gauss-2] limit 2000000 penalty 0 = 0 + 0
c [gauss-2] extracted 1153 xors of average arity 3.0
c [gauss-2] connected 3456 occurrences of 1601 variables (average 2.2)
c [gauss-2] limit 2000000 penalty 0 = 0 + 0
c [gauss-2] fully completed
c [gauss-2] exported 0 unary, 0 binary and 0 ternary equations
c G    5.7   42091   193177       422     293   4848   684   6  4.2 121.5   19
c [basicprobe-2] limit 500000 penalty 1 = 1 + 0
c [basicprobe-2-0] 4493 probes remain 11% after last round
c [basicprobe-2-0] 2 units = 2 failed (100%) + 0 lifted (0%)
c [basicprobe-2-0] removed 2 variables, found 1021 hbrs
c p    5.9   42089   193177       422     293   5869   682   6  4.2 121.5   23
c [cgrclsr-2] limit 100000 penalty 1 = 1 + 0
c [cgrclsr-2] all 42089 free variables schedulable
c [cgrclsr-2] fully completed congruence closure
c [lift-2] limit 250000 with penalty 1 = 1 + 0
c [lift-2] using 42048 probes 100%
c [lift-2] 42027 variables remain 100% (61 retained)
c [lift-2] removed 1 variables
c ^    6.2   42088   193166       422     293   5749   682   6  4.2 121.5   19
c [cliff-2] limit of 10000000 steps penalty 0 = 0 + 0
c [cliff-2] failed 1, lifted 0
c K    6.8   42087   193166       422     293   6417   678   6  4.2 121.5   23
c [unhide-2] limit 1000000 with penalty 0 = 0 + 0
c [unhide-2-3] 0 units, 0 failed, 2792 tauts, 0 hbrs, 379 literals
c u    7.1   42087   192072       422     284   4681   677   6  4.2 121.5   23
c [transred-3] limit 100000 with penalty 0 = 0 + 0
c t    7.1   42087   192071       422     284   4679   677   6  4.2 121.5   23
c [block-2] scheduling all variables this time
c [block-2] scheduled 42087 variables 100%
c [block-2] limit of 10000000 steps penalty 0 = 0 + 0
c [block-2] fully completed blocked clause elimination
c [block-2] transition to [ all 0 rem 0 ] state
c [block-2] eliminated 0 blocked clauses
c [cce-2] 39338 variables 93% will be scheduled this time
c [cce-2] limit of 10000000 steps penalty 0 = 0 + 0
c [cce-2] 38555 variables 92% remain to be tried next time
c [cce-2] transition to [ all 0 rem 1 ] state
c [cce-2] eliminated 479 covered clauses
c E    7.8   42087   191592       422     284   5654   677   6  4.2 121.5   19
c [elim-2] 33920 variables 81% will be scheduled this time
c [elim-2] scheduled 33920 variables 81%
c [elim-2] limit of 5000000 steps penalty 0 = 0 + 0
c [elim-2] 24474 variables 58% remain to be tried next time
c [elim-2] transition to [ all 0 rem 1 ] state
c [elim-2] eliminated 1146 = 3% variables out of 42087
c e    9.4   40941   191210       422     272   3565   673   6  4.2 121.5   19
c [phase-2] phase bias: 67 positive 96%, 3 negative 4%
c [simplification-2] removed 1150 variables 2%
c [simplification-2] limit increments divided by 2
c [simplification-2] arithmetic increase of conflict limit interval by 5000
c [simplification-2] new irredundant limit 1980495
c [simplification-2] new conflict limit 5744
c [simplification-2] simplification penalty reduced to 2
c 
c  seconds         irredundant          redundant clauses agility   height
c          variables clauses conflicts large binary ternary    glue         MB
c 
c R    9.8   40941   191210       972     697   3589   763   6  4.8 129.9   23
c -   10.0   40941   191210      1399     500   3627   833   6  4.9 119.9   23
c i   10.3   40940   191209      2018     979   3660   929   6  4.8 114.5   23
c R   10.4   40940   191209      2263    1220   3660   933   6  6.1 115.6   23
c i   11.2   40939   191208      3967    2500   3787  1191   4  5.6 105.6   24
c -   11.4   40939   191208      4529    1508   3799  1225   5  6.0 110.5   23
c R   11.6   40939   191208      5169    2091   3815  1265   7  6.7 109.5   24
c [simplification-3] limit hit at 5744 conflicts
c [simplification-3] simplification penalty of 2
c [ternres-3] limit 4000000 with penalty 0 = 0 + 0
c [ternres-3] all 40939 free variables schedulable
c [ternres-3] 327 ternary resolvents (6 bin, 321 trn)
c [ternres-3] fully completed ternary resolution
c T   12.0   40939   191208      5744    2533   3869  1663   6  6.6 112.3   24
c [gauss-3] limit 1000000 penalty 1 = 1 + 0
c [gauss-3] extracted 611 xors of average arity 3.0
c [gauss-3] connected 1813 occurrences of 971 variables (average 1.9)
c [gauss-3] limit 1000000 penalty 1 = 1 + 0
c [gauss-3] fully completed
c [gauss-3] exported 0 unary, 0 binary and 0 ternary equations
c G   12.2   40939   191186      5744    2533   3868  1663   6  6.6 112.3   20
c d   12.3   40931   191186      5744    2532   3852  1661   6  6.6 112.3   20
c [basicprobe-3] limit 1000000 penalty 0 = 0 + 0
c [basicprobe-3-0] 3522 probes remain 9% after last round
c [basicprobe-3-0] removed 0 variables, found 832 hbrs
c p   12.4   40931   191186      5744    2532   4684  1628   6  6.6 112.3   23
c [cgrclsr-3] limit 60404 based on 483234 irredundant literals
c [cgrclsr-3] all 40931 free variables schedulable
c [cgrclsr-3] fully completed congruence closure
c [lift-3] limit 500000 with penalty 0 = 0 + 0
c [lift-3] using 40874 probes 100%
c [lift-3] 40820 variables remain 100% (111 retained)
c [cliff-3] limit of 10000000 steps penalty 0 = 0 + 0
c [cliff-3] failed 0, lifted 0
c [unhide-3] limit 1000000 with penalty 0 = 0 + 0
c [unhide-3-5] 0 units, 0 failed, 1360 tauts, 0 hbrs, 3503 literals
c u   13.6   40931   190461      5744    2504   4617  1509   6  6.6 112.3   23
c [transred-5] limit 432563 with penalty 0 = 0 + 0
c [block-3] scheduling all variables this time
c [block-3] scheduled 40931 variables 100%
c [block-3] limit of 5000000 steps penalty 1 = 1 + 0
c [block-3] fully completed blocked clause elimination
c [block-3] transition to [ all 0 rem 0 ] state
c [block-3] eliminated 0 blocked clauses
c [cce-3] scheduling all variables this time
c [cce-3] limit of 10000000 steps penalty 0 = 0 + 0
c [cce-3] 37217 variables 91% remain to be tried next time
c [cce-3] transition to [ all 1 rem 1 ] state
c [cce-3] eliminated 259 covered clauses
c E   14.4   40931   190202      5744    2504   5000  1506   6  6.6 112.3   20
c [elim-3] scheduling all variables this time
c [elim-3] scheduled 40931 variables 100%
c [elim-3] limit of 5000000 steps penalty 0 = 0 + 0
c [elim-3] 24431 variables 60% remain to be tried next time
c [elim-3] transition to [ all 1 rem 1 ] state
c [elim-3] eliminated 447 = 1% variables out of 40931
c e   16.0   40484   189792      5744    2499   4477  1503   6  6.6 112.3   20
c [phase-3] phase bias: 0 positive 0%, 0 negative 0%
c [simplification-3] removed 455 variables 1%
c [simplification-3] no reduction of limit increments
c [simplification-3] arithmetic increase of conflict limit interval by 10000
c [simplification-3] new irredundant limit 1980495
c [simplification-3] new conflict limit 21066
c [simplification-3] simplification penalty reduced to 1
c i   17.3   40483   189791      7997    4360   4587  1750   5  6.6 121.1   24
c i   17.6   40482   189790      8701    4909   4641  1832   5  6.5 120.4   24
c -   17.7   40482   189790      8829    2513   4642  1841   5  6.5 120.9   24
c R   18.7   40482   189790     11639    5143   4682  1972   5  7.5 119.0   24
c i   19.4   40481   189789     12902    6144   4766  2120   6  7.4 115.9   24
c i   19.7   40480   189788     13527    6649   4799  2189   7  7.3 115.3   25
c -   19.8   40480   189788     13917    3512   4803  2199   6  7.3 115.0   24
c i   21.6   40479   189787     17166    6333   4932  2463   6  7.6 116.3   25
c i   22.0   40478   189786     18018    7030   4983  2550   6  7.5 114.9   25
c 
c  seconds         irredundant          redundant clauses agility   height
c          variables clauses conflicts large binary ternary    glue         MB
c 
c i   22.1   40477   189785     18145    7135   4988  2565   6  7.5 114.6   25
c i   22.4   40476   189784     18623    7548   5006  2604   6  7.4 114.2   25
c -   23.1   40476   189784     20335    4502   5081  2761   6  7.3 112.2   24
c [simplification-4] limit hit at 21066 conflicts
c [simplification-4] simplification penalty of 1
c [ternres-4] limit 4000000 with penalty 0 = 0 + 0
c [ternres-4] all 40476 free variables schedulable
c [ternres-4] 300 ternary resolvents (0 bin, 300 trn)
c [ternres-4] fully completed ternary resolution
c T   23.5   40476   189784     21066    5136   5111  3116   7  7.3 112.0   25
c [gauss-4] limit 500000 penalty 2 = 2 + 0
c [gauss-4] extracted 276 xors of average arity 3.0
c [gauss-4] connected 820 occurrences of 732 variables (average 1.1)
c [gauss-4] limit 500000 penalty 2 = 2 + 0
c [gauss-4] fully completed
c [gauss-4] exported 0 unary, 0 binary and 0 ternary equations
c G   23.7   40476   189693     21066    5122   5107  3115   7  7.3 112.0   20
c d   23.8   40464   189687     21066    5121   5088  3113   7  7.3 112.0   20
c [basicprobe-4] limit 779157 penalty 1 = 1 + 0
c [basicprobe-4-0] 2816 probes remain 7% after last round
c [basicprobe-4-0] 2 units = 2 failed (100%) + 0 lifted (0%)
c [basicprobe-4-0] removed 2 variables, found 873 hbrs
c p   23.9   40462   189687     21066    5121   5961  3073   7  7.3 112.0   24
c [cgrclsr-4] limit 120159 based on 480638 irredundant literals
c [cgrclsr-4] all 40462 free variables schedulable
c [cgrclsr-4] fully completed congruence closure
c [lift-4] limit 467494 with penalty 1 = 1 + 0
c [lift-4] using 40352 probes 100%
c [lift-4] 40311 variables remain 100% (151 retained)
c [cliff-4] limit of 5000000 steps penalty 1 = 1 + 0
c [cliff-4] failed 1, lifted 0
c K   24.6   40461   189670     21066    5121   6314  3061   7  7.3 112.0   24
c [unhide-4] limit 1000000 with penalty 0 = 0 + 0
c [unhide-4-6] 0 units, 3 failed, 672 tauts, 0 hbrs, 4800 literals
c u   24.8   40460   189642     21066    5041   5907  2860   7  7.3 112.0   24
c [transred-7] limit 779157 with penalty 1 = 1 + 0
c t   24.9   40460   189632     21066    5041   5899  2860   7  7.3 112.0   24
c [block-4] scheduling all variables this time
c [block-4] scheduled 40460 variables 100%
c [block-4] limit of 2500000 steps penalty 2 = 2 + 0
c [block-4] fully completed blocked clause elimination
c [block-4] transition to [ all 0 rem 0 ] state
c [block-4] eliminated 0 blocked clauses
c [cce-4] 37192 variables 92% will be scheduled this time
c [cce-4] limit of 10000000 steps penalty 0 = 0 + 0
c [cce-4] 36281 variables 90% remain to be tried next time
c [cce-4] transition to [ all 0 rem 1 ] state
c [cce-4] eliminated 551 covered clauses
c E   25.7   40460   189070     21066    5041   6450  2859   7  7.3 112.0   20
c [elim-4] 24416 variables 60% will be scheduled this time
c [elim-4] scheduled 24416 variables 60%
c [elim-4] limit of 5000000 steps penalty 0 = 0 + 0
c [elim-4] 16001 variables 40% remain to be tried next time
c [elim-4] transition to [ all 0 rem 1 ] state
c [elim-4] eliminated 134 = 0% variables out of 40460
c e   27.2   40326   189056     21066    4458   5967  2790   7  7.3 112.0   20
c [phase-4] phase bias: 0 positive 0%, 0 negative 0%
c [simplification-4] removed 150 variables 0%
c [simplification-4] no reduction of limit increments
c [simplification-4] arithmetic increase of conflict limit interval by 10000
c [simplification-4] new irredundant limit 1980495
c [simplification-4] new conflict limit 46388
c [simplification-4] simplification penalty reduced to 0
c i   28.0   40325   189055     23309    6607   5977  2871   5  7.7 116.3   24
c R   29.0   40325   189055     25860    9096   5982  2928   6  8.7 117.2   26
c i   29.1   40324   189054     25988    9189   5995  2942   6  8.7 116.8   26
c i   29.4   40323   189053     26513    9604   6030  3012   5  8.6 116.3   26
c i   29.5   40322   189052     26535    9622   6030  3014   5  8.6 116.2   26
c i   29.6   40321   189051     26865    9928   6033  3032   5  8.7 117.0   27
c i   30.1   40320   189050     27663   10591   6075  3117   8  8.6 115.9   27
c -   30.4   40320   189050     28133    5519   6080  3131   6  8.6 115.9   24
c i   30.4   40319   189049     28210    5564   6097  3141   5  8.6 115.9   24
c i   31.1   40318   189048     29622    6722   6178  3288   6  8.4 115.3   25
c i   31.4   40317   189047     30151    7190   6199  3325   6  8.4 115.0   25
c 
c  seconds         irredundant          redundant clauses agility   height
c          variables clauses conflicts large binary ternary    glue         MB
c 
c i   31.8   40316   189046     31147    8066   6224  3417   5  8.3 113.9   25
c i   31.9   40315   189045     31253    8154   6228  3428   6  8.3 113.9   25
c i   32.0   40314   189044     31457    8329   6235  3446   6  8.3 113.9   25
c i   32.0   40313   189043     31473    8335   6239  3451   6  8.3 113.8   25
c i   32.0   40312   189042     31480    8338   6241  3452   6  8.3 113.8   25
c i   32.1   40311   189041     31618    8447   6252  3468   5  8.3 113.8   25
c i   32.2   40310   189040     31875    8670   6267  3484   5  8.3 113.5   25
c i   32.7   40309   189039     32614    9298   6309  3544   6  8.2 113.2   25
c i   32.9   40308   189038     33025    9667   6320  3568   6  8.2 113.2   25
c i   32.9   40307   189037     33039    9666   6328  3572   6  8.2 113.2   25
c i   33.0   40306   189036     33395    9994   6337  3589   7  8.2 113.0   25
c i   33.0   40305   189035     33412   10008   6338  3590   7  8.2 113.0   25
c i   33.0   40304   189034     33421   10014   6339  3591   7  8.2 113.0   25
c i   33.0   40303   189033     33441   10027   6344  3592   7  8.2 113.0   25
c i   33.0   40302   189032     33466   10041   6349  3595   7  8.2 113.0   25
c i   33.2   40301   189031     33859   10384   6365  3624   7  8.2 112.4   25
c i   33.3   40300   189030     33907   10421   6369  3629   3  8.2 112.6   25
c i   33.3   40299   189029     33916   10427   6370  3630   3  8.2 112.6   25
c i   33.3   40298   189028     33929   10435   6373  3631   3  8.1 112.6   25
c i   33.6   40297   189027     34389   10846   6393  3659   6  8.1 112.8   25
c i   33.9   40296   189026     34812   11196   6411  3707   6  8.1 112.5   25
c i   33.9   40295   189025     34919   11274   6418  3726   6  8.1 112.3   25
c i   34.0   40294   189024     34989   11328   6429  3726   6  8.1 112.2   25
c 
c  seconds         irredundant          redundant clauses agility   height
c          variables clauses conflicts large binary ternary    glue         MB
c 
c i   34.2   40293   189023     35603   11878   6442  3775   6  8.1 112.3   25
c -   34.9   40293   189023     36923    6668   6456  3839   5  8.2 112.1   24
c i   35.1   40292   189022     37582    7288   6462  3869   7  8.2 111.7   25
c i   35.1   40291   189021     37609    7309   6466  3870   7  8.2 111.7   25
c i   35.4   40290   189020     38032    7663   6483  3920   5  8.1 111.3   25
c i   35.4   40289   189019     38100    7715   6489  3926   5  8.1 111.2   25
c i   35.6   40288   189018     38504    8079   6495  3958   6  8.2 111.5   25
c i   35.7   40287   189017     38691    8234   6508  3972   6  8.1 111.2   25
c i   35.9   40286   189016     39001    8496   6521  4004   6  8.1 111.0   25
c i   36.0   40285   189015     39081    8567   6526  4007   6  8.1 111.0   25
c i   36.0   40284   189014     39093    8574   6529  4008   6  8.1 111.0   25
c i   36.0   40283   189013     39144    8609   6533  4016   7  8.1 110.9   25
c i   36.0   40282   189012     39227    8681   6538  4021   6  8.1 110.8   25
c i   36.0   40281   189012     39280    8728   6541  4022   6  8.1 110.8   25
c i   36.0   40280   189011     39305    8740   6545  4029   6  8.1 110.8   25
c i   36.1   40279   189010     39474    8901   6551  4029   5  8.1 110.7   25
c i   36.1   40278   189009     39572    8983   6553  4041   5  8.1 110.5   25
c i   36.1   40277   189008     39577    8987   6553  4041   5  8.1 110.5   25
c i   36.2   40276   189007     39787    9182   6557  4051   5  8.1 110.3   25
c i   36.2   40275   189006     39822    9200   6565  4057   5  8.1 110.2   25
c i   36.2   40274   189005     39871    9239   6568  4063   6  8.1 110.1   25
c i   36.2   40273   189004     39884    9246   6571  4065   6  8.1 110.1   25
c i   36.2   40272   189003     39887    9246   6571  4067   6  8.1 110.1   25
c 
c  seconds         irredundant          redundant clauses agility   height
c          variables clauses conflicts large binary ternary    glue         MB
c 
c i   36.3   40271   189002     39985    9325   6575  4079   7  8.1 109.9   25
c i   36.3   40270   189002     40036    9366   6576  4086   7  8.1 109.9   25
c i   36.4   40269   189001     40230    9530   6583  4108   6  8.1 109.9   25
c i   36.5   40268   189000     40289    9574   6589  4116   7  8.1 109.7   25
c i   36.5   40267   188999     40364    9636   6593  4124   6  8.0 109.8   25
c i   36.5   40266   188998     40384    9647   6599  4125   6  8.0 109.8   25
c i   36.5   40265   188997     40385    9647   6599  4125   6  8.0 109.8   25
c i   36.8   40264   188996     40846   10046   6621  4160   5  8.0 109.6   25
c i   36.8   40263   188995     40881   10076   6623  4161   5  8.0 109.5   25
c i   36.8   40262   188994     40925   10114   6625  4164   6  8.0 109.5   25
c i   36.8   40261   188993     40931   10119   6625  4164   6  8.0 109.4   25
c i   36.8   40260   188992     40933   10119   6625  4165   6  8.0 109.4   25
c i   36.8   40259   188992     40947   10127   6627  4166   6  8.0 109.4   25
c i   36.8   40258   188991     40953   10129   6629  4167   6  8.0 109.4   25
c i   37.0   40257   188990     41252   10393   6639  4191   6  8.0 109.1   25
c i   37.1   40256   188989     41367   10490   6646  4201   6  8.0 109.0   25
c i   38.0   40255   188988     43124   12121   6678  4287   6  8.3 110.4   26
c i   38.0   40254   188987     43177   12159   6683  4295   6  8.2 110.3   26
c i   38.1   40252   188986     43195   12170   6688  4296   6  8.2 110.2   26
c i   38.2   40249   188985     43337   12290   6692  4313   6  8.2 110.2   26
c i   38.2   40248   188984     43341   12293   6692  4313   6  8.2 110.2   26
c i   38.3   40247   188983     43509   12446   6696  4323   5  8.2 110.2   26
c i   38.3   40246   188982     43554   12479   6701  4329   5  8.2 110.2   26
c 
c  seconds         irredundant          redundant clauses agility   height
c          variables clauses conflicts large binary ternary    glue         MB
c 
c i   38.3   40245   188981     43557   12481   6701  4329   5  8.2 110.2   26
c i   38.4   40244   188980     43689   12583   6706  4351   5  8.2 110.0   26
c i   38.4   40243   188979     43703   12590   6709  4354   5  8.2 110.0   26
c i   38.4   40242   188978     43744   12622   6711  4360   5  8.2 109.9   26
c i   38.4   40241   188977     43757   12632   6712  4361   5  8.2 109.9   26
c i   38.5   40240   188976     43881   12738   6716  4373   6  8.2 109.7   26
c i   38.5   40239   188975     43921   12768   6720  4378   6  8.2 109.6   26
c i   38.5   40238   188974     43924   12769   6721  4378   6  8.2 109.6   26
c i   38.6   40236   188973     43962   12795   6725  4385   6  8.2 109.6   26
c i   38.6   40235   188972     44007   12832   6726  4391   6  8.2 109.5   26
c i   38.6   40233   188971     44119   12930   6728  4402   6  8.2 109.4   26
c i   38.7   40232   188970     44138   12945   6729  4404   6  8.2 109.3   26
c i   38.7   40231   188969     44159   12958   6731  4408   7  8.2 109.3   26
c i   38.7   40230   188968     44253   13036   6733  4421   7  8.2 109.2   26
c i   38.7   40229   188967     44270   13050   6734  4422   7  8.2 109.1   26
c i   38.8   40228   188966     44332   13095   6738  4434   7  8.2 109.0   26
c i   38.8   40227   188965     44344   13102   6739  4437   7  8.2 109.0   26
c i   38.8   40226   188964     44486   13220   6746  4452   7  8.2 109.0   26
c i   38.9   40225   188963     44654   13370   6750  4465   6  8.2 108.8   26
c i   39.2   40224   188962     45049   13734   6760  4485   5  8.2 109.0   26
c i   39.4   40223   188961     45258   13910   6775  4502   7  8.2 108.8   26
c i   39.5   40222   188960     45463   14093   6781  4516   6  8.2 108.7   26
c i   39.5   40221   188959     45480   14103   6784  4519   6  8.2 108.7   26
c 
c  seconds         irredundant          redundant clauses agility   height
c          variables clauses conflicts large binary ternary    glue         MB
c 
c i   39.5   40220   188958     45547   14163   6786  4522   6  8.2 108.7   26
c i   39.6   40219   188957     45630   14231   6794  4528   6  8.2 108.6   26
c i   39.6   40218   188956     45648   14245   6796  4529   6  8.1 108.6   26
c i   39.7   40217   188955     45852   14432   6800  4540   4  8.1 108.7   26
c i   39.8   40216   188954     46049   14605   6807  4554   6  8.1 108.6   26
c i   39.9   40215   188953     46144   14691   6812  4557   5  8.1 108.5   26
c i   39.9   40214   188952     46178   14714   6817  4561   5  8.1 108.5   26
c i   40.0   40213   188951     46208   14738   6821  4562   5  8.1 108.5   26
c [simplification-5] limit hit at 46388 conflicts
c [simplification-5] no simplification penalty
c [ternres-5] limit 4000000 with penalty 0 = 0 + 0
c [ternres-5] all 40213 free variables schedulable
c [ternres-5] 142 ternary resolvents (1 bin, 141 trn)
c [ternres-5] fully completed ternary resolution
c T   40.1   40213   188951     46388   14898   6828  4715   6  8.1 108.3   27
c [gauss-5] limit 250000 penalty 3 = 3 + 0
c [gauss-5] extracted 158 xors of average arity 2.8
c [gauss-5] connected 447 occurrences of 415 variables (average 1.1)
c [gauss-5] limit 250000 penalty 3 = 3 + 0
c [gauss-5] fully completed
c [gauss-5] exported 0 unary, 0 binary and 0 ternary equations
c G   40.3   40213   187794     46388   13750   6604  4410   6  8.1 108.3   21
c d   40.4   40115   187635     46388   13681   6482  4394   6  8.1 108.3   21
c [basicprobe-5] limit 3418544 penalty 0 = 0 + 0
c [basicprobe-5-0] 632 probes remain 2% after last round
c [basicprobe-5-0] 17 units = 17 failed (100%) + 0 lifted (0%)
c [basicprobe-5-0] removed 17 variables, found 3408 hbrs
c p   40.8   40098   187635     46388   13681   9889  4300   6  8.1 108.3   25
c [cgrclsr-5] limit 237781 based on 475562 irredundant literals
c [cgrclsr-5] all 40098 free variables schedulable
c [cgrclsr-5] fully completed congruence closure
c [cgrclsr-5] removed 3 variables
c C   41.0   40095   187458     46388   13469   9788  4253   6  8.1 108.3   21
c [lift-5] limit 512781 with penalty 2 = 2 + 0
c [lift-5] using 39945 probes 100%
c [lift-5] 39899 variables remain 100% (194 retained)
c [lift-5] removed 2 variables
c ^   41.2   40093   187436     46388   13445   9795  4244   6  8.1 108.3   21
c [cliff-5] limit of 10000000 steps penalty 0 = 0 + 0
c [cliff-5] failed 2, lifted 0
c K   41.9   40091   187436     46388   13445  10219  4233   6  8.1 108.3   25
c [unhide-5] limit 1367417 with penalty 0 = 0 + 0
c [unhide-5-8] 1 units, 0 failed, 2087 tauts, 0 hbrs, 16953 literals
c u   42.4   40090   186565     46388   13175   9438  3883   6  8.1 108.3   25
c [transred-9] limit 2000000 with penalty 0 = 0 + 0
c t   42.6   40090   186542     46388   13175   9406  3883   6  8.1 108.3   25
c [block-5] scheduling all variables this time
c [block-5] scheduled 40090 variables 100%
c [block-5] limit of 1250000 steps penalty 3 = 3 + 0
c [block-5] incomplete blocked clause elimination 2472 not tried 6%
c [block-5] transition to [ all 1 rem 1 ] state
c [block-5] eliminated 0 blocked clauses
c [cce-5] scheduling all variables this time
c [cce-5] limit of 5000000 steps penalty 0 = 0 + 0
c [cce-5] 35912 variables 90% remain to be tried next time
c [cce-5] transition to [ all 1 rem 1 ] state
c [cce-5] eliminated 24 covered clauses
c E   43.3   40090   186506     46388   13175   9639  3864   6  8.1 108.3   21
c [elim-5] scheduling all variables this time
c [elim-5] scheduled 40090 variables 100%
c [elim-5] limit of 5000000 steps penalty 0 = 0 + 0
c [elim-5] 15743 variables 39% remain to be tried next time
c [elim-5] transition to [ all 1 rem 1 ] state
c [elim-5] eliminated 560 = 1% variables out of 40090
c e   44.8   39530   186032     46388   11277   8927  3748   6  8.1 108.3   21
c [simplification-5] removed 683 variables 1%
c [simplification-5] no reduction of limit increments
c [simplification-5] arithmetic increase of conflict limit interval by 10000
c [simplification-5] new irredundant limit 1980495
c [simplification-5] new conflict limit 81710
c i   45.0   39529   186031     46443   11320   8930  3756   6  8.1 108.3   25
c i   45.0   39528   186031     46522   11391   8933  3759   6  8.1 108.3   26
c i   45.0   39527   186030     46526   11392   8934  3760   6  8.1 108.3   26
c i   45.0   39526   186030     46529   11394   8932  3760   6  8.1 108.3   26
c 
c  seconds         irredundant          redundant clauses agility   height
c          variables clauses conflicts large binary ternary    glue         MB
c 
c i   45.0   39525   186029     46540   11397   8936  3763   6  8.1 108.3   26
c i   45.1   39524   186028     46599   11444   8939  3771   6  8.1 108.2   26
c i   45.1   39523   186027     46695   11512   8944  3792   5  8.1 108.2   26
c i   45.1   39522   186026     46705   11517   8948  3791   5  8.1 108.1   26
c i   45.1   39521   186026     46722   11532   8947  3792   5  8.1 108.1   26
c i   46.5   39520   186025     49556   14299   8953  3842   5  8.7 110.4   27
c -   46.9   39520   186025     50496    7716   8954  3871   6  8.8 110.4   24
c R   49.9   39520   186025     56845   13821   8975  4089   5  9.7 115.4   27
c i   50.0   39519   186024     56896   13860   8979  4096   4  9.7 115.4   27
c i   50.0   39518   186023     56898   13861   8979  4096   4  9.7 115.4   27
c i   50.0   39517   186022     56942   13899   8982  4098   4  9.6 115.4   27
c i   50.3   39516   186021     57270   14176   8997  4131   6  9.6 115.1   27
c i   50.3   39515   186021     57285   14185   8999  4133   6  9.6 115.1   27
c i   50.4   39514   186020     57499   14356   9012  4162   5  9.6 115.0   27
c i   50.4   39513   186019     57501   14357   9012  4162   5  9.6 115.0   27
c i   50.5   39512   186018     57518   14372   9012  4163   5  9.6 115.0   27
c i   50.7   39511   186017     57860   14686   9018  4183   5  9.6 115.0   27
c i   50.7   39510   186016     57887   14703   9022  4188   5  9.6 114.9   27
c i   50.8   39509   186015     57909   14722   9022  4189   5  9.6 115.0   27
c i   50.8   39508   186014     57940   14744   9028  4190   5  9.6 115.0   27
c i   50.8   39507   186013     58023   14813   9033  4198   5  9.6 114.9   27
c i   51.0   39506   186012     58253   15022   9041  4208   4  9.6 114.8   27
c i   51.0   39505   186012     58270   15031   9044  4210   4  9.6 114.8   27
c 
c  seconds         irredundant          redundant clauses agility   height
c          variables clauses conflicts large binary ternary    glue         MB
c 
c i   51.1   39503   186011     58320   15072   9044  4218   4  9.6 114.8   27
c i   51.1   39502   186010     58330   15078   9046  4219   4  9.6 114.8   27
c i   51.1   39501   186009     58337   15080   9047  4222   4  9.6 114.8   27
c i   51.2   39500   186009     58456   15173   9055  4238   4  9.6 114.9   27
c i   51.2   39498   186008     58484   15194   9058  4241   5  9.6 114.9   27
c i   51.2   39496   186007     58485   15194   9058  4241   5  9.6 114.9   27
c i   51.3   39495   186006     58536   15226   9064  4252   5  9.6 114.8   27
c i   51.6   39491   186005     59144   15815   9070  4264   4  9.6 115.0   27
c i   51.6   39490   186004     59147   15816   9070  4265   4  9.6 115.0   27
c i   51.6   39489   186004     59153   15818   9070  4265   4  9.6 114.9   27
c i   51.6   39488   186003     59191   15844   9075  4271   4  9.6 114.9   27
c i   51.7   39487   186002     59325   15952   9086  4284   5  9.6 114.7   28
c i   51.7   39486   186001     59326   15952   9086  4284   5  9.6 114.7   28
c i   51.8   39482   186000     59381   15995   9091  4289   6  9.6 114.6   28
c i   51.8   39481   185999     59384   15995   9093  4289   6  9.6 114.6   28
c i   51.9   39480   185999     59548   16144   9097  4295   5  9.6 114.6   27
c i   51.9   39470   185999     59614   16192   9099  4307   5  9.6 114.5   27
c i   51.9   39466   185998     59637   16211   9100  4309   5  9.6 114.5   27
c i   51.9   39465   185998     59639   16211   9099  4309   5  9.6 114.5   27
c i   52.0   39464   185998     59706   16264   9103  4315   6  9.6 114.5   27
c i   52.0   39461   185997     59707   16264   9103  4315   6  9.6 114.5   27
c i   52.0   39460   185997     59736   16287   9103  4319   6  9.6 114.5   27
c i   52.2   39459   185996     60131   16644   9108  4350   6  9.5 114.4   28
c 
c  seconds         irredundant          redundant clauses agility   height
c          variables clauses conflicts large binary ternary    glue         MB
c 
c i   52.2   39457   185996     60132   16644   9108  4350   6  9.5 114.4   28
c i   52.2   39397   185996     60144   16653   9108  4351   6  9.5 114.3   28
c i   52.2   39388   185995     60145   16653   9108  4351   6  9.5 114.3   28
c i   52.4   39387   185995     60270   16764   9113  4359   6  9.5 114.2   28
c i   52.4   39234   185995     60308   16796   9115  4361   6  9.5 114.2   28
c i   52.4   39232   185994     60309   16796   9115  4361   6  9.5 114.2   28
c i   52.4   39231   185993     60338   16820   9117  4363   6  9.5 114.2   28
c i   52.6   39230   185992     60532   16995   9122  4374   4  9.6 114.5   28
c i   52.6   39229   185992     60535   16995   9123  4374   4  9.6 114.5   28
c i   52.6   39153   185992     60536   16995   9123  4374   4  9.6 114.5   28
c -   52.6   39141   185992     60550    8505   9123  4374   4  9.6 114.4   25
c i   52.7   39140   185992     60581    8534   9122  4375   6  9.5 114.4   25
c i   52.7   39137   185992     60582    8534   9121  4375   6  9.5 114.4   25
c i   53.0   39130   185992     61080    8985   9132  4407   4  9.5 114.9   25
c i   53.9   39121   185991     62645   10459   9152  4474   5  9.6 114.7   25
c i   53.9   39118   185990     62707   10508   9154  4483   6  9.6 114.7   25
c i   53.9   39115   185990     62714   10510   9157  4484   6  9.6 114.7   25
c i   54.2   39109   185989     63126   10891   9167  4503   6  9.6 114.6   25
c i   54.2   39092   185988     63129   10893   9167  4503   6  9.6 114.6   25
c i   54.3   39089   185988     63206   10962   9170  4507   6  9.6 114.6   25
c i   54.5   39070   185987     63458   11187   9179  4522   4  9.6 114.6   25
c i   55.0   39067   185986     64363   12024   9195  4571   5  9.5 114.6   26
c i   55.2   39066   185985     64581   12216   9205  4584   6  9.5 114.4   26
c 
c  seconds         irredundant          redundant clauses agility   height
c          variables clauses conflicts large binary ternary    glue         MB
c 
c i   55.2   39058   185984     64582   12216   9205  4584   6  9.5 114.4   26
c i   55.2   39057   185984     64592   12223   9205  4585   6  9.5 114.4   26
c i   55.6   39043   185983     65338   12910   9220  4624   5  9.5 114.0   26
c i   55.8   39042   185982     65507   13055   9230  4637   6  9.5 113.9   26
c i   55.8   39039   185982     65566   13103   9231  4645   5  9.5 113.8   26
c i   57.4   39031   185981     68537   15966   9250  4730   6  9.9 115.4   27
c i   57.5   39028   185980     68702   16101   9259  4750   6  9.9 115.3   27
c i   58.2   39020   185979     69514   16847   9273  4801   5  9.9 115.2   27
c i   58.2   39016   185978     69515   16847   9273  4801   5  9.9 115.2   27
c i   59.6   38994   185977     71293   18482   9317  4896   6  9.8 114.5   28
c i   60.0   38990   185976     71834   18973   9331  4931   6  9.8 114.5   28
c -   60.1   38988   185976     71874    9501   9335  4938   6  9.8 114.4   25
c i   62.0   38987   185975     74795   12218   9391  5079   7  9.8 113.6   26
c i   62.0   38976   185974     74809   12227   9393  5081   7  9.8 113.6   26
c i   62.2   38971   185973     75105   12502   9398  5096   5  9.8 113.6   26
c i   63.0   38970   185972     76119   13442   9419  5144   5  9.9 113.6   26
c i   63.0   38969   185971     76120   13442   9419  5144   5  9.9 113.6   26
c i   63.3   38966   185970     76564   13856   9427  5165   6  9.9 113.5   26
c i   63.3   38965   185969     76565   13856   9427  5165   6  9.9 113.5   26
c i   63.3   38964   185968     76566   13856   9427  5165   6  9.9 113.5   26
c i   63.3   38963   185967     76570   13859   9427  5165   6  9.8 113.5   26
c i   63.7   38960   185966     77000   14244   9440  5195   6  9.8 113.5   26
c [simplification-6] limit hit at 81711 conflicts
c [simplification-6] no simplification penalty
c [ternres-6] limit 6485928 with penalty 0 = 0 + 0
c [ternres-6] all 38950 free variables schedulable
c [ternres-6] 173 ternary resolvents (0 bin, 173 trn)
c [ternres-6] fully completed ternary resolution
c T   66.2   38950   185966     81711   18779   9460  5520   6 10.3 114.3   29
c [gauss-6] limit 236568 based on 473136 irredundant literals
c [gauss-6] extracted 147 xors of average arity 2.7
c [gauss-6] connected 403 occurrences of 367 variables (average 1.1)
c [gauss-6] limit 231078 based on 462157 irredundant literals
c [gauss-6] fully completed
c [gauss-6] exported 0 unary, 0 binary and 0 ternary equations
c 
c  seconds         irredundant          redundant clauses agility   height
c          variables clauses conflicts large binary ternary    glue         MB
c 
c G   66.4   38950   181980     81711   17883   5658  5063   6 10.3 114.3   22
c d   66.6   38874   181849     81711   17852   5535  5022   6 10.3 114.3   22
c [basicprobe-6] limit 6485928 penalty 0 = 0 + 0
c [basicprobe-6-0] 627 sched 2%, 28 failed, 0 lifted, 2990 hbrs
c [basicprobe-6-1] 1204 probes remain 3% after last round
c [basicprobe-6-1] 72 units = 65 failed (90%) + 7 lifted (10%)
c [basicprobe-6-1] removed 350 variables, found 11651 hbrs
c p   67.5   38524   181149     81711   17848  16697  4869   6 10.3 114.3   26
c [cgrclsr-6] limit 228006 based on 456013 irredundant literals
c [cgrclsr-6] all 38524 free variables schedulable
c [cgrclsr-6] fully completed congruence closure
c [cgrclsr-6] removed 2 variables
c C   67.7   38522   179712     81711   17838  15558  4856   6 10.3 114.3   22
c [lift-6] limit 1945778 with penalty 1 = 1 + 0
c [lift-6] using 38330 probes 100%
c [lift-6] 38138 variables remain 99% (375 retained)
c [lift-6] removed 9 variables
c ^   68.1   38513   179629     81711   17838  15712  4854   6 10.3 114.3   22
c [cliff-6] limit of 10000000 steps penalty 0 = 0 + 0
c [cliff-6] failed 6, lifted 10
c K   68.7   38445   179629     81711   17838  17932  4849   6 10.3 114.3   26
c [unhide-6] limit 2594371 with penalty 0 = 0 + 0
c [unhide-6-11] 1 units, 2 failed, 6774 tauts, 0 hbrs, 34577 literals
c u   69.9   38435   178756     81711   17536  11583  4616   6 10.3 114.3   26
c [transred-11] limit 2000000 with penalty 0 = 0 + 0
c t   70.1   38435   178735     81711   17536  11530  4616   6 10.3 114.3   26
c [block-6] 2449 variables 6% will be scheduled this time
c [block-6] scheduled 2449 variables 6%
c [block-6] limit of 810741 steps penalty 4 = 4 + 0
c [block-6] fully completed blocked clause elimination
c [block-6] transition to [ all 0 rem 0 ] state
c [block-6] eliminated 0 blocked clauses
c [cce-6] 34836 variables 91% will be scheduled this time
c [cce-6] limit of 10000000 steps penalty 0 = 0 + 0
c [cce-6] 33856 variables 88% remain to be tried next time
c [cce-6] transition to [ all 0 rem 1 ] state
c [cce-6] eliminated 747 covered clauses
c E   70.9   38385   177988     81711   17533  16106  4615   6 10.3 114.3   22
c [elim-6] 14951 variables 39% will be scheduled this time
c [elim-6] scheduled 14951 variables 39%
c [elim-6] limit of 6485928 steps penalty 0 = 0 + 0
c [elim-6] 4923 variables 13% remain to be tried next time
c [elim-6] transition to [ all 0 rem 1 ] state
c [elim-6] eliminated 432 = 1% variables out of 38385
c e   72.9   37953   177473     81711   14543  11738  4277   6 10.3 114.3   21
c [simplification-6] removed 997 variables 2%
c [simplification-6] limit increments divided by 2
c [simplification-6] arithmetic increase of conflict limit interval by 5000
c [simplification-6] new irredundant limit 1980495
c [simplification-6] new conflict limit 122033
c i   74.1   37952   177472     83345   16097  11759  4334   5 10.4 114.3   27
c i   76.6   37951   177471     86515   18988  11811  4556   6 10.3 113.7   27
c -   78.2   37951   177471     88746   10528  11844  4686   7 10.3 114.1   25
c -   87.9   37951   177471    102086   11503  12020  5359   5 10.4 112.9   25
c -   95.3   37951   177471    116382   12747  12071  5668   6 11.7 113.6   25
c [simplification-7] limit hit at 122034 conflicts
c [simplification-7] no simplification penalty
c [ternres-7] limit 10021111 with penalty 0 = 0 + 0
c [ternres-7] all 37951 free variables schedulable
c [ternres-7] 243 ternary resolvents (5 bin, 238 trn)
c [ternres-7] fully completed ternary resolution
c T   97.8   37951   177471    122034   18355  12081  5945   8 12.0 113.9   28
c [gauss-7] limit 226155 based on 452311 irredundant literals
c [gauss-7] extracted 96 xors of average arity 3.0
c [gauss-7] connected 285 occurrences of 282 variables (average 1.0)
c [gauss-7] limit 226138 based on 452277 irredundant literals
c [gauss-7] fully completed
c [gauss-7] exported 0 unary, 0 binary and 0 ternary equations
c G   98.0   37951   177458    122034   18354  12081  5946   8 12.0 113.9   22
c d   98.2   37936   177456    122034   18347  12053  5944   8 12.0 113.9   22
c [basicprobe-7] limit 10021111 penalty 0 = 0 + 0
c [basicprobe-7-0] 1369 sched 4%, 1 failed, 0 lifted, 3744 hbrs
c [basicprobe-7-1] 4557 sched 12%, 1 failed, 0 lifted, 3690 hbrs
c [basicprobe-7-2] 4329 probes remain 11% after last round
c [basicprobe-7-2] 2 units = 2 failed (100%) + 0 lifted (0%)
c [basicprobe-7-2] removed 7 variables, found 7450 hbrs
c p   99.6   37929   177404    122034   18347  19473  5765   8 12.0 113.9   26
c [cgrclsr-7] limit 250527 penalty 2 = 2 + 0
c [cgrclsr-7] all 37929 free variables schedulable
c [cgrclsr-7] fully completed congruence closure
c [lift-7] limit 6012666 with penalty 0 = 0 + 0
c [lift-7] using 37564 probes 99%
c [lift-7] 36954 variables remain 97% (975 retained)
c [cliff-7] limit of 10000000 steps penalty 0 = 0 + 0
c [cliff-7] failed 0, lifted 0
c [unhide-7] limit 4008444 with penalty 0 = 0 + 0
c [unhide-7-15] 0 units, 0 failed, 5978 tauts, 0 hbrs, 48112 literals
c u  102.2   37929   176810    122034   18060  15336  5570   8 12.0 113.9   26
c [transred-13] limit 2000000 with penalty 0 = 0 + 0
c t  102.4   37929   176793    122034   18060  15285  5570   8 12.0 113.9   26
c [block-7] scheduling all variables this time
c [block-7] scheduled 37929 variables 100%
c [block-7] limit of 1252638 steps penalty 4 = 4 + 0
c [block-7] incomplete blocked clause elimination 1816 not tried 5%
c [block-7] transition to [ all 1 rem 1 ] state
c [block-7] eliminated 1 blocked clauses
c k  102.6   37929   176792    122034   18060  15285  5571   8 12.0 113.9   22
c [cce-7] scheduling all variables this time
c [cce-7] limit of 5000000 steps penalty 0 = 0 + 0
c [cce-7] 33522 variables 88% remain to be tried next time
c [cce-7] transition to [ all 1 rem 1 ] state
c [cce-7] eliminated 19 covered clauses
c E  103.0   37929   176773    122034   18060  15776  5559   8 12.0 113.9   22
c [elim-7] scheduling all variables this time
c [elim-7] scheduled 37929 variables 100%
c [elim-7] limit of 10021111 steps penalty 0 = 0 + 0
c [elim-7] 4920 variables 13% remain to be tried next time
c [elim-7] transition to [ all 1 rem 1 ] state
c [elim-7] eliminated 550 = 1% variables out of 37929
c 
c  seconds         irredundant          redundant clauses agility   height
c          variables clauses conflicts large binary ternary    glue         MB
c 
c e  106.0   37379   176287    122034   16162  12360  5346   8 12.0 113.9   21
c [simplification-7] removed 572 variables 1%
c [simplification-7] no reduction of limit increments
c [simplification-7] arithmetic increase of conflict limit interval by 10000
c [simplification-7] new irredundant limit 1980495
c [simplification-7] new conflict limit 172356
c R  107.0   37379   176287    123995   18096  12360  5372   6 12.1 114.1   27
c -  114.6   37379   176287    133745   13624  12483  5845   5 12.0 113.4   25
c -  125.8   37379   176287    149880   14692  12592  6349   5 12.2 112.4   25
c -  138.4   37379   176287    166931   15501  12731  6944   6 12.0 110.3   25
c [simplification-8] limit hit at 172356 conflicts
c [simplification-8] no simplification penalty
c [ternres-8] limit 15308850 with penalty 0 = 0 + 0
c [ternres-8] all 37379 free variables schedulable
c [ternres-8] 498 ternary resolvents (5 bin, 493 trn)
c [ternres-8] fully completed ternary resolution
c T  142.4   37379   176287    172356   20680  12779  7636   6 12.0 109.8   27
c [gauss-8] limit 225338 based on 450676 irredundant literals
c [gauss-8] extracted 106 xors of average arity 3.0
c [gauss-8] connected 313 occurrences of 295 variables (average 1.1)
c [gauss-8] limit 225338 based on 450676 irredundant literals
c [gauss-8] fully completed
c [gauss-8] exported 0 unary, 0 binary and 0 ternary equations
c G  142.5   37379   176287    172356   20680  12779  7636   6 12.0 109.8   22
c d  142.7   37369   176287    172356   20670  12759  7634   6 12.0 109.8   22
c [basicprobe-8] limit 15308850 penalty 0 = 0 + 0
c [basicprobe-8-0] 4410 sched 12%, 0 failed, 0 lifted, 2313 hbrs
c [basicprobe-8-1] 4581 sched 12%, 0 failed, 0 lifted, 380 hbrs
c [basicprobe-8-2] 3749 probes remain 10% after last round
c [basicprobe-8-2] removed 4 variables, found 2711 hbrs
c p  144.4   37365   176287    172356   20665  15460  7427   6 12.0 109.8   26
c [cgrclsr-8] limit 225337 based on 450674 irredundant literals
c [cgrclsr-8] all 37365 free variables schedulable
c [cgrclsr-8] fully completed congruence closure
c [lift-8] limit 4592655 with penalty 1 = 1 + 0
c [lift-8] using 36405 probes 97%
c [lift-8] 35971 variables remain 96% (1394 retained)
c [cliff-8] limit of 6123540 steps penalty 1 = 1 + 0
c [cliff-8] failed 0, lifted 0
c [unhide-8] limit 6123540 with penalty 0 = 0 + 0
c [unhide-8-20] 0 units, 0 failed, 3307 tauts, 0 hbrs, 29526 literals
c u  146.7   37365   175787    172356   20351  13299  7272   6 12.0 109.8   26
c [transred-15] limit 2000000 with penalty 0 = 0 + 0
c t  146.9   37365   175782    172356   20351  13255  7272   6 12.0 109.8   26
c [block-8] 1816 variables 5% will be scheduled this time
c [block-8] scheduled 1816 variables 5%
c [block-8] limit of 3827212 steps penalty 3 = 3 + 0
c [block-8] fully completed blocked clause elimination
c [block-8] transition to [ all 0 rem 0 ] state
c [block-8] eliminated 0 blocked clauses
c [cce-8] 33437 variables 89% will be scheduled this time
c [cce-8] limit of 10000000 steps penalty 0 = 0 + 0
c [cce-8] 32608 variables 87% remain to be tried next time
c [cce-8] transition to [ all 0 rem 1 ] state
c [cce-8] eliminated 525 covered clauses
c E  147.6   37365   175257    172356   20351  13790  7272   6 12.0 109.8   22
c [elim-8] 4920 variables 13% will be scheduled this time
c [elim-8] scheduled 4920 variables 13%
c [elim-8] limit of 15308850 steps penalty 0 = 0 + 0
c [elim-8] fully completed variable elimination
c [elim-8] transition to [ all 0 rem 0 ] state
c [elim-8] eliminated 27 = 0% variables out of 37365
c e  148.0   37338   175157    172356   20177  13441  7228   6 12.0 109.8   22
c [simplification-8] removed 41 variables 0%
c [simplification-8] no reduction of limit increments
c [simplification-8] arithmetic increase of conflict limit interval by 10000
c [simplification-8] new irredundant limit 1980495
c [simplification-8] new conflict limit 232678
c -  156.1   37338   175157    185555   16540  13480  7484   6 12.7 109.9   25
c -  170.7   37338   175157    204970   17795  13586  8082   5 12.8 109.8   25
c -  186.3   37338   175157    224883   18514  13701  8639   8 12.9 109.2   25
c 1  189.9   37338   175157    229484   22949  13726  8778   5 12.9 109.0   27
c 
c  seconds         irredundant          redundant clauses agility   height
c          variables clauses conflicts large binary ternary    glue         MB
c 
c blkd: 8 bces, 4601 removed, 3441364 resolutions, 9446006 steps
c blkd: 4601 blocking literals 1%, 0 pure
c cces: 8 cces, 2486 eliminated, 2486 ate 100%, 0 abce 0%
c cces: 36198 probed, 30 lifted, 36 failed
c clff: 8 cliffs, 20 lifted, 13 failed
c clff: 47451 decisions, 71148104 steps
c clls: 1 sat, 0 simp, 0 freeze, 0 melt
c clls: 1904836 add, 0 assume,, 0 deref, 0 failed
c clls: 0 cassume, 0 mosat
c coll: 65 gcs, 0 rescored clauses
c cgrs: 8 count, 1422221 esteps, 324345 csteps
c cgrs: 5 eqs, 0 units
c cgrs: 0 matched (0 ands 0%, 0 xors 0%, 0 ites 0%)
c cgrs: 0 simplified (0 ands 0%, 0 xors 0%, 0 ites 0%)
c cgrs: 5324 extracted (4785 ands 90%, 539 xors 10%, 0 ites 0%)
c dcps: 14 decompositions, 59104 equivalent 29%
c decs: 1731365 decision, 1746 random 0.101%
c decs: 453538 flipped 26.195% (in 1135 phases)
c elms: 8 elims, 10099 eliminated 5%
c elms: 10099 small 100%, 0 large 0%
c elms: 85289 tried small, 10099 succeeded 12%, 75190 failed 88%
c elms: 235 subsumed, 15 strengthened, 0 blocked
c elms: 1537214 copies, 1106081 resolutions, 2685219 ipos
c elms: 73541 subchks, 10958 strchks
c frcs: 0 computed, 11.8 - 88.2 average min-cut range
c gaus: 8 extractions, 176034 extracted, 2.0 size, 3 max
c gaus: exported 0 units, 3 binary and 0 ternary equations
c gaus: 0 gc, 12876426 steps, 6438213 extr 50%, 2616917 elim 20%
c glue: 12.9 avg, 3.5 scaled avg
c glue: 208 maxredglue=15 (0%)
c lift: 8 phases, 8594 probed (2868 level1 33%, 5726 level2 67%)
c lift: 11 units, 1 equivalences, 10 implications
c hbrs: 58430 hbrs = 58430 trn 100% + 0 lrg 0%, 889 sub 2%
c lrnd: 228713 clauses, 119974 uips 52%, 52.6 length, 12.9 glue
c ints: 8187 luby (1769197 steps), 0 inout (0 steps)
c mins: 12022814 learned lits, 21% minimized
c move: moved 7087, 2486 binary 35%, 4601 ternary 65%
c otfs: str 4465 dyn (4024 red, 441 irr) 771 drv 17%, 3694 rst 83%
c otfs: sub 33 dyn (33 red, 0 irr)
c phas: 4 computed, 15576 set, 1438 pos (9%), 14138 neg (91%)
c prbs: 8 basic, 48936 probed, 88 failed, 7 lifted
c prps: 370645486 props, 194 props/dec
c prps: 91% srch, 9% simp, 0% lkhd
c psns: 48402483 searches, 7284590 hits, 15% hit rate
c queu: 1741426 new, 598344 del, 120 maximum priority
c queu: 1143025 merged, 1139715 collected, 118 gcs
c queu: 233178 deprioritized, 40.6 lines on average
c reds: 19 count, 0 reset, 17 acts 89%, 0 exp 0%
c reds: 19 arithmetic 100%, 19 double 100%
c rmbd: 351 removed, 153 red 44%
c rsts: 8026 restarts 98%, 160 skipped 2%
c rsts: 1027 kept 12.8% average 26.8%
c simp: 8 count (0 ilim 0%, 0 plim 0%, 8 clim 100%)
c trnr: 8 count, 17 bin, 1714 trn, 26885781 steps
c tops: 94776 fixed 47%, 211 iterations
c trds: 16 transitive reductions, 269 removed, 0 failed
c trds: 14067 nodes, 20225 edges, 9415660 steps
c unhd: 8 count, 20 rounds, 22299214 steps
c unhd: 174 non-trivial sccs of average size 2.4
c unhd: 2 units, 2 bin, 0 trn, 0 lrg
c unhd: 8 failed, 8 stamp, 0 lits, 0 bin, 0 trn, 0 lrg
c unhd: 39597 tauts, 52 bin 0%, 3378 trn 9%, 635 lrg 2%
c unhd: 39597 tauts, 35532 stamp 90%, 19032 red 48%
c unhd: 0 hbrs, 0 trn 0%, 0 lrg 0%, 0 red 0%
c unhd: 137912 strd, 2 bin 0%, 154 trn 0%, 137756 lrg 100%, 137823 red 100%
c vars: 37338 remaining 19% and 163979 removed 81% out of 201317
c vars: 94776 fixed 47%, 10099 eliminated 5%, 59104 equivalent 29%
c vsts: 2302066051 visits, 93% srch, 7% simp, 0% lkhd
c vsts: 6.4 search visits per propagation 9334.6 per conflict
c wchs: 252342807 pushed, 13870009 enlarged, 103 defrags
c 
c scaledglue  added       reduced       forcing      resolved     conflicts
c 
c all    215253 100    180586 100   7731686 100   1220973 100     78832 100
c 
c  0          0   0         0   0         0   0         0   0         0   0 
c  1       1431   1       948   1    174143   2     14291   1       761   1 
c  2      52370  24     37840  21   5288592  68<   585358  48     37410  47 
c  3      71169  33     59087  33   1986436  26    400694  33<    26722  34<
c  4      39934  19<    36807  20<   170401   2    107098   9      6796   9 
c  5      21504  10     19738  11     54756   1     49761   4      2966   4 
c  6      12833   6     11837   7     27358   0     28906   2      1873   2 
c  7       7580   4      6954   4     14288   0     16467   1      1091   1 
c  8       3914   2      3440   2      7239   0      8561   1       608   1 
c  9       2261   1      2047   1      4083   0      4869   0       322   0 
c 10       1316   1      1221   1      2305   0      2820   0       177   0 
c 11        394   0       364   0       911   0       990   0        58   0 
c 12        183   0       151   0       438   0       459   0         8   0 
c 13         89   0        87   0       218   0       228   0        26   0 
c 14         67   0        65   0       310   0       330   0        14   0 
c 15        208   0         0   0       208   0       141   0         0   0 
c 
c avg             3.7           3.8           2.3           2.9           2.9
c std             1.7           1.7           0.7           1.3           1.3
c 
c 1731365 decisions, 229484 conflicts, 1208.2 conflicts/sec
c 370645486 propagations, 2.0 megaprops/sec
c 189.9 seconds, 45.2 MB
c 
c   26.790  14% analysis
c    1.604   1% block
c    2.924   2% bump
c    0.000   0% card
c    4.520   2% cce
c    4.240   2% cliff
c    0.024   0% cutwidth
c    1.660   1% decide
c    0.000   0% force
c    4.356   2% gc
c    1.532   1% cgrclsr
c    2.300   1% decomp
c    0.960   1% defrag
c   13.089   7% elim
c    2.448   1% gauss
c    2.228   1% lift
c    6.368   3% mincls
c    0.128   0% phase
c    4.660   2% probe
c    0.236   0% reduce
c    4.508   2% restart
c    0.596   0% ternres
c    0.912   0% transred
c    5.312   3% unhide
c ==================================
c    0.032   0% preprocessing     0%
c   42.943  23% inprocessing    100%
c ==================================
c   42.975  23% simplifying
c    0.000   0% lookahead
c  146.957  77% search
c ==================================
c  189.944 100% all
c
s SATISFIABLE
