c This is CryptoMiniSat 2.7.1
c WARNING: for repeatability, setting FPU to use double precision
c Reading file 'pb_200_08.cnf'
c -- header says num vars:         190714
c -- header says num clauses:      592498
c -- clauses added:            0 learnts,       592498 normals,            0 xors
c -- vars added     190714
c Parsing time:  0.23 s
c Ouptutting solution to console
c asymm  cl-useful: 6/6034/79614 lits-rem:6 time: 0.96
c Time to fill non-learnt binary watchlists: 0.03 s
c subs with bin:        0  lits-rem:         0  v-fix:    0  time:  0.05 s
c Subs w/ non-existent bins:      0 l-rem:      0 v-fix:     0 done:  18418 time:  1.88 s
c lits-rem:         0  cl-subs:    89823  v-elim:  59386  v-fix:    0  time:  0.39 s
c Finding binary XORs:         0.04 s (found:      10, avg size: 2.0)
c Replacing       10 vars Replaced      151 lits Time:     0.00 s 
c Finding non-binary XORs:     0.02 s (found:       0, avg size: -nan)
c watched sorting time: 0.00
c Calc default polars -  time:   0.01 s pos:    5360 undec:  176791 neg:    8563
c =========================================================================================
c types(t): F = full restart, N = normal restart
c types(t): S = simplification begin/end, E = solution found
c restart types(rt): st = static, dy = dynamic
c  t rt  Rest     Confl      Vars   NormCls    BinCls   Learnts    ClLits    LtLits
c  B st     0         0     45418     76776    142949         0    530224         0  no matrixes
c Finding binary XORs:         0.02 s (found:       0, avg size: -nan)
c  N dy    10      4565     45418     76776    143014      4443    530224    211418  no matrixes
c  N dy    25      8641     45418     76776    143069      8425    530224    385124  no matrixes
c  N dy    46     12706     45418     76776    143170     12352    530224    528466  no matrixes
c  N dy    73     16848     45418     76776    143237     16391    530224    699791  no matrixes
c  N dy   101     21018     45417     76776    143292     10738    530224    182251  no matrixes
c  F st   117     25001     45417     76776    143363     14612    530224    307951  no matrixes
c  N st   118     25251     45417     76776    143337     14852    530152    311071  no matrixes
c  N dy   123     30192     45417     76776    143368     19742    530152    729389  no matrixes
c  S st   123     30192     45417     76776    143368     19742    530152    729389  no matrixes
c  S st   123     30693     45417     76776    143402     20202    530152    738111  no matrixes
c x-sub:     0 x-cut:      0 vfix:      0 v-elim:      0 locsubst:     0 time:   0.01
c binary deg approx. time:  0.14 s num checked:   2121 i:    2141 props: 3001k
c Flit:    20 Blit:      5 bXBeca:    0 bXProp:  104 Bins:   4044 P: 237.7M T:  9.82
c Replacing      104 vars Replaced    22498 lits Time:     0.04 s 
c Time to fill non-learnt binary watchlists: 0.06 s
c subs with bin:       10  lits-rem:         0  v-fix:    0  time:  0.04 s
c Subs w/ non-existent bins:     24 l-rem:      1 v-fix:     0 done:  45288 time:  3.75 s
c Removed useless bin:    6989  fixed:     0  props:  19.95M  time:  1.10 s
c lits-rem:         0  cl-subs:      313  v-elim:     10  v-fix:    0  time:  0.24 s
c lits-rem:       515  cl-subs:     1084  v-elim:      0  v-fix:    0  time:  0.39 s
c asymm  cl-useful: 26/5474/76731 lits-rem:26 time: 0.88
c watched sorting time: 0.00
c  N dy   123     30693     45278     76731    139868     19060    515139    728210  no matrixes
c  N dy   140     34828     45278     76731    139923     23116    515139    860375  no matrixes
c  N dy   159     38902     45278     76731    139984     27093    515139    998152  no matrixes
c  N dy   176     43297     45278     76731    140041     16301    515139    220073  no matrixes
c  S st   193     46140     45278     76731    140066     19113    515139    333877  no matrixes
c  S st   193     46640     45278     76731    140109     19570    515139    342799  no matrixes
c x-sub:     0 x-cut:      0 vfix:      0 v-elim:      0 locsubst:     0 time:   0.01
c binary deg approx. time:  0.14 s num checked:   2073 i:    2095 props: 3003k
c Flit:     1 Blit:      2 bXBeca:    0 bXProp:   11 Bins:   2801 P: 237.7M T: 10.10
c Replacing       11 vars Replaced     1882 lits Time:     0.02 s 
c Time to fill non-learnt binary watchlists: 0.04 s
c subs with bin:        7  lits-rem:         0  v-fix:    0  time:  0.04 s
c Subs w/ non-existent bins:      5 l-rem:      2 v-fix:     0 done:  45246 time:  4.06 s
c Removed useless bin:    6363  fixed:     0  props:  19.95M  time:  1.01 s
c lits-rem:         0  cl-subs:       37  v-elim:      6  v-fix:    0  time:  0.18 s
c Blocked clauses removed:        0    Time: 0.01 s
c lits-rem:       349  cl-subs:      691  v-elim:      0  v-fix:    0  time:  0.29 s
c asymm  cl-useful: 0/7824/76686 lits-rem:0 time: 1.15
c watched sorting time: 0.01
c  N dy   193     46640     45240     76686    136392     18876    502074    342689  no matrixes
c  N dy   220     50674     45240     76686    136433     22848    502074    488348  no matrixes
c  N dy   248     54726     45240     76686    136472     26844    502074    625509  no matrixes
c  N dy   277     58981     45240     76686    136523     31035    502074    779077  no matrixes
c  N dy   300     63065     45240     76686    136553     35062    502074    895472  no matrixes
c  N dy   330     67124     45240     76686    136592     20697    502074    294358  no matrixes
c  S st   342     70155     45240     76686    136611     23678    502074    377909  no matrixes
c  S st   342     70656     45240     76686    136644     24143    502074    388579  no matrixes
c x-sub:     0 x-cut:      0 vfix:      0 v-elim:      0 locsubst:     0 time:   0.01
c binary deg approx. time:  0.14 s num checked:   2195 i:    2217 props: 3005k
c Flit:     0 Blit:      0 bXBeca:    0 bXProp:    0 Bins:    402 P: 238.1M T:  8.54
c Time to fill non-learnt binary watchlists: 0.02 s
c subs with bin:        0  lits-rem:         0  v-fix:    0  time:  0.04 s
c Subs w/ non-existent bins:      0 l-rem:      0 v-fix:     0 done:  45240 time:  4.25 s
c Removed useless bin:     673  fixed:     0  props:  19.96M  time:  1.09 s
c lits-rem:         0  cl-subs:        0  v-elim:      0  v-fix:    0  time:  0.17 s
c lits-rem:       285  cl-subs:      978  v-elim:      0  v-fix:    0  time:  0.32 s
c asymm  cl-useful: 11/11975/76686 lits-rem:11 time: 0.92
c watched sorting time: 0.01
c  N dy   342     70656     45240     76686    136374     23164    500717    381418  no matrixes
c  N dy   374     75336     45240     76686    136419     27783    500717    578960  no matrixes
c  N dy   402     80146     45240     76686    136463     32519    500717    747263  no matrixes
c  N dy   425     85536     45240     76686    136488     37860    500717    914869  no matrixes
c  F st   438     87501     45240     76686    136510     39791    500717    989743  no matrixes
c  N dy   444     92698     45240     76686    136521     24484    500725    516801  no matrixes
c  N dy   472     99160     45240     76686    136549     30875    500725    719762  no matrixes
c  N dy   491    105774     45240     76686    136578     37429    500725    978325  no matrixes
c  S st   494    106075     45240     76686    136580     37728    500725    993484  no matrixes
c  S st   494    106583     45240     76686    136633     38182    500725   1002527  no matrixes
c x-sub:     0 x-cut:      0 vfix:      0 v-elim:      0 locsubst:     0 time:   0.01
c binary deg approx. time:  0.14 s num checked:   2106 i:    2135 props: 3002k
c Flit:     0 Blit:      0 bXBeca:    0 bXProp:    1 Bins:    428 P: 238.3M T:  8.61
c Replacing        3 vars Replaced     1029 lits Time:     0.01 s 
c Time to fill non-learnt binary watchlists: 0.03 s
c subs with bin:        7  lits-rem:         0  v-fix:    0  time:  0.04 s
c Subs w/ non-existent bins:      1 l-rem:      1 v-fix:     0 done:  45237 time:  4.37 s
c Removed useless bin:    2979  fixed:     0  props:  19.95M  time:  1.19 s
c lits-rem:         0  cl-subs:       10  v-elim:      7  v-fix:    0  time:  0.18 s
c lits-rem:       454  cl-subs:      986  v-elim:      0  v-fix:    0  time:  0.53 s
c asymm  cl-useful: 6/12507/76691 lits-rem:6 time: 1.04
c watched sorting time: 0.01
c  N dy   494    106583     45230     76691    134036     37197    494724    986743  no matrixes
c  N dy   536    114743     45230     76691    134073     23132    494724    223073  no matrixes
c  N dy   581    122128     45230     76691    134118     30443    494724    505566  no matrixes
c  N dy   621    129959     45230     76691    134160     38172    494724    778653  no matrixes
c  N dy   661    138616     45230     76691    134196     46726    494728   1075968  no matrixes
c  N dy   704    147530     45230     76691    134248     32172    494728    488795  no matrixes
c  N dy   755    157003     45230     76691    134310     41511    494728    819867  no matrixes
c  S st   763    160131     45230     76691    134331     44579    494728    904430  no matrixes
c  S st   763    160634     45230     76691    134358     45055    494728    915806  no matrixes
c x-sub:     0 x-cut:      0 vfix:      0 v-elim:      0 locsubst:     0 time:   0.01
c binary deg approx. time:  0.14 s num checked:   2012 i:    2031 props: 3001k
c Flit:     0 Blit:      0 bXBeca:    0 bXProp:    1 Bins:    311 P: 238.0M T:  8.96
c Replacing        2 vars Replaced      407 lits Time:     0.01 s 
c Time to fill non-learnt binary watchlists: 0.03 s
c subs with bin:        0  lits-rem:         0  v-fix:    0  time:  0.05 s
c Subs w/ non-existent bins:      1 l-rem:      0 v-fix:     0 done:  45228 time:  4.18 s
c Removed useless bin:      76  fixed:     0  props:  19.96M  time:  1.03 s
c lits-rem:         0  cl-subs:        6  v-elim:      0  v-fix:    0  time:  0.19 s
c Blocked clauses removed:        0    Time: 0.02 s
c lits-rem:       217  cl-subs:     1662  v-elim:      0  v-fix:    0  time:  0.50 s
c asymm  cl-useful: 0/9543/76684 lits-rem:0 time: 1.15
c watched sorting time: 0.01
c  N dy   763    160634     45228     76684    134591     43393    494557    896539  no matrixes
c  N dy   819    171671     45228     76684    134634     29798    494557    390383  no matrixes
c  N dy   873    182843     45228     76684    134706     40837    494557    769561  no matrixes
c  N dy   928    194649     45228     76684    134746     26920    494565    276546  no matrixes
c  N dy   999    208373     45228     76684    134795     40531    494565    764112  no matrixes
c  N dy  1074    222081     45228     76684    134845     27417    494565    244985  no matrixes
c  N dy  1125    237025     45228     76684    134877     42223    494565    707336  no matrixes
c  S st  1151    240977     45228     76684    134897     46140    494565    846776  no matrixes
c  S st  1151    241483     45228     76684    134918     46620    494565    856388  no matrixes
c x-sub:     0 x-cut:      0 vfix:      0 v-elim:      0 locsubst:     0 time:   0.01
c binary deg approx. time:  0.14 s num checked:   2000 i:    2020 props: 3000k
c Flit:     6 Blit:      0 bXBeca:    0 bXProp:   16 Bins:    477 P: 238.9M T:  9.26
c Replacing       18 vars Replaced     3623 lits Time:     0.03 s 
c Time to fill non-learnt binary watchlists: 0.05 s
c subs with bin:        3  lits-rem:         0  v-fix:    0  time:  0.05 s
c Subs w/ non-existent bins:      0 l-rem:      0 v-fix:     0 done:  45204 time:  4.44 s
c Removed useless bin:     273  fixed:     0  props:  19.96M  time:  1.11 s
c lits-rem:         0  cl-subs:       55  v-elim:      2  v-fix:    0  time:  0.18 s
c lits-rem:       232  cl-subs:     1654  v-elim:      0  v-fix:    0  time:  0.44 s
c asymm  cl-useful: 1/5027/76677 lits-rem:1 time: 0.96
c watched sorting time: 0.01
c  N dy  1151    241483     45202     76677    135016     44964    493829    836788  no matrixes
c  N dy  1206    256943     45202     76677    135072     32554    493829    385348  no matrixes
c  N dy  1281    273468     45202     76677    135108     48934    493829    898798  no matrixes
c  N dy  1384    291077     45202     76677    135147     37739    493829    528729  no matrixes
c  F st  1470    306250     45202     76677    135204     52767    493829   1024028  no matrixes
c  N dy  1476    311441     45202     76677    135206     57941    493829   1421395  no matrixes
c  N dy  1576    331382     45202     76677    135251     47960    493829    852189  no matrixes
c  N dy  1679    352558     45202     76677    135285     38300    493829    514307  no matrixes
c  S st  1736    362249     45202     76677    135301     47912    493829    869211  no matrixes
c  S st  1736    362750     45197     76677    135325     48388    493829    882989  no matrixes
c x-sub:     0 x-cut:      0 vfix:      0 v-elim:      0 locsubst:     0 time:   0.01
c binary deg approx. time:  0.14 s num checked:   1920 i:    1947 props: 3000k
c Flit:     0 Blit:      0 bXBeca:    0 bXProp:   11 Bins:   1341 P: 237.7M T: 10.16
c Replacing       11 vars Replaced     3474 lits Time:     0.02 s 
c Time to fill non-learnt binary watchlists: 0.05 s
c subs with bin:        4  lits-rem:         0  v-fix:    0  time:  0.05 s
c Subs w/ non-existent bins:      1 l-rem:      1 v-fix:     0 done:  45186 time:  4.43 s
c Removed useless bin:     446  fixed:     0  props:  19.96M  time:  1.09 s
c lits-rem:         0  cl-subs:       34  v-elim:      2  v-fix:    0  time:  0.18 s
c lits-rem:       181  cl-subs:     1427  v-elim:      0  v-fix:    0  time:  0.52 s
c asymm  cl-useful: 2/10663/76665 lits-rem:2 time: 1.06
c watched sorting time: 0.01
c  N dy  1736    362750     45184     76665    136136     46960    492796    869546  no matrixes
c  N dy  1860    385983     45184     76665    136179     38259    492796    456700  no matrixes
c  N dy  1990    410635     45184     76665    136230     62739    492796   1285230  no matrixes
c  N dy  2127    436878     45184     76665    136279     56040    492796   1043287  no matrixes
c  N dy  2246    464764     45184     76665    136332     49888    492796    755844  no matrixes
c  N dy  2375    494447     45184     76665    136391     44594    492796    593303  no matrixes
c  N dy  2572    527030     45184     76665    136457     41241    492796    443244  no matrixes
c  S st  2668    544125     45184     76665    136494     58194    492796   1003986  no matrixes
c  S st  2668    544627     45184     76665    136517     58673    492796   1012869  no matrixes
c x-sub:     0 x-cut:      0 vfix:      0 v-elim:      0 locsubst:     0 time:   0.01
c binary deg approx. time:  0.14 s num checked:   1949 i:    1972 props: 3004k
c Flit:     0 Blit:      0 bXBeca:    0 bXProp:   35 Bins:     30 P: 237.7M T:  8.50
c Replacing       35 vars Replaced      765 lits Time:     0.01 s 
c Time to fill non-learnt binary watchlists: 0.03 s
c subs with bin:        0  lits-rem:         0  v-fix:    0  time:  0.04 s
c Subs w/ non-existent bins:      1 l-rem:      0 v-fix:     0 done:  45149 time:  4.59 s
c Removed useless bin:     532  fixed:     0  props:  19.96M  time:  1.09 s
c lits-rem:         0  cl-subs:      105  v-elim:      1  v-fix:    0  time:  0.20 s
c Blocked clauses removed:        0    Time: 0.02 s
c lits-rem:       104  cl-subs:     1827  v-elim:      0  v-fix:    0  time:  0.55 s
c asymm  cl-useful: 2/7618/76665 lits-rem:2 time: 0.55
c watched sorting time: 0.01
c  N dy  2668    544627     45148     76665    135868     56827    491518    994486  no matrixes
c  N dy  2854    579461     45148     76665    135928     54753    491518    880324  no matrixes
c  N dy  3074    616520     45148     76665    135978     53854    491518    838305  no matrixes
c  N dy  3317    655877     45148     76665    136050     54209    491518    824103  no matrixes
c  N dy  3555    697843     45148     76665    136120     56138    491518    864965  no matrixes
c  N dy  3796    744512     45148     76665    136180     61797    491518    987449  no matrixes
c  N dy  4086    792120     45148     76665    136226     67359    491518   1182307  no matrixes
c  S st  4213    816948     45148     76665    136246     49325    491518    565558  no matrixes
c  S st  4213    817451     45148     76665    136275     49797    491518    578539  no matrixes
c x-sub:     0 x-cut:      0 vfix:      0 v-elim:      0 locsubst:     0 time:   0.01
c binary deg approx. time:  0.14 s num checked:   1959 i:    1973 props: 3002k
c Flit:     0 Blit:      0 bXBeca:    0 bXProp:    0 Bins:    315 P: 238.4M T:  8.74
c Time to fill non-learnt binary watchlists: 0.02 s
c subs with bin:        0  lits-rem:         0  v-fix:    0  time:  0.05 s
c Subs w/ non-existent bins:      0 l-rem:      0 v-fix:     0 done:  45148 time:  4.58 s
c Removed useless bin:     202  fixed:     0  props:  19.96M  time:  1.14 s
c lits-rem:         0  cl-subs:        0  v-elim:      0  v-fix:    0  time:  0.18 s
c lits-rem:       179  cl-subs:     1588  v-elim:      0  v-fix:    0  time:  0.40 s
c asymm  cl-useful: 1/9555/76663 lits-rem:1 time: 1.04
c watched sorting time: 0.01
c  N dy  4213    817451     45148     76663    136391     48208    491113    569736  no matrixes
c  N dy  4479    869639     45148     76663    136441     56369    491113    748112  no matrixes
c  N dy  4785    925713     45148     76663    136507     67333    491113   1090366  no matrixes
c  N dy  5096    985185     45148     76663    136571     80761    491113   1452060  no matrixes
c  N dy  5395   1048139     45148     76663    136620     49005    491113    430406  no matrixes
c  F st  5551   1071875     45148     76663    136646     72614    491113   1289573  no matrixes
c  N dy  5743   1115129     45148     76663    136681     66902    491113    988698  no matrixes
c  N dy  6158   1186390     45148     76663    136766     87988    491113   1761497  no matrixes
c  S st  6367   1226303     45148     76663    136799     76920    491113   1231903  no matrixes
c  S st  6367   1226805     45148     76663    136819     77400    491113   1240335  no matrixes
c x-sub:     0 x-cut:      0 vfix:      0 v-elim:      0 locsubst:     0 time:   0.02
c binary deg approx. time:  0.14 s num checked:   1828 i:    1852 props: 3000k
c Flit:     0 Blit:      0 bXBeca:    0 bXProp:    0 Bins:     86 P: 239.9M T:  8.49
c Time to fill non-learnt binary watchlists: 0.02 s
c subs with bin:        0  lits-rem:         0  v-fix:    0  time:  0.04 s
c Subs w/ non-existent bins:      0 l-rem:      0 v-fix:     0 done:  45148 time:  4.53 s
c Removed useless bin:     334  fixed:     0  props:  19.96M  time:  1.13 s
c lits-rem:         0  cl-subs:        0  v-elim:      0  v-fix:    0  time:  0.19 s
c lits-rem:       102  cl-subs:     1945  v-elim:      0  v-fix:    0  time:  0.66 s
c asymm  cl-useful: 1/7026/76662 lits-rem:1 time: 1.41
c watched sorting time: 0.01
c  N dy  6367   1226805     45148     76662    136572     75455    490444   1219292  no matrixes
c  N dy  6832   1305389     45148     76662    136657    101872    490444   2236916  no matrixes
c  N dy  7324   1388805     45148     76662    136723     78495    490444   1324026  no matrixes
c  N dy  7884   1477722     45148     76662    136799     56600    490444    494822  no matrixes
c  N dy  8424   1572136     45148     76662    136870     93755    490444   1830450  no matrixes
c  N dy  9054   1672486     45148     76662    136945     77237    490444   1093685  no matrixes
c  N dy  9724   1779282     45141     76662    137023     63094    490444    607648  no matrixes
c  S st 10094   1840454     45141     76662    137064     62312    490444    553344  no matrixes
c  S st 10094   1840954     45141     76642    136987     62795    490361    566283  no matrixes
c x-sub:     0 x-cut:      0 vfix:      0 v-elim:      0 locsubst:     0 time:   0.02
c binary deg approx. time:  0.13 s num checked:   1863 i:    1878 props: 3000k
c Flit:     0 Blit:      0 bXBeca:    0 bXProp:    0 Bins:     85 P: 239.1M T:  8.89
c Time to fill non-learnt binary watchlists: 0.02 s
c subs with bin:        0  lits-rem:         0  v-fix:    0  time:  0.05 s
c Subs w/ non-existent bins:      0 l-rem:      0 v-fix:     0 done:  45141 time:  4.53 s
c Removed useless bin:     556  fixed:     0  props:  19.96M  time:  1.28 s
c lits-rem:         0  cl-subs:        0  v-elim:      2  v-fix:    0  time:  0.20 s
c Blocked clauses removed:        0    Time: 0.02 s
c lits-rem:       204  cl-subs:     1366  v-elim:      0  v-fix:    0  time:  0.40 s
c asymm  cl-useful: 4/12335/76648 lits-rem:4 time: 1.01
c watched sorting time: 0.01
c  N dy 10094   1840954     45139     76648    136432     61427    489247    561434  no matrixes
c  N dy 10683   1959423     45139     76648    136494    116485    489247   2457324  no matrixes
c  N dy 11328   2085679     45139     76648    136569    113791    489247   2319361  no matrixes
c  N dy 12008   2219396     45053     76648    136656    114458    489247   2251272  no matrixes
c  N dy 12719   2361132     45053     76648    136701    119570    489247   2437086  no matrixes
c  N dy 13471   2512602     45053     76648    136739    130909    489247   2653661  no matrixes
c  N dy 14347   2673430     45053     76648    136780    147739    489247   3454237  no matrixes
c  S st 14822   2762181     45053     76648    136803     88580    489247   1032522  no matrixes
c  S st 14822   2762685     45053     76648    136813     89073    489247   1045803  no matrixes
c x-sub:     0 x-cut:      0 vfix:      0 v-elim:      0 locsubst:     0 time:   0.02
c binary deg approx. time:  0.14 s num checked:   1731 i:    1739 props: 3001k
c Flit:    19 Blit:      0 bXBeca:    0 bXProp:   12 Bins:   1948 P: 240.7M T: 10.56
c Replacing       12 vars Replaced      622 lits Time:     0.03 s 
c Time to fill non-learnt binary watchlists: 0.05 s
c subs with bin:        0  lits-rem:         6  v-fix:    0  time:  0.05 s
c Subs w/ non-existent bins:      0 l-rem:      0 v-fix:     0 done:  45020 time:  4.51 s
c Removed useless bin:      60  fixed:     0  props:  19.96M  time:  1.17 s
c lits-rem:         3  cl-subs:        9  v-elim:      5  v-fix:    0  time:  0.19 s
c lits-rem:        26  cl-subs:     1973  v-elim:      0  v-fix:    0  time:  0.56 s
c asymm  cl-useful: 1/11273/76415 lits-rem:1 time: 1.06
c watched sorting time: 0.01
c  N dy 14822   2762685     45015     76415    137248     86998    487959   1031718  no matrixes
c  N dy 15742   2939180     45015     76415    137284    109874    487959   1809024  no matrixes
c  N dy 16765   3126878     45015     76415    137350    141740    487959   3058770  no matrixes
c  N dy 17872   3326476     45015     76415    137398    100601    487959   1303085  no matrixes
c  N dy 19083   3538940     45015     76415    137439    146718    487959   2920237  no matrixes
c  F st 20351   3751563     45015     76415    137488    103743    487959   1183687  no matrixes
c  N dy 20412   3765355     45015     76415    137488    117470    487959   1930196  no matrixes
c  N dy 21749   4005769     45015     76415    137531    181266    487959   4082695  no matrixes
c  S st 22569   4145716     45015     76415    137550    141782    487959   2534818  no matrixes
c  S st 22569   4146216     45015     76415    137560    142271    487959   2545493  no matrixes
c x-sub:     0 x-cut:      0 vfix:      0 v-elim:      0 locsubst:     0 time:   0.02
c binary deg approx. time:  0.12 s num checked:   1614 i:    1624 props: 3004k
c Flit:     2 Blit:      0 bXBeca:    0 bXProp:    8 Bins:    689 P: 237.6M T: 10.64
c Replacing        8 vars Replaced      124 lits Time:     0.04 s 
c Time to fill non-learnt binary watchlists: 0.06 s
c subs with bin:        2  lits-rem:         2  v-fix:    0  time:  0.05 s
c Subs w/ non-existent bins:      0 l-rem:      0 v-fix:     0 done:  44993 time:  4.39 s
c Removed useless bin:     507  fixed:     0  props:  19.95M  time:  1.16 s
c lits-rem:         0  cl-subs:       24  v-elim:      1  v-fix:    0  time:  0.21 s
c lits-rem:       176  cl-subs:     2387  v-elim:      0  v-fix:    0  time:  1.43 s
c asymm  cl-useful: 1/5962/76385 lits-rem:1 time: 1.53
c watched sorting time: 0.01
c  N dy 22569   4146216     44992     76385    137671    139884    486747   2517163  no matrixes
c  N dy 24009   4410942     44992     76385    137714    126447    486747   1720233  no matrixes
c  N dy 25625   4692751     44992     76385    137763    122277    486747   1457672  no matrixes
c  N dy 27403   4992354     44992     76385    137821    126808    486747   1510557  no matrixes
c  N dy 29255   5311095     44992     76385    137870    141935    486747   1943521  no matrixes
c  N dy 31271   5650148     44992     76385    137932    168844    486747   2888055  no matrixes
c  N dy 33451   6010999     44992     76385    137986    208226    486747   4300953  no matrixes
c  S st 34703   6219414     44992     76385    138016    197377    486747   3635392  no matrixes
c  S st 34703   6219916     44992     76385    138022    197871    486747   3648683  no matrixes
c x-sub:     0 x-cut:      0 vfix:      0 v-elim:      0 locsubst:     0 time:   0.02
c binary deg approx. time:  0.12 s num checked:   1649 i:    1666 props: 3000k
c Flit:     1 Blit:     33 bXBeca:    0 bXProp:    1 Bins:     42 P: 237.6M T: 10.17
c Replacing        1 vars Replaced        8 lits Time:     0.06 s 
c Time to fill non-learnt binary watchlists: 0.08 s
c subs with bin:        4  lits-rem:         1  v-fix:    0  time:  0.05 s
c Subs w/ non-existent bins:      0 l-rem:      0 v-fix:     0 done:  44952 time:  4.18 s
c Removed useless bin:      46  fixed:     0  props:  19.96M  time:  1.15 s
c lits-rem:         0  cl-subs:        0  v-elim:      3  v-fix:    0  time:  0.25 s
c Blocked clauses removed:        0    Time: 0.02 s
c lits-rem:       207  cl-subs:     3588  v-elim:      0  v-fix:    0  time:  2.34 s
c asymm  cl-useful: 0/9531/76299 lits-rem:0 time: 1.00
c watched sorting time: 0.02
c  N dy 34703   6219916     44949     76299    137799    194269    486236   3606230  no matrixes
c  N dy 37102   6617025     44949     76299    137839    252654    486236   6005156  no matrixes
c  N dy 39539   7039444     44949     76299    137922    213235    486236   4194786  no matrixes
c  N dy 42250   7488794     44949     76299    137970    185074    486236   2674850  no matrixes
c  N dy 45083   7967203     44949     76299    138036    169554    486236   1760674  no matrixes
c  N dy 47676   8475816     44949     76299    138111    296187    486236   6614979  no matrixes
c  N dy 50273   9017110     44949     76299    138171    184100    486236   1866097  no matrixes
c  S st 51919   9329902     44949     76299    138204    227416    486236   3447503  no matrixes
c  S st 51919   9330409     44949     76299    138218    227909    486236   3456885  no matrixes
c x-sub:     0 x-cut:      0 vfix:      0 v-elim:      0 locsubst:     0 time:   0.03
c binary deg approx. time:  0.11 s num checked:   1356 i:    1372 props: 3004k
c Flit:     4 Blit:      0 bXBeca:    0 bXProp:    0 Bins:      4 P: 238.0M T:  8.24
c Time to fill non-learnt binary watchlists: 0.02 s
c subs with bin:        3  lits-rem:         0  v-fix:    0  time:  0.06 s
c Subs w/ non-existent bins:      0 l-rem:      0 v-fix:     0 done:  44945 time:  4.65 s
c Removed useless bin:     336  fixed:     0  props:  19.97M  time:  1.15 s
c lits-rem:         0  cl-subs:        0  v-elim:      2  v-fix:    0  time:  0.25 s
c lits-rem:       131  cl-subs:     4018  v-elim:      0  v-fix:    0  time:  2.24 s
c asymm  cl-useful: 2/11186/76292 lits-rem:2 time: 1.16
c watched sorting time: 0.01
c  N dy 51919   9330409     44943     76292    137850    223888    485515   3422999  no matrixes
c  N dy 55155   9926409     44939     76292    137900    266729    485515   5058857  no matrixes
c  N dy 58220  10560461     44862     76292    137954    335285    485515   7273229  no matrixes
c  N dy 61638  11234697     44862     76122    137772    280813    484689   4893726  no matrixes
c  N dy 65354  11952137     44862     76122    137838    244669    484689   3016472  no matrixes
c  N dy 69505  12715371     44862     76122    137899    385603    484689   8909433  no matrixes
c  F st 71700  13130468     44862     76122    137932    324330    484689   6035966  no matrixes
c  N dy 73917  13527420     44862     76122    137971    398359    484689   8837860  no matrixes
c  S st 76399  13995625     44862     76122    138026    375846    484689   7538283  no matrixes
c  S st 76399  13996125     44862     76122    138030    376342    484689   7554390  no matrixes
c x-sub:     0 x-cut:      0 vfix:      0 v-elim:      0 locsubst:     0 time:   0.04
c binary deg approx. time:  0.09 s num checked:   1138 i:    1148 props: 3001k
c Flit:     4 Blit:     14 bXBeca:    0 bXProp:    1 Bins:    304 P: 237.6M T: 10.85
c Replacing        1 vars Replaced       16 lits Time:     0.11 s 
c Time to fill non-learnt binary watchlists: 0.13 s
c subs with bin:        1  lits-rem:         0  v-fix:    0  time:  0.05 s
c Subs w/ non-existent bins:      0 l-rem:      0 v-fix:     0 done:  44816 time:  4.63 s
c Removed useless bin:     915  fixed:     0  props:  19.95M  time:  1.19 s
c lits-rem:         0  cl-subs:        3  v-elim:      9  v-fix:    0  time:  0.32 s
c lits-rem:      2798  cl-subs:     6839  v-elim:      0  v-fix:    0  time:  7.81 s
c asymm  cl-useful: 2/9169/76037 lits-rem:2 time: 0.89
c watched sorting time: 0.02
c  N dy 76399  13996125     44807     76037    137221    369118    482377   7430531  no matrixes
c  N dy 81408  14889534     44807     76037    137294    419850    482377   9410579  no matrixes
c  N dy 86596  15839939     44807     76037    137384    332160    482377   5214291  no matrixes
c  N dy 91900  16851204     44807     76037    137516    450765    482377   9991038  no matrixes
c  N dy 97814  17926819     44758     76037    137627    423360    482377   7848571  no matrixes
c  N dy103811  19071119     44758     75929    137740    429801    481871   7669063  no matrixes
c  N dy110356  20289208     44758     75929    137983    474656    481871   8738727  no matrixes
c  S st114336  20994426     44758     75929    138073    379562    481871   4751985  no matrixes
c  S st114336  20994929     44758     75929    138081    380056    481871   4765184  no matrixes
c x-sub:     0 x-cut:      0 vfix:      0 v-elim:      0 locsubst:     0 time:   0.05
c binary deg approx. time:  0.10 s num checked:   1286 i:    1298 props: 3053k
c Flit:     5 Blit:      8 bXBeca:    0 bXProp:    0 Bins:    108 P: 237.6M T: 10.54
c Time to fill non-learnt binary watchlists: 0.02 s
c subs with bin:       11  lits-rem:         0  v-fix:    0  time:  0.06 s
c Subs w/ non-existent bins:      0 l-rem:      0 v-fix:     0 done:  44741 time:  5.06 s
c Removed useless bin:       6  fixed:     0  props:  19.96M  time:  1.35 s
c lits-rem:         0  cl-subs:        1  v-elim:      9  v-fix:    0  time:  0.35 s
c Blocked clauses removed:        0    Time: 0.02 s
c lits-rem:       442  cl-subs:     7488  v-elim:      0  v-fix:    0  time:  4.30 s
c asymm  cl-useful: 0/9323/75898 lits-rem:0 time: 1.23
c watched sorting time: 0.02
c  N dy114336  20994929     44732     75898    137646    372435    481652   4735045  no matrixes
c  N dy121757  22335591     44732     75898    137826    473405    481652   8292306  no matrixes
c  N dy129675  23761292     44732     75898    138000    415550    481652   5413605  no matrixes
c  N dy138001  25277974     44717     75861    137901    400474    481501   3909302  no matrixes
c  N dy146978  26891544     44717     75861    138036    432506    481501   4455986  no matrixes
c  N dy156441  28611025     44715     75861    138180    521785    481501   7484744  no matrixes
c  N dy166768  30437337     44704     75861    138341    669224    481501  12893699  no matrixes
c  S st172683  31492431     44700     75817    137855    496969    481319   5208428  no matrixes
c  S st172683  31492933     44700     75817    137880    497445    481319   5218716  no matrixes
c x-sub:     0 x-cut:      0 vfix:      0 v-elim:      0 locsubst:     0 time:   0.06
c binary deg approx. time:  0.09 s num checked:   1068 i:    1078 props: 3010k
c Flit:    11 Blit:     24 bXBeca:    0 bXProp:    0 Bins:   1811 P: 238.1M T: 12.27
c Time to fill non-learnt binary watchlists: 0.02 s
c subs with bin:       10  lits-rem:         0  v-fix:    0  time:  0.06 s
c Subs w/ non-existent bins:      0 l-rem:      0 v-fix:     0 done:  44661 time:  4.71 s
c Removed useless bin:       0  fixed:     0  props:  19.96M  time:  1.07 s
c lits-rem:         0  cl-subs:        6  v-elim:     25  v-fix:    0  time:  0.38 s
c lits-rem:       564  cl-subs:     9497  v-elim:      0  v-fix:    0  time:  4.61 s
c asymm  cl-useful: 0/4970/75766 lits-rem:0 time: 2.79
c watched sorting time: 0.02
c  N dy172683  31492933     44636     75766    138651    487084    480804   5188182  no matrixes
c  N dy181366  33503199     44596     75766    138834    725284    480804  14157682  no matrixes
c  N dy190824  35641726     44596     75766    138977    528077    480804   5200685  no matrixes
c  N dy200520  37916778     44568     75766    139137    658450    480804   9488734  no matrixes
