c Lingeling SAT Solver
c 
c Version ala b02aa1a04343558c4252b5f4a723be021964f652
c 
c Copyright (C) 2010-2012 Armin Biere JKU Linz Austria.
c All rights reserved.
c 
c released Sat Oct 13 14:05:26 CEST 2012
c compiled Sat Feb 16 02:48:12 EST 2013
c 
c gcc (Debian 4.4.5-8) 4.4.5
c -Wall -O3 -DNLGLOG -DNDEBUG -DNCHKSOL -DNLGLPICOSAT 
c Linux greencar2 2.6.32-5-amd64 x86_64
c 
c reading input file pb_300_01.cnf
c no embedded options
c found 'p cnf 390990 1225012' header
c read 390990 variables, 1225012 clauses, 2553458 literals in 0.0 seconds
c
c feature vars 390990
c feature lits.total 2553458
c feature lits.pos 1357959
c feature lits.neg 1195499
c feature clauses.total 1225012
c feature clauses.unit 143898
c feature clauses.bin 862882
c feature clauses.trn 216132
c feature clauses.lrg 2100
c feature cog.val.min 1
c feature cog.val.avg 174055
c feature cog.val.max 377927
c feature cog.var.min 1
c feature cog.var.avg 195496
c feature cog.var.max 390989
c
c
c --abstime=0
c --acts=2
c --actavgmax=120
c --actstdmin=20
c --actstdmax=80
c --agile=23
c --bias=2
c --block=1
c --blkrtc=0
c --blkclslim=2000
c --blkocclim=2000
c --blkmaxeff=2147483647
c --blkmineff=10000000
c --blkreleff=20
c --card=0
c --cce=3
c --ccemaxeff=100000000
c --ccemineff=5000000
c --ccereleff=3
c --check=0
c --cgrclsr=1
c --cgrmaxority=20
c --cgrmaxeff=8000000
c --cgrmineff=200000
c --cgreleff=1
c --cgrexteq=1
c --cgrextand=1
c --cgrextunits=1
c --cgrextite=1
c --cgrextxor=1
c --cliff=1
c --cliffreleff=8
c --cliffmineff=10000000
c --cliffmaxeff=100000000
c --compact=0
c --decompose=1
c --defragint=10000000
c --defragfree=50
c --elim=1
c --elmrtc=0
c --elmblk=1
c --elmclslim=1000
c --elmocclim=1000
c --elmaxeff=100000000
c --elmineff=5000000
c --elmreleff=10
c --sleeponabort=0
c --exitonabort=0
c --flipping=1
c --flipint=2
c --flipdur=50
c --fliptop=1
c --force=0
c --gauss=1
c --gaussextrall=1
c --gaussmaxor=20
c --gaussexptrn=1
c --gaussmaxeff=50000000
c --gaussmineff=2000000
c --gaussreleff=2
c --gluescale=2
c --gluekeep=0
c --inprocessing=1
c --cintinc=10000
c --irrlim=20
c --lift=1
c --lftmaxeff=20000000
c --lftmineff=500000
c --lftreleff=6
c --lhbr=1
c --lkhd=1
c --clim=-1
c --mocint=1000
c --move=2
c --log=-1
c --otfs=1
c --phase=0
c --phaseneginit=0
c --plain=0
c --probe=1
c --prbasicmaxeff=100000000
c --prbasicmineff=1000000
c --prbasicreleff=10
c --prbasic=1
c --prbasicroundlim=9
c --queuemergelim=10000
c --queuefactor=833
c --queueinc=20
c --rmincpen=4
c --seed=0
c --smallirr=90
c --smallve=1
c --smallvevars=12
c --randec=1
c --randecint=1000
c --redfixed=0
c --redlbound=0
c --redlexpfac=10
c --redldoutfac=0
c --redloutinc=10000
c --redlinit=1000
c --redlinc=1000
c --redinoutinc=100
c --redlmininc=10
c --redlmaxinc=200
c --redlminrel=10
c --redlmaxrel=300
c --redlminabs=500
c --redlmaxabs=1000000
c --reduce=1
c --restart=2
c --restartint=5
c --rstinoutinc=110
c --simplify=1
c --simpdelay=100
c --simpen=4
c --sizepen=1000000
c --sizemaxpen=3
c --sortlits=0
c --syncint=111111
c --termint=122222
c --ternres=1
c --ternresrtc=0
c --trnrmineff=4000000
c --trnrmaxeff=40000000
c --trnreleff=10
c --transred=1
c --trdmineff=100000
c --trdmaxeff=2000000
c --trdreleff=10
c --unhide=1
c --unhdextstamp=1
c --unhdhbr=0
c --unhdmaxeff=20000000
c --unhdmineff=1000000
c --unhdreleff=4
c --unhdlnpr=3
c --unhdroundlim=5
c --verbose=1
c --witness=1
c [limits] no conflict limit
c [limits] simplification delayed by 100 to 100 conflicts
c 
c  seconds         irredundant          redundant clauses agility   height
c          variables clauses conflicts large binary ternary    glue         MB
c 
c *    0.0  221232   939152         0       0      0     0  82  0.0   0.0   79
c [cut-width] 317674, max 475663, min4 223340 at 75%, min10 51000 at 86%
c [decision-order] bias 1, old 1
c [queue-schedule-all-variables]
c s    0.0  221232   939152         0       0      0     0  82  0.0   0.0   79
c R    0.1  221232   939152        60      45     13     2  10  2.7  95.5   83
c [simplification-1] limit hit at 101 conflicts
c [simplification-1] simplification penalty of 4
c [ternres-1] limit 2000000 with penalty 1 = 0 + 1
c [ternres-1] all 221232 free variables schedulable
c [ternres-1] 0 ternary resolvents (0 bin, 0 trn)
c [ternres-1] 174456 variables remain 79% (46776 retained)
c [gauss-1] limit 1000000 penalty 1 = 0 + 1
c [gauss-1] extracted 80414 xors of average arity 2.0
c [gauss-1] connected 160829 occurrences of 76757 variables (average 2.1)
c [gauss-1] limit 1000000 penalty 1 = 0 + 1
c d    1.1  102908   476484       101      82     13     5   6  3.4  90.3   40
c [gauss-1] exported 0 unary, 2 binary and 0 ternary equations
c G    1.1  102908   476484       101      82     13     5   6  3.4  90.3   40
c [basicprobe-1] limit 1000000 penalty 0 = 0 + 0
c [basicprobe-1-0] 7003 probes remain 7% after last round
c [basicprobe-1-0] 2 units = 2 failed (100%) + 0 lifted (0%)
c [basicprobe-1-0] removed 2 variables, found 4166 hbrs
c p    1.3  102906   476484       101      82   4178     5   6  3.4  90.3   48
c [cgrclsr-1] limit 200000 penalty 0 = 0 + 0
c [cgrclsr-1] all 102906 free variables schedulable
c [cgrclsr-1] fully completed congruence closure
c [lift-1] limit 500000 with penalty 0 = 0 + 0
c [lift-1] using 102906 probes 100%
c [lift-1] 102889 variables remain 100% (11 retained)
c [lift-1] removed 6 variables
c ^    1.7  102900   476444       101      82   4216     5   6  3.4  90.3   40
c [cliff-1] limit of 10000000 steps penalty 0 = 0 + 0
c [cliff-1] failed 6, lifted 30
c K    2.1  102764   476444       101      82   7094     5   6  3.4  90.3   48
c [unhide-1] limit 1000000 with penalty 0 = 0 + 0
c [unhide-1-1] 2 units, 9 failed, 45358 tauts, 0 hbrs, 53 literals
c u    2.3  102738   430387       101      81   6957     6   6  3.4  90.3   48
c [transred-1] limit 100000 with penalty 0 = 0 + 0
c t    2.3  102738   430386       101      81   6957     6   6  3.4  90.3   48
c [block-1] scheduling all variables this time
c [block-1] scheduled 102738 variables 100%
c [block-1] limit of 10000000 steps penalty 0 = 0 + 0
c [block-1] fully completed blocked clause elimination
c [block-1] transition to [ all 0 rem 0 ] state
c [block-1] eliminated 6900 blocked clauses
c k    2.6  102738   423358       101      81   6953  6904   6  3.4  90.3   40
c [cce-1] scheduling all variables this time
c [cce-1] limit of 10000000 steps penalty 0 = 0 + 0
c [cce-1] incomplete covered clause elimination 102302 not tried 100%
c [cce-1] transition to [ all 1 rem 1 ] state
c [cce-1] eliminated 1562 covered clauses
c E    3.1  102447   421796       101      81   6991  6894   6  3.4  90.3   40
c [elim-1] scheduling all variables this time
c [elim-1] scheduled 102447 variables 100%
c [elim-1] limit of 5000000 steps penalty 0 = 0 + 0
c [elim-1] incomplete variable elimination 85338 not tried 83%
c [elim-1] transition to [ all 1 rem 1 ] state
c [elim-1] eliminated 8641 = 8% variables out of 102447
c e    4.1   93806   416287       101      56   4059   859   6  3.4  90.3   39
c [phase-1] phase bias: 4031 positive 7%, 50297 negative 93%
c [simplification-1] removed 127426 variables 57%
c [simplification-1] limit increments divided by 29
c [simplification-1] arithmetic increase of conflict limit interval by 344
c [simplification-1] new irredundant limit 4076165
c [simplification-1] new conflict limit 445
c [simplification-1] simplification penalty reduced to 3
c R    4.2   93806   416287       161     107   4062   865   7  3.6  82.1   47
c R    4.4   93806   416287       410     326   4074   883   2  4.1 115.3   47
c [simplification-2] limit hit at 445 conflicts
c [simplification-2] simplification penalty of 3
c [ternres-2] limit 2000000 with penalty 1 = 1 + 0
c [ternres-2] 73987 schedulable variables 79%
c [ternres-2] 1 ternary resolvents (0 bin, 1 trn)
c [ternres-2] 46934 variables remain 50% (46872 retained)
c T    4.5   93806   416287       445     352   4076   891   2  4.0 115.9   48
c [gauss-2] limit 2000000 penalty 0 = 0 + 0
c [gauss-2] extracted 763 xors of average arity 3.0
c [gauss-2] connected 2278 occurrences of 1397 variables (average 1.6)
c [gauss-2] limit 2000000 penalty 0 = 0 + 0
c [gauss-2] fully completed
c [gauss-2] exported 0 unary, 0 binary and 0 ternary equations
c G    4.7   93806   416287       445     352   4076   891   2  4.0 115.9   39
c d    4.8   93797   416285       445     349   4059   885   2  4.0 115.9   39
c [basicprobe-2] limit 1000000 penalty 0 = 0 + 0
c [basicprobe-2-0] 7470 probes remain 8% after last round
c [basicprobe-2-0] 1 units = 1 failed (100%) + 0 lifted (0%)
c [basicprobe-2-0] removed 1 variables, found 247 hbrs
c p    4.9   93796   416285       445     349   4302   884   2  4.0 115.9   47
c [cgrclsr-2] limit 100000 penalty 1 = 1 + 0
c [cgrclsr-2] all 93796 free variables schedulable
c [cgrclsr-2] fully completed congruence closure
c [lift-2] limit 500000 with penalty 0 = 0 + 0
c [lift-2] using 93785 probes 100%
c [lift-2] 93771 variables remain 100% (25 retained)
c [cliff-2] limit of 10000000 steps penalty 0 = 0 + 0
c [cliff-2] failed 3, lifted 9
c K    5.6   93780   416278       445     349   4895   884   2  4.0 115.9   47
c [unhide-2] limit 1000000 with penalty 0 = 0 + 0
c [unhide-2-2] 3 units, 44 failed, 2053 tauts, 0 hbrs, 203 literals
c u    5.8   93689   416159       445     342   2766   884   2  4.0 115.9   47
c [transred-3] limit 130593 with penalty 0 = 0 + 0
c t    5.8   93689   416158       445     342   2765   884   2  4.0 115.9   47
c [block-2] scheduling all variables this time
c [block-2] scheduled 93689 variables 100%
c [block-2] limit of 10000000 steps penalty 0 = 0 + 0
c [block-2] fully completed blocked clause elimination
c [block-2] transition to [ all 0 rem 0 ] state
c [block-2] eliminated 0 blocked clauses
c [cce-2] 93624 variables 100% will be scheduled this time
c [cce-2] limit of 10000000 steps penalty 0 = 0 + 0
c [cce-2] 92900 variables 99% remain to be tried next time
c [cce-2] transition to [ all 0 rem 1 ] state
c [cce-2] eliminated 1157 covered clauses
c E    6.5   93463   414532       445     342   3244   879   2  4.0 115.9   39
c [elim-2] 84997 variables 91% will be scheduled this time
c [elim-2] scheduled 84997 variables 91%
c [elim-2] limit of 5000000 steps penalty 0 = 0 + 0
c [elim-2] 74879 variables 80% remain to be tried next time
c [elim-2] transition to [ all 0 rem 1 ] state
c [elim-2] eliminated 1099 = 1% variables out of 93463
c 
c  seconds         irredundant          redundant clauses agility   height
c          variables clauses conflicts large binary ternary    glue         MB
c 
c e    7.6   92364   413831       445     341   2872   878   2  4.0 115.9   39
c [phase-2] phase bias: 48 positive 87%, 7 negative 13%
c [simplification-2] removed 1442 variables 1%
c [simplification-2] no reduction of limit increments
c [simplification-2] arithmetic increase of conflict limit interval by 10000
c [simplification-2] new irredundant limit 4076165
c [simplification-2] new conflict limit 10789
c [simplification-2] simplification penalty reduced to 2
c i    7.8   92363   413830       542     423   2878   886   2  3.9 113.1   47
c R    8.2   92363   413830       973     817   2898   903   3  4.0 160.4   48
c -    8.4   92363   413830      1208     503   2918   930   2  3.9 153.3   48
c R    9.1   92363   413830      2265    1470   2946   991   4  5.5 175.7   48
c -   10.6   92363   413830      4147    1514   3065  1192   3  5.2 160.5   48
c R   11.0   92363   413830      5176    2524   3071  1205   4  6.5 168.5   49
c -   13.4   92363   413830      8061    2502   3229  1447   3  6.3 162.3   48
c [simplification-3] limit hit at 10790 conflicts
c [simplification-3] simplification penalty of 2
c [ternres-3] limit 4000000 with penalty 0 = 0 + 0
c [ternres-3] 46206 schedulable variables 50%
c [ternres-3] 94 ternary resolvents (0 bin, 94 trn)
c [ternres-3] fully completed ternary resolution
c T   15.2   92363   413830     10790    5025   3291  1676   1  7.2 169.1   50
c [gauss-3] limit 1000000 penalty 1 = 1 + 0
c [gauss-3] extracted 456 xors of average arity 2.9
c [gauss-3] connected 1313 occurrences of 1136 variables (average 1.2)
c [gauss-3] limit 1000000 penalty 1 = 1 + 0
c [gauss-3] fully completed
c d   15.6   92283   413801     10790    4955   3119  1625   1  7.2 169.1   41
c [gauss-3] exported 0 unary, 1 binary and 1 ternary equations
c G   15.6   92283   413801     10790    4955   3119  1625   1  7.2 169.1   41
c [basicprobe-3] limit 2264101 penalty 0 = 0 + 0
c [basicprobe-3-0] 7537 probes remain 8% after last round
c [basicprobe-3-0] 2 units = 2 failed (100%) + 0 lifted (0%)
c [basicprobe-3-0] removed 3 variables, found 839 hbrs
c p   15.9   92280   413801     10790    4955   3951  1615   1  7.2 169.1   48
c [cgrclsr-3] limit 128757 based on 1030063 irredundant literals
c [cgrclsr-3] all 92280 free variables schedulable
c [cgrclsr-3] fully completed congruence closure
c [lift-3] limit 679230 with penalty 1 = 1 + 0
c [lift-3] using 92257 probes 100%
c [lift-3] 92239 variables remain 100% (41 retained)
c [cliff-3] limit of 10000000 steps penalty 0 = 0 + 0
c [cliff-3] failed 1, lifted 10
c K   16.7   92268   413782     10790    4955   4499  1608   1  7.2 169.1   48
c [unhide-3] limit 1000000 with penalty 0 = 0 + 0
c [unhide-3-3] 6 units, 0 failed, 2494 tauts, 0 hbrs, 4596 literals
c u   17.0   92248   411169     10790    4917   4438  1597   1  7.2 169.1   48
c [transred-5] limit 2000000 with penalty 0 = 0 + 0
c t   17.2   92246   411156     10790    4917   4435  1597   1  7.2 169.1   48
c [block-3] scheduling all variables this time
c [block-3] scheduled 92246 variables 100%
c [block-3] limit of 5000000 steps penalty 1 = 1 + 0
c [block-3] fully completed blocked clause elimination
c [block-3] transition to [ all 0 rem 0 ] state
c [block-3] eliminated 0 blocked clauses
c [cce-3] scheduling all variables this time
c [cce-3] limit of 10000000 steps penalty 0 = 0 + 0
c [cce-3] 91481 variables 99% remain to be tried next time
c [cce-3] transition to [ all 1 rem 1 ] state
c [cce-3] eliminated 1150 covered clauses
c E   18.0   92031   409889     10790    4917   4648  1585   1  7.2 169.1   40
c [elim-3] scheduling all variables this time
c [elim-3] scheduled 92031 variables 100%
c [elim-3] limit of 5000000 steps penalty 0 = 0 + 0
c [elim-3] 68161 variables 74% remain to be tried next time
c [elim-3] transition to [ all 1 rem 1 ] state
c [elim-3] eliminated 448 = 0% variables out of 92031
c e   19.0   91583   409703     10790    4898   4588  1582   1  7.2 169.1   40
c [phase-3] phase bias: 0 positive 0%, 0 negative 0%
c [simplification-3] removed 780 variables 0%
c [simplification-3] no reduction of limit increments
c [simplification-3] arithmetic increase of conflict limit interval by 10000
c [simplification-3] new irredundant limit 4076165
c [simplification-3] new conflict limit 31134
c [simplification-3] simplification penalty reduced to 1
c R   19.5   91583   409703     11645    5720   4597  1604   3  7.3 169.4   50
c -   20.9   91583   409703     13187    3528   4683  1718   4  7.2 168.1   48
c -   25.2   91583   409703     19186    4504   4892  2012   3  7.4 161.4   49
c R   28.5   91583   409703     25834   10887   4991  2165   8 10.7 162.8   54
c -   28.7   91583   409703     25997    5514   5003  2172   5 10.7 162.3   49
c [simplification-4] limit hit at 31135 conflicts
c [simplification-4] simplification penalty of 1
c [ternres-4] limit 5887711 with penalty 0 = 0 + 0
c [ternres-4] all 91583 free variables schedulable
c [ternres-4] 125 ternary resolvents (0 bin, 125 trn)
c [ternres-4] 17805 variables remain 19% (73778 retained)
c T   33.0   91583   409703     31135   10194   5176  2561   3 10.5 160.8   52
c [gauss-4] limit 2000000 penalty 0 = 0 + 0
c [gauss-4] extracted 795 xors of average arity 2.9
c [gauss-4] connected 2294 occurrences of 1405 variables (average 1.6)
c [gauss-4] limit 2000000 penalty 0 = 0 + 0
c [gauss-4] fully completed
c 
c  seconds         irredundant          redundant clauses agility   height
c          variables clauses conflicts large binary ternary    glue         MB
c 
c d   33.4   91516   409703     31135   10119   4917  2508   3 10.5 160.8   42
c [gauss-4] exported 0 unary, 1 binary and 0 ternary equations
c G   33.4   91516   409703     31135   10119   4917  2508   3 10.5 160.8   42
c [basicprobe-4] limit 5887711 penalty 0 = 0 + 0
c [basicprobe-4-0] 7273 probes remain 8% after last round
c [basicprobe-4-0] 3 units = 3 failed (100%) + 0 lifted (0%)
c [basicprobe-4-0] removed 6 variables, found 2388 hbrs
c p   33.9   91510   409703     31135   10119   7293  2492   3 10.5 160.8   50
c [cgrclsr-4] limit 255487 based on 1021948 irredundant literals
c [cgrclsr-4] all 91510 free variables schedulable
c [cgrclsr-4] fully completed congruence closure
c [cgrclsr-4] removed 1 variables
c C   34.1   91509   409660     31135   10119   7254  2492   3 10.5 160.8   42
c [lift-4] limit 883156 with penalty 2 = 2 + 0
c [lift-4] using 91468 probes 100%
c [lift-4] 91444 variables remain 100% (64 retained)
c [lift-4] removed 1 variables
c ^   34.4   91508   409654     31135   10119   7271  2492   3 10.5 160.8   42
c [cliff-4] limit of 10000000 steps penalty 0 = 0 + 0
c [cliff-4] failed 1, lifted 17
c K   34.8   91490   409654     31135   10119   7513  2489   3 10.5 160.8   50
c [unhide-4] limit 2355084 with penalty 0 = 0 + 0
c [unhide-4-5] 17 units, 29 failed, 2573 tauts, 0 hbrs, 25358 literals
c u   35.5   91374   407857     31135    9961   6308  2288   3 10.5 160.8   49
c [transred-7] limit 2000000 with penalty 0 = 0 + 0
c t   35.7   91374   407843     31135    9961   6306  2288   3 10.5 160.8   49
c [block-4] scheduling all variables this time
c [block-4] scheduled 91374 variables 100%
c [block-4] limit of 2943855 steps penalty 2 = 2 + 0
c [block-4] incomplete blocked clause elimination 1677 not tried 2%
c [block-4] transition to [ all 1 rem 1 ] state
c [block-4] eliminated 0 blocked clauses
c [cce-4] 90837 variables 99% will be scheduled this time
c [cce-4] limit of 5000000 steps penalty 0 = 0 + 0
c [cce-4] 90562 variables 99% remain to be tried next time
c [cce-4] transition to [ all 0 rem 1 ] state
c [cce-4] eliminated 626 covered clauses
c E   36.3   91247   406999     31135    9961   6384  2285   3 10.5 160.8   41
c [elim-4] 67893 variables 74% will be scheduled this time
c [elim-4] scheduled 67893 variables 74%
c [elim-4] limit of 5887711 steps penalty 0 = 0 + 0
c [elim-4] 55655 variables 61% remain to be tried next time
c [elim-4] transition to [ all 0 rem 1 ] state
c [elim-4] eliminated 922 = 1% variables out of 91247
c e   37.6   90325   406614     31135    9273   5741  2277   3 10.5 160.8   41
c [simplification-4] removed 1258 variables 1%
c [simplification-4] no reduction of limit increments
c [simplification-4] arithmetic increase of conflict limit interval by 10000
c [simplification-4] new irredundant limit 4076165
c [simplification-4] new conflict limit 61479
c [simplification-4] simplification penalty reduced to 0
c -   41.5   90325   406614     35340    6584   5870  2535   6 10.1 156.2   49
c -   47.8   90325   406614     44309    7501   6039  2888   4 10.3 154.7   49
c -   52.9   90325   406614     54401    8965   6109  3021   8 12.2 156.2   50
c R   53.5   90325   406614     56794   11344   6109  3035   6 12.8 157.7   52
c [simplification-5] limit hit at 61481 conflicts
c [simplification-5] no simplification penalty
c [ternres-5] limit 10941435 with penalty 0 = 0 + 0
c [ternres-5] 17550 schedulable variables 19%
c [ternres-5] 147 ternary resolvents (1 bin, 146 trn)
c [ternres-5] fully completed ternary resolution
c T   57.7   90325   406614     61481   15708   6230  3358   6 12.6 156.1   54
c [gauss-5] limit 2188287 penalty 0 = 0 + 0
c [gauss-5] extracted 791 xors of average arity 2.9
c [gauss-5] connected 2323 occurrences of 1736 variables (average 1.3)
c [gauss-5] limit 2188287 penalty 0 = 0 + 0
c [gauss-5] fully completed
c [gauss-5] exported 0 unary, 0 binary and 0 ternary equations
c G   58.0   90325   406614     61481   15708   6230  3358   6 12.6 156.1   43
c d   58.2   90293   406582     61481   15697   6186  3341   6 12.6 156.1   43
c [basicprobe-5] limit 10941435 penalty 0 = 0 + 0
c [basicprobe-5-0] 6844 probes remain 8% after last round
c [basicprobe-5-0] 9 units = 9 failed (100%) + 0 lifted (0%)
c [basicprobe-5-0] removed 13 variables, found 3539 hbrs
c p   58.7   90280   406582     61481   15697   9718  3321   6 12.6 156.1   51
c [cgrclsr-5] limit 508896 based on 1017793 irredundant literals
c [cgrclsr-5] all 90280 free variables schedulable
c [cgrclsr-5] fully completed congruence closure
c [lift-5] limit 3282430 with penalty 1 = 1 + 0
c [lift-5] using 90216 probes 100%
c [lift-5] 90096 variables remain 100% (139 retained)
c [lift-5] removed 45 variables
c ^   59.4   90235   406223     61481   15697   9917  3318   6 12.6 156.1   43
c [cliff-5] limit of 10000000 steps penalty 0 = 0 + 0
c [cliff-5] failed 3, lifted 0
c K   59.8   90179   406223     61481   15697  10416  3316   6 12.6 156.1   51
c [unhide-5] limit 4376574 with penalty 0 = 0 + 0
c [unhide-5-7] 6 units, 25 failed, 2087 tauts, 0 hbrs, 31632 literals
c u   60.6   90134   404792     61481   15595   9385  3103   6 12.6 156.1   51
c [transred-9] limit 2000000 with penalty 0 = 0 + 0
c t   60.8   90128   404779     61481   15595   9382  3103   6 12.6 156.1   51
c [block-5] 1677 variables 2% will be scheduled this time
c [block-5] scheduled 1677 variables 2%
c [block-5] limit of 2735358 steps penalty 3 = 3 + 0
c [block-5] fully completed blocked clause elimination
c [block-5] transition to [ all 0 rem 0 ] state
c [block-5] eliminated 0 blocked clauses
c [cce-5] scheduling all variables this time
c [cce-5] limit of 10000000 steps penalty 0 = 0 + 0
c [cce-5] 89406 variables 99% remain to be tried next time
c [cce-5] transition to [ all 1 rem 1 ] state
c [cce-5] eliminated 213 covered clauses
c E   61.5   90087   404428     61481   15595   9668  3097   6 12.6 156.1   43
c [elim-5] scheduling all variables this time
c [elim-5] scheduled 90087 variables 100%
c [elim-5] limit of 10941435 steps penalty 0 = 0 + 0
c [elim-5] 51873 variables 58% remain to be tried next time
c [elim-5] transition to [ all 1 rem 1 ] state
c [elim-5] eliminated 337 = 0% variables out of 90087
c 
c  seconds         irredundant          redundant clauses agility   height
c          variables clauses conflicts large binary ternary    glue         MB
c 
c e   63.6   89750   404231     61481   15203   9202  3038   6 12.6 156.1   43
c [simplification-5] removed 575 variables 0%
c [simplification-5] no reduction of limit increments
c [simplification-5] arithmetic increase of conflict limit interval by 10000
c [simplification-5] new irredundant limit 4076165
c [simplification-5] new conflict limit 101825
c -   67.5   89750   404231     65585    9526   9301  3202   6 12.3 154.3   50
c -   77.9   89750   404231     77955   10538   9530  3563   3 13.5 153.5   49
c -   87.9   89750   404231     90894   11512   9693  3826   6 13.6 153.3   50
c [simplification-6] limit hit at 101825 conflicts
c [simplification-6] no simplification penalty
c [ternres-6] limit 19034029 with penalty 0 = 0 + 0
c [ternres-6] all 89750 free variables schedulable
c [ternres-6] 136 ternary resolvents (2 bin, 134 trn)
c [ternres-6] fully completed ternary resolution
c T   97.5   89750   404231    101825   22045   9843  4191   9 13.4 152.2   55
c [gauss-6] limit 1903402 penalty 1 = 1 + 0
c [gauss-6] extracted 638 xors of average arity 3.0
c [gauss-6] connected 1909 occurrences of 1489 variables (average 1.3)
c [gauss-6] limit 1903402 penalty 1 = 1 + 0
c [gauss-6] fully completed
c [gauss-6] exported 0 unary, 0 binary and 0 ternary equations
c G   97.7   89750   404231    101825   22045   9843  4191   9 13.4 152.2   44
c d   97.9   89745   404227    101825   22045   9831  4188   9 13.4 152.2   44
c [basicprobe-6] limit 19034029 penalty 0 = 0 + 0
c [basicprobe-6-0] 6051 probes remain 7% after last round
c [basicprobe-6-0] 11 units = 11 failed (100%) + 0 lifted (0%)
c [basicprobe-6-0] removed 11 variables, found 6367 hbrs
c p   98.8   89734   404227    101825   22045  16171  4140   9 13.4 152.2   52
c [cgrclsr-6] limit 506670 based on 1013340 irredundant literals
c [cgrclsr-6] all 89734 free variables schedulable
c [cgrclsr-6] fully completed congruence closure
c [lift-6] limit 11420417 with penalty 0 = 0 + 0
c [lift-6] using 89595 probes 100%
c [lift-6] 89297 variables remain 100% (406 retained)
c [lift-6] removed 31 variables
c ^  100.0   89703   403944    101825   22045  16482  4132   9 13.4 152.2   44
c [cliff-6] limit of 15227223 steps penalty 0 = 0 + 0
c [cliff-6] failed 5, lifted 20
c K  100.6   89632   403944    101825   22045  17009  4127   9 13.4 152.2   53
c [unhide-6] limit 7613611 with penalty 0 = 0 + 0
c [unhide-6-11] 8 units, 16 failed, 3444 tauts, 0 hbrs, 75503 literals
c u  102.4   89585   402530    101825   21898  14227  3675   9 13.4 152.2   52
c [transred-11] limit 2000000 with penalty 0 = 0 + 0
c t  102.6   89585   402526    101825   21898  14223  3675   9 13.4 152.2   52
c [block-6] scheduling all variables this time
c [block-6] scheduled 89585 variables 100%
c [block-6] limit of 2379253 steps penalty 4 = 4 + 0
c [block-6] incomplete blocked clause elimination 7396 not tried 8%
c [block-6] transition to [ all 1 rem 1 ] state
c [block-6] eliminated 1 blocked clauses
c k  102.9   89585   402520    101825   21898  14216  3675   9 13.4 152.2   44
c [cce-6] 88904 variables 99% will be scheduled this time
c [cce-6] limit of 5710208 steps penalty 0 = 0 + 0
c [cce-6] 88700 variables 99% remain to be tried next time
c [cce-6] transition to [ all 0 rem 1 ] state
c [cce-6] eliminated 146 covered clauses
c E  103.3   89559   402374    101825   21898  14832  3673   9 13.4 152.2   44
c [elim-6] 51695 variables 58% will be scheduled this time
c [elim-6] scheduled 51695 variables 58%
c [elim-6] limit of 19034029 steps penalty 0 = 0 + 0
c [elim-6] 19430 variables 22% remain to be tried next time
c [elim-6] transition to [ all 0 rem 1 ] state
c [elim-6] eliminated 737 = 1% variables out of 89559
c e  106.8   88822   402182    101825   18721  13228  3502   9 13.4 152.2   43
c [simplification-6] removed 928 variables 1%
c [simplification-6] no reduction of limit increments
c [simplification-6] arithmetic increase of conflict limit interval by 10000
c [simplification-6] new irredundant limit 4076165
c [simplification-6] new conflict limit 152169
c -  111.4   88822   402182    108494   12756  13292  3599   5 13.3 151.7   50
c -  115.9   88822   402182    123021   13762  13300  3630  11 15.1 154.1   51
c R  116.1   88822   402182    123970   14711  13300  3630   9 15.2 154.2   51
c i  118.9   88821   402181    126772   17342  13364  3732   7 15.1 153.0   52
c -  130.0   88821   402181    138996   14502  13549  4091   3 14.8 151.3   51
c [simplification-7] limit hit at 152170 conflicts
c [simplification-7] no simplification penalty
c [ternres-7] limit 26856888 with penalty 0 = 0 + 0
c [ternres-7] all 88821 free variables schedulable
c [ternres-7] 158 ternary resolvents (7 bin, 151 trn)
c [ternres-7] fully completed ternary resolution
c T  140.4   88821   402181    152170   27280  13681  4503   5 14.9 150.2   58
c [gauss-7] limit 1342844 penalty 2 = 2 + 0
c [gauss-7] extracted 454 xors of average arity 3.0
c [gauss-7] connected 1362 occurrences of 1149 variables (average 1.2)
c [gauss-7] limit 1342844 penalty 2 = 2 + 0
c [gauss-7] fully completed
c [gauss-7] exported 0 unary, 0 binary and 0 ternary equations
c G  140.7   88821   402172    152170   27280  13674  4503   5 14.9 150.2   46
c [basicprobe-7] limit 26856888 penalty 0 = 0 + 0
c [basicprobe-7-0] 5010 probes remain 6% after last round
c [basicprobe-7-0] 13 units = 11 failed (85%) + 2 lifted (15%)
c [basicprobe-7-0] removed 21 variables, found 6074 hbrs
c p  142.2   88800   402172    152170   27280  19721  4455   5 14.9 150.2   54
c [cgrclsr-7] limit 505678 based on 1011356 irredundant literals
c [cgrclsr-7] all 88800 free variables schedulable
c [cgrclsr-7] fully completed congruence closure
c [lift-7] limit 16114133 with penalty 0 = 0 + 0
c [lift-7] using 88397 probes 100%
c [lift-7] 88014 variables remain 99% (768 retained)
c [lift-7] removed 18 variables
c 
c  seconds         irredundant          redundant clauses agility   height
c          variables clauses conflicts large binary ternary    glue         MB
c 
c ^  143.6   88782   401899    152170   27280  20719  4446   5 14.9 150.2   46
c [cliff-7] limit of 21485510 steps penalty 0 = 0 + 0
c [cliff-7] failed 5, lifted 3
c K  144.4   88695   401899    152170   27280  22285  4439   5 14.9 150.2   54
c [unhide-7] limit 10742755 with penalty 0 = 0 + 0
c [unhide-7-16] 3 units, 51 failed, 3007 tauts, 0 hbrs, 159831 literals
c u  146.9   88660   400485    152170   27171  19641  4212   5 14.9 150.2   53
c [transred-13] limit 2000000 with penalty 0 = 0 + 0
c t  147.1   88660   400483    152170   27171  19636  4212   5 14.9 150.2   53
c [block-7] 7396 variables 8% will be scheduled this time
c [block-7] scheduled 7396 variables 8%
c [block-7] limit of 6714222 steps penalty 3 = 3 + 0
c [block-7] fully completed blocked clause elimination
c [block-7] transition to [ all 0 rem 0 ] state
c [block-7] eliminated 0 blocked clauses
c [cce-7] scheduling all variables this time
c [cce-7] limit of 16114132 steps penalty 0 = 0 + 0
c [cce-7] 87776 variables 99% remain to be tried next time
c [cce-7] transition to [ all 1 rem 1 ] state
c [cce-7] eliminated 121 covered clauses
c E  148.0   88634   400362    152170   27171  19982  4212   5 14.9 150.2   45
c [elim-7] scheduling all variables this time
c [elim-7] scheduled 88634 variables 100%
c [elim-7] limit of 26856888 steps penalty 0 = 0 + 0
c [elim-7] 18673 variables 21% remain to be tried next time
c [elim-7] transition to [ all 1 rem 1 ] state
c [elim-7] eliminated 164 = 0% variables out of 88634
c e  152.8   88470   400253    152170   26340  19365  4092   5 14.9 150.2   45
c [simplification-7] removed 351 variables 0%
c [simplification-7] no reduction of limit increments
c [simplification-7] arithmetic increase of conflict limit interval by 10000
c [simplification-7] new irredundant limit 4076165
c [simplification-7] new conflict limit 212514
c -  158.5   88470   400253    157289   15730  19448  4254   7 14.8 149.9   51
c -  173.6   88470   400253    175588   17033  19631  4618   6 14.7 149.7   51
c -  188.0   88470   400253    194025   17500  19794  4914   3 14.8 149.0   52
c [simplification-8] limit hit at 212514 conflicts
c [simplification-8] no simplification penalty
c [ternres-8] limit 39120250 with penalty 0 = 0 + 0
c [ternres-8] all 88470 free variables schedulable
c [ternres-8] 142 ternary resolvents (2 bin, 140 trn)
c [ternres-8] fully completed ternary resolution
c T  205.8   88470   400253    212514   35510  19960  5354   5 15.0 148.1   60
c [gauss-8] limit 978006 penalty 3 = 3 + 0
c [gauss-8] extracted 316 xors of average arity 3.0
c [gauss-8] connected 948 occurrences of 873 variables (average 1.1)
c [gauss-8] limit 978006 penalty 3 = 3 + 0
c [gauss-8] fully completed
c [gauss-8] exported 0 unary, 0 binary and 0 ternary equations
c G  206.0   88470   400253    212514   35510  19960  5354   5 15.0 148.1   48
c [basicprobe-8] limit 39120250 penalty 0 = 0 + 0
c [basicprobe-8-0] 3331 probes remain 4% after last round
c [basicprobe-8-0] 24 units = 20 failed (83%) + 4 lifted (17%)
c [basicprobe-8-0] removed 26 variables, found 9330 hbrs
c p  208.0   88444   400253    212514   35510  29244  5273   5 15.0 148.1   56
c [cgrclsr-8] limit 503255 based on 1006510 irredundant literals
c [cgrclsr-8] all 88444 free variables schedulable
c [cgrclsr-8] fully completed congruence closure
c [cgrclsr-8] removed 1 variables
c C  208.4   88443   400058    212514   35508  28804  5272   5 15.0 148.1   48
c [lift-8] limit 20000000 with penalty 0 = 0 + 0
c [lift-8] using 87677 probes 99%
c [lift-8] 87193 variables remain 99% (1238 retained)
c [lift-8] removed 12 variables
c ^  209.6   88431   399973    212514   35508  29406  5261   5 15.0 148.1   48
c [cliff-8] limit of 31296200 steps penalty 0 = 0 + 0
c [cliff-8] failed 3, lifted 7
c K  210.8   88421   399973    212514   35508  30718  5248   5 15.0 148.1   56
c [unhide-8] limit 15648100 with penalty 0 = 0 + 0
c [unhide-8-21] 1 units, 6 failed, 3100 tauts, 0 hbrs, 120790 literals
c u  213.9   88408   399565    212514   35365  27876  5056   5 15.0 148.1   56
c [transred-15] limit 2000000 with penalty 0 = 0 + 0
c t  214.1   88408   399562    212514   35365  27867  5056   5 15.0 148.1   56
c [block-8] scheduling all variables this time
c [block-8] scheduled 88408 variables 100%
c [block-8] limit of 4890031 steps penalty 4 = 4 + 0
c [block-8] fully completed blocked clause elimination
c [block-8] transition to [ all 0 rem 0 ] state
c [block-8] eliminated 0 blocked clauses
c [cce-8] 87550 variables 99% will be scheduled this time
c [cce-8] limit of 23472150 steps penalty 0 = 0 + 0
c [cce-8] 86825 variables 98% remain to be tried next time
c [cce-8] transition to [ all 0 rem 1 ] state
c [cce-8] eliminated 39 covered clauses
c E  215.4   88402   399512    212514   35365  28341  5053   5 15.0 148.1   47
c [elim-8] 18639 variables 21% will be scheduled this time
c [elim-8] scheduled 18639 variables 21%
c [elim-8] limit of 39120250 steps penalty 0 = 0 + 0
c [elim-8] fully completed variable elimination
c [elim-8] transition to [ all 0 rem 0 ] state
c [elim-8] eliminated 317 = 0% variables out of 88402
c e  217.1   88085   398915    212514   27038  26162  4558   5 15.0 148.1   44
c [simplification-8] removed 385 variables 0%
c [simplification-8] no reduction of limit increments
c [simplification-8] arithmetic increase of conflict limit interval by 10000
c [simplification-8] new irredundant limit 4076165
c [simplification-8] new conflict limit 282858
c -  227.5   88085   398915    223123   18623  26271  4844   4 14.9 147.2   51
c -  238.7   88085   398915    244049   19728  26323  4991  10 16.1 147.5   52
c -  250.6   88085   398915    265760   20870  26323  5026   7 17.0 147.6   52
c R  252.0   88085   398915    268661   23771  26323  5026   6 17.1 147.6   55
c [simplification-9] limit hit at 282858 conflicts
c [simplification-9] no simplification penalty
c [ternres-9] limit 40000000 with penalty 0 = 0 + 0
c [ternres-9] all 88085 free variables schedulable
c [ternres-9] 79 ternary resolvents (2 bin, 77 trn)
c [ternres-9] fully completed ternary resolution
c 
c  seconds         irredundant          redundant clauses agility   height
c          variables clauses conflicts large binary ternary    glue         MB
c 
c T  265.3   88085   398915    282858   37473  26462  5439   5 17.0 146.5   60
c [gauss-9] limit 624710 penalty 4 = 4 + 0
c [gauss-9] extracted 230 xors of average arity 3.0
c [gauss-9] connected 690 occurrences of 627 variables (average 1.1)
c [gauss-9] limit 624710 penalty 4 = 4 + 0
c [gauss-9] fully completed
c [gauss-9] exported 0 unary, 0 binary and 0 ternary equations
c G  265.5   88085   398915    282858   37473  26462  5439   5 17.0 146.5   48
c [basicprobe-9] limit 49976829 penalty 0 = 0 + 0
c [basicprobe-9-0] 1286 probes remain 1% after last round
c [basicprobe-9-0] 8 units = 8 failed (100%) + 0 lifted (0%)
c [basicprobe-9-0] removed 9 variables, found 9262 hbrs
c p  268.1   88076   398915    282858   37473  35681  5351   5 17.0 146.5   57
c [cgrclsr-9] limit 624710 penalty 3 = 3 + 0
c [cgrclsr-9] all 88076 free variables schedulable
c [cgrclsr-9] fully completed congruence closure
c [lift-9] limit 20000000 with penalty 0 = 0 + 0
c [lift-9] using 86843 probes 99%
c [lift-9] 86372 variables remain 98% (1704 retained)
c [cliff-9] limit of 39981463 steps penalty 0 = 0 + 0
c [cliff-9] failed 0, lifted 0
c [unhide-9] limit 19990731 with penalty 0 = 0 + 0
c [unhide-9-26] 0 units, 0 failed, 2840 tauts, 0 hbrs, 95494 literals
c u  273.9   88076   398685    282858   37354  34440  5219   5 17.0 146.5   57
c [transred-17] limit 2000000 with penalty 0 = 0 + 0
c t  274.0   88076   398682    282858   37354  34428  5219   5 17.0 146.5   57
c [block-9] scheduling all variables this time
c [block-9] scheduled 88076 variables 100%
c [block-9] limit of 6247103 steps penalty 4 = 4 + 0
c [block-9] fully completed blocked clause elimination
c [block-9] transition to [ all 0 rem 0 ] state
c [block-9] eliminated 0 blocked clauses
c [cce-9] scheduling all variables this time
c [cce-9] limit of 29986096 steps penalty 0 = 0 + 0
c [cce-9] 86498 variables 98% remain to be tried next time
c [cce-9] transition to [ all 1 rem 1 ] state
c [cce-9] eliminated 7 covered clauses
c E  275.4   88075   398675    282858   37354  34483  5215   5 17.0 146.5   48
c [elim-9] scheduling all variables this time
c [elim-9] scheduled 88075 variables 100%
c [elim-9] limit of 49976829 steps penalty 0 = 0 + 0
c [elim-9] incomplete variable elimination 731 not tried 1%
c [elim-9] transition to [ all 1 rem 1 ] state
c [elim-9] eliminated 75 = 0% variables out of 88075
c e  283.3   88000   398561    282858   36991  33858  5150   5 17.0 146.5   48
c [simplification-9] removed 85 variables 0%
c [simplification-9] no reduction of limit increments
c [simplification-9] arithmetic increase of conflict limit interval by 10000
c [simplification-9] new irredundant limit 4076165
c [simplification-9] new conflict limit 363202
c -  290.3   88000   398561    289070   21504  33904  5295   6 16.9 146.3   52
c -  312.6   88000   398561    313213   22502  34092  5716   6 16.9 145.4   53
c 1  315.6   88000   398561    316546   25739  34116  5787   4 16.8 145.5   56
c 
c  seconds         irredundant          redundant clauses agility   height
c          variables clauses conflicts large binary ternary    glue         MB
c 
c blkd: 9 bces, 6901 removed, 8359853 resolutions, 23116952 steps
c blkd: 6901 blocking literals 1%, 0 pure
c cces: 9 cces, 1 eliminated, 1 ate 100%, 0 abce 0%
c cces: 8041 probed, 822 lifted, 662 failed
c clff: 9 cliffs, 96 lifted, 27 failed
c clff: 20526 decisions, 158919675 steps
c clls: 1 sat, 0 simp, 0 freeze, 0 melt
c clls: 3778470 add, 0 assume,, 0 deref, 0 failed
c clls: 0 cassume, 0 mosat
c coll: 90 gcs, 0 rescored clauses
c cgrs: 9 count, 3333614 esteps, 540631 csteps
c cgrs: 2 eqs, 0 units
c cgrs: 0 matched (0 ands 0%, 0 xors 0%, 0 ites 0%)
c cgrs: 0 simplified (0 ands 0%, 0 xors 0%, 0 ites 0%)
c cgrs: 7674 extracted (7072 ands 92%, 601 xors 8%, 1 ites 0%)
c dcps: 12 decompositions, 118519 equivalent 30%
c decs: 2703259 decision, 2713 random 0.100%
c decs: 756901 flipped 28.000% (in 1403 phases)
c elms: 9 elims, 12740 eliminated 3%
c elms: 12740 small 100%, 0 large 0%
c elms: 248574 tried small, 12740 succeeded 5%, 235834 failed 95%
c elms: 548 subsumed, 38 strengthened, 0 blocked
c elms: 4823977 copies, 3385957 resolutions, 8315114 ipos
c elms: 358198 subchks, 44250 strchks
c frcs: 0 computed, 5.1 - 94.9 average min-cut range
c gaus: 9 extractions, 84857 extracted, 2.0 size, 3 max
c gaus: exported 0 units, 4 binary and 1 ternary equations
c gaus: 0 gc, 26074702 steps, 13037351 extr 50%, 1371860 elim 5%
c glue: 16.8 avg, 4.0 scaled avg
c glue: 386 maxredglue=15 (0%)
c lift: 9 phases, 10294 probed (3436 level1 33%, 6858 level2 67%)
c lift: 98 units, 0 equivalences, 65 implications
c hbrs: 59457 hbrs = 59457 trn 100% + 0 lrg 0%, 789 sub 1%
c lrnd: 316184 clauses, 181933 uips 58%, 79.6 length, 16.8 glue
c ints: 10235 luby (2214639 steps), 0 inout (0 steps)
c mins: 25181212 learned lits, 33% minimized
c move: moved 6902, 4 binary 0%, 6898 ternary 100%
c otfs: str 5346 dyn (5205 red, 141 irr) 362 drv 7%, 4984 rst 93%
c otfs: sub 16 dyn (16 red, 0 irr)
c phas: 3 computed, 54544 set, 4079 pos (7%), 50465 neg (93%)
c prbs: 9 basic, 13313 probed, 67 failed, 6 lifted
c prps: 1054458032 props, 364 props/dec
c prps: 93% srch, 7% simp, 0% lkhd
c psns: 167489751 searches, 17350559 hits, 10% hit rate
c queu: 3036015 new, 1149449 del, 120 maximum priority
c queu: 1886537 merged, 1884737 collected, 194 gcs
c queu: 321530 deprioritized, 46.9 lines on average
c reds: 23 count, 0 reset, 19 acts 83%, 0 exp 0%
c reds: 23 arithmetic 100%, 23 double 100%
c rmbd: 426 removed, 83 red 19%
c rsts: 10075 restarts 98%, 159 skipped 2%
c rsts: 1149 kept 11.4% average 25.6%
c simp: 9 count (0 ilim 0%, 0 plim 0%, 9 clim 100%)
c trnr: 9 count, 14 bin, 868 trn, 47551890 steps
c tops: 171731 fixed 44%, 2 iterations
c trds: 18 transitive reductions, 93 removed, 3 failed
c trds: 8046 nodes, 10788 edges, 14244515 steps
c unhd: 9 count, 26 rounds, 61412534 steps
c unhd: 414 non-trivial sccs of average size 2.0
c unhd: 46 units, 46 bin, 0 trn, 0 lrg
c unhd: 180 failed, 178 stamp, 0 lits, 2 bin, 0 trn, 0 lrg
c unhd: 66956 tauts, 235 bin 0%, 3122 trn 5%, 537 lrg 1%
c unhd: 66956 tauts, 63062 stamp 94%, 15190 red 23%
c unhd: 0 hbrs, 0 trn 0%, 0 lrg 0%, 0 red 0%
c unhd: 513460 strd, 46 bin 0%, 307 trn 0%, 513107 lrg 100%, 513334 red 100%
c vars: 88000 remaining 23% and 302990 removed 77% out of 390990
c vars: 171731 fixed 44%, 12740 eliminated 3%, 118519 equivalent 30%
c vsts: 6234316385 visits, 92% srch, 8% simp, 0% lkhd
c vsts: 5.8 search visits per propagation 18086.8 per conflict
c wchs: 409832136 pushed, 28006213 enlarged, 129 defrags
c 
c scaledglue  added       reduced       forcing      resolved     conflicts
c 
c all    305564 100    264514 100  14544467 100   1810206 100     97868 100
c 
c  0          0   0         0   0         0   0         0   0         0   0 
c  1        646   0       510   0    136967   1      6727   0       236   0 
c  2      48133  16     38724  15   9489834  65<   580759  32     30124  31 
c  3      89328  29     70435  27   4104204  28    690990  38<    38939  40<
c  4      65147  21<    59825  23<   472832   3    239774  13     13193  13 
c  5      37600  12     34769  13    166633   1    121911   7      6714   7 
c  6      25844   8     24101   9     87124   1     75097   4      3949   4 
c  7      21687   7     20722   8     52081   0     54828   3      2573   3 
c  8      10791   4     10216   4     22288   0     25972   1      1306   1 
c  9       3407   1      3096   1      6198   0      7517   0       362   0 
c 10       1386   0      1173   0      2963   0      3176   0       193   0 
c 11        702   0       584   0      1615   0      1786   0       163   0 
c 12        272   0       157   0       526   0       614   0        36   0 
c 13        144   0       123   0       454   0       475   0        62   0 
c 14         91   0        79   0       362   0       299   0        18   0 
c 15        386   0         0   0       386   0       281   0         0   0 
c 
c avg             4.2           4.3           2.4           3.3           3.3
c std             1.8           1.8           0.8           1.5           1.5
c 
c 2703259 decisions, 316546 conflicts, 1002.8 conflicts/sec
c 1054458032 propagations, 3.3 megaprops/sec
c 315.7 seconds, 93.1 MB
c 
c   41.463  13% analysis
c    2.776   1% block
c    4.708   1% bump
c    0.000   0% card
c    5.296   2% cce
c    5.980   2% cliff
c    0.020   0% cutwidth
c    2.832   1% decide
c    0.000   0% force
c    8.189   3% gc
c    2.736   1% cgrclsr
c    2.248   1% decomp
c    1.712   1% defrag
c   24.210   8% elim
c    2.972   1% gauss
c    5.472   2% lift
c   11.369   4% mincls
c    0.132   0% phase
c    7.424   2% probe
c    0.348   0% reduce
c   10.489   3% restart
c    0.628   0% ternres
c    1.232   0% transred
c   12.385   4% unhide
c ==================================
c    0.028   0% preprocessing     0%
c   73.801  23% inprocessing    100%
c ==================================
c   73.829  23% simplifying
c    0.000   0% lookahead
c  241.807  77% search
c ==================================
c  315.656 100% all
c
s SATISFIABLE
