c This is CryptoMiniSat 2.7.1
c WARNING: for repeatability, setting FPU to use double precision
c Reading file 'pb_300_05.cnf'
c -- header says num vars:         327522
c -- header says num clauses:     1028630
c -- clauses added:            0 learnts,      1028630 normals,            0 xors
c -- vars added     327522
c Parsing time:  0.43 s
c Ouptutting solution to console
c asymm  cl-useful: 0/3992/147146 lits-rem:0 time: 1.05
c Time to fill non-learnt binary watchlists: 0.06 s
c subs with bin:        0  lits-rem:         0  v-fix:    0  time:  0.09 s
c Subs w/ non-existent bins:      0 l-rem:      0 v-fix:     0 done:  31773 time:  3.41 s
c lits-rem:         0  cl-subs:   162458  v-elim: 102433  v-fix:    0  time:  0.76 s
c Finding binary XORs:         0.09 s (found:       6, avg size: 2.0)
c Replacing        6 vars Replaced      100 lits Time:     0.01 s 
c Finding non-binary XORs:     0.04 s (found:       0, avg size: -nan)
c watched sorting time: 0.01
c Calc default polars -  time:   0.01 s pos:    8429 undec:  305746 neg:   13347
c =========================================================================================
c types(t): F = full restart, N = normal restart
c types(t): S = simplification begin/end, E = solution found
c restart types(rt): st = static, dy = dynamic
c  t rt  Rest     Confl      Vars   NormCls    BinCls   Learnts    ClLits    LtLits
c  B st     0         0     82507    143432    256905         0    965406         0  no matrixes
c Finding binary XORs:         0.03 s (found:       0, avg size: -nan)
c  N st     8      4913     82507    143432    256944      4807    965406    255705  no matrixes
c  N st    10     11296     82507    143432    256970     11064    965406    490179  no matrixes
c  N st    11     17039     82311    143432    257011     16685    965406    647107  no matrixes
c  E st    12     17055     82299    143432    257011     16692    965406    647193  no matrixes
c restarts              : 12         
c dynamic restarts      : 0          
c static restarts       : 12         
c full restarts         : 0          
c learnts DL2           : 0          
c learnts size 2        : 106        
c learnts size 1        : 145268      (44.35     % of vars)
c v-elim SatELite       : 102433      (31.28     % vars)
c SatELite time         : 4.26        (40.26     % time)
c v-elim xor            : 0           (0.00      % vars)
c xor elim time         : 0.00        (0.00      % time)
c num binary xor trees  : 6          
c binxor trees' crown   : 6           (1.00      leafs/tree)
c OTF clause improved   : 243         (0.01      clauses/conflict)
c OTF impr. size diff   : 273         (1.12       lits/clause)
c OTF cl watch-shrink   : 5557        (0.33      clauses/conflict)
c OTF cl watch-sh-lit   : 11034       (1.99       lits/clause)
c tried to recurMin cls : 443         (2.60       % of conflicts)
c stopped recurMin      : 426         (96.16      %)
c lits visited recurmin:: 1.11       
c conflicts             : 17055       (1611.90   / sec)
c decisions             : 35340       (1.88      % random)
c bogo-props            : 160597745   (15178422.69 / sec)
c conflict literals     : 656337      (38.11     % deleted)
c Memory used           : 212.20      MB
c CPU time              : 10.58       s
c 
s UNSATISFIABLE
