WARNING: for repeatability, setting FPU to use double precision
============================[ Problem Statistics ]=============================
|                                                                             |
|  Number of variables:        346991                                         |
|  Number of clauses:          854760                                         |
|  Parse time:                   0.28 s                                       |
|                                                                             |
============================[ Search Statistics ]==============================
| Conflicts |          ORIGINAL         |          LEARNT          | Progress |
|           |    Vars  Clauses Literals |    Limit  Clauses Lit/Cl |          |
===============================================================================
|       100 |  199168   828680  1856828 |   303849      100     16 | 42.601 % |
|       250 |  199168   828680  1856828 |   334234      250     16 | 42.601 % |
|       475 |  199168   828680  1856828 |   367657      475     18 | 42.601 % |
|       812 |  199168   828680  1856828 |   404423      812     22 | 42.601 % |
|      1318 |  199168   828680  1856828 |   444865     1318     27 | 42.601 % |
|      2077 |  199168   828680  1856828 |   489352     2077     28 | 42.601 % |
|      3216 |  199168   828680  1856828 |   538287     3216     36 | 42.601 % |
|      4924 |  199168   828680  1856828 |   592116     4924     34 | 42.601 % |
|      7486 |  199168   828680  1856828 |   651328     7486     43 | 42.601 % |
|     11330 |  199168   828680  1856828 |   716460    11330     48 | 42.601 % |
|     17096 |  199168   828680  1856828 |   788106    17096     54 | 42.601 % |
|     25745 |  199168   828680  1856828 |   866917    25745     49 | 42.601 % |
|     38719 |  199168   828680  1856828 |   953609    38719     46 | 42.601 % |
|     58180 |  199168   828680  1856828 |  1048970    58180     43 | 42.601 % |
|     87372 |  199168   828680  1856828 |  1153867    87372     42 | 42.601 % |
|    131161 |  198804   827042  1853188 |  1269254   129389     41 | 42.706 % |
===============================================================================
restarts              : 382
conflicts             : 142350         (2005 /sec)
decisions             : 347807         (0.00 % random) (4898 /sec)
propagations          : 312001076      (4393859 /sec)
conflict literals     : 5699790        (38.65 % deleted)
Memory used           : 157.00 MB
CPU time              : 71.0084 s

UNSATISFIABLE
