c This is CryptoMiniSat 2.7.1
c WARNING: for repeatability, setting FPU to use double precision
c Reading file 'pb_300_01.cnf'
c -- header says num vars:         390990
c -- header says num clauses:     1225012
c -- clauses added:            0 learnts,      1225012 normals,            0 xors
c -- vars added     390990
c Parsing time:  0.48 s
c Ouptutting solution to console
c asymm  cl-useful: 3/1528/174432 lits-rem:3 time: 1.74
c Time to fill non-learnt binary watchlists: 0.06 s
c subs with bin:        0  lits-rem:         0  v-fix:    0  time:  0.09 s
c Subs w/ non-existent bins:      0 l-rem:      0 v-fix:     0 done:   7810 time:  2.04 s
c lits-rem:         0  cl-subs:   192740  v-elim: 123264  v-fix:    0  time:  0.84 s
c Finding binary XORs:         0.11 s (found:     312, avg size: 2.0)
c Replacing      312 vars Replaced     4443 lits Time:     0.01 s 
c Finding non-binary XORs:     0.05 s (found:       0, avg size: -nan)
c watched sorting time: 0.01
c Calc default polars -  time:   0.01 s pos:   10265 undec:  364466 neg:   16259
c =========================================================================================
c types(t): F = full restart, N = normal restart
c types(t): S = simplification begin/end, E = solution found
c restart types(rt): st = static, dy = dynamic
c  t rt  Rest     Confl      Vars   NormCls    BinCls   Learnts    ClLits    LtLits
c  B st     0         0     97656    169456    303848         0   1142857         0  no matrixes
c Finding binary XORs:         0.04 s (found:       0, avg size: -nan)
c  N dy    12      4119     97655    169456    304012      3918   1142857    220143  no matrixes
c  N dy    30      8196     97655    169456    304065      7924   1142857    515963  no matrixes
c  N dy    58     12655     97655    169456    304132     12286   1142857    787416  no matrixes
c  N dy    85     16755     97655    169456    304165     16324   1142857   1001749  no matrixes
c  N dy   117     20880     97655    169456    304204     10623   1142857    271296  no matrixes
c  N dy   147     24964     97655    169456    304260     14616   1142857    485304  no matrixes
c  F st   148     25000     97655    169456    304261     14651   1142857    486133  no matrixes
c  N dy   154     30193     97655    169456    304232     19791   1142775    962314  no matrixes
c  S st   154     30193     97655    169456    304232     19791   1142775    962314  no matrixes
c  S st   154     30694     97575    169456    304278     20238   1142775    974816  no matrixes
c x-sub:     0 x-cut:      0 vfix:      0 v-elim:      0 locsubst:     0 time:   0.02
c binary deg approx. time:  0.16 s num checked:   1098 i:    1105 props: 3001k
c Flit:     7 Blit:   1021 bXBeca:    0 bXProp:    7 Bins:    503 P: 87.6M T:  4.85
c Cleaning up after failed var search:     0.02 s 
c Replacing        7 vars Replaced      289 lits Time:     0.02 s 
c Time to fill non-learnt binary watchlists: 0.05 s
c subs with bin:       36  lits-rem:         0  v-fix:    0  time:  0.09 s
c Subs w/ non-existent bins:     15 l-rem:      3 v-fix:    86 done:  26862 time:  3.91 s
c Removed useless bin:    7266  fixed:     0  props:  19.90M  time:  1.06 s
c lits-rem:         0  cl-subs:       44  v-elim:    168  v-fix:    0  time:  0.52 s
c lits-rem:        57  cl-subs:      910  v-elim:      0  v-fix:    0  time:  0.60 s
c asymm  cl-useful: 2/1879/167424 lits-rem:6 time: 1.43
c watched sorting time: 0.01
c  N dy   154     30694     96253    167424    292695     19305   1112889    955135  no matrixes
c  N dy   177     34701     96252    167424    292729     23250   1112889   1222002  no matrixes
c  N dy   210     38988     96252    167424    292763     27475   1112889   1464203  no matrixes
c  N dy   237     43193     96252    167424    292792     16456   1112889    377255  no matrixes
c  E dy   255     45694         0    167424    292810     18926   1112889    510866  no matrixes
c Verified 167424 clauses.
c Solution needs extension. Extending.
c Verified 167424 clauses.
c        1 solution(s) found
c restarts              : 255        
c dynamic restarts      : 243        
c static restarts       : 17         
c full restarts         : 1          
c learnts DL2           : 0          
c learnts size 2        : 1086       
c learnts size 1        : 170987      (43.73     % of vars)
c v-elim SatELite       : 123432      (31.57     % vars)
c SatELite time         : 8.10        (17.84     % time)
c v-elim xor            : 0           (0.00      % vars)
c xor elim time         : 0.02        (0.04      % time)
c num binary xor trees  : 171        
c binxor trees' crown   : 319         (1.87      leafs/tree)
c OTF clause improved   : 320         (0.01      clauses/conflict)
c OTF impr. size diff   : 410         (1.28       lits/clause)
c OTF cl watch-shrink   : 14809       (0.32      clauses/conflict)
c OTF cl watch-sh-lit   : 53040       (3.58       lits/clause)
c tried to recurMin cls : 3018        (6.60       % of conflicts)
c stopped recurMin      : 2830        (93.77      %)
c lits visited recurmin:: 1.29       
c conflicts             : 45694       (1006.32   / sec)
c decisions             : 375383      (1.59      % random)
c bogo-props            : 457843737   (10083145.34 / sec)
c conflict literals     : 2840984     (27.42     % deleted)
c Memory used           : 250.14      MB
c CPU time              : 45.41       s
c 
s SATISFIABLE
