c This is CryptoMiniSat 2.7.1
c WARNING: for repeatability, setting FPU to use double precision
c Reading file 'pb_300_04.cnf'
c -- header says num vars:         386793
c -- header says num clauses:     1215300
c -- clauses added:            0 learnts,      1215300 normals,            0 xors
c -- vars added     386793
c Parsing time:  0.50 s
c Ouptutting solution to console
c asymm  cl-useful: 3/3065/174642 lits-rem:3 time: 1.40
c Time to fill non-learnt binary watchlists: 0.06 s
c subs with bin:        0  lits-rem:         0  v-fix:    0  time:  0.08 s
c Subs w/ non-existent bins:      0 l-rem:      0 v-fix:    26 done:   7394 time:  1.90 s
c lits-rem:         0  cl-subs:   192324  v-elim: 121659  v-fix:    0  time:  0.84 s
c Finding binary XORs:         0.10 s (found:     128, avg size: 2.0)
c Replacing      128 vars Replaced     2080 lits Time:     0.01 s 
c Finding non-binary XORs:     0.05 s (found:       0, avg size: -nan)
c watched sorting time: 0.01
c Calc default polars -  time:   0.01 s pos:   10092 undec:  361095 neg:   15606
c =========================================================================================
c types(t): F = full restart, N = normal restart
c types(t): S = simplification begin/end, E = solution found
c restart types(rt): st = static, dy = dynamic
c  t rt  Rest     Confl      Vars   NormCls    BinCls   Learnts    ClLits    LtLits
c  B st     0         0     97829    170131    304484         0   1146259         0  no matrixes
c Finding binary XORs:         0.04 s (found:       0, avg size: -nan)
c  N dy    16      4099     97829    170131    304534      3989   1146259    154755  no matrixes
c  N dy    41      8173     97829    170131    304578      7966   1146259    355080  no matrixes
c  N dy    70     12264     97828    170131    304628     11958   1146259    540925  no matrixes
c  N dy   100     16283     97828    170131    304674     15882   1146259    714405  no matrixes
c  N dy   127     20321     97828    170131    304724     10083   1146259    147969  no matrixes
c  N dy   160     24335     97828    170131    304755     14025   1146259    349990  no matrixes
c  F st   166     25001     97828    170131    304765     14672   1146259    384110  no matrixes
c  N dy   172     30198     97828    170118    304778     19828   1146208    770555  no matrixes
c  S st   172     30198     97828    170118    304778     19828   1146208    770555  no matrixes
c  S st   172     30698     97803    170118    304864     20239   1146208    778408  no matrixes
c x-sub:     0 x-cut:      0 vfix:      0 v-elim:      0 locsubst:     0 time:   0.02
c binary deg approx. time:  0.16 s num checked:   1059 i:    1059 props: 3001k
c Flit:    14 Blit:     69 bXBeca:    0 bXProp:   58 Bins:    269 P: 93.4M T:  4.99
c Replacing       58 vars Replaced     6549 lits Time:     0.04 s 
c Time to fill non-learnt binary watchlists: 0.07 s
c subs with bin:       28  lits-rem:         0  v-fix:    0  time:  0.09 s
c Subs w/ non-existent bins:     13 l-rem:      0 v-fix:     0 done:  24565 time:  3.58 s
c Removed useless bin:    4153  fixed:     0  props:  19.90M  time:  1.18 s
c lits-rem:         0  cl-subs:      167  v-elim:     41  v-fix:    0  time:  0.51 s
c lits-rem:        58  cl-subs:     1134  v-elim:      0  v-fix:    0  time:  0.58 s
c asymm  cl-useful: 1/4010/169873 lits-rem:2 time: 0.94
c watched sorting time: 0.01
c  N dy   172     30698     97615    169873    300243     19032   1135743    760199  no matrixes
c  N dy   197     34936     97588    169873    300290     23180   1135743    979343  no matrixes
c  N dy   222     38943     97581    169873    300331     27110   1135743   1179791  no matrixes
c  N dy   245     43145     97579    169873    300404     16114   1135743    231434  no matrixes
c  S st   263     46225     97574    169873    300450     19126   1135743    365654  no matrixes
c  S st   263     46726     97572    169873    300513     19558   1135743    373683  no matrixes
c x-sub:     0 x-cut:      0 vfix:      0 v-elim:      0 locsubst:     0 time:   0.02
c binary deg approx. time:  0.17 s num checked:   1142 i:    1143 props: 3000k
c Flit:     8 Blit:     23 bXBeca:    0 bXProp:    0 Bins:     57 P: 89.0M T:  3.05
c Time to fill non-learnt binary watchlists: 0.04 s
c subs with bin:       11  lits-rem:         0  v-fix:    0  time:  0.10 s
c Subs w/ non-existent bins:     18 l-rem:      0 v-fix:     0 done:  26395 time:  4.37 s
c Removed useless bin:      10  fixed:     0  props:  19.90M  time:  0.90 s
c lits-rem:         0  cl-subs:        3  v-elim:     24  v-fix:    0  time:  0.38 s
c Blocked clauses removed:        0    Time: 0.02 s
c lits-rem:        96  cl-subs:      978  v-elim:      0  v-fix:    0  time:  0.48 s
c asymm  cl-useful: 1/8685/169624 lits-rem:1 time: 1.07
c watched sorting time: 0.01
c  N dy   263     46726     97517    169624    300242     18464   1134371    364348  no matrixes
c  N dy   283     50878     97515    169624    300308     22513   1134371    521133  no matrixes
c  N dy   293     54969     97499    169624    300387     26480   1134371    646775  no matrixes
c  N dy   310     59335     97393    169624    300473     30722   1134371    791348  no matrixes
c  N dy   319     63366     97390    169624    300538     34655   1134371    939518  no matrixes
c  N dy   324     68089     97199    169624    300767     20909   1134371    238968  no matrixes
c  E dy   326     70299     96742    169624    300969     22758   1134371    283061  no matrixes
c restarts              : 326        
c dynamic restarts      : 314        
c static restarts       : 22         
c full restarts         : 1          
c learnts DL2           : 0          
c learnts size 2        : 1714       
c learnts size 1        : 170069      (43.97     % of vars)
c v-elim SatELite       : 121724      (31.47     % vars)
c SatELite time         : 12.91       (20.07     % time)
c v-elim xor            : 0           (0.00      % vars)
c xor elim time         : 0.04        (0.07      % time)
c num binary xor trees  : 184        
c binxor trees' crown   : 186         (1.01      leafs/tree)
c OTF clause improved   : 615         (0.01      clauses/conflict)
c OTF impr. size diff   : 691         (1.12       lits/clause)
c OTF cl watch-shrink   : 20362       (0.29      clauses/conflict)
c OTF cl watch-sh-lit   : 61303       (3.01       lits/clause)
c tried to recurMin cls : 10884       (15.48      % of conflicts)
c stopped recurMin      : 10697       (98.28      %)
c lits visited recurmin:: 1.22       
c conflicts             : 70299       (1092.55   / sec)
c decisions             : 442021      (1.84      % random)
c bogo-props            : 622308058   (9671575.51 / sec)
c conflict literals     : 3051643     (22.72     % deleted)
c Memory used           : 417.84      MB
c CPU time              : 64.34       s
c 
s UNSATISFIABLE
