WARNING: for repeatability, setting FPU to use double precision
============================[ Problem Statistics ]=============================
|                                                                             |
|  Number of variables:        644484                                         |
|  Number of clauses:         1613041                                         |
|  Parse time:                   0.50 s                                       |
|                                                                             |
============================[ Search Statistics ]==============================
| Conflicts |          ORIGINAL         |          LEARNT          | Progress |
|           |    Vars  Clauses Literals |    Limit  Clauses Lit/Cl |          |
===============================================================================
|       100 |  375590  1567066  3511322 |   574590      100     30 | 41.722 % |
|       250 |  375590  1567066  3511322 |   632049      250     30 | 41.722 % |
|       475 |  375590  1567066  3511322 |   695254      475     53 | 41.722 % |
|       812 |  375590  1567066  3511322 |   764780      812     40 | 41.722 % |
|      1318 |  375590  1567066  3511322 |   841258     1318     40 | 41.722 % |
|      2077 |  375590  1567066  3511322 |   925384     2077     47 | 41.722 % |
|      3216 |  375590  1567066  3511322 |  1017922     3216     59 | 41.722 % |
|      4924 |  375590  1567066  3511322 |  1119715     4924     56 | 41.722 % |
|      7486 |  375590  1567066  3511322 |  1231686     7486     64 | 41.722 % |
|     11330 |  375590  1567066  3511322 |  1354855    11330     73 | 41.722 % |
|     17096 |  375590  1567066  3511322 |  1490340    17096    115 | 41.722 % |
|     25745 |  375582  1567022  3511216 |  1639374    25730    116 | 41.724 % |
|     38719 |  375582  1567022  3511216 |  1803312    38704    141 | 41.724 % |
|     58180 |  375582  1567022  3511216 |  1983643    58165    162 | 41.724 % |
|     87372 |  375578  1567006  3511181 |  2182007    87355    163 | 41.724 % |
|    131161 |  375574  1566984  3511128 |  2400208   131130    174 | 41.725 % |
|    196845 |  375266  1565600  3508051 |  2640229   195993    167 | 41.773 % |
===============================================================================
restarts              : 701
conflicts             : 293903         (890 /sec)
decisions             : 1587018        (0.00 % random) (4805 /sec)
propagations          : 1393404265     (4218900 /sec)
conflict literals     : 44404338       (21.90 % deleted)
Memory used           : 349.00 MB
CPU time              : 330.277 s

UNSATISFIABLE
