c Lingeling SAT Solver
c 
c Version ala b02aa1a04343558c4252b5f4a723be021964f652
c 
c Copyright (C) 2010-2012 Armin Biere JKU Linz Austria.
c All rights reserved.
c 
c released Sat Oct 13 14:05:26 CEST 2012
c compiled Sat Feb 16 02:48:12 EST 2013
c 
c gcc (Debian 4.4.5-8) 4.4.5
c -Wall -O3 -DNLGLOG -DNDEBUG -DNCHKSOL -DNLGLPICOSAT 
c Linux greencar2 2.6.32-5-amd64 x86_64
c 
c reading input file pb_400_10.cnf
c no embedded options
c found 'p cnf 643735 2041726' header
c read 643735 variables, 2041726 clauses, 4262389 literals in 0.0 seconds
c
c feature vars 643735
c feature lits.total 4262389
c feature lits.pos 2259975
c feature lits.neg 2002414
c feature clauses.total 2041726
c feature clauses.unit 232569
c feature clauses.bin 1436451
c feature clauses.trn 369906
c feature clauses.lrg 2800
c feature cog.val.min 1
c feature cog.val.avg 286658
c feature cog.val.max 626318
c feature cog.var.min 1
c feature cog.var.avg 321868
c feature cog.var.max 643734
c
c
c --abstime=0
c --acts=2
c --actavgmax=120
c --actstdmin=20
c --actstdmax=80
c --agile=23
c --bias=2
c --block=1
c --blkrtc=0
c --blkclslim=2000
c --blkocclim=2000
c --blkmaxeff=2147483647
c --blkmineff=10000000
c --blkreleff=20
c --card=0
c --cce=3
c --ccemaxeff=100000000
c --ccemineff=5000000
c --ccereleff=3
c --check=0
c --cgrclsr=1
c --cgrmaxority=20
c --cgrmaxeff=8000000
c --cgrmineff=200000
c --cgreleff=1
c --cgrexteq=1
c --cgrextand=1
c --cgrextunits=1
c --cgrextite=1
c --cgrextxor=1
c --cliff=1
c --cliffreleff=8
c --cliffmineff=10000000
c --cliffmaxeff=100000000
c --compact=0
c --decompose=1
c --defragint=10000000
c --defragfree=50
c --elim=1
c --elmrtc=0
c --elmblk=1
c --elmclslim=1000
c --elmocclim=1000
c --elmaxeff=100000000
c --elmineff=5000000
c --elmreleff=10
c --sleeponabort=0
c --exitonabort=0
c --flipping=1
c --flipint=2
c --flipdur=50
c --fliptop=1
c --force=0
c --gauss=1
c --gaussextrall=1
c --gaussmaxor=20
c --gaussexptrn=1
c --gaussmaxeff=50000000
c --gaussmineff=2000000
c --gaussreleff=2
c --gluescale=2
c --gluekeep=0
c --inprocessing=1
c --cintinc=10000
c --irrlim=20
c --lift=1
c --lftmaxeff=20000000
c --lftmineff=500000
c --lftreleff=6
c --lhbr=1
c --lkhd=1
c --clim=-1
c --mocint=1000
c --move=2
c --log=-1
c --otfs=1
c --phase=0
c --phaseneginit=0
c --plain=0
c --probe=1
c --prbasicmaxeff=100000000
c --prbasicmineff=1000000
c --prbasicreleff=10
c --prbasic=1
c --prbasicroundlim=9
c --queuemergelim=10000
c --queuefactor=833
c --queueinc=20
c --rmincpen=4
c --seed=0
c --smallirr=90
c --smallve=1
c --smallvevars=12
c --randec=1
c --randecint=1000
c --redfixed=0
c --redlbound=0
c --redlexpfac=10
c --redldoutfac=0
c --redloutinc=10000
c --redlinit=1000
c --redlinc=1000
c --redinoutinc=100
c --redlmininc=10
c --redlmaxinc=200
c --redlminrel=10
c --redlmaxrel=300
c --redlminabs=500
c --redlmaxabs=1000000
c --reduce=1
c --restart=2
c --restartint=5
c --rstinoutinc=110
c --simplify=1
c --simpdelay=100
c --simpen=4
c --sizepen=1000000
c --sizemaxpen=3
c --sortlits=0
c --syncint=111111
c --termint=122222
c --ternres=1
c --ternresrtc=0
c --trnrmineff=4000000
c --trnrmaxeff=40000000
c --trnreleff=10
c --transred=1
c --trdmineff=100000
c --trdmaxeff=2000000
c --trdreleff=10
c --unhide=1
c --unhdextstamp=1
c --unhdhbr=0
c --unhdmaxeff=20000000
c --unhdmineff=1000000
c --unhdreleff=4
c --unhdlnpr=3
c --unhdroundlim=5
c --verbose=1
c --witness=1
c [limits] no conflict limit
c [limits] simplification delayed by 100 to 100 conflicts
c 
c  seconds         irredundant          redundant clauses agility   height
c          variables clauses conflicts large binary ternary    glue         MB
c 
c *    0.0  376706  1619903         0       0      0     0  93  0.0   0.0  149
c [cut-width] 554895, max 796647, min4 420284 at 75%, min10 68000 at 89%
c [decision-order] bias 1, old 1
c [queue-schedule-all-variables]
c s    0.1  376706  1619903         0       0      0     0  93  0.0   0.0  149
c [simplification-1] limit hit at 100 conflicts
c [simplification-1] simplification penalty of 4
c [ternres-1] limit 1000000 with penalty 2 = 0 + 2
c [ternres-1] all 376706 free variables schedulable
c [ternres-1] 0 ternary resolvents (0 bin, 0 trn)
c [ternres-1] 356315 variables remain 95% (20391 retained)
c [gauss-1] limit 500000 penalty 2 = 0 + 2
c [gauss-1] extracted 38586 xors of average arity 2.0
c [gauss-1] connected 77172 occurrences of 40072 variables (average 1.9)
c [gauss-1] limit 500000 penalty 2 = 0 + 2
c [gauss-1] exported 0 unary, 0 binary and 0 ternary equations
c G    1.0  376706  1575530       100      91      7     2  22  4.1 210.9   90
c d    1.6  178493   840398       100      91      7     2  22  4.1 210.9   69
c [basicprobe-1] limit 500000 penalty 1 = 0 + 1
c [basicprobe-1-0] 9348 probes remain 5% after last round
c [basicprobe-1-0] 1 units = 1 failed (100%) + 0 lifted (0%)
c [basicprobe-1-0] removed 3 variables, found 437 hbrs
c p    1.6  178490   840398       100      91    444     2  22  4.1 210.9   83
c [cgrclsr-1] limit 100000 penalty 1 = 0 + 1
c [cgrclsr-1] all 178490 free variables schedulable
c [cgrclsr-1] fully completed congruence closure
c [lift-1] limit 250000 with penalty 1 = 0 + 1
c [lift-1] using 178490 probes 100%
c [lift-1] 178484 variables remain 100% (6 retained)
c [cliff-1] limit of 5000000 steps penalty 1 = 0 + 1
c [cliff-1] failed 2, lifted 14
c K    2.5  178462   840383       100      91   4968     2  22  4.1 210.9   83
c [unhide-1] limit 500000 with penalty 1 = 0 + 1
c [unhide-1-1] 0 units, 0 failed, 81557 tauts, 0 hbrs, 59 literals
c u    3.0  178462   758687       100      91   4942     2  22  4.1 210.9   83
c [transred-1] limit 116326 based on 1861218 irredundant literals
c t    3.0  178462   758685       100      91   4941     2  22  4.1 210.9   83
c [block-1] scheduling all variables this time
c [block-1] scheduled 178462 variables 100%
c [block-1] limit of 10000000 steps penalty 0 = 0 + 0
c [block-1] fully completed blocked clause elimination
c [block-1] transition to [ all 0 rem 0 ] state
c [block-1] eliminated 9200 blocked clauses
c k    3.4  178462   749485       100      91   4941  9202  22  4.1 210.9   69
c [cce-1] scheduling all variables this time
c [cce-1] limit of 10000000 steps penalty 0 = 0 + 0
c [cce-1] incomplete covered clause elimination 169633 not tried 95%
c [cce-1] transition to [ all 1 rem 1 ] state
c [cce-1] eliminated 67 covered clauses
c E    4.1  178448   749418       100      91   5299  9202  22  4.1 210.9   69
c [elim-1] scheduling all variables this time
c [elim-1] scheduled 178448 variables 100%
c [elim-1] limit of 5000000 steps penalty 0 = 0 + 0
c [elim-1] incomplete variable elimination 158953 not tried 89%
c [elim-1] transition to [ all 1 rem 1 ] state
c [elim-1] eliminated 11416 = 6% variables out of 178448
c e    5.2  167032   742122       100      69   2551  1178  22  4.1 210.9   68
c [phase-1] phase bias: 6305 positive 7%, 81226 negative 93%
c [simplification-1] removed 209674 variables 55%
c [simplification-1] limit increments divided by 28
c [simplification-1] arithmetic increase of conflict limit interval by 357
c [simplification-1] new irredundant limit 6954328
c [simplification-1] new conflict limit 457
c [simplification-1] simplification penalty reduced to 3
c R    5.4  167032   742122       162     122   2551  1187  12  4.2 180.2   82
c R    5.8  167032   742122       402     309   2566  1221  11  4.4 208.2   82
c [simplification-2] limit hit at 457 conflicts
c [simplification-2] simplification penalty of 3
c [ternres-2] limit 2000000 with penalty 1 = 1 + 0
c [ternres-2] 157999 schedulable variables 95%
c [ternres-2] 0 ternary resolvents (0 bin, 0 trn)
c [ternres-2] 135166 variables remain 81% (31866 retained)
c [gauss-2] limit 1000000 penalty 1 = 1 + 0
c [gauss-2] extracted 283 xors of average arity 3.0
c [gauss-2] connected 849 occurrences of 786 variables (average 1.1)
c [gauss-2] limit 1000000 penalty 1 = 1 + 0
c [gauss-2] fully completed
c [gauss-2] exported 0 unary, 0 binary and 0 ternary equations
c G    6.2  167032   742122       457     341   2575  1233   9  4.2 187.1   68
c [basicprobe-2] limit 1000000 penalty 0 = 0 + 0
c [basicprobe-2-0] 9713 probes remain 6% after last round
c [basicprobe-2-0] 2 units = 2 failed (100%) + 0 lifted (0%)
c [basicprobe-2-0] removed 8 variables, found 824 hbrs
c p    6.6  167024   742122       457     341   3399  1231   9  4.2 187.1   82
c [cgrclsr-2] limit 114548 based on 1832780 irredundant literals
c [cgrclsr-2] all 167024 free variables schedulable
c [cgrclsr-2] fully completed congruence closure
c [lift-2] limit 250000 with penalty 1 = 1 + 0
c [lift-2] using 167018 probes 100%
c [lift-2] 167012 variables remain 100% (12 retained)
c [cliff-2] limit of 10000000 steps penalty 0 = 0 + 0
c [cliff-2] failed 0, lifted 0
c [unhide-2] limit 1000000 with penalty 0 = 0 + 0
c [unhide-2-2] 0 units, 0 failed, 872 tauts, 0 hbrs, 129 literals
c u    8.0  167024   742075       457     335   3253  1230   9  4.2 187.1   82
c [transred-3] limit 229096 based on 1832770 irredundant literals
c t    8.0  167024   742072       457     335   3253  1230   9  4.2 187.1   82
c [block-2] scheduling all variables this time
c [block-2] scheduled 167024 variables 100%
c [block-2] limit of 10000000 steps penalty 0 = 0 + 0
c [block-2] fully completed blocked clause elimination
c [block-2] transition to [ all 0 rem 0 ] state
c [block-2] eliminated 0 blocked clauses
c [cce-2] 162423 variables 97% will be scheduled this time
c [cce-2] limit of 10000000 steps penalty 0 = 0 + 0
c [cce-2] 161918 variables 97% remain to be tried next time
c [cce-2] transition to [ all 0 rem 1 ] state
c [cce-2] eliminated 223 covered clauses
c E    9.1  167022   741849       457     335   5093  1230   9  4.2 187.1   68
c [elim-2] 158942 variables 95% will be scheduled this time
c [elim-2] scheduled 158942 variables 95%
c [elim-2] limit of 5000000 steps penalty 0 = 0 + 0
c [elim-2] 149104 variables 89% remain to be tried next time
c [elim-2] transition to [ all 0 rem 1 ] state
c [elim-2] eliminated 1054 = 1% variables out of 167022
c e   10.2  165968   741105       457     323   3254  1229   9  4.2 187.1   68
c [phase-2] phase bias: 144 positive 99%, 2 negative 1%
c [simplification-2] removed 1064 variables 0%
c [simplification-2] no reduction of limit increments
c [simplification-2] arithmetic increase of conflict limit interval by 10000
c [simplification-2] new irredundant limit 6954328
c [simplification-2] new conflict limit 10814
c [simplification-2] simplification penalty reduced to 2
c R   11.3  165968   741105       966     743   3275  1293   5  4.7 240.9   83
c -   11.8  165968   741105      1377     520   3301  1377   3  4.8 240.4   82
c R   13.0  165968   741105      2263    1291   3336  1451   3  5.2 264.5   83
c -   16.2  165968   741105      4447    1630   3457  1703   5  5.4 244.6   83
c 
c  seconds         irredundant          redundant clauses agility   height
c          variables clauses conflicts large binary ternary    glue         MB
c 
c R   16.6  165968   741105      5163    2290   3459  1721   4 10.6 252.4   83
c i   16.8  165967   741104      5289    2384   3467  1743   1 10.5 249.9   83
c -   21.2  165967   741104      8445    2502   3626  2092   3  9.1 242.7   83
c [simplification-3] limit hit at 10816 conflicts
c [simplification-3] simplification penalty of 2
c [ternres-3] limit 1834207 based on 1834207 irredundant literals
c [ternres-3] 134267 schedulable variables 81%
c [ternres-3] 55 ternary resolvents (0 bin, 55 trn)
c [ternres-3] 114300 variables remain 69% (51667 retained)
c T   23.7  165967   741104     10816    4652   3684  2298   4  9.6 250.0   86
c [gauss-3] limit 500000 penalty 2 = 2 + 0
c [gauss-3] extracted 144 xors of average arity 3.0
c [gauss-3] connected 430 occurrences of 418 variables (average 1.0)
c [gauss-3] limit 500000 penalty 2 = 2 + 0
c [gauss-3] fully completed
c [gauss-3] exported 0 unary, 0 binary and 0 ternary equations
c G   24.0  165967   741069     10816    4649   3687  2297   4  9.6 250.0   69
c d   24.4  165955   741069     10816    4641   3663  2292   4  9.6 250.0   69
c [basicprobe-3] limit 3135244 penalty 0 = 0 + 0
c [basicprobe-3-0] 8586 probes remain 5% after last round
c [basicprobe-3-0] 5 units = 5 failed (100%) + 0 lifted (0%)
c [basicprobe-3-0] removed 15 variables, found 2795 hbrs
c p   24.6  165940   741069     10816    4641   6458  2202   4  9.6 250.0   83
c [cgrclsr-3] limit 229242 based on 1833939 irredundant literals
c [cgrclsr-3] all 165940 free variables schedulable
c [cgrclsr-3] fully completed congruence closure
c [cgrclsr-3] removed 1 variables
c C   25.1  165939   740992     10816    4641   6222  2201   4  9.6 250.0   69
c [lift-3] limit 470286 with penalty 2 = 2 + 0
c [lift-3] using 165927 probes 100%
c [lift-3] 165915 variables remain 100% (24 retained)
c [cliff-3] limit of 5000000 steps penalty 1 = 1 + 0
c [cliff-3] failed 1, lifted 0
c K   25.6  165937   740992     10816    4641   6302  2198   4  9.6 250.0   83
c [unhide-3] limit 1254097 with penalty 0 = 0 + 0
c [unhide-3-3] 0 units, 0 failed, 4650 tauts, 0 hbrs, 5205 literals
c u   26.1  165937   736341     10816    4616   6291  2186   4  9.6 250.0   83
c [transred-5] limit 2000000 with penalty 0 = 0 + 0
c t   26.3  165937   736340     10816    4616   6289  2186   4  9.6 250.0   83
c [block-3] scheduling all variables this time
c [block-3] scheduled 165937 variables 100%
c [block-3] limit of 5000000 steps penalty 1 = 1 + 0
c [block-3] incomplete blocked clause elimination 3658 not tried 2%
c [block-3] transition to [ all 1 rem 1 ] state
c [block-3] eliminated 0 blocked clauses
c [cce-3] scheduling all variables this time
c [cce-3] limit of 5000000 steps penalty 0 = 0 + 0
c [cce-3] 161011 variables 97% remain to be tried next time
c [cce-3] transition to [ all 1 rem 1 ] state
c [cce-3] eliminated 19 covered clauses
c E   27.3  165936   736321     10816    4616   7981  2148   4  9.6 250.0   69
c [elim-3] scheduling all variables this time
c [elim-3] scheduled 165936 variables 100%
c [elim-3] limit of 5000000 steps penalty 0 = 0 + 0
c [elim-3] 141699 variables 85% remain to be tried next time
c [elim-3] transition to [ all 1 rem 1 ] state
c [elim-3] eliminated 380 = 0% variables out of 165936
c e   28.4  165556   736111     10816    4589   6157  2139   4  9.6 250.0   69
c [phase-3] phase bias: 0 positive 0%, 0 negative 0%
c [simplification-3] removed 411 variables 0%
c [simplification-3] no reduction of limit increments
c [simplification-3] arithmetic increase of conflict limit interval by 10000
c [simplification-3] new irredundant limit 6954328
c [simplification-3] new conflict limit 31173
c [simplification-3] simplification penalty reduced to 1
c R   29.2  165556   736111     11616    5359   6162  2157   5  9.5 250.0   84
c -   32.3  165556   736111     13729    3651   6272  2390   3  8.8 250.0   83
c -   40.4  165556   736111     20020    4518   6545  2974   2  8.5 251.4   83
c R   43.8  165556   736111     25797   10049   6619  3133   7  9.9 258.0   88
c -   45.4  165556   736111     26961    5500   6690  3260   4  9.8 255.2   84
c [simplification-4] limit hit at 31173 conflicts
c [simplification-4] simplification penalty of 1
c [ternres-4] limit 4087200 with penalty 1 = 1 + 0
c [ternres-4] 114032 schedulable variables 69%
c [ternres-4] 188 ternary resolvents (2 bin, 186 trn)
c [ternres-4] 70397 variables remain 43% (95159 retained)
c T   51.1  165556   736111     31173    9195   6847  3780   3  9.8 257.6   86
c [gauss-4] limit 456041 based on 1824167 irredundant literals
c [gauss-4] extracted 120 xors of average arity 3.0
c [gauss-4] connected 354 occurrences of 343 variables (average 1.0)
c [gauss-4] limit 456041 based on 1824167 irredundant literals
c [gauss-4] fully completed
c [gauss-4] exported 0 unary, 0 binary and 0 ternary equations
c G   51.3  165556   736111     31173    9195   6847  3780   3  9.8 257.6   71
c d   51.6  165532   736111     31173    9189   6799  3768   3  9.8 257.6   71
c [basicprobe-4] limit 8174400 penalty 0 = 0 + 0
c [basicprobe-4-0] 5658 probes remain 3% after last round
c [basicprobe-4-0] 11 units = 10 failed (91%) + 1 lifted (9%)
c [basicprobe-4-0] removed 28 variables, found 7349 hbrs
c p   52.3  165504   736111     31173    9189  14147  3621   3  9.8 257.6   85
c [cgrclsr-4] limit 455928 based on 1823715 irredundant literals
c [cgrclsr-4] all 165504 free variables schedulable
c [cgrclsr-4] fully completed congruence closure
c [cgrclsr-4] removed 1 variables
c C   52.8  165503   735946     31173    9188  13803  3620   3  9.8 257.6   71
c [lift-4] limit 613080 with penalty 3 = 3 + 0
c [lift-4] using 165479 probes 100%
c [lift-4] 165461 variables remain 100% (41 retained)
c [lift-4] removed 1 variables
c 
c  seconds         irredundant          redundant clauses agility   height
c          variables clauses conflicts large binary ternary    glue         MB
c 
c ^   53.3  165502   735940     31173    9188  13804  3620   3  9.8 257.6   71
c [cliff-4] limit of 10000000 steps penalty 0 = 0 + 0
c [cliff-4] failed 1, lifted 0
c K   53.7  165496   735940     31173    9188  14018  3615   3  9.8 257.6   85
c [unhide-4] limit 3269760 with penalty 0 = 0 + 0
c [unhide-4-4] 0 units, 0 failed, 2994 tauts, 0 hbrs, 8560 literals
c u   54.3  165496   735857     31173    9020  11372  3412   3  9.8 257.6   85
c [transred-7] limit 2000000 with penalty 0 = 0 + 0
c t   54.5  165496   735854     31173    9020  11367  3412   3  9.8 257.6   85
c [block-4] 3658 variables 2% will be scheduled this time
c [block-4] scheduled 3658 variables 2%
c [block-4] limit of 4087200 steps penalty 2 = 2 + 0
c [block-4] fully completed blocked clause elimination
c [block-4] transition to [ all 0 rem 0 ] state
c [block-4] eliminated 0 blocked clauses
c [cce-4] 160618 variables 97% will be scheduled this time
c [cce-4] limit of 10000000 steps penalty 0 = 0 + 0
c [cce-4] 160360 variables 97% remain to be tried next time
c [cce-4] transition to [ all 0 rem 1 ] state
c [cce-4] eliminated 267 covered clauses
c E   55.5  165486   735587     31173    9020  11778  3411   3  9.8 257.6   71
c [elim-4] 141654 variables 86% will be scheduled this time
c [elim-4] scheduled 141654 variables 86%
c [elim-4] limit of 8174400 steps penalty 0 = 0 + 0
c [elim-4] 125366 variables 76% remain to be tried next time
c [elim-4] transition to [ all 0 rem 1 ] state
c [elim-4] eliminated 1033 = 1% variables out of 165486
c e   57.2  164453   735070     31173    8686  10281  3383   3  9.8 257.6   71
c [simplification-4] removed 1103 variables 0%
c [simplification-4] no reduction of limit increments
c [simplification-4] arithmetic increase of conflict limit interval by 10000
c [simplification-4] new irredundant limit 6954328
c [simplification-4] new conflict limit 61530
c [simplification-4] simplification penalty reduced to 0
c -   63.8  164453   735070     36146    6510  10472  3798   3  9.8 255.5   85
c -   75.2  164453   735070     45835    7542  10808  4501   4 10.3 249.5   85
c -   79.9  164453   735070     55713    8711  10892  4636   8 13.6 258.4   86
c R   80.1  164453   735070     56727    9723  10894  4636   8 14.0 259.5   87
c [simplification-5] limit hit at 61531 conflicts
c [simplification-5] no simplification penalty
c [ternres-5] limit 14697910 with penalty 0 = 0 + 0
c [ternres-5] 69928 schedulable variables 43%
c [ternres-5] 849 ternary resolvents (11 bin, 838 trn)
c [ternres-5] fully completed ternary resolution
c T   86.7  164453   735070     61531   13980  11083  5798   5 13.6 257.6   88
c [gauss-5] limit 912564 based on 1825129 irredundant literals
c [gauss-5] extracted 298 xors of average arity 3.0
c [gauss-5] connected 882 occurrences of 608 variables (average 1.5)
c [gauss-5] limit 912564 based on 1825129 irredundant literals
c [gauss-5] fully completed
c [gauss-5] exported 0 unary, 0 binary and 0 ternary equations
c G   87.0  164453   735070     61531   13980  11083  5798   5 13.6 257.6   72
c d   87.3  164436   735070     61531   13963  11049  5791   5 13.6 257.6   72
c [basicprobe-5] limit 14697910 penalty 0 = 0 + 0
c [basicprobe-5-0] 1334 probes remain 1% after last round
c [basicprobe-5-0] 12 units = 12 failed (100%) + 0 lifted (0%)
c [basicprobe-5-0] removed 14 variables, found 12574 hbrs
c p   88.4  164422   735070     61531   13963  23619  5553   5 13.6 257.6   86
c [cgrclsr-5] limit 1469791 penalty 0 = 0 + 0
c [cgrclsr-5] all 164422 free variables schedulable
c [cgrclsr-5] fully completed congruence closure
c [cgrclsr-5] removed 3 variables
c C   89.0  164419   734983     61531   13962  22843  5551   5 13.6 257.6   72
c [lift-5] limit 2204686 with penalty 2 = 2 + 0
c [lift-5] using 164379 probes 100%
c [lift-5] 164325 variables remain 100% (94 retained)
c [cliff-5] limit of 11758328 steps penalty 0 = 0 + 0
c [cliff-5] failed 0, lifted 0
c [unhide-5] limit 5879164 with penalty 0 = 0 + 0
c [unhide-5-6] 0 units, 0 failed, 4955 tauts, 0 hbrs, 15855 literals
c u   90.8  164419   733153     61531   13769  20265  5186   5 13.6 257.6   86
c [transred-9] limit 2000000 with penalty 0 = 0 + 0
c t   91.1  164419   733151     61531   13769  20257  5186   5 13.6 257.6   86
c [block-5] scheduling all variables this time
c [block-5] scheduled 164419 variables 100%
c [block-5] limit of 3674477 steps penalty 3 = 3 + 0
c [block-5] incomplete blocked clause elimination 30569 not tried 19%
c [block-5] transition to [ all 1 rem 1 ] state
c [block-5] eliminated 0 blocked clauses
c [cce-5] scheduling all variables this time
c [cce-5] limit of 5000000 steps penalty 0 = 0 + 0
c [cce-5] 159474 variables 97% remain to be tried next time
c [cce-5] transition to [ all 1 rem 1 ] state
c [cce-5] eliminated 49 covered clauses
c E   91.9  164411   733102     61531   13769  21417  5168   5 13.6 257.6   72
c [elim-5] scheduling all variables this time
c [elim-5] scheduled 164411 variables 100%
c [elim-5] limit of 14697910 steps penalty 0 = 0 + 0
c [elim-5] 117408 variables 71% remain to be tried next time
c [elim-5] transition to [ all 1 rem 1 ] state
c [elim-5] eliminated 392 = 0% variables out of 164411
c e   94.8  164019   732918     61531   13623  19258  5133   5 13.6 257.6   71
c [simplification-5] removed 434 variables 0%
c [simplification-5] no reduction of limit increments
c [simplification-5] arithmetic increase of conflict limit interval by 10000
c [simplification-5] new irredundant limit 6954328
c [simplification-5] new conflict limit 101888
c -  102.0  164019   732918     67675    9722  19425  5495   7 13.5 255.7   85
c -  117.4  164019   732918     79983   10501  19731  6170   5 13.0 252.8   86
c -  134.4  164019   732918     93536   11614  20020  6785   4 12.8 248.8   86
c [simplification-6] limit hit at 101889 conflicts
c [simplification-6] no simplification penalty
c [ternres-6] limit 25635570 with penalty 0 = 0 + 0
c [ternres-6] all 164019 free variables schedulable
c [ternres-6] 475 ternary resolvents (4 bin, 471 trn)
c [ternres-6] fully completed ternary resolution
c T  146.6  164019   732918    101889   19245  20252  7706   1 12.6 245.6   91
c [gauss-6] limit 910771 based on 1821543 irredundant literals
c [gauss-6] extracted 267 xors of average arity 3.0
c [gauss-6] connected 796 occurrences of 747 variables (average 1.1)
c [gauss-6] limit 910771 based on 1821543 irredundant literals
c [gauss-6] fully completed
c [gauss-6] exported 0 unary, 0 binary and 0 ternary equations
c 
c  seconds         irredundant          redundant clauses agility   height
c          variables clauses conflicts large binary ternary    glue         MB
c 
c G  146.9  164019   732918    101889   19245  20252  7706   1 12.6 245.6   73
c d  147.2  164006   732918    101889   19238  20212  7697   1 12.6 245.6   73
c [basicprobe-6] limit 25635570 penalty 0 = 0 + 0
c [basicprobe-6-0] 1446 sched 1%, 13 failed, 1 lifted, 7204 hbrs
c [basicprobe-6-1] 3416 probes remain 2% after last round
c [basicprobe-6-1] 19 units = 18 failed (95%) + 1 lifted (5%)
c [basicprobe-6-1] removed 34 variables, found 20138 hbrs
c p  149.7  163972   732781    101889   19237  38677  7404   1 12.6 245.6   87
c [cgrclsr-6] limit 2563557 penalty 0 = 0 + 0
c [cgrclsr-6] all 163972 free variables schedulable
c [cgrclsr-6] fully completed congruence closure
c [cgrclsr-6] removed 2 variables
c C  150.3  163970   732720    101889   19237  38147  7403   1 12.6 245.6   73
c [lift-6] limit 1922667 with penalty 3 = 3 + 0
c [lift-6] using 163876 probes 100%
c [lift-6] 163827 variables remain 100% (143 retained)
c [cliff-6] limit of 10254228 steps penalty 1 = 1 + 0
c [cliff-6] failed 0, lifted 0
c [unhide-6] limit 10254228 with penalty 0 = 0 + 0
c [unhide-6-9] 0 units, 0 failed, 9959 tauts, 0 hbrs, 29396 literals
c u  152.7  163970   731794    101889   18970  30148  6712   1 12.6 245.6   88
c [transred-11] limit 2000000 with penalty 0 = 0 + 0
c t  153.0  163970   731792    101889   18970  30137  6712   1 12.6 245.6   88
c [block-6] 30564 variables 19% will be scheduled this time
c [block-6] scheduled 30564 variables 19%
c [block-6] limit of 3204446 steps penalty 4 = 4 + 0
c [block-6] fully completed blocked clause elimination
c [block-6] transition to [ all 0 rem 0 ] state
c [block-6] eliminated 0 blocked clauses
c [cce-6] 159063 variables 97% will be scheduled this time
c [cce-6] limit of 15381342 steps penalty 0 = 0 + 0
c [cce-6] 158686 variables 97% remain to be tried next time
c [cce-6] transition to [ all 0 rem 1 ] state
c [cce-6] eliminated 363 covered clauses
c E  154.2  163966   731429    101889   18970  32717  6712   1 12.6 245.6   73
c [elim-6] 117372 variables 72% will be scheduled this time
c [elim-6] scheduled 117372 variables 72%
c [elim-6] limit of 25635570 steps penalty 0 = 0 + 0
c [elim-6] 70528 variables 43% remain to be tried next time
c [elim-6] transition to [ all 0 rem 1 ] state
c [elim-6] eliminated 2026 = 1% variables out of 163966
c e  159.1  161940   730904    101889   17233  25500  6453   1 12.6 245.6   72
c [simplification-6] removed 2079 variables 1%
c [simplification-6] no reduction of limit increments
c [simplification-6] arithmetic increase of conflict limit interval by 10000
c [simplification-6] new irredundant limit 6954328
c [simplification-6] new conflict limit 152246
c -  165.7  161940   730904    110222   12823  25577  6673   7 12.7 246.3   87
c R  172.2  161940   730904    123742   26065  25587  6736   8 15.5 250.3  103
c -  174.0  161940   730904    124813   13501  25622  6829   2 15.4 249.9   87
c -  196.6  161940   730904    141762   14504  26074  7759   5 15.0 245.6   87
c [simplification-7] limit hit at 152246 conflicts
c [simplification-7] no simplification penalty
c [ternres-7] limit 36343877 with penalty 0 = 0 + 0
c [ternres-7] all 161940 free variables schedulable
c [ternres-7] 217 ternary resolvents (3 bin, 214 trn)
c [ternres-7] fully completed ternary resolution
c T  208.8  161940   730904    152246   24450  26257  8305   3 15.4 244.3   96
c [gauss-7] limit 912309 based on 1824618 irredundant literals
c [gauss-7] extracted 270 xors of average arity 3.0
c [gauss-7] connected 809 occurrences of 746 variables (average 1.1)
c [gauss-7] limit 912309 based on 1824618 irredundant literals
c [gauss-7] fully completed
c [gauss-7] exported 0 unary, 0 binary and 0 ternary equations
c G  209.1  161940   730904    152246   24450  26257  8305   3 15.4 244.3   75
c d  209.5  161937   730904    152246   24450  26251  8304   3 15.4 244.3   75
c [basicprobe-7] limit 36343877 penalty 0 = 0 + 0
c [basicprobe-7-0] 3701 sched 2%, 6 failed, 0 lifted, 10816 hbrs
c [basicprobe-7-1] 1700 probes remain 1% after last round
c [basicprobe-7-1] 7 units = 7 failed (100%) + 0 lifted (0%)
c [basicprobe-7-1] removed 15 variables, found 17051 hbrs
c p  212.6  161922   730812    152246   24450  42990  7990   3 15.4 244.3   90
c [cgrclsr-7] limit 3634387 penalty 0 = 0 + 0
c [cgrclsr-7] all 161922 free variables schedulable
c [cgrclsr-7] fully completed congruence closure
c [cgrclsr-7] removed 3 variables
c C  213.3  161919   730801    152246   24447  42956  7989   3 15.4 244.3   76
c [lift-7] limit 1250000 with penalty 4 = 4 + 0
c [lift-7] using 161777 probes 100%
c [lift-7] 161743 variables remain 100% (176 retained)
c [cliff-7] limit of 7268775 steps penalty 2 = 2 + 0
c [cliff-7] failed 0, lifted 0
c [unhide-7] limit 14537551 with penalty 0 = 0 + 0
c [unhide-7-13] 0 units, 0 failed, 12655 tauts, 0 hbrs, 60790 literals
c u  216.6  161919   728767    152246   24272  32956  7527   3 15.4 244.3   90
c [transred-13] limit 2000000 with penalty 0 = 0 + 0
c t  216.9  161919   728767    152246   24272  32936  7527   3 15.4 244.3   91
c [block-7] scheduling all variables this time
c [block-7] scheduled 161919 variables 100%
c [block-7] limit of 4542984 steps penalty 4 = 4 + 0
c [block-7] incomplete blocked clause elimination 7907 not tried 5%
c [block-7] transition to [ all 1 rem 1 ] state
c [block-7] eliminated 0 blocked clauses
c [cce-7] scheduling all variables this time
c [cce-7] limit of 10903163 steps penalty 0 = 0 + 0
c [cce-7] 156723 variables 97% remain to be tried next time
c [cce-7] transition to [ all 1 rem 1 ] state
c [cce-7] eliminated 30 covered clauses
c E  218.1  161919   728737    152246   24272  33057  7517   3 15.4 244.3   75
c [elim-7] scheduling all variables this time
c [elim-7] scheduled 161919 variables 100%
c [elim-7] limit of 36343877 steps penalty 0 = 0 + 0
c [elim-7] 69943 variables 43% remain to be tried next time
c [elim-7] transition to [ all 1 rem 1 ] state
c [elim-7] eliminated 259 = 0% variables out of 161919
c e  224.9  161660   728484    152246   24044  32447  7489   3 15.4 244.3   75
c [simplification-7] removed 280 variables 0%
c [simplification-7] no reduction of limit increments
c [simplification-7] arithmetic increase of conflict limit interval by 10000
c [simplification-7] new irredundant limit 6954328
c [simplification-7] new conflict limit 212603
c -  236.0  161660   728484    159968   15603  32613  7865   4 15.2 243.4   88
c -  255.3  161660   728484    178674   16998  32830  8376   5 16.5 242.5   87
c 
c  seconds         irredundant          redundant clauses agility   height
c          variables clauses conflicts large binary ternary    glue         MB
c 
c -  280.0  161660   728484    197783   17512  33172  9075   5 16.9 241.1   87
c [simplification-8] limit hit at 212606 conflicts
c [simplification-8] no simplification penalty
c [ternres-8] limit 40000000 with penalty 0 = 0 + 0
c [ternres-8] all 161660 free variables schedulable
c [ternres-8] 160 ternary resolvents (2 bin, 158 trn)
c [ternres-8] fully completed ternary resolution
c T  302.9  161660   728484    212606   31609  33402  9710   4 17.0 239.2   98
c [gauss-8] limit 909885 based on 1819770 irredundant literals
c [gauss-8] extracted 252 xors of average arity 3.0
c [gauss-8] connected 754 occurrences of 724 variables (average 1.0)
c [gauss-8] limit 909885 based on 1819770 irredundant literals
c [gauss-8] fully completed
c [gauss-8] exported 0 unary, 0 binary and 0 ternary equations
c G  303.2  161660   728484    212606   31609  33402  9710   4 17.0 239.2   77
c d  303.5  161655   728484    212606   31608  33388  9704   4 17.0 239.2   77
c [basicprobe-8] limit 52775654 penalty 0 = 0 + 0
c [basicprobe-8-0] 1717 sched 1%, 2 failed, 0 lifted, 2374 hbrs
c [basicprobe-8-1] 9964 sched 6%, 4 failed, 0 lifted, 5413 hbrs
c [basicprobe-8-2] 3881 probes remain 2% after last round
c [basicprobe-8-2] 7 units = 7 failed (100%) + 0 lifted (0%)
c [basicprobe-8-2] removed 14 variables, found 9588 hbrs
c p  308.6  161641   728400    212606   31608  42624  9361   4 17.0 239.2   92
c [cgrclsr-8] limit 5277565 penalty 0 = 0 + 0
c [cgrclsr-8] all 161641 free variables schedulable
c [cgrclsr-8] fully completed congruence closure
c [lift-8] limit 1250000 with penalty 4 = 4 + 0
c [lift-8] using 161465 probes 100%
c [lift-8] 161427 variables remain 100% (214 retained)
c [cliff-8] limit of 5277565 steps penalty 3 = 3 + 0
c [cliff-8] failed 0, lifted 0
c [unhide-8] limit 20000000 with penalty 0 = 0 + 0
c [unhide-8-18] 0 units, 0 failed, 9059 tauts, 0 hbrs, 80848 literals
c u  313.8  161641   727962    212606   31179  34943  8781   4 17.0 239.2   92
c [transred-15] limit 2000000 with penalty 0 = 0 + 0
c t  314.0  161641   727962    212606   31179  34924  8781   4 17.0 239.2   92
c [block-8] 7907 variables 5% will be scheduled this time
c [block-8] scheduled 7907 variables 5%
c [block-8] limit of 6596956 steps penalty 4 = 4 + 0
c [block-8] fully completed blocked clause elimination
c [block-8] transition to [ all 0 rem 0 ] state
c [block-8] eliminated 0 blocked clauses
c [cce-8] 156692 variables 97% will be scheduled this time
c [cce-8] limit of 31665392 steps penalty 0 = 0 + 0
c [cce-8] 155797 variables 96% remain to be tried next time
c [cce-8] transition to [ all 0 rem 1 ] state
c [cce-8] eliminated 812 covered clauses
c E  315.8  161639   727150    212606   31179  36126  8781   4 17.0 239.2   77
c [elim-8] 69929 variables 43% will be scheduled this time
c [elim-8] scheduled 69929 variables 43%
c [elim-8] limit of 52775654 steps penalty 0 = 0 + 0
c [elim-8] 1238 variables 1% remain to be tried next time
c [elim-8] transition to [ all 0 rem 1 ] state
c [elim-8] eliminated 474 = 0% variables out of 161639
c e  323.3  161165   726494    212606   29332  30898  8368   4 17.0 239.2   76
c [simplification-8] removed 495 variables 0%
c [simplification-8] no reduction of limit increments
c [simplification-8] arithmetic increase of conflict limit interval by 10000
c [simplification-8] new irredundant limit 6954328
c [simplification-8] new conflict limit 282963
c -  334.8  161165   726494    220865   18540  31037  8723   6 17.0 238.5   87
c -  352.4  161165   726494    242370   20035  31179  9103   6 17.5 239.7   87
c -  365.3  161165   726494    263687   20791  31183  9182   6 17.9 239.9   87
c R  367.5  161165   726494    268279   25381  31183  9184   6 18.4 240.2   97
c [simplification-9] limit hit at 282964 conflicts
c [simplification-9] no simplification penalty
c [ternres-9] limit 40000000 with penalty 0 = 0 + 0
c [ternres-9] all 161165 free variables schedulable
c [ternres-9] 266 ternary resolvents (4 bin, 262 trn)
c [ternres-9] fully completed ternary resolution
c T  390.3  161165   726494    282964   39174  31471 10011   5 18.1 238.3  104
c [gauss-9] limit 908739 based on 1817479 irredundant literals
c [gauss-9] extracted 246 xors of average arity 3.0
c [gauss-9] connected 735 occurrences of 714 variables (average 1.0)
c [gauss-9] limit 908739 based on 1817479 irredundant literals
c [gauss-9] fully completed
c [gauss-9] exported 0 unary, 0 binary and 0 ternary equations
c G  390.6  161165   726494    282964   39174  31471 10011   5 18.1 238.3   81
c d  391.0  161160   726494    282964   39170  31446 10007   5 18.1 238.3   81
c [basicprobe-9] limit 67010561 penalty 0 = 0 + 0
c [basicprobe-9-0] 4057 sched 3%, 0 failed, 0 lifted, 5134 hbrs
c [basicprobe-9-1] 10046 sched 6%, 0 failed, 0 lifted, 2011 hbrs
c [basicprobe-9-2] 1599 probes remain 1% after last round
c [basicprobe-9-2] removed 0 variables, found 7578 hbrs
c p  396.3  161160   726494    282964   39170  39024  9745   5 18.1 238.3   96
c [cgrclsr-9] limit 3350528 penalty 1 = 1 + 0
c [cgrclsr-9] all 161160 free variables schedulable
c [cgrclsr-9] fully completed congruence closure
c [lift-9] limit 1250000 with penalty 4 = 4 + 0
c [lift-9] using 160946 probes 100%
c [lift-9] 160906 variables remain 100% (254 retained)
c [cliff-9] limit of 3634958 steps based on 1817479 irredundant literals
c [cliff-9] failed 0, lifted 0
c [unhide-9] limit 20000000 with penalty 0 = 0 + 0
c [unhide-9-23] 0 units, 0 failed, 5611 tauts, 0 hbrs, 124107 literals
c u  402.2  161160   726028    282964   38688  34598  9484   5 18.1 238.3   96
c [transred-17] limit 2000000 with penalty 0 = 0 + 0
c t  402.4  161160   726025    282964   38688  34581  9484   5 18.1 238.3   96
c [block-9] scheduling all variables this time
c [block-9] scheduled 161160 variables 100%
c [block-9] limit of 8376320 steps penalty 4 = 4 + 0
c [block-9] fully completed blocked clause elimination
c [block-9] transition to [ all 0 rem 0 ] state
c [block-9] eliminated 0 blocked clauses
c [cce-9] scheduling all variables this time
c [cce-9] limit of 40206336 steps penalty 0 = 0 + 0
c [cce-9] 155012 variables 96% remain to be tried next time
c [cce-9] transition to [ all 1 rem 1 ] state
c [cce-9] eliminated 252 covered clauses
c E  404.7  161160   725773    282964   38688  34901  9468   5 18.1 238.3   81
c [elim-9] scheduling all variables this time
c [elim-9] scheduled 161160 variables 100%
c [elim-9] limit of 67010561 steps penalty 0 = 0 + 0
c [elim-9] 1238 variables 1% remain to be tried next time
c [elim-9] transition to [ all 1 rem 1 ] state
c [elim-9] eliminated 998 = 1% variables out of 161160
c e  416.7  160162   724884    282964   38100  33408  9383   5 18.1 238.3   80
c [simplification-9] removed 1003 variables 0%
c [simplification-9] no reduction of limit increments
c [simplification-9] arithmetic increase of conflict limit interval by 10000
c [simplification-9] new irredundant limit 6954328
c [simplification-9] new conflict limit 363321
c -  425.0  160162   724884    288201   21514  33496  9595   4 18.1 237.8   87
c -  459.9  160162   724884    312855   22519  33788 10391   4 17.9 236.7   89
c 
c  seconds         irredundant          redundant clauses agility   height
c          variables clauses conflicts large binary ternary    glue         MB
c 
c 1  468.1  160162   724884    322401   31898  33823 10516   2 18.2 237.6   99
c 
c  seconds         irredundant          redundant clauses agility   height
c          variables clauses conflicts large binary ternary    glue         MB
c 
c blkd: 9 bces, 9200 removed, 12662266 resolutions, 35159612 steps
c blkd: 9200 blocking literals 1%, 0 pure
c cces: 9 cces, 1874 eliminated, 1874 ate 100%, 0 abce 0%
c cces: 63366 probed, 15 lifted, 24 failed
c clff: 9 cliffs, 14 lifted, 4 failed
c clff: 11837 decisions, 68345839 steps
c clls: 1 sat, 0 simp, 0 freeze, 0 melt
c clls: 6304115 add, 0 assume,, 0 deref, 0 failed
c clls: 0 cassume, 0 mosat
c coll: 63 gcs, 0 rescored clauses
c cgrs: 9 count, 17195568 esteps, 2338869 csteps
c cgrs: 10 eqs, 0 units
c cgrs: 0 matched (0 ands 0%, 0 xors 0%, 0 ites 0%)
c cgrs: 0 simplified (0 ands 0%, 0 xors 0%, 0 ites 0%)
c cgrs: 27594 extracted (25772 ands 93%, 1822 xors 7%, 0 ites 0%)
c dcps: 15 decompositions, 198304 equivalent 31%
c decs: 3863675 decision, 3857 random 0.100%
c decs: 965018 flipped 24.977% (in 1409 phases)
c elms: 9 elims, 18032 eliminated 3%
c elms: 18031 small 100%, 1 large 0%
c elms: 386178 tried small, 18031 succeeded 5%, 368147 failed 95%
c elms: 548 subsumed, 31 strengthened, 0 blocked
c elms: 6821699 copies, 4669992 resolutions, 13711083 ipos
c elms: 294867 subchks, 28098 strchks
c frcs: 0 computed, 4.7 - 95.3 average min-cut range
c gaus: 9 extractions, 40466 extracted, 2.0 size, 3 max
c gaus: exported 0 units, 0 binary and 0 ternary equations
c gaus: 0 gc, 14021008 steps, 7010504 extr 50%, 558882 elim 4%
c glue: 18.2 avg, 4.0 scaled avg
c glue: 399 maxredglue=15 (0%)
c lift: 9 phases, 1536 probed (512 level1 33%, 1024 level2 67%)
c lift: 1 units, 0 equivalences, 5 implications
c hbrs: 92758 hbrs = 92758 trn 100% + 0 lrg 0%, 1821 sub 2%
c lrnd: 321528 clauses, 190639 uips 59%, 95.8 length, 18.2 glue
c ints: 10238 luby (2214929 steps), 0 inout (0 steps)
c mins: 30810379 learned lits, 14% minimized
c move: moved 11073, 1873 binary 17%, 9200 ternary 83%
c otfs: str 6370 dyn (5982 red, 388 irr) 873 drv 14%, 5497 rst 86%
c otfs: sub 26 dyn (26 red, 0 irr)
c phas: 3 computed, 87796 set, 6449 pos (7%), 81347 neg (93%)
c prbs: 9 basic, 137793 probed, 62 failed, 2 lifted
c prps: 1364111525 props, 334 props/dec
c prps: 95% srch, 5% simp, 0% lkhd
c psns: 180610757 searches, 21985749 hits, 12% hit rate
c queu: 3009175 new, 1248820 del, 120 maximum priority
c queu: 1760340 merged, 1759826 collected, 183 gcs
c queu: 327898 deprioritized, 44.5 lines on average
c reds: 23 count, 0 reset, 15 acts 65%, 0 exp 0%
c reds: 23 arithmetic 100%, 23 double 100%
c rmbd: 293 removed, 92 red 31%
c rsts: 10066 restarts 98%, 171 skipped 2%
c rsts: 1226 kept 12.2% average 24.1%
c simp: 9 count (0 ilim 0%, 0 plim 0%, 9 clim 100%)
c trnr: 9 count, 26 bin, 2184 trn, 84236565 steps
c tops: 267237 fixed 42%, 1 iterations
c trds: 18 transitive reductions, 99 removed, 0 failed
c trds: 5597 nodes, 7356 edges, 14372820 steps
c unhd: 9 count, 23 rounds, 91832981 steps
c unhd: 78 non-trivial sccs of average size 2.0
c unhd: 0 units, 0 bin, 0 trn, 0 lrg
c unhd: 0 failed, 0 stamp, 0 lits, 0 bin, 0 trn, 0 lrg
c unhd: 132312 tauts, 65 bin 0%, 5800 trn 4%, 1110 lrg 1%
c unhd: 132312 tauts, 125337 stamp 95%, 40577 red 31%
c unhd: 0 hbrs, 0 trn 0%, 0 lrg 0%, 0 red 0%
c unhd: 324949 strd, 0 bin 0%, 178 trn 0%, 324771 lrg 100%, 324849 red 100%
c vars: 160162 remaining 25% and 483573 removed 75% out of 643735
c vars: 267237 fixed 42%, 18032 eliminated 3%, 198304 equivalent 31%
c vsts: 8167469719 visits, 95% srch, 5% simp, 0% lkhd
c vsts: 6.0 search visits per propagation 24180.5 per conflict
c wchs: 394977465 pushed, 51548497 enlarged, 105 defrags
c 
c scaledglue  added       reduced       forcing      resolved     conflicts
c 
c all    303623 100    264426 100  10528601 100   1572863 100     94809 100
c 
c  0          0   0         0   0         0   0         0   0         0   0 
c  1        953   0       700   0    126893   1      6160   0       365   0 
c  2      47651  16     34585  13   6283469  60    393265  25     23396  25 
c  3      81741  27     69595  26   3320142  32<   617839  39     35771  38 
c  4      69574  23<    64871  25<   450597   4    254966  16<    16864  18<
c  5      39179  13     36371  14    160622   2    123470   8      7894   8 
c  6      23530   8     21580   8     83287   1     69912   4      4116   4 
c  7      16245   5     14730   6     46271   0     44721   3      2723   3 
c  8      11018   4      9567   4     27832   0     29024   2      1735   2 
c  9       6351   2      5896   2     14113   0     15862   1       914   1 
c 10       2899   1      2701   1      6109   0      6991   0       407   0 
c 11       1531   1      1378   1      2956   0      3596   0       185   0 
c 12        735   0       699   0      1510   0      1801   0       128   0 
c 13        883   0       826   0      1942   0      2274   0       140   0 
c 14        934   0       927   0      2459   0      2701   0       171   0 
c 15        399   0         0   0       399   0       281   0         0   0 
c 
c avg             4.3           4.4           2.5           3.6           3.6
c std             2.1           2.0           0.9           1.7           1.7
c 
c 3863675 decisions, 322401 conflicts, 688.8 conflicts/sec
c 1364111525 propagations, 2.9 megaprops/sec
c 468.1 seconds, 177.3 MB
c 
c   65.324  14% analysis
c    3.536   1% block
c    4.880   1% bump
c    0.000   0% card
c    7.836   2% cce
c    2.972   1% cliff
c    0.044   0% cutwidth
c    4.820   1% decide
c    0.000   0% force
c    9.849   2% gc
c    5.092   1% cgrclsr
c    6.440   1% decomp
c    2.688   1% defrag
c   39.246   8% elim
c    2.912   1% gauss
c    3.240   1% lift
c   14.701   3% mincls
c    0.236   0% phase
c   18.093   4% probe
c    0.460   0% reduce
c   19.657   4% restart
c    1.172   0% ternres
c    1.728   0% transred
c   15.477   3% unhide
c ==================================
c    0.052   0% preprocessing     0%
c  106.539  23% inprocessing    100%
c ==================================
c  106.591  23% simplifying
c    0.000   0% lookahead
c  361.467  77% search
c ==================================
c  468.089 100% all
c
s SATISFIABLE
