c Lingeling SAT Solver
c 
c Version ala b02aa1a04343558c4252b5f4a723be021964f652
c 
c Copyright (C) 2010-2012 Armin Biere JKU Linz Austria.
c All rights reserved.
c 
c released Sat Oct 13 14:05:26 CEST 2012
c compiled Sat Feb 16 02:48:12 EST 2013
c 
c gcc (Debian 4.4.5-8) 4.4.5
c -Wall -O3 -DNLGLOG -DNDEBUG -DNCHKSOL -DNLGLPICOSAT 
c Linux greencar2 2.6.32-5-amd64 x86_64
c 
c reading input file pb_400_05.cnf
c no embedded options
c found 'p cnf 600845 1917301' header
c read 600845 variables, 1917301 clauses, 4003339 literals in 0.0 seconds
c
c feature vars 600845
c feature lits.total 4003339
c feature lits.pos 2119403
c feature lits.neg 1883936
c feature clauses.total 1917301
c feature clauses.unit 216229
c feature clauses.bin 1346906
c feature clauses.trn 351366
c feature clauses.lrg 2800
c feature cog.val.min 1
c feature cog.val.avg 267664
c feature cog.val.max 587094
c feature cog.var.min 1
c feature cog.var.avg 300423
c feature cog.var.max 600844
c
c
c --abstime=0
c --acts=2
c --actavgmax=120
c --actstdmin=20
c --actstdmax=80
c --agile=23
c --bias=2
c --block=1
c --blkrtc=0
c --blkclslim=2000
c --blkocclim=2000
c --blkmaxeff=2147483647
c --blkmineff=10000000
c --blkreleff=20
c --card=0
c --cce=3
c --ccemaxeff=100000000
c --ccemineff=5000000
c --ccereleff=3
c --check=0
c --cgrclsr=1
c --cgrmaxority=20
c --cgrmaxeff=8000000
c --cgrmineff=200000
c --cgreleff=1
c --cgrexteq=1
c --cgrextand=1
c --cgrextunits=1
c --cgrextite=1
c --cgrextxor=1
c --cliff=1
c --cliffreleff=8
c --cliffmineff=10000000
c --cliffmaxeff=100000000
c --compact=0
c --decompose=1
c --defragint=10000000
c --defragfree=50
c --elim=1
c --elmrtc=0
c --elmblk=1
c --elmclslim=1000
c --elmocclim=1000
c --elmaxeff=100000000
c --elmineff=5000000
c --elmreleff=10
c --sleeponabort=0
c --exitonabort=0
c --flipping=1
c --flipint=2
c --flipdur=50
c --fliptop=1
c --force=0
c --gauss=1
c --gaussextrall=1
c --gaussmaxor=20
c --gaussexptrn=1
c --gaussmaxeff=50000000
c --gaussmineff=2000000
c --gaussreleff=2
c --gluescale=2
c --gluekeep=0
c --inprocessing=1
c --cintinc=10000
c --irrlim=20
c --lift=1
c --lftmaxeff=20000000
c --lftmineff=500000
c --lftreleff=6
c --lhbr=1
c --lkhd=1
c --clim=-1
c --mocint=1000
c --move=2
c --log=-1
c --otfs=1
c --phase=0
c --phaseneginit=0
c --plain=0
c --probe=1
c --prbasicmaxeff=100000000
c --prbasicmineff=1000000
c --prbasicreleff=10
c --prbasic=1
c --prbasicroundlim=9
c --queuemergelim=10000
c --queuefactor=833
c --queueinc=20
c --rmincpen=4
c --seed=0
c --smallirr=90
c --smallve=1
c --smallvevars=12
c --randec=1
c --randecint=1000
c --redfixed=0
c --redlbound=0
c --redlexpfac=10
c --redldoutfac=0
c --redloutinc=10000
c --redlinit=1000
c --redlinc=1000
c --redinoutinc=100
c --redlmininc=10
c --redlmaxinc=200
c --redlminrel=10
c --redlmaxrel=300
c --redlminabs=500
c --redlmaxabs=1000000
c --reduce=1
c --restart=2
c --restartint=5
c --rstinoutinc=110
c --simplify=1
c --simpdelay=100
c --simpen=4
c --sizepen=1000000
c --sizemaxpen=3
c --sortlits=0
c --syncint=111111
c --termint=122222
c --ternres=1
c --ternresrtc=0
c --trnrmineff=4000000
c --trnrmaxeff=40000000
c --trnreleff=10
c --transred=1
c --trdmineff=100000
c --trdmaxeff=2000000
c --trdreleff=10
c --unhide=1
c --unhdextstamp=1
c --unhdhbr=0
c --unhdmaxeff=20000000
c --unhdmineff=1000000
c --unhdreleff=4
c --unhdlnpr=3
c --unhdroundlim=5
c --verbose=1
c --witness=1
c [limits] no conflict limit
c [limits] simplification delayed by 100 to 100 conflicts
c 
c  seconds         irredundant          redundant clauses agility   height
c          variables clauses conflicts large binary ternary    glue         MB
c 
c *    0.0  356166  1543836         0       0      0     0  91  0.0   0.0  142
c [cut-width] 532771, max 749539, min4 419436 at 75%, min10 58928 at 90%
c [decision-order] bias 1, old 1
c [queue-schedule-all-variables]
c s    0.1  356166  1543836         0       0      0     0  91  0.0   0.0  142
c [simplification-1] limit hit at 100 conflicts
c [simplification-1] simplification penalty of 4
c [ternres-1] limit 1000000 with penalty 2 = 0 + 2
c [ternres-1] all 356166 free variables schedulable
c [ternres-1] 0 ternary resolvents (0 bin, 0 trn)
c [ternres-1] 338151 variables remain 95% (18015 retained)
c [gauss-1] limit 500000 penalty 2 = 0 + 2
c [gauss-1] extracted 37556 xors of average arity 2.0
c [gauss-1] connected 75112 occurrences of 28474 variables (average 2.6)
c [gauss-1] limit 500000 penalty 2 = 0 + 2
c [gauss-1] exported 0 unary, 0 binary and 0 ternary equations
c G    1.0  356166  1507471       100      78     11    11   9  3.4 291.1   88
c d    1.5  170233   809439       100      78     11    11   9  3.4 291.1   68
c [basicprobe-1] limit 1000000 penalty 0 = 0 + 0
c [basicprobe-1-0] 7198 probes remain 4% after last round
c [basicprobe-1-0] removed 0 variables, found 5710 hbrs
c p    1.6  170233   809439       100      78   5702    10   9  3.4 291.1   81
c [cgrclsr-1] limit 200000 penalty 0 = 0 + 0
c [cgrclsr-1] all 170233 free variables schedulable
c [cgrclsr-1] fully completed congruence closure
c [lift-1] limit 500000 with penalty 0 = 0 + 0
c [lift-1] using 170233 probes 100%
c [lift-1] 170224 variables remain 100% (9 retained)
c [cliff-1] limit of 10000000 steps penalty 0 = 0 + 0
c [cliff-1] failed 1, lifted 12
c K    2.6  170216   809439       100      78   6690    10   9  3.4 291.1   81
c [unhide-1] limit 1000000 with penalty 0 = 0 + 0
c [unhide-1-1] 0 units, 7 failed, 70745 tauts, 0 hbrs, 47 literals
c u    3.0  170195   738609       100      75   6683    13   9  3.4 291.1   81
c [transred-1] limit 112908 based on 1806543 irredundant literals
c [block-1] scheduling all variables this time
c [block-1] scheduled 170195 variables 100%
c [block-1] limit of 10000000 steps penalty 0 = 0 + 0
c [block-1] fully completed blocked clause elimination
c [block-1] transition to [ all 0 rem 0 ] state
c [block-1] eliminated 7200 blocked clauses
c k    3.5  170195   731304       100      75   6683  7213   9  3.4 291.1   68
c [cce-1] scheduling all variables this time
c [cce-1] limit of 10000000 steps penalty 0 = 0 + 0
c [cce-1] incomplete covered clause elimination 162982 not tried 96%
c [cce-1] transition to [ all 1 rem 1 ] state
c [cce-1] eliminated 146 covered clauses
c E    4.2  170165   731158       100      75  16040  7210   9  3.4 291.1   68
c [elim-1] scheduling all variables this time
c [elim-1] scheduled 170165 variables 100%
c [elim-1] limit of 5000000 steps penalty 0 = 0 + 0
c [elim-1] incomplete variable elimination 153007 not tried 90%
c [elim-1] transition to [ all 1 rem 1 ] state
c [elim-1] eliminated 9645 = 6% variables out of 170165
c e    5.3  160520   724786       100      54   7098   892   9  3.4 291.1   67
c [phase-1] phase bias: 5061 positive 8%, 54527 negative 92%
c [simplification-1] removed 195646 variables 54%
c [simplification-1] limit increments divided by 28
c [simplification-1] arithmetic increase of conflict limit interval by 357
c [simplification-1] new irredundant limit 6597399
c [simplification-1] new conflict limit 457
c [simplification-1] simplification penalty reduced to 3
c R    5.5  160520   724786       165      99   7108   901  12  3.6 247.3   81
c R    5.8  160520   724786       413     308   7124   923   6  4.2 186.1   81
c [simplification-2] limit hit at 457 conflicts
c [simplification-2] simplification penalty of 3
c [ternres-2] limit 2000000 with penalty 1 = 1 + 0
c [ternres-2] 152382 schedulable variables 95%
c [ternres-2] 3 ternary resolvents (0 bin, 3 trn)
c [ternres-2] 133236 variables remain 83% (27284 retained)
c T    5.9  160520   724786       457     339   7129   933   6  4.1 170.3   83
c [gauss-2] limit 1000000 penalty 1 = 1 + 0
c [gauss-2] extracted 206 xors of average arity 3.0
c [gauss-2] connected 617 occurrences of 575 variables (average 1.1)
c [gauss-2] limit 1000000 penalty 1 = 1 + 0
c [gauss-2] fully completed
c [gauss-2] exported 0 unary, 0 binary and 0 ternary equations
c G    6.1  160520   724786       457     339   7129   933   6  4.1 170.3   67
c d    6.3  160516   724786       457     339   7121   931   6  4.1 170.3   67
c [basicprobe-2] limit 500000 penalty 1 = 1 + 0
c [basicprobe-2-0] 7780 probes remain 5% after last round
c [basicprobe-2-0] 1 units = 1 failed (100%) + 0 lifted (0%)
c [basicprobe-2-0] removed 1 variables, found 742 hbrs
c p    6.4  160515   724786       457     339   7863   929   6  4.1 170.3   80
c [cgrclsr-2] limit 111556 based on 1784910 irredundant literals
c [cgrclsr-2] all 160515 free variables schedulable
c [cgrclsr-2] fully completed congruence closure
c [lift-2] limit 250000 with penalty 1 = 1 + 0
c [lift-2] using 160506 probes 100%
c [lift-2] 160496 variables remain 100% (19 retained)
c [cliff-2] limit of 10000000 steps penalty 0 = 0 + 0
c [cliff-2] failed 1, lifted 0
c K    7.4  160513   724781       457     339   9140   929   6  4.1 170.3   80
c [unhide-2] limit 1000000 with penalty 0 = 0 + 0
c [unhide-2-2] 0 units, 0 failed, 4316 tauts, 0 hbrs, 151 literals
c u    7.8  160513   724756       457     337   4761   929   6  4.1 170.3   80
c [transred-3] limit 223106 based on 1784855 irredundant literals
c [block-2] scheduling all variables this time
c [block-2] scheduled 160513 variables 100%
c [block-2] limit of 10000000 steps penalty 0 = 0 + 0
c [block-2] fully completed blocked clause elimination
c [block-2] transition to [ all 0 rem 0 ] state
c [block-2] eliminated 0 blocked clauses
c [cce-2] 156806 variables 98% will be scheduled this time
c [cce-2] limit of 10000000 steps penalty 0 = 0 + 0
c [cce-2] 156663 variables 98% remain to be tried next time
c [cce-2] transition to [ all 0 rem 1 ] state
c [cce-2] eliminated 135 covered clauses
c E    8.8  160513   724621       457     337   4903   929   6  4.1 170.3   67
c [elim-2] 152998 variables 95% will be scheduled this time
c [elim-2] scheduled 152998 variables 95%
c [elim-2] limit of 5000000 steps penalty 0 = 0 + 0
c [elim-2] 142815 variables 89% remain to be tried next time
c [elim-2] transition to [ all 0 rem 1 ] state
c [elim-2] eliminated 821 = 1% variables out of 160513
c e    9.9  159692   724103       457     333   4220   929   6  4.1 170.3   67
c [phase-2] phase bias: 80 positive 98%, 2 negative 2%
c [simplification-2] removed 828 variables 0%
c [simplification-2] no reduction of limit increments
c [simplification-2] arithmetic increase of conflict limit interval by 10000
c [simplification-2] new irredundant limit 6597399
c [simplification-2] new conflict limit 10814
c [simplification-2] simplification penalty reduced to 2
c R   10.5  159692   724103       985     745   4244  1014   4  4.2 151.8   81
c -   10.8  159692   724103      1310     500   4273  1052   4  4.1 139.3   81
c R   11.6  159692   724103      2279    1341   4317  1130   2  4.4 150.7   81
c 
c  seconds         irredundant          redundant clauses agility   height
c          variables clauses conflicts large binary ternary    glue         MB
c 
c -   13.5  159692   724103      4467    1663   4464  1384   3  4.6 147.4   81
c R   13.7  159692   724103      5181    2334   4467  1424   2  5.5 149.7   81
c -   16.8  159692   724103      8437    2506   4665  1765   5  5.3 149.5   81
c [simplification-3] limit hit at 10815 conflicts
c [simplification-3] simplification penalty of 2
c [ternres-3] limit 4000000 with penalty 0 = 0 + 0
c [ternres-3] 132539 schedulable variables 83%
c [ternres-3] 96 ternary resolvents (0 bin, 96 trn)
c [ternres-3] 95090 variables remain 60% (64602 retained)
c T   18.5  159692   724103     10815    4646   4728  2028   5  5.7 158.7   84
c [gauss-3] limit 500000 penalty 2 = 2 + 0
c [gauss-3] extracted 102 xors of average arity 3.0
c [gauss-3] connected 303 occurrences of 300 variables (average 1.0)
c [gauss-3] limit 500000 penalty 2 = 2 + 0
c [gauss-3] fully completed
c [gauss-3] exported 0 unary, 0 binary and 0 ternary equations
c G   18.7  159692   724103     10815    4646   4728  2028   5  5.7 158.7   68
c d   19.0  159683   724103     10815    4644   4710  2027   5  5.7 158.7   68
c [basicprobe-3] limit 2429149 penalty 0 = 0 + 0
c [basicprobe-3-0] 7032 probes remain 4% after last round
c [basicprobe-3-0] 1 units = 1 failed (100%) + 0 lifted (0%)
c [basicprobe-3-0] removed 1 variables, found 3983 hbrs
c p   19.1  159682   724103     10815    4644   8693  1993   5  5.7 158.7   82
c [cgrclsr-3] limit 223266 based on 1786133 irredundant literals
c [cgrclsr-3] all 159682 free variables schedulable
c [cgrclsr-3] fully completed congruence closure
c [cgrclsr-3] removed 1 variables
c C   19.6  159681   724097     10815    4644   8666  1992   5  5.7 158.7   68
c [lift-3] limit 364372 with penalty 2 = 2 + 0
c [lift-3] using 159662 probes 100%
c [lift-3] 159652 variables remain 100% (29 retained)
c [cliff-3] limit of 10000000 steps penalty 0 = 0 + 0
c [cliff-3] failed 1, lifted 0
c K   20.2  159679   724097     10815    4644   9256  1989   5  5.7 158.7   81
c [unhide-3] limit 1000000 with penalty 0 = 0 + 0
c [unhide-3-3] 1 units, 0 failed, 2895 tauts, 0 hbrs, 3873 literals
c u   20.7  159677   721237     10815    4572   9261  1981   5  5.7 158.7   81
c [transred-5] limit 500000 with penalty 2 = 2 + 0
c t   20.8  159677   721235     10815    4572   9260  1981   5  5.7 158.7   81
c [block-3] scheduling all variables this time
c [block-3] scheduled 159677 variables 100%
c [block-3] limit of 5000000 steps penalty 1 = 1 + 0
c [block-3] incomplete blocked clause elimination 2323 not tried 1%
c [block-3] transition to [ all 1 rem 1 ] state
c [block-3] eliminated 0 blocked clauses
c [cce-3] scheduling all variables this time
c [cce-3] limit of 5000000 steps penalty 0 = 0 + 0
c [cce-3] 155940 variables 98% remain to be tried next time
c [cce-3] transition to [ all 1 rem 1 ] state
c [cce-3] eliminated 20 covered clauses
c E   21.7  159677   721205     10815    4572  11248  1961   5  5.7 158.7   68
c [elim-3] scheduling all variables this time
c [elim-3] scheduled 159677 variables 100%
c [elim-3] limit of 5000000 steps penalty 0 = 0 + 0
c [elim-3] 136958 variables 86% remain to be tried next time
c [elim-3] transition to [ all 1 rem 1 ] state
c [elim-3] eliminated 526 = 0% variables out of 159677
c e   22.8  159151   720950     10815    4413   9180  1931   5  5.7 158.7   68
c [phase-3] phase bias: 0 positive 0%, 0 negative 0%
c [simplification-3] removed 541 variables 0%
c [simplification-3] no reduction of limit increments
c [simplification-3] arithmetic increase of conflict limit interval by 10000
c [simplification-3] new irredundant limit 6597399
c [simplification-3] new conflict limit 31172
c [simplification-3] simplification penalty reduced to 1
c R   23.6  159151   720950     11656    5205   9190  1969   4  5.9 164.8   83
c -   25.6  159151   720950     13820    3546   9301  2174   2  5.8 156.7   82
c -   32.0  159151   720950     20300    4504   9617  2796   2  5.8 158.9   82
c R   35.5  159151   720950     25851    9804   9674  2973   4  6.9 172.1   85
c -   37.2  159151   720950     27308    5500   9741  3148   6  6.8 169.1   83
c [simplification-4] limit hit at 31172 conflicts
c [simplification-4] simplification penalty of 1
c [ternres-4] limit 6881114 with penalty 0 = 0 + 0
c [ternres-4] 94776 schedulable variables 60%
c [ternres-4] 229 ternary resolvents (1 bin, 228 trn)
c [ternres-4] 30807 variables remain 19% (128344 retained)
c T   41.0  159151   720950     31172    8820   9899  3721   3  6.8 167.7   84
c [gauss-4] limit 445085 based on 1780343 irredundant literals
c [gauss-4] extracted 102 xors of average arity 3.0
c [gauss-4] connected 304 occurrences of 295 variables (average 1.0)
c [gauss-4] limit 445085 based on 1780343 irredundant literals
c [gauss-4] fully completed
c [gauss-4] exported 0 unary, 0 binary and 0 ternary equations
c G   41.2  159151   720950     31172    8820   9899  3721   3  6.8 167.7   69
c d   41.5  159137   720950     31172    8806   9870  3711   3  6.8 167.7   69
c [basicprobe-4] limit 6881114 penalty 0 = 0 + 0
c [basicprobe-4-0] 5026 probes remain 3% after last round
c [basicprobe-4-0] 5 units = 5 failed (100%) + 0 lifted (0%)
c [basicprobe-4-0] removed 5 variables, found 9838 hbrs
c p   42.0  159132   720950     31172    8806  19708  3601   3  6.8 167.7   82
c [cgrclsr-4] limit 445069 based on 1780278 irredundant literals
c [cgrclsr-4] all 159132 free variables schedulable
c [cgrclsr-4] fully completed congruence closure
c [cgrclsr-4] removed 3 variables
c C   42.4  159129   720925     31172    8803  17872  3600   3  6.8 167.7   69
c [lift-4] limit 516083 with penalty 3 = 3 + 0
c [lift-4] using 159100 probes 100%
c [lift-4] 159092 variables remain 100% (37 retained)
c [cliff-4] limit of 10000000 steps penalty 0 = 0 + 0
c [cliff-4] failed 0, lifted 0
c [unhide-4] limit 2752445 with penalty 0 = 0 + 0
c [unhide-4-4] 0 units, 0 failed, 4658 tauts, 0 hbrs, 8020 literals
c 
c  seconds         irredundant          redundant clauses agility   height
c          variables clauses conflicts large binary ternary    glue         MB
c 
c u   43.5  159129   720897     31172    8647  13604  3365   3  6.8 167.7   82
c [transred-7] limit 1000000 with penalty 1 = 1 + 0
c t   43.6  159129   720895     31172    8647  13601  3365   3  6.8 167.7   83
c [block-4] 2323 variables 1% will be scheduled this time
c [block-4] scheduled 2323 variables 1%
c [block-4] limit of 3440557 steps penalty 2 = 2 + 0
c [block-4] fully completed blocked clause elimination
c [block-4] transition to [ all 0 rem 0 ] state
c [block-4] eliminated 0 blocked clauses
c [cce-4] 155434 variables 98% will be scheduled this time
c [cce-4] limit of 10000000 steps penalty 0 = 0 + 0
c [cce-4] 155406 variables 98% remain to be tried next time
c [cce-4] transition to [ all 0 rem 1 ] state
c [cce-4] eliminated 90 covered clauses
c E   44.5  159119   720805     31172    8647  17787  3359   3  6.8 167.7   69
c [elim-4] 136943 variables 86% will be scheduled this time
c [elim-4] scheduled 136943 variables 86%
c [elim-4] limit of 6881114 steps penalty 0 = 0 + 0
c [elim-4] 123501 variables 78% remain to be tried next time
c [elim-4] transition to [ all 0 rem 1 ] state
c [elim-4] eliminated 451 = 0% variables out of 159119
c e   46.0  158668   720636     31172    8602  13052  3342   3  6.8 167.7   69
c [simplification-4] removed 483 variables 0%
c [simplification-4] no reduction of limit increments
c [simplification-4] arithmetic increase of conflict limit interval by 10000
c [simplification-4] new irredundant limit 6597399
c [simplification-4] new conflict limit 61529
c [simplification-4] simplification penalty reduced to 0
c -   51.3  158668   720636     36226    6508  13229  3758   4  6.9 166.0   83
c -   60.3  158668   720636     45780    7506  13520  4443   5  7.3 163.3   83
c -   67.2  158668   720636     55612    8635  13577  4604   1  8.0 165.5   84
c R   68.7  158668   720636     56828    9847  13577  4608   2  8.1 165.8   85
c [simplification-5] limit hit at 61529 conflicts
c [simplification-5] no simplification penalty
c [ternres-5] limit 13734540 with penalty 0 = 0 + 0
c [ternres-5] 30707 schedulable variables 19%
c [ternres-5] 404 ternary resolvents (3 bin, 401 trn)
c [ternres-5] fully completed ternary resolution
c T   73.9  158668   720636     61529   14018  13717  5358   3  8.1 166.6   86
c [gauss-5] limit 890571 based on 1781142 irredundant literals
c [gauss-5] extracted 179 xors of average arity 3.0
c [gauss-5] connected 529 occurrences of 508 variables (average 1.0)
c [gauss-5] limit 890571 based on 1781142 irredundant literals
c [gauss-5] fully completed
c [gauss-5] exported 0 unary, 0 binary and 0 ternary equations
c G   74.2  158668   720636     61529   14018  13717  5358   3  8.1 166.6   70
c d   74.5  158647   720636     61529   13997  13673  5343   3  8.1 166.6   70
c [basicprobe-5] limit 13734540 penalty 0 = 0 + 0
c [basicprobe-5-0] 1180 probes remain 1% after last round
c [basicprobe-5-0] 4 units = 4 failed (100%) + 0 lifted (0%)
c [basicprobe-5-0] removed 5 variables, found 18562 hbrs
c p   75.4  158642   720636     61529   13997  32226  5132   3  8.1 166.6   84
c [cgrclsr-5] limit 1373454 penalty 0 = 0 + 0
c [cgrclsr-5] all 158642 free variables schedulable
c [cgrclsr-5] fully completed congruence closure
c [cgrclsr-5] removed 1 variables
c C   76.0  158641   720608     61529   13996  32046  5132   3  8.1 166.6   70
c [lift-5] limit 515045 with penalty 4 = 4 + 0
c [lift-5] using 158604 probes 100%
c [lift-5] 158591 variables remain 100% (50 retained)
c [cliff-5] limit of 5493816 steps penalty 1 = 1 + 0
c [cliff-5] failed 0, lifted 0
c [unhide-5] limit 5493816 with penalty 0 = 0 + 0
c [unhide-5-6] 0 units, 5 failed, 9559 tauts, 0 hbrs, 35445 literals
c u   77.4  158640   718743     61529   13835  24997  4832   3  8.1 166.6   84
c [transred-9] limit 2000000 with penalty 0 = 0 + 0
c t   77.6  158640   718739     61529   13835  24992  4832   3  8.1 166.6   84
c [block-5] scheduling all variables this time
c [block-5] scheduled 158640 variables 100%
c [block-5] limit of 3433635 steps penalty 3 = 3 + 0
c [block-5] incomplete blocked clause elimination 35341 not tried 22%
c [block-5] transition to [ all 1 rem 1 ] state
c [block-5] eliminated 0 blocked clauses
c [cce-5] scheduling all variables this time
c [cce-5] limit of 5000000 steps penalty 0 = 0 + 0
c [cce-5] 154955 variables 98% remain to be tried next time
c [cce-5] transition to [ all 1 rem 1 ] state
c [cce-5] eliminated 6 covered clauses
c E   78.6  158640   718727     61529   13835  26044  4815   3  8.1 166.6   70
c [elim-5] scheduling all variables this time
c [elim-5] scheduled 158640 variables 100%
c [elim-5] limit of 13734540 steps penalty 0 = 0 + 0
c [elim-5] 120136 variables 76% remain to be tried next time
c [elim-5] transition to [ all 1 rem 1 ] state
c [elim-5] eliminated 275 = 0% variables out of 158640
c e   81.3  158365   718607     61529   13481  24209  4746   3  8.1 166.6   70
c [simplification-5] removed 303 variables 0%
c [simplification-5] no reduction of limit increments
c [simplification-5] arithmetic increase of conflict limit interval by 10000
c [simplification-5] new irredundant limit 6597399
c [simplification-5] new conflict limit 101886
c -   87.4  158365   718607     67662    9652  24353  5065   8  8.1 165.7   83
c -  100.1  158365   718607     80121   10638  24639  5695   7  8.4 165.8   84
c -  113.1  158365   718607     93462   11636  24926  6239   4  8.4 164.2   84
c [simplification-6] limit hit at 101886 conflicts
c [simplification-6] no simplification penalty
c [ternres-6] limit 23969810 with penalty 0 = 0 + 0
c [ternres-6] all 158365 free variables schedulable
c [ternres-6] 465 ternary resolvents (6 bin, 459 trn)
c [ternres-6] fully completed ternary resolution
c T  123.0  158365   718607    101886   19466  25118  7062   3  8.3 164.3   88
c [gauss-6] limit 888790 based on 1777581 irredundant literals
c [gauss-6] extracted 193 xors of average arity 3.0
c [gauss-6] connected 572 occurrences of 529 variables (average 1.1)
c [gauss-6] limit 888790 based on 1777581 irredundant literals
c [gauss-6] fully completed
c [gauss-6] exported 0 unary, 0 binary and 0 ternary equations
c G  123.2  158365   718607    101886   19466  25118  7062   3  8.3 164.3   71
c d  123.6  158344   718607    101886   19444  25075  7052   3  8.3 164.3   71
c [basicprobe-6] limit 23969810 penalty 0 = 0 + 0
c [basicprobe-6-0] 1303 sched 1%, 4 failed, 0 lifted, 7480 hbrs
c [basicprobe-6-1] 2482 probes remain 2% after last round
c [basicprobe-6-1] 6 units = 6 failed (100%) + 0 lifted (0%)
c [basicprobe-6-1] removed 9 variables, found 19666 hbrs
c 
c  seconds         irredundant          redundant clauses agility   height
c          variables clauses conflicts large binary ternary    glue         MB
c 
c p  125.6  158335   718584    101886   19441  44623  6758   3  8.3 164.3   85
c [cgrclsr-6] limit 2396981 penalty 0 = 0 + 0
c [cgrclsr-6] all 158335 free variables schedulable
c [cgrclsr-6] fully completed congruence closure
c [cgrclsr-6] removed 1 variables
c C  126.2  158334   718574    101886   19441  44529  6758   3  8.3 164.3   71
c [lift-6] limit 898867 with penalty 4 = 4 + 0
c [lift-6] using 158284 probes 100%
c [lift-6] 158266 variables remain 100% (68 retained)
c [cliff-6] limit of 4793962 steps penalty 2 = 2 + 0
c [cliff-6] failed 0, lifted 0
c [unhide-6] limit 9587924 with penalty 0 = 0 + 0
c [unhide-6-9] 0 units, 0 failed, 13369 tauts, 0 hbrs, 43606 literals
c u  128.1  158334   717592    101886   19177  33345  5954   3  8.3 164.3   85
c [transred-11] limit 2000000 with penalty 0 = 0 + 0
c t  128.3  158334   717588    101886   19177  33333  5954   3  8.3 164.3   85
c [block-6] 35341 variables 22% will be scheduled this time
c [block-6] scheduled 35341 variables 22%
c [block-6] limit of 2996226 steps penalty 4 = 4 + 0
c [block-6] fully completed blocked clause elimination
c [block-6] transition to [ all 0 rem 0 ] state
c [block-6] eliminated 0 blocked clauses
c [cce-6] 154685 variables 98% will be scheduled this time
c [cce-6] limit of 14381886 steps penalty 0 = 0 + 0
c [cce-6] 154637 variables 98% remain to be tried next time
c [cce-6] transition to [ all 0 rem 1 ] state
c [cce-6] eliminated 130 covered clauses
c E  129.5  158315   717458    101886   19177  34169  5952   3  8.3 164.3   71
c [elim-6] 120111 variables 76% will be scheduled this time
c [elim-6] scheduled 120111 variables 76%
c [elim-6] limit of 23969810 steps penalty 0 = 0 + 0
c [elim-6] 77239 variables 49% remain to be tried next time
c [elim-6] transition to [ all 0 rem 1 ] state
c [elim-6] eliminated 1679 = 1% variables out of 158315
c e  134.1  156636   716990    101886   17035  23490  5799   3  8.3 164.3   70
c [simplification-6] removed 1729 variables 1%
c [simplification-6] no reduction of limit increments
c [simplification-6] arithmetic increase of conflict limit interval by 10000
c [simplification-6] new irredundant limit 6597399
c [simplification-6] new conflict limit 152243
c -  139.7  156636   716990    110501   12997  23555  5976   6  8.8 166.4   85
c R  146.2  156636   716990    123918   26370  23563  6011   5 10.3 176.1  100
c -  147.4  156636   716990    124655   13504  23602  6070   3 10.2 176.1   85
c -  164.8  156636   716990    141303   14502  23993  6766   3 10.0 173.4   85
c [simplification-7] limit hit at 152243 conflicts
c [simplification-7] no simplification penalty
c [ternres-7] limit 34047876 with penalty 0 = 0 + 0
c [ternres-7] all 156636 free variables schedulable
c [ternres-7] 200 ternary resolvents (0 bin, 200 trn)
c [ternres-7] fully completed ternary resolution
c T  175.7  156636   716990    152243   24947  24163  7259   4 10.0 172.4   91
c [gauss-7] limit 890223 based on 1780447 irredundant literals
c [gauss-7] extracted 161 xors of average arity 3.0
c [gauss-7] connected 482 occurrences of 464 variables (average 1.0)
c [gauss-7] limit 890223 based on 1780447 irredundant literals
c [gauss-7] fully completed
c [gauss-7] exported 0 unary, 0 binary and 0 ternary equations
c G  176.0  156636   716990    152243   24947  24163  7259   4 10.0 172.4   73
c d  176.3  156632   716990    152243   24944  24155  7257   4 10.0 172.4   73
c [basicprobe-7] limit 34047876 penalty 0 = 0 + 0
c [basicprobe-7-0] 2954 sched 2%, 0 failed, 0 lifted, 8793 hbrs
c [basicprobe-7-1] 931 probes remain 1% after last round
c [basicprobe-7-1] removed 5 variables, found 14890 hbrs
c p  178.8  156627   716990    152243   24941  39035  6995   4 10.0 172.4   88
c [cgrclsr-7] limit 3404787 penalty 0 = 0 + 0
c [cgrclsr-7] all 156627 free variables schedulable
c [cgrclsr-7] fully completed congruence closure
c [cgrclsr-7] removed 3 variables
c C  179.3  156624   716990    152243   24938  39029  6991   4 10.0 172.4   73
c [lift-7] limit 1250000 with penalty 4 = 4 + 0
c [lift-7] using 156557 probes 100%
c [lift-7] 156535 variables remain 100% (89 retained)
c [cliff-7] limit of 3560894 steps based on 1780447 irredundant literals
c [cliff-7] failed 0, lifted 0
c [unhide-7] limit 13619150 with penalty 0 = 0 + 0
c [unhide-7-13] 0 units, 0 failed, 10103 tauts, 0 hbrs, 138209 literals
c u  182.1  156624   715638    152243   24683  31060  6416   4 10.0 172.4   88
c [transred-13] limit 2000000 with penalty 0 = 0 + 0
c t  182.4  156624   715636    152243   24683  31054  6416   4 10.0 172.4   88
c [block-7] scheduling all variables this time
c [block-7] scheduled 156624 variables 100%
c [block-7] limit of 4255984 steps penalty 4 = 4 + 0
c [block-7] incomplete blocked clause elimination 9812 not tried 6%
c [block-7] transition to [ all 1 rem 1 ] state
c [block-7] eliminated 0 blocked clauses
c [cce-7] scheduling all variables this time
c [cce-7] limit of 10214362 steps penalty 0 = 0 + 0
c [cce-7] 152806 variables 98% remain to be tried next time
c [cce-7] transition to [ all 1 rem 1 ] state
c [cce-7] eliminated 148 covered clauses
c E  183.4  156624   715488    152243   24683  31336  6387   4 10.0 172.4   73
c [elim-7] scheduling all variables this time
c [elim-7] scheduled 156624 variables 100%
c [elim-7] limit of 34047876 steps penalty 0 = 0 + 0
c [elim-7] 76844 variables 49% remain to be tried next time
c [elim-7] transition to [ all 1 rem 1 ] state
c [elim-7] eliminated 186 = 0% variables out of 156624
c e  189.7  156438   715357    152243   24198  30707  6330   4 10.0 172.4   73
c [simplification-7] removed 198 variables 0%
c [simplification-7] no reduction of limit increments
c [simplification-7] arithmetic increase of conflict limit interval by 10000
c [simplification-7] new irredundant limit 6597399
c [simplification-7] new conflict limit 212600
c -  199.0  156438   715357    159538   15550  30857  6597   3  9.9 171.0   86
c -  216.9  156438   715357    177740   16595  31067  6986   2 10.2 170.7   86
c -  241.4  156438   715357    197035   17527  31323  7526   3 10.4 168.0   86
c [simplification-8] limit hit at 212600 conflicts
c [simplification-8] no simplification penalty
c [ternres-8] limit 40000000 with penalty 0 = 0 + 0
c [ternres-8] all 156438 free variables schedulable
c [ternres-8] 136 ternary resolvents (5 bin, 131 trn)
c [ternres-8] fully completed ternary resolution
c T  257.7  156438   715357    212600   32531  31518  8011   4 10.4 166.5   93
c [gauss-8] limit 888625 based on 1777251 irredundant literals
c [gauss-8] extracted 191 xors of average arity 3.0
c [gauss-8] connected 571 occurrences of 552 variables (average 1.0)
c [gauss-8] limit 888625 based on 1777251 irredundant literals
c [gauss-8] fully completed
c [gauss-8] exported 0 unary, 0 binary and 0 ternary equations
c 
c  seconds         irredundant          redundant clauses agility   height
c          variables clauses conflicts large binary ternary    glue         MB
c 
c G  258.0  156438   715357    212600   32531  31518  8011   4 10.4 166.5   74
c d  258.4  156432   715357    212600   32525  31506  8005   4 10.4 166.5   74
c [basicprobe-8] limit 50188671 penalty 0 = 0 + 0
c [basicprobe-8-0] 963 sched 1%, 0 failed, 0 lifted, 737 hbrs
c [basicprobe-8-1] 7936 sched 5%, 0 failed, 0 lifted, 4824 hbrs
c [basicprobe-8-2] 1142 probes remain 1% after last round
c [basicprobe-8-2] removed 2 variables, found 7693 hbrs
c p  262.3  156430   715357    212600   32523  39195  7681   4 10.4 166.5   89
c [cgrclsr-8] limit 5018867 penalty 0 = 0 + 0
c [cgrclsr-8] all 156430 free variables schedulable
c [cgrclsr-8] fully completed congruence closure
c [cgrclsr-8] removed 4 variables
c C  262.9  156426   715357    212600   32520  39187  7677   4 10.4 166.5   74
c [lift-8] limit 1250000 with penalty 4 = 4 + 0
c [lift-8] using 156337 probes 100%
c [lift-8] 156300 variables remain 100% (126 retained)
c [cliff-8] limit of 3554502 steps based on 1777251 irredundant literals
c [cliff-8] failed 0, lifted 0
c [unhide-8] limit 20000000 with penalty 0 = 0 + 0
c [unhide-8-18] 0 units, 0 failed, 9217 tauts, 0 hbrs, 115656 literals
c u  266.5  156426   714776    212600   32221  31581  6908   4 10.4 166.5   89
c [transred-15] limit 2000000 with penalty 0 = 0 + 0
c t  266.7  156426   714771    212600   32221  31572  6908   4 10.4 166.5   89
c [block-8] 9812 variables 6% will be scheduled this time
c [block-8] scheduled 9812 variables 6%
c [block-8] limit of 6273583 steps penalty 4 = 4 + 0
c [block-8] fully completed blocked clause elimination
c [block-8] transition to [ all 0 rem 0 ] state
c [block-8] eliminated 0 blocked clauses
c [cce-8] 152746 variables 98% will be scheduled this time
c [cce-8] limit of 30113202 steps penalty 0 = 0 + 0
c [cce-8] 151964 variables 97% remain to be tried next time
c [cce-8] transition to [ all 0 rem 1 ] state
c [cce-8] eliminated 732 covered clauses
c E  268.3  156426   714039    212600   32221  32304  6908   4 10.4 166.5   74
c [elim-8] 76844 variables 49% will be scheduled this time
c [elim-8] scheduled 76844 variables 49%
c [elim-8] limit of 50188671 steps penalty 0 = 0 + 0
c [elim-8] 3576 variables 2% remain to be tried next time
c [elim-8] transition to [ all 0 rem 1 ] state
c [elim-8] eliminated 429 = 0% variables out of 156426
c e  276.5  155997   713441    212600   25652  27080  6459   4 10.4 166.5   72
c [simplification-8] removed 441 variables 0%
c [simplification-8] no reduction of limit increments
c [simplification-8] arithmetic increase of conflict limit interval by 10000
c [simplification-8] new irredundant limit 6597399
c [simplification-8] new conflict limit 282957
c -  290.7  155997   713441    224549   18564  27241  6822   2 10.3 165.4   86
c -  306.3  155997   713441    245386   19677  27312  7010   7 11.2 167.1   86
c -  316.8  155997   713441    266956   20727  27314  7056   7 12.4 167.9   87
c R  317.6  155997   713441    268470   22235  27314  7062   5 12.6 168.0   92
c [simplification-9] limit hit at 282957 conflicts
c [simplification-9] no simplification penalty
c [ternres-9] limit 40000000 with penalty 0 = 0 + 0
c [ternres-9] all 155997 free variables schedulable
c [ternres-9] 313 ternary resolvents (2 bin, 311 trn)
c [ternres-9] fully completed ternary resolution
c T  336.1  155997   713441    282957   36052  27515  7822   4 12.3 166.9   96
c [gauss-9] limit 887544 based on 1775088 irredundant literals
c [gauss-9] extracted 159 xors of average arity 3.0
c [gauss-9] connected 474 occurrences of 446 variables (average 1.1)
c [gauss-9] limit 887544 based on 1775088 irredundant literals
c [gauss-9] fully completed
c [gauss-9] exported 0 unary, 0 binary and 0 ternary equations
c G  336.4  155997   713441    282957   36052  27515  7822   4 12.3 166.9   76
c d  336.8  155994   713441    282957   36052  27508  7820   4 12.3 166.9   76
c [basicprobe-9] limit 63638237 penalty 0 = 0 + 0
c [basicprobe-9-0] 1358 sched 1%, 0 failed, 0 lifted, 2932 hbrs
c [basicprobe-9-1] 8049 sched 5%, 0 failed, 0 lifted, 1180 hbrs
c [basicprobe-9-2] 8036 sched 5%, 0 failed, 0 lifted, 206 hbrs
c [basicprobe-9-3] 5858 probes remain 4% after last round
c [basicprobe-9-3] removed 2 variables, found 4322 hbrs
c p  341.9  155992   713441    282957   36051  31826  7581   4 12.3 166.9   90
c [cgrclsr-9] limit 6363823 penalty 0 = 0 + 0
c [cgrclsr-9] all 155992 free variables schedulable
c [cgrclsr-9] fully completed congruence closure
c [cgrclsr-9] removed 1 variables
c C  342.5  155991   713441    282957   36051  31824  7580   4 12.3 166.9   76
c [lift-9] limit 1250000 with penalty 4 = 4 + 0
c [lift-9] using 155865 probes 100%
c [lift-9] 155834 variables remain 100% (157 retained)
c [cliff-9] limit of 3550176 steps based on 1775088 irredundant literals
c [cliff-9] failed 0, lifted 0
c [unhide-9] limit 20000000 with penalty 0 = 0 + 0
c [unhide-9-23] 0 units, 0 failed, 3912 tauts, 0 hbrs, 196594 literals
c u  346.5  155991   712801    282957   35831  29092  7229   4 12.3 166.9   90
c [transred-17] limit 2000000 with penalty 0 = 0 + 0
c t  346.7  155991   712800    282957   35831  29079  7229   4 12.3 166.9   90
c [block-9] scheduling all variables this time
c [block-9] scheduled 155991 variables 100%
c [block-9] limit of 7954779 steps penalty 4 = 4 + 0
c [block-9] fully completed blocked clause elimination
c [block-9] transition to [ all 0 rem 0 ] state
c [block-9] eliminated 0 blocked clauses
c [cce-9] scheduling all variables this time
c [cce-9] limit of 38182942 steps penalty 0 = 0 + 0
c [cce-9] 151258 variables 97% remain to be tried next time
c [cce-9] transition to [ all 1 rem 1 ] state
c [cce-9] eliminated 221 covered clauses
c E  348.9  155991   712579    282957   35831  29358  7202   4 12.3 166.9   75
c [elim-9] scheduling all variables this time
c [elim-9] scheduled 155991 variables 100%
c [elim-9] limit of 63638237 steps penalty 0 = 0 + 0
c [elim-9] 3576 variables 2% remain to be tried next time
c [elim-9] transition to [ all 1 rem 1 ] state
c [elim-9] eliminated 897 = 1% variables out of 155991
c e  360.4  155094   711741    282957   35169  28305  7124   4 12.3 166.9   75
c [simplification-9] removed 903 variables 0%
c [simplification-9] no reduction of limit increments
c [simplification-9] arithmetic increase of conflict limit interval by 10000
c [simplification-9] new irredundant limit 6597399
c [simplification-9] new conflict limit 363314
c -  370.1  155094   711741    291112   21544  28389  7326   6 12.2 166.4   87
c -  401.0  155094   711741    315460   22512  28630  7933   6 12.0 166.2   87
c 
c  seconds         irredundant          redundant clauses agility   height
c          variables clauses conflicts large binary ternary    glue         MB
c 
c -  427.3  155094   711741    340542   23508  28765  8366   4 12.0 167.5   87
c [simplification-10] limit hit at 363314 conflicts
c [simplification-10] no simplification penalty
c [ternres-10] limit 40000000 with penalty 0 = 0 + 0
c [ternres-10] all 155094 free variables schedulable
c [ternres-10] 206 ternary resolvents (2 bin, 204 trn)
c [ternres-10] fully completed ternary resolution
c T  453.2  155094   711741    363314   45647  28959  8992   7 11.9 167.2   97
c [gauss-10] limit 1064777 penalty 4 = 4 + 0
c [gauss-10] extracted 199 xors of average arity 3.0
c [gauss-10] connected 597 occurrences of 435 variables (average 1.4)
c [gauss-10] limit 1064777 penalty 4 = 4 + 0
c [gauss-10] fully completed
c [gauss-10] exported 0 unary, 0 binary and 0 ternary equations
c G  453.5  155094   711741    363314   45647  28959  8992   7 11.9 167.2   77
c d  453.9  155089   711741    363314   45646  28948  8990   7 11.9 167.2   77
c [basicprobe-10] limit 85182167 penalty 0 = 0 + 0
c [basicprobe-10-0] 5850 sched 4%, 0 failed, 0 lifted, 659 hbrs
c [basicprobe-10-1] 8011 sched 5%, 0 failed, 0 lifted, 247 hbrs
c [basicprobe-10-2] 8009 sched 5%, 0 failed, 0 lifted, 70 hbrs
c [basicprobe-10-3] 2590 probes remain 2% after last round
c [basicprobe-10-3] removed 0 variables, found 1038 hbrs
c p  460.6  155089   711741    363314   45646  29986  8681   7 11.9 167.2   91
c [cgrclsr-10] limit 8000000 penalty 0 = 0 + 0
c [cgrclsr-10] all 155089 free variables schedulable
c [cgrclsr-10] fully completed congruence closure
c [cgrclsr-10] removed 1 variables
c C  461.3  155088   711741    363314   45646  29984  8680   7 11.9 167.2   77
c [lift-10] limit 1250000 with penalty 4 = 4 + 0
c [lift-10] using 154933 probes 100%
c [lift-10] 154897 variables remain 100% (191 retained)
c [cliff-10] limit of 4259108 steps penalty 4 = 4 + 0
c [cliff-10] failed 0, lifted 0
c [unhide-10] limit 20000000 with penalty 0 = 0 + 0
c [unhide-10-28] 0 units, 0 failed, 2748 tauts, 0 hbrs, 108953 literals
c u  465.4  155088   711452    363314   45426  27958  8448   7 11.9 167.2   91
c [transred-19] limit 2000000 with penalty 0 = 0 + 0
c t  465.7  155088   711452    363314   45426  27949  8448   7 11.9 167.2   91
c [block-10] scheduling all variables this time
c [block-10] scheduled 155088 variables 100%
c [block-10] limit of 10647770 steps penalty 4 = 4 + 0
c [block-10] fully completed blocked clause elimination
c [block-10] transition to [ all 0 rem 0 ] state
c [block-10] eliminated 0 blocked clauses
c [cce-10] 151219 variables 98% will be scheduled this time
c [cce-10] limit of 51109300 steps penalty 0 = 0 + 0
c [cce-10] 150063 variables 97% remain to be tried next time
c [cce-10] transition to [ all 0 rem 1 ] state
c [cce-10] eliminated 984 covered clauses
c E  468.2  155088   710468    363314   45426  28933  8448   7 11.9 167.2   76
c [elim-10] 3576 variables 2% will be scheduled this time
c [elim-10] scheduled 3576 variables 2%
c [elim-10] limit of 85182167 steps penalty 0 = 0 + 0
c [elim-10] fully completed variable elimination
c [elim-10] transition to [ all 0 rem 0 ] state
c [elim-10] eliminated 0 = 0% variables out of 155088
c e  468.7  155088   710466    363314   45426  28933  8448   7 11.9 167.2   76
c [simplification-10] removed 6 variables 0%
c [simplification-10] no reduction of limit increments
c [simplification-10] arithmetic increase of conflict limit interval by 10000
c [simplification-10] new irredundant limit 6597399
c [simplification-10] new conflict limit 453671
c -  474.9  155088   710466    367083   24522  28980  8550   4 11.9 167.0   87
c -  496.2  155088   710466    393872   25503  29041  8758   4 12.4 169.8   88
c -  528.8  155088   710466    422109   26502  29232  9297   3 12.3 169.6   88
c -  557.4  155088   710466    451198   27500  29369  9738   3 12.3 168.9   88
c [simplification-11] limit hit at 453672 conflicts
c [simplification-11] no simplification penalty
c [ternres-11] limit 40000000 with penalty 0 = 0 + 0
c [ternres-11] all 155088 free variables schedulable
c [ternres-11] 144 ternary resolvents (1 bin, 143 trn)
c [ternres-11] fully completed ternary resolution
c T  561.0  155088   710466    453672   29914  29383  9928   3 12.2 168.9   93
c [gauss-11] limit 1336407 penalty 4 = 4 + 0
c [gauss-11] extracted 259 xors of average arity 3.0
c [gauss-11] connected 777 occurrences of 573 variables (average 1.4)
c [gauss-11] limit 1336407 penalty 4 = 4 + 0
c [gauss-11] fully completed
c [gauss-11] exported 0 unary, 0 binary and 0 ternary equations
c G  561.3  155088   710466    453672   29914  29383  9928   3 12.2 168.9   72
c d  561.6  155086   710466    453672   29914  29379  9928   3 12.2 168.9   72
c [basicprobe-11] limit 50000000 penalty 1 = 1 + 0
c [basicprobe-11-0] 2589 sched 2%, 0 failed, 0 lifted, 241 hbrs
c [basicprobe-11-1] 8004 sched 5%, 2 failed, 0 lifted, 917 hbrs
c [basicprobe-11-2] 2606 probes remain 2% after last round
c [basicprobe-11-2] 3 units = 3 failed (100%) + 0 lifted (0%)
c [basicprobe-11-2] removed 5 variables, found 1225 hbrs
c p  565.7  155081   710454    453672   29914  30212  9597   3 12.2 168.9   87
c [cgrclsr-11] limit 8000000 penalty 0 = 0 + 0
c [cgrclsr-11] all 155081 free variables schedulable
c [cgrclsr-11] fully completed congruence closure
c [lift-11] limit 1250000 with penalty 4 = 4 + 0
c [lift-11] using 154890 probes 100%
c [lift-11] 154856 variables remain 100% (225 retained)
c [cliff-11] limit of 5345628 steps penalty 4 = 4 + 0
c [cliff-11] failed 0, lifted 0
c [unhide-11] limit 20000000 with penalty 0 = 0 + 0
c [unhide-11-33] 0 units, 0 failed, 1519 tauts, 0 hbrs, 37120 literals
c u  569.6  155081   710128    453672   29814  29242  9421   3 12.2 168.9   87
c [transred-21] limit 2000000 with penalty 0 = 0 + 0
c t  569.9  155081   710128    453672   29814  29228  9421   3 12.2 168.9   87
c [block-11] scheduling all variables this time
c [block-11] scheduled 155081 variables 100%
c [block-11] limit of 13364072 steps penalty 4 = 4 + 0
c [block-11] fully completed blocked clause elimination
c [block-11] transition to [ all 0 rem 0 ] state
c [block-11] eliminated 0 blocked clauses
c [cce-11] scheduling all variables this time
c [cce-11] limit of 64147546 steps penalty 0 = 0 + 0
c [cce-11] 149528 variables 96% remain to be tried next time
c [cce-11] transition to [ all 1 rem 1 ] state
c [cce-11] eliminated 358 covered clauses
c E  572.9  155081   709770    453672   29814  29624  9397   3 12.2 168.9   72
c [elim-11] scheduling all variables this time
c [elim-11] scheduled 155081 variables 100%
c [elim-11] limit of 100000000 steps penalty 0 = 0 + 0
c [elim-11] incomplete variable elimination 968 not tried 1%
c [elim-11] transition to [ all 1 rem 1 ] state
c [elim-11] eliminated 1227 = 1% variables out of 155081
c e  588.8  153854   708571    453672   29150  28167  9264   3 12.2 168.9   72
c [simplification-11] removed 1234 variables 0%
c [simplification-11] no reduction of limit increments
c [simplification-11] arithmetic increase of conflict limit interval by 10000
c [simplification-11] new irredundant limit 6597399
c [simplification-11] new conflict limit 554029
c -  622.9  153854   708571    482273   28505  28346  9817   1 12.2 168.1   87
c 
c  seconds         irredundant          redundant clauses agility   height
c          variables clauses conflicts large binary ternary    glue         MB
c 
c -  648.3  153854   708571    513612   30003  28435 10132   6 12.4 168.8   87
c -  665.6  153854   708571    544771   30651  28444 10157   3 12.9 169.1   88
c [simplification-12] limit hit at 554031 conflicts
c [simplification-12] no simplification penalty
c [ternres-12] limit 40000000 with penalty 0 = 0 + 0
c [ternres-12] all 153854 free variables schedulable
c [ternres-12] 189 ternary resolvents (0 bin, 189 trn)
c [ternres-12] fully completed ternary resolution
c T  670.4  153854   708571    554031   39875  28446 10380   3 13.1 169.8   96
c [gauss-12] limit 1566493 penalty 4 = 4 + 0
c [gauss-12] extracted 275 xors of average arity 3.0
c [gauss-12] connected 824 occurrences of 776 variables (average 1.1)
c [gauss-12] limit 1566493 penalty 4 = 4 + 0
c [gauss-12] fully completed
c [gauss-12] exported 0 unary, 0 binary and 0 ternary equations
c G  670.7  153854   708571    554031   39875  28446 10380   3 13.1 169.8   76
c d  671.1  153853   708571    554031   39875  28444 10380   3 13.1 169.8   76
c [basicprobe-12] limit 100000000 penalty 0 = 0 + 0
c [basicprobe-12-0] 2623 sched 2%, 0 failed, 0 lifted, 198 hbrs
c [basicprobe-12-1] 8015 sched 5%, 0 failed, 0 lifted, 321 hbrs
c [basicprobe-12-2] 8013 sched 5%, 0 failed, 0 lifted, 61 hbrs
c [basicprobe-12-3] 8013 sched 5%, 0 failed, 0 lifted, 58 hbrs
c [basicprobe-12-4] 2935 probes remain 2% after last round
c [basicprobe-12-4] removed 0 variables, found 654 hbrs
c p  678.9  153853   708571    554031   39875  29098 10209   3 13.1 169.8   90
c [cgrclsr-12] limit 4000000 penalty 1 = 1 + 0
c [cgrclsr-12] all 153853 free variables schedulable
c [cgrclsr-12] fully completed congruence closure
c [lift-12] limit 1250000 with penalty 4 = 4 + 0
c [lift-12] using 153629 probes 100%
c [lift-12] 153603 variables remain 100% (250 retained)
c [cliff-12] limit of 6250000 steps penalty 4 = 4 + 0
c [cliff-12] failed 0, lifted 0
c [unhide-12] limit 20000000 with penalty 0 = 0 + 0
c [unhide-12-38] 0 units, 0 failed, 1636 tauts, 0 hbrs, 108140 literals
c u  683.5  153853   708410    554031   39776  27932  9986   3 13.1 169.8   90
c [transred-23] limit 2000000 with penalty 0 = 0 + 0
c t  683.7  153853   708410    554031   39776  27911  9986   3 13.1 169.8   90
c [block-12] scheduling all variables this time
c [block-12] scheduled 153853 variables 100%
c [block-12] limit of 15664930 steps penalty 4 = 4 + 0
c [block-12] fully completed blocked clause elimination
c [block-12] transition to [ all 0 rem 0 ] state
c [block-12] eliminated 0 blocked clauses
c [cce-12] 149465 variables 97% will be scheduled this time
c [cce-12] limit of 75191666 steps penalty 0 = 0 + 0
c [cce-12] 147861 variables 96% remain to be tried next time
c [cce-12] transition to [ all 0 rem 1 ] state
c [cce-12] eliminated 1257 covered clauses
c E  686.9  153853   707153    554031   39776  29170  9986   3 13.1 169.8   75
c [elim-12] 968 variables 1% will be scheduled this time
c [elim-12] scheduled 968 variables 1%
c [elim-12] limit of 100000000 steps penalty 0 = 0 + 0
c [elim-12] fully completed variable elimination
c [elim-12] transition to [ all 0 rem 0 ] state
c [elim-12] eliminated 0 = 0% variables out of 153853
c [simplification-12] removed 1 variables 0%
c [simplification-12] no reduction of limit increments
c [simplification-12] arithmetic increase of conflict limit interval by 10000
c [simplification-12] new irredundant limit 6597399
c [simplification-12] new conflict limit 664388
c -  698.3  153853   707153    577607   31874  29170  9986   8 14.4 169.9   89
c R  698.5  153853   707153    578306   32573  29170  9986   8 14.4 169.9   90
c -  739.5  153853   707153    611767   32614  29354 10588   3 14.2 169.2   87
c -  777.0  153853   707153    646855   33600  29507 11048   3 14.1 169.0   87
c [simplification-13] limit hit at 664388 conflicts
c [simplification-13] no simplification penalty
c [ternres-13] limit 40000000 with penalty 0 = 0 + 0
c [ternres-13] all 153853 free variables schedulable
c [ternres-13] 147 ternary resolvents (1 bin, 146 trn)
c [ternres-13] fully completed ternary resolution
c T  798.6  153853   707153    664388   50759  29596 11468   4 14.1 169.3   95
c [gauss-13] limit 1882084 penalty 4 = 4 + 0
c [gauss-13] extracted 351 xors of average arity 3.0
c [gauss-13] connected 1053 occurrences of 948 variables (average 1.1)
c [gauss-13] limit 1882084 penalty 4 = 4 + 0
c [gauss-13] fully completed
c [gauss-13] exported 0 unary, 0 binary and 0 ternary equations
c G  798.9  153853   707153    664388   50759  29596 11468   4 14.1 169.3   76
c [basicprobe-13] limit 50000000 penalty 1 = 1 + 0
c [basicprobe-13-0] 2935 sched 2%, 0 failed, 0 lifted, 236 hbrs
c [basicprobe-13-1] 8011 sched 5%, 0 failed, 0 lifted, 482 hbrs
c [basicprobe-13-2] 3188 probes remain 2% after last round
c [basicprobe-13-2] removed 2 variables, found 811 hbrs
c p  803.3  153851   707153    664388   50759  30403 11162   4 14.1 169.3   91
c [cgrclsr-13] limit 2000000 penalty 2 = 2 + 0
c [cgrclsr-13] all 153851 free variables schedulable
c [cgrclsr-13] fully completed congruence closure
c [lift-13] limit 1250000 with penalty 4 = 4 + 0
c [lift-13] using 153601 probes 100%
c [lift-13] 153571 variables remain 100% (280 retained)
c [cliff-13] limit of 6250000 steps penalty 4 = 4 + 0
c [cliff-13] failed 0, lifted 0
c [unhide-13] limit 20000000 with penalty 0 = 0 + 0
c [unhide-13-43] 0 units, 0 failed, 1282 tauts, 0 hbrs, 75064 literals
c u  807.7  153851   706882    664388   50612  29582 11116   4 14.1 169.3   90
c [transred-25] limit 2000000 with penalty 0 = 0 + 0
c t  807.9  153851   706882    664388   50612  29576 11116   4 14.1 169.3   91
c [block-13] scheduling all variables this time
c [block-13] scheduled 153851 variables 100%
c [block-13] limit of 18820842 steps penalty 4 = 4 + 0
c [block-13] fully completed blocked clause elimination
c [block-13] transition to [ all 0 rem 0 ] state
c [block-13] eliminated 0 blocked clauses
c [cce-13] scheduling all variables this time
c [cce-13] limit of 90340042 steps penalty 0 = 0 + 0
c [cce-13] 147111 variables 96% remain to be tried next time
c [cce-13] transition to [ all 1 rem 1 ] state
c [cce-13] eliminated 438 covered clauses
c E  811.9  153851   706444    664388   50612  30057 11106   4 14.1 169.3   75
c [elim-13] scheduling all variables this time
c [elim-13] scheduled 153851 variables 100%
c [elim-13] limit of 50000000 steps penalty 1 = 1 + 0
c [elim-13] incomplete variable elimination 64802 not tried 42%
c [elim-13] transition to [ all 1 rem 1 ] state
c [elim-13] eliminated 1468 = 1% variables out of 153851
c e  821.1  152383   705006    664388   49715  28431 10999   4 14.1 169.3   75
c [simplification-13] removed 1470 variables 0%
c [simplification-13] no reduction of limit increments
c [simplification-13] arithmetic increase of conflict limit interval by 10000
c [simplification-13] new irredundant limit 6597399
c [simplification-13] new conflict limit 784745
c -  847.4  152383   705006    684210   34629  28523 11319   5 14.0 169.1   88
c -  879.7  152383   705006    721097   35516  28635 11683   4 14.1 169.1   88
c -  919.3  152383   705006    759671   37039  28768 12133   6 14.1 169.0   88
c [simplification-14] limit hit at 784746 conflicts
c [simplification-14] no simplification penalty
c [ternres-14] limit 40000000 with penalty 0 = 0 + 0
c [ternres-14] all 152383 free variables schedulable
c [ternres-14] 220 ternary resolvents (3 bin, 217 trn)
c [ternres-14] fully completed ternary resolution
c 
c  seconds         irredundant          redundant clauses agility   height
c          variables clauses conflicts large binary ternary    glue         MB
c 
c T  948.8  152383   705006    784746   61656  28886 12674   5 14.0 168.8   98
c [gauss-14] limit 2251467 penalty 4 = 4 + 0
c [gauss-14] extracted 427 xors of average arity 3.0
c [gauss-14] connected 1280 occurrences of 911 variables (average 1.4)
c [gauss-14] limit 2251467 penalty 4 = 4 + 0
c [gauss-14] fully completed
c [gauss-14] exported 0 unary, 0 binary and 0 ternary equations
c G  949.1  152383   705006    784746   61656  28886 12674   5 14.0 168.8   78
c d  949.5  152381   705006    784746   61656  28882 12674   5 14.0 168.8   78
c [basicprobe-14] limit 100000000 penalty 0 = 0 + 0
c [basicprobe-14-0] 3193 sched 2%, 0 failed, 0 lifted, 245 hbrs
c [basicprobe-14-1] 8011 sched 5%, 0 failed, 0 lifted, 348 hbrs
c [basicprobe-14-2] 8009 sched 5%, 0 failed, 0 lifted, 44 hbrs
c [basicprobe-14-3] 8009 sched 5%, 0 failed, 0 lifted, 20 hbrs
c [basicprobe-14-4] 3829 probes remain 3% after last round
c [basicprobe-14-4] removed 1 variables, found 657 hbrs
c p  957.7  152380   705006    784746   61656  29537 12361   5 14.0 168.8   93
c [cgrclsr-14] limit 1000000 penalty 3 = 3 + 0
c [cgrclsr-14] all 152380 free variables schedulable
c [cgrclsr-14] fully completed congruence closure
c [lift-14] limit 1250000 with penalty 4 = 4 + 0
c [lift-14] using 152105 probes 100%
c [lift-14] 152079 variables remain 100% (301 retained)
c [cliff-14] limit of 6250000 steps penalty 4 = 4 + 0
c [cliff-14] failed 0, lifted 0
c [unhide-14] limit 20000000 with penalty 0 = 0 + 0
c [unhide-14-48] 0 units, 0 failed, 1395 tauts, 0 hbrs, 120315 literals
c u  962.5  152380   704807    784746   61495  28590 12244   5 14.0 168.8   93
c [transred-27] limit 2000000 with penalty 0 = 0 + 0
c t  962.8  152380   704807    784746   61495  28578 12244   5 14.0 168.8   93
c [block-14] scheduling all variables this time
c [block-14] scheduled 152380 variables 100%
c [block-14] limit of 22514677 steps penalty 4 = 4 + 0
c [block-14] fully completed blocked clause elimination
c [block-14] transition to [ all 0 rem 0 ] state
c [block-14] eliminated 0 blocked clauses
c [cce-14] 147093 variables 97% will be scheduled this time
c [cce-14] limit of 108070450 steps penalty 0 = 0 + 0
c [cce-14] 144421 variables 95% remain to be tried next time
c [cce-14] transition to [ all 0 rem 1 ] state
c [cce-14] eliminated 1744 covered clauses
c E  967.0  152380   703063    784746   61495  30322 12244   5 14.0 168.8   77
c [elim-14] 64796 variables 43% will be scheduled this time
c [elim-14] scheduled 64796 variables 43%
c [elim-14] limit of 100000000 steps penalty 0 = 0 + 0
c [elim-14] fully completed variable elimination
c [elim-14] transition to [ all 0 rem 0 ] state
c [elim-14] eliminated 19 = 0% variables out of 152380
c e  974.1  152361   703058    784746   61352  30279 12213   5 14.0 168.8   77
c [simplification-14] removed 22 variables 0%
c [simplification-14] no reduction of limit increments
c [simplification-14] arithmetic increase of conflict limit interval by 10000
c [simplification-14] new irredundant limit 6597399
c [simplification-14] new conflict limit 915103
c -  992.9  152361   703058    798745   37522  30352 12444   3 13.9 168.6   89
c - 1024.5  152361   703058    839087   39182  30415 12639   8 14.1 168.9   89
c - 1068.5  152361   703058    879535   39545  30540 13093   5 14.2 168.8   90
c [simplification-15] limit hit at 915103 conflicts
c [simplification-15] no simplification penalty
c [ternres-15] limit 40000000 with penalty 0 = 0 + 0
c [ternres-15] all 152361 free variables schedulable
c [ternres-15] 219 ternary resolvents (1 bin, 218 trn)
c [ternres-15] fully completed ternary resolution
c T 1108.7  152361   703058    915103   74574  30655 13718   3 14.2 168.6  105
c [gauss-15] limit 2639169 penalty 4 = 4 + 0
c [gauss-15] extracted 460 xors of average arity 3.0
c [gauss-15] connected 1377 occurrences of 1179 variables (average 1.2)
c [gauss-15] limit 2639169 penalty 4 = 4 + 0
c [gauss-15] fully completed
c [gauss-15] exported 0 unary, 0 binary and 0 ternary equations
c G 1109.1  152361   703058    915103   74574  30655 13718   3 14.2 168.6   83
c d 1109.5  152357   703058    915103   74570  30647 13716   3 14.2 168.6   83
c [basicprobe-15] limit 100000000 penalty 0 = 0 + 0
c [basicprobe-15-0] 3831 sched 3%, 0 failed, 0 lifted, 263 hbrs
c [basicprobe-15-1] 8009 sched 5%, 0 failed, 0 lifted, 257 hbrs
c [basicprobe-15-2] 8009 sched 5%, 0 failed, 0 lifted, 29 hbrs
c [basicprobe-15-3] 8009 sched 5%, 0 failed, 0 lifted, 3 hbrs
c [basicprobe-15-4] 4655 probes remain 3% after last round
c [basicprobe-15-4] removed 0 variables, found 552 hbrs
c p 1117.7  152357   703058    915103   74570  31199 13440   3 14.2 168.6   99
c [cgrclsr-15] limit 880352 based on 1760704 irredundant literals
c [cgrclsr-15] all 152357 free variables schedulable
c [cgrclsr-15] fully completed congruence closure
c [lift-15] limit 1250000 with penalty 4 = 4 + 0
c [lift-15] using 152056 probes 100%
c [lift-15] 152029 variables remain 100% (328 retained)
c [cliff-15] limit of 6250000 steps penalty 4 = 4 + 0
c [cliff-15] failed 0, lifted 0
c [unhide-15] limit 20000000 with penalty 0 = 0 + 0
c [unhide-15-53] 0 units, 0 failed, 770 tauts, 0 hbrs, 227029 literals
c u 1124.0  152357   702835    915103   74397  30814 13438   3 14.2 168.6   99
c [transred-29] limit 2000000 with penalty 0 = 0 + 0
c t 1124.3  152357   702835    915103   74397  30809 13438   3 14.2 168.6   99
c [block-15] scheduling all variables this time
c [block-15] scheduled 152357 variables 100%
c [block-15] limit of 26391697 steps penalty 4 = 4 + 0
c [block-15] fully completed blocked clause elimination
c [block-15] transition to [ all 0 rem 0 ] state
c [block-15] eliminated 0 blocked clauses
c [cce-15] scheduling all variables this time
c [cce-15] limit of 126680148 steps penalty 0 = 0 + 0
c [cce-15] 143520 variables 94% remain to be tried next time
c [cce-15] transition to [ all 1 rem 1 ] state
c [cce-15] eliminated 645 covered clauses
c E 1129.5  152357   702190    915103   74397  31470 13430   3 14.2 168.6   82
c [elim-15] scheduling all variables this time
c [elim-15] scheduled 152357 variables 100%
c [elim-15] limit of 100000000 steps penalty 0 = 0 + 0
c [elim-15] incomplete variable elimination 969 not tried 1%
c [elim-15] transition to [ all 1 rem 1 ] state
c [elim-15] eliminated 1968 = 1% variables out of 152357
c e 1145.4  150389   700276    915103   71171  29182 13346   3 14.2 168.6   80
c [simplification-15] removed 1972 variables 1%
c [simplification-15] no reduction of limit increments
c [simplification-15] arithmetic increase of conflict limit interval by 10000
c [simplification-15] new irredundant limit 6597399
c [simplification-15] new conflict limit 1055460
c - 1159.4  150389   700276    925160   40515  29221 13505   7 14.1 168.5   90
c - 1198.4  150389   700276    968701   42156  29332 13926   4 14.2 170.0   90
c - 1251.1  150389   700276   1012382   42503  29499 14575   5 14.1 169.7   90
c [simplification-16] limit hit at 1055461 conflicts
c [simplification-16] no simplification penalty
c [ternres-16] limit 40000000 with penalty 0 = 0 + 0
c [ternres-16] all 150389 free variables schedulable
c [ternres-16] 291 ternary resolvents (1 bin, 290 trn)
c [ternres-16] fully completed ternary resolution
c T 1300.4  150389   700276   1055461   84927  29610 15391   2 14.1 170.1  109
c [gauss-16] limit 3085617 penalty 4 = 4 + 0
c [gauss-16] extracted 551 xors of average arity 3.0
c [gauss-16] connected 1650 occurrences of 1014 variables (average 1.6)
c [gauss-16] limit 3085617 penalty 4 = 4 + 0
c [gauss-16] fully completed
c [gauss-16] exported 0 unary, 0 binary and 0 ternary equations
c 
c  seconds         irredundant          redundant clauses agility   height
c          variables clauses conflicts large binary ternary    glue         MB
c 
c G 1300.8  150389   700276   1055461   84927  29610 15391   2 14.1 170.1   85
c d 1301.3  150387   700276   1055461   84927  29606 15390   2 14.1 170.1   85
c [basicprobe-16] limit 50000000 penalty 1 = 1 + 0
c [basicprobe-16-0] 4655 sched 3%, 0 failed, 0 lifted, 530 hbrs
c [basicprobe-16-1] 8009 sched 5%, 0 failed, 0 lifted, 450 hbrs
c [basicprobe-16-2] 4979 probes remain 3% after last round
c [basicprobe-16-2] removed 2 variables, found 996 hbrs
c p 1305.5  150385   700276   1055461   84927  30598 15113   2 14.1 170.1  100
c [cgrclsr-16] limit 879486 based on 1758972 irredundant literals
c [cgrclsr-16] all 150385 free variables schedulable
c [cgrclsr-16] fully completed congruence closure
c [lift-16] limit 1250000 with penalty 4 = 4 + 0
c [lift-16] using 150060 probes 100%
c [lift-16] 150034 variables remain 100% (351 retained)
c [cliff-16] limit of 6250000 steps penalty 4 = 4 + 0
c [cliff-16] failed 0, lifted 0
c [unhide-16] limit 20000000 with penalty 0 = 0 + 0
c [unhide-16-58] 0 units, 0 failed, 1150 tauts, 0 hbrs, 222022 literals
c u 1312.2  150385   700053   1055461   84629  29857 15201   2 14.1 170.1  100
c [transred-31] limit 2000000 with penalty 0 = 0 + 0
c t 1312.4  150385   700053   1055461   84629  29847 15201   2 14.1 170.1  101
c [block-16] scheduling all variables this time
c [block-16] scheduled 150385 variables 100%
c [block-16] limit of 30856174 steps penalty 4 = 4 + 0
c [block-16] fully completed blocked clause elimination
c [block-16] transition to [ all 0 rem 0 ] state
c [block-16] eliminated 0 blocked clauses
c [cce-16] 143500 variables 95% will be scheduled this time
c [cce-16] limit of 148109636 steps penalty 0 = 0 + 0
c [cce-16] 139819 variables 93% remain to be tried next time
c [cce-16] transition to [ all 0 rem 1 ] state
c [cce-16] eliminated 2419 covered clauses
c E 1318.2  150385   697634   1055461   84629  32268 15199   2 14.1 170.1   84
c [elim-16] 969 variables 1% will be scheduled this time
c [elim-16] scheduled 969 variables 1%
c [elim-16] limit of 100000000 steps penalty 0 = 0 + 0
c [elim-16] fully completed variable elimination
c [elim-16] transition to [ all 0 rem 0 ] state
c [elim-16] eliminated 0 = 0% variables out of 150385
c [simplification-16] removed 4 variables 0%
c [simplification-16] no reduction of limit increments
c [simplification-16] arithmetic increase of conflict limit interval by 10000
c [simplification-16] new irredundant limit 6597399
c [simplification-16] new conflict limit 1205818
c - 1323.3  150385   697634   1057952   43537  32279 15233   7 14.1 170.0   90
c - 1364.8  150385   697634   1103992   44726  32344 15549   9 14.3 170.9   91
c - 1391.2  150385   697634   1150966   46229  32344 15584   5 15.1 172.9   92
c - 1419.4  150385   697634   1198320   47109  32346 15611   8 15.6 174.9   92
c [simplification-17] limit hit at 1205819 conflicts
c [simplification-17] no simplification penalty
c [ternres-17] limit 40000000 with penalty 0 = 0 + 0
c [ternres-17] all 150385 free variables schedulable
c [ternres-17] 70 ternary resolvents (1 bin, 69 trn)
c [ternres-17] fully completed ternary resolution
c T 1423.2  150385   697634   1205819   54605  32347 15683   7 15.7 175.2  103
c [gauss-17] limit 3125000 penalty 4 = 4 + 0
c [gauss-17] extracted 565 xors of average arity 3.0
c [gauss-17] connected 1693 occurrences of 1174 variables (average 1.4)
c [gauss-17] limit 3125000 penalty 4 = 4 + 0
c [gauss-17] fully completed
c [gauss-17] exported 0 unary, 0 binary and 0 ternary equations
c G 1423.7  150385   697634   1205819   54605  32347 15683   7 15.7 175.2   80
c d 1424.1  150384   697634   1205819   54605  32345 15683   7 15.7 175.2   80
c [basicprobe-17] limit 100000000 penalty 0 = 0 + 0
c [basicprobe-17-0] 4979 sched 3%, 0 failed, 0 lifted, 247 hbrs
c [basicprobe-17-1] 8009 sched 5%, 0 failed, 0 lifted, 96 hbrs
c [basicprobe-17-2] 8009 sched 5%, 0 failed, 0 lifted, 14 hbrs
c [basicprobe-17-3] 8009 sched 5%, 0 failed, 0 lifted, 7 hbrs
c [basicprobe-17-4] 5468 probes remain 4% after last round
c [basicprobe-17-4] removed 0 variables, found 374 hbrs
c p 1432.0  150384   697634   1205819   54605  32719 15600   7 15.7 175.2   95
c [cgrclsr-17] limit 876720 based on 1753441 irredundant literals
c [cgrclsr-17] all 150384 free variables schedulable
c [cgrclsr-17] fully completed congruence closure
c [lift-17] limit 1250000 with penalty 4 = 4 + 0
c [lift-17] using 150033 probes 100%
c [lift-17] 150003 variables remain 100% (381 retained)
c [cliff-17] limit of 6250000 steps penalty 4 = 4 + 0
c [cliff-17] failed 0, lifted 0
c [unhide-17] limit 20000000 with penalty 0 = 0 + 0
c [unhide-17-63] 0 units, 0 failed, 784 tauts, 0 hbrs, 324992 literals
c u 1437.4  150384   697450   1205819   54564  32248 15498   7 15.7 175.2   95
c [transred-33] limit 2000000 with penalty 0 = 0 + 0
c t 1437.6  150384   697449   1205819   54564  32242 15498   7 15.7 175.2   95
c [block-17] scheduling all variables this time
c [block-17] scheduled 150384 variables 100%
c [block-17] limit of 33491911 steps penalty 4 = 4 + 0
c [block-17] fully completed blocked clause elimination
c [block-17] transition to [ all 0 rem 0 ] state
c [block-17] eliminated 0 blocked clauses
c [cce-17] scheduling all variables this time
c [cce-17] limit of 160761174 steps penalty 0 = 0 + 0
c [cce-17] 138976 variables 92% remain to be tried next time
c [cce-17] transition to [ all 1 rem 1 ] state
c [cce-17] eliminated 467 covered clauses
c E 1444.0  150384   696982   1205819   54564  32731 15496   7 15.7 175.2   78
c [elim-17] scheduling all variables this time
c [elim-17] scheduled 150384 variables 100%
c [elim-17] limit of 50000000 steps penalty 1 = 1 + 0
c [elim-17] incomplete variable elimination 63487 not tried 42%
c [elim-17] transition to [ all 1 rem 1 ] state
c [elim-17] eliminated 2268 = 2% variables out of 150384
c e 1453.2  148116   694826   1205819   52985  29976 15358   7 15.7 175.2   78
c [simplification-17] removed 2269 variables 1%
c [simplification-17] no reduction of limit increments
c [simplification-17] arithmetic increase of conflict limit interval by 10000
c [simplification-17] new irredundant limit 6597399
c [simplification-17] new conflict limit 1366176
c R 1484.7  148116   694826   1239542   86590  29988 15464   5 16.6 175.1  144
c - 1498.5  148116   694826   1248200   47511  30027 15648   2 16.5 175.1   88
c - 1555.2  148116   694826   1298556   48535  30149 16332   2 16.4 175.3   90
c - 1619.6  148116   694826   1350631   50339  30324 17053   6 16.3 175.7   90
c [simplification-18] limit hit at 1366177 conflicts
c [simplification-18] no simplification penalty
c [ternres-18] limit 40000000 with penalty 0 = 0 + 0
c [ternres-18] all 148116 free variables schedulable
c [ternres-18] 270 ternary resolvents (1 bin, 269 trn)
c [ternres-18] fully completed ternary resolution
c T 1628.5  148116   694826   1366177   65824  30332 17374   5 16.4 175.8  105
c [gauss-18] limit 3125000 penalty 4 = 4 + 0
c [gauss-18] extracted 588 xors of average arity 3.0
c [gauss-18] connected 1762 occurrences of 991 variables (average 1.8)
c [gauss-18] limit 3125000 penalty 4 = 4 + 0
c [gauss-18] fully completed
c [gauss-18] exported 0 unary, 0 binary and 0 ternary equations
c 
c  seconds         irredundant          redundant clauses agility   height
c          variables clauses conflicts large binary ternary    glue         MB
c 
c G 1628.9  148116   694826   1366177   65824  30332 17374   5 16.4 175.8   81
c d 1629.3  148114   694826   1366177   65824  30328 17373   5 16.4 175.8   81
c [basicprobe-18] limit 50000000 penalty 1 = 1 + 0
c [basicprobe-18-0] 5468 sched 4%, 0 failed, 0 lifted, 598 hbrs
c [basicprobe-18-1] 8009 sched 5%, 0 failed, 0 lifted, 261 hbrs
c [basicprobe-18-2] 5558 probes remain 4% after last round
c [basicprobe-18-2] removed 0 variables, found 890 hbrs
c p 1633.4  148114   694826   1366177   65824  31218 17157   5 16.4 175.8   96
c [cgrclsr-18] limit 876196 based on 1752392 irredundant literals
c [cgrclsr-18] all 148114 free variables schedulable
c [cgrclsr-18] fully completed congruence closure
c [lift-18] limit 1250000 with penalty 4 = 4 + 0
c [lift-18] using 147734 probes 100%
c [lift-18] 147713 variables remain 100% (401 retained)
c [cliff-18] limit of 6250000 steps penalty 4 = 4 + 0
c [cliff-18] failed 0, lifted 0
c [unhide-18] limit 20000000 with penalty 0 = 0 + 0
c [unhide-18-68] 0 units, 0 failed, 1206 tauts, 0 hbrs, 115762 literals
c u 1639.0  148114   694595   1366177   65533  30468 17206   5 16.4 175.8   96
c [transred-35] limit 2000000 with penalty 0 = 0 + 0
c t 1639.2  148114   694595   1366177   65533  30463 17206   5 16.4 175.8   96
c [block-18] scheduling all variables this time
c [block-18] scheduled 148114 variables 100%
c [block-18] limit of 38253832 steps penalty 4 = 4 + 0
c [block-18] fully completed blocked clause elimination
c [block-18] transition to [ all 0 rem 0 ] state
c [block-18] eliminated 0 blocked clauses
c [cce-18] 138959 variables 94% will be scheduled this time
c [cce-18] limit of 183618398 steps penalty 0 = 0 + 0
c [cce-18] 134379 variables 91% remain to be tried next time
c [cce-18] transition to [ all 0 rem 1 ] state
c [cce-18] eliminated 3202 covered clauses
c E 1646.2  148114   691393   1366177   65533  33668 17206   5 16.4 175.8   80
c [elim-18] 63477 variables 43% will be scheduled this time
c [elim-18] scheduled 63477 variables 43%
c [elim-18] limit of 100000000 steps penalty 0 = 0 + 0
c [elim-18] fully completed variable elimination
c [elim-18] transition to [ all 0 rem 0 ] state
c [elim-18] eliminated 4 = 0% variables out of 148114
c e 1653.3  148110   691391   1366177   65533  33661 17206   5 16.4 175.8   80
c [simplification-18] removed 6 variables 0%
c [simplification-18] no reduction of limit increments
c [simplification-18] arithmetic increase of conflict limit interval by 10000
c [simplification-18] new irredundant limit 6597399
c [simplification-18] new conflict limit 1536534
c - 1703.0  148110   691391   1402249   50511  33764 17676   7 16.3 175.8   90
c - 1769.1  148110   691391   1455595   51504  33900 18289   3 16.3 176.3   90
c - 1802.3  148110   691391   1510527   52501  33939 19680   2 16.1 176.4   90
c [simplification-19] limit hit at 1536534 conflicts
c [simplification-19] no simplification penalty
c [ternres-19] limit 40000000 with penalty 0 = 0 + 0
c [ternres-19] all 148110 free variables schedulable
c [ternres-19] 213 ternary resolvents (0 bin, 213 trn)
c [ternres-19] fully completed ternary resolution
c T 1834.3  148110   691391   1536534   78167  34023 20142   2 16.1 176.8  103
c [gauss-19] limit 3125000 penalty 4 = 4 + 0
c [gauss-19] extracted 554 xors of average arity 3.0
c [gauss-19] connected 1659 occurrences of 1364 variables (average 1.2)
c [gauss-19] limit 3125000 penalty 4 = 4 + 0
c [gauss-19] fully completed
c [gauss-19] exported 0 unary, 0 binary and 0 ternary equations
c G 1834.8  148110   691391   1536534   78167  34023 20142   2 16.1 176.8   80
c d 1835.2  148107   691391   1536534   78167  34016 20140   2 16.1 176.8   80
c [basicprobe-19] limit 25000000 penalty 2 = 2 + 0
c [basicprobe-19-0] 5559 sched 4%, 0 failed, 0 lifted, 444 hbrs
c [basicprobe-19-1] 5684 probes remain 4% after last round
c [basicprobe-19-1] removed 1 variables, found 483 hbrs
c p 1837.2  148106   691391   1536534   78167  34497 19993   2 16.1 176.8   95
c [cgrclsr-19] limit 872610 based on 1745221 irredundant literals
c [cgrclsr-19] all 148106 free variables schedulable
c [cgrclsr-19] fully completed congruence closure
c [lift-19] limit 1250000 with penalty 4 = 4 + 0
c [lift-19] using 147705 probes 100%
c [lift-19] 147681 variables remain 100% (425 retained)
c [cliff-19] limit of 6250000 steps penalty 4 = 4 + 0
c [cliff-19] failed 0, lifted 0
c [unhide-19] limit 20000000 with penalty 0 = 0 + 0
c [unhide-19-73] 0 units, 0 failed, 713 tauts, 0 hbrs, 102848 literals
c u 1842.5  148106   691196   1536534   77973  34130 20009   2 16.1 176.8   95
c [transred-37] limit 2000000 with penalty 0 = 0 + 0
c t 1842.7  148106   691196   1536534   77973  34126 20009   2 16.1 176.8   95
c [block-19] scheduling all variables this time
c [block-19] scheduled 148106 variables 100%
c [block-19] limit of 43434637 steps penalty 4 = 4 + 0
c [block-19] fully completed blocked clause elimination
c [block-19] transition to [ all 0 rem 0 ] state
c [block-19] eliminated 0 blocked clauses
c [cce-19] scheduling all variables this time
c [cce-19] limit of 200000000 steps penalty 0 = 0 + 0
c [cce-19] 133365 variables 90% remain to be tried next time
c [cce-19] transition to [ all 1 rem 1 ] state
c [cce-19] eliminated 248 covered clauses
c E 1850.6  148106   690948   1536534   77973  34388 20007   2 16.1 176.8   79
c [elim-19] scheduling all variables this time
c [elim-19] scheduled 148106 variables 100%
c [elim-19] limit of 100000000 steps penalty 0 = 0 + 0
c [elim-19] incomplete variable elimination 915 not tried 1%
c [elim-19] transition to [ all 1 rem 1 ] state
c [elim-19] eliminated 2677 = 2% variables out of 148106
c e 1866.5  145429   688491   1536534   76346  31215 19821   2 16.1 176.8   79
c [simplification-19] removed 2681 variables 1%
c [simplification-19] no reduction of limit increments
c [simplification-19] arithmetic increase of conflict limit interval by 10000
c [simplification-19] new irredundant limit 6597399
c [simplification-19] new conflict limit 1716891
c - 1903.8  145429   688491   1567699   53502  31279 20197   4 16.1 177.2   90
c - 1969.7  145429   688491   1624341   55099  31367 20765   4 16.1 177.4   91
c - 2040.9  145429   688491   1681434   56003  31485 21421   2 16.0 177.4   91
c [simplification-20] limit hit at 1716891 conflicts
c [simplification-20] no simplification penalty
c [ternres-20] limit 40000000 with penalty 0 = 0 + 0
c [ternres-20] all 145429 free variables schedulable
c [ternres-20] 265 ternary resolvents (0 bin, 265 trn)
c [ternres-20] fully completed ternary resolution
c T 2080.1  145429   688491   1716891   91077  31559 21983   4 16.0 177.5  108
c [gauss-20] limit 3125000 penalty 4 = 4 + 0
c [gauss-20] extracted 578 xors of average arity 3.0
c [gauss-20] connected 1730 occurrences of 1380 variables (average 1.3)
c [gauss-20] limit 3125000 penalty 4 = 4 + 0
c [gauss-20] fully completed
c [gauss-20] exported 0 unary, 0 binary and 0 ternary equations
c G 2080.6  145429   688491   1716891   91077  31559 21983   4 16.0 177.5   84
c 
c  seconds         irredundant          redundant clauses agility   height
c          variables clauses conflicts large binary ternary    glue         MB
c 
c d 2081.0  145428   688491   1716891   91077  31557 21983   4 16.0 177.5   84
c [basicprobe-20] limit 50000000 penalty 1 = 1 + 0
c [basicprobe-20-0] 5684 sched 4%, 0 failed, 0 lifted, 727 hbrs
c [basicprobe-20-1] 8009 sched 6%, 0 failed, 0 lifted, 248 hbrs
c [basicprobe-20-2] 6153 probes remain 4% after last round
c [basicprobe-20-2] removed 0 variables, found 997 hbrs
c p 2085.2  145428   688491   1716891   91077  32554 21765   4 16.0 177.5  100
c [cgrclsr-20] limit 872581 based on 1745163 irredundant literals
c [cgrclsr-20] all 145428 free variables schedulable
c [cgrclsr-20] fully completed congruence closure
c [lift-20] limit 1250000 with penalty 4 = 4 + 0
c [lift-20] using 145011 probes 100%
c [lift-20] 144977 variables remain 100% (451 retained)
c [cliff-20] limit of 6250000 steps penalty 4 = 4 + 0
c [cliff-20] failed 0, lifted 0
c [unhide-20] limit 20000000 with penalty 0 = 0 + 0
c [unhide-20-78] 0 units, 0 failed, 1126 tauts, 0 hbrs, 166846 literals
c u 2091.7  145428   688238   1716891   90843  31922 21744   4 16.0 177.5  100
c [transred-39] limit 2000000 with penalty 0 = 0 + 0
c t 2091.9  145428   688238   1716891   90843  31917 21744   4 16.0 177.5  100
c [block-20] scheduling all variables this time
c [block-20] scheduled 145428 variables 100%
c [block-20] limit of 49482584 steps penalty 4 = 4 + 0
c [block-20] fully completed blocked clause elimination
c [block-20] transition to [ all 0 rem 0 ] state
c [block-20] eliminated 0 blocked clauses
c [cce-20] 133338 variables 92% will be scheduled this time
c [cce-20] limit of 200000000 steps penalty 0 = 0 + 0
c [cce-20] 128831 variables 89% remain to be tried next time
c [cce-20] transition to [ all 0 rem 1 ] state
c [cce-20] eliminated 3320 covered clauses
c E 2099.3  145428   684918   1716891   90843  35238 21743   4 16.0 177.5   84
c [elim-20] 915 variables 1% will be scheduled this time
c [elim-20] scheduled 915 variables 1%
c [elim-20] limit of 100000000 steps penalty 0 = 0 + 0
c [elim-20] fully completed variable elimination
c [elim-20] transition to [ all 0 rem 0 ] state
c [elim-20] eliminated 0 = 0% variables out of 145428
c e 2099.7  145428   684918   1716891   90843  35238 21743   4 16.0 177.5   84
c [simplification-20] removed 1 variables 0%
c [simplification-20] no reduction of limit increments
c [simplification-20] arithmetic increase of conflict limit interval by 10000
c [simplification-20] new irredundant limit 6597399
c [simplification-20] new conflict limit 1907248
c - 2133.6  145428   684918   1739591   56805  35288 21995   4 15.9 177.2   92
c 1 2146.0  145428   684918   1764628   81790  35288 22039   8 16.2 177.6  113
c 
c  seconds         irredundant          redundant clauses agility   height
c          variables clauses conflicts large binary ternary    glue         MB
c 
c blkd: 20 bces, 7200 removed, 34476268 resolutions, 96667957 steps
c blkd: 7200 blocking literals 1%, 0 pure
c cces: 20 cces, 16420 eliminated, 16420 ate 100%, 0 abce 0%
c cces: 162666 probed, 30 lifted, 54 failed
c clff: 20 cliffs, 12 lifted, 3 failed
c clff: 19979 decisions, 127071335 steps
c clls: 1 sat, 0 simp, 0 freeze, 0 melt
c clls: 5920640 add, 0 assume,, 0 deref, 0 failed
c clls: 0 cassume, 0 mosat
c coll: 115 gcs, 0 rescored clauses
c cgrs: 20 count, 47796074 esteps, 4812208 csteps
c cgrs: 15 eqs, 0 units
c cgrs: 0 matched (0 ands 0%, 0 xors 0%, 0 ites 0%)
c cgrs: 0 simplified (0 ands 0%, 0 xors 0%, 0 ites 0%)
c cgrs: 55805 extracted (52197 ands 94%, 3608 xors 6%, 0 ites 0%)
c dcps: 57 decompositions, 186073 equivalent 31%
c decs: 15220086 decision, 15246 random 0.100%
c decs: 4578165 flipped 30.080% (in 6798 phases)
c elms: 20 elims, 24540 eliminated 4%
c elms: 24540 small 100%, 0 large 0%
c elms: 1068928 tried small, 24540 succeeded 2%, 1044388 failed 98%
c elms: 573 subsumed, 46 strengthened, 0 blocked
c elms: 22359396 copies, 15992351 resolutions, 42320078 ipos
c elms: 4961591 subchks, 243950 strchks
c frcs: 0 computed, 2.3 - 97.7 average min-cut range
c gaus: 20 extractions, 43656 extracted, 2.1 size, 3 max
c gaus: exported 0 units, 0 binary and 0 ternary equations
c gaus: 0 gc, 66435732 steps, 33217866 extr 50%, 793596 elim 1%
c glue: 16.2 avg, 4.0 scaled avg
c glue: 283 maxredglue=15 (0%)
c lift: 20 phases, 2827 probed (944 level1 33%, 1883 level2 67%)
c lift: 0 units, 0 equivalences, 7 implications
c hbrs: 117259 hbrs = 117259 trn 100% + 0 lrg 0%, 4318 sub 4%
c lrnd: 1763344 clauses, 943737 uips 54%, 79.9 length, 16.2 glue
c ints: 49149 luby (13246418 steps), 0 inout (0 steps)
c mins: 140859483 learned lits, 22% minimized
c move: moved 23620, 16420 binary 70%, 7200 ternary 30%
c otfs: str 12666 dyn (12326 red, 340 irr) 1284 drv 10%, 11382 rst 90%
c otfs: sub 39 dyn (39 red, 0 irr)
c phas: 3 computed, 59813 set, 5141 pos (9%), 54672 neg (91%)
c prbs: 20 basic, 596994 probed, 20 failed, 0 lifted
c prps: 6477561929 props, 402 props/dec
c prps: 94% srch, 6% simp, 0% lkhd
c psns: 882550851 searches, 96664578 hits, 11% hit rate
c queu: 17166016 new, 6504200 del, 120 maximum priority
c queu: 10661771 merged, 10659158 collected, 1077 gcs
c queu: 1776010 deprioritized, 47.9 lines on average
c reds: 57 count, 0 reset, 54 acts 95%, 0 exp 0%
c reds: 57 arithmetic 100%, 57 double 100%
c rmbd: 541 removed, 279 red 52%
c rsts: 48727 restarts 99%, 421 skipped 1%
c rsts: 5228 kept 10.7% average 17.4%
c simp: 20 count (0 ilim 0%, 0 plim 0%, 20 clim 100%)
c trnr: 20 count, 28 bin, 4052 trn, 313665083 steps
c tops: 244804 fixed 41%, 0 iterations
c trds: 40 transitive reductions, 167 removed, 0 failed
c trds: 10250 nodes, 14017 edges, 33894591 steps
c unhd: 20 count, 78 rounds, 331510469 steps
c unhd: 98 non-trivial sccs of average size 2.0
c unhd: 1 units, 1 bin, 0 trn, 0 lrg
c unhd: 12 failed, 12 stamp, 0 lits, 0 bin, 0 trn, 0 lrg
c unhd: 143103 tauts, 41 bin 0%, 8700 trn 6%, 1925 lrg 1%
c unhd: 143103 tauts, 132437 stamp 93%, 61760 red 43%
c unhd: 0 hbrs, 0 trn 0%, 0 lrg 0%, 0 red 0%
c unhd: 2150692 strd, 1 bin 0%, 692 trn 0%, 2149999 lrg 100%, 2150638 red 100%
c vars: 145428 remaining 24% and 455417 removed 76% out of 600845
c vars: 244804 fixed 41%, 24540 eliminated 4%, 186073 equivalent 31%
c vsts: 42438178567 visits, 96% srch, 4% simp, 0% lkhd
c vsts: 6.6 search visits per propagation 23003.4 per conflict
c wchs: 2900801520 pushed, 135332745 enlarged, 232 defrags
c 
c scaledglue  added       reduced       forcing      resolved     conflicts
c 
c all   1727994 100   1623390 100  58960732 100  10291521 100    536099 100
c 
c  0          0   0         0   0         0   0         0   0         0   0 
c  1       4171   0      3585   0    626399   1     56385   1      2465   0 
c  2     259053  15    235152  14  31018872  53   3210138  31    148174  28 
c  3     574238  33    528838  33  22406673  38<  4085658  40<   215301  40<
c  4     372024  22<   360642  22<  2954625   5   1413987  14     84635  16 
c  5     207972  12    201560  12   1015929   2    677343   7     39294   7 
c  6     127421   7    122690   8    445925   1    368499   4     20437   4 
c  7      77133   4     73213   5    251525   0    218757   2     11342   2 
c  8      49694   3     46603   3    121839   0    125763   1      6994   1 
c  9      32627   2     29776   2     69710   0     79542   1      4058   1 
c 10      11888   1     10819   1     24227   0     27771   0      1694   0 
c 11       5352   0      4898   0     11142   0     12677   0       792   0 
c 12       4008   0      3530   0      9464   0      9890   0       616   0 
c 13       1847   0      1810   0      3482   0      4259   0       255   0 
c 14        283   0       274   0       637   0       694   0        41   0 
c 15        283   0         0   0       283   0       158   0         1   0 
c 
c avg             4.1           4.1           2.6           3.3           3.4
c std             1.8           1.8           0.9           1.5           1.5
c 
c 15220086 decisions, 1764628 conflicts, 822.3 conflicts/sec
c 6477561929 propagations, 3.0 megaprops/sec
c 2146.1 seconds, 173.3 MB
c 
c  302.763  14% analysis
c    9.073   0% block
c   25.250   1% bump
c    0.000   0% card
c   58.572   3% cce
c    5.056   0% cliff
c    0.036   0% cutwidth
c   16.365   1% decide
c    0.000   0% force
c   19.433   1% gc
c   10.001   0% cgrclsr
c   21.937   1% decomp
c    6.424   0% defrag
c  120.072   6% elim
c    6.908   0% gauss
c    7.204   0% lift
c   71.220   3% mincls
c    0.220   0% phase
c   76.685   4% probe
c    2.040   0% reduce
c   77.773   4% restart
c    3.924   0% ternres
c    3.908   0% transred
c   58.476   3% unhide
c ==================================
c    0.048   0% preprocessing     0%
c  371.499  17% inprocessing    100%
c ==================================
c  371.547  17% simplifying
c    0.000   0% lookahead
c 1774.479  83% search
c ==================================
c 2146.062 100% all
c
s SATISFIABLE
