WARNING: for repeatability, setting FPU to use double precision
============================[ Problem Statistics ]=============================
|                                                                             |
|  Number of variables:        633632                                         |
|  Number of clauses:         1610430                                         |
|  Parse time:                   0.50 s                                       |
|                                                                             |
============================[ Search Statistics ]==============================
| Conflicts |          ORIGINAL         |          LEARNT          | Progress |
|           |    Vars  Clauses Literals |    Limit  Clauses Lit/Cl |          |
===============================================================================
|       100 |  373196  1569264  3512124 |   575396      100     12 | 41.102 % |
|       250 |  373196  1569264  3512124 |   632936      250     67 | 41.102 % |
|       475 |  373196  1569264  3512124 |   696230      475     47 | 41.102 % |
|       812 |  373196  1569264  3512124 |   765853      812     38 | 41.102 % |
|      1318 |  373196  1569264  3512124 |   842438     1318     35 | 41.102 % |
|      2077 |  373196  1569264  3512124 |   926682     2077     35 | 41.102 % |
|      3216 |  373196  1569264  3512124 |  1019350     3216     56 | 41.102 % |
|      4924 |  373196  1569264  3512124 |  1121285     4924     48 | 41.102 % |
|      7486 |  373196  1569264  3512124 |  1233414     7486     59 | 41.102 % |
|     11330 |  373196  1569264  3512124 |  1356755    11330     56 | 41.102 % |
|     17096 |  373196  1569264  3512124 |  1492431    17096     67 | 41.102 % |
|     25745 |  373196  1569264  3512124 |  1641674    25745     94 | 41.102 % |
|     38719 |  373196  1569264  3512124 |  1805841    38719     91 | 41.102 % |
|     58180 |  373196  1569264  3512124 |  1986425    58180    103 | 41.102 % |
|     87372 |  373196  1569264  3512124 |  2185068    87372    104 | 41.102 % |
===============================================================================
restarts              : 286
conflicts             : 109651         (609 /sec)
decisions             : 848714         (0.00 % random) (4710 /sec)
propagations          : 617448095      (3426626 /sec)
conflict literals     : 12214036       (16.04 % deleted)
Memory used           : 207.00 MB
CPU time              : 180.191 s

SATISFIABLE
