WARNING: for repeatability, setting FPU to use double precision
============================[ Problem Statistics ]=============================
|                                                                             |
|  Number of variables:        623898                                         |
|  Number of clauses:         1572136                                         |
|  Parse time:                   0.51 s                                       |
|                                                                             |
============================[ Search Statistics ]==============================
| Conflicts |          ORIGINAL         |          LEARNT          | Progress |
|           |    Vars  Clauses Literals |    Limit  Clauses Lit/Cl |          |
===============================================================================
|       100 |  365082  1529357  3425396 |   560764      100     16 | 41.484 % |
|       250 |  365082  1529357  3425396 |   616840      250     15 | 41.484 % |
|       475 |  365082  1529357  3425396 |   678524      475     16 | 41.484 % |
|       812 |  365082  1529357  3425396 |   746377      812     54 | 41.484 % |
|      1318 |  365082  1529357  3425396 |   821014     1318     46 | 41.484 % |
|      2077 |  365082  1529357  3425396 |   903116     2077     40 | 41.484 % |
|      3216 |  365082  1529357  3425396 |   993428     3216     47 | 41.484 % |
|      4924 |  365082  1529357  3425396 |  1092770     4924     48 | 41.484 % |
|      7486 |  365082  1529357  3425396 |  1202047     7486     61 | 41.484 % |
|     11330 |  365082  1529357  3425396 |  1322252    11330     75 | 41.484 % |
|     17096 |  365082  1529357  3425396 |  1454478    17096    101 | 41.484 % |
|     25745 |  365082  1529357  3425396 |  1599925    25745    107 | 41.484 % |
|     38719 |  365082  1529357  3425396 |  1759918    38719    113 | 41.484 % |
|     58180 |  365070  1529304  3425277 |  1935910    58131    130 | 41.486 % |
|     87372 |  365066  1529285  3425233 |  2129501    87313    140 | 41.486 % |
|    131161 |  365062  1529266  3425189 |  2342451   131047    163 | 41.487 % |
|    196845 |  365054  1529228  3425101 |  2576696   196701    164 | 41.488 % |
|    295371 |  365038  1529152  3424925 |  2834366   294872    160 | 41.491 % |
|    443160 |  364234  1526705  3419262 |  3117802   421630    161 | 41.620 % |
===============================================================================
restarts              : 1022
conflicts             : 443218         (589 /sec)
decisions             : 1953419        (0.00 % random) (2596 /sec)
propagations          : 2122369500     (2820098 /sec)
conflict literals     : 68710612       (30.62 % deleted)
Memory used           : 486.00 MB
CPU time              : 752.587 s

UNSATISFIABLE
